Total chunks: 100
Nodes x chunk: 1
Total nodes: 10
Active nodes: 10
Started playbacks: 10
Not started playbacks node-ids: []
Playbacks time-window: 950
Missing chunks distribution [missed-chunks/nodes]: {85=1, 69=1, 84=1, 70=1, 86=1, 80=2, 83=1, 92=1, 73=1}
Rejected chunks for ttl expiration [chunk-id/nodes]: 99 {1=5, 2=8, 3=9, 4=8, 5=9, 6=5, 7=8, 8=6, 9=8, 10=8, 11=8, 12=9, 13=6, 14=8, 15=6, 17=9, 16=5, 19=9, 18=8, 21=8, 20=4, 23=7, 22=8, 25=8, 24=7, 27=9, 26=8, 29=8, 28=8, 31=8, 30=9, 34=7, 35=5, 32=9, 33=9, 38=8, 39=8, 36=7, 37=8, 42=8, 43=8, 40=7, 41=7, 46=7, 47=8, 44=8, 45=7, 51=8, 50=8, 49=7, 48=7, 55=8, 54=8, 53=8, 52=8, 59=7, 58=8, 57=9, 56=8, 63=8, 62=7, 61=9, 60=9, 68=9, 69=8, 70=8, 71=9, 64=7, 65=8, 66=9, 67=8, 76=8, 77=7, 78=8, 79=7, 72=6, 73=6, 74=6, 75=8, 85=7, 84=8, 87=8, 86=7, 81=9, 80=8, 83=8, 82=7, 93=5, 92=7, 95=8, 94=7, 89=9, 88=8, 91=8, 90=9, 98=8, 99=8, 96=9, 97=8}
Rejected chunks for capacity limit [chunk-id/nodes]: 0 {}
Avg # of unsent chunk for max-retries: 0.0
Min # of unsent chunk for max-retries: 0.0
Max # of unsent chunk for max-retries: 0.0
Avg # of unsent chunk-reqs for max-retries: 0.3
Min # of unsent chunk-reqs for max-retries: 0.0
Max # of unsent chunk-reqs for max-retries: 3.0
Avg % of chunks received by Pastry: 29.6
Min % of chunks received by Pastry: 11.0
Max % of chunks received by Pastry: 40.0
StD of chunks received by Pastry: 8.54010148261326
Var of chunks received by Pastry: 72.9333333333332
Avg % of chunks received by StarStream: 69.7
Min % of chunks received by StarStream: 60.0
Max % of chunks received by StarStream: 88.0
StD of chunks received by StarStream: 8.472832400613653
Var of chunks received by StarStream: 71.78888888888852
[MOJO] Startup Delay: 251.8
[MOJO] Latency: 2.2498478835978832
Min of perceived avg chunk delivery-time: 0.8666666666666667
Max of perceived avg chunk delivery-time: 4.407407407407407
Variance of perceived avg chunk delivery-time: 1.3246772596126948
StD of perceived avg chunk delivery-time: 1.150946245318475
Avg messages sent per node: 201.9
Min messages sent per node: 101.0
Max messages sent per node: 318.0
Variance of messages sent per node: 4749.877777777778
StD of messages sent per node: 68.91935706155259
Nodes with incomplete playbacks: 10
[MOJO] Packet Loss: 82.3
Min % of not played chunks: 69.0
Max % of not played chunks: 99.0
Not played chunks [chunk-id/nodes]: {1=6, 2=8, 3=9, 4=8, 5=9, 6=8, 7=8, 8=7, 9=9, 10=8, 11=8, 12=10, 13=9, 14=8, 15=8, 17=10, 16=9, 19=9, 18=8, 21=9, 20=7, 23=7, 22=8, 25=8, 24=8, 27=9, 26=8, 29=9, 28=8, 31=8, 30=9, 34=8, 35=9, 32=9, 33=9, 38=9, 39=9, 36=9, 37=8, 42=8, 43=8, 40=7, 41=8, 46=8, 47=8, 44=8, 45=8, 51=8, 50=8, 49=7, 48=8, 55=8, 54=8, 53=8, 52=8, 59=9, 58=9, 57=9, 56=8, 63=8, 62=7, 61=9, 60=10, 68=9, 69=8, 70=8, 71=9, 64=8, 65=8, 66=10, 67=8, 76=9, 77=8, 78=8, 79=8, 72=8, 73=8, 74=7, 75=8, 85=8, 84=9, 87=8, 86=9, 81=9, 80=9, 83=9, 82=8, 93=8, 92=7, 95=8, 94=8, 89=10, 88=8, 91=8, 90=9, 98=8, 99=9, 96=9, 97=8}
Avg distance between not played chunks: 1.2054151265907327
Min distance between not played chunks: 1.0
Max distance between not played chunks: 1.4411764705882353

