Total chunks: 100
Nodes x chunk: 1
Total nodes: 10
Active nodes: 10
Started playbacks: 10
Not started playbacks node-ids: []
Playbacks time-window: 125
Missing chunks distribution [missed-chunks/nodes]: {50=1, 49=1, 55=1, 64=1, 66=1, 59=2, 43=1, 46=1, 47=1}
Rejected chunks for ttl expiration [chunk-id/nodes]: 98 {0=1, 1=4, 2=3, 3=2, 4=4, 5=3, 6=5, 7=3, 9=5, 10=3, 11=3, 12=5, 13=6, 14=7, 15=5, 17=3, 16=7, 19=7, 18=5, 20=8, 23=2, 22=5, 25=3, 24=3, 27=1, 26=4, 29=6, 28=8, 31=6, 30=7, 34=4, 35=3, 32=7, 33=2, 38=8, 39=4, 36=7, 37=6, 42=5, 43=8, 40=5, 41=3, 46=7, 47=2, 44=3, 45=7, 51=8, 50=7, 49=6, 48=5, 55=7, 54=4, 53=6, 52=5, 59=5, 58=4, 57=7, 56=2, 63=3, 62=3, 61=2, 60=6, 68=7, 69=5, 70=4, 71=6, 64=4, 65=5, 66=5, 67=3, 76=4, 77=6, 78=5, 79=6, 72=8, 73=7, 74=5, 75=7, 85=6, 84=5, 87=7, 86=3, 81=7, 80=1, 83=6, 82=7, 93=4, 92=6, 95=3, 94=4, 89=5, 88=8, 91=4, 90=7, 98=6, 99=3, 96=7, 97=6}
Rejected chunks for capacity limit [chunk-id/nodes]: 0 {}
bandwidthUtilUp: 0.0032974163910020663
bandwidthUtilDown: 0.0017260442368106528
Avg # of unsent chunk for max-retries: 0.0
Min # of unsent chunk for max-retries: 0.0
Max # of unsent chunk for max-retries: 0.0
Avg # of unsent chunk-reqs for max-retries: 1.7
Min # of unsent chunk-reqs for max-retries: 0.0
Max # of unsent chunk-reqs for max-retries: 7.0
Avg % of chunks received by Pastry: 16.6
Min % of chunks received by Pastry: 4.0
Max % of chunks received by Pastry: 29.0
StD of chunks received by Pastry: 6.96339636161039
Var of chunks received by Pastry: 48.488888888888816
Avg % of chunks received by StarStream: 82.5
Min % of chunks received by StarStream: 70.0
Max % of chunks received by StarStream: 95.0
StD of chunks received by StarStream: 6.996030620605134
Var of chunks received by StarStream: 48.94444444444465
[NONMOJO] Startup Delay: 50.5
[MOJO] Startup Delay: 113.8
[MOJO] Latency: 6.121344526145769
Min of perceived avg chunk delivery-time: 5.277777777777778
Max of perceived avg chunk delivery-time: 7.82
Variance of perceived avg chunk delivery-time: 0.5854447815111049
StD of perceived avg chunk delivery-time: 0.7651436345622337
Avg messages sent per node: 746.4
Min messages sent per node: 556.0
Max messages sent per node: 940.0
Variance of messages sent per node: 23743.37777777782
StD of messages sent per node: 154.08886325032648
Nodes with incomplete playbacks: 10
[MOJO] Continuity Index: 37.4
[MOJO] Packet Loss: 62.6
Min % of not played chunks: 43.0
Max % of not played chunks: 99.0
Not played chunks [chunk-id/nodes]: {1=7, 2=4, 3=3, 4=7, 5=5, 6=5, 7=5, 8=7, 9=7, 10=4, 11=5, 12=5, 13=7, 14=7, 15=6, 17=4, 16=7, 19=8, 18=8, 21=8, 20=8, 23=5, 22=7, 25=4, 24=5, 27=4, 26=5, 29=7, 28=8, 31=6, 30=7, 34=4, 35=3, 32=8, 33=6, 38=8, 39=6, 36=8, 37=6, 42=5, 43=9, 40=6, 41=5, 46=8, 47=6, 44=5, 45=7, 51=9, 50=7, 49=7, 48=7, 55=7, 54=5, 53=6, 52=7, 59=6, 58=7, 57=9, 56=6, 63=6, 62=5, 61=4, 60=6, 68=7, 69=6, 70=6, 71=8, 64=5, 65=7, 66=7, 67=5, 76=6, 77=7, 78=6, 79=7, 72=9, 73=7, 74=6, 75=8, 85=7, 84=6, 87=8, 86=7, 81=8, 80=3, 83=6, 82=7, 93=5, 92=7, 95=7, 94=6, 89=7, 88=9, 91=5, 90=7, 98=7, 99=5, 96=7, 97=6}
Avg distance between not played chunks: 1.6598034362402179
Min distance between not played chunks: 1.0
Max distance between not played chunks: 2.2857142857142856

HELPING PEERS LOG

[HELPING] Active nodes: 0
[HELPING] Started playbacks: 0
[HELPING] Not started playbacks node-ids: []
[HELPING] Playbacks time-window: -9223372036854775807
[HELPING] Missing chunks distribution [missed-chunks/nodes]: {}
[HELPING] Rejected chunks for ttl expiration [chunk-id/nodes]: 0 {}
[HELPING] Rejected chunks for capacity limit [chunk-id/nodes]: 0 {}
[HELPING] bandwidthUtilUp: NaN
[HELPING] bandwidthUtilDown: NaN
[HELPING] Avg # of unsent chunk for max-retries: NaN
[HELPING] Min # of unsent chunk for max-retries: Infinity
[HELPING] Max # of unsent chunk for max-retries: -Infinity
[HELPING] Avg # of unsent chunk-reqs for max-retries: NaN
[HELPING] Min # of unsent chunk-reqs for max-retries: Infinity
[HELPING] Max # of unsent chunk-reqs for max-retries: -Infinity
[HELPING] Avg % of chunks received by Pastry: NaN
[HELPING] Min % of chunks received by Pastry: Infinity
[HELPING] Max % of chunks received by Pastry: -Infinity
[HELPING] StD of chunks received by Pastry: 0.0
[HELPING] Var of chunks received by Pastry: 0.0
[HELPING] Avg % of chunks received by StarStream: NaN
[HELPING] Min % of chunks received by StarStream: Infinity
[HELPING] Max % of chunks received by StarStream: -Infinity
[HELPING] StD of chunks received by StarStream: 0.0
[HELPING] Var of chunks received by StarStream: 0.0
[HELPING] Latency: NaN
[HELPING] Min of perceived avg chunk delivery-time: Infinity
[HELPING] Max of perceived avg chunk delivery-time: -Infinity
[HELPING] Variance of perceived avg chunk delivery-time: 0.0
[HELPING] StD of perceived avg chunk delivery-time: 0.0
[HELPING] Avg messages sent per node: NaN
[HELPING] Min messages sent per node: Infinity
[HELPING] Max messages sent per node: -Infinity
[HELPING] Variance of messages sent per node: 0.0
[HELPING] StD of messages sent per node: 0.0
[HELPING] Nodes with incomplete playbacks: 0
[HELPING] Packet Loss: NaN
[HELPING] Min % of not played chunks: Infinity
[HELPING] Max % of not played chunks: -Infinity
[HELPING] Not played chunks [chunk-id/nodes]: {}
[HELPING] Avg distance between not played chunks: NaN
[HELPING] Min distance between not played chunks: Infinity
[HELPING] Max distance between not played chunks: -Infinity

