Total chunks: 100
Nodes x chunk: 1
Total nodes: 10
Active nodes: 10
Started playbacks: 10
Not started playbacks node-ids: []
Playbacks time-window: 130
Missing chunks distribution [missed-chunks/nodes]: {51=1, 53=1, 36=1, 42=4, 41=1, 46=1, 29=1}
Rejected chunks for ttl expiration [chunk-id/nodes]: 99 {1=1, 2=5, 3=4, 4=4, 5=6, 6=3, 7=4, 8=5, 9=5, 10=4, 11=2, 12=3, 13=4, 14=5, 15=6, 17=4, 16=8, 19=1, 18=3, 21=3, 20=3, 23=2, 22=3, 25=6, 24=4, 27=4, 26=6, 29=2, 28=6, 31=7, 30=6, 34=5, 35=2, 32=2, 33=4, 38=4, 39=2, 36=3, 37=2, 42=4, 43=3, 40=5, 41=3, 46=3, 47=6, 44=6, 45=3, 51=4, 50=4, 49=6, 48=3, 55=4, 54=4, 53=4, 52=7, 59=5, 58=6, 57=4, 56=6, 63=6, 62=5, 61=5, 60=4, 68=1, 69=6, 70=4, 71=1, 64=4, 65=4, 66=3, 67=4, 76=3, 77=2, 78=2, 79=5, 72=5, 73=2, 74=3, 75=6, 85=2, 84=4, 87=3, 86=6, 81=6, 80=6, 83=5, 82=4, 93=3, 92=6, 95=4, 94=3, 89=7, 88=5, 91=4, 90=3, 98=6, 99=4, 96=7, 97=5}
Rejected chunks for capacity limit [chunk-id/nodes]: 0 {}
bandwidthUtilUp: 0.0047812375249500685
bandwidthUtilDown: 0.002823233532934152
Avg # of unsent chunk for max-retries: 0.0
Min # of unsent chunk for max-retries: 0.0
Max # of unsent chunk for max-retries: 0.0
Avg # of unsent chunk-reqs for max-retries: 0.5
Min # of unsent chunk-reqs for max-retries: 0.0
Max # of unsent chunk-reqs for max-retries: 3.0
Avg % of chunks received by Pastry: 11.0
Min % of chunks received by Pastry: 5.0
Max % of chunks received by Pastry: 22.0
StD of chunks received by Pastry: 5.962847939999439
Var of chunks received by Pastry: 35.55555555555556
Avg % of chunks received by StarStream: 88.0
Min % of chunks received by StarStream: 77.0
Max % of chunks received by StarStream: 94.0
StD of chunks received by StarStream: 5.962847939999439
Var of chunks received by StarStream: 35.55555555555556
[MOJO] Startup Delay: 65.3
[MOJO] Latency: 6.196271631064983
Min of perceived avg chunk delivery-time: 5.154929577464789
Max of perceived avg chunk delivery-time: 8.375
Variance of perceived avg chunk delivery-time: 0.9054437197135694
StD of perceived avg chunk delivery-time: 0.9515480648467367
Avg messages sent per node: 1131.1
Min messages sent per node: 988.0
Max messages sent per node: 1350.0
Variance of messages sent per node: 14735.877777778078
StD of messages sent per node: 121.3914238230118
Nodes with incomplete playbacks: 10
[MOJO] Packet Loss: 49.9
Min % of not played chunks: 41.0
Max % of not played chunks: 99.0
Not played chunks [chunk-id/nodes]: {1=2, 2=6, 3=5, 4=4, 5=6, 6=4, 7=5, 8=6, 9=5, 10=4, 11=4, 12=4, 13=7, 14=5, 15=7, 17=5, 16=8, 19=2, 18=3, 21=4, 20=4, 23=4, 22=5, 25=7, 24=5, 27=5, 26=6, 29=3, 28=6, 31=7, 30=6, 34=6, 35=3, 32=3, 33=5, 38=6, 39=4, 36=4, 37=3, 42=4, 43=4, 40=6, 41=4, 46=4, 47=6, 44=6, 45=4, 51=5, 50=4, 49=6, 48=5, 55=4, 54=5, 53=5, 52=7, 59=5, 58=7, 57=5, 56=8, 63=8, 62=6, 61=5, 60=5, 68=2, 69=7, 70=5, 71=2, 64=5, 65=5, 66=6, 67=5, 76=4, 77=2, 78=3, 79=8, 72=7, 73=3, 74=4, 75=7, 85=3, 84=6, 87=4, 86=6, 81=6, 80=6, 83=6, 82=5, 93=4, 92=6, 95=5, 94=4, 89=7, 88=7, 91=4, 90=5, 98=6, 99=5, 96=7, 97=6}
Avg distance between not played chunks: 2.103140087554722
Min distance between not played chunks: 1.0
Max distance between not played chunks: 2.4

