Total chunks: 100
Nodes x chunk: 1
Total nodes: 20
Active nodes: 10
Started playbacks: 10
Not started playbacks node-ids: []
Playbacks time-window: 107
Missing chunks distribution [missed-chunks/nodes]: {64=1, 55=1, 54=1, 53=1, 58=1, 57=1, 56=1, 46=1, 62=1, 61=1}
Rejected chunks for ttl expiration [chunk-id/nodes]: 93 {0=3, 1=3, 2=5, 3=2, 4=2, 5=3, 6=7, 7=5, 8=4, 9=6, 10=2, 11=5, 13=2, 14=2, 15=1, 17=6, 16=7, 19=5, 18=5, 21=4, 20=2, 23=3, 22=3, 25=7, 24=5, 27=7, 26=6, 29=5, 28=3, 31=6, 30=1, 34=5, 35=7, 32=6, 33=5, 38=4, 39=3, 36=7, 37=4, 42=8, 43=8, 41=9, 46=1, 47=7, 44=6, 45=4, 51=4, 50=8, 49=6, 48=9, 55=5, 54=6, 53=6, 59=6, 58=7, 57=9, 56=6, 63=1, 62=9, 60=3, 68=3, 69=7, 70=5, 71=8, 64=5, 66=4, 67=4, 76=7, 77=6, 78=7, 79=7, 72=4, 73=7, 74=8, 75=5, 85=6, 84=6, 87=4, 81=6, 80=7, 83=4, 82=7, 92=3, 95=8, 94=4, 89=3, 88=9, 91=5, 90=8, 98=7, 99=7, 96=3, 97=6}
Rejected chunks for capacity limit [chunk-id/nodes]: 0 {}
bandwidthUtilUp: 0.0036146285207362904
bandwidthUtilDown: 0.002137046097669619
Avg # of unsent chunk for max-retries: 0.0
Min # of unsent chunk for max-retries: 0.0
Max # of unsent chunk for max-retries: 0.0
Avg # of unsent chunk-reqs for max-retries: 0.5
Min # of unsent chunk-reqs for max-retries: 0.0
Max # of unsent chunk-reqs for max-retries: 3.0
Avg % of chunks received by Pastry: 11.7
Min % of chunks received by Pastry: 5.0
Max % of chunks received by Pastry: 22.0
StD of chunks received by Pastry: 5.334374898294604
Var of chunks received by Pastry: 28.455555555555573
Avg % of chunks received by StarStream: 87.3
Min % of chunks received by StarStream: 77.0
Max % of chunks received by StarStream: 94.0
StD of chunks received by StarStream: 5.334374898294664
Var of chunks received by StarStream: 28.455555555556202
[NONMOJO] Startup Delay: 58.0
[MOJO] Startup Delay: -102.8
[MOJO] Latency: 6.620546031155348
Min of perceived avg chunk delivery-time: 5.439024390243903
Max of perceived avg chunk delivery-time: 8.466666666666667
Variance of perceived avg chunk delivery-time: 0.9414320828603293
StD of perceived avg chunk delivery-time: 0.9702742307514558
Avg messages sent per node: 941.4
Min messages sent per node: 725.0
Max messages sent per node: 1243.0
Variance of messages sent per node: 29857.822222222265
StD of messages sent per node: 172.7941614239968
Nodes with incomplete playbacks: 10
[MOJO] Continuity Index: 36.4
[MOJO] Packet Loss: 63.6
Min % of not played chunks: 53.0
Max % of not played chunks: 98.0
Not played chunks [chunk-id/nodes]: {1=4, 2=6, 3=4, 4=4, 5=3, 6=7, 7=5, 8=6, 9=6, 10=4, 11=5, 12=1, 13=3, 14=4, 15=2, 17=6, 16=8, 19=6, 18=6, 21=6, 20=3, 23=4, 22=4, 25=7, 24=6, 27=8, 26=7, 29=6, 28=3, 31=6, 30=3, 34=6, 35=7, 32=7, 33=6, 38=5, 39=3, 36=7, 37=6, 42=9, 43=8, 40=4, 41=9, 46=8, 47=7, 44=7, 45=8, 51=4, 50=8, 49=6, 48=9, 55=6, 54=6, 53=6, 52=10, 59=7, 58=9, 57=9, 56=6, 63=7, 62=10, 61=10, 60=6, 68=7, 69=7, 70=5, 71=8, 64=5, 65=10, 66=9, 67=5, 76=8, 77=7, 78=8, 79=9, 72=6, 73=7, 74=8, 75=7, 85=6, 84=7, 87=6, 86=10, 81=6, 80=7, 83=6, 82=8, 93=7, 92=4, 95=8, 94=5, 89=6, 88=9, 91=8, 90=8, 98=8, 99=8, 96=8, 97=6}
Avg distance between not played chunks: 1.5913781548512476
Min distance between not played chunks: 1.0103092783505154
Max distance between not played chunks: 1.8653846153846154

HELPING PEERS LOG

[HELPING] Active nodes: 0
[HELPING] Started playbacks: 0
[HELPING] Not started playbacks node-ids: []
[HELPING] Playbacks time-window: -9223372036854775807
[HELPING] Missing chunks distribution [missed-chunks/nodes]: {}
[HELPING] Rejected chunks for ttl expiration [chunk-id/nodes]: 0 {}
[HELPING] Rejected chunks for capacity limit [chunk-id/nodes]: 0 {}
[HELPING] bandwidthUtilUp: NaN
[HELPING] bandwidthUtilDown: NaN
[HELPING] Avg # of unsent chunk for max-retries: NaN
[HELPING] Min # of unsent chunk for max-retries: Infinity
[HELPING] Max # of unsent chunk for max-retries: -Infinity
[HELPING] Avg # of unsent chunk-reqs for max-retries: NaN
[HELPING] Min # of unsent chunk-reqs for max-retries: Infinity
[HELPING] Max # of unsent chunk-reqs for max-retries: -Infinity
[HELPING] Avg % of chunks received by Pastry: NaN
[HELPING] Min % of chunks received by Pastry: Infinity
[HELPING] Max % of chunks received by Pastry: -Infinity
[HELPING] StD of chunks received by Pastry: 0.0
[HELPING] Var of chunks received by Pastry: 0.0
[HELPING] Avg % of chunks received by StarStream: NaN
[HELPING] Min % of chunks received by StarStream: Infinity
[HELPING] Max % of chunks received by StarStream: -Infinity
[HELPING] StD of chunks received by StarStream: 0.0
[HELPING] Var of chunks received by StarStream: 0.0
[HELPING] Latency: NaN
[HELPING] Min of perceived avg chunk delivery-time: Infinity
[HELPING] Max of perceived avg chunk delivery-time: -Infinity
[HELPING] Variance of perceived avg chunk delivery-time: 0.0
[HELPING] StD of perceived avg chunk delivery-time: 0.0
[HELPING] Avg messages sent per node: NaN
[HELPING] Min messages sent per node: Infinity
[HELPING] Max messages sent per node: -Infinity
[HELPING] Variance of messages sent per node: 0.0
[HELPING] StD of messages sent per node: 0.0
[HELPING] Nodes with incomplete playbacks: 0
[HELPING] Packet Loss: NaN
[HELPING] Min % of not played chunks: Infinity
[HELPING] Max % of not played chunks: -Infinity
[HELPING] Not played chunks [chunk-id/nodes]: {}
[HELPING] Avg distance between not played chunks: NaN
[HELPING] Min distance between not played chunks: Infinity
[HELPING] Max distance between not played chunks: -Infinity

