Total chunks: 100
Nodes x chunk: 1
Total nodes: 10
Active nodes: 10
Started playbacks: 10
Not started playbacks node-ids: []
Playbacks time-window: 130
Missing chunks distribution [missed-chunks/nodes]: {34=1, 49=2, 48=1, 39=1, 36=1, 40=1, 41=1, 29=1, 45=1}
Rejected chunks for ttl expiration [chunk-id/nodes]: 99 {1=1, 2=4, 3=2, 4=3, 5=2, 6=4, 7=4, 8=5, 9=4, 10=5, 11=1, 12=5, 13=6, 14=1, 15=4, 17=3, 16=4, 19=5, 18=4, 21=6, 20=6, 23=3, 22=4, 25=6, 24=6, 27=5, 26=6, 29=2, 28=4, 31=4, 30=4, 34=4, 35=3, 32=7, 33=3, 38=4, 39=6, 36=6, 37=4, 42=3, 43=5, 40=2, 41=4, 46=3, 47=5, 44=4, 45=5, 51=5, 50=2, 49=5, 48=4, 55=3, 54=6, 53=4, 52=4, 59=2, 58=5, 57=5, 56=4, 63=4, 62=3, 61=3, 60=5, 68=5, 69=3, 70=5, 71=5, 64=4, 65=4, 66=5, 67=4, 76=6, 77=4, 78=5, 79=4, 72=5, 73=4, 74=5, 75=3, 85=5, 84=3, 87=4, 86=3, 81=3, 80=5, 83=3, 82=6, 93=4, 92=4, 95=5, 94=2, 89=7, 88=2, 91=3, 90=6, 98=5, 99=5, 96=2, 97=1}
Rejected chunks for capacity limit [chunk-id/nodes]: 0 {}
bandwidthUtilUp: 0.004962608117099101
bandwidthUtilDown: 0.002925269461077867
Avg # of unsent chunk for max-retries: 0.0
Min # of unsent chunk for max-retries: 0.0
Max # of unsent chunk for max-retries: 0.0
Avg # of unsent chunk-reqs for max-retries: 0.5
Min # of unsent chunk-reqs for max-retries: 0.0
Max # of unsent chunk-reqs for max-retries: 4.0
Avg % of chunks received by Pastry: 11.9
Min % of chunks received by Pastry: 3.0
Max % of chunks received by Pastry: 26.0
StD of chunks received by Pastry: 8.089087299153924
Var of chunks received by Pastry: 65.43333333333332
Avg % of chunks received by StarStream: 87.1
Min % of chunks received by StarStream: 73.0
Max % of chunks received by StarStream: 96.0
StD of chunks received by StarStream: 8.08908729915401
Var of chunks received by StarStream: 65.43333333333472
[MOJO] Startup Delay: 65.3
[MOJO] Latency: 6.22672606277812
Min of perceived avg chunk delivery-time: 4.783333333333333
Max of perceived avg chunk delivery-time: 7.705882352941177
Variance of perceived avg chunk delivery-time: 0.7655011328076948
StD of perceived avg chunk delivery-time: 0.8749292158841736
Avg messages sent per node: 1174.4
Min messages sent per node: 979.0
Max messages sent per node: 1426.0
Variance of messages sent per node: 28320.04444444423
StD of messages sent per node: 168.2856037943954
Nodes with incomplete playbacks: 10
[MOJO] Packet Loss: 49.3
Min % of not played chunks: 34.0
Max % of not played chunks: 98.0
Not played chunks [chunk-id/nodes]: {1=2, 2=6, 3=2, 4=4, 5=3, 6=5, 7=6, 8=6, 9=4, 10=5, 11=6, 12=6, 13=6, 14=2, 15=6, 17=4, 16=4, 19=6, 18=5, 21=7, 20=7, 23=5, 22=5, 25=7, 24=7, 27=5, 26=6, 29=3, 28=5, 31=4, 30=5, 34=5, 35=4, 32=7, 33=4, 38=5, 39=7, 36=6, 37=6, 42=4, 43=5, 40=2, 41=5, 46=4, 47=6, 44=4, 45=5, 51=6, 50=3, 49=6, 48=6, 55=4, 54=7, 53=6, 52=4, 59=3, 58=6, 57=6, 56=5, 63=5, 62=4, 61=5, 60=6, 68=6, 69=4, 70=5, 71=6, 64=5, 65=6, 66=6, 67=5, 76=7, 77=5, 78=7, 79=5, 72=5, 73=5, 74=6, 75=3, 85=6, 84=3, 87=5, 86=4, 81=4, 80=6, 83=4, 82=6, 93=5, 92=5, 95=5, 94=3, 89=7, 88=2, 91=4, 90=6, 98=6, 99=5, 96=4, 97=2}
Avg distance between not played chunks: 2.12059499551962
Min distance between not played chunks: 1.0103092783505154
Max distance between not played chunks: 2.8484848484848486

