Total chunks: 100
Nodes x chunk: 1
Total nodes: 10
Active nodes: 10
Started playbacks: 10
Not started playbacks node-ids: []
Playbacks time-window: 300
Missing chunks distribution [missed-chunks/nodes]: {51=2, 49=1, 59=1, 58=2, 57=2, 62=1, 45=1}
Rejected chunks for ttl expiration [chunk-id/nodes]: 98 {1=2, 2=7, 3=5, 4=3, 5=4, 6=8, 7=5, 8=4, 9=5, 10=6, 11=4, 12=7, 13=7, 14=4, 15=4, 17=3, 16=6, 19=3, 18=7, 21=4, 20=2, 23=7, 22=4, 25=3, 24=5, 27=4, 26=6, 29=3, 28=5, 31=4, 30=5, 34=3, 35=5, 32=4, 33=5, 38=6, 39=3, 36=2, 37=2, 42=7, 43=1, 40=3, 41=6, 46=6, 47=4, 44=5, 45=6, 50=6, 49=3, 48=7, 55=5, 54=5, 53=7, 52=4, 59=5, 58=7, 57=5, 56=4, 63=5, 62=7, 61=8, 60=8, 68=5, 69=8, 70=8, 71=6, 64=5, 65=8, 66=6, 67=7, 76=6, 77=7, 78=6, 79=7, 72=2, 73=4, 74=7, 75=6, 85=7, 84=6, 87=7, 86=8, 81=5, 80=6, 83=6, 82=5, 93=5, 92=7, 95=6, 94=6, 89=8, 88=5, 91=9, 90=5, 98=5, 99=7, 96=5, 97=9}
Rejected chunks for capacity limit [chunk-id/nodes]: 0 {}
bandwidthUtilUp: 0.0033416439765393087
bandwidthUtilDown: 0.0018108171430209514
Avg # of unsent chunk for max-retries: 0.0
Min # of unsent chunk for max-retries: 0.0
Max # of unsent chunk for max-retries: 0.0
Avg # of unsent chunk-reqs for max-retries: 0.2
Min # of unsent chunk-reqs for max-retries: 0.0
Max # of unsent chunk-reqs for max-retries: 1.0
Avg % of chunks received by Pastry: 13.9
Min % of chunks received by Pastry: 5.0
Max % of chunks received by Pastry: 27.0
StD of chunks received by Pastry: 6.674162452656097
Var of chunks received by Pastry: 44.54444444444445
Avg % of chunks received by StarStream: 85.1
Min % of chunks received by StarStream: 72.0
Max % of chunks received by StarStream: 94.0
StD of chunks received by StarStream: 6.6741624526561845
Var of chunks received by StarStream: 44.54444444444562
[NONMOJO] Startup Delay: 80.4
[MOJO] Startup Delay: 149.3
[MOJO] Latency: 5.383202870552032
Min of perceived avg chunk delivery-time: 4.604651162790698
Max of perceived avg chunk delivery-time: 6.166666666666667
Variance of perceived avg chunk delivery-time: 0.29225057025145973
StD of perceived avg chunk delivery-time: 0.5406020442538668
Avg messages sent per node: 779.1
Min messages sent per node: 643.0
Max messages sent per node: 1029.0
Variance of messages sent per node: 12213.211111110997
StD of messages sent per node: 110.51339788057825
Nodes with incomplete playbacks: 10
[MOJO] Continuity Index: 37.7
[MOJO] Packet Loss: 62.3
Min % of not played chunks: 45.0
Max % of not played chunks: 99.0
Not played chunks [chunk-id/nodes]: {1=3, 2=8, 3=6, 4=5, 5=6, 6=8, 7=5, 8=5, 9=6, 10=7, 11=5, 12=7, 13=8, 14=4, 15=6, 17=4, 16=7, 19=5, 18=7, 21=5, 20=4, 23=7, 22=5, 25=4, 24=5, 27=5, 26=7, 29=5, 28=6, 31=4, 30=7, 34=5, 35=7, 32=5, 33=5, 38=7, 39=4, 36=5, 37=3, 42=8, 43=3, 40=6, 41=6, 46=7, 47=5, 44=5, 45=6, 51=9, 50=7, 49=4, 48=8, 55=5, 54=6, 53=8, 52=5, 59=6, 58=7, 57=6, 56=6, 63=6, 62=9, 61=9, 60=9, 68=6, 69=9, 70=8, 71=8, 64=6, 65=9, 66=6, 67=8, 76=7, 77=8, 78=7, 79=7, 72=3, 73=5, 74=9, 75=7, 85=7, 84=6, 87=8, 86=8, 81=6, 80=7, 83=6, 82=6, 93=6, 92=7, 95=6, 94=8, 89=8, 88=6, 91=9, 90=6, 98=6, 99=7, 96=5, 97=9}
Avg distance between not played chunks: 1.6585114542783745
Min distance between not played chunks: 1.0
Max distance between not played chunks: 2.2045454545454546

HELPING PEERS LOG

[HELPING] Active nodes: 0
[HELPING] Started playbacks: 0
[HELPING] Not started playbacks node-ids: []
[HELPING] Playbacks time-window: -9223372036854775807
[HELPING] Missing chunks distribution [missed-chunks/nodes]: {}
[HELPING] Rejected chunks for ttl expiration [chunk-id/nodes]: 0 {}
[HELPING] Rejected chunks for capacity limit [chunk-id/nodes]: 0 {}
[HELPING] bandwidthUtilUp: NaN
[HELPING] bandwidthUtilDown: NaN
[HELPING] Avg # of unsent chunk for max-retries: NaN
[HELPING] Min # of unsent chunk for max-retries: Infinity
[HELPING] Max # of unsent chunk for max-retries: -Infinity
[HELPING] Avg # of unsent chunk-reqs for max-retries: NaN
[HELPING] Min # of unsent chunk-reqs for max-retries: Infinity
[HELPING] Max # of unsent chunk-reqs for max-retries: -Infinity
[HELPING] Avg % of chunks received by Pastry: NaN
[HELPING] Min % of chunks received by Pastry: Infinity
[HELPING] Max % of chunks received by Pastry: -Infinity
[HELPING] StD of chunks received by Pastry: 0.0
[HELPING] Var of chunks received by Pastry: 0.0
[HELPING] Avg % of chunks received by StarStream: NaN
[HELPING] Min % of chunks received by StarStream: Infinity
[HELPING] Max % of chunks received by StarStream: -Infinity
[HELPING] StD of chunks received by StarStream: 0.0
[HELPING] Var of chunks received by StarStream: 0.0
[HELPING] Latency: NaN
[HELPING] Min of perceived avg chunk delivery-time: Infinity
[HELPING] Max of perceived avg chunk delivery-time: -Infinity
[HELPING] Variance of perceived avg chunk delivery-time: 0.0
[HELPING] StD of perceived avg chunk delivery-time: 0.0
[HELPING] Avg messages sent per node: NaN
[HELPING] Min messages sent per node: Infinity
[HELPING] Max messages sent per node: -Infinity
[HELPING] Variance of messages sent per node: 0.0
[HELPING] StD of messages sent per node: 0.0
[HELPING] Nodes with incomplete playbacks: 0
[HELPING] Packet Loss: NaN
[HELPING] Min % of not played chunks: Infinity
[HELPING] Max % of not played chunks: -Infinity
[HELPING] Not played chunks [chunk-id/nodes]: {}
[HELPING] Avg distance between not played chunks: NaN
[HELPING] Min distance between not played chunks: Infinity
[HELPING] Max distance between not played chunks: -Infinity

