Total chunks: 100
Nodes x chunk: 1
Total nodes: 10
Active nodes: 10
Started playbacks: 10
Not started playbacks node-ids: []
Playbacks time-window: 550
Missing chunks distribution [missed-chunks/nodes]: {50=1, 69=1, 55=1, 53=1, 42=2, 43=1, 57=1, 46=1, 45=1}
Rejected chunks for ttl expiration [chunk-id/nodes]: 98 {1=1, 2=3, 3=6, 4=4, 5=4, 6=6, 7=6, 8=6, 9=5, 10=7, 11=5, 12=6, 13=4, 14=5, 15=7, 17=5, 16=8, 19=6, 18=2, 21=2, 20=2, 23=4, 22=2, 25=4, 24=6, 27=4, 26=4, 29=6, 28=4, 31=4, 34=7, 35=5, 32=5, 33=5, 38=4, 39=3, 36=4, 37=5, 42=5, 43=6, 40=6, 41=5, 46=3, 47=8, 44=4, 45=7, 51=5, 50=4, 49=3, 48=3, 55=6, 54=5, 53=7, 52=2, 59=2, 58=5, 57=6, 56=5, 63=5, 62=3, 61=4, 60=8, 68=5, 69=6, 70=5, 71=3, 64=4, 65=4, 66=8, 67=6, 76=7, 77=7, 78=3, 79=7, 72=3, 73=3, 74=5, 75=5, 85=7, 84=5, 87=5, 86=2, 81=6, 80=7, 83=2, 82=7, 93=5, 92=5, 95=4, 94=8, 89=7, 88=7, 91=3, 90=4, 98=6, 99=7, 96=3, 97=4}
Rejected chunks for capacity limit [chunk-id/nodes]: 0 {}
bandwidthUtilUp: 0.002933784217279738
bandwidthUtilDown: 0.0015783087082512667
Avg # of unsent chunk for max-retries: 0.0
Min # of unsent chunk for max-retries: 0.0
Max # of unsent chunk for max-retries: 0.0
Avg # of unsent chunk-reqs for max-retries: 0.9
Min # of unsent chunk-reqs for max-retries: 0.0
Max # of unsent chunk-reqs for max-retries: 2.0
Avg % of chunks received by Pastry: 14.2
Min % of chunks received by Pastry: 3.0
Max % of chunks received by Pastry: 20.0
StD of chunks received by Pastry: 5.473166867139679
Var of chunks received by Pastry: 29.955555555555566
Avg % of chunks received by StarStream: 84.8
Min % of chunks received by StarStream: 79.0
Max % of chunks received by StarStream: 96.0
StD of chunks received by StarStream: 5.473166867139682
Var of chunks received by StarStream: 29.9555555555556
[NONMOJO] Startup Delay: 120.4
[MOJO] Startup Delay: 64.1
[MOJO] Latency: 5.846281242927654
Min of perceived avg chunk delivery-time: 4.67741935483871
Max of perceived avg chunk delivery-time: 7.2444444444444445
Variance of perceived avg chunk delivery-time: 0.5645284302759122
StD of perceived avg chunk delivery-time: 0.7513510699239818
Avg messages sent per node: 953.9
Min messages sent per node: 678.0
Max messages sent per node: 1167.0
Variance of messages sent per node: 27197.87777777787
StD of messages sent per node: 164.91779096803918
Nodes with incomplete playbacks: 10
[MOJO] Continuity Index: 36.1
[MOJO] Packet Loss: 63.9
Min % of not played chunks: 41.0
Max % of not played chunks: 99.0
Not played chunks [chunk-id/nodes]: {1=5, 2=6, 3=7, 4=6, 5=5, 6=8, 7=7, 8=7, 9=6, 10=8, 11=6, 12=7, 13=5, 14=5, 15=7, 17=7, 16=9, 19=7, 18=6, 21=6, 20=5, 23=6, 22=4, 25=7, 24=9, 27=5, 26=6, 29=6, 28=7, 31=5, 30=6, 34=8, 35=7, 32=8, 33=7, 38=5, 39=6, 36=6, 37=6, 42=8, 43=6, 40=6, 41=7, 46=4, 47=9, 44=4, 45=8, 51=8, 50=6, 49=6, 48=6, 55=6, 54=6, 53=9, 52=5, 59=4, 58=6, 57=7, 56=6, 63=7, 62=4, 61=6, 60=8, 68=7, 69=7, 70=6, 71=4, 64=7, 65=7, 66=8, 67=8, 76=9, 77=8, 78=6, 79=8, 72=5, 73=5, 74=7, 75=6, 85=8, 84=6, 87=6, 86=3, 81=7, 80=8, 83=4, 82=7, 93=7, 92=6, 95=7, 94=8, 89=9, 88=8, 91=6, 90=6, 98=7, 99=8, 96=5, 97=4}
Avg distance between not played chunks: 1.6862060350063306
Min distance between not played chunks: 1.0
Max distance between not played chunks: 2.45

HELPING PEERS LOG

[HELPING] Active nodes: 0
[HELPING] Started playbacks: 0
[HELPING] Not started playbacks node-ids: []
[HELPING] Playbacks time-window: -9223372036854775807
[HELPING] Missing chunks distribution [missed-chunks/nodes]: {}
[HELPING] Rejected chunks for ttl expiration [chunk-id/nodes]: 0 {}
[HELPING] Rejected chunks for capacity limit [chunk-id/nodes]: 0 {}
[HELPING] bandwidthUtilUp: NaN
[HELPING] bandwidthUtilDown: NaN
[HELPING] Avg # of unsent chunk for max-retries: NaN
[HELPING] Min # of unsent chunk for max-retries: Infinity
[HELPING] Max # of unsent chunk for max-retries: -Infinity
[HELPING] Avg # of unsent chunk-reqs for max-retries: NaN
[HELPING] Min # of unsent chunk-reqs for max-retries: Infinity
[HELPING] Max # of unsent chunk-reqs for max-retries: -Infinity
[HELPING] Avg % of chunks received by Pastry: NaN
[HELPING] Min % of chunks received by Pastry: Infinity
[HELPING] Max % of chunks received by Pastry: -Infinity
[HELPING] StD of chunks received by Pastry: 0.0
[HELPING] Var of chunks received by Pastry: 0.0
[HELPING] Avg % of chunks received by StarStream: NaN
[HELPING] Min % of chunks received by StarStream: Infinity
[HELPING] Max % of chunks received by StarStream: -Infinity
[HELPING] StD of chunks received by StarStream: 0.0
[HELPING] Var of chunks received by StarStream: 0.0
[HELPING] Latency: NaN
[HELPING] Min of perceived avg chunk delivery-time: Infinity
[HELPING] Max of perceived avg chunk delivery-time: -Infinity
[HELPING] Variance of perceived avg chunk delivery-time: 0.0
[HELPING] StD of perceived avg chunk delivery-time: 0.0
[HELPING] Avg messages sent per node: NaN
[HELPING] Min messages sent per node: Infinity
[HELPING] Max messages sent per node: -Infinity
[HELPING] Variance of messages sent per node: 0.0
[HELPING] StD of messages sent per node: 0.0
[HELPING] Nodes with incomplete playbacks: 0
[HELPING] Packet Loss: NaN
[HELPING] Min % of not played chunks: Infinity
[HELPING] Max % of not played chunks: -Infinity
[HELPING] Not played chunks [chunk-id/nodes]: {}
[HELPING] Avg distance between not played chunks: NaN
[HELPING] Min distance between not played chunks: Infinity
[HELPING] Max distance between not played chunks: -Infinity

