Total chunks: 100
Nodes x chunk: 1
Total nodes: 18
Active nodes: 10
Started playbacks: 10
Not started playbacks node-ids: []
Playbacks time-window: 107
Missing chunks distribution [missed-chunks/nodes]: {51=1, 80=1, 56=1, 63=1, 72=1, 62=2, 61=1, 60=2}
Rejected chunks for ttl expiration [chunk-id/nodes]: 99 {1=1, 2=5, 3=6, 4=6, 5=2, 6=2, 7=6, 8=7, 9=3, 10=6, 11=7, 12=6, 13=4, 14=6, 15=7, 17=1, 16=4, 19=3, 18=5, 21=6, 20=6, 23=5, 22=5, 25=7, 24=8, 27=8, 26=4, 29=5, 28=5, 31=5, 30=4, 34=6, 35=6, 32=6, 33=7, 38=7, 39=3, 36=6, 37=7, 42=7, 43=3, 40=8, 41=2, 46=6, 47=6, 44=8, 45=7, 51=10, 50=8, 49=5, 48=8, 55=7, 54=6, 53=6, 52=6, 59=1, 58=5, 57=6, 56=3, 63=4, 62=9, 61=8, 60=9, 68=5, 69=7, 70=6, 71=9, 64=6, 65=3, 66=6, 67=8, 76=6, 77=9, 78=7, 79=6, 72=8, 73=5, 74=5, 75=7, 85=7, 84=10, 87=9, 86=10, 81=5, 80=8, 83=8, 82=7, 93=3, 92=4, 95=6, 94=8, 89=6, 88=5, 91=9, 90=5, 98=6, 99=2, 96=9, 97=8}
Rejected chunks for capacity limit [chunk-id/nodes]: 0 {}
bandwidthUtilUp: 0.0022137094563457263
bandwidthUtilDown: 0.0011424047760967252
Avg # of unsent chunk for max-retries: 0.0
Min # of unsent chunk for max-retries: 0.0
Max # of unsent chunk for max-retries: 0.0
Avg # of unsent chunk-reqs for max-retries: 1.0
Min # of unsent chunk-reqs for max-retries: 0.0
Max # of unsent chunk-reqs for max-retries: 7.0
Avg % of chunks received by Pastry: 10.5
Min % of chunks received by Pastry: 2.0
Max % of chunks received by Pastry: 28.0
StD of chunks received by Pastry: 8.329999333066533
Var of chunks received by Pastry: 69.38888888888889
Avg % of chunks received by StarStream: 88.5
Min % of chunks received by StarStream: 71.0
Max % of chunks received by StarStream: 97.0
StD of chunks received by StarStream: 8.329999333066521
Var of chunks received by StarStream: 69.38888888888869
[NONMOJO] Startup Delay: 87.1
[MOJO] Startup Delay: 83.3
[MOJO] Latency: 44.92556653102017
Min of perceived avg chunk delivery-time: 4.85
Max of perceived avg chunk delivery-time: 201.0
Variance of perceived avg chunk delivery-time: 3191.2204895651503
StD of perceived avg chunk delivery-time: 56.49088855351056
Avg messages sent per node: 1107.6
Min messages sent per node: 529.0
Max messages sent per node: 1341.0
Variance of messages sent per node: 60036.71111111141
StD of messages sent per node: 245.0238990611149
Nodes with incomplete playbacks: 10
[MOJO] Continuity Index: 35.5
[MOJO] Packet Loss: 64.5
Min % of not played chunks: 51.0
Max % of not played chunks: 99.0
Not played chunks [chunk-id/nodes]: {1=2, 2=6, 3=6, 4=6, 5=3, 6=3, 7=7, 8=8, 9=3, 10=6, 11=7, 12=7, 13=4, 14=6, 15=7, 17=2, 16=7, 19=4, 18=5, 21=6, 20=7, 23=5, 22=5, 25=7, 24=8, 27=9, 26=5, 29=6, 28=6, 31=6, 30=5, 34=6, 35=6, 32=6, 33=8, 38=7, 39=3, 36=6, 37=8, 42=7, 43=7, 40=9, 41=6, 46=6, 47=6, 44=8, 45=8, 51=10, 50=8, 49=7, 48=8, 55=7, 54=6, 53=6, 52=6, 59=4, 58=5, 57=6, 56=4, 63=4, 62=9, 61=8, 60=9, 68=8, 69=7, 70=6, 71=9, 64=6, 65=4, 66=6, 67=8, 76=9, 77=9, 78=7, 79=7, 72=8, 73=5, 74=5, 75=7, 85=7, 84=10, 87=10, 86=10, 81=5, 80=9, 83=8, 82=7, 93=3, 92=7, 95=7, 94=8, 89=6, 88=6, 91=9, 90=6, 98=6, 99=3, 96=10, 97=9}
Avg distance between not played chunks: 1.55146401956757
Min distance between not played chunks: 1.0
Max distance between not played chunks: 1.9

HELPING PEERS LOG

[HELPING] Active nodes: 8
[HELPING] Started playbacks: 8
[HELPING] Not started playbacks node-ids: []
[HELPING] Playbacks time-window: 26
[HELPING] Missing chunks distribution [missed-chunks/nodes]: {64=1, 53=1, 56=2, 63=1, 61=1, 60=2}
[HELPING] Rejected chunks for ttl expiration [chunk-id/nodes]: 98 {2=4, 3=6, 4=5, 5=3, 6=4, 7=4, 8=6, 9=6, 10=5, 11=4, 12=4, 13=5, 14=6, 15=6, 17=4, 16=2, 19=3, 18=4, 21=4, 20=5, 23=6, 22=5, 25=4, 24=5, 27=6, 26=4, 29=6, 28=4, 31=5, 30=5, 34=5, 35=5, 32=3, 33=7, 38=5, 39=5, 36=4, 37=5, 42=3, 43=2, 40=5, 41=3, 46=3, 47=3, 44=6, 45=5, 51=6, 50=7, 49=3, 48=5, 55=4, 54=8, 53=4, 52=5, 59=3, 58=4, 57=3, 56=5, 63=4, 62=4, 61=5, 60=6, 68=5, 69=6, 70=7, 71=7, 64=6, 65=5, 66=2, 67=7, 76=4, 77=6, 78=4, 79=4, 72=6, 73=3, 74=6, 75=4, 85=6, 84=6, 87=4, 86=6, 81=4, 80=4, 83=6, 82=5, 93=5, 92=3, 95=4, 94=7, 89=5, 88=2, 91=3, 90=3, 98=6, 99=4, 96=5, 97=5}
[HELPING] Rejected chunks for capacity limit [chunk-id/nodes]: 0 {}
[HELPING] bandwidthUtilUp: 0.0040510489496457195
[HELPING] bandwidthUtilDown: 0.004438348916030258
[HELPING] Avg # of unsent chunk for max-retries: 0.0
[HELPING] Min # of unsent chunk for max-retries: 0.0
[HELPING] Max # of unsent chunk for max-retries: 0.0
[HELPING] Avg # of unsent chunk-reqs for max-retries: 0.375
[HELPING] Min # of unsent chunk-reqs for max-retries: 0.0
[HELPING] Max # of unsent chunk-reqs for max-retries: 2.0
[HELPING] Avg % of chunks received by Pastry: 11.375
[HELPING] Min % of chunks received by Pastry: 5.0
[HELPING] Max % of chunks received by Pastry: 17.0
[HELPING] StD of chunks received by Pastry: 4.533604683755678
[HELPING] Var of chunks received by Pastry: 20.553571428571427
[HELPING] Avg % of chunks received by StarStream: 87.625
[HELPING] Min % of chunks received by StarStream: 82.0
[HELPING] Max % of chunks received by StarStream: 94.0
[HELPING] StD of chunks received by StarStream: 4.533604683755678
[HELPING] Var of chunks received by StarStream: 20.553571428571427
[HELPING] Latency: 6.192110837862461
[HELPING] Min of perceived avg chunk delivery-time: 5.2
[HELPING] Max of perceived avg chunk delivery-time: 7.0256410256410255
[HELPING] Variance of perceived avg chunk delivery-time: 0.4967918052848696
[HELPING] StD of perceived avg chunk delivery-time: 0.7048345942736278
[HELPING] Avg messages sent per node: 882.875
[HELPING] Min messages sent per node: 550.0
[HELPING] Max messages sent per node: 1371.0
[HELPING] Variance of messages sent per node: 79590.98214285714
[HELPING] StD of messages sent per node: 282.11873766706304
[HELPING] Nodes with incomplete playbacks: 8
[HELPING] Packet Loss: 59.125
[HELPING] Min % of not played chunks: 53.0
[HELPING] Max % of not played chunks: 64.0
[HELPING] Not played chunks [chunk-id/nodes]: {2=4, 3=6, 4=5, 5=3, 6=4, 7=4, 8=6, 9=6, 10=5, 11=4, 12=4, 13=5, 14=6, 15=6, 17=4, 16=3, 19=3, 18=4, 21=4, 20=5, 23=6, 22=5, 25=4, 24=5, 27=6, 26=4, 29=6, 28=4, 31=5, 30=5, 34=5, 35=5, 32=3, 33=7, 38=5, 39=5, 36=4, 37=5, 42=3, 43=3, 40=5, 41=5, 46=3, 47=3, 44=6, 45=5, 51=6, 50=7, 49=3, 48=5, 55=4, 54=8, 53=4, 52=5, 59=4, 58=4, 57=3, 56=5, 63=4, 62=4, 61=5, 60=6, 68=7, 69=6, 70=7, 71=7, 64=6, 65=5, 66=2, 67=7, 76=6, 77=6, 78=4, 79=4, 72=6, 73=3, 74=6, 75=4, 85=6, 84=6, 87=4, 86=6, 81=4, 80=4, 83=6, 82=5, 93=5, 92=5, 95=4, 94=7, 89=5, 88=4, 91=3, 90=3, 98=6, 99=4, 96=5, 97=5}
[HELPING] Avg distance between not played chunks: 1.6475580616607135
[HELPING] Min distance between not played chunks: 1.492063492063492
[HELPING] Max distance between not played chunks: 1.8653846153846154

