Total chunks: 100
Nodes x chunk: 1
Total nodes: 10
Active nodes: 10
Started playbacks: 10
Not started playbacks node-ids: []
Playbacks time-window: 130
Missing chunks distribution [missed-chunks/nodes]: {49=1, 48=1, 25=1, 40=1, 41=3, 29=1, 44=1, 45=1}
Rejected chunks for ttl expiration [chunk-id/nodes]: 96 {1=1, 2=5, 3=2, 4=2, 5=7, 6=4, 7=7, 8=2, 9=5, 10=5, 11=1, 12=5, 13=4, 14=7, 15=3, 17=7, 16=5, 19=5, 18=7, 21=5, 23=3, 22=4, 25=4, 24=3, 27=4, 26=4, 29=4, 28=4, 31=2, 30=2, 34=2, 35=2, 32=3, 33=3, 38=6, 39=4, 36=2, 37=5, 42=4, 43=4, 40=6, 41=4, 46=4, 47=5, 44=6, 45=5, 51=3, 50=4, 49=6, 48=4, 55=5, 54=4, 53=9, 52=5, 59=2, 58=3, 57=4, 56=3, 63=3, 62=4, 61=3, 60=3, 69=3, 70=5, 71=3, 64=5, 65=1, 66=6, 67=4, 76=5, 77=4, 78=3, 79=3, 72=5, 73=5, 74=5, 75=4, 85=2, 84=3, 87=6, 86=3, 81=3, 80=4, 83=7, 82=5, 92=3, 95=5, 94=4, 89=3, 88=3, 91=6, 90=4, 98=1, 99=2, 96=6, 97=4}
Rejected chunks for capacity limit [chunk-id/nodes]: 0 {}
bandwidthUtilUp: 0.004912707917498306
bandwidthUtilDown: 0.002906107784431161
Avg # of unsent chunk for max-retries: 0.0
Min # of unsent chunk for max-retries: 0.0
Max # of unsent chunk for max-retries: 0.0
Avg # of unsent chunk-reqs for max-retries: 0.0
Min # of unsent chunk-reqs for max-retries: 0.0
Max # of unsent chunk-reqs for max-retries: 0.0
Avg % of chunks received by Pastry: 11.2
Min % of chunks received by Pastry: 1.0
Max % of chunks received by Pastry: 25.0
StD of chunks received by Pastry: 7.627435858647243
Var of chunks received by Pastry: 58.17777777777781
Avg % of chunks received by StarStream: 87.8
Min % of chunks received by StarStream: 74.0
Max % of chunks received by StarStream: 98.0
StD of chunks received by StarStream: 7.627435858647283
Var of chunks received by StarStream: 58.177777777778424
[MOJO] Startup Delay: 65.3
[MOJO] Latency: 6.132328183073257
Min of perceived avg chunk delivery-time: 5.140845070422535
Max of perceived avg chunk delivery-time: 7.896551724137931
Variance of perceived avg chunk delivery-time: 0.7906143315904046
StD of perceived avg chunk delivery-time: 0.8891649630920039
Avg messages sent per node: 1160.1
Min messages sent per node: 1001.0
Max messages sent per node: 1405.0
Variance of messages sent per node: 27606.76666666702
StD of messages sent per node: 166.15284128376203
Nodes with incomplete playbacks: 10
[MOJO] Packet Loss: 49.0
Min % of not played chunks: 40.0
Max % of not played chunks: 99.0
Not played chunks [chunk-id/nodes]: {1=2, 2=6, 3=2, 4=3, 5=8, 6=5, 7=9, 8=3, 9=6, 10=6, 11=2, 12=6, 13=4, 14=7, 15=3, 17=8, 16=6, 19=6, 18=7, 21=6, 20=4, 23=4, 22=5, 25=5, 24=3, 27=5, 26=5, 29=5, 28=6, 31=3, 30=3, 34=2, 35=3, 32=4, 33=4, 38=8, 39=5, 36=3, 37=5, 42=5, 43=5, 40=7, 41=4, 46=5, 47=5, 44=8, 45=5, 51=4, 50=5, 49=7, 48=6, 55=7, 54=6, 53=9, 52=6, 59=3, 58=3, 57=6, 56=5, 63=4, 62=4, 61=5, 60=3, 68=5, 69=4, 70=6, 71=4, 64=8, 65=3, 66=6, 67=4, 76=6, 77=5, 78=3, 79=4, 72=6, 73=5, 74=5, 75=6, 85=3, 84=4, 87=7, 86=4, 81=4, 80=5, 83=8, 82=5, 93=1, 92=4, 95=6, 94=5, 89=4, 88=5, 91=8, 90=5, 98=2, 99=4, 96=7, 97=5}
Avg distance between not played chunks: 2.1105650504331277
Min distance between not played chunks: 1.0
Max distance between not played chunks: 2.4

