Total chunks: 100
Nodes x chunk: 1
Total nodes: 10
Active nodes: 10
Started playbacks: 10
Not started playbacks node-ids: []
Playbacks time-window: 1350
Missing chunks distribution [missed-chunks/nodes]: {49=2, 48=1, 64=1, 55=1, 39=1, 92=1, 56=1, 63=1, 44=1}
Rejected chunks for ttl expiration [chunk-id/nodes]: 94 {1=4, 3=3, 4=5, 5=5, 6=6, 7=7, 8=6, 9=6, 10=7, 11=8, 12=6, 13=7, 14=6, 15=7, 17=5, 16=5, 19=5, 18=6, 21=5, 20=8, 23=4, 22=6, 25=4, 24=5, 26=6, 28=5, 31=2, 30=6, 34=6, 35=2, 32=3, 33=5, 38=5, 36=7, 37=3, 42=6, 43=4, 40=8, 41=3, 46=6, 47=4, 44=8, 45=7, 51=4, 50=7, 49=8, 48=5, 55=3, 54=8, 53=5, 52=6, 59=2, 58=7, 57=5, 56=7, 63=9, 62=3, 60=5, 68=5, 69=6, 70=4, 71=8, 64=6, 65=3, 66=3, 67=6, 76=6, 77=6, 78=4, 79=4, 72=4, 73=7, 74=4, 75=6, 85=6, 84=7, 87=6, 86=6, 81=5, 80=6, 83=6, 82=4, 93=6, 92=4, 95=5, 94=9, 89=4, 88=3, 91=5, 90=4, 98=3, 99=4, 96=6, 97=7}
Rejected chunks for capacity limit [chunk-id/nodes]: 0 {}
Avg # of unsent chunk for max-retries: 0.0
Min # of unsent chunk for max-retries: 0.0
Max # of unsent chunk for max-retries: 0.0
Avg # of unsent chunk-reqs for max-retries: 1.0
Min # of unsent chunk-reqs for max-retries: 0.0
Max # of unsent chunk-reqs for max-retries: 6.0
Avg % of chunks received by Pastry: 14.2
Min % of chunks received by Pastry: 0.0
Max % of chunks received by Pastry: 33.0
StD of chunks received by Pastry: 8.891943919451286
Var of chunks received by Pastry: 79.06666666666669
Avg % of chunks received by StarStream: 84.9
Min % of chunks received by StarStream: 66.0
Max % of chunks received by StarStream: 100.0
StD of chunks received by StarStream: 9.073159439920659
Var of chunks received by StarStream: 82.32222222222137
[MOJO] avg playback start:223.5
Perceived avg chunk delivery-time: 5.008816945632267
Min of perceived avg chunk delivery-time: 0.0
Max of perceived avg chunk delivery-time: 6.232558139534884
Variance of perceived avg chunk delivery-time: 3.2265755039350217
StD of perceived avg chunk delivery-time: 1.7962671026144807
Avg messages sent per node: 535.9
Min messages sent per node: 136.0
Max messages sent per node: 776.0
Variance of messages sent per node: 35370.9888888889
StD of messages sent per node: 188.07176526232985
Nodes with incomplete playbacks: 10
Avg % of not played chunks: 61.0
Min % of not played chunks: 39.0
Max % of not played chunks: 98.0
Not played chunks [chunk-id/nodes]: {1=7, 2=5, 3=4, 4=6, 5=5, 6=7, 7=7, 8=7, 9=6, 10=7, 11=8, 12=7, 13=8, 14=6, 15=8, 17=5, 16=5, 19=6, 18=7, 21=5, 20=9, 23=5, 22=7, 25=5, 24=6, 27=9, 26=8, 29=8, 28=7, 31=3, 30=6, 34=6, 35=3, 32=4, 33=6, 38=5, 39=7, 36=8, 37=4, 42=6, 43=5, 40=8, 41=4, 46=7, 47=6, 44=8, 45=7, 51=4, 50=8, 49=9, 48=6, 55=4, 54=8, 53=6, 52=8, 59=3, 58=7, 57=6, 56=8, 63=9, 62=5, 61=6, 60=5, 68=6, 69=6, 70=6, 71=8, 64=7, 65=4, 66=5, 67=7, 76=7, 77=7, 78=5, 79=6, 72=5, 73=7, 74=5, 75=6, 85=8, 84=7, 87=6, 86=7, 81=5, 80=6, 83=7, 82=4, 93=7, 92=5, 95=6, 94=9, 89=5, 88=4, 91=5, 90=5, 98=3, 99=6, 96=6, 97=7}
Avg distance between not played chunks: 1.737815691182142
Min distance between not played chunks: 1.0103092783505154
Max distance between not played chunks: 2.5526315789473686

