Total chunks: 100
Nodes x chunk: 1
Total nodes: 20
Active nodes: 10
Started playbacks: 10
Not started playbacks node-ids: []
Playbacks time-window: 124
Missing chunks distribution [missed-chunks/nodes]: {0=4, 1=4, 2=1, 6=1}
Rejected chunks for ttl expiration [chunk-id/nodes]: 6 {1=1, 84=1, 99=2, 78=2, 74=3, 90=1}
Rejected chunks for capacity limit [chunk-id/nodes]: 0 {}
bandwidthUtilUp: 0.010732255845105808
bandwidthUtilDown: 0.005798993535333511
Avg # of unsent chunk for max-retries: 0.0
Min # of unsent chunk for max-retries: 0.0
Max # of unsent chunk for max-retries: 0.0
Avg # of unsent chunk-reqs for max-retries: 0.7
Min # of unsent chunk-reqs for max-retries: 0.0
Max # of unsent chunk-reqs for max-retries: 4.0
Avg % of chunks received by Pastry: 10.8
Min % of chunks received by Pastry: 3.0
Max % of chunks received by Pastry: 16.0
StD of chunks received by Pastry: 4.516635916254484
Var of chunks received by Pastry: 20.399999999999984
Avg % of chunks received by StarStream: 88.2
Min % of chunks received by StarStream: 83.0
Max % of chunks received by StarStream: 96.0
StD of chunks received by StarStream: 4.516635916254446
Var of chunks received by StarStream: 20.399999999999636
[NONMOJO] Startup Delay: 61.9
[MOJO] Startup Delay: 72.1
[MOJO] Latency: 10.12445440510182
Min of perceived avg chunk delivery-time: 8.868686868686869
Max of perceived avg chunk delivery-time: 11.323232323232324
Variance of perceived avg chunk delivery-time: 0.4634044623234483
StD of perceived avg chunk delivery-time: 0.6807381745748128
Avg messages sent per node: 4843.9
Min messages sent per node: 3304.0
Max messages sent per node: 5936.0
Variance of messages sent per node: 748614.7666666699
StD of messages sent per node: 865.2252693181526
Nodes with incomplete playbacks: 7
[MOJO] Continuity Index: 64.3
[MOJO] Packet Loss: 35.7
Min % of not played chunks: 0.0
Max % of not played chunks: 99.0
Not played chunks [chunk-id/nodes]: {1=4, 2=3, 3=3, 4=4, 5=3, 6=3, 7=3, 8=2, 9=4, 10=4, 11=3, 12=5, 13=4, 14=2, 15=4, 17=4, 16=3, 19=3, 18=3, 21=4, 20=4, 23=3, 22=5, 25=4, 24=4, 27=3, 26=2, 29=3, 28=3, 31=4, 30=3, 34=3, 35=3, 32=2, 33=3, 38=4, 39=4, 36=3, 37=3, 42=3, 43=3, 40=3, 41=4, 46=3, 47=4, 44=3, 45=4, 51=5, 50=3, 49=5, 48=4, 55=5, 54=3, 53=3, 52=3, 59=5, 58=3, 57=4, 56=3, 63=4, 62=5, 61=4, 60=4, 68=3, 69=3, 70=5, 71=4, 64=3, 65=3, 66=3, 67=3, 76=3, 77=3, 78=5, 79=4, 72=3, 73=5, 74=6, 75=4, 85=3, 84=5, 87=4, 86=4, 81=4, 80=3, 83=3, 82=4, 93=3, 92=4, 95=4, 94=3, 89=3, 88=2, 91=3, 90=5, 98=4, 99=6, 96=5, 97=4}
Avg distance between not played chunks: 6.723783209548904
Min distance between not played chunks: 1.0
Max distance between not played chunks: 24.5

HELPING PEERS LOG

[HELPING] Active nodes: 10
[HELPING] Started playbacks: 10
[HELPING] Not started playbacks node-ids: []
[HELPING] Playbacks time-window: 153
[HELPING] Missing chunks distribution [missed-chunks/nodes]: {0=3, 1=2, 2=1, 4=2, 5=1, 6=1}
[HELPING] Rejected chunks for ttl expiration [chunk-id/nodes]: 11 {51=2, 1=3, 2=1, 71=1, 92=1, 57=1, 78=4, 74=2, 45=2, 60=1, 90=2}
[HELPING] Rejected chunks for capacity limit [chunk-id/nodes]: 0 {}
[HELPING] bandwidthUtilUp: 0.01028864870506463
[HELPING] bandwidthUtilDown: 0.0056106692590259825
[HELPING] Avg # of unsent chunk for max-retries: 0.0
[HELPING] Min # of unsent chunk for max-retries: 0.0
[HELPING] Max # of unsent chunk for max-retries: 0.0
[HELPING] Avg # of unsent chunk-reqs for max-retries: 0.0
[HELPING] Min # of unsent chunk-reqs for max-retries: 0.0
[HELPING] Max # of unsent chunk-reqs for max-retries: 0.0
[HELPING] Avg % of chunks received by Pastry: 6.8
[HELPING] Min % of chunks received by Pastry: 0.0
[HELPING] Max % of chunks received by Pastry: 17.0
[HELPING] StD of chunks received by Pastry: 5.846176338238335
[HELPING] Var of chunks received by Pastry: 34.177777777777784
[HELPING] Avg % of chunks received by StarStream: 92.3
[HELPING] Min % of chunks received by StarStream: 82.0
[HELPING] Max % of chunks received by StarStream: 100.0
[HELPING] StD of chunks received by StarStream: 5.982381539896126
[HELPING] Var of chunks received by StarStream: 35.78888888888994
[HELPING] Startup Delay: 98.9
[HELPING] Latency: 10.525877273604477
[HELPING] Min of perceived avg chunk delivery-time: 9.457446808510639
[HELPING] Max of perceived avg chunk delivery-time: 11.404040404040405
[HELPING] Variance of perceived avg chunk delivery-time: 0.371426701783864
[HELPING] StD of perceived avg chunk delivery-time: 0.609447866337937
[HELPING] Avg messages sent per node: 5145.7
[HELPING] Min messages sent per node: 3179.0
[HELPING] Max messages sent per node: 6077.0
[HELPING] Variance of messages sent per node: 745991.7888888924
[HELPING] StD of messages sent per node: 863.7081618746533
[HELPING] Nodes with incomplete playbacks: 8
[HELPING] Packet Loss: 4.1
[HELPING] Min % of not played chunks: 0.0
[HELPING] Max % of not played chunks: 15.0
[HELPING] Not played chunks [chunk-id/nodes]: {1=3, 2=1, 70=1, 71=2, 67=1, 78=4, 79=1, 73=1, 74=2, 22=1, 92=2, 95=2, 89=1, 90=3, 38=1, 96=1, 43=1, 40=1, 45=2, 51=3, 49=2, 53=1, 59=1, 57=1, 62=1, 60=1}
[HELPING] Avg distance between not played chunks: 16.130952380952383
[HELPING] Min distance between not played chunks: 5.285714285714286
[HELPING] Max distance between not played chunks: 38.5

