Total chunks: 100
Nodes x chunk: 1
Total nodes: 11
Active nodes: 10
Started playbacks: 10
Not started playbacks node-ids: []
Playbacks time-window: 207
Missing chunks distribution [missed-chunks/nodes]: {34=1, 35=1, 32=1, 48=1, 33=1, 38=2, 36=1, 37=1, 44=1}
Rejected chunks for ttl expiration [chunk-id/nodes]: 97 {0=3, 1=2, 2=3, 3=3, 4=2, 6=3, 7=3, 8=4, 10=4, 11=1, 12=1, 13=3, 14=4, 17=5, 16=5, 19=2, 18=3, 21=5, 20=3, 23=4, 22=4, 25=3, 24=7, 27=4, 26=1, 29=6, 28=2, 31=2, 30=8, 34=3, 35=2, 32=3, 33=5, 38=5, 39=2, 36=2, 37=4, 42=3, 43=4, 40=3, 41=1, 46=4, 47=5, 44=1, 45=3, 51=5, 50=5, 49=4, 48=1, 55=7, 54=4, 53=4, 52=2, 59=6, 58=6, 57=2, 56=1, 63=6, 62=6, 61=5, 60=1, 68=4, 69=1, 70=3, 71=4, 64=5, 65=3, 66=3, 67=4, 76=6, 77=2, 78=8, 79=3, 72=3, 73=4, 74=4, 75=3, 85=5, 84=6, 87=4, 86=3, 81=5, 80=3, 83=4, 82=4, 93=6, 92=3, 95=3, 94=2, 89=7, 88=4, 91=3, 90=5, 98=5, 99=5, 96=4, 97=1}
Rejected chunks for capacity limit [chunk-id/nodes]: 0 {}
bandwidthUtilUp: 0.0033657084774695338
bandwidthUtilDown: 0.0016954618921370818
Avg # of unsent chunk for max-retries: 0.0
Min # of unsent chunk for max-retries: 0.0
Max # of unsent chunk for max-retries: 0.0
Avg # of unsent chunk-reqs for max-retries: 0.2
Min # of unsent chunk-reqs for max-retries: 0.0
Max # of unsent chunk-reqs for max-retries: 1.0
Avg % of chunks received by Pastry: 11.6
Min % of chunks received by Pastry: 3.0
Max % of chunks received by Pastry: 22.0
StD of chunks received by Pastry: 6.0955357070199785
Var of chunks received by Pastry: 37.15555555555555
Avg % of chunks received by StarStream: 87.4
Min % of chunks received by StarStream: 77.0
Max % of chunks received by StarStream: 96.0
StD of chunks received by StarStream: 6.0955357070198595
Var of chunks received by StarStream: 37.1555555555541
[NONMOJO] Startup Delay: 89.2
[MOJO] Startup Delay: 56.4
[MOJO] Latency: 6.694042079113046
Min of perceived avg chunk delivery-time: 5.333333333333333
Max of perceived avg chunk delivery-time: 7.410714285714286
Variance of perceived avg chunk delivery-time: 0.4653640453411296
StD of perceived avg chunk delivery-time: 0.6821759636201862
Avg messages sent per node: 1451.5
Min messages sent per node: 1290.0
Max messages sent per node: 1675.0
Variance of messages sent per node: 21978.499999999898
StD of messages sent per node: 148.2514755407173
Nodes with incomplete playbacks: 10
[MOJO] Continuity Index: 54.3
[MOJO] Packet Loss: 45.7
Min % of not played chunks: 32.0
Max % of not played chunks: 99.0
Not played chunks [chunk-id/nodes]: {1=6, 2=8, 3=5, 4=3, 5=1, 6=4, 7=3, 8=5, 9=1, 10=4, 11=2, 12=3, 13=5, 14=4, 15=2, 17=6, 16=6, 19=3, 18=4, 21=6, 20=4, 23=5, 22=5, 25=3, 24=7, 27=5, 26=2, 29=7, 28=3, 31=4, 30=9, 34=4, 35=2, 32=4, 33=5, 38=6, 39=3, 36=3, 37=5, 42=3, 43=4, 40=4, 41=6, 46=5, 47=6, 44=2, 45=4, 51=7, 50=6, 49=4, 48=2, 55=8, 54=4, 53=5, 52=3, 59=7, 58=6, 57=3, 56=6, 63=7, 62=7, 61=7, 60=3, 68=4, 69=2, 70=3, 71=4, 64=6, 65=4, 66=3, 67=5, 76=7, 77=4, 78=8, 79=4, 72=4, 73=4, 74=5, 75=5, 85=6, 84=6, 87=4, 86=4, 81=5, 80=4, 83=5, 82=4, 93=7, 92=4, 95=5, 94=3, 89=7, 88=5, 91=4, 90=7, 98=6, 99=6, 96=5, 97=2}
Avg distance between not played chunks: 2.3960266992138988
Min distance between not played chunks: 1.0
Max distance between not played chunks: 3.0625

HELPING PEERS LOG

[HELPING] Active nodes: 1
[HELPING] Started playbacks: 1
[HELPING] Not started playbacks node-ids: []
[HELPING] Playbacks time-window: 0
[HELPING] Missing chunks distribution [missed-chunks/nodes]: {35=1}
[HELPING] Rejected chunks for ttl expiration [chunk-id/nodes]: 32 {68=1, 69=1, 70=1, 71=1, 3=1, 65=1, 8=1, 77=1, 10=1, 72=1, 12=1, 13=1, 85=1, 17=1, 23=1, 22=1, 93=1, 92=1, 27=1, 89=1, 28=1, 90=1, 34=1, 33=1, 98=1, 97=1, 42=1, 40=1, 41=1, 45=1, 51=1, 61=1}
[HELPING] Rejected chunks for capacity limit [chunk-id/nodes]: 0 {}
[HELPING] bandwidthUtilUp: 0.003393584701493935
[HELPING] bandwidthUtilDown: 0.0016874327282788606
[HELPING] Avg # of unsent chunk for max-retries: 0.0
[HELPING] Min # of unsent chunk for max-retries: 0.0
[HELPING] Max # of unsent chunk for max-retries: 0.0
[HELPING] Avg # of unsent chunk-reqs for max-retries: 0.0
[HELPING] Min # of unsent chunk-reqs for max-retries: 0.0
[HELPING] Max # of unsent chunk-reqs for max-retries: 0.0
[HELPING] Avg % of chunks received by Pastry: 10.0
[HELPING] Min % of chunks received by Pastry: 10.0
[HELPING] Max % of chunks received by Pastry: 10.0
[HELPING] StD of chunks received by Pastry: 0.0
[HELPING] Var of chunks received by Pastry: 0.0
[HELPING] Avg % of chunks received by StarStream: 89.0
[HELPING] Min % of chunks received by StarStream: 89.0
[HELPING] Max % of chunks received by StarStream: 89.0
[HELPING] StD of chunks received by StarStream: 0.0
[HELPING] Var of chunks received by StarStream: 0.0
[HELPING] Startup Delay: 230.0
[HELPING] Latency: 6.676923076923077
[HELPING] Min of perceived avg chunk delivery-time: 6.676923076923077
[HELPING] Max of perceived avg chunk delivery-time: 6.676923076923077
[HELPING] Variance of perceived avg chunk delivery-time: 0.0
[HELPING] StD of perceived avg chunk delivery-time: 0.0
[HELPING] Avg messages sent per node: 1596.0
[HELPING] Min messages sent per node: 1596.0
[HELPING] Max messages sent per node: 1596.0
[HELPING] Variance of messages sent per node: 0.0
[HELPING] StD of messages sent per node: 0.0
[HELPING] Nodes with incomplete playbacks: 1
[HELPING] Packet Loss: 34.0
[HELPING] Min % of not played chunks: 34.0
[HELPING] Max % of not played chunks: 34.0
[HELPING] Not played chunks [chunk-id/nodes]: {68=1, 69=1, 1=1, 70=1, 2=1, 71=1, 3=1, 65=1, 8=1, 77=1, 10=1, 72=1, 12=1, 13=1, 85=1, 17=1, 23=1, 22=1, 93=1, 92=1, 27=1, 89=1, 28=1, 90=1, 34=1, 33=1, 98=1, 97=1, 42=1, 40=1, 41=1, 45=1, 51=1, 61=1}
[HELPING] Avg distance between not played chunks: 2.9393939393939394
[HELPING] Min distance between not played chunks: 2.9393939393939394
[HELPING] Max distance between not played chunks: 2.9393939393939394

