Total chunks: 100
Nodes x chunk: 1
Total nodes: 12
Active nodes: 10
Started playbacks: 10
Not started playbacks node-ids: []
Playbacks time-window: 127
Missing chunks distribution [missed-chunks/nodes]: {32=1, 39=2, 36=2, 37=1, 24=1, 26=1, 29=2}
Rejected chunks for ttl expiration [chunk-id/nodes]: 92 {0=6, 2=2, 3=5, 4=4, 5=4, 6=2, 7=4, 8=2, 9=1, 11=3, 12=5, 13=3, 14=3, 15=4, 17=4, 16=1, 19=5, 18=4, 21=2, 20=2, 23=5, 22=6, 25=1, 24=3, 27=4, 26=4, 28=5, 31=2, 30=5, 34=5, 35=4, 32=2, 33=2, 38=1, 39=5, 36=4, 37=4, 42=5, 43=1, 40=5, 41=1, 46=2, 47=4, 44=6, 45=5, 51=2, 50=1, 49=2, 48=5, 55=2, 54=1, 53=2, 52=5, 59=5, 58=5, 57=7, 56=2, 63=4, 62=5, 61=8, 60=1, 68=3, 69=1, 70=3, 64=3, 65=3, 66=3, 67=2, 76=5, 77=3, 79=3, 73=4, 74=1, 75=1, 85=1, 84=2, 87=2, 86=5, 81=8, 83=4, 82=4, 93=6, 92=2, 95=2, 94=4, 89=6, 88=1, 91=8, 90=1, 98=2, 99=4, 96=1}
Rejected chunks for capacity limit [chunk-id/nodes]: 0 {}
bandwidthUtilUp: 0.0027595444032569773
bandwidthUtilDown: 0.0014875634405653935
Avg # of unsent chunk for max-retries: 0.0
Min # of unsent chunk for max-retries: 0.0
Max # of unsent chunk for max-retries: 0.0
Avg # of unsent chunk-reqs for max-retries: 0.7
Min # of unsent chunk-reqs for max-retries: 0.0
Max # of unsent chunk-reqs for max-retries: 3.0
Avg % of chunks received by Pastry: 9.1
Min % of chunks received by Pastry: 0.0
Max % of chunks received by Pastry: 21.0
StD of chunks received by Pastry: 6.4884512790033355
Var of chunks received by Pastry: 42.100000000000016
Avg % of chunks received by StarStream: 90.0
Min % of chunks received by StarStream: 78.0
Max % of chunks received by StarStream: 100.0
StD of chunks received by StarStream: 6.649979114420017
Var of chunks received by StarStream: 44.22222222222243
[NONMOJO] Startup Delay: 95.9
[MOJO] Startup Delay: 81.4
[MOJO] Latency: 44.428737061288096
Min of perceived avg chunk delivery-time: 7.026315789473684
Max of perceived avg chunk delivery-time: 135.0
Variance of perceived avg chunk delivery-time: 2122.2767723950783
StD of perceived avg chunk delivery-time: 46.06817526660979
Avg messages sent per node: 1797.9
Min messages sent per node: 1574.0
Max messages sent per node: 2004.0
Variance of messages sent per node: 21792.099999999627
StD of messages sent per node: 147.62147540246178
Nodes with incomplete playbacks: 10
[MOJO] Continuity Index: 55.4
[MOJO] Packet Loss: 44.6
Min % of not played chunks: 25.0
Max % of not played chunks: 99.0
Not played chunks [chunk-id/nodes]: {1=8, 2=4, 3=7, 4=5, 5=5, 6=3, 7=5, 8=3, 9=2, 10=1, 11=4, 12=5, 13=4, 14=4, 15=5, 17=6, 16=3, 19=5, 18=6, 21=4, 20=4, 23=6, 22=6, 25=1, 24=4, 27=5, 26=5, 29=1, 28=5, 31=4, 30=5, 34=6, 35=5, 32=2, 33=4, 38=1, 39=6, 36=6, 37=5, 42=6, 43=2, 40=7, 41=3, 46=3, 47=6, 44=8, 45=7, 51=4, 50=4, 49=4, 48=6, 55=4, 54=3, 53=4, 52=6, 59=6, 58=6, 57=7, 56=3, 63=5, 62=6, 61=8, 60=3, 68=4, 69=4, 70=5, 71=2, 64=4, 65=5, 66=5, 67=4, 76=7, 77=4, 78=2, 79=5, 72=2, 73=4, 74=1, 75=2, 85=2, 84=6, 87=3, 86=6, 81=8, 80=2, 83=6, 82=6, 93=8, 92=3, 95=3, 94=6, 89=8, 88=3, 91=8, 90=3, 98=3, 99=5, 96=4, 97=2}
Avg distance between not played chunks: 2.610535170260028
Min distance between not played chunks: 1.0
Max distance between not played chunks: 4.083333333333333

HELPING PEERS LOG

[HELPING] Active nodes: 2
[HELPING] Started playbacks: 2
[HELPING] Not started playbacks node-ids: []
[HELPING] Playbacks time-window: 45
[HELPING] Missing chunks distribution [missed-chunks/nodes]: {30=2}
[HELPING] Rejected chunks for ttl expiration [chunk-id/nodes]: 50 {0=1, 68=1, 64=1, 6=1, 7=1, 76=2, 77=1, 10=1, 79=1, 73=1, 74=1, 17=1, 85=1, 19=1, 86=2, 18=1, 21=1, 81=1, 20=2, 80=1, 93=2, 25=1, 92=1, 27=1, 28=1, 88=1, 91=1, 90=2, 34=1, 32=2, 33=1, 98=1, 99=1, 97=1, 37=1, 42=2, 43=1, 41=1, 45=1, 49=1, 48=1, 54=1, 52=1, 59=1, 58=1, 57=1, 56=1, 63=1, 61=2, 60=1}
[HELPING] Rejected chunks for capacity limit [chunk-id/nodes]: 0 {}
[HELPING] bandwidthUtilUp: 0.006572118647450982
[HELPING] bandwidthUtilDown: 0.0028341272264237006
[HELPING] Avg # of unsent chunk for max-retries: 0.0
[HELPING] Min # of unsent chunk for max-retries: 0.0
[HELPING] Max # of unsent chunk for max-retries: 0.0
[HELPING] Avg # of unsent chunk-reqs for max-retries: 0.0
[HELPING] Min # of unsent chunk-reqs for max-retries: 0.0
[HELPING] Max # of unsent chunk-reqs for max-retries: 0.0
[HELPING] Avg % of chunks received by Pastry: 7.5
[HELPING] Min % of chunks received by Pastry: 6.0
[HELPING] Max % of chunks received by Pastry: 9.0
[HELPING] StD of chunks received by Pastry: 2.1213203435596424
[HELPING] Var of chunks received by Pastry: 4.5
[HELPING] Avg % of chunks received by StarStream: 91.5
[HELPING] Min % of chunks received by StarStream: 90.0
[HELPING] Max % of chunks received by StarStream: 93.0
[HELPING] StD of chunks received by StarStream: 2.1213203435596424
[HELPING] Var of chunks received by StarStream: 4.5
[HELPING] Startup Delay: 94.5
[HELPING] Latency: 7.578157349896481
[HELPING] Min of perceived avg chunk delivery-time: 7.214285714285714
[HELPING] Max of perceived avg chunk delivery-time: 7.942028985507246
[HELPING] Variance of perceived avg chunk delivery-time: 0.26480513440409936
[HELPING] StD of perceived avg chunk delivery-time: 0.5145922020436176
[HELPING] Avg messages sent per node: 1127.5
[HELPING] Min messages sent per node: 785.0
[HELPING] Max messages sent per node: 1470.0
[HELPING] Variance of messages sent per node: 234612.5
[HELPING] StD of messages sent per node: 484.36814511278504
[HELPING] Nodes with incomplete playbacks: 2
[HELPING] Packet Loss: 29.5
[HELPING] Min % of not played chunks: 29.0
[HELPING] Max % of not played chunks: 30.0
[HELPING] Not played chunks [chunk-id/nodes]: {68=1, 1=1, 69=1, 64=1, 6=1, 7=1, 76=2, 77=1, 10=1, 79=1, 73=1, 74=1, 17=1, 85=1, 19=1, 86=2, 18=1, 81=1, 21=1, 80=1, 20=2, 93=2, 25=1, 92=1, 27=1, 28=1, 88=1, 91=1, 90=2, 34=1, 32=2, 33=1, 98=1, 99=1, 97=1, 37=1, 42=2, 43=1, 41=1, 45=1, 49=1, 48=1, 54=1, 52=1, 59=1, 58=1, 57=1, 56=1, 63=1, 61=2, 60=1}
[HELPING] Avg distance between not played chunks: 3.318965517241379
[HELPING] Min distance between not played chunks: 3.1379310344827585
[HELPING] Max distance between not played chunks: 3.5

