Total chunks: 100
Nodes x chunk: 1
Total nodes: 13
Active nodes: 10
Started playbacks: 10
Not started playbacks node-ids: []
Playbacks time-window: 2550
Missing chunks distribution [missed-chunks/nodes]: {32=1, 33=1, 23=1, 22=1, 97=1, 37=2, 10=1, 28=1, 14=1}
Rejected chunks for ttl expiration [chunk-id/nodes]: 92 {1=1, 2=4, 3=3, 4=6, 5=1, 6=3, 7=5, 8=2, 9=3, 10=6, 11=2, 12=6, 13=3, 14=4, 15=2, 17=3, 16=3, 19=2, 18=4, 21=1, 20=4, 23=2, 22=3, 25=4, 24=3, 27=2, 26=5, 29=3, 28=2, 31=3, 30=1, 34=2, 35=7, 32=2, 33=1, 38=2, 39=5, 36=2, 37=6, 42=3, 43=3, 40=3, 41=3, 46=2, 47=4, 44=3, 45=1, 51=3, 50=1, 49=5, 48=3, 54=5, 53=6, 52=2, 59=4, 57=3, 56=2, 63=2, 62=5, 61=1, 60=4, 68=3, 69=3, 70=2, 71=4, 65=2, 66=3, 67=4, 76=4, 77=3, 78=4, 79=1, 72=5, 73=2, 74=3, 75=2, 85=3, 84=4, 87=4, 86=4, 81=6, 80=7, 83=4, 82=2, 92=4, 94=2, 89=4, 88=3, 91=2, 90=6, 96=3, 97=4}
Rejected chunks for capacity limit [chunk-id/nodes]: 0 {}
bandwidthUtilUp: 0.005795475715236144
bandwidthUtilDown: 0.003390818363273486
Avg # of unsent chunk for max-retries: 0.0
Min # of unsent chunk for max-retries: 0.0
Max # of unsent chunk for max-retries: 0.0
Avg # of unsent chunk-reqs for max-retries: 0.2
Min # of unsent chunk-reqs for max-retries: 0.0
Max # of unsent chunk-reqs for max-retries: 1.0
Avg % of chunks received by Pastry: 8.5
Min % of chunks received by Pastry: 0.0
Max % of chunks received by Pastry: 23.0
StD of chunks received by Pastry: 6.786424357167444
Var of chunks received by Pastry: 46.055555555555564
Avg % of chunks received by StarStream: 90.6
Min % of chunks received by StarStream: 76.0
Max % of chunks received by StarStream: 100.0
StD of chunks received by StarStream: 6.931409989637478
Var of chunks received by StarStream: 48.04444444444623
[MOJO] Startup Delay: 320.4
[MOJO] Latency: 7.09679130496753
Min of perceived avg chunk delivery-time: 0.0
Max of perceived avg chunk delivery-time: 8.790322580645162
Variance of perceived avg chunk delivery-time: 6.694119965649227
StD of perceived avg chunk delivery-time: 2.5872997440670122
Avg messages sent per node: 1358.1
Min messages sent per node: 116.0
Max messages sent per node: 1799.0
Variance of messages sent per node: 232804.10000000047
StD of messages sent per node: 482.4977720155819
Nodes with incomplete playbacks: 10
[MOJO] Packet Loss: 49.4
Min % of not played chunks: 22.0
Max % of not played chunks: 99.0
Not played chunks [chunk-id/nodes]: {1=3, 2=5, 3=4, 4=7, 5=4, 6=4, 7=7, 8=5, 9=4, 10=6, 11=4, 12=8, 13=4, 14=6, 15=3, 17=5, 16=4, 19=4, 18=6, 21=3, 20=6, 23=4, 22=6, 25=6, 24=5, 27=4, 26=5, 29=5, 28=4, 31=4, 30=3, 34=4, 35=9, 32=5, 33=3, 38=4, 39=6, 36=3, 37=8, 42=6, 43=5, 40=6, 41=4, 46=4, 47=6, 44=5, 45=3, 51=5, 50=4, 49=6, 48=5, 55=3, 54=6, 53=8, 52=4, 59=6, 58=7, 57=5, 56=4, 63=4, 62=6, 61=4, 60=7, 68=5, 69=6, 70=4, 71=5, 64=3, 65=5, 66=5, 67=6, 76=6, 77=5, 78=6, 79=3, 72=6, 73=4, 74=4, 75=4, 85=5, 84=7, 87=5, 86=6, 81=6, 80=8, 83=6, 82=3, 93=5, 92=5, 95=4, 94=5, 89=5, 88=5, 91=3, 90=7, 98=3, 99=6, 96=5, 97=5}
Avg distance between not played chunks: 2.612904229002588
Min distance between not played chunks: 1.0
Max distance between not played chunks: 4.380952380952381

