Total chunks: 100
Nodes x chunk: 1
Total nodes: 14
Active nodes: 10
Started playbacks: 10
Not started playbacks node-ids: []
Playbacks time-window: 1100
Missing chunks distribution [missed-chunks/nodes]: {21=2, 39=1, 23=1, 93=1, 10=1, 26=1, 31=1, 91=1, 30=1}
Rejected chunks for ttl expiration [chunk-id/nodes]: 94 {1=2, 2=4, 3=6, 4=3, 5=2, 6=3, 7=6, 8=2, 9=4, 10=4, 11=4, 12=1, 13=3, 14=5, 15=1, 17=3, 16=2, 19=4, 21=4, 20=2, 23=4, 25=2, 24=4, 27=3, 26=3, 29=3, 28=3, 31=2, 30=2, 34=3, 32=7, 33=5, 38=2, 39=3, 36=7, 37=1, 42=2, 43=5, 40=2, 46=3, 47=3, 44=4, 45=2, 51=3, 50=2, 49=2, 48=4, 55=4, 54=3, 53=3, 52=3, 59=5, 58=3, 57=4, 56=4, 63=5, 62=4, 61=3, 60=5, 68=1, 69=4, 71=2, 64=4, 65=3, 66=1, 67=1, 76=1, 77=3, 78=1, 79=7, 72=2, 73=7, 74=2, 75=1, 85=4, 84=5, 87=4, 86=4, 81=4, 80=6, 83=2, 82=2, 93=8, 92=2, 95=8, 94=1, 89=5, 88=4, 91=3, 90=3, 98=8, 99=1, 96=6, 97=3}
Rejected chunks for capacity limit [chunk-id/nodes]: 0 {}
bandwidthUtilUp: 0.005320292747837617
bandwidthUtilDown: 0.0030956487025948403
Avg # of unsent chunk for max-retries: 0.0
Min # of unsent chunk for max-retries: 0.0
Max # of unsent chunk for max-retries: 0.0
Avg # of unsent chunk-reqs for max-retries: 0.4
Min # of unsent chunk-reqs for max-retries: 0.0
Max # of unsent chunk-reqs for max-retries: 4.0
Avg % of chunks received by Pastry: 6.8
Min % of chunks received by Pastry: 0.0
Max % of chunks received by Pastry: 21.0
StD of chunks received by Pastry: 7.656515018088989
Var of chunks received by Pastry: 58.62222222222223
Avg % of chunks received by StarStream: 92.4
Min % of chunks received by StarStream: 78.0
Max % of chunks received by StarStream: 100.0
StD of chunks received by StarStream: 7.862710869809571
Var of chunks received by StarStream: 61.822222222221576
[MOJO] Startup Delay: 258.6
[MOJO] Latency: 6.525640898062443
Min of perceived avg chunk delivery-time: 0.0
Max of perceived avg chunk delivery-time: 9.320512820512821
Variance of perceived avg chunk delivery-time: 12.483348018844056
StD of perceived avg chunk delivery-time: 3.533178175360543
Avg messages sent per node: 1234.4
Min messages sent per node: 180.0
Max messages sent per node: 1862.0
Variance of messages sent per node: 331539.3777777775
StD of messages sent per node: 575.7945621293914
Nodes with incomplete playbacks: 10
[MOJO] Packet Loss: 47.1
Min % of not played chunks: 21.0
Max % of not played chunks: 98.0
Not played chunks [chunk-id/nodes]: {1=3, 2=5, 3=7, 4=4, 5=3, 6=4, 7=7, 8=4, 9=5, 10=5, 11=5, 12=4, 13=4, 14=6, 15=3, 17=5, 16=3, 19=4, 18=8, 21=5, 20=3, 23=5, 22=9, 25=5, 24=6, 27=4, 26=5, 29=5, 28=4, 31=4, 30=3, 34=4, 35=2, 32=8, 33=6, 38=3, 39=4, 36=8, 37=2, 42=4, 43=6, 40=3, 41=4, 46=5, 47=4, 44=5, 45=3, 51=4, 50=4, 49=4, 48=5, 55=5, 54=4, 53=4, 52=4, 59=6, 58=4, 57=5, 56=5, 63=6, 62=6, 61=6, 60=6, 68=3, 69=5, 70=6, 71=3, 64=5, 65=4, 66=2, 67=3, 76=4, 77=4, 78=3, 79=7, 72=3, 73=8, 74=3, 75=5, 85=5, 84=7, 87=5, 86=5, 81=5, 80=7, 83=4, 82=3, 93=8, 92=3, 95=9, 94=3, 89=6, 88=4, 91=5, 90=4, 98=9, 99=4, 96=7, 97=4}
Avg distance between not played chunks: 2.900772899153156
Min distance between not played chunks: 1.0103092783505154
Max distance between not played chunks: 4.75

