Total chunks: 100
Nodes x chunk: 1
Total nodes: 15
Active nodes: 10
Started playbacks: 10
Not started playbacks node-ids: []
Playbacks time-window: 110
Missing chunks distribution [missed-chunks/nodes]: {21=1, 22=1, 7=1, 8=1, 9=2, 10=1, 11=1, 13=2}
Rejected chunks for ttl expiration [chunk-id/nodes]: 64 {0=2, 1=1, 2=1, 4=1, 6=2, 7=2, 8=1, 10=2, 11=1, 14=1, 19=1, 20=2, 23=1, 22=2, 24=1, 31=1, 30=1, 34=1, 32=1, 33=1, 36=3, 37=2, 43=1, 41=2, 46=3, 47=2, 44=6, 45=1, 51=1, 50=6, 49=1, 48=3, 54=1, 53=1, 52=3, 59=4, 58=4, 57=5, 62=1, 61=1, 69=1, 71=1, 64=2, 65=1, 66=1, 77=1, 78=1, 79=2, 72=1, 73=1, 74=2, 85=2, 84=2, 87=1, 86=1, 81=1, 80=5, 93=1, 92=1, 89=2, 88=2, 99=6, 96=1, 97=1}
Rejected chunks for capacity limit [chunk-id/nodes]: 0 {}
bandwidthUtilUp: 0.00654660100179767
bandwidthUtilDown: 0.0033801555559683193
Avg # of unsent chunk for max-retries: 0.0
Min # of unsent chunk for max-retries: 0.0
Max # of unsent chunk for max-retries: 0.0
Avg # of unsent chunk-reqs for max-retries: 0.7
Min # of unsent chunk-reqs for max-retries: 0.0
Max # of unsent chunk-reqs for max-retries: 3.0
Avg % of chunks received by Pastry: 13.0
Min % of chunks received by Pastry: 4.0
Max % of chunks received by Pastry: 21.0
StD of chunks received by Pastry: 5.497474167490213
Var of chunks received by Pastry: 30.22222222222221
Avg % of chunks received by StarStream: 86.0
Min % of chunks received by StarStream: 78.0
Max % of chunks received by StarStream: 95.0
StD of chunks received by StarStream: 5.4974741674901955
Var of chunks received by StarStream: 30.222222222222022
[NONMOJO] Startup Delay: 50.9
[MOJO] Startup Delay: 57.2
[MOJO] Latency: 8.822340964402365
Min of perceived avg chunk delivery-time: 7.615384615384615
Max of perceived avg chunk delivery-time: 10.102564102564102
Variance of perceived avg chunk delivery-time: 0.40748643998177336
StD of perceived avg chunk delivery-time: 0.6383466456258491
Avg messages sent per node: 2908.5
Min messages sent per node: 2274.0
Max messages sent per node: 3375.0
Variance of messages sent per node: 87574.27777777737
StD of messages sent per node: 295.92951488112396
Nodes with incomplete playbacks: 10
[MOJO] Continuity Index: 51.2
[MOJO] Packet Loss: 48.8
Min % of not played chunks: 12.0
Max % of not played chunks: 97.0
Not played chunks [chunk-id/nodes]: {1=7, 2=6, 3=4, 4=5, 5=4, 6=7, 7=5, 8=5, 9=4, 10=7, 11=5, 12=4, 13=5, 14=5, 15=5, 17=4, 16=4, 19=6, 18=3, 21=1, 20=6, 23=5, 22=6, 25=3, 24=3, 27=2, 26=2, 29=5, 28=4, 31=7, 30=5, 34=3, 35=4, 32=6, 33=4, 38=4, 39=3, 36=6, 37=6, 42=6, 43=5, 40=2, 41=7, 46=4, 47=6, 44=8, 45=6, 51=4, 50=7, 49=5, 48=6, 55=7, 54=5, 53=5, 52=7, 59=7, 58=5, 57=8, 56=4, 63=3, 62=5, 61=5, 60=4, 68=3, 69=5, 70=4, 71=3, 64=4, 65=4, 66=5, 67=5, 76=4, 77=5, 78=6, 79=6, 72=5, 73=7, 74=5, 75=2, 85=5, 84=7, 87=5, 86=4, 81=4, 80=8, 83=3, 82=6, 93=5, 92=5, 95=5, 94=5, 89=7, 88=4, 91=3, 90=5, 98=4, 99=10, 96=3, 97=6}
Avg distance between not played chunks: 3.3396811319206394
Min distance between not played chunks: 1.0208333333333333
Max distance between not played chunks: 8.909090909090908

HELPING PEERS LOG

[HELPING] Active nodes: 5
[HELPING] Started playbacks: 5
[HELPING] Not started playbacks node-ids: []
[HELPING] Playbacks time-window: 67
[HELPING] Missing chunks distribution [missed-chunks/nodes]: {16=2, 18=2, 30=1}
[HELPING] Rejected chunks for ttl expiration [chunk-id/nodes]: 53 {68=1, 0=4, 69=1, 2=1, 64=2, 4=2, 6=1, 66=2, 67=1, 7=1, 8=1, 78=1, 11=3, 74=2, 15=1, 85=2, 84=2, 19=1, 87=1, 81=1, 20=1, 80=2, 83=1, 93=3, 24=2, 92=1, 88=2, 31=2, 30=1, 35=1, 98=2, 39=2, 99=4, 96=2, 97=1, 37=2, 42=1, 43=2, 44=5, 45=4, 50=3, 49=1, 48=4, 55=2, 53=1, 52=1, 59=3, 58=2, 57=4, 63=1, 62=1, 61=2, 60=1}
[HELPING] Rejected chunks for capacity limit [chunk-id/nodes]: 0 {}
[HELPING] bandwidthUtilUp: 0.005270910379185141
[HELPING] bandwidthUtilDown: 0.0034254435005267383
[HELPING] Avg # of unsent chunk for max-retries: 0.0
[HELPING] Min # of unsent chunk for max-retries: 0.0
[HELPING] Max # of unsent chunk for max-retries: 0.0
[HELPING] Avg # of unsent chunk-reqs for max-retries: 0.0
[HELPING] Min # of unsent chunk-reqs for max-retries: 0.0
[HELPING] Max # of unsent chunk-reqs for max-retries: 0.0
[HELPING] Avg % of chunks received by Pastry: 4.0
[HELPING] Min % of chunks received by Pastry: 1.0
[HELPING] Max % of chunks received by Pastry: 7.0
[HELPING] StD of chunks received by Pastry: 2.82842712474619
[HELPING] Var of chunks received by Pastry: 7.999999999999998
[HELPING] Avg % of chunks received by StarStream: 95.0
[HELPING] Min % of chunks received by StarStream: 92.0
[HELPING] Max % of chunks received by StarStream: 98.0
[HELPING] StD of chunks received by StarStream: 2.82842712474611
[HELPING] Var of chunks received by StarStream: 7.999999999999545
[HELPING] Startup Delay: 93.2
[HELPING] Latency: 9.677234084604393
[HELPING] Min of perceived avg chunk delivery-time: 9.123456790123457
[HELPING] Max of perceived avg chunk delivery-time: 11.341463414634147
[HELPING] Variance of perceived avg chunk delivery-time: 0.886118195989205
[HELPING] StD of perceived avg chunk delivery-time: 0.941338512963963
[HELPING] Avg messages sent per node: 2991.2
[HELPING] Min messages sent per node: 2819.0
[HELPING] Max messages sent per node: 3283.0
[HELPING] Variance of messages sent per node: 39283.20000000065
[HELPING] StD of messages sent per node: 198.1998990918024
[HELPING] Nodes with incomplete playbacks: 5
[HELPING] Packet Loss: 19.6
[HELPING] Min % of not played chunks: 16.0
[HELPING] Max % of not played chunks: 30.0
[HELPING] Not played chunks [chunk-id/nodes]: {1=1, 2=1, 4=2, 6=1, 7=1, 8=1, 11=4, 13=1, 15=1, 19=1, 20=1, 24=2, 31=2, 30=1, 35=1, 39=2, 37=2, 42=1, 43=2, 41=1, 44=5, 45=4, 50=3, 49=1, 48=4, 55=2, 53=1, 52=1, 59=3, 58=2, 57=4, 63=1, 62=1, 61=2, 60=1, 68=1, 69=1, 64=2, 66=2, 67=1, 78=1, 74=2, 85=2, 84=2, 87=1, 81=1, 80=2, 83=1, 93=3, 92=1, 88=2, 98=2, 99=4, 96=2, 97=1}
[HELPING] Avg distance between not played chunks: 5.3846112237998645
[HELPING] Min distance between not played chunks: 3.103448275862069
[HELPING] Max distance between not played chunks: 6.333333333333333

