Total chunks: 100
Nodes x chunk: 1
Total nodes: 17
Active nodes: 10
Started playbacks: 10
Not started playbacks node-ids: []
Playbacks time-window: 63
Missing chunks distribution [missed-chunks/nodes]: {1=1, 3=3, 4=4, 5=1, 8=1}
Rejected chunks for ttl expiration [chunk-id/nodes]: 26 {7=1, 76=1, 15=2, 85=2, 84=1, 87=1, 81=1, 80=1, 83=1, 93=1, 94=1, 26=1, 88=1, 91=3, 90=4, 32=1, 98=1, 99=2, 36=2, 42=1, 43=1, 44=1, 55=3, 58=3, 63=1, 60=1}
Rejected chunks for capacity limit [chunk-id/nodes]: 0 {}
bandwidthUtilUp: 0.008886129539862165
bandwidthUtilDown: 0.004747789623483359
Avg # of unsent chunk for max-retries: 0.0
Min # of unsent chunk for max-retries: 0.0
Max # of unsent chunk for max-retries: 0.0
Avg # of unsent chunk-reqs for max-retries: 0.0
Min # of unsent chunk-reqs for max-retries: 0.0
Max # of unsent chunk-reqs for max-retries: 0.0
Avg % of chunks received by Pastry: 6.0
Min % of chunks received by Pastry: 2.0
Max % of chunks received by Pastry: 14.0
StD of chunks received by Pastry: 4.570436400267362
Var of chunks received by Pastry: 20.888888888888886
Avg % of chunks received by StarStream: 93.2
Min % of chunks received by StarStream: 85.0
Max % of chunks received by StarStream: 97.0
StD of chunks received by StarStream: 4.541169697580312
Var of chunks received by StarStream: 20.62222222222166
[NONMOJO] Startup Delay: 70.5
[MOJO] Startup Delay: 72.4
[MOJO] Latency: 9.988608031184318
Min of perceived avg chunk delivery-time: 9.260416666666666
Max of perceived avg chunk delivery-time: 10.705263157894738
Variance of perceived avg chunk delivery-time: 0.212772874101606
StD of perceived avg chunk delivery-time: 0.4612731014286504
Avg messages sent per node: 3923.8
Min messages sent per node: 3239.0
Max messages sent per node: 4634.0
Variance of messages sent per node: 195254.17777777548
StD of messages sent per node: 441.87574925285895
Nodes with incomplete playbacks: 10
[MOJO] Continuity Index: 77.0
[MOJO] Packet Loss: 23.0
Min % of not played chunks: 3.0
Max % of not played chunks: 99.0
Not played chunks [chunk-id/nodes]: {1=2, 2=2, 3=2, 4=2, 5=2, 6=2, 7=3, 8=2, 9=2, 10=2, 11=2, 12=2, 13=2, 14=2, 15=4, 17=2, 16=2, 19=2, 18=2, 21=2, 20=2, 23=2, 22=2, 25=2, 24=2, 27=2, 26=3, 29=2, 28=2, 31=2, 30=2, 34=2, 35=2, 32=3, 33=2, 38=2, 39=2, 36=4, 37=2, 42=3, 43=3, 40=2, 41=2, 46=2, 47=2, 44=3, 45=2, 51=2, 50=2, 49=2, 48=2, 55=5, 54=2, 53=2, 52=2, 59=2, 58=5, 57=2, 56=2, 63=2, 62=1, 61=2, 60=2, 68=2, 69=2, 70=2, 71=2, 64=2, 65=2, 66=2, 67=2, 76=3, 77=2, 78=2, 79=2, 72=2, 73=2, 74=2, 75=2, 85=3, 84=3, 87=3, 86=2, 81=3, 80=3, 83=3, 82=2, 93=2, 92=2, 95=2, 94=3, 89=2, 88=2, 91=4, 90=6, 98=3, 99=4, 96=2, 97=2}
Avg distance between not played chunks: 15.480654761904763
Min distance between not played chunks: 1.0
Max distance between not played chunks: 30.666666666666668

HELPING PEERS LOG

[HELPING] Active nodes: 7
[HELPING] Started playbacks: 7
[HELPING] Not started playbacks node-ids: []
[HELPING] Playbacks time-window: 50
[HELPING] Missing chunks distribution [missed-chunks/nodes]: {2=1, 3=2, 5=2, 7=1, 8=1}
[HELPING] Rejected chunks for ttl expiration [chunk-id/nodes]: 22 {68=2, 1=1, 69=1, 35=1, 3=1, 98=1, 99=1, 65=1, 36=3, 67=1, 37=1, 43=1, 44=1, 17=1, 87=2, 55=1, 25=1, 58=1, 92=2, 29=1, 90=4, 60=2}
[HELPING] Rejected chunks for capacity limit [chunk-id/nodes]: 0 {}
[HELPING] bandwidthUtilUp: 0.008022881652339383
[HELPING] bandwidthUtilDown: 0.005174890344074805
[HELPING] Avg # of unsent chunk for max-retries: 0.0
[HELPING] Min # of unsent chunk for max-retries: 0.0
[HELPING] Max # of unsent chunk for max-retries: 0.0
[HELPING] Avg # of unsent chunk-reqs for max-retries: 0.0
[HELPING] Min # of unsent chunk-reqs for max-retries: 0.0
[HELPING] Max # of unsent chunk-reqs for max-retries: 0.0
[HELPING] Avg % of chunks received by Pastry: 4.857142857142857
[HELPING] Min % of chunks received by Pastry: 1.0
[HELPING] Max % of chunks received by Pastry: 8.0
[HELPING] StD of chunks received by Pastry: 2.73426232761059
[HELPING] Var of chunks received by Pastry: 7.476190476190481
[HELPING] Avg % of chunks received by StarStream: 94.14285714285714
[HELPING] Min % of chunks received by StarStream: 91.0
[HELPING] Max % of chunks received by StarStream: 98.0
[HELPING] StD of chunks received by StarStream: 2.734262327610763
[HELPING] Var of chunks received by StarStream: 7.476190476191429
[HELPING] Startup Delay: 90.71428571428571
[HELPING] Latency: 9.6243791313732
[HELPING] Min of perceived avg chunk delivery-time: 8.770833333333334
[HELPING] Max of perceived avg chunk delivery-time: 10.316326530612244
[HELPING] Variance of perceived avg chunk delivery-time: 0.3404511304643639
[HELPING] StD of perceived avg chunk delivery-time: 0.5834819024308843
[HELPING] Avg messages sent per node: 4303.142857142857
[HELPING] Min messages sent per node: 3973.0
[HELPING] Max messages sent per node: 4679.0
[HELPING] Variance of messages sent per node: 92100.80952381156
[HELPING] StD of messages sent per node: 303.4811518427653
[HELPING] Nodes with incomplete playbacks: 7
[HELPING] Packet Loss: 4.571428571428571
[HELPING] Min % of not played chunks: 1.0
[HELPING] Max % of not played chunks: 8.0
[HELPING] Not played chunks [chunk-id/nodes]: {68=2, 1=1, 69=1, 35=1, 3=1, 98=1, 99=1, 65=1, 36=3, 67=1, 37=1, 43=1, 44=1, 45=1, 17=1, 87=2, 55=1, 25=1, 58=1, 92=2, 29=1, 60=2, 90=4}
[HELPING] Avg distance between not played chunks: 18.952380952380953
[HELPING] Min distance between not played chunks: 12.5
[HELPING] Max distance between not played chunks: 29.0

