Total chunks: 100
Nodes x chunk: 1
Total nodes: 18
Active nodes: 10
Started playbacks: 10
Not started playbacks node-ids: []
Playbacks time-window: 68
Missing chunks distribution [missed-chunks/nodes]: {17=1, 5=1, 7=1, 8=1, 9=1, 12=1, 13=2, 14=1, 15=1}
Rejected chunks for ttl expiration [chunk-id/nodes]: 36 {0=1, 69=1, 2=9, 3=3, 71=4, 5=1, 67=5, 77=4, 72=1, 73=1, 75=1, 86=4, 21=2, 80=1, 83=2, 22=7, 92=2, 95=4, 94=1, 89=9, 88=1, 91=6, 30=2, 34=4, 98=2, 39=2, 43=1, 46=7, 50=1, 55=1, 54=2, 53=1, 58=2, 57=3, 56=5, 63=1}
Rejected chunks for capacity limit [chunk-id/nodes]: 0 {}
bandwidthUtilUp: 0.007076233313258325
bandwidthUtilDown: 0.0034761905953504904
Avg # of unsent chunk for max-retries: 0.0
Min # of unsent chunk for max-retries: 0.0
Max # of unsent chunk for max-retries: 0.0
Avg # of unsent chunk-reqs for max-retries: 1.0
Min # of unsent chunk-reqs for max-retries: 0.0
Max # of unsent chunk-reqs for max-retries: 6.0
Avg % of chunks received by Pastry: 10.0
Min % of chunks received by Pastry: 3.0
Max % of chunks received by Pastry: 20.0
StD of chunks received by Pastry: 6.218252702059211
Var of chunks received by Pastry: 38.66666666666668
Avg % of chunks received by StarStream: 89.1
Min % of chunks received by StarStream: 79.0
Max % of chunks received by StarStream: 96.0
StD of chunks received by StarStream: 6.279596590015565
Var of chunks received by StarStream: 39.43333333333511
[NONMOJO] Startup Delay: 57.3
[MOJO] Startup Delay: 98.1
[MOJO] Latency: 54.36752836005975
Min of perceived avg chunk delivery-time: 8.977011494252874
Max of perceived avg chunk delivery-time: 184.0
Variance of perceived avg chunk delivery-time: 3577.0826040490824
StD of perceived avg chunk delivery-time: 59.80871678985499
Avg messages sent per node: 3386.5
Min messages sent per node: 2630.0
Max messages sent per node: 4473.0
Variance of messages sent per node: 292346.4999999996
StD of messages sent per node: 540.6907618962983
Nodes with incomplete playbacks: 10
[MOJO] Continuity Index: 65.2
[MOJO] Packet Loss: 34.8
Min % of not played chunks: 7.0
Max % of not played chunks: 99.0
Not played chunks [chunk-id/nodes]: {1=3, 2=10, 3=6, 4=2, 5=3, 6=2, 7=3, 8=3, 9=3, 10=4, 11=3, 12=3, 13=1, 14=3, 15=2, 17=2, 16=3, 19=2, 18=3, 21=3, 20=2, 23=2, 22=8, 25=2, 24=2, 27=2, 26=3, 29=2, 28=3, 31=4, 30=5, 34=6, 35=2, 32=2, 33=3, 38=3, 39=5, 36=2, 37=2, 42=2, 43=3, 40=2, 41=2, 46=8, 47=2, 44=3, 45=2, 51=4, 50=4, 49=3, 48=2, 55=4, 54=4, 53=3, 52=3, 59=3, 58=5, 57=5, 56=6, 63=3, 62=3, 61=3, 60=2, 68=3, 69=4, 70=3, 71=6, 64=2, 65=2, 66=3, 67=6, 76=3, 77=6, 78=3, 79=3, 72=4, 73=4, 74=5, 75=3, 85=3, 84=2, 87=3, 86=7, 81=2, 80=4, 83=5, 82=3, 93=3, 92=5, 95=5, 94=4, 89=10, 88=4, 91=7, 90=3, 98=5, 99=2, 96=3, 97=3}
Avg distance between not played chunks: 6.47203641946289
Min distance between not played chunks: 1.0
Max distance between not played chunks: 15.0

HELPING PEERS LOG

[HELPING] Active nodes: 8
[HELPING] Started playbacks: 8
[HELPING] Not started playbacks node-ids: []
[HELPING] Playbacks time-window: 125
[HELPING] Missing chunks distribution [missed-chunks/nodes]: {18=1, 5=1, 7=1, 8=2, 11=1, 14=2}
[HELPING] Rejected chunks for ttl expiration [chunk-id/nodes]: 42 {1=3, 2=4, 71=1, 65=2, 66=2, 67=1, 77=1, 72=2, 12=1, 73=1, 18=2, 86=4, 81=1, 21=2, 80=3, 83=1, 22=3, 24=1, 95=3, 94=1, 89=3, 29=1, 88=2, 91=4, 30=1, 34=1, 98=2, 39=2, 36=1, 41=1, 46=2, 47=2, 44=1, 50=2, 55=1, 54=4, 59=1, 58=2, 57=1, 56=2, 63=1, 61=1}
[HELPING] Rejected chunks for capacity limit [chunk-id/nodes]: 0 {}
[HELPING] bandwidthUtilUp: 0.011089079981634543
[HELPING] bandwidthUtilDown: 0.00490501627411473
[HELPING] Avg # of unsent chunk for max-retries: 0.0
[HELPING] Min # of unsent chunk for max-retries: 0.0
[HELPING] Max # of unsent chunk for max-retries: 0.0
[HELPING] Avg # of unsent chunk-reqs for max-retries: 0.0
[HELPING] Min # of unsent chunk-reqs for max-retries: 0.0
[HELPING] Max # of unsent chunk-reqs for max-retries: 0.0
[HELPING] Avg % of chunks received by Pastry: 5.625
[HELPING] Min % of chunks received by Pastry: 1.0
[HELPING] Max % of chunks received by Pastry: 11.0
[HELPING] StD of chunks received by Pastry: 3.113908889391045
[HELPING] Var of chunks received by Pastry: 9.696428571428571
[HELPING] Avg % of chunks received by StarStream: 93.5
[HELPING] Min % of chunks received by StarStream: 88.0
[HELPING] Max % of chunks received by StarStream: 98.0
[HELPING] StD of chunks received by StarStream: 3.070597894314954
[HELPING] Var of chunks received by StarStream: 9.428571428571429
[HELPING] Startup Delay: 97.75
[HELPING] Latency: 11.20114733773964
[HELPING] Min of perceived avg chunk delivery-time: 10.375
[HELPING] Max of perceived avg chunk delivery-time: 11.895348837209303
[HELPING] Variance of perceived avg chunk delivery-time: 0.2646322296474994
[HELPING] StD of perceived avg chunk delivery-time: 0.5144241728841087
[HELPING] Avg messages sent per node: 1880.75
[HELPING] Min messages sent per node: 796.0
[HELPING] Max messages sent per node: 2769.0
[HELPING] Variance of messages sent per node: 410425.0714285714
[HELPING] StD of messages sent per node: 640.6442627765986
[HELPING] Nodes with incomplete playbacks: 8
[HELPING] Packet Loss: 10.625
[HELPING] Min % of not played chunks: 5.0
[HELPING] Max % of not played chunks: 18.0
[HELPING] Not played chunks [chunk-id/nodes]: {1=3, 2=4, 71=1, 65=2, 66=2, 67=1, 77=1, 10=1, 72=2, 12=1, 73=1, 86=4, 18=2, 81=1, 21=2, 80=3, 83=1, 22=3, 24=1, 95=3, 94=1, 89=3, 29=1, 88=2, 31=1, 91=4, 30=1, 34=1, 98=2, 39=4, 36=1, 41=1, 46=2, 47=2, 44=1, 51=4, 50=2, 55=1, 54=4, 59=1, 58=2, 57=1, 56=2, 63=1, 61=1}
[HELPING] Avg distance between not played chunks: 10.975333979745743
[HELPING] Min distance between not played chunks: 5.529411764705882
[HELPING] Max distance between not played chunks: 18.5

