Total chunks: 100
Nodes x chunk: 1
Total nodes: 19
Active nodes: 10
Started playbacks: 10
Not started playbacks node-ids: []
Playbacks time-window: 119
Missing chunks distribution [missed-chunks/nodes]: {0=1, 1=3, 3=3, 5=1, 6=1, 40=1}
Rejected chunks for ttl expiration [chunk-id/nodes]: 48 {0=1, 1=1, 69=4, 2=1, 3=1, 5=1, 7=2, 8=1, 9=1, 72=2, 12=1, 13=1, 14=1, 15=1, 17=1, 16=1, 19=1, 18=1, 21=1, 20=1, 83=1, 23=1, 82=2, 22=1, 25=1, 24=1, 27=1, 26=1, 29=1, 89=1, 28=1, 31=1, 30=1, 34=1, 35=1, 32=1, 33=1, 38=1, 39=1, 36=1, 37=1, 40=1, 41=3, 49=2, 48=1, 53=1, 56=1, 61=1}
Rejected chunks for capacity limit [chunk-id/nodes]: 0 {}
bandwidthUtilUp: 0.0092827428191442
bandwidthUtilDown: 0.005080338573135874
Avg # of unsent chunk for max-retries: 0.0
Min # of unsent chunk for max-retries: 0.0
Max # of unsent chunk for max-retries: 0.0
Avg # of unsent chunk-reqs for max-retries: 0.9
Min # of unsent chunk-reqs for max-retries: 0.0
Max # of unsent chunk-reqs for max-retries: 3.0
Avg % of chunks received by Pastry: 14.1
Min % of chunks received by Pastry: 1.0
Max % of chunks received by Pastry: 25.0
StD of chunks received by Pastry: 9.011720763045817
Var of chunks received by Pastry: 81.21111111111108
Avg % of chunks received by StarStream: 84.9
Min % of chunks received by StarStream: 74.0
Max % of chunks received by StarStream: 98.0
StD of chunks received by StarStream: 9.011720763045773
Var of chunks received by StarStream: 81.21111111111027
[NONMOJO] Startup Delay: 65.8
[MOJO] Startup Delay: 58.0
[MOJO] Latency: 10.283506174411045
Min of perceived avg chunk delivery-time: 9.171717171717171
Max of perceived avg chunk delivery-time: 13.366666666666667
Variance of perceived avg chunk delivery-time: 1.518878665246209
StD of perceived avg chunk delivery-time: 1.232427955397884
Avg messages sent per node: 4288.2
Min messages sent per node: 2742.0
Max messages sent per node: 5779.0
Variance of messages sent per node: 1152757.9555555559
StD of messages sent per node: 1073.665662837159
Nodes with incomplete playbacks: 10
[MOJO] Continuity Index: 53.7
[MOJO] Packet Loss: 46.3
Min % of not played chunks: 4.0
Max % of not played chunks: 99.0
Not played chunks [chunk-id/nodes]: {1=5, 2=5, 3=4, 4=6, 5=5, 6=6, 7=7, 8=5, 9=5, 10=5, 11=4, 12=4, 13=5, 14=5, 15=6, 17=5, 16=6, 19=4, 18=7, 21=6, 20=3, 23=5, 22=6, 25=4, 24=4, 27=5, 26=4, 29=6, 28=5, 31=5, 30=3, 34=2, 35=5, 32=4, 33=4, 38=5, 39=4, 36=3, 37=4, 42=4, 43=5, 40=6, 41=7, 46=2, 47=4, 44=5, 45=6, 51=4, 50=5, 49=8, 48=5, 55=5, 54=4, 53=6, 52=3, 59=4, 58=4, 57=5, 56=5, 63=3, 62=3, 61=5, 60=4, 68=3, 69=9, 70=5, 71=4, 64=3, 65=5, 66=4, 67=5, 76=7, 77=6, 78=4, 79=6, 72=8, 73=3, 74=4, 75=5, 85=2, 84=5, 87=4, 86=4, 81=5, 80=3, 83=3, 82=6, 93=5, 92=3, 95=4, 94=3, 89=6, 88=4, 91=5, 90=4, 98=5, 99=4, 96=5, 97=4}
Avg distance between not played chunks: 5.793364699816314
Min distance between not played chunks: 1.0
Max distance between not played chunks: 23.666666666666668

HELPING PEERS LOG

[HELPING] Active nodes: 9
[HELPING] Started playbacks: 9
[HELPING] Not started playbacks node-ids: []
[HELPING] Playbacks time-window: 75
[HELPING] Missing chunks distribution [missed-chunks/nodes]: {0=1, 1=4, 2=3, 3=1}
[HELPING] Rejected chunks for ttl expiration [chunk-id/nodes]: 8 {0=1, 69=1, 18=1, 80=1, 67=1, 82=4, 76=1, 73=1}
[HELPING] Rejected chunks for capacity limit [chunk-id/nodes]: 0 {}
[HELPING] bandwidthUtilUp: 0.009959298905355332
[HELPING] bandwidthUtilDown: 0.0054905627307819845
[HELPING] Avg # of unsent chunk for max-retries: 0.0
[HELPING] Min # of unsent chunk for max-retries: 0.0
[HELPING] Max # of unsent chunk for max-retries: 0.0
[HELPING] Avg # of unsent chunk-reqs for max-retries: 0.2222222222222222
[HELPING] Min # of unsent chunk-reqs for max-retries: 0.0
[HELPING] Max # of unsent chunk-reqs for max-retries: 1.0
[HELPING] Avg % of chunks received by Pastry: 9.333333333333334
[HELPING] Min % of chunks received by Pastry: 1.0
[HELPING] Max % of chunks received by Pastry: 18.0
[HELPING] StD of chunks received by Pastry: 6.284902544988266
[HELPING] Var of chunks received by Pastry: 39.499999999999986
[HELPING] Avg % of chunks received by StarStream: 89.66666666666667
[HELPING] Min % of chunks received by StarStream: 81.0
[HELPING] Max % of chunks received by StarStream: 98.0
[HELPING] StD of chunks received by StarStream: 6.284902544988204
[HELPING] Var of chunks received by StarStream: 39.499999999999204
[HELPING] Startup Delay: 58.888888888888886
[HELPING] Latency: 10.457290212832676
[HELPING] Min of perceived avg chunk delivery-time: 9.424242424242424
[HELPING] Max of perceived avg chunk delivery-time: 11.653061224489797
[HELPING] Variance of perceived avg chunk delivery-time: 0.4784466711376272
[HELPING] StD of perceived avg chunk delivery-time: 0.6916983960785417
[HELPING] Avg messages sent per node: 4651.777777777777
[HELPING] Min messages sent per node: 3427.0
[HELPING] Max messages sent per node: 5418.0
[HELPING] Variance of messages sent per node: 658399.1944444505
[HELPING] StD of messages sent per node: 811.4180146166651
[HELPING] Nodes with incomplete playbacks: 9
[HELPING] Packet Loss: 19.555555555555557
[HELPING] Min % of not played chunks: 1.0
[HELPING] Max % of not played chunks: 87.0
[HELPING] Not played chunks [chunk-id/nodes]: {1=1, 2=4, 3=1, 4=3, 5=3, 6=4, 8=1, 9=1, 10=1, 11=1, 12=1, 13=2, 14=1, 17=1, 16=3, 19=1, 18=3, 21=2, 20=1, 23=1, 22=2, 25=1, 24=1, 27=1, 26=1, 29=2, 28=2, 31=3, 34=2, 35=1, 32=1, 33=1, 38=1, 39=1, 36=2, 37=2, 42=2, 43=1, 40=1, 41=3, 46=1, 47=2, 44=3, 45=2, 51=1, 50=1, 49=2, 48=2, 55=4, 54=2, 53=4, 52=1, 59=1, 58=1, 57=1, 56=1, 63=2, 62=1, 61=1, 60=2, 68=2, 69=3, 70=2, 71=1, 64=1, 65=1, 66=2, 67=3, 76=5, 77=2, 78=2, 79=2, 72=2, 73=1, 74=3, 75=2, 85=2, 84=1, 87=1, 86=2, 81=3, 80=3, 83=3, 82=5, 93=1, 92=2, 95=2, 94=2, 89=2, 88=1, 91=2, 90=2, 98=1, 99=1, 96=2, 97=2}
[HELPING] Avg distance between not played chunks: 8.351535160976981
[HELPING] Min distance between not played chunks: 1.1395348837209303
[HELPING] Max distance between not played chunks: 24.5

