Total chunks: 100
Nodes x chunk: 15
Total nodes: 100
Active nodes: 100
Started playbacks: 100
Not started playbacks node-ids: []
Playbacks time-window: 312
Missing chunks distribution [missed-chunks/nodes]: {0=96, 1=1, 3=2, 5=1}
Rejected chunks for ttl expiration [chunk-id/nodes]: 4 {0=5, 3=3, 4=1, 5=1}
Rejected chunks for capacity limit [chunk-id/nodes]: 0 {}
bandwidthUtilUp: 0.013647800565763335
bandwidthUtilDown: 0.008656508488926924
Avg # of unsent chunk for max-retries: 0.0
Min # of unsent chunk for max-retries: 0.0
Max # of unsent chunk for max-retries: 0.0
Avg # of unsent chunk-reqs for max-retries: 0.0
Min # of unsent chunk-reqs for max-retries: 0.0
Max # of unsent chunk-reqs for max-retries: 0.0
Avg % of chunks received by Pastry: 4.99
Min % of chunks received by Pastry: 0.0
Max % of chunks received by Pastry: 13.0
StD of chunks received by Pastry: 3.7077451014563736
Var of chunks received by Pastry: 13.747373737373735
Avg % of chunks received by StarStream: 94.11
Min % of chunks received by StarStream: 86.0
Max % of chunks received by StarStream: 100.0
StD of chunks received by StarStream: 3.8267928392250004
Var of chunks received by StarStream: 14.644343434343739
[NONMOJO] Startup Delay: 141.11
[MOJO] Startup Delay: 72.7
[MOJO] Latency: 7.613392693190957
Min of perceived avg chunk delivery-time: 6.11
Max of perceived avg chunk delivery-time: 10.989690721649485
Variance of perceived avg chunk delivery-time: 0.5112579387057157
StD of perceived avg chunk delivery-time: 0.7150230336889265
Avg messages sent per node: 5796.58
Min messages sent per node: 2106.0
Max messages sent per node: 9617.0
Variance of messages sent per node: 3109549.8218181836
StD of messages sent per node: 1763.391567921936
Nodes with incomplete playbacks: 74
[MOJO] Continuity Index: 67.06
[MOJO] Packet Loss: 32.94
Min % of not played chunks: 0.0
Max % of not played chunks: 99.0
Not played chunks [chunk-id/nodes]: {1=46, 2=41, 3=33, 4=36, 5=33, 6=32, 7=33, 8=34, 9=35, 10=34, 11=26, 12=32, 13=34, 14=35, 15=36, 17=37, 16=37, 19=32, 18=32, 21=26, 20=29, 23=31, 22=31, 25=35, 24=29, 27=30, 26=31, 29=28, 28=33, 31=30, 30=33, 34=33, 35=32, 32=41, 33=36, 38=39, 39=32, 36=32, 37=27, 42=37, 43=32, 40=43, 41=35, 46=24, 47=31, 44=34, 45=33, 51=35, 50=33, 49=30, 48=27, 55=34, 54=33, 53=32, 52=33, 59=33, 58=35, 57=31, 56=39, 63=36, 62=33, 61=32, 60=38, 68=33, 69=38, 70=33, 71=34, 64=34, 65=29, 66=33, 67=34, 76=30, 77=34, 78=38, 79=32, 72=29, 73=33, 74=32, 75=35, 85=34, 84=37, 87=34, 86=34, 81=29, 80=34, 83=33, 82=35, 93=33, 92=33, 95=37, 94=31, 89=29, 88=34, 91=31, 90=32, 98=34, 99=36, 96=32, 97=32}
Avg distance between not played chunks: 3.6495212864714666
Min distance between not played chunks: 1.0
Max distance between not played chunks: 44.5

HELPING PEERS LOG

[HELPING] Active nodes: 0
[HELPING] Started playbacks: 0
[HELPING] Not started playbacks node-ids: []
[HELPING] Playbacks time-window: -9223372036854775807
[HELPING] Missing chunks distribution [missed-chunks/nodes]: {}
[HELPING] Rejected chunks for ttl expiration [chunk-id/nodes]: 0 {}
[HELPING] Rejected chunks for capacity limit [chunk-id/nodes]: 0 {}
[HELPING] bandwidthUtilUp: NaN
[HELPING] bandwidthUtilDown: NaN
[HELPING] Avg # of unsent chunk for max-retries: NaN
[HELPING] Min # of unsent chunk for max-retries: Infinity
[HELPING] Max # of unsent chunk for max-retries: -Infinity
[HELPING] Avg # of unsent chunk-reqs for max-retries: NaN
[HELPING] Min # of unsent chunk-reqs for max-retries: Infinity
[HELPING] Max # of unsent chunk-reqs for max-retries: -Infinity
[HELPING] Avg % of chunks received by Pastry: NaN
[HELPING] Min % of chunks received by Pastry: Infinity
[HELPING] Max % of chunks received by Pastry: -Infinity
[HELPING] StD of chunks received by Pastry: 0.0
[HELPING] Var of chunks received by Pastry: 0.0
[HELPING] Avg % of chunks received by StarStream: NaN
[HELPING] Min % of chunks received by StarStream: Infinity
[HELPING] Max % of chunks received by StarStream: -Infinity
[HELPING] StD of chunks received by StarStream: 0.0
[HELPING] Var of chunks received by StarStream: 0.0
[HELPING] Latency: NaN
[HELPING] Min of perceived avg chunk delivery-time: Infinity
[HELPING] Max of perceived avg chunk delivery-time: -Infinity
[HELPING] Variance of perceived avg chunk delivery-time: 0.0
[HELPING] StD of perceived avg chunk delivery-time: 0.0
[HELPING] Avg messages sent per node: NaN
[HELPING] Min messages sent per node: Infinity
[HELPING] Max messages sent per node: -Infinity
[HELPING] Variance of messages sent per node: 0.0
[HELPING] StD of messages sent per node: 0.0
[HELPING] Nodes with incomplete playbacks: 0
[HELPING] Packet Loss: NaN
[HELPING] Min % of not played chunks: Infinity
[HELPING] Max % of not played chunks: -Infinity
[HELPING] Not played chunks [chunk-id/nodes]: {}
[HELPING] Avg distance between not played chunks: NaN
[HELPING] Min distance between not played chunks: Infinity
[HELPING] Max distance between not played chunks: -Infinity

