Total chunks: 100
Nodes x chunk: 15
Total nodes: 200
Active nodes: 100
Started playbacks: 100
Not started playbacks node-ids: []
Playbacks time-window: 23
Missing chunks distribution [missed-chunks/nodes]: {0=100}
Rejected chunks for ttl expiration [chunk-id/nodes]: 0 {}
Rejected chunks for capacity limit [chunk-id/nodes]: 0 {}
Avg # of unsent chunk for max-retries: 0.0
Min # of unsent chunk for max-retries: 0.0
Max # of unsent chunk for max-retries: 0.0
Avg # of unsent chunk-reqs for max-retries: 0.0
Min # of unsent chunk-reqs for max-retries: 0.0
Max # of unsent chunk-reqs for max-retries: 0.0
Avg % of chunks received by Pastry: 7.98
Min % of chunks received by Pastry: 0.0
Max % of chunks received by Pastry: 16.0
StD of chunks received by Pastry: 3.152616357724151
Var of chunks received by Pastry: 9.93898989898989
Avg % of chunks received by StarStream: 91.02
Min % of chunks received by StarStream: 83.0
Max % of chunks received by StarStream: 99.0
StD of chunks received by StarStream: 3.1526163577243373
Var of chunks received by StarStream: 9.938989898991066
[MOJO] Startup Delay: 911.05
[MOJO] Latency: 10.6517
Min of perceived avg chunk delivery-time: 8.83
Max of perceived avg chunk delivery-time: 12.64
Variance of perceived avg chunk delivery-time: 0.5690122323232338
StD of perceived avg chunk delivery-time: 0.754328994751782
Avg messages sent per node: 5358.63
Min messages sent per node: 4417.0
Max messages sent per node: 6636.0
Variance of messages sent per node: 167583.4879797968
StD of messages sent per node: 409.3696226880993
Nodes with incomplete playbacks: 99
[MOJO] Packet Loss: 50.57
Min % of not played chunks: 0.0
Max % of not played chunks: 99.0
Not played chunks [chunk-id/nodes]: {1=50, 2=52, 3=48, 4=52, 5=55, 6=64, 7=48, 8=59, 9=52, 10=55, 11=50, 12=61, 13=61, 14=57, 15=55, 17=56, 16=54, 19=61, 18=48, 21=51, 20=56, 23=56, 22=56, 25=60, 24=41, 27=53, 26=52, 29=43, 28=54, 31=55, 30=49, 34=45, 35=53, 32=51, 33=50, 38=46, 39=60, 36=51, 37=50, 42=47, 43=44, 40=52, 41=48, 46=56, 47=54, 44=51, 45=52, 51=60, 50=41, 49=54, 48=57, 55=41, 54=44, 53=47, 52=44, 59=58, 58=57, 57=44, 56=58, 63=43, 62=51, 61=46, 60=52, 68=46, 69=42, 70=52, 71=59, 64=48, 65=48, 66=48, 67=51, 76=55, 77=47, 78=48, 79=50, 72=59, 73=50, 74=46, 75=54, 85=49, 84=43, 87=63, 86=52, 81=50, 80=48, 83=49, 82=56, 93=57, 92=42, 95=50, 94=44, 89=52, 88=52, 91=47, 90=50, 98=41, 99=40, 96=52, 97=46}
Avg distance between not played chunks: 3.757736420154913
Min distance between not played chunks: 1.0
Max distance between not played chunks: 36.0

