Total chunks: 100
Nodes x chunk: 15
Total nodes: 100
Active nodes: 100
Started playbacks: 100
Not started playbacks node-ids: []
Playbacks time-window: 189
Missing chunks distribution [missed-chunks/nodes]: {0=99, 1=1}
Rejected chunks for ttl expiration [chunk-id/nodes]: 1 {2=1}
Rejected chunks for capacity limit [chunk-id/nodes]: 0 {}
bandwidthUtilUp: 0.00743381045751637
bandwidthUtilDown: 0.004390870588235387
Avg # of unsent chunk for max-retries: 0.0
Min # of unsent chunk for max-retries: 0.0
Max # of unsent chunk for max-retries: 0.0
Avg # of unsent chunk-reqs for max-retries: 0.0
Min # of unsent chunk-reqs for max-retries: 0.0
Max # of unsent chunk-reqs for max-retries: 0.0
Avg % of chunks received by Pastry: 2.63
Min % of chunks received by Pastry: 0.0
Max % of chunks received by Pastry: 11.0
StD of chunks received by Pastry: 2.431506163311585
Var of chunks received by Pastry: 5.912222222222223
Avg % of chunks received by StarStream: 96.46
Min % of chunks received by StarStream: 88.0
Max % of chunks received by StarStream: 100.0
StD of chunks received by StarStream: 2.5442349170494083
Var of chunks received by StarStream: 6.473131313133409
[MOJO] Startup Delay: 131.28
[MOJO] Latency: 6.251102195954924
Min of perceived avg chunk delivery-time: 5.343434343434343
Max of perceived avg chunk delivery-time: 7.73469387755102
Variance of perceived avg chunk delivery-time: 0.20121240465212337
StD of perceived avg chunk delivery-time: 0.44856705702951855
Avg messages sent per node: 18315.97
Min messages sent per node: 12900.0
Max messages sent per node: 23888.0
Variance of messages sent per node: 4555807.322323202
StD of messages sent per node: 2134.4337240409227
Nodes with incomplete playbacks: 66
[MOJO] Packet Loss: 32.21
Min % of not played chunks: 0.0
Max % of not played chunks: 99.0
Not played chunks [chunk-id/nodes]: {1=44, 2=38, 3=37, 4=34, 5=31, 6=29, 7=35, 8=35, 9=36, 10=35, 11=31, 12=31, 13=28, 14=33, 15=33, 17=36, 16=27, 19=29, 18=39, 21=26, 20=30, 23=35, 22=30, 25=33, 24=29, 27=28, 26=30, 29=39, 28=30, 31=33, 30=32, 34=36, 35=31, 32=32, 33=31, 38=31, 39=30, 36=36, 37=31, 42=32, 43=35, 40=34, 41=30, 46=27, 47=30, 44=35, 45=29, 51=28, 50=35, 49=38, 48=38, 55=36, 54=29, 53=29, 52=29, 59=29, 58=32, 57=32, 56=35, 63=34, 62=28, 61=33, 60=42, 68=35, 69=30, 70=29, 71=31, 64=28, 65=31, 66=35, 67=29, 76=37, 77=29, 78=30, 79=32, 72=35, 73=28, 74=36, 75=38, 85=38, 84=24, 87=31, 86=37, 81=30, 80=33, 83=30, 82=35, 93=34, 92=35, 95=31, 94=35, 89=37, 88=29, 91=36, 90=34, 98=29, 99=34, 96=34, 97=29}
Avg distance between not played chunks: 4.0096484636926775
Min distance between not played chunks: 1.0
Max distance between not played chunks: 29.333333333333332

