Total chunks: 100
Nodes x chunk: 15
Total nodes: 100
Active nodes: 100
Started playbacks: 100
Not started playbacks node-ids: []
Playbacks time-window: 208
Missing chunks distribution [missed-chunks/nodes]: {0=98, 2=1, 3=1}
Rejected chunks for ttl expiration [chunk-id/nodes]: 3 {0=3, 2=1, 3=1}
Rejected chunks for capacity limit [chunk-id/nodes]: 0 {}
bandwidthUtilUp: 0.011375038761250763
bandwidthUtilDown: 0.006927734730388647
Avg # of unsent chunk for max-retries: 0.0
Min # of unsent chunk for max-retries: 0.0
Max # of unsent chunk for max-retries: 0.0
Avg # of unsent chunk-reqs for max-retries: 0.0
Min # of unsent chunk-reqs for max-retries: 0.0
Max # of unsent chunk-reqs for max-retries: 0.0
Avg % of chunks received by Pastry: 10.88
Min % of chunks received by Pastry: 0.0
Max % of chunks received by Pastry: 21.0
StD of chunks received by Pastry: 4.499786751400646
Var of chunks received by Pastry: 20.248080808080775
Avg % of chunks received by StarStream: 88.15
Min % of chunks received by StarStream: 78.0
Max % of chunks received by StarStream: 100.0
StD of chunks received by StarStream: 4.531316396239364
Var of chunks received by StarStream: 20.532828282827698
[NONMOJO] Startup Delay: 132.25
[MOJO] Startup Delay: 75.5
[MOJO] Latency: 9.28454621275877
Min of perceived avg chunk delivery-time: 7.24
Max of perceived avg chunk delivery-time: 12.63265306122449
Variance of perceived avg chunk delivery-time: 1.3623722422406794
StD of perceived avg chunk delivery-time: 1.1672070262985395
Avg messages sent per node: 2853.94
Min messages sent per node: 1376.0
Max messages sent per node: 6309.0
Variance of messages sent per node: 872640.2589898999
StD of messages sent per node: 934.1521605123546
Nodes with incomplete playbacks: 71
[MOJO] Continuity Index: 65.67
[MOJO] Packet Loss: 34.33
Min % of not played chunks: 0.0
Max % of not played chunks: 99.0
Not played chunks [chunk-id/nodes]: {1=41, 2=40, 3=38, 4=30, 5=35, 6=37, 7=35, 8=33, 9=30, 10=33, 11=35, 12=32, 13=31, 14=35, 15=36, 17=35, 16=32, 19=33, 18=37, 21=32, 20=37, 23=35, 22=37, 25=38, 24=23, 27=34, 26=30, 29=37, 28=36, 31=30, 30=40, 34=34, 35=38, 32=37, 33=33, 38=34, 39=31, 36=37, 37=33, 42=36, 43=38, 40=38, 41=35, 46=31, 47=34, 44=30, 45=35, 51=33, 50=37, 49=32, 48=34, 55=38, 54=39, 53=37, 52=33, 59=40, 58=38, 57=32, 56=35, 63=36, 62=35, 61=33, 60=34, 68=35, 69=39, 70=33, 71=33, 64=39, 65=31, 66=34, 67=35, 76=37, 77=34, 78=31, 79=34, 72=36, 73=39, 74=32, 75=34, 85=34, 84=31, 87=36, 86=33, 81=33, 80=38, 83=35, 82=33, 93=33, 92=33, 95=36, 94=35, 89=35, 88=36, 91=32, 90=35, 98=36, 99=33, 96=37, 97=36}
Avg distance between not played chunks: 3.057730545531274
Min distance between not played chunks: 1.0
Max distance between not played chunks: 29.333333333333332

HELPING PEERS LOG

[HELPING] Active nodes: 0
[HELPING] Started playbacks: 0
[HELPING] Not started playbacks node-ids: []
[HELPING] Playbacks time-window: -9223372036854775807
[HELPING] Missing chunks distribution [missed-chunks/nodes]: {}
[HELPING] Rejected chunks for ttl expiration [chunk-id/nodes]: 0 {}
[HELPING] Rejected chunks for capacity limit [chunk-id/nodes]: 0 {}
[HELPING] bandwidthUtilUp: NaN
[HELPING] bandwidthUtilDown: NaN
[HELPING] Avg # of unsent chunk for max-retries: NaN
[HELPING] Min # of unsent chunk for max-retries: Infinity
[HELPING] Max # of unsent chunk for max-retries: -Infinity
[HELPING] Avg # of unsent chunk-reqs for max-retries: NaN
[HELPING] Min # of unsent chunk-reqs for max-retries: Infinity
[HELPING] Max # of unsent chunk-reqs for max-retries: -Infinity
[HELPING] Avg % of chunks received by Pastry: NaN
[HELPING] Min % of chunks received by Pastry: Infinity
[HELPING] Max % of chunks received by Pastry: -Infinity
[HELPING] StD of chunks received by Pastry: 0.0
[HELPING] Var of chunks received by Pastry: 0.0
[HELPING] Avg % of chunks received by StarStream: NaN
[HELPING] Min % of chunks received by StarStream: Infinity
[HELPING] Max % of chunks received by StarStream: -Infinity
[HELPING] StD of chunks received by StarStream: 0.0
[HELPING] Var of chunks received by StarStream: 0.0
[HELPING] Latency: NaN
[HELPING] Min of perceived avg chunk delivery-time: Infinity
[HELPING] Max of perceived avg chunk delivery-time: -Infinity
[HELPING] Variance of perceived avg chunk delivery-time: 0.0
[HELPING] StD of perceived avg chunk delivery-time: 0.0
[HELPING] Avg messages sent per node: NaN
[HELPING] Min messages sent per node: Infinity
[HELPING] Max messages sent per node: -Infinity
[HELPING] Variance of messages sent per node: 0.0
[HELPING] StD of messages sent per node: 0.0
[HELPING] Nodes with incomplete playbacks: 0
[HELPING] Packet Loss: NaN
[HELPING] Min % of not played chunks: Infinity
[HELPING] Max % of not played chunks: -Infinity
[HELPING] Not played chunks [chunk-id/nodes]: {}
[HELPING] Avg distance between not played chunks: NaN
[HELPING] Min distance between not played chunks: Infinity
[HELPING] Max distance between not played chunks: -Infinity

