Total chunks: 100
Nodes x chunk: 15
Total nodes: 100
Active nodes: 100
Started playbacks: 100
Not started playbacks node-ids: []
Playbacks time-window: 277
Missing chunks distribution [missed-chunks/nodes]: {0=96, 3=2, 4=2}
Rejected chunks for ttl expiration [chunk-id/nodes]: 4 {0=6, 2=4, 3=4, 4=2}
Rejected chunks for capacity limit [chunk-id/nodes]: 0 {}
bandwidthUtilUp: 0.01306391657524742
bandwidthUtilDown: 0.008376869711707265
Avg # of unsent chunk for max-retries: 0.0
Min # of unsent chunk for max-retries: 0.0
Max # of unsent chunk for max-retries: 0.0
Avg # of unsent chunk-reqs for max-retries: 0.0
Min # of unsent chunk-reqs for max-retries: 0.0
Max # of unsent chunk-reqs for max-retries: 0.0
Avg % of chunks received by Pastry: 6.85
Min % of chunks received by Pastry: 0.0
Max % of chunks received by Pastry: 14.0
StD of chunks received by Pastry: 3.6855573979159977
Var of chunks received by Pastry: 13.58333333333334
Avg % of chunks received by StarStream: 92.24
Min % of chunks received by StarStream: 85.0
Max % of chunks received by StarStream: 100.0
StD of chunks received by StarStream: 3.7742348211058947
Var of chunks received by StarStream: 14.244848484848244
[NONMOJO] Startup Delay: 136.38
[MOJO] Startup Delay: 64.2
[MOJO] Latency: 8.078214543538525
Min of perceived avg chunk delivery-time: 6.47
Max of perceived avg chunk delivery-time: 10.354166666666666
Variance of perceived avg chunk delivery-time: 0.6078364765796043
StD of perceived avg chunk delivery-time: 0.7796386833524901
Avg messages sent per node: 4905.97
Min messages sent per node: 2006.0
Max messages sent per node: 9458.0
Variance of messages sent per node: 3270516.8172727255
StD of messages sent per node: 1808.4570266591145
Nodes with incomplete playbacks: 76
[MOJO] Continuity Index: 66.4
[MOJO] Packet Loss: 33.6
Min % of not played chunks: 0.0
Max % of not played chunks: 99.0
Not played chunks [chunk-id/nodes]: {1=50, 2=39, 3=37, 4=39, 5=36, 6=26, 7=35, 8=32, 9=37, 10=31, 11=38, 12=37, 13=30, 14=31, 15=33, 17=32, 16=30, 19=31, 18=36, 21=36, 20=35, 23=37, 22=31, 25=33, 24=37, 27=32, 26=29, 29=32, 28=33, 31=36, 30=34, 34=38, 35=36, 32=30, 33=29, 38=33, 39=32, 36=41, 37=34, 42=33, 43=32, 40=33, 41=34, 46=32, 47=32, 44=32, 45=31, 51=35, 50=33, 49=34, 48=34, 55=36, 54=34, 53=29, 52=35, 59=33, 58=40, 57=37, 56=40, 63=32, 62=31, 61=32, 60=29, 68=38, 69=31, 70=30, 71=34, 64=34, 65=32, 66=35, 67=41, 76=37, 77=33, 78=38, 79=34, 72=35, 73=35, 74=33, 75=31, 85=32, 84=29, 87=28, 86=33, 81=35, 80=38, 83=32, 82=36, 93=39, 92=33, 95=33, 94=35, 89=32, 88=36, 91=33, 90=36, 98=29, 99=32, 96=33, 97=34}
Avg distance between not played chunks: 4.677785536996722
Min distance between not played chunks: 1.0
Max distance between not played chunks: 50.0

HELPING PEERS LOG

[HELPING] Active nodes: 0
[HELPING] Started playbacks: 0
[HELPING] Not started playbacks node-ids: []
[HELPING] Playbacks time-window: -9223372036854775807
[HELPING] Missing chunks distribution [missed-chunks/nodes]: {}
[HELPING] Rejected chunks for ttl expiration [chunk-id/nodes]: 0 {}
[HELPING] Rejected chunks for capacity limit [chunk-id/nodes]: 0 {}
[HELPING] bandwidthUtilUp: NaN
[HELPING] bandwidthUtilDown: NaN
[HELPING] Avg # of unsent chunk for max-retries: NaN
[HELPING] Min # of unsent chunk for max-retries: Infinity
[HELPING] Max # of unsent chunk for max-retries: -Infinity
[HELPING] Avg # of unsent chunk-reqs for max-retries: NaN
[HELPING] Min # of unsent chunk-reqs for max-retries: Infinity
[HELPING] Max # of unsent chunk-reqs for max-retries: -Infinity
[HELPING] Avg % of chunks received by Pastry: NaN
[HELPING] Min % of chunks received by Pastry: Infinity
[HELPING] Max % of chunks received by Pastry: -Infinity
[HELPING] StD of chunks received by Pastry: 0.0
[HELPING] Var of chunks received by Pastry: 0.0
[HELPING] Avg % of chunks received by StarStream: NaN
[HELPING] Min % of chunks received by StarStream: Infinity
[HELPING] Max % of chunks received by StarStream: -Infinity
[HELPING] StD of chunks received by StarStream: 0.0
[HELPING] Var of chunks received by StarStream: 0.0
[HELPING] Latency: NaN
[HELPING] Min of perceived avg chunk delivery-time: Infinity
[HELPING] Max of perceived avg chunk delivery-time: -Infinity
[HELPING] Variance of perceived avg chunk delivery-time: 0.0
[HELPING] StD of perceived avg chunk delivery-time: 0.0
[HELPING] Avg messages sent per node: NaN
[HELPING] Min messages sent per node: Infinity
[HELPING] Max messages sent per node: -Infinity
[HELPING] Variance of messages sent per node: 0.0
[HELPING] StD of messages sent per node: 0.0
[HELPING] Nodes with incomplete playbacks: 0
[HELPING] Packet Loss: NaN
[HELPING] Min % of not played chunks: Infinity
[HELPING] Max % of not played chunks: -Infinity
[HELPING] Not played chunks [chunk-id/nodes]: {}
[HELPING] Avg distance between not played chunks: NaN
[HELPING] Min distance between not played chunks: Infinity
[HELPING] Max distance between not played chunks: -Infinity

