Total chunks: 100
Nodes x chunk: 15
Total nodes: 190
Active nodes: 100
Started playbacks: 100
Not started playbacks node-ids: []
Playbacks time-window: 209
Missing chunks distribution [missed-chunks/nodes]: {0=100}
Rejected chunks for ttl expiration [chunk-id/nodes]: 0 {}
Rejected chunks for capacity limit [chunk-id/nodes]: 0 {}
bandwidthUtilUp: 0.0018059339937451224
bandwidthUtilDown: 9.853564140470934E-4
Avg # of unsent chunk for max-retries: 0.01
Min # of unsent chunk for max-retries: 0.0
Max # of unsent chunk for max-retries: 1.0
Avg # of unsent chunk-reqs for max-retries: 0.0
Min # of unsent chunk-reqs for max-retries: 0.0
Max # of unsent chunk-reqs for max-retries: 0.0
Avg % of chunks received by Pastry: 2.7
Min % of chunks received by Pastry: 0.0
Max % of chunks received by Pastry: 10.0
StD of chunks received by Pastry: 2.5524794837866014
Var of chunks received by Pastry: 6.515151515151515
Avg % of chunks received by StarStream: 96.35
Min % of chunks received by StarStream: 89.0
Max % of chunks received by StarStream: 100.0
StD of chunks received by StarStream: 2.61454749160545
Var of chunks received by StarStream: 6.8358585858603504
[MOJO] Startup Delay: 120.9
[MOJO] Latency: 18.186056445718783
Min of perceived avg chunk delivery-time: 6.85
Max of perceived avg chunk delivery-time: 360.0
Variance of perceived avg chunk delivery-time: 2022.3823224828627
StD of perceived avg chunk delivery-time: 44.97090528867373
Avg messages sent per node: 18918.14
Min messages sent per node: 15700.0
Max messages sent per node: 22896.0
Variance of messages sent per node: 2747266.525656587
StD of messages sent per node: 1657.4880167459996
Nodes with incomplete playbacks: 99
[MOJO] Packet Loss: 56.87
Min % of not played chunks: 0.0
Max % of not played chunks: 99.0
Not played chunks [chunk-id/nodes]: {1=59, 2=62, 3=62, 4=61, 5=59, 6=56, 7=63, 8=60, 9=58, 10=59, 11=57, 12=59, 13=52, 14=54, 15=53, 17=56, 16=65, 19=63, 18=53, 21=56, 20=58, 23=50, 22=56, 25=56, 24=53, 27=56, 26=52, 29=53, 28=58, 31=50, 30=51, 34=63, 35=60, 32=50, 33=57, 38=59, 39=62, 36=58, 37=56, 42=57, 43=58, 40=52, 41=58, 46=64, 47=48, 44=57, 45=56, 51=56, 50=55, 49=58, 48=58, 55=54, 54=65, 53=58, 52=60, 59=59, 58=58, 57=53, 56=68, 63=64, 62=59, 61=64, 60=59, 68=57, 69=50, 70=59, 71=61, 64=61, 65=53, 66=67, 67=56, 76=61, 77=51, 78=53, 79=51, 72=57, 73=56, 74=63, 75=65, 85=58, 84=54, 87=61, 86=53, 81=63, 80=52, 83=61, 82=61, 93=45, 92=58, 95=61, 94=52, 89=59, 88=62, 91=53, 90=59, 98=56, 99=52, 96=62, 97=61}
Avg distance between not played chunks: 2.6810402426473123
Min distance between not played chunks: 1.0
Max distance between not played chunks: 23.25

HELPING PEERS LOG

[HELPING] Active nodes: 90
[HELPING] Started playbacks: 90
[HELPING] Not started playbacks node-ids: []
[HELPING] Playbacks time-window: 161
[HELPING] Missing chunks distribution [missed-chunks/nodes]: {0=90}
[HELPING] Rejected chunks for ttl expiration [chunk-id/nodes]: 0 {}
[HELPING] Rejected chunks for capacity limit [chunk-id/nodes]: 0 {}
[HELPING] bandwidthUtilUp: 0.0017943221481601034
[HELPING] bandwidthUtilDown: 9.432206653461398E-4
[HELPING] Avg # of unsent chunk for max-retries: 0.044444444444444446
[HELPING] Min # of unsent chunk for max-retries: 0.0
[HELPING] Max # of unsent chunk for max-retries: 2.0
[HELPING] Avg # of unsent chunk-reqs for max-retries: 0.0
[HELPING] Min # of unsent chunk-reqs for max-retries: 0.0
[HELPING] Max # of unsent chunk-reqs for max-retries: 0.0
[HELPING] Avg % of chunks received by Pastry: 1.9333333333333333
[HELPING] Min % of chunks received by Pastry: 0.0
[HELPING] Max % of chunks received by Pastry: 7.0
[HELPING] StD of chunks received by Pastry: 1.4975635643315723
[HELPING] Var of chunks received by Pastry: 2.2426966292134836
[HELPING] Avg % of chunks received by StarStream: 97.16666666666667
[HELPING] Min % of chunks received by StarStream: 92.0
[HELPING] Max % of chunks received by StarStream: 100.0
[HELPING] StD of chunks received by StarStream: 1.643851328743126
[HELPING] Var of chunks received by StarStream: 2.702247191010541
[HELPING] Startup Delay: 293.9111111111111
[HELPING] Latency: 8.083191375380377
[HELPING] Min of perceived avg chunk delivery-time: 7.0
[HELPING] Max of perceived avg chunk delivery-time: 9.525773195876289
[HELPING] Variance of perceived avg chunk delivery-time: 0.23144779092273998
[HELPING] StD of perceived avg chunk delivery-time: 0.48109021079496095
[HELPING] Avg messages sent per node: 18809.222222222223
[HELPING] Min messages sent per node: 15204.0
[HELPING] Max messages sent per node: 23391.0
[HELPING] Variance of messages sent per node: 3000607.34332086
[HELPING] StD of messages sent per node: 1732.2261236111353
[HELPING] Nodes with incomplete playbacks: 86
[HELPING] Packet Loss: 50.8
[HELPING] Min % of not played chunks: 0.0
[HELPING] Max % of not played chunks: 99.0
[HELPING] Not played chunks [chunk-id/nodes]: {1=48, 2=57, 3=47, 4=54, 5=55, 6=42, 7=51, 8=50, 9=44, 10=43, 11=48, 12=49, 13=46, 14=42, 15=46, 17=44, 16=46, 19=49, 18=51, 21=50, 20=49, 23=47, 22=46, 25=46, 24=39, 27=50, 26=43, 29=42, 28=52, 31=48, 30=44, 34=50, 35=44, 32=54, 33=44, 38=43, 39=45, 36=43, 37=51, 42=38, 43=41, 40=51, 41=44, 46=47, 47=48, 44=41, 45=48, 51=46, 50=36, 49=41, 48=46, 55=45, 54=41, 53=44, 52=50, 59=48, 58=45, 57=47, 56=49, 63=42, 62=47, 61=45, 60=51, 68=44, 69=47, 70=51, 71=44, 64=49, 65=51, 66=47, 67=38, 76=45, 77=47, 78=45, 79=47, 72=55, 73=55, 74=42, 75=54, 85=43, 84=48, 87=46, 86=41, 81=51, 80=37, 83=46, 82=42, 93=45, 92=46, 95=47, 94=47, 89=49, 88=46, 91=40, 90=40, 98=48, 99=42, 96=39, 97=45}
[HELPING] Avg distance between not played chunks: 3.0347209624147387
[HELPING] Min distance between not played chunks: 1.0
[HELPING] Max distance between not played chunks: 37.0

