Total chunks: 100
Nodes x chunk: 15
Total nodes: 130
Active nodes: 100
Started playbacks: 100
Not started playbacks node-ids: []
Playbacks time-window: 208
Missing chunks distribution [missed-chunks/nodes]: {0=100}
Rejected chunks for ttl expiration [chunk-id/nodes]: 0 {}
Rejected chunks for capacity limit [chunk-id/nodes]: 0 {}
bandwidthUtilUp: 0.0017696893693209593
bandwidthUtilDown: 9.379666489534741E-4
Avg # of unsent chunk for max-retries: 0.0
Min # of unsent chunk for max-retries: 0.0
Max # of unsent chunk for max-retries: 0.0
Avg # of unsent chunk-reqs for max-retries: 0.0
Min # of unsent chunk-reqs for max-retries: 0.0
Max # of unsent chunk-reqs for max-retries: 0.0
Avg % of chunks received by Pastry: 2.58
Min % of chunks received by Pastry: 0.0
Max % of chunks received by Pastry: 12.0
StD of chunks received by Pastry: 2.5032504122166097
Var of chunks received by Pastry: 6.266262626262626
Avg % of chunks received by StarStream: 96.53
Min % of chunks received by StarStream: 87.0
Max % of chunks received by StarStream: 100.0
StD of chunks received by StarStream: 2.62641976996855
Var of chunks received by StarStream: 6.8980808080816525
[MOJO] Startup Delay: 78.8
[MOJO] Latency: 13.51345958658946
Min of perceived avg chunk delivery-time: 5.95
Max of perceived avg chunk delivery-time: 198.0
Variance of perceived avg chunk delivery-time: 669.3166773254969
StD of perceived avg chunk delivery-time: 25.871155314857837
Avg messages sent per node: 18523.86
Min messages sent per node: 13679.0
Max messages sent per node: 22454.0
Variance of messages sent per node: 3463239.2125252523
StD of messages sent per node: 1860.9780258039727
Nodes with incomplete playbacks: 88
[MOJO] Packet Loss: 48.27
Min % of not played chunks: 0.0
Max % of not played chunks: 99.0
Not played chunks [chunk-id/nodes]: {1=56, 2=54, 3=48, 4=52, 5=49, 6=45, 7=50, 8=46, 9=45, 10=49, 11=46, 12=47, 13=47, 14=45, 15=49, 17=49, 16=51, 19=45, 18=52, 21=52, 20=45, 23=54, 22=49, 25=48, 24=44, 27=55, 26=36, 29=46, 28=53, 31=47, 30=51, 34=47, 35=47, 32=43, 33=48, 38=51, 39=52, 36=47, 37=46, 42=50, 43=48, 40=54, 41=50, 46=54, 47=52, 44=53, 45=52, 51=48, 50=46, 49=43, 48=55, 55=43, 54=46, 53=49, 52=49, 59=46, 58=52, 57=42, 56=51, 63=58, 62=51, 61=49, 60=47, 68=45, 69=50, 70=54, 71=51, 64=46, 65=52, 66=45, 67=49, 76=53, 77=45, 78=48, 79=41, 72=59, 73=51, 74=50, 75=50, 85=48, 84=47, 87=52, 86=48, 81=49, 80=48, 83=47, 82=48, 93=50, 92=45, 95=50, 94=47, 89=43, 88=48, 91=46, 90=50, 98=46, 99=49, 96=48, 97=55}
Avg distance between not played chunks: 3.006235890550385
Min distance between not played chunks: 1.0
Max distance between not played chunks: 17.0

HELPING PEERS LOG

[HELPING] Active nodes: 30
[HELPING] Started playbacks: 30
[HELPING] Not started playbacks node-ids: []
[HELPING] Playbacks time-window: 128
[HELPING] Missing chunks distribution [missed-chunks/nodes]: {0=30}
[HELPING] Rejected chunks for ttl expiration [chunk-id/nodes]: 0 {}
[HELPING] Rejected chunks for capacity limit [chunk-id/nodes]: 0 {}
[HELPING] bandwidthUtilUp: 0.0017487831835113115
[HELPING] bandwidthUtilDown: 8.990643177016632E-4
[HELPING] Avg # of unsent chunk for max-retries: 0.0
[HELPING] Min # of unsent chunk for max-retries: 0.0
[HELPING] Max # of unsent chunk for max-retries: 0.0
[HELPING] Avg # of unsent chunk-reqs for max-retries: 0.0
[HELPING] Min # of unsent chunk-reqs for max-retries: 0.0
[HELPING] Max # of unsent chunk-reqs for max-retries: 0.0
[HELPING] Avg % of chunks received by Pastry: 2.1666666666666665
[HELPING] Min % of chunks received by Pastry: 0.0
[HELPING] Max % of chunks received by Pastry: 9.0
[HELPING] StD of chunks received by Pastry: 2.2755572766995407
[HELPING] Var of chunks received by Pastry: 5.17816091954023
[HELPING] Avg % of chunks received by StarStream: 96.93333333333334
[HELPING] Min % of chunks received by StarStream: 90.0
[HELPING] Max % of chunks received by StarStream: 100.0
[HELPING] StD of chunks received by StarStream: 2.3625429510173173
[HELPING] Var of chunks received by StarStream: 5.581609195401613
[HELPING] Startup Delay: 193.53333333333333
[HELPING] Latency: 7.1074200508486225
[HELPING] Min of perceived avg chunk delivery-time: 6.17
[HELPING] Max of perceived avg chunk delivery-time: 8.06
[HELPING] Variance of perceived avg chunk delivery-time: 0.2175239352264742
[HELPING] StD of perceived avg chunk delivery-time: 0.46639461320482056
[HELPING] Avg messages sent per node: 18307.333333333332
[HELPING] Min messages sent per node: 15503.0
[HELPING] Max messages sent per node: 21199.0
[HELPING] Variance of messages sent per node: 2329396.0919540506
[HELPING] StD of messages sent per node: 1526.2359227701497
[HELPING] Nodes with incomplete playbacks: 20
[HELPING] Packet Loss: 25.266666666666666
[HELPING] Min % of not played chunks: 0.0
[HELPING] Max % of not played chunks: 99.0
[HELPING] Not played chunks [chunk-id/nodes]: {1=11, 2=6, 3=6, 4=5, 5=6, 6=7, 7=8, 8=8, 9=7, 10=6, 11=7, 12=4, 13=10, 14=7, 15=4, 17=8, 16=8, 19=6, 18=9, 21=9, 20=9, 23=9, 22=9, 25=9, 24=12, 27=8, 26=7, 29=9, 28=10, 31=7, 30=10, 34=7, 35=6, 32=9, 33=7, 38=7, 39=8, 36=10, 37=9, 42=5, 43=7, 40=7, 41=8, 46=11, 47=6, 44=5, 45=7, 51=5, 50=7, 49=7, 48=7, 55=10, 54=9, 53=11, 52=11, 59=9, 58=10, 57=10, 56=4, 63=8, 62=6, 61=7, 60=8, 68=8, 69=4, 70=5, 71=9, 64=8, 65=6, 66=7, 67=7, 76=9, 77=7, 78=10, 79=6, 72=7, 73=8, 74=7, 75=8, 85=7, 84=8, 87=6, 86=10, 81=9, 80=10, 83=7, 82=7, 93=7, 92=6, 95=7, 94=10, 89=9, 88=9, 91=8, 90=6, 98=4, 99=6, 96=11, 97=6}
[HELPING] Avg distance between not played chunks: 7.658298112457071
[HELPING] Min distance between not played chunks: 1.0
[HELPING] Max distance between not played chunks: 42.0

