Total chunks: 100
Nodes x chunk: 15
Total nodes: 100
Active nodes: 100
Started playbacks: 100
Not started playbacks node-ids: []
Playbacks time-window: 186
Missing chunks distribution [missed-chunks/nodes]: {0=99, 1=1}
Rejected chunks for ttl expiration [chunk-id/nodes]: 2 {0=5, 2=1}
Rejected chunks for capacity limit [chunk-id/nodes]: 0 {}
bandwidthUtilUp: 0.014404617603756975
bandwidthUtilDown: 0.008625676110813918
Avg # of unsent chunk for max-retries: 0.0
Min # of unsent chunk for max-retries: 0.0
Max # of unsent chunk for max-retries: 0.0
Avg # of unsent chunk-reqs for max-retries: 0.0
Min # of unsent chunk-reqs for max-retries: 0.0
Max # of unsent chunk-reqs for max-retries: 0.0
Avg % of chunks received by Pastry: 4.73
Min % of chunks received by Pastry: 0.0
Max % of chunks received by Pastry: 13.0
StD of chunks received by Pastry: 3.2686295895894033
Var of chunks received by Pastry: 10.683939393939392
Avg % of chunks received by StarStream: 94.33
Min % of chunks received by StarStream: 86.0
Max % of chunks received by StarStream: 100.0
StD of chunks received by StarStream: 3.327434173927206
Var of chunks received by StarStream: 11.07181818181863
[NONMOJO] Startup Delay: 134.11
[MOJO] Startup Delay: 53.2
[MOJO] Latency: 7.396257693705413
Min of perceived avg chunk delivery-time: 6.24
Max of perceived avg chunk delivery-time: 8.7
Variance of perceived avg chunk delivery-time: 0.26965915605623336
StD of perceived avg chunk delivery-time: 0.5192871614590846
Avg messages sent per node: 6885.33
Min messages sent per node: 4403.0
Max messages sent per node: 10162.0
Variance of messages sent per node: 2278320.86979798
StD of messages sent per node: 1509.410769074469
Nodes with incomplete playbacks: 72
[MOJO] Continuity Index: 65.47
[MOJO] Packet Loss: 34.53
Min % of not played chunks: 0.0
Max % of not played chunks: 99.0
Not played chunks [chunk-id/nodes]: {1=41, 2=40, 3=35, 4=37, 5=35, 6=32, 7=33, 8=36, 9=27, 10=40, 11=34, 12=38, 13=35, 14=34, 15=34, 17=33, 16=38, 19=34, 18=37, 21=38, 20=33, 23=33, 22=37, 25=39, 24=37, 27=28, 26=30, 29=31, 28=32, 31=41, 30=42, 34=36, 35=35, 32=33, 33=29, 38=36, 39=34, 36=33, 37=33, 42=37, 43=32, 40=32, 41=35, 46=37, 47=29, 44=38, 45=30, 51=37, 50=26, 49=32, 48=41, 55=29, 54=37, 53=32, 52=38, 59=29, 58=36, 57=30, 56=29, 63=35, 62=35, 61=38, 60=42, 68=40, 69=35, 70=38, 71=36, 64=32, 65=39, 66=38, 67=34, 76=39, 77=32, 78=39, 79=28, 72=39, 73=36, 74=37, 75=38, 85=32, 84=30, 87=40, 86=35, 81=32, 80=32, 83=40, 82=32, 93=38, 92=32, 95=37, 94=37, 89=39, 88=33, 91=34, 90=36, 98=35, 99=33, 96=30, 97=37}
Avg distance between not played chunks: 3.0950888728567345
Min distance between not played chunks: 1.0
Max distance between not played chunks: 32.0

HELPING PEERS LOG

[HELPING] Active nodes: 0
[HELPING] Started playbacks: 0
[HELPING] Not started playbacks node-ids: []
[HELPING] Playbacks time-window: -9223372036854775807
[HELPING] Missing chunks distribution [missed-chunks/nodes]: {}
[HELPING] Rejected chunks for ttl expiration [chunk-id/nodes]: 0 {}
[HELPING] Rejected chunks for capacity limit [chunk-id/nodes]: 0 {}
[HELPING] bandwidthUtilUp: NaN
[HELPING] bandwidthUtilDown: NaN
[HELPING] Avg # of unsent chunk for max-retries: NaN
[HELPING] Min # of unsent chunk for max-retries: Infinity
[HELPING] Max # of unsent chunk for max-retries: -Infinity
[HELPING] Avg # of unsent chunk-reqs for max-retries: NaN
[HELPING] Min # of unsent chunk-reqs for max-retries: Infinity
[HELPING] Max # of unsent chunk-reqs for max-retries: -Infinity
[HELPING] Avg % of chunks received by Pastry: NaN
[HELPING] Min % of chunks received by Pastry: Infinity
[HELPING] Max % of chunks received by Pastry: -Infinity
[HELPING] StD of chunks received by Pastry: 0.0
[HELPING] Var of chunks received by Pastry: 0.0
[HELPING] Avg % of chunks received by StarStream: NaN
[HELPING] Min % of chunks received by StarStream: Infinity
[HELPING] Max % of chunks received by StarStream: -Infinity
[HELPING] StD of chunks received by StarStream: 0.0
[HELPING] Var of chunks received by StarStream: 0.0
[HELPING] Latency: NaN
[HELPING] Min of perceived avg chunk delivery-time: Infinity
[HELPING] Max of perceived avg chunk delivery-time: -Infinity
[HELPING] Variance of perceived avg chunk delivery-time: 0.0
[HELPING] StD of perceived avg chunk delivery-time: 0.0
[HELPING] Avg messages sent per node: NaN
[HELPING] Min messages sent per node: Infinity
[HELPING] Max messages sent per node: -Infinity
[HELPING] Variance of messages sent per node: 0.0
[HELPING] StD of messages sent per node: 0.0
[HELPING] Nodes with incomplete playbacks: 0
[HELPING] Packet Loss: NaN
[HELPING] Min % of not played chunks: Infinity
[HELPING] Max % of not played chunks: -Infinity
[HELPING] Not played chunks [chunk-id/nodes]: {}
[HELPING] Avg distance between not played chunks: NaN
[HELPING] Min distance between not played chunks: Infinity
[HELPING] Max distance between not played chunks: -Infinity

