Total chunks: 100
Nodes x chunk: 15
Total nodes: 150
Active nodes: 100
Started playbacks: 100
Not started playbacks node-ids: []
Playbacks time-window: 228
Missing chunks distribution [missed-chunks/nodes]: {0=100}
Rejected chunks for ttl expiration [chunk-id/nodes]: 0 {}
Rejected chunks for capacity limit [chunk-id/nodes]: 0 {}
bandwidthUtilUp: 0.007641588235294145
bandwidthUtilDown: 0.004584840784313823
Avg # of unsent chunk for max-retries: 0.0
Min # of unsent chunk for max-retries: 0.0
Max # of unsent chunk for max-retries: 0.0
Avg # of unsent chunk-reqs for max-retries: 0.0
Min # of unsent chunk-reqs for max-retries: 0.0
Max # of unsent chunk-reqs for max-retries: 0.0
Avg % of chunks received by Pastry: 3.55
Min % of chunks received by Pastry: 0.0
Max % of chunks received by Pastry: 11.0
StD of chunks received by Pastry: 2.900278635168725
Var of chunks received by Pastry: 8.411616161616163
Avg % of chunks received by StarStream: 95.5
Min % of chunks received by StarStream: 88.0
Max % of chunks received by StarStream: 100.0
StD of chunks received by StarStream: 2.969542358374667
Var of chunks received by StarStream: 8.818181818181378
[MOJO] Startup Delay: 210.34
[MOJO] Latency: 7.109402040816327
Min of perceived avg chunk delivery-time: 6.03
Max of perceived avg chunk delivery-time: 9.744897959183673
Variance of perceived avg chunk delivery-time: 0.2654856943066684
StD of perceived avg chunk delivery-time: 0.5152530391047377
Avg messages sent per node: 18813.23
Min messages sent per node: 15104.0
Max messages sent per node: 22814.0
Variance of messages sent per node: 2600587.0273737595
StD of messages sent per node: 1612.6335688474799
Nodes with incomplete playbacks: 99
[MOJO] Packet Loss: 54.02
Min % of not played chunks: 0.0
Max % of not played chunks: 99.0
Not played chunks [chunk-id/nodes]: {1=61, 2=60, 3=59, 4=52, 5=51, 6=54, 7=57, 8=54, 9=62, 10=49, 11=54, 12=56, 13=56, 14=56, 15=51, 17=63, 16=53, 19=56, 18=56, 21=53, 20=54, 23=47, 22=61, 25=58, 24=57, 27=51, 26=51, 29=53, 28=45, 31=58, 30=52, 34=53, 35=56, 32=54, 33=60, 38=48, 39=55, 36=55, 37=52, 42=64, 43=55, 40=58, 41=59, 46=51, 47=59, 44=50, 45=52, 51=56, 50=57, 49=54, 48=53, 55=55, 54=54, 53=56, 52=64, 59=54, 58=52, 57=47, 56=60, 63=52, 62=59, 61=54, 60=48, 68=52, 69=45, 70=54, 71=63, 64=61, 65=55, 66=59, 67=59, 76=51, 77=51, 78=56, 79=51, 72=53, 73=51, 74=54, 75=62, 85=57, 84=54, 87=55, 86=50, 81=47, 80=50, 83=53, 82=51, 93=57, 92=58, 95=56, 94=54, 89=56, 88=48, 91=48, 90=55, 98=50, 99=65, 96=50, 97=55}
Avg distance between not played chunks: 2.9682586503348656
Min distance between not played chunks: 1.0
Max distance between not played chunks: 20.5

