Total chunks: 100
Nodes x chunk: 15
Total nodes: 110
Active nodes: 100
Started playbacks: 100
Not started playbacks node-ids: []
Playbacks time-window: 236
Missing chunks distribution [missed-chunks/nodes]: {0=98, 1=2}
Rejected chunks for ttl expiration [chunk-id/nodes]: 2 {1=3, 2=2}
Rejected chunks for capacity limit [chunk-id/nodes]: 0 {}
bandwidthUtilUp: 0.007494175163398723
bandwidthUtilDown: 0.0044513717647059765
Avg # of unsent chunk for max-retries: 0.0
Min # of unsent chunk for max-retries: 0.0
Max # of unsent chunk for max-retries: 0.0
Avg # of unsent chunk-reqs for max-retries: 0.0
Min # of unsent chunk-reqs for max-retries: 0.0
Max # of unsent chunk-reqs for max-retries: 0.0
Avg % of chunks received by Pastry: 2.4
Min % of chunks received by Pastry: 0.0
Max % of chunks received by Pastry: 11.0
StD of chunks received by Pastry: 2.4412283710451916
Var of chunks received by Pastry: 5.95959595959596
Avg % of chunks received by StarStream: 96.73
Min % of chunks received by StarStream: 88.0
Max % of chunks received by StarStream: 100.0
StD of chunks received by StarStream: 2.581421580009404
Var of chunks received by StarStream: 6.663737373738248
[MOJO] Startup Delay: 149.78
[MOJO] Latency: 6.524839143804975
Min of perceived avg chunk delivery-time: 4.96
Max of perceived avg chunk delivery-time: 8.855670103092784
Variance of perceived avg chunk delivery-time: 0.382254972684812
StD of perceived avg chunk delivery-time: 0.6182677192647308
Avg messages sent per node: 18463.24
Min messages sent per node: 12710.0
Max messages sent per node: 22629.0
Variance of messages sent per node: 3893844.8509090478
StD of messages sent per node: 1973.2827599989434
Nodes with incomplete playbacks: 86
[MOJO] Packet Loss: 44.12
Min % of not played chunks: 0.0
Max % of not played chunks: 99.0
Not played chunks [chunk-id/nodes]: {1=55, 2=46, 3=45, 4=45, 5=46, 6=44, 7=45, 8=43, 9=51, 10=49, 11=47, 12=47, 13=40, 14=39, 15=43, 17=51, 16=43, 19=48, 18=46, 21=43, 20=37, 23=38, 22=44, 25=41, 24=43, 27=44, 26=44, 29=47, 28=46, 31=52, 30=45, 34=41, 35=49, 32=47, 33=40, 38=44, 39=41, 36=50, 37=42, 42=44, 43=45, 40=44, 41=47, 46=41, 47=39, 44=45, 45=40, 51=43, 50=45, 49=45, 48=49, 55=41, 54=41, 53=41, 52=53, 59=51, 58=47, 57=42, 56=48, 63=45, 62=41, 61=40, 60=39, 68=44, 69=48, 70=44, 71=43, 64=43, 65=45, 66=45, 67=41, 76=48, 77=45, 78=47, 79=43, 72=45, 73=39, 74=44, 75=45, 85=47, 84=42, 87=40, 86=44, 81=45, 80=47, 83=49, 82=42, 93=41, 92=54, 95=47, 94=43, 89=52, 88=44, 91=42, 90=39, 98=50, 99=41, 96=44, 97=43}
Avg distance between not played chunks: 3.1469613197336694
Min distance between not played chunks: 1.0
Max distance between not played chunks: 56.0

