Total chunks: 100
Nodes x chunk: 15
Total nodes: 100
Active nodes: 100
Started playbacks: 100
Not started playbacks node-ids: []
Playbacks time-window: 261
Missing chunks distribution [missed-chunks/nodes]: {0=97, 1=2, 3=1}
Rejected chunks for ttl expiration [chunk-id/nodes]: 3 {2=3, 3=1, 4=1}
Rejected chunks for capacity limit [chunk-id/nodes]: 0 {}
bandwidthUtilUp: 0.007461393464052314
bandwidthUtilDown: 0.004406455686274603
Avg # of unsent chunk for max-retries: 0.0
Min # of unsent chunk for max-retries: 0.0
Max # of unsent chunk for max-retries: 0.0
Avg # of unsent chunk-reqs for max-retries: 0.0
Min # of unsent chunk-reqs for max-retries: 0.0
Max # of unsent chunk-reqs for max-retries: 0.0
Avg % of chunks received by Pastry: 2.4
Min % of chunks received by Pastry: 0.0
Max % of chunks received by Pastry: 9.0
StD of chunks received by Pastry: 2.287427208092802
Var of chunks received by Pastry: 5.232323232323233
Avg % of chunks received by StarStream: 96.79
Min % of chunks received by StarStream: 90.0
Max % of chunks received by StarStream: 100.0
StD of chunks received by StarStream: 2.495632548709835
Var of chunks received by StarStream: 6.228181818179946
[MOJO] Startup Delay: 135.95
[MOJO] Latency: 6.293015186502427
Min of perceived avg chunk delivery-time: 5.16
Max of perceived avg chunk delivery-time: 7.724489795918367
Variance of perceived avg chunk delivery-time: 0.28253133737976555
StD of perceived avg chunk delivery-time: 0.5315367695463462
Avg messages sent per node: 18381.94
Min messages sent per node: 14398.0
Max messages sent per node: 25352.0
Variance of messages sent per node: 3560770.6630303403
StD of messages sent per node: 1887.0004406545168
Nodes with incomplete playbacks: 69
[MOJO] Packet Loss: 32.71
Min % of not played chunks: 0.0
Max % of not played chunks: 99.0
Not played chunks [chunk-id/nodes]: {1=46, 2=39, 3=35, 4=32, 5=34, 6=35, 7=31, 8=29, 9=31, 10=34, 11=27, 12=31, 13=28, 14=35, 15=28, 17=34, 16=35, 19=34, 18=29, 21=36, 20=34, 23=35, 22=33, 25=31, 24=33, 27=36, 26=37, 29=34, 28=31, 31=33, 30=35, 34=36, 35=30, 32=33, 33=30, 38=36, 39=37, 36=33, 37=31, 42=29, 43=35, 40=30, 41=38, 46=28, 47=33, 44=32, 45=34, 51=39, 50=31, 49=33, 48=37, 55=35, 54=34, 53=36, 52=32, 59=33, 58=35, 57=32, 56=33, 63=32, 62=32, 61=29, 60=27, 68=37, 69=32, 70=34, 71=31, 64=34, 65=33, 66=35, 67=32, 76=41, 77=30, 78=36, 79=37, 72=30, 73=37, 74=32, 75=32, 85=33, 84=29, 87=36, 86=35, 81=32, 80=34, 83=29, 82=34, 93=33, 92=28, 95=36, 94=27, 89=30, 88=34, 91=31, 90=31, 98=33, 99=32, 96=30, 97=31}
Avg distance between not played chunks: 3.369778102711586
Min distance between not played chunks: 1.0
Max distance between not played chunks: 56.0

