Total chunks: 100
Nodes x chunk: 15
Total nodes: 100
Active nodes: 100
Started playbacks: 100
Not started playbacks node-ids: []
Playbacks time-window: 250
Missing chunks distribution [missed-chunks/nodes]: {0=98, 1=1, 4=1}
Rejected chunks for ttl expiration [chunk-id/nodes]: 4 {0=6, 2=2, 3=1, 4=1}
Rejected chunks for capacity limit [chunk-id/nodes]: 0 {}
bandwidthUtilUp: 0.01250949020184525
bandwidthUtilDown: 0.008065629346850225
Avg # of unsent chunk for max-retries: 0.0
Min # of unsent chunk for max-retries: 0.0
Max # of unsent chunk for max-retries: 0.0
Avg # of unsent chunk-reqs for max-retries: 0.0
Min # of unsent chunk-reqs for max-retries: 0.0
Max # of unsent chunk-reqs for max-retries: 0.0
Avg % of chunks received by Pastry: 7.62
Min % of chunks received by Pastry: 0.0
Max % of chunks received by Pastry: 20.0
StD of chunks received by Pastry: 4.254005836451763
Var of chunks received by Pastry: 18.096565656565662
Avg % of chunks received by StarStream: 91.44
Min % of chunks received by StarStream: 80.0
Max % of chunks received by StarStream: 100.0
StD of chunks received by StarStream: 4.293099937190732
Var of chunks received by StarStream: 18.430707070707065
[NONMOJO] Startup Delay: 141.32
[MOJO] Startup Delay: 60.9
[MOJO] Latency: 8.622161880613083
Min of perceived avg chunk delivery-time: 7.21
Max of perceived avg chunk delivery-time: 10.83673469387755
Variance of perceived avg chunk delivery-time: 0.6051325495132683
StD of perceived avg chunk delivery-time: 0.7779026606930126
Avg messages sent per node: 4083.78
Min messages sent per node: 1797.0
Max messages sent per node: 7924.0
Variance of messages sent per node: 2664523.5874747485
StD of messages sent per node: 1632.3368486543297
Nodes with incomplete playbacks: 61
[MOJO] Continuity Index: 69.83
[MOJO] Packet Loss: 30.17
Min % of not played chunks: 0.0
Max % of not played chunks: 99.0
Not played chunks [chunk-id/nodes]: {1=40, 2=36, 3=32, 4=30, 5=34, 6=28, 7=33, 8=25, 9=30, 10=30, 11=32, 12=25, 13=31, 14=28, 15=30, 17=24, 16=29, 19=26, 18=29, 21=31, 20=31, 23=32, 22=35, 25=31, 24=26, 27=26, 26=28, 29=32, 28=25, 31=32, 30=29, 34=26, 35=28, 32=34, 33=30, 38=33, 39=28, 36=32, 37=32, 42=31, 43=30, 40=30, 41=32, 46=34, 47=32, 44=27, 45=30, 51=30, 50=30, 49=27, 48=27, 55=31, 54=34, 53=27, 52=33, 59=33, 58=33, 57=25, 56=34, 63=38, 62=31, 61=32, 60=30, 68=29, 69=34, 70=33, 71=32, 64=33, 65=32, 66=29, 67=31, 76=31, 77=30, 78=28, 79=31, 72=31, 73=28, 74=28, 75=32, 85=28, 84=33, 87=31, 86=28, 81=33, 80=35, 83=29, 82=29, 93=31, 92=32, 95=35, 94=27, 89=30, 88=30, 91=31, 90=30, 98=29, 99=28, 96=32, 97=30}
Avg distance between not played chunks: 2.605942782466381
Min distance between not played chunks: 1.0
Max distance between not played chunks: 15.333333333333334

HELPING PEERS LOG

[HELPING] Active nodes: 0
[HELPING] Started playbacks: 0
[HELPING] Not started playbacks node-ids: []
[HELPING] Playbacks time-window: -9223372036854775807
[HELPING] Missing chunks distribution [missed-chunks/nodes]: {}
[HELPING] Rejected chunks for ttl expiration [chunk-id/nodes]: 0 {}
[HELPING] Rejected chunks for capacity limit [chunk-id/nodes]: 0 {}
[HELPING] bandwidthUtilUp: NaN
[HELPING] bandwidthUtilDown: NaN
[HELPING] Avg # of unsent chunk for max-retries: NaN
[HELPING] Min # of unsent chunk for max-retries: Infinity
[HELPING] Max # of unsent chunk for max-retries: -Infinity
[HELPING] Avg # of unsent chunk-reqs for max-retries: NaN
[HELPING] Min # of unsent chunk-reqs for max-retries: Infinity
[HELPING] Max # of unsent chunk-reqs for max-retries: -Infinity
[HELPING] Avg % of chunks received by Pastry: NaN
[HELPING] Min % of chunks received by Pastry: Infinity
[HELPING] Max % of chunks received by Pastry: -Infinity
[HELPING] StD of chunks received by Pastry: 0.0
[HELPING] Var of chunks received by Pastry: 0.0
[HELPING] Avg % of chunks received by StarStream: NaN
[HELPING] Min % of chunks received by StarStream: Infinity
[HELPING] Max % of chunks received by StarStream: -Infinity
[HELPING] StD of chunks received by StarStream: 0.0
[HELPING] Var of chunks received by StarStream: 0.0
[HELPING] Latency: NaN
[HELPING] Min of perceived avg chunk delivery-time: Infinity
[HELPING] Max of perceived avg chunk delivery-time: -Infinity
[HELPING] Variance of perceived avg chunk delivery-time: 0.0
[HELPING] StD of perceived avg chunk delivery-time: 0.0
[HELPING] Avg messages sent per node: NaN
[HELPING] Min messages sent per node: Infinity
[HELPING] Max messages sent per node: -Infinity
[HELPING] Variance of messages sent per node: 0.0
[HELPING] StD of messages sent per node: 0.0
[HELPING] Nodes with incomplete playbacks: 0
[HELPING] Packet Loss: NaN
[HELPING] Min % of not played chunks: Infinity
[HELPING] Max % of not played chunks: -Infinity
[HELPING] Not played chunks [chunk-id/nodes]: {}
[HELPING] Avg distance between not played chunks: NaN
[HELPING] Min distance between not played chunks: Infinity
[HELPING] Max distance between not played chunks: -Infinity

