Total chunks: 100
Nodes x chunk: 15
Total nodes: 100
Active nodes: 100
Started playbacks: 100
Not started playbacks node-ids: []
Playbacks time-window: 260
Missing chunks distribution [missed-chunks/nodes]: {0=97, 1=1, 3=1, 4=1}
Rejected chunks for ttl expiration [chunk-id/nodes]: 3 {0=2, 2=2, 3=1}
Rejected chunks for capacity limit [chunk-id/nodes]: 0 {}
bandwidthUtilUp: 0.010829768575863496
bandwidthUtilDown: 0.006456121122933966
Avg # of unsent chunk for max-retries: 0.0
Min # of unsent chunk for max-retries: 0.0
Max # of unsent chunk for max-retries: 0.0
Avg # of unsent chunk-reqs for max-retries: 0.0
Min # of unsent chunk-reqs for max-retries: 0.0
Max # of unsent chunk-reqs for max-retries: 0.0
Avg % of chunks received by Pastry: 10.71
Min % of chunks received by Pastry: 0.0
Max % of chunks received by Pastry: 23.0
StD of chunks received by Pastry: 5.278687853486454
Var of chunks received by Pastry: 27.86454545454542
Avg % of chunks received by StarStream: 88.35
Min % of chunks received by StarStream: 76.0
Max % of chunks received by StarStream: 100.0
StD of chunks received by StarStream: 5.388680616614805
Var of chunks received by StarStream: 29.037878787880114
[NONMOJO] Startup Delay: 141.1
[MOJO] Startup Delay: 99.7
[MOJO] Latency: 9.80739599288169
Min of perceived avg chunk delivery-time: 6.51
Max of perceived avg chunk delivery-time: 17.958333333333332
Variance of perceived avg chunk delivery-time: 2.5796873976626338
StD of perceived avg chunk delivery-time: 1.606140528615922
Avg messages sent per node: 2484.52
Min messages sent per node: 1406.0
Max messages sent per node: 4227.0
Variance of messages sent per node: 406245.2016161614
StD of messages sent per node: 637.3736750260097
Nodes with incomplete playbacks: 77
[MOJO] Continuity Index: 66.41
[MOJO] Packet Loss: 33.59
Min % of not played chunks: 0.0
Max % of not played chunks: 99.0
Not played chunks [chunk-id/nodes]: {1=46, 2=41, 3=38, 4=37, 5=31, 6=29, 7=29, 8=32, 9=31, 10=35, 11=35, 12=39, 13=30, 14=32, 15=33, 17=35, 16=29, 19=34, 18=32, 21=35, 20=32, 23=36, 22=33, 25=36, 24=36, 27=30, 26=34, 29=36, 28=30, 31=38, 30=35, 34=36, 35=30, 32=27, 33=34, 38=34, 39=36, 36=34, 37=35, 42=35, 43=31, 40=30, 41=31, 46=37, 47=37, 44=28, 45=29, 51=31, 50=34, 49=32, 48=36, 55=31, 54=31, 53=36, 52=33, 59=33, 58=34, 57=40, 56=31, 63=32, 62=36, 61=32, 60=38, 68=39, 69=34, 70=34, 71=36, 64=36, 65=35, 66=33, 67=39, 76=28, 77=35, 78=27, 79=32, 72=35, 73=34, 74=36, 75=40, 85=31, 84=42, 87=31, 86=32, 81=36, 80=36, 83=37, 82=34, 93=38, 92=38, 95=29, 94=35, 89=34, 88=29, 91=36, 90=32, 98=40, 99=31, 96=34, 97=28}
Avg distance between not played chunks: 2.8795807783344105
Min distance between not played chunks: 1.0
Max distance between not played chunks: 19.0

HELPING PEERS LOG

[HELPING] Active nodes: 0
[HELPING] Started playbacks: 0
[HELPING] Not started playbacks node-ids: []
[HELPING] Playbacks time-window: -9223372036854775807
[HELPING] Missing chunks distribution [missed-chunks/nodes]: {}
[HELPING] Rejected chunks for ttl expiration [chunk-id/nodes]: 0 {}
[HELPING] Rejected chunks for capacity limit [chunk-id/nodes]: 0 {}
[HELPING] bandwidthUtilUp: NaN
[HELPING] bandwidthUtilDown: NaN
[HELPING] Avg # of unsent chunk for max-retries: NaN
[HELPING] Min # of unsent chunk for max-retries: Infinity
[HELPING] Max # of unsent chunk for max-retries: -Infinity
[HELPING] Avg # of unsent chunk-reqs for max-retries: NaN
[HELPING] Min # of unsent chunk-reqs for max-retries: Infinity
[HELPING] Max # of unsent chunk-reqs for max-retries: -Infinity
[HELPING] Avg % of chunks received by Pastry: NaN
[HELPING] Min % of chunks received by Pastry: Infinity
[HELPING] Max % of chunks received by Pastry: -Infinity
[HELPING] StD of chunks received by Pastry: 0.0
[HELPING] Var of chunks received by Pastry: 0.0
[HELPING] Avg % of chunks received by StarStream: NaN
[HELPING] Min % of chunks received by StarStream: Infinity
[HELPING] Max % of chunks received by StarStream: -Infinity
[HELPING] StD of chunks received by StarStream: 0.0
[HELPING] Var of chunks received by StarStream: 0.0
[HELPING] Latency: NaN
[HELPING] Min of perceived avg chunk delivery-time: Infinity
[HELPING] Max of perceived avg chunk delivery-time: -Infinity
[HELPING] Variance of perceived avg chunk delivery-time: 0.0
[HELPING] StD of perceived avg chunk delivery-time: 0.0
[HELPING] Avg messages sent per node: NaN
[HELPING] Min messages sent per node: Infinity
[HELPING] Max messages sent per node: -Infinity
[HELPING] Variance of messages sent per node: 0.0
[HELPING] StD of messages sent per node: 0.0
[HELPING] Nodes with incomplete playbacks: 0
[HELPING] Packet Loss: NaN
[HELPING] Min % of not played chunks: Infinity
[HELPING] Max % of not played chunks: -Infinity
[HELPING] Not played chunks [chunk-id/nodes]: {}
[HELPING] Avg distance between not played chunks: NaN
[HELPING] Min distance between not played chunks: Infinity
[HELPING] Max distance between not played chunks: -Infinity

