Total chunks: 100
Nodes x chunk: 15
Total nodes: 140
Active nodes: 100
Started playbacks: 100
Not started playbacks node-ids: []
Playbacks time-window: 320
Missing chunks distribution [missed-chunks/nodes]: {0=96, 1=1, 3=2, 4=1}
Rejected chunks for ttl expiration [chunk-id/nodes]: 4 {2=4, 3=3, 4=3, 5=1}
Rejected chunks for capacity limit [chunk-id/nodes]: 0 {}
bandwidthUtilUp: 0.014647173180249695
bandwidthUtilDown: 0.008688848455137479
Avg # of unsent chunk for max-retries: 0.0
Min # of unsent chunk for max-retries: 0.0
Max # of unsent chunk for max-retries: 0.0
Avg # of unsent chunk-reqs for max-retries: 0.0
Min # of unsent chunk-reqs for max-retries: 0.0
Max # of unsent chunk-reqs for max-retries: 0.0
Avg % of chunks received by Pastry: 6.13
Min % of chunks received by Pastry: 0.0
Max % of chunks received by Pastry: 15.0
StD of chunks received by Pastry: 3.230708087629513
Var of chunks received by Pastry: 10.437474747474743
Avg % of chunks received by StarStream: 92.89
Min % of chunks received by StarStream: 84.0
Max % of chunks received by StarStream: 100.0
StD of chunks received by StarStream: 3.2718419116681554
Var of chunks received by StarStream: 10.704949494948329
[MOJO] Startup Delay: 116.9
[MOJO] Latency: 18.297934617824062
Min of perceived avg chunk delivery-time: 6.84
Max of perceived avg chunk delivery-time: 230.0
Variance of perceived avg chunk delivery-time: 1390.9079094660797
StD of perceived avg chunk delivery-time: 37.29487779127423
Avg messages sent per node: 6817.38
Min messages sent per node: 4100.0
Max messages sent per node: 10598.0
Variance of messages sent per node: 2268943.227878785
StD of messages sent per node: 1506.301174360156
Nodes with incomplete playbacks: 96
[MOJO] Continuity Index: 50.55
[MOJO] Packet Loss: 49.45
Min % of not played chunks: 0.0
Max % of not played chunks: 99.0
Not played chunks [chunk-id/nodes]: {1=52, 2=49, 3=51, 4=54, 5=45, 6=46, 7=39, 8=45, 9=46, 10=44, 11=40, 12=48, 13=51, 14=53, 15=49, 17=49, 16=42, 19=51, 18=42, 21=46, 20=50, 23=47, 22=48, 25=44, 24=49, 27=51, 26=49, 29=54, 28=52, 31=46, 30=46, 34=49, 35=50, 32=45, 33=41, 38=53, 39=57, 36=57, 37=50, 42=59, 43=52, 40=50, 41=48, 46=51, 47=55, 44=49, 45=55, 51=54, 50=49, 49=46, 48=45, 55=45, 54=52, 53=51, 52=54, 59=53, 58=55, 57=47, 56=53, 63=53, 62=52, 61=51, 60=63, 68=53, 69=51, 70=55, 71=49, 64=54, 65=48, 66=49, 67=48, 76=53, 77=57, 78=49, 79=51, 72=50, 73=45, 74=53, 75=53, 85=47, 84=53, 87=44, 86=56, 81=48, 80=54, 83=48, 82=45, 93=50, 92=46, 95=49, 94=41, 89=51, 88=51, 91=56, 90=49, 98=53, 99=54, 96=56, 97=54}
Avg distance between not played chunks: 3.618351544154774
Min distance between not played chunks: 1.0
Max distance between not played chunks: 34.0

HELPING PEERS LOG

[HELPING] Active nodes: 40
[HELPING] Started playbacks: 40
[HELPING] Not started playbacks node-ids: []
[HELPING] Playbacks time-window: 373
[HELPING] Missing chunks distribution [missed-chunks/nodes]: {0=39, 5=1}
[HELPING] Rejected chunks for ttl expiration [chunk-id/nodes]: 5 {2=1, 3=1, 4=1, 5=1, 6=1}
[HELPING] Rejected chunks for capacity limit [chunk-id/nodes]: 0 {}
[HELPING] bandwidthUtilUp: 0.01429730831625054
[HELPING] bandwidthUtilDown: 0.00854723734565868
[HELPING] Avg # of unsent chunk for max-retries: 0.0
[HELPING] Min # of unsent chunk for max-retries: 0.0
[HELPING] Max # of unsent chunk for max-retries: 0.0
[HELPING] Avg # of unsent chunk-reqs for max-retries: 0.0
[HELPING] Min # of unsent chunk-reqs for max-retries: 0.0
[HELPING] Max # of unsent chunk-reqs for max-retries: 0.0
[HELPING] Avg % of chunks received by Pastry: 4.3
[HELPING] Min % of chunks received by Pastry: 0.0
[HELPING] Max % of chunks received by Pastry: 11.0
[HELPING] StD of chunks received by Pastry: 2.8211654256662015
[HELPING] Var of chunks received by Pastry: 7.95897435897436
[HELPING] Avg % of chunks received by StarStream: 94.725
[HELPING] Min % of chunks received by StarStream: 88.0
[HELPING] Max % of chunks received by StarStream: 100.0
[HELPING] StD of chunks received by StarStream: 2.8643476010233897
[HELPING] Var of chunks received by StarStream: 8.204487179488448
[HELPING] Startup Delay: 214.125
[HELPING] Latency: 8.525338287759398
[HELPING] Min of perceived avg chunk delivery-time: 7.36
[HELPING] Max of perceived avg chunk delivery-time: 9.434343434343434
[HELPING] Variance of perceived avg chunk delivery-time: 0.23221501962975472
[HELPING] StD of perceived avg chunk delivery-time: 0.48188693656266995
[HELPING] Avg messages sent per node: 7358.075
[HELPING] Min messages sent per node: 4671.0
[HELPING] Max messages sent per node: 10707.0
[HELPING] Variance of messages sent per node: 1807830.7378205121
[HELPING] StD of messages sent per node: 1344.555963067552
[HELPING] Nodes with incomplete playbacks: 31
[HELPING] Packet Loss: 35.8
[HELPING] Min % of not played chunks: 0.0
[HELPING] Max % of not played chunks: 99.0
[HELPING] Not played chunks [chunk-id/nodes]: {1=18, 2=15, 3=15, 4=15, 5=15, 6=13, 7=11, 8=12, 9=14, 10=15, 11=12, 12=14, 13=13, 14=14, 15=14, 17=12, 16=14, 19=16, 18=15, 21=16, 20=14, 23=13, 22=14, 25=15, 24=13, 27=12, 26=12, 29=12, 28=13, 31=15, 30=12, 34=15, 35=14, 32=15, 33=12, 38=15, 39=17, 36=16, 37=19, 42=14, 43=15, 40=14, 41=16, 46=12, 47=15, 44=14, 45=18, 51=14, 50=15, 49=15, 48=11, 55=12, 54=12, 53=13, 52=17, 59=16, 58=13, 57=14, 56=14, 63=14, 62=16, 61=13, 60=15, 68=15, 69=14, 70=12, 71=14, 64=18, 65=13, 66=14, 67=15, 76=17, 77=17, 78=18, 79=16, 72=14, 73=13, 74=13, 75=16, 85=17, 84=16, 87=18, 86=13, 81=16, 80=17, 83=13, 82=13, 93=13, 92=14, 95=16, 94=13, 89=15, 88=11, 91=18, 90=12, 98=16, 99=17, 96=16, 97=16}
[HELPING] Avg distance between not played chunks: 4.264329721403514
[HELPING] Min distance between not played chunks: 1.0
[HELPING] Max distance between not played chunks: 38.0

