Total chunks: 100
Nodes x chunk: 15
Total nodes: 100
Active nodes: 100
Started playbacks: 100
Not started playbacks node-ids: []
Playbacks time-window: 208
Missing chunks distribution [missed-chunks/nodes]: {0=98, 1=1, 2=1}
Rejected chunks for ttl expiration [chunk-id/nodes]: 2 {2=2, 3=1}
Rejected chunks for capacity limit [chunk-id/nodes]: 0 {}
bandwidthUtilUp: 0.0074900169934640805
bandwidthUtilDown: 0.004425057254902052
Avg # of unsent chunk for max-retries: 0.0
Min # of unsent chunk for max-retries: 0.0
Max # of unsent chunk for max-retries: 0.0
Avg # of unsent chunk-reqs for max-retries: 0.0
Min # of unsent chunk-reqs for max-retries: 0.0
Max # of unsent chunk-reqs for max-retries: 0.0
Avg % of chunks received by Pastry: 2.64
Min % of chunks received by Pastry: 0.0
Max % of chunks received by Pastry: 13.0
StD of chunks received by Pastry: 2.615107622792584
Var of chunks received by Pastry: 6.838787878787879
Avg % of chunks received by StarStream: 96.46
Min % of chunks received by StarStream: 86.0
Max % of chunks received by StarStream: 100.0
StD of chunks received by StarStream: 2.7244497173974485
Var of chunks received by StarStream: 7.422626262627036
[MOJO] Startup Delay: 127.09
[MOJO] Latency: 6.209650546783848
Min of perceived avg chunk delivery-time: 5.18
Max of perceived avg chunk delivery-time: 7.7
Variance of perceived avg chunk delivery-time: 0.24261307531703707
StD of perceived avg chunk delivery-time: 0.49255768729869304
Avg messages sent per node: 18455.77
Min messages sent per node: 14990.0
Max messages sent per node: 22919.0
Variance of messages sent per node: 3392007.9566666577
StD of messages sent per node: 1841.7404694111106
Nodes with incomplete playbacks: 62
[MOJO] Packet Loss: 32.24
Min % of not played chunks: 0.0
Max % of not played chunks: 99.0
Not played chunks [chunk-id/nodes]: {1=34, 2=37, 3=36, 4=37, 5=30, 6=30, 7=33, 8=32, 9=37, 10=31, 11=29, 12=30, 13=33, 14=35, 15=29, 17=29, 16=27, 19=31, 18=33, 21=33, 20=35, 23=31, 22=35, 25=33, 24=34, 27=34, 26=31, 29=28, 28=32, 31=34, 30=33, 34=36, 35=35, 32=33, 33=29, 38=38, 39=32, 36=29, 37=32, 42=33, 43=33, 40=31, 41=38, 46=39, 47=31, 44=36, 45=36, 51=31, 50=32, 49=33, 48=36, 55=29, 54=31, 53=32, 52=36, 59=31, 58=34, 57=29, 56=35, 63=32, 62=35, 61=34, 60=30, 68=35, 69=28, 70=32, 71=33, 64=28, 65=31, 66=31, 67=35, 76=31, 77=33, 78=34, 79=38, 72=32, 73=30, 74=32, 75=32, 85=32, 84=30, 87=30, 86=32, 81=32, 80=33, 83=35, 82=31, 93=31, 92=27, 95=33, 94=30, 89=31, 88=32, 91=27, 90=37, 98=37, 99=35, 96=35, 97=32}
Avg distance between not played chunks: 3.089537476225908
Min distance between not played chunks: 1.0
Max distance between not played chunks: 37.0

