Total chunks: 100
Nodes x chunk: 15
Total nodes: 120
Active nodes: 100
Started playbacks: 100
Not started playbacks node-ids: []
Playbacks time-window: 225
Missing chunks distribution [missed-chunks/nodes]: {0=99, 2=1}
Rejected chunks for ttl expiration [chunk-id/nodes]: 2 {2=1, 3=1}
Rejected chunks for capacity limit [chunk-id/nodes]: 0 {}
bandwidthUtilUp: 0.014259910586746985
bandwidthUtilDown: 0.008346932418127465
Avg # of unsent chunk for max-retries: 0.0
Min # of unsent chunk for max-retries: 0.0
Max # of unsent chunk for max-retries: 0.0
Avg # of unsent chunk-reqs for max-retries: 0.0
Min # of unsent chunk-reqs for max-retries: 0.0
Max # of unsent chunk-reqs for max-retries: 0.0
Avg % of chunks received by Pastry: 5.18
Min % of chunks received by Pastry: 0.0
Max % of chunks received by Pastry: 13.0
StD of chunks received by Pastry: 3.0330835728011127
Var of chunks received by Pastry: 9.199595959595962
Avg % of chunks received by StarStream: 93.85
Min % of chunks received by StarStream: 86.0
Max % of chunks received by StarStream: 100.0
StD of chunks received by StarStream: 3.08916320270253
Var of chunks received by StarStream: 9.542929292931351
[MOJO] Startup Delay: 108.8
[MOJO] Latency: 17.027869588744593
Min of perceived avg chunk delivery-time: 6.27
Max of perceived avg chunk delivery-time: 266.0
Variance of perceived avg chunk delivery-time: 1308.2259208311214
StD of perceived avg chunk delivery-time: 36.16940586782041
Avg messages sent per node: 6663.91
Min messages sent per node: 3758.0
Max messages sent per node: 10177.0
Variance of messages sent per node: 2069183.1736363622
StD of messages sent per node: 1438.4655622003477
Nodes with incomplete playbacks: 88
[MOJO] Continuity Index: 58.49
[MOJO] Packet Loss: 41.51
Min % of not played chunks: 0.0
Max % of not played chunks: 99.0
Not played chunks [chunk-id/nodes]: {1=45, 2=41, 3=42, 4=37, 5=42, 6=40, 7=41, 8=40, 9=40, 10=40, 11=40, 12=40, 13=39, 14=42, 15=40, 17=39, 16=42, 19=42, 18=43, 21=35, 20=47, 23=41, 22=35, 25=37, 24=40, 27=43, 26=45, 29=41, 28=45, 31=46, 30=40, 34=45, 35=40, 32=43, 33=41, 38=49, 39=42, 36=39, 37=36, 42=46, 43=39, 40=40, 41=40, 46=42, 47=43, 44=32, 45=40, 51=40, 50=41, 49=39, 48=40, 55=41, 54=49, 53=39, 52=44, 59=39, 58=43, 57=42, 56=41, 63=39, 62=41, 61=38, 60=48, 68=40, 69=43, 70=44, 71=42, 64=45, 65=44, 66=43, 67=50, 76=43, 77=52, 78=39, 79=40, 72=39, 73=43, 74=43, 75=37, 85=45, 84=38, 87=44, 86=46, 81=50, 80=44, 83=42, 82=45, 93=45, 92=47, 95=41, 94=44, 89=35, 88=47, 91=42, 90=45, 98=44, 99=41, 96=44, 97=44}
Avg distance between not played chunks: 3.4829064018954847
Min distance between not played chunks: 1.0
Max distance between not played chunks: 22.5

HELPING PEERS LOG

[HELPING] Active nodes: 20
[HELPING] Started playbacks: 20
[HELPING] Not started playbacks node-ids: []
[HELPING] Playbacks time-window: 424
[HELPING] Missing chunks distribution [missed-chunks/nodes]: {0=18, 4=1, 6=1}
[HELPING] Rejected chunks for ttl expiration [chunk-id/nodes]: 6 {2=2, 3=2, 4=2, 5=2, 6=1, 7=1}
[HELPING] Rejected chunks for capacity limit [chunk-id/nodes]: 0 {}
[HELPING] bandwidthUtilUp: 0.014165091065788726
[HELPING] bandwidthUtilDown: 0.007852367811540136
[HELPING] Avg # of unsent chunk for max-retries: 0.0
[HELPING] Min # of unsent chunk for max-retries: 0.0
[HELPING] Max # of unsent chunk for max-retries: 0.0
[HELPING] Avg # of unsent chunk-reqs for max-retries: 0.0
[HELPING] Min # of unsent chunk-reqs for max-retries: 0.0
[HELPING] Max # of unsent chunk-reqs for max-retries: 0.0
[HELPING] Avg % of chunks received by Pastry: 3.85
[HELPING] Min % of chunks received by Pastry: 0.0
[HELPING] Max % of chunks received by Pastry: 9.0
[HELPING] StD of chunks received by Pastry: 2.6412716235695415
[HELPING] Var of chunks received by Pastry: 6.976315789473682
[HELPING] Avg % of chunks received by StarStream: 95.25
[HELPING] Min % of chunks received by StarStream: 90.0
[HELPING] Max % of chunks received by StarStream: 100.0
[HELPING] StD of chunks received by StarStream: 2.8074149937919146
[HELPING] Var of chunks received by StarStream: 7.881578947367655
[HELPING] Startup Delay: 208.8
[HELPING] Latency: 7.9599227934158545
[HELPING] Min of perceived avg chunk delivery-time: 6.98
[HELPING] Max of perceived avg chunk delivery-time: 9.642857142857142
[HELPING] Variance of perceived avg chunk delivery-time: 0.4258655883767098
[HELPING] StD of perceived avg chunk delivery-time: 0.6525837788182525
[HELPING] Avg messages sent per node: 7139.0
[HELPING] Min messages sent per node: 4917.0
[HELPING] Max messages sent per node: 8643.0
[HELPING] Variance of messages sent per node: 1136855.0526315758
[HELPING] StD of messages sent per node: 1066.2340515250748
[HELPING] Nodes with incomplete playbacks: 12
[HELPING] Packet Loss: 23.45
[HELPING] Min % of not played chunks: 0.0
[HELPING] Max % of not played chunks: 99.0
[HELPING] Not played chunks [chunk-id/nodes]: {1=7, 2=8, 3=6, 4=7, 5=6, 6=4, 7=4, 8=3, 9=3, 10=4, 11=3, 12=5, 13=4, 14=5, 15=5, 17=4, 16=5, 19=6, 18=6, 21=7, 20=6, 23=4, 22=5, 25=4, 24=3, 27=3, 26=5, 29=4, 28=4, 31=5, 30=3, 34=5, 35=5, 32=6, 33=3, 38=4, 39=6, 36=4, 37=6, 42=5, 43=6, 40=4, 41=4, 46=5, 47=3, 44=4, 45=4, 51=5, 50=4, 49=3, 48=5, 55=5, 54=4, 53=4, 52=4, 59=8, 58=3, 57=6, 56=4, 63=4, 62=6, 61=3, 60=4, 68=4, 69=5, 70=6, 71=5, 64=4, 65=4, 66=4, 67=6, 76=5, 77=6, 78=5, 79=5, 72=3, 73=3, 74=5, 75=6, 85=4, 84=6, 87=5, 86=5, 81=4, 80=5, 83=5, 82=7, 93=3, 92=6, 95=4, 94=7, 89=4, 88=6, 91=4, 90=6, 98=4, 99=4, 96=6, 97=4}
[HELPING] Avg distance between not played chunks: 3.3747895622895623
[HELPING] Min distance between not played chunks: 1.0
[HELPING] Max distance between not played chunks: 12.5

