Total chunks: 100
Nodes x chunk: 15
Total nodes: 160
Active nodes: 100
Started playbacks: 100
Not started playbacks node-ids: []
Playbacks time-window: 110
Missing chunks distribution [missed-chunks/nodes]: {0=100}
Rejected chunks for ttl expiration [chunk-id/nodes]: 0 {}
Rejected chunks for capacity limit [chunk-id/nodes]: 0 {}
bandwidthUtilUp: 0.00754258039215689
bandwidthUtilDown: 0.0045570792156863745
Avg # of unsent chunk for max-retries: 0.0
Min # of unsent chunk for max-retries: 0.0
Max # of unsent chunk for max-retries: 0.0
Avg # of unsent chunk-reqs for max-retries: 0.0
Min # of unsent chunk-reqs for max-retries: 0.0
Max # of unsent chunk-reqs for max-retries: 0.0
Avg % of chunks received by Pastry: 3.16
Min % of chunks received by Pastry: 0.0
Max % of chunks received by Pastry: 11.0
StD of chunks received by Pastry: 2.680720542365919
Var of chunks received by Pastry: 7.186262626262627
Avg % of chunks received by StarStream: 95.89
Min % of chunks received by StarStream: 88.0
Max % of chunks received by StarStream: 100.0
StD of chunks received by StarStream: 2.7483512045286727
Var of chunks received by StarStream: 7.553434343434206
[MOJO] Startup Delay: 228.99
[MOJO] Latency: 7.324699999999998
Min of perceived avg chunk delivery-time: 6.23
Max of perceived avg chunk delivery-time: 8.74
Variance of perceived avg chunk delivery-time: 0.23005748484849572
StD of perceived avg chunk delivery-time: 0.47964308068447703
Avg messages sent per node: 18560.66
Min messages sent per node: 14509.0
Max messages sent per node: 23542.0
Variance of messages sent per node: 2532441.5802020617
StD of messages sent per node: 1591.3646911384146
Nodes with incomplete playbacks: 98
[MOJO] Packet Loss: 50.62
Min % of not played chunks: 0.0
Max % of not played chunks: 99.0
Not played chunks [chunk-id/nodes]: {1=53, 2=45, 3=56, 4=54, 5=52, 6=46, 7=47, 8=54, 9=62, 10=53, 11=46, 12=52, 13=47, 14=55, 15=53, 17=46, 16=54, 19=52, 18=52, 21=58, 20=65, 23=47, 22=57, 25=56, 24=50, 27=58, 26=41, 29=46, 28=49, 31=50, 30=56, 34=49, 35=48, 32=51, 33=46, 38=52, 39=58, 36=53, 37=57, 42=49, 43=51, 40=50, 41=61, 46=47, 47=56, 44=45, 45=53, 51=57, 50=49, 49=48, 48=57, 55=45, 54=50, 53=56, 52=51, 59=56, 58=56, 57=52, 56=46, 63=48, 62=51, 61=54, 60=48, 68=43, 69=55, 70=45, 71=42, 64=45, 65=56, 66=51, 67=53, 76=44, 77=48, 78=48, 79=53, 72=47, 73=54, 74=46, 75=49, 85=41, 84=51, 87=55, 86=55, 81=58, 80=51, 83=52, 82=54, 93=46, 92=47, 95=52, 94=44, 89=57, 88=51, 91=46, 90=49, 98=46, 99=51, 96=57, 97=58}
Avg distance between not played chunks: 3.185719245078009
Min distance between not played chunks: 1.0
Max distance between not played chunks: 18.4

