Total chunks: 100
Nodes x chunk: 16
Total nodes: 176
Active nodes: 110
Started playbacks: 110
Not started playbacks node-ids: []
Playbacks time-window: 150
Missing chunks distribution [missed-chunks/nodes]: {0=110}
Rejected chunks for ttl expiration [chunk-id/nodes]: 1 {0=1}
Rejected chunks for capacity limit [chunk-id/nodes]: 0 {}
bandwidthUtilUp: 0.014714509184569808
bandwidthUtilDown: 0.009155104338927586
Avg # of unsent chunk for max-retries: 0.01818181818181818
Min # of unsent chunk for max-retries: 0.0
Max # of unsent chunk for max-retries: 1.0
Avg # of unsent chunk-reqs for max-retries: 0.0
Min # of unsent chunk-reqs for max-retries: 0.0
Max # of unsent chunk-reqs for max-retries: 0.0
Avg % of chunks received by Pastry: 6.209090909090909
Min % of chunks received by Pastry: 0.0
Max % of chunks received by Pastry: 14.0
StD of chunks received by Pastry: 2.974186974081713
Var of chunks received by Pastry: 8.845788156797337
Avg % of chunks received by StarStream: 92.80909090909091
Min % of chunks received by StarStream: 85.0
Max % of chunks received by StarStream: 100.0
StD of chunks received by StarStream: 3.015237920368722
Var of chunks received by StarStream: 9.091659716429495
[NONMOJO] Startup Delay: 256.6454545454545
[MOJO] Startup Delay: 103.2
[MOJO] Latency: 8.965541473492069
Min of perceived avg chunk delivery-time: 7.43
Max of perceived avg chunk delivery-time: 10.35
Variance of perceived avg chunk delivery-time: 0.5621233395819948
StD of perceived avg chunk delivery-time: 0.7497488510041178
Avg messages sent per node: 6940.572727272727
Min messages sent per node: 4234.0
Max messages sent per node: 10381.0
Variance of messages sent per node: 2171984.173561307
StD of messages sent per node: 1473.7653047759359
Nodes with incomplete playbacks: 103
[MOJO] Continuity Index: 53.46363636363636
[MOJO] Packet Loss: 46.53636363636364
Min % of not played chunks: 0.0
Max % of not played chunks: 99.0
Not played chunks [chunk-id/nodes]: {1=54, 2=60, 3=60, 4=57, 5=55, 6=52, 7=53, 8=60, 9=43, 10=57, 11=62, 12=42, 13=55, 14=45, 15=55, 17=49, 16=56, 19=51, 18=53, 21=52, 20=43, 23=57, 22=55, 25=47, 24=47, 27=46, 26=51, 29=46, 28=53, 31=55, 30=58, 34=53, 35=49, 32=45, 33=50, 38=45, 39=44, 36=47, 37=50, 42=49, 43=56, 40=49, 41=48, 46=54, 47=56, 44=46, 45=47, 51=46, 50=47, 49=50, 48=57, 55=55, 54=47, 53=47, 52=49, 59=49, 58=51, 57=49, 56=61, 63=55, 62=55, 61=46, 60=55, 68=52, 69=56, 70=53, 71=55, 64=56, 65=44, 66=55, 67=50, 76=52, 77=55, 78=53, 79=47, 72=51, 73=59, 74=51, 75=46, 85=57, 84=53, 87=48, 86=50, 81=48, 80=52, 83=51, 82=52, 93=47, 92=57, 95=50, 94=55, 89=52, 88=59, 91=51, 90=51, 98=63, 99=51, 96=47, 97=54}
Avg distance between not played chunks: 3.096805004050226
Min distance between not played chunks: 1.0
Max distance between not played chunks: 15.0

HELPING PEERS LOG

[HELPING] Active nodes: 66
[HELPING] Started playbacks: 66
[HELPING] Not started playbacks node-ids: []
[HELPING] Playbacks time-window: 236
[HELPING] Missing chunks distribution [missed-chunks/nodes]: {0=65, 1=1}
[HELPING] Rejected chunks for ttl expiration [chunk-id/nodes]: 1 {0=2}
[HELPING] Rejected chunks for capacity limit [chunk-id/nodes]: 0 {}
[HELPING] bandwidthUtilUp: 0.014500303349697766
[HELPING] bandwidthUtilDown: 0.008406151648421777
[HELPING] Avg # of unsent chunk for max-retries: 0.030303030303030304
[HELPING] Min # of unsent chunk for max-retries: 0.0
[HELPING] Max # of unsent chunk for max-retries: 1.0
[HELPING] Avg # of unsent chunk-reqs for max-retries: 0.0
[HELPING] Min # of unsent chunk-reqs for max-retries: 0.0
[HELPING] Max # of unsent chunk-reqs for max-retries: 0.0
[HELPING] Avg % of chunks received by Pastry: 5.757575757575758
[HELPING] Min % of chunks received by Pastry: 0.0
[HELPING] Max % of chunks received by Pastry: 12.0
[HELPING] StD of chunks received by Pastry: 2.3274985321691206
[HELPING] Var of chunks received by Pastry: 5.417249417249411
[HELPING] Avg % of chunks received by StarStream: 93.28787878787878
[HELPING] Min % of chunks received by StarStream: 87.0
[HELPING] Max % of chunks received by StarStream: 100.0
[HELPING] StD of chunks received by StarStream: 2.4227457501142355
[HELPING] Var of chunks received by StarStream: 5.869696969696591
[HELPING] Startup Delay: 266.06060606060606
[HELPING] Latency: 9.36240848545642
[HELPING] Min of perceived avg chunk delivery-time: 7.656565656565657
[HELPING] Max of perceived avg chunk delivery-time: 12.60204081632653
[HELPING] Variance of perceived avg chunk delivery-time: 0.661528106166091
[HELPING] StD of perceived avg chunk delivery-time: 0.8133437810459309
[HELPING] Avg messages sent per node: 7203.636363636364
[HELPING] Min messages sent per node: 4618.0
[HELPING] Max messages sent per node: 10083.0
[HELPING] Variance of messages sent per node: 1997891.3734265692
[HELPING] StD of messages sent per node: 1413.4678536940871
[HELPING] Nodes with incomplete playbacks: 57
[HELPING] Packet Loss: 41.0
[HELPING] Min % of not played chunks: 0.0
[HELPING] Max % of not played chunks: 99.0
[HELPING] Not played chunks [chunk-id/nodes]: {1=32, 2=28, 3=29, 4=31, 5=27, 6=34, 7=29, 8=28, 9=26, 10=27, 11=24, 12=30, 13=27, 14=27, 15=34, 17=29, 16=31, 19=28, 18=29, 21=31, 20=29, 23=25, 22=32, 25=26, 24=27, 27=27, 26=25, 29=20, 28=21, 31=30, 30=31, 34=26, 35=21, 32=26, 33=25, 38=27, 39=20, 36=25, 37=23, 42=25, 43=26, 40=31, 41=24, 46=25, 47=23, 44=29, 45=22, 51=31, 50=29, 49=26, 48=24, 55=28, 54=31, 53=25, 52=26, 59=24, 58=32, 57=23, 56=33, 63=29, 62=23, 61=27, 60=24, 68=27, 69=25, 70=23, 71=32, 64=25, 65=25, 66=30, 67=30, 76=27, 77=21, 78=25, 79=29, 72=27, 73=31, 74=22, 75=28, 85=26, 84=28, 87=31, 86=26, 81=23, 80=31, 83=32, 82=29, 93=35, 92=28, 95=27, 94=31, 89=27, 88=30, 91=31, 90=32, 98=30, 99=27, 96=27, 97=21}
[HELPING] Avg distance between not played chunks: 3.9063384053571353
[HELPING] Min distance between not played chunks: 1.0
[HELPING] Max distance between not played chunks: 29.666666666666668

