Total chunks: 100
Nodes x chunk: 16
Total nodes: 110
Active nodes: 110
Started playbacks: 110
Not started playbacks node-ids: []
Playbacks time-window: 200
Missing chunks distribution [missed-chunks/nodes]: {0=109, 1=1}
Rejected chunks for ttl expiration [chunk-id/nodes]: 2 {0=5, 2=1}
Rejected chunks for capacity limit [chunk-id/nodes]: 0 {}
bandwidthUtilUp: 0.010900245014149747
bandwidthUtilDown: 0.006386943055264765
Avg # of unsent chunk for max-retries: 0.0
Min # of unsent chunk for max-retries: 0.0
Max # of unsent chunk for max-retries: 0.0
Avg # of unsent chunk-reqs for max-retries: 0.0
Min # of unsent chunk-reqs for max-retries: 0.0
Max # of unsent chunk-reqs for max-retries: 0.0
Avg % of chunks received by Pastry: 10.736363636363636
Min % of chunks received by Pastry: 0.0
Max % of chunks received by Pastry: 23.0
StD of chunks received by Pastry: 4.586932521663971
Var of chunks received by Pastry: 21.03994995829859
Avg % of chunks received by StarStream: 88.2909090909091
Min % of chunks received by StarStream: 76.0
Max % of chunks received by StarStream: 100.0
StD of chunks received by StarStream: 4.614189233791406
Var of chunks received by StarStream: 21.290742285236522
[NONMOJO] Startup Delay: 140.5818181818182
[MOJO] Startup Delay: 72.4
[MOJO] Latency: 9.915780190443732
Min of perceived avg chunk delivery-time: 7.75
Max of perceived avg chunk delivery-time: 13.185567010309278
Variance of perceived avg chunk delivery-time: 1.2933763718301805
StD of perceived avg chunk delivery-time: 1.1372670626682988
Avg messages sent per node: 2502.3
Min messages sent per node: 1447.0
Max messages sent per node: 4311.0
Variance of messages sent per node: 322875.62477064104
StD of messages sent per node: 568.2214575063502
Nodes with incomplete playbacks: 85
[MOJO] Continuity Index: 62.99090909090909
[MOJO] Packet Loss: 37.00909090909091
Min % of not played chunks: 0.0
Max % of not played chunks: 99.0
Not played chunks [chunk-id/nodes]: {1=44, 2=50, 3=45, 4=44, 5=44, 6=37, 7=44, 8=36, 9=45, 10=40, 11=46, 12=44, 13=43, 14=36, 15=37, 17=39, 16=37, 19=46, 18=39, 21=42, 20=42, 23=40, 22=36, 25=43, 24=35, 27=44, 26=38, 29=34, 28=42, 31=41, 30=45, 34=40, 35=48, 32=38, 33=38, 38=40, 39=39, 36=35, 37=36, 42=37, 43=46, 40=37, 41=48, 46=38, 47=38, 44=45, 45=42, 51=41, 50=41, 49=39, 48=39, 55=40, 54=43, 53=37, 52=44, 59=38, 58=47, 57=40, 56=47, 63=43, 62=47, 61=42, 60=44, 68=44, 69=38, 70=43, 71=43, 64=39, 65=48, 66=39, 67=32, 76=45, 77=43, 78=47, 79=46, 72=36, 73=39, 74=40, 75=38, 85=39, 84=39, 87=40, 86=41, 81=38, 80=37, 83=38, 82=44, 93=42, 92=42, 95=37, 94=39, 89=39, 88=43, 91=44, 90=44, 98=44, 99=42, 96=39, 97=45}
Avg distance between not played chunks: 3.472003548946303
Min distance between not played chunks: 1.0
Max distance between not played chunks: 24.0

HELPING PEERS LOG

[HELPING] Active nodes: 0
[HELPING] Started playbacks: 0
[HELPING] Not started playbacks node-ids: []
[HELPING] Playbacks time-window: -9223372036854775807
[HELPING] Missing chunks distribution [missed-chunks/nodes]: {}
[HELPING] Rejected chunks for ttl expiration [chunk-id/nodes]: 0 {}
[HELPING] Rejected chunks for capacity limit [chunk-id/nodes]: 0 {}
[HELPING] bandwidthUtilUp: NaN
[HELPING] bandwidthUtilDown: NaN
[HELPING] Avg # of unsent chunk for max-retries: NaN
[HELPING] Min # of unsent chunk for max-retries: Infinity
[HELPING] Max # of unsent chunk for max-retries: -Infinity
[HELPING] Avg # of unsent chunk-reqs for max-retries: NaN
[HELPING] Min # of unsent chunk-reqs for max-retries: Infinity
[HELPING] Max # of unsent chunk-reqs for max-retries: -Infinity
[HELPING] Avg % of chunks received by Pastry: NaN
[HELPING] Min % of chunks received by Pastry: Infinity
[HELPING] Max % of chunks received by Pastry: -Infinity
[HELPING] StD of chunks received by Pastry: 0.0
[HELPING] Var of chunks received by Pastry: 0.0
[HELPING] Avg % of chunks received by StarStream: NaN
[HELPING] Min % of chunks received by StarStream: Infinity
[HELPING] Max % of chunks received by StarStream: -Infinity
[HELPING] StD of chunks received by StarStream: 0.0
[HELPING] Var of chunks received by StarStream: 0.0
[HELPING] Latency: NaN
[HELPING] Min of perceived avg chunk delivery-time: Infinity
[HELPING] Max of perceived avg chunk delivery-time: -Infinity
[HELPING] Variance of perceived avg chunk delivery-time: 0.0
[HELPING] StD of perceived avg chunk delivery-time: 0.0
[HELPING] Avg messages sent per node: NaN
[HELPING] Min messages sent per node: Infinity
[HELPING] Max messages sent per node: -Infinity
[HELPING] Variance of messages sent per node: 0.0
[HELPING] StD of messages sent per node: 0.0
[HELPING] Nodes with incomplete playbacks: 0
[HELPING] Packet Loss: NaN
[HELPING] Min % of not played chunks: Infinity
[HELPING] Max % of not played chunks: -Infinity
[HELPING] Not played chunks [chunk-id/nodes]: {}
[HELPING] Avg distance between not played chunks: NaN
[HELPING] Min distance between not played chunks: Infinity
[HELPING] Max distance between not played chunks: -Infinity

