Total chunks: 100
Nodes x chunk: 16
Total nodes: 110
Active nodes: 110
Started playbacks: 110
Not started playbacks node-ids: []
Playbacks time-window: 255
Missing chunks distribution [missed-chunks/nodes]: {0=109, 4=1}
Rejected chunks for ttl expiration [chunk-id/nodes]: 4 {0=6, 2=1, 3=1, 4=1}
Rejected chunks for capacity limit [chunk-id/nodes]: 0 {}
bandwidthUtilUp: 0.013222215551507818
bandwidthUtilDown: 0.00845269855452227
Avg # of unsent chunk for max-retries: 0.0
Min # of unsent chunk for max-retries: 0.0
Max # of unsent chunk for max-retries: 0.0
Avg # of unsent chunk-reqs for max-retries: 0.0
Min # of unsent chunk-reqs for max-retries: 0.0
Max # of unsent chunk-reqs for max-retries: 0.0
Avg % of chunks received by Pastry: 6.527272727272727
Min % of chunks received by Pastry: 0.0
Max % of chunks received by Pastry: 17.0
StD of chunks received by Pastry: 3.6339608408494652
Var of chunks received by Pastry: 13.205671392827352
Avg % of chunks received by StarStream: 92.52727272727273
Min % of chunks received by StarStream: 82.0
Max % of chunks received by StarStream: 100.0
StD of chunks received by StarStream: 3.713869593312198
Var of chunks received by StarStream: 13.79282735612891
[NONMOJO] Startup Delay: 140.9909090909091
[MOJO] Startup Delay: 47.7
[MOJO] Latency: 8.145919052490708
Min of perceived avg chunk delivery-time: 6.58
Max of perceived avg chunk delivery-time: 11.164948453608247
Variance of perceived avg chunk delivery-time: 0.5566052300366429
StD of perceived avg chunk delivery-time: 0.7460598032575155
Avg messages sent per node: 4947.390909090909
Min messages sent per node: 1872.0
Max messages sent per node: 9513.0
Variance of messages sent per node: 3472267.8916597157
StD of messages sent per node: 1863.4022356055377
Nodes with incomplete playbacks: 80
[MOJO] Continuity Index: 63.7
[MOJO] Packet Loss: 36.3
Min % of not played chunks: 0.0
Max % of not played chunks: 99.0
Not played chunks [chunk-id/nodes]: {1=49, 2=45, 3=43, 4=40, 5=43, 6=42, 7=35, 8=38, 9=35, 10=45, 11=35, 12=45, 13=42, 14=43, 15=39, 17=43, 16=41, 19=40, 18=39, 21=41, 20=30, 23=39, 22=45, 25=35, 24=43, 27=40, 26=39, 29=39, 28=41, 31=39, 30=36, 34=43, 35=42, 32=41, 33=40, 38=43, 39=40, 36=38, 37=35, 42=42, 43=42, 40=39, 41=43, 46=44, 47=45, 44=39, 45=41, 51=38, 50=43, 49=40, 48=32, 55=45, 54=47, 53=43, 52=39, 59=42, 58=44, 57=34, 56=38, 63=38, 62=35, 61=40, 60=38, 68=41, 69=41, 70=44, 71=39, 64=44, 65=39, 66=43, 67=40, 76=44, 77=47, 78=40, 79=37, 72=40, 73=39, 74=41, 75=39, 85=37, 84=41, 87=39, 86=40, 81=41, 80=37, 83=41, 82=31, 93=43, 92=42, 95=36, 94=41, 89=41, 88=44, 91=37, 90=41, 98=40, 99=36, 96=45, 97=40}
Avg distance between not played chunks: 3.298807486878675
Min distance between not played chunks: 1.0
Max distance between not played chunks: 40.0

HELPING PEERS LOG

[HELPING] Active nodes: 0
[HELPING] Started playbacks: 0
[HELPING] Not started playbacks node-ids: []
[HELPING] Playbacks time-window: -9223372036854775807
[HELPING] Missing chunks distribution [missed-chunks/nodes]: {}
[HELPING] Rejected chunks for ttl expiration [chunk-id/nodes]: 0 {}
[HELPING] Rejected chunks for capacity limit [chunk-id/nodes]: 0 {}
[HELPING] bandwidthUtilUp: NaN
[HELPING] bandwidthUtilDown: NaN
[HELPING] Avg # of unsent chunk for max-retries: NaN
[HELPING] Min # of unsent chunk for max-retries: Infinity
[HELPING] Max # of unsent chunk for max-retries: -Infinity
[HELPING] Avg # of unsent chunk-reqs for max-retries: NaN
[HELPING] Min # of unsent chunk-reqs for max-retries: Infinity
[HELPING] Max # of unsent chunk-reqs for max-retries: -Infinity
[HELPING] Avg % of chunks received by Pastry: NaN
[HELPING] Min % of chunks received by Pastry: Infinity
[HELPING] Max % of chunks received by Pastry: -Infinity
[HELPING] StD of chunks received by Pastry: 0.0
[HELPING] Var of chunks received by Pastry: 0.0
[HELPING] Avg % of chunks received by StarStream: NaN
[HELPING] Min % of chunks received by StarStream: Infinity
[HELPING] Max % of chunks received by StarStream: -Infinity
[HELPING] StD of chunks received by StarStream: 0.0
[HELPING] Var of chunks received by StarStream: 0.0
[HELPING] Latency: NaN
[HELPING] Min of perceived avg chunk delivery-time: Infinity
[HELPING] Max of perceived avg chunk delivery-time: -Infinity
[HELPING] Variance of perceived avg chunk delivery-time: 0.0
[HELPING] StD of perceived avg chunk delivery-time: 0.0
[HELPING] Avg messages sent per node: NaN
[HELPING] Min messages sent per node: Infinity
[HELPING] Max messages sent per node: -Infinity
[HELPING] Variance of messages sent per node: 0.0
[HELPING] StD of messages sent per node: 0.0
[HELPING] Nodes with incomplete playbacks: 0
[HELPING] Packet Loss: NaN
[HELPING] Min % of not played chunks: Infinity
[HELPING] Max % of not played chunks: -Infinity
[HELPING] Not played chunks [chunk-id/nodes]: {}
[HELPING] Avg distance between not played chunks: NaN
[HELPING] Min distance between not played chunks: Infinity
[HELPING] Max distance between not played chunks: -Infinity

