Total chunks: 100
Nodes x chunk: 16
Total nodes: 209
Active nodes: 110
Started playbacks: 110
Not started playbacks node-ids: []
Playbacks time-window: 113
Missing chunks distribution [missed-chunks/nodes]: {0=110}
Rejected chunks for ttl expiration [chunk-id/nodes]: 0 {}
Rejected chunks for capacity limit [chunk-id/nodes]: 0 {}
bandwidthUtilUp: 0.014898498969650899
bandwidthUtilDown: 0.009044309584631139
Avg # of unsent chunk for max-retries: 0.09090909090909091
Min # of unsent chunk for max-retries: 0.0
Max # of unsent chunk for max-retries: 1.0
Avg # of unsent chunk-reqs for max-retries: 0.0
Min # of unsent chunk-reqs for max-retries: 0.0
Max # of unsent chunk-reqs for max-retries: 0.0
Avg % of chunks received by Pastry: 6.827272727272727
Min % of chunks received by Pastry: 0.0
Max % of chunks received by Pastry: 15.0
StD of chunks received by Pastry: 3.190752380023483
Var of chunks received by Pastry: 10.180900750625522
Avg % of chunks received by StarStream: 92.17272727272727
Min % of chunks received by StarStream: 84.0
Max % of chunks received by StarStream: 99.0
StD of chunks received by StarStream: 3.1907523800234148
Var of chunks received by StarStream: 10.180900750625085
[NONMOJO] Startup Delay: 320.7
[MOJO] Startup Delay: 109.4
[MOJO] Latency: 9.540554824684694
Min of perceived avg chunk delivery-time: 7.92
Max of perceived avg chunk delivery-time: 11.48
Variance of perceived avg chunk delivery-time: 0.6084690945569484
StD of perceived avg chunk delivery-time: 0.7800442901252136
Avg messages sent per node: 7048.609090909091
Min messages sent per node: 4100.0
Max messages sent per node: 10916.0
Variance of messages sent per node: 2297731.0659716455
StD of messages sent per node: 1515.8268588369997
Nodes with incomplete playbacks: 106
[MOJO] Continuity Index: 50.29090909090909
[MOJO] Packet Loss: 49.70909090909091
Min % of not played chunks: 0.0
Max % of not played chunks: 99.0
Not played chunks [chunk-id/nodes]: {1=60, 2=59, 3=56, 4=62, 5=43, 6=43, 7=52, 8=56, 9=53, 10=46, 11=48, 12=61, 13=57, 14=51, 15=55, 17=63, 16=52, 19=50, 18=61, 21=59, 20=58, 23=58, 22=57, 25=61, 24=54, 27=54, 26=49, 29=61, 28=57, 31=59, 30=60, 34=60, 35=54, 32=49, 33=59, 38=60, 39=56, 36=57, 37=55, 42=53, 43=63, 40=48, 41=52, 46=51, 47=50, 44=47, 45=54, 51=53, 50=58, 49=54, 48=52, 55=61, 54=47, 53=58, 52=56, 59=61, 58=48, 57=54, 56=57, 63=47, 62=64, 61=62, 60=49, 68=60, 69=53, 70=48, 71=54, 64=43, 65=57, 66=55, 67=59, 76=50, 77=54, 78=60, 79=59, 72=56, 73=54, 74=48, 75=45, 85=64, 84=49, 87=61, 86=57, 81=47, 80=64, 83=51, 82=60, 93=62, 92=55, 95=60, 94=57, 89=55, 88=58, 91=59, 90=61, 98=63, 99=52, 96=57, 97=57}
Avg distance between not played chunks: 3.1783534747584588
Min distance between not played chunks: 1.0
Max distance between not played chunks: 23.333333333333332

HELPING PEERS LOG

[HELPING] Active nodes: 99
[HELPING] Started playbacks: 99
[HELPING] Not started playbacks node-ids: []
[HELPING] Playbacks time-window: 222
[HELPING] Missing chunks distribution [missed-chunks/nodes]: {0=98, 1=1}
[HELPING] Rejected chunks for ttl expiration [chunk-id/nodes]: 1 {0=1}
[HELPING] Rejected chunks for capacity limit [chunk-id/nodes]: 0 {}
[HELPING] bandwidthUtilUp: 0.014776976769158337
[HELPING] bandwidthUtilDown: 0.008869024987533424
[HELPING] Avg # of unsent chunk for max-retries: 0.09090909090909091
[HELPING] Min # of unsent chunk for max-retries: 0.0
[HELPING] Max # of unsent chunk for max-retries: 1.0
[HELPING] Avg # of unsent chunk-reqs for max-retries: 0.0
[HELPING] Min # of unsent chunk-reqs for max-retries: 0.0
[HELPING] Max # of unsent chunk-reqs for max-retries: 0.0
[HELPING] Avg % of chunks received by Pastry: 5.808080808080808
[HELPING] Min % of chunks received by Pastry: 0.0
[HELPING] Max % of chunks received by Pastry: 10.0
[HELPING] StD of chunks received by Pastry: 2.6251404925543165
[HELPING] Var of chunks received by Pastry: 6.89136260564832
[HELPING] Avg % of chunks received by StarStream: 93.20202020202021
[HELPING] Min % of chunks received by StarStream: 89.0
[HELPING] Max % of chunks received by StarStream: 100.0
[HELPING] StD of chunks received by StarStream: 2.649527481861164
[HELPING] Var of chunks received by StarStream: 7.019995877137559
[HELPING] Startup Delay: 322.8787878787879
[HELPING] Latency: 9.767451488706902
[HELPING] Min of perceived avg chunk delivery-time: 8.51
[HELPING] Max of perceived avg chunk delivery-time: 12.10204081632653
[HELPING] Variance of perceived avg chunk delivery-time: 0.5008215312537286
[HELPING] StD of perceived avg chunk delivery-time: 0.7076874530848548
[HELPING] Avg messages sent per node: 7203.606060606061
[HELPING] Min messages sent per node: 4305.0
[HELPING] Max messages sent per node: 10085.0
[HELPING] Variance of messages sent per node: 2040670.7309832997
[HELPING] StD of messages sent per node: 1428.5204692209697
[HELPING] Nodes with incomplete playbacks: 93
[HELPING] Packet Loss: 47.98989898989899
[HELPING] Min % of not played chunks: 0.0
[HELPING] Max % of not played chunks: 99.0
[HELPING] Not played chunks [chunk-id/nodes]: {1=48, 2=55, 3=56, 4=55, 5=61, 6=39, 7=48, 8=51, 9=45, 10=52, 11=47, 12=41, 13=41, 14=46, 15=39, 17=59, 16=44, 19=48, 18=46, 21=51, 20=49, 23=45, 22=49, 25=51, 24=47, 27=43, 26=46, 29=49, 28=38, 31=46, 30=48, 34=51, 35=46, 32=42, 33=48, 38=49, 39=59, 36=48, 37=46, 42=50, 43=50, 40=46, 41=42, 46=48, 47=43, 44=46, 45=47, 51=54, 50=48, 49=50, 48=44, 55=47, 54=41, 53=48, 52=42, 59=50, 58=44, 57=47, 56=50, 63=45, 62=52, 61=46, 60=51, 68=44, 69=47, 70=39, 71=55, 64=45, 65=48, 66=42, 67=52, 76=47, 77=47, 78=50, 79=49, 72=48, 73=52, 74=47, 75=45, 85=50, 84=42, 87=51, 86=45, 81=49, 80=55, 83=53, 82=62, 93=52, 92=46, 95=46, 94=44, 89=49, 88=45, 91=44, 90=54, 98=57, 99=50, 96=45, 97=52}
[HELPING] Avg distance between not played chunks: 2.8837872462164356
[HELPING] Min distance between not played chunks: 1.0
[HELPING] Max distance between not played chunks: 10.75

