Total chunks: 100
Nodes x chunk: 16
Total nodes: 187
Active nodes: 110
Started playbacks: 110
Not started playbacks node-ids: []
Playbacks time-window: 184
Missing chunks distribution [missed-chunks/nodes]: {0=110}
Rejected chunks for ttl expiration [chunk-id/nodes]: 0 {}
Rejected chunks for capacity limit [chunk-id/nodes]: 0 {}
bandwidthUtilUp: 0.014793536088918117
bandwidthUtilDown: 0.009181875259212446
Avg # of unsent chunk for max-retries: 0.02727272727272727
Min # of unsent chunk for max-retries: 0.0
Max # of unsent chunk for max-retries: 2.0
Avg # of unsent chunk-reqs for max-retries: 0.0
Min # of unsent chunk-reqs for max-retries: 0.0
Max # of unsent chunk-reqs for max-retries: 0.0
Avg % of chunks received by Pastry: 6.390909090909091
Min % of chunks received by Pastry: 0.0
Max % of chunks received by Pastry: 13.0
StD of chunks received by Pastry: 2.6992878929959283
Var of chunks received by Pastry: 7.286155129274399
Avg % of chunks received by StarStream: 92.62727272727273
Min % of chunks received by StarStream: 86.0
Max % of chunks received by StarStream: 100.0
StD of chunks received by StarStream: 2.71204953443541
Var of chunks received by StarStream: 7.355212677231324
[NONMOJO] Startup Delay: 275.6
[MOJO] Startup Delay: 71.3
[MOJO] Latency: 9.19065222042354
Min of perceived avg chunk delivery-time: 7.94
Max of perceived avg chunk delivery-time: 11.04040404040404
Variance of perceived avg chunk delivery-time: 0.4988515994737587
StD of perceived avg chunk delivery-time: 0.7062942725760691
Avg messages sent per node: 6969.145454545454
Min messages sent per node: 4135.0
Max messages sent per node: 11500.0
Variance of messages sent per node: 2203846.1070892396
StD of messages sent per node: 1484.5356536941913
Nodes with incomplete playbacks: 108
[MOJO] Continuity Index: 49.89090909090909
[MOJO] Packet Loss: 50.10909090909091
Min % of not played chunks: 0.0
Max % of not played chunks: 99.0
Not played chunks [chunk-id/nodes]: {1=56, 2=56, 3=66, 4=57, 5=57, 6=39, 7=61, 8=48, 9=55, 10=59, 11=50, 12=57, 13=60, 14=61, 15=57, 17=53, 16=48, 19=51, 18=54, 21=59, 20=62, 23=56, 22=59, 25=58, 24=63, 27=56, 26=56, 29=50, 28=55, 31=53, 30=47, 34=58, 35=59, 32=57, 33=54, 38=49, 39=51, 36=46, 37=53, 42=47, 43=52, 40=61, 41=57, 46=53, 47=55, 44=59, 45=54, 51=56, 50=57, 49=58, 48=49, 55=58, 54=66, 53=41, 52=53, 59=55, 58=47, 57=52, 56=49, 63=65, 62=57, 61=51, 60=52, 68=60, 69=62, 70=50, 71=65, 64=63, 65=57, 66=59, 67=53, 76=60, 77=63, 78=59, 79=53, 72=62, 73=55, 74=47, 75=52, 85=57, 84=54, 87=60, 86=59, 81=62, 80=54, 83=70, 82=54, 93=52, 92=45, 95=62, 94=58, 89=56, 88=59, 91=54, 90=61, 98=53, 99=50, 96=59, 97=63}
Avg distance between not played chunks: 3.165378488992653
Min distance between not played chunks: 1.0
Max distance between not played chunks: 21.5

HELPING PEERS LOG

[HELPING] Active nodes: 77
[HELPING] Started playbacks: 77
[HELPING] Not started playbacks node-ids: []
[HELPING] Playbacks time-window: 364
[HELPING] Missing chunks distribution [missed-chunks/nodes]: {0=76, 6=1}
[HELPING] Rejected chunks for ttl expiration [chunk-id/nodes]: 6 {0=1, 2=1, 3=1, 4=1, 5=1, 6=1}
[HELPING] Rejected chunks for capacity limit [chunk-id/nodes]: 0 {}
[HELPING] bandwidthUtilUp: 0.014537699699961963
[HELPING] bandwidthUtilDown: 0.008377973878652141
[HELPING] Avg # of unsent chunk for max-retries: 0.03896103896103896
[HELPING] Min # of unsent chunk for max-retries: 0.0
[HELPING] Max # of unsent chunk for max-retries: 2.0
[HELPING] Avg # of unsent chunk-reqs for max-retries: 0.0
[HELPING] Min # of unsent chunk-reqs for max-retries: 0.0
[HELPING] Max # of unsent chunk-reqs for max-retries: 0.0
[HELPING] Avg % of chunks received by Pastry: 5.896103896103896
[HELPING] Min % of chunks received by Pastry: 0.0
[HELPING] Max % of chunks received by Pastry: 15.0
[HELPING] StD of chunks received by Pastry: 2.940571084815506
[HELPING] Var of chunks received by Pastry: 8.646958304853042
[HELPING] Avg % of chunks received by StarStream: 93.11688311688312
[HELPING] Min % of chunks received by StarStream: 84.0
[HELPING] Max % of chunks received by StarStream: 100.0
[HELPING] StD of chunks received by StarStream: 2.9690244099175325
[HELPING] Var of chunks received by StarStream: 8.815105946686153
[HELPING] Startup Delay: 285.5974025974026
[HELPING] Latency: 9.506751885708137
[HELPING] Min of perceived avg chunk delivery-time: 7.77
[HELPING] Max of perceived avg chunk delivery-time: 11.44
[HELPING] Variance of perceived avg chunk delivery-time: 0.6196269005682545
[HELPING] StD of perceived avg chunk delivery-time: 0.7871638333715889
[HELPING] Avg messages sent per node: 7151.857142857143
[HELPING] Min messages sent per node: 3978.0
[HELPING] Max messages sent per node: 10474.0
[HELPING] Variance of messages sent per node: 2609215.571428569
[HELPING] StD of messages sent per node: 1615.3066493482186
[HELPING] Nodes with incomplete playbacks: 69
[HELPING] Packet Loss: 48.064935064935064
[HELPING] Min % of not played chunks: 0.0
[HELPING] Max % of not played chunks: 99.0
[HELPING] Not played chunks [chunk-id/nodes]: {1=39, 2=38, 3=38, 4=35, 5=37, 6=30, 7=37, 8=31, 9=38, 10=36, 11=37, 12=34, 13=43, 14=35, 15=40, 17=40, 16=32, 19=36, 18=31, 21=39, 20=38, 23=40, 22=41, 25=40, 24=33, 27=40, 26=34, 29=32, 28=35, 31=32, 30=33, 34=34, 35=37, 32=37, 33=38, 38=32, 39=39, 36=36, 37=40, 42=37, 43=37, 40=45, 41=38, 46=39, 47=36, 44=38, 45=38, 51=36, 50=39, 49=34, 48=34, 55=44, 54=44, 53=34, 52=30, 59=36, 58=31, 57=35, 56=40, 63=39, 62=42, 61=39, 60=37, 68=37, 69=37, 70=36, 71=44, 64=41, 65=40, 66=37, 67=41, 76=40, 77=40, 78=36, 79=33, 72=43, 73=44, 74=36, 75=44, 85=38, 84=32, 87=37, 86=41, 81=41, 80=35, 83=37, 82=36, 93=34, 92=40, 95=36, 94=40, 89=34, 88=40, 91=37, 90=43, 98=34, 99=37, 96=39, 97=42}
[HELPING] Avg distance between not played chunks: 3.5352016369341968
[HELPING] Min distance between not played chunks: 1.0
[HELPING] Max distance between not played chunks: 39.5

