Total chunks: 100
Nodes x chunk: 16
Total nodes: 110
Active nodes: 110
Started playbacks: 110
Not started playbacks node-ids: []
Playbacks time-window: 295
Missing chunks distribution [missed-chunks/nodes]: {0=109, 5=1}
Rejected chunks for ttl expiration [chunk-id/nodes]: 1 {0=5}
Rejected chunks for capacity limit [chunk-id/nodes]: 0 {}
bandwidthUtilUp: 0.012406314124531867
bandwidthUtilDown: 0.007965820208155675
Avg # of unsent chunk for max-retries: 0.0
Min # of unsent chunk for max-retries: 0.0
Max # of unsent chunk for max-retries: 0.0
Avg # of unsent chunk-reqs for max-retries: 0.0
Min # of unsent chunk-reqs for max-retries: 0.0
Max # of unsent chunk-reqs for max-retries: 0.0
Avg % of chunks received by Pastry: 8.245454545454546
Min % of chunks received by Pastry: 0.0
Max % of chunks received by Pastry: 18.0
StD of chunks received by Pastry: 3.8674989278124587
Var of chunks received by Pastry: 14.957547956630517
Avg % of chunks received by StarStream: 90.7909090909091
Min % of chunks received by StarStream: 81.0
Max % of chunks received by StarStream: 100.0
StD of chunks received by StarStream: 3.926142572073109
Var of chunks received by StarStream: 15.414595496244846
[NONMOJO] Startup Delay: 139.06363636363636
[MOJO] Startup Delay: 69.8
[MOJO] Latency: 8.654696867321972
Min of perceived avg chunk delivery-time: 6.6
Max of perceived avg chunk delivery-time: 15.368421052631579
Variance of perceived avg chunk delivery-time: 1.3315875479291788
StD of perceived avg chunk delivery-time: 1.1539443435145296
Avg messages sent per node: 3947.981818181818
Min messages sent per node: 1703.0
Max messages sent per node: 7781.0
Variance of messages sent per node: 1961722.2565471241
StD of messages sent per node: 1400.6149565626965
Nodes with incomplete playbacks: 83
[MOJO] Continuity Index: 61.00909090909091
[MOJO] Packet Loss: 38.99090909090909
Min % of not played chunks: 0.0
Max % of not played chunks: 99.0
Not played chunks [chunk-id/nodes]: {1=55, 2=50, 3=46, 4=47, 5=45, 6=33, 7=40, 8=46, 9=38, 10=42, 11=45, 12=35, 13=41, 14=46, 15=42, 17=45, 16=43, 19=43, 18=42, 21=47, 20=42, 23=45, 22=45, 25=40, 24=45, 27=46, 26=47, 29=46, 28=38, 31=49, 30=37, 34=40, 35=39, 32=42, 33=40, 38=46, 39=46, 36=39, 37=44, 42=45, 43=41, 40=42, 41=38, 46=44, 47=41, 44=41, 45=42, 51=38, 50=43, 49=42, 48=44, 55=38, 54=39, 53=43, 52=50, 59=50, 58=48, 57=43, 56=39, 63=49, 62=45, 61=41, 60=47, 68=41, 69=43, 70=41, 71=39, 64=44, 65=52, 66=45, 67=39, 76=44, 77=42, 78=39, 79=45, 72=45, 73=39, 74=42, 75=37, 85=51, 84=46, 87=42, 86=44, 81=46, 80=47, 83=43, 82=42, 93=39, 92=47, 95=46, 94=52, 89=41, 88=42, 91=45, 90=44, 98=52, 99=41, 96=42, 97=40}
Avg distance between not played chunks: 3.214504189064916
Min distance between not played chunks: 1.0
Max distance between not played chunks: 46.0

HELPING PEERS LOG

[HELPING] Active nodes: 0
[HELPING] Started playbacks: 0
[HELPING] Not started playbacks node-ids: []
[HELPING] Playbacks time-window: -9223372036854775807
[HELPING] Missing chunks distribution [missed-chunks/nodes]: {}
[HELPING] Rejected chunks for ttl expiration [chunk-id/nodes]: 0 {}
[HELPING] Rejected chunks for capacity limit [chunk-id/nodes]: 0 {}
[HELPING] bandwidthUtilUp: NaN
[HELPING] bandwidthUtilDown: NaN
[HELPING] Avg # of unsent chunk for max-retries: NaN
[HELPING] Min # of unsent chunk for max-retries: Infinity
[HELPING] Max # of unsent chunk for max-retries: -Infinity
[HELPING] Avg # of unsent chunk-reqs for max-retries: NaN
[HELPING] Min # of unsent chunk-reqs for max-retries: Infinity
[HELPING] Max # of unsent chunk-reqs for max-retries: -Infinity
[HELPING] Avg % of chunks received by Pastry: NaN
[HELPING] Min % of chunks received by Pastry: Infinity
[HELPING] Max % of chunks received by Pastry: -Infinity
[HELPING] StD of chunks received by Pastry: 0.0
[HELPING] Var of chunks received by Pastry: 0.0
[HELPING] Avg % of chunks received by StarStream: NaN
[HELPING] Min % of chunks received by StarStream: Infinity
[HELPING] Max % of chunks received by StarStream: -Infinity
[HELPING] StD of chunks received by StarStream: 0.0
[HELPING] Var of chunks received by StarStream: 0.0
[HELPING] Latency: NaN
[HELPING] Min of perceived avg chunk delivery-time: Infinity
[HELPING] Max of perceived avg chunk delivery-time: -Infinity
[HELPING] Variance of perceived avg chunk delivery-time: 0.0
[HELPING] StD of perceived avg chunk delivery-time: 0.0
[HELPING] Avg messages sent per node: NaN
[HELPING] Min messages sent per node: Infinity
[HELPING] Max messages sent per node: -Infinity
[HELPING] Variance of messages sent per node: 0.0
[HELPING] StD of messages sent per node: 0.0
[HELPING] Nodes with incomplete playbacks: 0
[HELPING] Packet Loss: NaN
[HELPING] Min % of not played chunks: Infinity
[HELPING] Max % of not played chunks: -Infinity
[HELPING] Not played chunks [chunk-id/nodes]: {}
[HELPING] Avg distance between not played chunks: NaN
[HELPING] Min distance between not played chunks: Infinity
[HELPING] Max distance between not played chunks: -Infinity

