Total chunks: 100
Nodes x chunk: 16
Total nodes: 220
Active nodes: 110
Started playbacks: 110
Not started playbacks node-ids: []
Playbacks time-window: 27
Missing chunks distribution [missed-chunks/nodes]: {0=110}
Rejected chunks for ttl expiration [chunk-id/nodes]: 0 {}
Rejected chunks for capacity limit [chunk-id/nodes]: 0 {}
bandwidthUtilUp: 0.014860287332514235
bandwidthUtilDown: 0.009151182601214782
Avg # of unsent chunk for max-retries: 0.01818181818181818
Min # of unsent chunk for max-retries: 0.0
Max # of unsent chunk for max-retries: 1.0
Avg # of unsent chunk-reqs for max-retries: 0.0
Min # of unsent chunk-reqs for max-retries: 0.0
Max # of unsent chunk-reqs for max-retries: 0.0
Avg % of chunks received by Pastry: 6.181818181818182
Min % of chunks received by Pastry: 0.0
Max % of chunks received by Pastry: 13.0
StD of chunks received by Pastry: 2.9026461138161004
Var of chunks received by Pastry: 8.425354462051711
Avg % of chunks received by StarStream: 92.81818181818181
Min % of chunks received by StarStream: 86.0
Max % of chunks received by StarStream: 99.0
StD of chunks received by StarStream: 2.9026461138164046
Var of chunks received by StarStream: 8.425354462053475
[NONMOJO] Startup Delay: 340.03636363636366
[MOJO] Startup Delay: 80.5
[MOJO] Latency: 9.685454545454546
Min of perceived avg chunk delivery-time: 7.12
Max of perceived avg chunk delivery-time: 11.85
Variance of perceived avg chunk delivery-time: 0.6321791492910849
StD of perceived avg chunk delivery-time: 0.7950969433289785
Avg messages sent per node: 7046.154545454546
Min messages sent per node: 4045.0
Max messages sent per node: 11566.0
Variance of messages sent per node: 2504233.03094245
StD of messages sent per node: 1582.4768658474757
Nodes with incomplete playbacks: 109
[MOJO] Continuity Index: 48.61818181818182
[MOJO] Packet Loss: 51.38181818181818
Min % of not played chunks: 0.0
Max % of not played chunks: 99.0
Not played chunks [chunk-id/nodes]: {1=58, 2=57, 3=59, 4=57, 5=51, 6=47, 7=65, 8=57, 9=59, 10=50, 11=55, 12=48, 13=57, 14=55, 15=58, 17=72, 16=56, 19=52, 18=50, 21=50, 20=58, 23=59, 22=55, 25=53, 24=62, 27=57, 26=52, 29=57, 28=59, 31=55, 30=55, 34=53, 35=59, 32=52, 33=57, 38=46, 39=68, 36=64, 37=63, 42=50, 43=50, 40=59, 41=61, 46=58, 47=52, 44=64, 45=61, 51=61, 50=49, 49=63, 48=55, 55=57, 54=54, 53=65, 52=52, 59=55, 58=48, 57=65, 56=51, 63=64, 62=69, 61=59, 60=50, 68=55, 69=61, 70=54, 71=61, 64=65, 65=54, 66=55, 67=56, 76=65, 77=53, 78=62, 79=54, 72=52, 73=50, 74=53, 75=64, 85=57, 84=56, 87=56, 86=58, 81=56, 80=61, 83=56, 82=59, 93=58, 92=56, 95=56, 94=59, 89=66, 88=58, 91=67, 90=56, 98=60, 99=61, 96=58, 97=55}
Avg distance between not played chunks: 3.071230088877599
Min distance between not played chunks: 1.0
Max distance between not played chunks: 19.0

HELPING PEERS LOG

[HELPING] Active nodes: 110
[HELPING] Started playbacks: 110
[HELPING] Not started playbacks node-ids: []
[HELPING] Playbacks time-window: 403
[HELPING] Missing chunks distribution [missed-chunks/nodes]: {0=107, 1=1, 2=1, 6=1}
[HELPING] Rejected chunks for ttl expiration [chunk-id/nodes]: 1 {0=3}
[HELPING] Rejected chunks for capacity limit [chunk-id/nodes]: 0 {}
[HELPING] bandwidthUtilUp: 0.014977224815451074
[HELPING] bandwidthUtilDown: 0.008948472651955515
[HELPING] Avg # of unsent chunk for max-retries: 0.0
[HELPING] Min # of unsent chunk for max-retries: 0.0
[HELPING] Max # of unsent chunk for max-retries: 0.0
[HELPING] Avg # of unsent chunk-reqs for max-retries: 0.0
[HELPING] Min # of unsent chunk-reqs for max-retries: 0.0
[HELPING] Max # of unsent chunk-reqs for max-retries: 0.0
[HELPING] Avg % of chunks received by Pastry: 5.336363636363636
[HELPING] Min % of chunks received by Pastry: 0.0
[HELPING] Max % of chunks received by Pastry: 15.0
[HELPING] StD of chunks received by Pastry: 2.9061064236284517
[HELPING] Var of chunks received by Pastry: 8.445454545454549
[HELPING] Avg % of chunks received by StarStream: 93.69090909090909
[HELPING] Min % of chunks received by StarStream: 84.0
[HELPING] Max % of chunks received by StarStream: 100.0
[HELPING] StD of chunks received by StarStream: 2.960738361124958
[HELPING] Var of chunks received by StarStream: 8.765971643036902
[HELPING] Startup Delay: 354.2181818181818
[HELPING] Latency: 10.086836758403885
[HELPING] Min of perceived avg chunk delivery-time: 8.54
[HELPING] Max of perceived avg chunk delivery-time: 14.826530612244898
[HELPING] Variance of perceived avg chunk delivery-time: 0.9789808332702317
[HELPING] StD of perceived avg chunk delivery-time: 0.9894346028263978
[HELPING] Avg messages sent per node: 7316.381818181818
[HELPING] Min messages sent per node: 4475.0
[HELPING] Max messages sent per node: 10318.0
[HELPING] Variance of messages sent per node: 2471265.7978315344
[HELPING] StD of messages sent per node: 1572.026016906697
[HELPING] Nodes with incomplete playbacks: 104
[HELPING] Packet Loss: 48.10909090909091
[HELPING] Min % of not played chunks: 0.0
[HELPING] Max % of not played chunks: 99.0
[HELPING] Not played chunks [chunk-id/nodes]: {1=56, 2=62, 3=47, 4=59, 5=63, 6=45, 7=56, 8=55, 9=46, 10=53, 11=46, 12=47, 13=58, 14=47, 15=51, 17=57, 16=48, 19=48, 18=50, 21=56, 20=54, 23=51, 22=56, 25=51, 24=55, 27=55, 26=57, 29=49, 28=53, 31=51, 30=54, 34=48, 35=45, 32=62, 33=50, 38=61, 39=56, 36=58, 37=60, 42=47, 43=50, 40=53, 41=56, 46=55, 47=54, 44=58, 45=53, 51=53, 50=47, 49=56, 48=52, 55=54, 54=54, 53=61, 52=59, 59=56, 58=61, 57=63, 56=47, 63=60, 62=55, 61=59, 60=55, 68=57, 69=42, 70=55, 71=54, 64=53, 65=57, 66=48, 67=52, 76=54, 77=50, 78=54, 79=56, 72=58, 73=49, 74=57, 75=60, 85=55, 84=54, 87=52, 86=43, 81=53, 80=49, 83=61, 82=50, 93=59, 92=47, 95=51, 94=41, 89=50, 88=61, 91=57, 90=55, 98=50, 99=54, 96=51, 97=49}
[HELPING] Avg distance between not played chunks: 2.774935407937182
[HELPING] Min distance between not played chunks: 1.0
[HELPING] Max distance between not played chunks: 19.0

