Total chunks: 100
Nodes x chunk: 16
Total nodes: 110
Active nodes: 110
Started playbacks: 110
Not started playbacks node-ids: []
Playbacks time-window: 267
Missing chunks distribution [missed-chunks/nodes]: {0=107, 2=1, 4=2}
Rejected chunks for ttl expiration [chunk-id/nodes]: 4 {0=3, 2=3, 3=2, 4=2}
Rejected chunks for capacity limit [chunk-id/nodes]: 0 {}
bandwidthUtilUp: 0.012878818027084649
bandwidthUtilDown: 0.008175279179763921
Avg # of unsent chunk for max-retries: 0.0
Min # of unsent chunk for max-retries: 0.0
Max # of unsent chunk for max-retries: 0.0
Avg # of unsent chunk-reqs for max-retries: 0.0
Min # of unsent chunk-reqs for max-retries: 0.0
Max # of unsent chunk-reqs for max-retries: 0.0
Avg % of chunks received by Pastry: 7.845454545454546
Min % of chunks received by Pastry: 0.0
Max % of chunks received by Pastry: 21.0
StD of chunks received by Pastry: 4.160068726576705
Var of chunks received by Pastry: 17.306171809841533
Avg % of chunks received by StarStream: 91.21818181818182
Min % of chunks received by StarStream: 78.0
Max % of chunks received by StarStream: 100.0
StD of chunks received by StarStream: 4.200003971561704
Var of chunks received by StarStream: 17.640033361134087
[NONMOJO] Startup Delay: 146.88181818181818
[MOJO] Startup Delay: 51.1
[MOJO] Latency: 8.398229807977831
Min of perceived avg chunk delivery-time: 6.01
Max of perceived avg chunk delivery-time: 13.402061855670103
Variance of perceived avg chunk delivery-time: 1.0043981434832787
StD of perceived avg chunk delivery-time: 1.0021966590860691
Avg messages sent per node: 4468.145454545454
Min messages sent per node: 1784.0
Max messages sent per node: 9103.0
Variance of messages sent per node: 3153529.886905759
StD of messages sent per node: 1775.8180894747522
Nodes with incomplete playbacks: 82
[MOJO] Continuity Index: 68.52727272727273
[MOJO] Packet Loss: 31.472727272727273
Min % of not played chunks: 0.0
Max % of not played chunks: 99.0
Not played chunks [chunk-id/nodes]: {1=46, 2=49, 3=34, 4=39, 5=38, 6=33, 7=32, 8=35, 9=30, 10=28, 11=40, 12=31, 13=30, 14=38, 15=35, 17=36, 16=32, 19=39, 18=40, 21=38, 20=30, 23=33, 22=30, 25=33, 24=33, 27=34, 26=33, 29=36, 28=38, 31=33, 30=31, 34=31, 35=37, 32=28, 33=32, 38=33, 39=32, 36=33, 37=33, 42=38, 43=31, 40=37, 41=36, 46=33, 47=35, 44=36, 45=39, 51=30, 50=36, 49=39, 48=35, 55=39, 54=38, 53=35, 52=28, 59=32, 58=37, 57=33, 56=34, 63=38, 62=34, 61=35, 60=35, 68=36, 69=32, 70=32, 71=31, 64=37, 65=41, 66=35, 67=33, 76=30, 77=33, 78=35, 79=37, 72=38, 73=38, 74=38, 75=43, 85=37, 84=38, 87=30, 86=38, 81=35, 80=42, 83=43, 82=34, 93=28, 92=36, 95=32, 94=34, 89=36, 88=30, 91=33, 90=34, 98=39, 99=38, 96=35, 97=32}
Avg distance between not played chunks: 4.075804645277917
Min distance between not played chunks: 1.0
Max distance between not played chunks: 33.0

HELPING PEERS LOG

[HELPING] Active nodes: 0
[HELPING] Started playbacks: 0
[HELPING] Not started playbacks node-ids: []
[HELPING] Playbacks time-window: -9223372036854775807
[HELPING] Missing chunks distribution [missed-chunks/nodes]: {}
[HELPING] Rejected chunks for ttl expiration [chunk-id/nodes]: 0 {}
[HELPING] Rejected chunks for capacity limit [chunk-id/nodes]: 0 {}
[HELPING] bandwidthUtilUp: NaN
[HELPING] bandwidthUtilDown: NaN
[HELPING] Avg # of unsent chunk for max-retries: NaN
[HELPING] Min # of unsent chunk for max-retries: Infinity
[HELPING] Max # of unsent chunk for max-retries: -Infinity
[HELPING] Avg # of unsent chunk-reqs for max-retries: NaN
[HELPING] Min # of unsent chunk-reqs for max-retries: Infinity
[HELPING] Max # of unsent chunk-reqs for max-retries: -Infinity
[HELPING] Avg % of chunks received by Pastry: NaN
[HELPING] Min % of chunks received by Pastry: Infinity
[HELPING] Max % of chunks received by Pastry: -Infinity
[HELPING] StD of chunks received by Pastry: 0.0
[HELPING] Var of chunks received by Pastry: 0.0
[HELPING] Avg % of chunks received by StarStream: NaN
[HELPING] Min % of chunks received by StarStream: Infinity
[HELPING] Max % of chunks received by StarStream: -Infinity
[HELPING] StD of chunks received by StarStream: 0.0
[HELPING] Var of chunks received by StarStream: 0.0
[HELPING] Latency: NaN
[HELPING] Min of perceived avg chunk delivery-time: Infinity
[HELPING] Max of perceived avg chunk delivery-time: -Infinity
[HELPING] Variance of perceived avg chunk delivery-time: 0.0
[HELPING] StD of perceived avg chunk delivery-time: 0.0
[HELPING] Avg messages sent per node: NaN
[HELPING] Min messages sent per node: Infinity
[HELPING] Max messages sent per node: -Infinity
[HELPING] Variance of messages sent per node: 0.0
[HELPING] StD of messages sent per node: 0.0
[HELPING] Nodes with incomplete playbacks: 0
[HELPING] Packet Loss: NaN
[HELPING] Min % of not played chunks: Infinity
[HELPING] Max % of not played chunks: -Infinity
[HELPING] Not played chunks [chunk-id/nodes]: {}
[HELPING] Avg distance between not played chunks: NaN
[HELPING] Min distance between not played chunks: Infinity
[HELPING] Max distance between not played chunks: -Infinity

