Total chunks: 100
Nodes x chunk: 16
Total nodes: 110
Active nodes: 110
Started playbacks: 110
Not started playbacks node-ids: []
Playbacks time-window: 489
Missing chunks distribution [missed-chunks/nodes]: {0=109, 6=1}
Rejected chunks for ttl expiration [chunk-id/nodes]: 6 {0=2, 3=1, 4=1, 5=1, 6=1, 7=1}
Rejected chunks for capacity limit [chunk-id/nodes]: 0 {}
bandwidthUtilUp: 0.013586439996387258
bandwidthUtilDown: 0.008697388958430266
Avg # of unsent chunk for max-retries: 0.0
Min # of unsent chunk for max-retries: 0.0
Max # of unsent chunk for max-retries: 0.0
Avg # of unsent chunk-reqs for max-retries: 0.0
Min # of unsent chunk-reqs for max-retries: 0.0
Max # of unsent chunk-reqs for max-retries: 0.0
Avg % of chunks received by Pastry: 5.9818181818181815
Min % of chunks received by Pastry: 0.0
Max % of chunks received by Pastry: 13.0
StD of chunks received by Pastry: 3.085871379120286
Var of chunks received by Pastry: 9.522602168473735
Avg % of chunks received by StarStream: 93.05454545454545
Min % of chunks received by StarStream: 86.0
Max % of chunks received by StarStream: 100.0
StD of chunks received by StarStream: 3.1530860480417986
Var of chunks received by StarStream: 9.941951626355849
[NONMOJO] Startup Delay: 144.35454545454544
[MOJO] Startup Delay: 93.0
[MOJO] Latency: 7.898045575399672
Min of perceived avg chunk delivery-time: 6.31
Max of perceived avg chunk delivery-time: 10.183673469387756
Variance of perceived avg chunk delivery-time: 0.49087435439019333
StD of perceived avg chunk delivery-time: 0.7006242604921652
Avg messages sent per node: 5788.136363636364
Min messages sent per node: 2308.0
Max messages sent per node: 10065.0
Variance of messages sent per node: 3034282.008757291
StD of messages sent per node: 1741.9190591865315
Nodes with incomplete playbacks: 75
[MOJO] Continuity Index: 66.10909090909091
[MOJO] Packet Loss: 33.89090909090909
Min % of not played chunks: 0.0
Max % of not played chunks: 99.0
Not played chunks [chunk-id/nodes]: {1=39, 2=44, 3=33, 4=43, 5=38, 6=42, 7=41, 8=40, 9=32, 10=37, 11=38, 12=35, 13=37, 14=35, 15=39, 17=41, 16=29, 19=37, 18=39, 21=32, 20=32, 23=38, 22=35, 25=34, 24=35, 27=33, 26=42, 29=34, 28=39, 31=35, 30=34, 34=36, 35=39, 32=33, 33=40, 38=36, 39=36, 36=41, 37=41, 42=36, 43=30, 40=45, 41=30, 46=39, 47=36, 44=41, 45=40, 51=37, 50=42, 49=45, 48=30, 55=41, 54=34, 53=36, 52=39, 59=40, 58=39, 57=49, 56=38, 63=46, 62=35, 61=36, 60=38, 68=40, 69=39, 70=42, 71=35, 64=33, 65=35, 66=40, 67=35, 76=32, 77=36, 78=38, 79=35, 72=35, 73=38, 74=40, 75=43, 85=33, 84=31, 87=38, 86=40, 81=42, 80=39, 83=35, 82=39, 93=40, 92=33, 95=42, 94=37, 89=34, 88=36, 91=41, 90=41, 98=45, 99=40, 96=41, 97=39}
Avg distance between not played chunks: 3.673792858487469
Min distance between not played chunks: 1.0
Max distance between not played chunks: 29.0

HELPING PEERS LOG

[HELPING] Active nodes: 0
[HELPING] Started playbacks: 0
[HELPING] Not started playbacks node-ids: []
[HELPING] Playbacks time-window: -9223372036854775807
[HELPING] Missing chunks distribution [missed-chunks/nodes]: {}
[HELPING] Rejected chunks for ttl expiration [chunk-id/nodes]: 0 {}
[HELPING] Rejected chunks for capacity limit [chunk-id/nodes]: 0 {}
[HELPING] bandwidthUtilUp: NaN
[HELPING] bandwidthUtilDown: NaN
[HELPING] Avg # of unsent chunk for max-retries: NaN
[HELPING] Min # of unsent chunk for max-retries: Infinity
[HELPING] Max # of unsent chunk for max-retries: -Infinity
[HELPING] Avg # of unsent chunk-reqs for max-retries: NaN
[HELPING] Min # of unsent chunk-reqs for max-retries: Infinity
[HELPING] Max # of unsent chunk-reqs for max-retries: -Infinity
[HELPING] Avg % of chunks received by Pastry: NaN
[HELPING] Min % of chunks received by Pastry: Infinity
[HELPING] Max % of chunks received by Pastry: -Infinity
[HELPING] StD of chunks received by Pastry: 0.0
[HELPING] Var of chunks received by Pastry: 0.0
[HELPING] Avg % of chunks received by StarStream: NaN
[HELPING] Min % of chunks received by StarStream: Infinity
[HELPING] Max % of chunks received by StarStream: -Infinity
[HELPING] StD of chunks received by StarStream: 0.0
[HELPING] Var of chunks received by StarStream: 0.0
[HELPING] Latency: NaN
[HELPING] Min of perceived avg chunk delivery-time: Infinity
[HELPING] Max of perceived avg chunk delivery-time: -Infinity
[HELPING] Variance of perceived avg chunk delivery-time: 0.0
[HELPING] StD of perceived avg chunk delivery-time: 0.0
[HELPING] Avg messages sent per node: NaN
[HELPING] Min messages sent per node: Infinity
[HELPING] Max messages sent per node: -Infinity
[HELPING] Variance of messages sent per node: 0.0
[HELPING] StD of messages sent per node: 0.0
[HELPING] Nodes with incomplete playbacks: 0
[HELPING] Packet Loss: NaN
[HELPING] Min % of not played chunks: Infinity
[HELPING] Max % of not played chunks: -Infinity
[HELPING] Not played chunks [chunk-id/nodes]: {}
[HELPING] Avg distance between not played chunks: NaN
[HELPING] Min distance between not played chunks: Infinity
[HELPING] Max distance between not played chunks: -Infinity

