Total chunks: 100
Nodes x chunk: 16
Total nodes: 121
Active nodes: 110
Started playbacks: 110
Not started playbacks node-ids: []
Playbacks time-window: 294
Missing chunks distribution [missed-chunks/nodes]: {0=107, 1=1, 2=1, 5=1}
Rejected chunks for ttl expiration [chunk-id/nodes]: 2 {0=5, 2=1}
Rejected chunks for capacity limit [chunk-id/nodes]: 0 {}
bandwidthUtilUp: 0.01453865540672285
bandwidthUtilDown: 0.008864838912820736
Avg # of unsent chunk for max-retries: 0.0
Min # of unsent chunk for max-retries: 0.0
Max # of unsent chunk for max-retries: 0.0
Avg # of unsent chunk-reqs for max-retries: 0.0
Min # of unsent chunk-reqs for max-retries: 0.0
Max # of unsent chunk-reqs for max-retries: 0.0
Avg % of chunks received by Pastry: 4.5636363636363635
Min % of chunks received by Pastry: 0.0
Max % of chunks received by Pastry: 13.0
StD of chunks received by Pastry: 3.00008340167639
Var of chunks received by Pastry: 9.000500417014178
Avg % of chunks received by StarStream: 94.47272727272727
Min % of chunks received by StarStream: 86.0
Max % of chunks received by StarStream: 100.0
StD of chunks received by StarStream: 3.06117771576695
Var of chunks received by StarStream: 9.370809007508162
[NONMOJO] Startup Delay: 160.04545454545453
[MOJO] Startup Delay: 99.6
[MOJO] Latency: 7.802721789238408
Min of perceived avg chunk delivery-time: 6.62
Max of perceived avg chunk delivery-time: 10.589473684210526
Variance of perceived avg chunk delivery-time: 0.41641880206880166
StD of perceived avg chunk delivery-time: 0.6453052007142059
Avg messages sent per node: 6966.981818181818
Min messages sent per node: 4156.0
Max messages sent per node: 10597.0
Variance of messages sent per node: 2293297.834528777
StD of messages sent per node: 1514.3638382267245
Nodes with incomplete playbacks: 91
[MOJO] Continuity Index: 55.58181818181818
[MOJO] Packet Loss: 44.41818181818182
Min % of not played chunks: 0.0
Max % of not played chunks: 99.0
Not played chunks [chunk-id/nodes]: {1=60, 2=54, 3=53, 4=58, 5=54, 6=55, 7=47, 8=46, 9=39, 10=54, 11=50, 12=53, 13=48, 14=45, 15=46, 17=44, 16=50, 19=49, 18=45, 21=51, 20=48, 23=48, 22=49, 25=44, 24=56, 27=52, 26=49, 29=47, 28=53, 31=47, 30=49, 34=44, 35=50, 32=53, 33=51, 38=50, 39=53, 36=47, 37=53, 42=44, 43=40, 40=54, 41=50, 46=48, 47=46, 44=47, 45=50, 51=45, 50=52, 49=50, 48=46, 55=46, 54=52, 53=48, 52=49, 59=49, 58=54, 57=44, 56=48, 63=57, 62=50, 61=47, 60=46, 68=51, 69=44, 70=46, 71=50, 64=58, 65=49, 66=52, 67=50, 76=48, 77=48, 78=54, 79=55, 72=43, 73=56, 74=45, 75=47, 85=53, 84=51, 87=52, 86=52, 81=48, 80=48, 83=48, 82=43, 93=49, 92=47, 95=50, 94=49, 89=49, 88=45, 91=49, 90=49, 98=50, 99=49, 96=52, 97=51}
Avg distance between not played chunks: 3.5463425253213168
Min distance between not played chunks: 1.0
Max distance between not played chunks: 32.0

HELPING PEERS LOG

[HELPING] Active nodes: 11
[HELPING] Started playbacks: 11
[HELPING] Not started playbacks node-ids: []
[HELPING] Playbacks time-window: 266
[HELPING] Missing chunks distribution [missed-chunks/nodes]: {0=10, 4=1}
[HELPING] Rejected chunks for ttl expiration [chunk-id/nodes]: 2 {0=4, 3=1}
[HELPING] Rejected chunks for capacity limit [chunk-id/nodes]: 0 {}
[HELPING] bandwidthUtilUp: 0.0140714857628932
[HELPING] bandwidthUtilDown: 0.007997561245974163
[HELPING] Avg # of unsent chunk for max-retries: 0.0
[HELPING] Min # of unsent chunk for max-retries: 0.0
[HELPING] Max # of unsent chunk for max-retries: 0.0
[HELPING] Avg # of unsent chunk-reqs for max-retries: 0.0
[HELPING] Min # of unsent chunk-reqs for max-retries: 0.0
[HELPING] Max # of unsent chunk-reqs for max-retries: 0.0
[HELPING] Avg % of chunks received by Pastry: 5.181818181818182
[HELPING] Min % of chunks received by Pastry: 0.0
[HELPING] Max % of chunks received by Pastry: 9.0
[HELPING] StD of chunks received by Pastry: 3.3709993123162105
[HELPING] Var of chunks received by Pastry: 11.363636363636365
[HELPING] Avg % of chunks received by StarStream: 94.0
[HELPING] Min % of chunks received by StarStream: 90.0
[HELPING] Max % of chunks received by StarStream: 100.0
[HELPING] StD of chunks received by StarStream: 3.6606010435446006
[HELPING] Var of chunks received by StarStream: 13.39999999999982
[HELPING] Startup Delay: 202.54545454545453
[HELPING] Latency: 8.500170188293431
[HELPING] Min of perceived avg chunk delivery-time: 7.17
[HELPING] Max of perceived avg chunk delivery-time: 12.395833333333334
[HELPING] Variance of perceived avg chunk delivery-time: 2.2736692596289347
[HELPING] StD of perceived avg chunk delivery-time: 1.5078691122338619
[HELPING] Avg messages sent per node: 7366.181818181818
[HELPING] Min messages sent per node: 5130.0
[HELPING] Max messages sent per node: 9413.0
[HELPING] Variance of messages sent per node: 2159727.3636363707
[HELPING] StD of messages sent per node: 1469.6010899684209
[HELPING] Nodes with incomplete playbacks: 5
[HELPING] Packet Loss: 15.727272727272727
[HELPING] Min % of not played chunks: 0.0
[HELPING] Max % of not played chunks: 99.0
[HELPING] Not played chunks [chunk-id/nodes]: {1=4, 2=3, 3=2, 4=2, 5=2, 6=2, 7=2, 8=1, 9=2, 10=2, 11=2, 12=2, 13=1, 14=2, 15=2, 17=1, 16=2, 19=2, 18=2, 21=2, 20=2, 23=1, 22=1, 25=2, 24=2, 27=2, 26=2, 29=2, 28=3, 31=2, 30=2, 34=2, 35=1, 32=2, 33=2, 38=2, 39=1, 36=2, 37=1, 42=2, 43=2, 40=2, 41=2, 46=2, 47=1, 44=2, 45=2, 51=3, 50=2, 49=2, 48=2, 55=1, 54=2, 53=2, 52=2, 59=2, 58=2, 57=2, 56=2, 63=1, 62=2, 61=1, 60=2, 68=2, 69=1, 70=1, 71=2, 64=2, 65=1, 66=2, 67=1, 76=1, 77=2, 78=1, 79=1, 72=1, 73=2, 74=2, 75=2, 85=2, 84=2, 87=2, 86=1, 81=1, 80=1, 83=2, 82=2, 93=1, 92=1, 95=1, 94=1, 89=1, 88=2, 91=2, 90=2, 98=2, 99=1, 96=2, 97=1}
[HELPING] Avg distance between not played chunks: 3.1900000000000004
[HELPING] Min distance between not played chunks: 1.0
[HELPING] Max distance between not played chunks: 11.333333333333334

