Total chunks: 100
Nodes x chunk: 16
Total nodes: 110
Active nodes: 110
Started playbacks: 110
Not started playbacks node-ids: []
Playbacks time-window: 213
Missing chunks distribution [missed-chunks/nodes]: {0=109, 2=1}
Rejected chunks for ttl expiration [chunk-id/nodes]: 2 {0=7, 2=1}
Rejected chunks for capacity limit [chunk-id/nodes]: 0 {}
bandwidthUtilUp: 0.01174410330523934
bandwidthUtilDown: 0.007288257304531689
Avg # of unsent chunk for max-retries: 0.0
Min # of unsent chunk for max-retries: 0.0
Max # of unsent chunk for max-retries: 0.0
Avg # of unsent chunk-reqs for max-retries: 0.0
Min # of unsent chunk-reqs for max-retries: 0.0
Max # of unsent chunk-reqs for max-retries: 0.0
Avg % of chunks received by Pastry: 8.345454545454546
Min % of chunks received by Pastry: 0.0
Max % of chunks received by Pastry: 16.0
StD of chunks received by Pastry: 3.4440118584873027
Var of chunks received by Pastry: 11.861217681401165
Avg % of chunks received by StarStream: 90.68181818181819
Min % of chunks received by StarStream: 83.0
Max % of chunks received by StarStream: 100.0
StD of chunks received by StarStream: 3.5138828680925025
Var of chunks received by StarStream: 12.34737281067399
[NONMOJO] Startup Delay: 144.5
[MOJO] Startup Delay: 86.8
[MOJO] Latency: 9.25942014197403
Min of perceived avg chunk delivery-time: 6.89
Max of perceived avg chunk delivery-time: 11.61
Variance of perceived avg chunk delivery-time: 1.0760008486361525
StD of perceived avg chunk delivery-time: 1.0373046074495922
Avg messages sent per node: 3224.3454545454547
Min messages sent per node: 1422.0
Max messages sent per node: 7164.0
Variance of messages sent per node: 1381006.9437864881
StD of messages sent per node: 1175.16251803165
Nodes with incomplete playbacks: 78
[MOJO] Continuity Index: 69.05454545454545
[MOJO] Packet Loss: 30.945454545454545
Min % of not played chunks: 0.0
Max % of not played chunks: 99.0
Not played chunks [chunk-id/nodes]: {1=51, 2=36, 3=38, 4=37, 5=33, 6=33, 7=34, 8=28, 9=32, 10=31, 11=33, 12=37, 13=38, 14=23, 15=34, 17=27, 16=36, 19=33, 18=32, 21=31, 20=31, 23=35, 22=35, 25=37, 24=33, 27=33, 26=32, 29=36, 28=38, 31=32, 30=30, 34=30, 35=32, 32=37, 33=33, 38=32, 39=30, 36=37, 37=41, 42=35, 43=40, 40=32, 41=27, 46=30, 47=31, 44=36, 45=28, 51=34, 50=39, 49=35, 48=39, 55=34, 54=28, 53=37, 52=29, 59=42, 58=38, 57=37, 56=42, 63=39, 62=32, 61=33, 60=31, 68=34, 69=33, 70=30, 71=37, 64=34, 65=32, 66=34, 67=38, 76=37, 77=37, 78=34, 79=31, 72=35, 73=33, 74=35, 75=30, 85=34, 84=34, 87=37, 86=35, 81=40, 80=31, 83=37, 82=41, 93=39, 92=33, 95=38, 94=34, 89=34, 88=43, 91=35, 90=30, 98=40, 99=31, 96=33, 97=32}
Avg distance between not played chunks: 4.195713170088313
Min distance between not played chunks: 1.0
Max distance between not played chunks: 37.5

HELPING PEERS LOG

[HELPING] Active nodes: 0
[HELPING] Started playbacks: 0
[HELPING] Not started playbacks node-ids: []
[HELPING] Playbacks time-window: -9223372036854775807
[HELPING] Missing chunks distribution [missed-chunks/nodes]: {}
[HELPING] Rejected chunks for ttl expiration [chunk-id/nodes]: 0 {}
[HELPING] Rejected chunks for capacity limit [chunk-id/nodes]: 0 {}
[HELPING] bandwidthUtilUp: NaN
[HELPING] bandwidthUtilDown: NaN
[HELPING] Avg # of unsent chunk for max-retries: NaN
[HELPING] Min # of unsent chunk for max-retries: Infinity
[HELPING] Max # of unsent chunk for max-retries: -Infinity
[HELPING] Avg # of unsent chunk-reqs for max-retries: NaN
[HELPING] Min # of unsent chunk-reqs for max-retries: Infinity
[HELPING] Max # of unsent chunk-reqs for max-retries: -Infinity
[HELPING] Avg % of chunks received by Pastry: NaN
[HELPING] Min % of chunks received by Pastry: Infinity
[HELPING] Max % of chunks received by Pastry: -Infinity
[HELPING] StD of chunks received by Pastry: 0.0
[HELPING] Var of chunks received by Pastry: 0.0
[HELPING] Avg % of chunks received by StarStream: NaN
[HELPING] Min % of chunks received by StarStream: Infinity
[HELPING] Max % of chunks received by StarStream: -Infinity
[HELPING] StD of chunks received by StarStream: 0.0
[HELPING] Var of chunks received by StarStream: 0.0
[HELPING] Latency: NaN
[HELPING] Min of perceived avg chunk delivery-time: Infinity
[HELPING] Max of perceived avg chunk delivery-time: -Infinity
[HELPING] Variance of perceived avg chunk delivery-time: 0.0
[HELPING] StD of perceived avg chunk delivery-time: 0.0
[HELPING] Avg messages sent per node: NaN
[HELPING] Min messages sent per node: Infinity
[HELPING] Max messages sent per node: -Infinity
[HELPING] Variance of messages sent per node: 0.0
[HELPING] StD of messages sent per node: 0.0
[HELPING] Nodes with incomplete playbacks: 0
[HELPING] Packet Loss: NaN
[HELPING] Min % of not played chunks: Infinity
[HELPING] Max % of not played chunks: -Infinity
[HELPING] Not played chunks [chunk-id/nodes]: {}
[HELPING] Avg distance between not played chunks: NaN
[HELPING] Min distance between not played chunks: Infinity
[HELPING] Max distance between not played chunks: -Infinity

