Total chunks: 100
Nodes x chunk: 16
Total nodes: 110
Active nodes: 110
Started playbacks: 110
Not started playbacks node-ids: []
Playbacks time-window: 450
Missing chunks distribution [missed-chunks/nodes]: {0=108, 5=1, 8=1}
Rejected chunks for ttl expiration [chunk-id/nodes]: 8 {0=2, 2=2, 3=2, 4=2, 5=2, 6=1, 7=1, 8=1}
Rejected chunks for capacity limit [chunk-id/nodes]: 0 {}
bandwidthUtilUp: 0.01412102905399804
bandwidthUtilDown: 0.008747741843242316
Avg # of unsent chunk for max-retries: 0.0
Min # of unsent chunk for max-retries: 0.0
Max # of unsent chunk for max-retries: 0.0
Avg # of unsent chunk-reqs for max-retries: 0.0
Min # of unsent chunk-reqs for max-retries: 0.0
Max # of unsent chunk-reqs for max-retries: 0.0
Avg % of chunks received by Pastry: 4.945454545454545
Min % of chunks received by Pastry: 0.0
Max % of chunks received by Pastry: 13.0
StD of chunks received by Pastry: 2.945487494538678
Var of chunks received by Pastry: 8.675896580483737
Avg % of chunks received by StarStream: 94.0909090909091
Min % of chunks received by StarStream: 86.0
Max % of chunks received by StarStream: 100.0
StD of chunks received by StarStream: 3.0001390015060614
Var of chunks received by StarStream: 9.000834028357788
[NONMOJO] Startup Delay: 142.6909090909091
[MOJO] Startup Delay: 98.8
[MOJO] Latency: 7.6862393388182735
Min of perceived avg chunk delivery-time: 6.07
Max of perceived avg chunk delivery-time: 10.18
Variance of perceived avg chunk delivery-time: 0.5038754271760439
StD of perceived avg chunk delivery-time: 0.7098418325064
Avg messages sent per node: 6388.336363636364
Min messages sent per node: 2233.0
Max messages sent per node: 10371.0
Variance of messages sent per node: 2834457.3995829886
StD of messages sent per node: 1683.5846873807652
Nodes with incomplete playbacks: 79
[MOJO] Continuity Index: 66.08181818181818
[MOJO] Packet Loss: 33.91818181818182
Min % of not played chunks: 0.0
Max % of not played chunks: 99.0
Not played chunks [chunk-id/nodes]: {1=48, 2=41, 3=44, 4=37, 5=42, 6=34, 7=35, 8=37, 9=38, 10=41, 11=37, 12=42, 13=34, 14=36, 15=35, 17=33, 16=35, 19=35, 18=39, 21=40, 20=41, 23=32, 22=34, 25=36, 24=31, 27=36, 26=37, 29=36, 28=37, 31=35, 30=38, 34=37, 35=37, 32=40, 33=35, 38=40, 39=38, 36=35, 37=36, 42=35, 43=37, 40=36, 41=42, 46=36, 47=37, 44=38, 45=33, 51=38, 50=44, 49=39, 48=36, 55=40, 54=38, 53=39, 52=42, 59=41, 58=39, 57=37, 56=39, 63=36, 62=40, 61=38, 60=37, 68=38, 69=36, 70=36, 71=42, 64=44, 65=38, 66=34, 67=34, 76=43, 77=43, 78=38, 79=41, 72=37, 73=35, 74=33, 75=40, 85=41, 84=40, 87=40, 86=37, 81=37, 80=37, 83=37, 82=41, 93=41, 92=33, 95=37, 94=36, 89=37, 88=38, 91=33, 90=36, 98=39, 99=40, 96=32, 97=36}
Avg distance between not played chunks: 4.647934635690411
Min distance between not played chunks: 1.0
Max distance between not played chunks: 63.0

HELPING PEERS LOG

[HELPING] Active nodes: 0
[HELPING] Started playbacks: 0
[HELPING] Not started playbacks node-ids: []
[HELPING] Playbacks time-window: -9223372036854775807
[HELPING] Missing chunks distribution [missed-chunks/nodes]: {}
[HELPING] Rejected chunks for ttl expiration [chunk-id/nodes]: 0 {}
[HELPING] Rejected chunks for capacity limit [chunk-id/nodes]: 0 {}
[HELPING] bandwidthUtilUp: NaN
[HELPING] bandwidthUtilDown: NaN
[HELPING] Avg # of unsent chunk for max-retries: NaN
[HELPING] Min # of unsent chunk for max-retries: Infinity
[HELPING] Max # of unsent chunk for max-retries: -Infinity
[HELPING] Avg # of unsent chunk-reqs for max-retries: NaN
[HELPING] Min # of unsent chunk-reqs for max-retries: Infinity
[HELPING] Max # of unsent chunk-reqs for max-retries: -Infinity
[HELPING] Avg % of chunks received by Pastry: NaN
[HELPING] Min % of chunks received by Pastry: Infinity
[HELPING] Max % of chunks received by Pastry: -Infinity
[HELPING] StD of chunks received by Pastry: 0.0
[HELPING] Var of chunks received by Pastry: 0.0
[HELPING] Avg % of chunks received by StarStream: NaN
[HELPING] Min % of chunks received by StarStream: Infinity
[HELPING] Max % of chunks received by StarStream: -Infinity
[HELPING] StD of chunks received by StarStream: 0.0
[HELPING] Var of chunks received by StarStream: 0.0
[HELPING] Latency: NaN
[HELPING] Min of perceived avg chunk delivery-time: Infinity
[HELPING] Max of perceived avg chunk delivery-time: -Infinity
[HELPING] Variance of perceived avg chunk delivery-time: 0.0
[HELPING] StD of perceived avg chunk delivery-time: 0.0
[HELPING] Avg messages sent per node: NaN
[HELPING] Min messages sent per node: Infinity
[HELPING] Max messages sent per node: -Infinity
[HELPING] Variance of messages sent per node: 0.0
[HELPING] StD of messages sent per node: 0.0
[HELPING] Nodes with incomplete playbacks: 0
[HELPING] Packet Loss: NaN
[HELPING] Min % of not played chunks: Infinity
[HELPING] Max % of not played chunks: -Infinity
[HELPING] Not played chunks [chunk-id/nodes]: {}
[HELPING] Avg distance between not played chunks: NaN
[HELPING] Min distance between not played chunks: Infinity
[HELPING] Max distance between not played chunks: -Infinity

