Total chunks: 100
Nodes x chunk: 1
Total nodes: 12
Active nodes: 12
Started playbacks: 12
Not started playbacks node-ids: []
Playbacks time-window: 80
Missing chunks distribution [missed-chunks/nodes]: {35=1, 49=1, 19=1, 65=1, 53=1, 52=1, 37=1, 43=1, 40=2, 56=1, 46=1}
Rejected chunks for ttl expiration [chunk-id/nodes]: 99 {0=10, 1=2, 2=7, 3=2, 4=3, 5=3, 6=4, 7=4, 8=3, 9=5, 10=7, 11=2, 12=3, 13=3, 14=3, 15=3, 17=8, 16=6, 19=2, 18=7, 21=2, 20=7, 23=2, 22=7, 25=3, 24=5, 27=7, 26=2, 29=5, 28=4, 31=3, 30=7, 34=4, 35=4, 32=6, 33=4, 38=8, 39=2, 36=3, 37=1, 42=5, 43=5, 41=3, 46=7, 47=7, 44=4, 45=3, 51=4, 50=10, 49=7, 48=5, 55=3, 54=6, 53=4, 52=3, 59=9, 58=9, 57=6, 56=5, 63=7, 62=7, 61=9, 60=3, 68=4, 69=7, 70=7, 71=9, 64=7, 65=9, 66=2, 67=7, 76=7, 77=4, 78=8, 79=6, 72=3, 73=6, 74=6, 75=10, 85=7, 84=3, 87=7, 86=7, 81=4, 80=7, 83=9, 82=10, 93=6, 92=7, 95=8, 94=9, 89=5, 88=8, 91=5, 90=8, 98=3, 99=5, 96=3, 97=6}
Rejected chunks for capacity limit [chunk-id/nodes]: 0 {}
bandwidthUtilUp: 0.0038472887513719017
bandwidthUtilDown: 0.0021262106766951274
Avg # of unsent chunk for max-retries: 0.0
Min # of unsent chunk for max-retries: 0.0
Max # of unsent chunk for max-retries: 0.0
Avg # of unsent chunk-reqs for max-retries: 0.25
Min # of unsent chunk-reqs for max-retries: 0.0
Max # of unsent chunk-reqs for max-retries: 1.0
Avg % of chunks received by Pastry: 11.416666666666666
Min % of chunks received by Pastry: 0.0
Max % of chunks received by Pastry: 34.0
StD of chunks received by Pastry: 10.076600557126335
Var of chunks received by Pastry: 101.53787878787878
Avg % of chunks received by StarStream: 87.66666666666667
Min % of chunks received by StarStream: 65.0
Max % of chunks received by StarStream: 100.0
StD of chunks received by StarStream: 10.183170905811647
Var of chunks received by StarStream: 103.69696969696881
[NONMOJO] Startup Delay: 66.58333333333333
[MOJO] Startup Delay: 75.6
[MOJO] Latency: 7.069000070986367
Min of perceived avg chunk delivery-time: 5.925925925925926
Max of perceived avg chunk delivery-time: 8.14
Variance of perceived avg chunk delivery-time: 0.5500874457894775
StD of perceived avg chunk delivery-time: 0.7416788023056056
Avg messages sent per node: 1005.25
Min messages sent per node: 671.0
Max messages sent per node: 1487.0
Variance of messages sent per node: 40847.47727272731
StD of messages sent per node: 202.1075883600794
Nodes with incomplete playbacks: 12
[MOJO] Continuity Index: 45.666666666666664
[MOJO] Packet Loss: 54.333333333333336
Min % of not played chunks: 35.0
Max % of not played chunks: 99.0
Not played chunks [chunk-id/nodes]: {1=2, 2=8, 3=4, 4=5, 5=5, 6=5, 7=6, 8=5, 9=7, 10=7, 11=3, 12=5, 13=5, 14=5, 15=3, 17=9, 16=7, 19=4, 18=8, 21=4, 20=7, 23=3, 22=8, 25=5, 24=6, 27=8, 26=4, 29=6, 28=6, 31=4, 30=8, 34=6, 35=6, 32=8, 33=5, 38=10, 39=4, 36=4, 37=3, 42=7, 43=7, 40=5, 41=3, 46=10, 47=7, 44=5, 45=5, 51=7, 50=10, 49=8, 48=7, 55=5, 54=7, 53=5, 52=5, 59=9, 58=9, 57=7, 56=6, 63=8, 62=8, 61=10, 60=4, 68=5, 69=7, 70=8, 71=10, 64=8, 65=11, 66=5, 67=9, 76=9, 77=6, 78=9, 79=6, 72=4, 73=8, 74=8, 75=10, 85=9, 84=5, 87=8, 86=8, 81=5, 80=7, 83=9, 82=10, 93=7, 92=9, 95=8, 94=10, 89=7, 88=10, 91=5, 90=9, 98=3, 99=6, 96=4, 97=8}
Avg distance between not played chunks: 1.9340602118756143
Min distance between not played chunks: 1.0
Max distance between not played chunks: 2.7941176470588234

HELPING PEERS LOG

[HELPING] Active nodes: 0
[HELPING] Started playbacks: 0
[HELPING] Not started playbacks node-ids: []
[HELPING] Playbacks time-window: -9223372036854775807
[HELPING] Missing chunks distribution [missed-chunks/nodes]: {}
[HELPING] Rejected chunks for ttl expiration [chunk-id/nodes]: 0 {}
[HELPING] Rejected chunks for capacity limit [chunk-id/nodes]: 0 {}
[HELPING] bandwidthUtilUp: NaN
[HELPING] bandwidthUtilDown: NaN
[HELPING] Avg # of unsent chunk for max-retries: NaN
[HELPING] Min # of unsent chunk for max-retries: Infinity
[HELPING] Max # of unsent chunk for max-retries: -Infinity
[HELPING] Avg # of unsent chunk-reqs for max-retries: NaN
[HELPING] Min # of unsent chunk-reqs for max-retries: Infinity
[HELPING] Max # of unsent chunk-reqs for max-retries: -Infinity
[HELPING] Avg % of chunks received by Pastry: NaN
[HELPING] Min % of chunks received by Pastry: Infinity
[HELPING] Max % of chunks received by Pastry: -Infinity
[HELPING] StD of chunks received by Pastry: 0.0
[HELPING] Var of chunks received by Pastry: 0.0
[HELPING] Avg % of chunks received by StarStream: NaN
[HELPING] Min % of chunks received by StarStream: Infinity
[HELPING] Max % of chunks received by StarStream: -Infinity
[HELPING] StD of chunks received by StarStream: 0.0
[HELPING] Var of chunks received by StarStream: 0.0
[HELPING] Latency: NaN
[HELPING] Min of perceived avg chunk delivery-time: Infinity
[HELPING] Max of perceived avg chunk delivery-time: -Infinity
[HELPING] Variance of perceived avg chunk delivery-time: 0.0
[HELPING] StD of perceived avg chunk delivery-time: 0.0
[HELPING] Avg messages sent per node: NaN
[HELPING] Min messages sent per node: Infinity
[HELPING] Max messages sent per node: -Infinity
[HELPING] Variance of messages sent per node: 0.0
[HELPING] StD of messages sent per node: 0.0
[HELPING] Nodes with incomplete playbacks: 0
[HELPING] Packet Loss: NaN
[HELPING] Min % of not played chunks: Infinity
[HELPING] Max % of not played chunks: -Infinity
[HELPING] Not played chunks [chunk-id/nodes]: {}
[HELPING] Avg distance between not played chunks: NaN
[HELPING] Min distance between not played chunks: Infinity
[HELPING] Max distance between not played chunks: -Infinity

