Total chunks: 100
Nodes x chunk: 1
Total nodes: 12
Active nodes: 12
Started playbacks: 12
Not started playbacks node-ids: []
Playbacks time-window: 107
Missing chunks distribution [missed-chunks/nodes]: {35=1, 33=1, 38=3, 36=1, 23=1, 24=1, 27=1, 41=1, 31=1, 30=1}
Rejected chunks for ttl expiration [chunk-id/nodes]: 93 {1=1, 2=4, 3=2, 4=3, 5=1, 6=4, 7=4, 8=4, 9=3, 11=1, 12=5, 14=5, 15=2, 17=2, 16=3, 19=4, 18=2, 21=2, 20=7, 23=4, 22=3, 25=2, 24=1, 27=2, 26=1, 29=3, 28=3, 31=5, 34=1, 35=4, 32=2, 33=6, 38=2, 39=3, 36=2, 37=1, 42=5, 43=9, 40=3, 41=3, 46=8, 47=11, 45=4, 51=9, 50=6, 49=5, 48=9, 55=4, 54=1, 53=3, 52=7, 59=4, 58=2, 57=5, 56=3, 63=5, 62=6, 61=8, 60=2, 69=4, 70=4, 71=8, 64=3, 65=6, 67=8, 76=4, 77=3, 78=9, 79=1, 72=6, 73=4, 74=2, 75=3, 85=4, 84=11, 87=8, 86=4, 81=6, 80=4, 83=4, 82=6, 93=3, 92=3, 95=3, 94=2, 89=5, 88=5, 91=3, 90=4, 98=5, 99=3, 96=2, 97=6}
Rejected chunks for capacity limit [chunk-id/nodes]: 0 {}
bandwidthUtilUp: 0.004099772833899555
bandwidthUtilDown: 0.002232437435558885
Avg # of unsent chunk for max-retries: 0.0
Min # of unsent chunk for max-retries: 0.0
Max # of unsent chunk for max-retries: 0.0
Avg # of unsent chunk-reqs for max-retries: 0.3333333333333333
Min # of unsent chunk-reqs for max-retries: 0.0
Max # of unsent chunk-reqs for max-retries: 2.0
Avg % of chunks received by Pastry: 11.666666666666666
Min % of chunks received by Pastry: 3.0
Max % of chunks received by Pastry: 24.0
StD of chunks received by Pastry: 6.457319079693192
Var of chunks received by Pastry: 41.69696969696973
Avg % of chunks received by StarStream: 87.41666666666667
Min % of chunks received by StarStream: 75.0
Max % of chunks received by StarStream: 96.0
StD of chunks received by StarStream: 6.487166818676094
Var of chunks received by StarStream: 42.08333333333212
[NONMOJO] Startup Delay: 57.833333333333336
[MOJO] Startup Delay: 88.7
[MOJO] Latency: 7.399232238553886
Min of perceived avg chunk delivery-time: 6.263888888888889
Max of perceived avg chunk delivery-time: 9.224137931034482
Variance of perceived avg chunk delivery-time: 0.6434195249351288
StD of perceived avg chunk delivery-time: 0.8021343559124797
Avg messages sent per node: 1567.1666666666667
Min messages sent per node: 1053.0
Max messages sent per node: 1875.0
Variance of messages sent per node: 70495.42424242367
StD of messages sent per node: 265.5097441572035
Nodes with incomplete playbacks: 12
[MOJO] Continuity Index: 56.083333333333336
[MOJO] Packet Loss: 43.916666666666664
Min % of not played chunks: 27.0
Max % of not played chunks: 99.0
Not played chunks [chunk-id/nodes]: {1=3, 2=4, 3=4, 4=5, 5=3, 6=4, 7=5, 8=5, 9=4, 10=2, 11=3, 12=7, 13=2, 14=7, 15=4, 17=4, 16=4, 19=6, 18=4, 21=4, 20=9, 23=4, 22=4, 25=3, 24=2, 27=4, 26=2, 29=5, 28=4, 31=6, 30=2, 34=3, 35=5, 32=5, 33=8, 38=3, 39=4, 36=3, 37=1, 42=6, 43=9, 40=4, 41=5, 46=9, 47=12, 44=2, 45=4, 51=10, 50=7, 49=7, 48=9, 55=5, 54=4, 53=4, 52=7, 59=4, 58=4, 57=7, 56=5, 63=7, 62=9, 61=9, 60=3, 68=3, 69=4, 70=6, 71=9, 64=7, 65=6, 66=5, 67=9, 76=6, 77=5, 78=10, 79=3, 72=7, 73=5, 74=5, 75=4, 85=6, 84=11, 87=8, 86=6, 81=8, 80=4, 83=6, 82=7, 93=4, 92=5, 95=5, 94=6, 89=6, 88=6, 91=5, 90=6, 98=5, 99=4, 96=4, 97=8}
Avg distance between not played chunks: 2.471786417998055
Min distance between not played chunks: 1.0
Max distance between not played chunks: 3.6153846153846154

HELPING PEERS LOG

[HELPING] Active nodes: 0
[HELPING] Started playbacks: 0
[HELPING] Not started playbacks node-ids: []
[HELPING] Playbacks time-window: -9223372036854775807
[HELPING] Missing chunks distribution [missed-chunks/nodes]: {}
[HELPING] Rejected chunks for ttl expiration [chunk-id/nodes]: 0 {}
[HELPING] Rejected chunks for capacity limit [chunk-id/nodes]: 0 {}
[HELPING] bandwidthUtilUp: NaN
[HELPING] bandwidthUtilDown: NaN
[HELPING] Avg # of unsent chunk for max-retries: NaN
[HELPING] Min # of unsent chunk for max-retries: Infinity
[HELPING] Max # of unsent chunk for max-retries: -Infinity
[HELPING] Avg # of unsent chunk-reqs for max-retries: NaN
[HELPING] Min # of unsent chunk-reqs for max-retries: Infinity
[HELPING] Max # of unsent chunk-reqs for max-retries: -Infinity
[HELPING] Avg % of chunks received by Pastry: NaN
[HELPING] Min % of chunks received by Pastry: Infinity
[HELPING] Max % of chunks received by Pastry: -Infinity
[HELPING] StD of chunks received by Pastry: 0.0
[HELPING] Var of chunks received by Pastry: 0.0
[HELPING] Avg % of chunks received by StarStream: NaN
[HELPING] Min % of chunks received by StarStream: Infinity
[HELPING] Max % of chunks received by StarStream: -Infinity
[HELPING] StD of chunks received by StarStream: 0.0
[HELPING] Var of chunks received by StarStream: 0.0
[HELPING] Latency: NaN
[HELPING] Min of perceived avg chunk delivery-time: Infinity
[HELPING] Max of perceived avg chunk delivery-time: -Infinity
[HELPING] Variance of perceived avg chunk delivery-time: 0.0
[HELPING] StD of perceived avg chunk delivery-time: 0.0
[HELPING] Avg messages sent per node: NaN
[HELPING] Min messages sent per node: Infinity
[HELPING] Max messages sent per node: -Infinity
[HELPING] Variance of messages sent per node: 0.0
[HELPING] StD of messages sent per node: 0.0
[HELPING] Nodes with incomplete playbacks: 0
[HELPING] Packet Loss: NaN
[HELPING] Min % of not played chunks: Infinity
[HELPING] Max % of not played chunks: -Infinity
[HELPING] Not played chunks [chunk-id/nodes]: {}
[HELPING] Avg distance between not played chunks: NaN
[HELPING] Min distance between not played chunks: Infinity
[HELPING] Max distance between not played chunks: -Infinity

