Total chunks: 100
Nodes x chunk: 1
Total nodes: 12
Active nodes: 12
Started playbacks: 12
Not started playbacks node-ids: []
Playbacks time-window: 56
Missing chunks distribution [missed-chunks/nodes]: {50=2, 32=1, 39=4, 37=1, 25=1, 57=1, 44=1, 31=1}
Rejected chunks for ttl expiration [chunk-id/nodes]: 98 {0=3, 1=5, 2=2, 3=2, 4=9, 5=2, 6=1, 7=5, 8=5, 9=2, 10=8, 11=3, 12=3, 13=3, 14=2, 15=4, 17=6, 16=5, 19=8, 18=3, 21=2, 20=2, 23=2, 22=5, 25=5, 24=5, 27=5, 26=7, 29=5, 28=6, 31=3, 30=5, 34=3, 35=5, 32=5, 33=3, 39=8, 36=4, 37=3, 42=2, 43=6, 41=1, 46=6, 47=3, 44=7, 45=8, 51=4, 50=4, 49=6, 48=10, 55=4, 54=8, 53=9, 52=3, 59=6, 58=4, 57=5, 56=6, 63=5, 62=4, 61=3, 60=3, 68=7, 69=2, 70=2, 71=7, 64=2, 65=4, 66=11, 67=6, 76=6, 77=5, 78=8, 79=6, 72=6, 73=3, 74=8, 75=5, 85=5, 84=5, 87=4, 86=8, 81=2, 80=7, 83=4, 82=2, 93=8, 92=3, 95=5, 94=1, 89=4, 88=6, 91=6, 90=4, 98=9, 99=1, 96=8, 97=6}
Rejected chunks for capacity limit [chunk-id/nodes]: 0 {}
bandwidthUtilUp: 0.004080612232699569
bandwidthUtilDown: 0.0022201491742992402
Avg # of unsent chunk for max-retries: 0.0
Min # of unsent chunk for max-retries: 0.0
Max # of unsent chunk for max-retries: 0.0
Avg # of unsent chunk-reqs for max-retries: 0.25
Min # of unsent chunk-reqs for max-retries: 0.0
Max # of unsent chunk-reqs for max-retries: 1.0
Avg % of chunks received by Pastry: 11.75
Min % of chunks received by Pastry: 3.0
Max % of chunks received by Pastry: 26.0
StD of chunks received by Pastry: 7.008112182580724
Var of chunks received by Pastry: 49.11363636363637
Avg % of chunks received by StarStream: 87.25
Min % of chunks received by StarStream: 73.0
Max % of chunks received by StarStream: 96.0
StD of chunks received by StarStream: 7.0081121825807005
Var of chunks received by StarStream: 49.113636363636026
[NONMOJO] Startup Delay: 49.583333333333336
[MOJO] Startup Delay: 79.5
[MOJO] Latency: 7.476737719428873
Min of perceived avg chunk delivery-time: 6.681159420289855
Max of perceived avg chunk delivery-time: 8.813953488372093
Variance of perceived avg chunk delivery-time: 0.35182358841271366
StD of perceived avg chunk delivery-time: 0.5931471895008132
Avg messages sent per node: 1285.75
Min messages sent per node: 727.0
Max messages sent per node: 1845.0
Variance of messages sent per node: 102533.65909090909
StD of messages sent per node: 320.2087742253624
Nodes with incomplete playbacks: 12
[MOJO] Continuity Index: 50.25
[MOJO] Packet Loss: 49.75
Min % of not played chunks: 25.0
Max % of not played chunks: 99.0
Not played chunks [chunk-id/nodes]: {1=6, 2=3, 3=2, 4=9, 5=4, 6=3, 7=7, 8=7, 9=4, 10=9, 11=4, 12=3, 13=4, 14=4, 15=5, 17=7, 16=6, 19=8, 18=5, 21=2, 20=3, 23=4, 22=7, 25=6, 24=6, 27=6, 26=8, 29=7, 28=7, 31=4, 30=7, 34=5, 35=6, 32=7, 33=5, 38=1, 39=10, 36=5, 37=4, 42=4, 43=8, 40=6, 41=3, 46=6, 47=5, 44=8, 45=9, 51=5, 50=6, 49=7, 48=10, 55=6, 54=9, 53=9, 52=7, 59=7, 58=5, 57=5, 56=7, 63=6, 62=5, 61=5, 60=4, 68=8, 69=3, 70=2, 71=7, 64=4, 65=5, 66=11, 67=7, 76=7, 77=6, 78=9, 79=8, 72=7, 73=4, 74=8, 75=7, 85=6, 84=6, 87=6, 86=9, 81=5, 80=8, 83=6, 82=5, 93=9, 92=4, 95=6, 94=3, 89=5, 88=7, 91=7, 90=6, 98=9, 99=8, 96=10, 97=7}
Avg distance between not played chunks: 2.2585636153529234
Min distance between not played chunks: 1.0
Max distance between not played chunks: 4.083333333333333

HELPING PEERS LOG

[HELPING] Active nodes: 0
[HELPING] Started playbacks: 0
[HELPING] Not started playbacks node-ids: []
[HELPING] Playbacks time-window: -9223372036854775807
[HELPING] Missing chunks distribution [missed-chunks/nodes]: {}
[HELPING] Rejected chunks for ttl expiration [chunk-id/nodes]: 0 {}
[HELPING] Rejected chunks for capacity limit [chunk-id/nodes]: 0 {}
[HELPING] bandwidthUtilUp: NaN
[HELPING] bandwidthUtilDown: NaN
[HELPING] Avg # of unsent chunk for max-retries: NaN
[HELPING] Min # of unsent chunk for max-retries: Infinity
[HELPING] Max # of unsent chunk for max-retries: -Infinity
[HELPING] Avg # of unsent chunk-reqs for max-retries: NaN
[HELPING] Min # of unsent chunk-reqs for max-retries: Infinity
[HELPING] Max # of unsent chunk-reqs for max-retries: -Infinity
[HELPING] Avg % of chunks received by Pastry: NaN
[HELPING] Min % of chunks received by Pastry: Infinity
[HELPING] Max % of chunks received by Pastry: -Infinity
[HELPING] StD of chunks received by Pastry: 0.0
[HELPING] Var of chunks received by Pastry: 0.0
[HELPING] Avg % of chunks received by StarStream: NaN
[HELPING] Min % of chunks received by StarStream: Infinity
[HELPING] Max % of chunks received by StarStream: -Infinity
[HELPING] StD of chunks received by StarStream: 0.0
[HELPING] Var of chunks received by StarStream: 0.0
[HELPING] Latency: NaN
[HELPING] Min of perceived avg chunk delivery-time: Infinity
[HELPING] Max of perceived avg chunk delivery-time: -Infinity
[HELPING] Variance of perceived avg chunk delivery-time: 0.0
[HELPING] StD of perceived avg chunk delivery-time: 0.0
[HELPING] Avg messages sent per node: NaN
[HELPING] Min messages sent per node: Infinity
[HELPING] Max messages sent per node: -Infinity
[HELPING] Variance of messages sent per node: 0.0
[HELPING] StD of messages sent per node: 0.0
[HELPING] Nodes with incomplete playbacks: 0
[HELPING] Packet Loss: NaN
[HELPING] Min % of not played chunks: Infinity
[HELPING] Max % of not played chunks: -Infinity
[HELPING] Not played chunks [chunk-id/nodes]: {}
[HELPING] Avg distance between not played chunks: NaN
[HELPING] Min distance between not played chunks: Infinity
[HELPING] Max distance between not played chunks: -Infinity

