Total chunks: 100
Nodes x chunk: 1
Total nodes: 12
Active nodes: 12
Started playbacks: 12
Not started playbacks node-ids: []
Playbacks time-window: 750
Missing chunks distribution [missed-chunks/nodes]: {35=1, 33=1, 38=2, 22=1, 37=1, 25=1, 43=1, 40=1, 41=1, 89=1, 30=1}
Rejected chunks for ttl expiration [chunk-id/nodes]: 98 {1=2, 2=7, 3=4, 4=4, 5=3, 6=4, 7=5, 8=5, 9=3, 10=4, 11=7, 12=3, 13=4, 14=4, 17=2, 16=2, 19=6, 18=4, 21=6, 20=2, 23=3, 22=6, 25=8, 24=3, 27=1, 26=1, 29=5, 28=2, 31=2, 30=1, 34=3, 35=1, 32=7, 33=4, 38=4, 39=5, 36=5, 37=4, 42=4, 43=5, 40=2, 41=8, 46=5, 47=7, 44=5, 45=4, 51=4, 50=4, 49=2, 48=5, 55=5, 54=2, 53=6, 52=4, 59=8, 58=4, 57=6, 56=6, 63=4, 62=4, 61=2, 60=7, 68=2, 69=6, 70=3, 71=7, 64=7, 65=7, 66=4, 67=4, 76=4, 77=6, 78=3, 79=3, 72=8, 73=5, 74=6, 75=3, 85=6, 84=6, 87=8, 86=8, 81=4, 80=3, 83=6, 82=4, 93=4, 92=3, 95=6, 94=5, 89=7, 88=8, 91=3, 90=4, 98=3, 99=6, 96=7, 97=5}
Rejected chunks for capacity limit [chunk-id/nodes]: 0 {}
bandwidthUtilUp: 0.003550725068515607
bandwidthUtilDown: 0.002064766949101995
Avg # of unsent chunk for max-retries: 0.0
Min # of unsent chunk for max-retries: 0.0
Max # of unsent chunk for max-retries: 0.0
Avg # of unsent chunk-reqs for max-retries: 0.16666666666666666
Min # of unsent chunk-reqs for max-retries: 0.0
Max # of unsent chunk-reqs for max-retries: 2.0
Avg % of chunks received by Pastry: 10.25
Min % of chunks received by Pastry: 0.0
Max % of chunks received by Pastry: 18.0
StD of chunks received by Pastry: 6.06217782649107
Var of chunks received by Pastry: 36.75
Avg % of chunks received by StarStream: 88.83333333333333
Min % of chunks received by StarStream: 81.0
Max % of chunks received by StarStream: 100.0
StD of chunks received by StarStream: 6.220688844249496
Var of chunks received by StarStream: 38.696969696970136
[NONMOJO] Startup Delay: 151.5
[MOJO] Startup Delay: 92.5
[MOJO] Latency: 6.802501485444019
Min of perceived avg chunk delivery-time: 0.0
Max of perceived avg chunk delivery-time: 8.859375
Variance of perceived avg chunk delivery-time: 4.992705928700238
StD of perceived avg chunk delivery-time: 2.2344363783066723
Avg messages sent per node: 1317.25
Min messages sent per node: 227.0
Max messages sent per node: 2166.0
Variance of messages sent per node: 246860.56818181823
StD of messages sent per node: 496.85064977497836
Nodes with incomplete playbacks: 12
[MOJO] Continuity Index: 55.833333333333336
[MOJO] Packet Loss: 44.166666666666664
Min % of not played chunks: 22.0
Max % of not played chunks: 99.0
Not played chunks [chunk-id/nodes]: {1=3, 2=7, 3=4, 4=5, 5=4, 6=5, 7=6, 8=6, 9=4, 10=5, 11=8, 12=4, 13=5, 14=4, 15=11, 17=3, 16=4, 19=7, 18=5, 21=7, 20=3, 23=5, 22=6, 25=8, 24=4, 27=3, 26=2, 29=5, 28=4, 31=3, 30=2, 34=4, 35=2, 32=7, 33=5, 38=5, 39=6, 36=5, 37=5, 42=5, 43=6, 40=3, 41=10, 46=6, 47=7, 44=6, 45=4, 51=5, 50=5, 49=3, 48=5, 55=6, 54=3, 53=6, 52=7, 59=8, 58=5, 57=7, 56=6, 63=6, 62=5, 61=3, 60=7, 68=3, 69=6, 70=4, 71=7, 64=7, 65=7, 66=5, 67=5, 76=5, 77=6, 78=4, 79=3, 72=8, 73=6, 74=6, 75=4, 85=7, 84=6, 87=8, 86=8, 81=4, 80=4, 83=6, 82=5, 93=5, 92=4, 95=7, 94=6, 89=8, 88=8, 91=3, 90=5, 98=4, 99=6, 96=9, 97=6}
Avg distance between not played chunks: 2.6178030223380593
Min distance between not played chunks: 1.0
Max distance between not played chunks: 4.428571428571429

HELPING PEERS LOG

[HELPING] Active nodes: 0
[HELPING] Started playbacks: 0
[HELPING] Not started playbacks node-ids: []
[HELPING] Playbacks time-window: -9223372036854775807
[HELPING] Missing chunks distribution [missed-chunks/nodes]: {}
[HELPING] Rejected chunks for ttl expiration [chunk-id/nodes]: 0 {}
[HELPING] Rejected chunks for capacity limit [chunk-id/nodes]: 0 {}
[HELPING] bandwidthUtilUp: NaN
[HELPING] bandwidthUtilDown: NaN
[HELPING] Avg # of unsent chunk for max-retries: NaN
[HELPING] Min # of unsent chunk for max-retries: Infinity
[HELPING] Max # of unsent chunk for max-retries: -Infinity
[HELPING] Avg # of unsent chunk-reqs for max-retries: NaN
[HELPING] Min # of unsent chunk-reqs for max-retries: Infinity
[HELPING] Max # of unsent chunk-reqs for max-retries: -Infinity
[HELPING] Avg % of chunks received by Pastry: NaN
[HELPING] Min % of chunks received by Pastry: Infinity
[HELPING] Max % of chunks received by Pastry: -Infinity
[HELPING] StD of chunks received by Pastry: 0.0
[HELPING] Var of chunks received by Pastry: 0.0
[HELPING] Avg % of chunks received by StarStream: NaN
[HELPING] Min % of chunks received by StarStream: Infinity
[HELPING] Max % of chunks received by StarStream: -Infinity
[HELPING] StD of chunks received by StarStream: 0.0
[HELPING] Var of chunks received by StarStream: 0.0
[HELPING] Latency: NaN
[HELPING] Min of perceived avg chunk delivery-time: Infinity
[HELPING] Max of perceived avg chunk delivery-time: -Infinity
[HELPING] Variance of perceived avg chunk delivery-time: 0.0
[HELPING] StD of perceived avg chunk delivery-time: 0.0
[HELPING] Avg messages sent per node: NaN
[HELPING] Min messages sent per node: Infinity
[HELPING] Max messages sent per node: -Infinity
[HELPING] Variance of messages sent per node: 0.0
[HELPING] StD of messages sent per node: 0.0
[HELPING] Nodes with incomplete playbacks: 0
[HELPING] Packet Loss: NaN
[HELPING] Min % of not played chunks: Infinity
[HELPING] Max % of not played chunks: -Infinity
[HELPING] Not played chunks [chunk-id/nodes]: {}
[HELPING] Avg distance between not played chunks: NaN
[HELPING] Min distance between not played chunks: Infinity
[HELPING] Max distance between not played chunks: -Infinity

