Total chunks: 100
Nodes x chunk: 1
Total nodes: 12
Active nodes: 12
Started playbacks: 12
Not started playbacks node-ids: []
Playbacks time-window: 74
Missing chunks distribution [missed-chunks/nodes]: {32=3, 33=1, 36=1, 40=1, 41=1, 26=1, 45=4}
Rejected chunks for ttl expiration [chunk-id/nodes]: 96 {1=1, 2=4, 3=8, 4=2, 5=4, 6=5, 7=2, 8=6, 9=5, 10=4, 11=2, 12=5, 13=5, 14=3, 15=1, 16=4, 19=1, 18=6, 21=3, 20=2, 23=3, 22=3, 25=3, 24=4, 27=7, 26=1, 29=2, 28=2, 31=4, 30=4, 34=3, 35=1, 32=3, 38=4, 39=5, 36=5, 37=1, 42=4, 43=6, 40=5, 41=3, 46=7, 47=8, 44=4, 45=1, 51=3, 50=3, 49=9, 48=7, 55=3, 54=2, 53=2, 52=2, 59=5, 58=5, 57=3, 56=9, 63=6, 62=5, 61=6, 60=4, 68=8, 69=4, 70=9, 71=3, 64=7, 65=8, 66=2, 67=3, 76=5, 77=9, 78=6, 79=5, 72=3, 73=7, 74=7, 85=2, 84=8, 87=7, 86=3, 81=8, 80=3, 83=10, 82=4, 93=6, 92=1, 95=7, 94=5, 89=6, 88=6, 91=8, 90=5, 98=3, 99=2, 96=7, 97=5}
Rejected chunks for capacity limit [chunk-id/nodes]: 0 {}
bandwidthUtilUp: 0.004240595677797917
bandwidthUtilDown: 0.0023367984627365684
Avg # of unsent chunk for max-retries: 0.0
Min # of unsent chunk for max-retries: 0.0
Max # of unsent chunk for max-retries: 0.0
Avg # of unsent chunk-reqs for max-retries: 0.25
Min # of unsent chunk-reqs for max-retries: 0.0
Max # of unsent chunk-reqs for max-retries: 1.0
Avg % of chunks received by Pastry: 11.0
Min % of chunks received by Pastry: 1.0
Max % of chunks received by Pastry: 20.0
StD of chunks received by Pastry: 6.741998624632419
Var of chunks received by Pastry: 45.45454545454544
Avg % of chunks received by StarStream: 88.0
Min % of chunks received by StarStream: 79.0
Max % of chunks received by StarStream: 98.0
StD of chunks received by StarStream: 6.741998624632445
Var of chunks received by StarStream: 45.45454545454578
[NONMOJO] Startup Delay: 62.083333333333336
[MOJO] Startup Delay: 59.8
[MOJO] Latency: 7.172183803719244
Min of perceived avg chunk delivery-time: 6.149253731343284
Max of perceived avg chunk delivery-time: 8.424242424242424
Variance of perceived avg chunk delivery-time: 0.3779812951172904
StD of perceived avg chunk delivery-time: 0.6148018340223868
Avg messages sent per node: 1220.75
Min messages sent per node: 836.0
Max messages sent per node: 1928.0
Variance of messages sent per node: 110040.38636363644
StD of messages sent per node: 331.72335818214015
Nodes with incomplete playbacks: 12
[MOJO] Continuity Index: 51.916666666666664
[MOJO] Packet Loss: 48.083333333333336
Min % of not played chunks: 32.0
Max % of not played chunks: 99.0
Not played chunks [chunk-id/nodes]: {1=1, 2=4, 3=9, 4=3, 5=5, 6=8, 7=3, 8=7, 9=6, 10=6, 11=3, 12=6, 13=7, 14=3, 15=3, 17=2, 16=6, 19=3, 18=8, 21=4, 20=4, 23=5, 22=4, 25=5, 24=5, 27=7, 26=3, 29=3, 28=2, 31=5, 30=6, 34=5, 35=3, 32=5, 33=2, 38=5, 39=6, 36=6, 37=2, 42=6, 43=7, 40=6, 41=5, 46=8, 47=8, 44=6, 45=3, 51=6, 50=5, 49=9, 48=8, 55=5, 54=4, 53=4, 52=6, 59=6, 58=6, 57=7, 56=10, 63=8, 62=5, 61=7, 60=6, 68=10, 69=6, 70=9, 71=5, 64=7, 65=8, 66=4, 67=5, 76=7, 77=10, 78=7, 79=6, 72=4, 73=8, 74=10, 75=6, 85=4, 84=8, 87=8, 86=5, 81=11, 80=5, 83=11, 82=5, 93=7, 92=2, 95=8, 94=7, 89=7, 88=7, 91=9, 90=6, 98=4, 99=4, 96=9, 97=7}
Avg distance between not played chunks: 2.245283482185324
Min distance between not played chunks: 1.0
Max distance between not played chunks: 2.96875

HELPING PEERS LOG

[HELPING] Active nodes: 0
[HELPING] Started playbacks: 0
[HELPING] Not started playbacks node-ids: []
[HELPING] Playbacks time-window: -9223372036854775807
[HELPING] Missing chunks distribution [missed-chunks/nodes]: {}
[HELPING] Rejected chunks for ttl expiration [chunk-id/nodes]: 0 {}
[HELPING] Rejected chunks for capacity limit [chunk-id/nodes]: 0 {}
[HELPING] bandwidthUtilUp: NaN
[HELPING] bandwidthUtilDown: NaN
[HELPING] Avg # of unsent chunk for max-retries: NaN
[HELPING] Min # of unsent chunk for max-retries: Infinity
[HELPING] Max # of unsent chunk for max-retries: -Infinity
[HELPING] Avg # of unsent chunk-reqs for max-retries: NaN
[HELPING] Min # of unsent chunk-reqs for max-retries: Infinity
[HELPING] Max # of unsent chunk-reqs for max-retries: -Infinity
[HELPING] Avg % of chunks received by Pastry: NaN
[HELPING] Min % of chunks received by Pastry: Infinity
[HELPING] Max % of chunks received by Pastry: -Infinity
[HELPING] StD of chunks received by Pastry: 0.0
[HELPING] Var of chunks received by Pastry: 0.0
[HELPING] Avg % of chunks received by StarStream: NaN
[HELPING] Min % of chunks received by StarStream: Infinity
[HELPING] Max % of chunks received by StarStream: -Infinity
[HELPING] StD of chunks received by StarStream: 0.0
[HELPING] Var of chunks received by StarStream: 0.0
[HELPING] Latency: NaN
[HELPING] Min of perceived avg chunk delivery-time: Infinity
[HELPING] Max of perceived avg chunk delivery-time: -Infinity
[HELPING] Variance of perceived avg chunk delivery-time: 0.0
[HELPING] StD of perceived avg chunk delivery-time: 0.0
[HELPING] Avg messages sent per node: NaN
[HELPING] Min messages sent per node: Infinity
[HELPING] Max messages sent per node: -Infinity
[HELPING] Variance of messages sent per node: 0.0
[HELPING] StD of messages sent per node: 0.0
[HELPING] Nodes with incomplete playbacks: 0
[HELPING] Packet Loss: NaN
[HELPING] Min % of not played chunks: Infinity
[HELPING] Max % of not played chunks: -Infinity
[HELPING] Not played chunks [chunk-id/nodes]: {}
[HELPING] Avg distance between not played chunks: NaN
[HELPING] Min distance between not played chunks: Infinity
[HELPING] Max distance between not played chunks: -Infinity

