Total chunks: 100
Nodes x chunk: 1
Total nodes: 12
Active nodes: 12
Started playbacks: 12
Not started playbacks node-ids: []
Playbacks time-window: 122
Missing chunks distribution [missed-chunks/nodes]: {34=2, 38=1, 39=1, 43=1, 40=1, 41=1, 29=1, 28=1, 62=1, 31=1, 45=1}
Rejected chunks for ttl expiration [chunk-id/nodes]: 99 {0=4, 1=3, 2=6, 3=3, 5=4, 6=2, 7=4, 8=3, 9=3, 10=5, 11=6, 12=3, 13=5, 14=6, 15=4, 17=5, 16=5, 19=2, 18=3, 21=5, 20=2, 23=7, 22=1, 25=2, 24=3, 27=5, 26=7, 29=3, 28=7, 31=2, 30=8, 34=3, 35=5, 32=5, 33=4, 38=7, 39=1, 36=2, 37=6, 42=1, 43=6, 40=2, 41=4, 46=3, 47=7, 44=4, 45=7, 51=8, 50=8, 49=7, 48=2, 55=2, 54=8, 53=5, 52=5, 59=5, 58=3, 57=8, 56=6, 63=3, 62=4, 61=9, 60=7, 68=8, 69=5, 70=4, 71=2, 64=2, 65=7, 66=4, 67=7, 76=5, 77=3, 78=4, 79=5, 72=8, 73=1, 74=6, 75=8, 85=6, 84=3, 87=5, 86=2, 81=4, 80=10, 83=3, 82=5, 93=4, 92=8, 95=2, 94=5, 89=5, 88=5, 91=8, 90=5, 98=8, 99=2, 96=3, 97=3}
Rejected chunks for capacity limit [chunk-id/nodes]: 0 {}
bandwidthUtilUp: 0.004258167431120478
bandwidthUtilDown: 0.002247400394201409
Avg # of unsent chunk for max-retries: 0.0
Min # of unsent chunk for max-retries: 0.0
Max # of unsent chunk for max-retries: 0.0
Avg # of unsent chunk-reqs for max-retries: 0.75
Min # of unsent chunk-reqs for max-retries: 0.0
Max # of unsent chunk-reqs for max-retries: 5.0
Avg % of chunks received by Pastry: 13.166666666666666
Min % of chunks received by Pastry: 5.0
Max % of chunks received by Pastry: 26.0
StD of chunks received by Pastry: 6.520364369814891
Var of chunks received by Pastry: 42.51515151515155
Avg % of chunks received by StarStream: 85.83333333333333
Min % of chunks received by StarStream: 73.0
Max % of chunks received by StarStream: 94.0
StD of chunks received by StarStream: 6.5203643698149225
Var of chunks received by StarStream: 42.515151515151956
[NONMOJO] Startup Delay: 52.25
[MOJO] Startup Delay: 69.3
[MOJO] Latency: 7.48682457013392
Min of perceived avg chunk delivery-time: 6.137931034482759
Max of perceived avg chunk delivery-time: 9.263157894736842
Variance of perceived avg chunk delivery-time: 0.7824502413621416
StD of perceived avg chunk delivery-time: 0.8845621749555774
Avg messages sent per node: 1281.9166666666667
Min messages sent per node: 651.0
Max messages sent per node: 1732.0
Variance of messages sent per node: 121418.81060606046
StD of messages sent per node: 348.4520205222815
Nodes with incomplete playbacks: 12
[MOJO] Continuity Index: 50.5
[MOJO] Packet Loss: 49.5
Min % of not played chunks: 34.0
Max % of not played chunks: 99.0
Not played chunks [chunk-id/nodes]: {1=4, 2=7, 3=6, 4=2, 5=6, 6=3, 7=6, 8=6, 9=5, 10=6, 11=9, 12=5, 13=6, 14=8, 15=6, 17=6, 16=6, 19=3, 18=4, 21=6, 20=3, 23=8, 22=4, 25=4, 24=5, 27=8, 26=8, 29=5, 28=8, 31=4, 30=8, 34=4, 35=6, 32=6, 33=5, 38=8, 39=3, 36=4, 37=8, 42=3, 43=7, 40=4, 41=5, 46=3, 47=9, 44=9, 45=7, 51=8, 50=8, 49=8, 48=3, 55=4, 54=9, 53=7, 52=7, 59=5, 58=4, 57=8, 56=7, 63=5, 62=6, 61=10, 60=7, 68=10, 69=7, 70=6, 71=4, 64=4, 65=7, 66=6, 67=7, 76=6, 77=4, 78=5, 79=6, 72=8, 73=4, 74=9, 75=9, 85=8, 84=4, 87=6, 86=4, 81=4, 80=10, 83=5, 82=6, 93=5, 92=8, 95=4, 94=6, 89=7, 88=6, 91=9, 90=6, 98=8, 99=5, 96=5, 97=4}
Avg distance between not played chunks: 2.1964926541634964
Min distance between not played chunks: 1.0
Max distance between not played chunks: 2.909090909090909

HELPING PEERS LOG

[HELPING] Active nodes: 0
[HELPING] Started playbacks: 0
[HELPING] Not started playbacks node-ids: []
[HELPING] Playbacks time-window: -9223372036854775807
[HELPING] Missing chunks distribution [missed-chunks/nodes]: {}
[HELPING] Rejected chunks for ttl expiration [chunk-id/nodes]: 0 {}
[HELPING] Rejected chunks for capacity limit [chunk-id/nodes]: 0 {}
[HELPING] bandwidthUtilUp: NaN
[HELPING] bandwidthUtilDown: NaN
[HELPING] Avg # of unsent chunk for max-retries: NaN
[HELPING] Min # of unsent chunk for max-retries: Infinity
[HELPING] Max # of unsent chunk for max-retries: -Infinity
[HELPING] Avg # of unsent chunk-reqs for max-retries: NaN
[HELPING] Min # of unsent chunk-reqs for max-retries: Infinity
[HELPING] Max # of unsent chunk-reqs for max-retries: -Infinity
[HELPING] Avg % of chunks received by Pastry: NaN
[HELPING] Min % of chunks received by Pastry: Infinity
[HELPING] Max % of chunks received by Pastry: -Infinity
[HELPING] StD of chunks received by Pastry: 0.0
[HELPING] Var of chunks received by Pastry: 0.0
[HELPING] Avg % of chunks received by StarStream: NaN
[HELPING] Min % of chunks received by StarStream: Infinity
[HELPING] Max % of chunks received by StarStream: -Infinity
[HELPING] StD of chunks received by StarStream: 0.0
[HELPING] Var of chunks received by StarStream: 0.0
[HELPING] Latency: NaN
[HELPING] Min of perceived avg chunk delivery-time: Infinity
[HELPING] Max of perceived avg chunk delivery-time: -Infinity
[HELPING] Variance of perceived avg chunk delivery-time: 0.0
[HELPING] StD of perceived avg chunk delivery-time: 0.0
[HELPING] Avg messages sent per node: NaN
[HELPING] Min messages sent per node: Infinity
[HELPING] Max messages sent per node: -Infinity
[HELPING] Variance of messages sent per node: 0.0
[HELPING] StD of messages sent per node: 0.0
[HELPING] Nodes with incomplete playbacks: 0
[HELPING] Packet Loss: NaN
[HELPING] Min % of not played chunks: Infinity
[HELPING] Max % of not played chunks: -Infinity
[HELPING] Not played chunks [chunk-id/nodes]: {}
[HELPING] Avg distance between not played chunks: NaN
[HELPING] Min distance between not played chunks: Infinity
[HELPING] Max distance between not played chunks: -Infinity

