Total chunks: 100
Nodes x chunk: 1
Total nodes: 12
Active nodes: 12
Started playbacks: 12
Not started playbacks node-ids: []
Playbacks time-window: 112
Missing chunks distribution [missed-chunks/nodes]: {34=1, 17=1, 32=1, 33=2, 38=1, 39=1, 36=1, 42=1, 26=1, 31=1, 30=1}
Rejected chunks for ttl expiration [chunk-id/nodes]: 95 {0=3, 1=3, 3=3, 4=4, 5=2, 6=1, 7=3, 8=3, 9=3, 10=5, 11=4, 12=9, 13=8, 14=3, 15=1, 17=2, 16=5, 19=4, 18=2, 21=3, 20=4, 22=3, 25=4, 24=6, 27=5, 26=1, 29=1, 28=1, 31=2, 30=3, 34=3, 35=2, 32=2, 33=4, 38=6, 39=5, 42=2, 43=1, 40=1, 41=6, 46=4, 47=6, 44=5, 45=2, 51=5, 50=3, 49=5, 48=3, 55=5, 54=3, 53=4, 52=5, 59=6, 58=5, 57=2, 56=5, 63=3, 62=4, 61=4, 60=2, 68=3, 69=4, 70=5, 71=3, 64=2, 65=2, 66=6, 67=5, 76=1, 77=6, 78=2, 79=5, 72=6, 73=8, 74=3, 75=6, 84=5, 87=3, 86=6, 81=2, 80=6, 83=7, 82=5, 93=4, 92=7, 95=4, 94=1, 89=5, 88=2, 91=4, 90=6, 98=4, 99=5, 96=5, 97=3}
Rejected chunks for capacity limit [chunk-id/nodes]: 0 {}
bandwidthUtilUp: 0.004041331912437153
bandwidthUtilDown: 0.002134838157766337
Avg # of unsent chunk for max-retries: 0.0
Min # of unsent chunk for max-retries: 0.0
Max # of unsent chunk for max-retries: 0.0
Avg # of unsent chunk-reqs for max-retries: 0.8333333333333334
Min # of unsent chunk-reqs for max-retries: 0.0
Max # of unsent chunk-reqs for max-retries: 3.0
Avg % of chunks received by Pastry: 10.833333333333334
Min % of chunks received by Pastry: 1.0
Max % of chunks received by Pastry: 22.0
StD of chunks received by Pastry: 6.132378054724007
Var of chunks received by Pastry: 37.606060606060595
Avg % of chunks received by StarStream: 88.41666666666667
Min % of chunks received by StarStream: 77.0
Max % of chunks received by StarStream: 98.0
StD of chunks received by StarStream: 6.111960455210728
Var of chunks received by StarStream: 37.35606060605972
[NONMOJO] Startup Delay: 55.166666666666664
[MOJO] Startup Delay: 71.1
[MOJO] Latency: 7.571990650998295
Min of perceived avg chunk delivery-time: 6.344262295081967
Max of perceived avg chunk delivery-time: 8.772727272727273
Variance of perceived avg chunk delivery-time: 0.6291141095074512
StD of perceived avg chunk delivery-time: 0.7931671384440049
Avg messages sent per node: 1723.75
Min messages sent per node: 1121.0
Max messages sent per node: 2121.0
Variance of messages sent per node: 72593.11363636363
StD of messages sent per node: 269.43109255682356
Nodes with incomplete playbacks: 12
[MOJO] Continuity Index: 59.75
[MOJO] Packet Loss: 40.25
Min % of not played chunks: 26.0
Max % of not played chunks: 99.0
Not played chunks [chunk-id/nodes]: {1=4, 2=1, 3=4, 4=5, 5=3, 6=3, 7=4, 8=4, 9=4, 10=7, 11=5, 12=10, 13=8, 14=4, 15=2, 17=3, 16=5, 19=5, 18=5, 21=5, 20=4, 23=2, 22=4, 25=5, 24=7, 27=5, 26=3, 29=2, 28=2, 31=3, 30=4, 34=4, 35=4, 32=4, 33=5, 38=6, 39=5, 36=1, 37=5, 42=4, 43=2, 40=2, 41=7, 46=6, 47=6, 44=6, 45=2, 51=6, 50=4, 49=5, 48=4, 55=5, 54=4, 53=5, 52=8, 59=7, 58=6, 57=3, 56=5, 63=5, 62=6, 61=4, 60=7, 68=4, 69=5, 70=6, 71=4, 64=3, 65=3, 66=7, 67=7, 76=8, 77=6, 78=3, 79=7, 72=6, 73=9, 74=5, 75=6, 85=3, 84=7, 87=5, 86=7, 81=4, 80=7, 83=7, 82=5, 93=6, 92=7, 95=6, 94=3, 89=7, 88=4, 91=4, 90=6, 98=5, 99=6, 96=6, 97=4}
Avg distance between not played chunks: 2.660345097751269
Min distance between not played chunks: 1.0
Max distance between not played chunks: 3.48

HELPING PEERS LOG

[HELPING] Active nodes: 0
[HELPING] Started playbacks: 0
[HELPING] Not started playbacks node-ids: []
[HELPING] Playbacks time-window: -9223372036854775807
[HELPING] Missing chunks distribution [missed-chunks/nodes]: {}
[HELPING] Rejected chunks for ttl expiration [chunk-id/nodes]: 0 {}
[HELPING] Rejected chunks for capacity limit [chunk-id/nodes]: 0 {}
[HELPING] bandwidthUtilUp: NaN
[HELPING] bandwidthUtilDown: NaN
[HELPING] Avg # of unsent chunk for max-retries: NaN
[HELPING] Min # of unsent chunk for max-retries: Infinity
[HELPING] Max # of unsent chunk for max-retries: -Infinity
[HELPING] Avg # of unsent chunk-reqs for max-retries: NaN
[HELPING] Min # of unsent chunk-reqs for max-retries: Infinity
[HELPING] Max # of unsent chunk-reqs for max-retries: -Infinity
[HELPING] Avg % of chunks received by Pastry: NaN
[HELPING] Min % of chunks received by Pastry: Infinity
[HELPING] Max % of chunks received by Pastry: -Infinity
[HELPING] StD of chunks received by Pastry: 0.0
[HELPING] Var of chunks received by Pastry: 0.0
[HELPING] Avg % of chunks received by StarStream: NaN
[HELPING] Min % of chunks received by StarStream: Infinity
[HELPING] Max % of chunks received by StarStream: -Infinity
[HELPING] StD of chunks received by StarStream: 0.0
[HELPING] Var of chunks received by StarStream: 0.0
[HELPING] Latency: NaN
[HELPING] Min of perceived avg chunk delivery-time: Infinity
[HELPING] Max of perceived avg chunk delivery-time: -Infinity
[HELPING] Variance of perceived avg chunk delivery-time: 0.0
[HELPING] StD of perceived avg chunk delivery-time: 0.0
[HELPING] Avg messages sent per node: NaN
[HELPING] Min messages sent per node: Infinity
[HELPING] Max messages sent per node: -Infinity
[HELPING] Variance of messages sent per node: 0.0
[HELPING] StD of messages sent per node: 0.0
[HELPING] Nodes with incomplete playbacks: 0
[HELPING] Packet Loss: NaN
[HELPING] Min % of not played chunks: Infinity
[HELPING] Max % of not played chunks: -Infinity
[HELPING] Not played chunks [chunk-id/nodes]: {}
[HELPING] Avg distance between not played chunks: NaN
[HELPING] Min distance between not played chunks: Infinity
[HELPING] Max distance between not played chunks: -Infinity

