Total chunks: 100
Nodes x chunk: 1
Total nodes: 12
Active nodes: 12
Started playbacks: 12
Not started playbacks node-ids: []
Playbacks time-window: 350
Missing chunks distribution [missed-chunks/nodes]: {39=2, 23=1, 37=1, 25=1, 24=1, 27=1, 40=2, 28=1, 62=1, 31=1}
Rejected chunks for ttl expiration [chunk-id/nodes]: 95 {1=1, 3=3, 4=4, 5=6, 6=3, 8=2, 9=3, 10=5, 11=7, 12=2, 14=4, 15=5, 17=4, 16=3, 19=5, 18=3, 21=2, 20=3, 23=7, 22=5, 25=6, 24=2, 26=6, 29=1, 28=2, 31=3, 30=7, 34=4, 35=2, 32=6, 33=4, 38=7, 39=8, 36=3, 37=5, 42=1, 43=5, 40=3, 41=5, 46=2, 47=2, 44=2, 45=3, 51=2, 50=3, 49=8, 48=7, 55=4, 54=4, 53=1, 52=4, 59=7, 58=6, 57=3, 56=3, 63=5, 62=2, 61=5, 60=4, 68=3, 69=5, 70=6, 71=3, 64=4, 65=11, 66=5, 67=4, 76=6, 77=5, 78=2, 79=6, 72=3, 73=4, 74=2, 75=5, 85=4, 84=2, 87=5, 86=9, 81=3, 80=1, 83=3, 82=6, 93=4, 92=5, 95=2, 94=4, 89=2, 88=4, 91=3, 90=6, 98=2, 99=2, 96=4, 97=4}
Rejected chunks for capacity limit [chunk-id/nodes]: 0 {}
bandwidthUtilUp: 0.003731147559942061
bandwidthUtilDown: 0.002032445298111633
Avg # of unsent chunk for max-retries: 0.0
Min # of unsent chunk for max-retries: 0.0
Max # of unsent chunk for max-retries: 0.0
Avg # of unsent chunk-reqs for max-retries: 0.3333333333333333
Min # of unsent chunk-reqs for max-retries: 0.0
Max # of unsent chunk-reqs for max-retries: 1.0
Avg % of chunks received by Pastry: 9.083333333333334
Min % of chunks received by Pastry: 1.0
Max % of chunks received by Pastry: 20.0
StD of chunks received by Pastry: 6.584531920042653
Var of chunks received by Pastry: 43.35606060606059
Avg % of chunks received by StarStream: 89.91666666666667
Min % of chunks received by StarStream: 79.0
Max % of chunks received by StarStream: 98.0
StD of chunks received by StarStream: 6.584531920042587
Var of chunks received by StarStream: 43.35606060605972
[NONMOJO] Startup Delay: 97.08333333333333
[MOJO] Startup Delay: 115.7
[MOJO] Latency: 7.388965215965075
Min of perceived avg chunk delivery-time: 6.402597402597403
Max of perceived avg chunk delivery-time: 8.241935483870968
Variance of perceived avg chunk delivery-time: 0.37259277633461607
StD of perceived avg chunk delivery-time: 0.6104037813895128
Avg messages sent per node: 1528.25
Min messages sent per node: 997.0
Max messages sent per node: 1982.0
Variance of messages sent per node: 119025.65909090891
StD of messages sent per node: 345.00095520289346
Nodes with incomplete playbacks: 12
[MOJO] Continuity Index: 58.583333333333336
[MOJO] Packet Loss: 41.416666666666664
Min % of not played chunks: 24.0
Max % of not played chunks: 99.0
Not played chunks [chunk-id/nodes]: {1=3, 2=6, 3=4, 4=5, 5=7, 6=4, 7=11, 8=4, 9=5, 10=6, 11=7, 12=3, 13=3, 14=5, 15=6, 17=4, 16=4, 19=6, 18=4, 21=3, 20=4, 23=8, 22=6, 25=7, 24=4, 27=2, 26=7, 29=3, 28=3, 31=4, 30=7, 34=5, 35=3, 32=7, 33=5, 38=8, 39=9, 36=5, 37=6, 42=2, 43=6, 40=5, 41=6, 46=2, 47=3, 44=2, 45=5, 51=3, 50=6, 49=9, 48=8, 55=4, 54=4, 53=2, 52=4, 59=7, 58=7, 57=5, 56=3, 63=6, 62=3, 61=6, 60=4, 68=4, 69=6, 70=7, 71=4, 64=5, 65=11, 66=6, 67=4, 76=7, 77=6, 78=3, 79=7, 72=4, 73=4, 74=3, 75=5, 85=5, 84=3, 87=6, 86=9, 81=4, 80=2, 83=4, 82=7, 93=4, 92=5, 95=3, 94=5, 89=2, 88=5, 91=9, 90=7, 98=3, 99=3, 96=5, 97=5}
Avg distance between not played chunks: 2.6232073524193087
Min distance between not played chunks: 1.0
Max distance between not played chunks: 3.782608695652174

HELPING PEERS LOG

[HELPING] Active nodes: 0
[HELPING] Started playbacks: 0
[HELPING] Not started playbacks node-ids: []
[HELPING] Playbacks time-window: -9223372036854775807
[HELPING] Missing chunks distribution [missed-chunks/nodes]: {}
[HELPING] Rejected chunks for ttl expiration [chunk-id/nodes]: 0 {}
[HELPING] Rejected chunks for capacity limit [chunk-id/nodes]: 0 {}
[HELPING] bandwidthUtilUp: NaN
[HELPING] bandwidthUtilDown: NaN
[HELPING] Avg # of unsent chunk for max-retries: NaN
[HELPING] Min # of unsent chunk for max-retries: Infinity
[HELPING] Max # of unsent chunk for max-retries: -Infinity
[HELPING] Avg # of unsent chunk-reqs for max-retries: NaN
[HELPING] Min # of unsent chunk-reqs for max-retries: Infinity
[HELPING] Max # of unsent chunk-reqs for max-retries: -Infinity
[HELPING] Avg % of chunks received by Pastry: NaN
[HELPING] Min % of chunks received by Pastry: Infinity
[HELPING] Max % of chunks received by Pastry: -Infinity
[HELPING] StD of chunks received by Pastry: 0.0
[HELPING] Var of chunks received by Pastry: 0.0
[HELPING] Avg % of chunks received by StarStream: NaN
[HELPING] Min % of chunks received by StarStream: Infinity
[HELPING] Max % of chunks received by StarStream: -Infinity
[HELPING] StD of chunks received by StarStream: 0.0
[HELPING] Var of chunks received by StarStream: 0.0
[HELPING] Latency: NaN
[HELPING] Min of perceived avg chunk delivery-time: Infinity
[HELPING] Max of perceived avg chunk delivery-time: -Infinity
[HELPING] Variance of perceived avg chunk delivery-time: 0.0
[HELPING] StD of perceived avg chunk delivery-time: 0.0
[HELPING] Avg messages sent per node: NaN
[HELPING] Min messages sent per node: Infinity
[HELPING] Max messages sent per node: -Infinity
[HELPING] Variance of messages sent per node: 0.0
[HELPING] StD of messages sent per node: 0.0
[HELPING] Nodes with incomplete playbacks: 0
[HELPING] Packet Loss: NaN
[HELPING] Min % of not played chunks: Infinity
[HELPING] Max % of not played chunks: -Infinity
[HELPING] Not played chunks [chunk-id/nodes]: {}
[HELPING] Avg distance between not played chunks: NaN
[HELPING] Min distance between not played chunks: Infinity
[HELPING] Max distance between not played chunks: -Infinity

