Total chunks: 100
Nodes x chunk: 1
Total nodes: 12
Active nodes: 12
Started playbacks: 12
Not started playbacks node-ids: []
Playbacks time-window: 182
Missing chunks distribution [missed-chunks/nodes]: {51=1, 48=1, 55=1, 38=1, 53=2, 37=1, 42=1, 58=1, 40=1, 47=1, 60=1}
Rejected chunks for ttl expiration [chunk-id/nodes]: 99 {1=8, 2=1, 3=5, 4=3, 5=7, 6=1, 7=4, 8=1, 9=7, 10=6, 11=4, 12=1, 13=7, 14=5, 15=6, 17=6, 16=4, 19=6, 18=2, 21=7, 20=1, 23=7, 22=2, 25=3, 24=3, 27=5, 26=3, 29=4, 28=1, 31=5, 30=2, 34=5, 35=3, 32=4, 33=3, 38=6, 39=7, 36=7, 37=2, 42=9, 43=7, 40=5, 41=9, 46=6, 47=8, 44=5, 45=5, 51=7, 50=7, 49=7, 48=6, 55=6, 54=6, 53=7, 52=7, 59=7, 58=8, 57=6, 56=4, 63=7, 62=7, 61=3, 60=6, 68=6, 69=8, 70=7, 71=4, 64=8, 65=6, 66=3, 67=9, 76=1, 77=9, 78=5, 79=4, 72=4, 73=3, 74=6, 75=7, 85=8, 84=6, 87=5, 86=6, 81=1, 80=8, 83=5, 82=9, 93=6, 92=5, 95=5, 94=8, 89=4, 88=8, 91=7, 90=4, 98=1, 99=5, 96=6, 97=8}
Rejected chunks for capacity limit [chunk-id/nodes]: 0 {}
bandwidthUtilUp: 0.0037883631902619875
bandwidthUtilDown: 0.0020490313021934822
Avg # of unsent chunk for max-retries: 0.0
Min # of unsent chunk for max-retries: 0.0
Max # of unsent chunk for max-retries: 0.0
Avg # of unsent chunk-reqs for max-retries: 0.16666666666666666
Min # of unsent chunk-reqs for max-retries: 0.0
Max # of unsent chunk-reqs for max-retries: 1.0
Avg % of chunks received by Pastry: 12.833333333333334
Min % of chunks received by Pastry: 7.0
Max % of chunks received by Pastry: 21.0
StD of chunks received by Pastry: 4.427873147015458
Var of chunks received by Pastry: 19.60606060606058
Avg % of chunks received by StarStream: 86.16666666666667
Min % of chunks received by StarStream: 78.0
Max % of chunks received by StarStream: 92.0
StD of chunks received by StarStream: 4.427873147015399
Var of chunks received by StarStream: 19.606060606060055
[NONMOJO] Startup Delay: 103.91666666666667
[MOJO] Startup Delay: 95.2
[MOJO] Latency: 6.9625999268206265
Min of perceived avg chunk delivery-time: 5.895833333333333
Max of perceived avg chunk delivery-time: 7.617021276595745
Variance of perceived avg chunk delivery-time: 0.24979865388450598
StD of perceived avg chunk delivery-time: 0.4997986133279143
Avg messages sent per node: 869.1666666666666
Min messages sent per node: 657.0
Max messages sent per node: 1194.0
Variance of messages sent per node: 20583.24242424245
StD of messages sent per node: 143.46861128568315
Nodes with incomplete playbacks: 12
[MOJO] Continuity Index: 46.916666666666664
[MOJO] Packet Loss: 53.083333333333336
Min % of not played chunks: 38.0
Max % of not played chunks: 99.0
Not played chunks [chunk-id/nodes]: {1=8, 2=2, 3=6, 4=4, 5=8, 6=2, 7=4, 8=2, 9=7, 10=6, 11=5, 12=2, 13=7, 14=5, 15=7, 17=7, 16=6, 19=6, 18=3, 21=8, 20=2, 23=8, 22=3, 25=4, 24=3, 27=6, 26=4, 29=5, 28=2, 31=5, 30=3, 34=5, 35=4, 32=5, 33=4, 38=6, 39=8, 36=7, 37=3, 42=10, 43=8, 40=5, 41=9, 46=7, 47=8, 44=6, 45=8, 51=9, 50=8, 49=7, 48=10, 55=7, 54=9, 53=7, 52=7, 59=11, 58=9, 57=7, 56=10, 63=7, 62=8, 61=5, 60=7, 68=7, 69=9, 70=7, 71=5, 64=9, 65=7, 66=7, 67=9, 76=9, 77=9, 78=5, 79=4, 72=4, 73=6, 74=7, 75=8, 85=8, 84=7, 87=6, 86=7, 81=5, 80=8, 83=8, 82=10, 93=7, 92=5, 95=6, 94=9, 89=5, 88=9, 91=9, 90=4, 98=9, 99=6, 96=7, 97=9}
Avg distance between not played chunks: 1.9462384777080464
Min distance between not played chunks: 1.0
Max distance between not played chunks: 2.5135135135135136

HELPING PEERS LOG

[HELPING] Active nodes: 0
[HELPING] Started playbacks: 0
[HELPING] Not started playbacks node-ids: []
[HELPING] Playbacks time-window: -9223372036854775807
[HELPING] Missing chunks distribution [missed-chunks/nodes]: {}
[HELPING] Rejected chunks for ttl expiration [chunk-id/nodes]: 0 {}
[HELPING] Rejected chunks for capacity limit [chunk-id/nodes]: 0 {}
[HELPING] bandwidthUtilUp: NaN
[HELPING] bandwidthUtilDown: NaN
[HELPING] Avg # of unsent chunk for max-retries: NaN
[HELPING] Min # of unsent chunk for max-retries: Infinity
[HELPING] Max # of unsent chunk for max-retries: -Infinity
[HELPING] Avg # of unsent chunk-reqs for max-retries: NaN
[HELPING] Min # of unsent chunk-reqs for max-retries: Infinity
[HELPING] Max # of unsent chunk-reqs for max-retries: -Infinity
[HELPING] Avg % of chunks received by Pastry: NaN
[HELPING] Min % of chunks received by Pastry: Infinity
[HELPING] Max % of chunks received by Pastry: -Infinity
[HELPING] StD of chunks received by Pastry: 0.0
[HELPING] Var of chunks received by Pastry: 0.0
[HELPING] Avg % of chunks received by StarStream: NaN
[HELPING] Min % of chunks received by StarStream: Infinity
[HELPING] Max % of chunks received by StarStream: -Infinity
[HELPING] StD of chunks received by StarStream: 0.0
[HELPING] Var of chunks received by StarStream: 0.0
[HELPING] Latency: NaN
[HELPING] Min of perceived avg chunk delivery-time: Infinity
[HELPING] Max of perceived avg chunk delivery-time: -Infinity
[HELPING] Variance of perceived avg chunk delivery-time: 0.0
[HELPING] StD of perceived avg chunk delivery-time: 0.0
[HELPING] Avg messages sent per node: NaN
[HELPING] Min messages sent per node: Infinity
[HELPING] Max messages sent per node: -Infinity
[HELPING] Variance of messages sent per node: 0.0
[HELPING] StD of messages sent per node: 0.0
[HELPING] Nodes with incomplete playbacks: 0
[HELPING] Packet Loss: NaN
[HELPING] Min % of not played chunks: Infinity
[HELPING] Max % of not played chunks: -Infinity
[HELPING] Not played chunks [chunk-id/nodes]: {}
[HELPING] Avg distance between not played chunks: NaN
[HELPING] Min distance between not played chunks: Infinity
[HELPING] Max distance between not played chunks: -Infinity

