Total chunks: 100
Nodes x chunk: 1
Total nodes: 12
Active nodes: 12
Started playbacks: 12
Not started playbacks node-ids: []
Playbacks time-window: 105
Missing chunks distribution [missed-chunks/nodes]: {50=1, 35=1, 48=1, 54=1, 53=1, 43=2, 57=1, 46=1, 47=1, 44=2}
Rejected chunks for ttl expiration [chunk-id/nodes]: 95 {2=7, 3=1, 4=7, 5=5, 6=8, 7=5, 8=2, 9=6, 10=1, 11=6, 12=4, 13=6, 14=3, 15=3, 17=2, 16=5, 19=6, 18=4, 21=8, 20=2, 23=5, 22=8, 25=3, 24=4, 27=2, 26=3, 29=5, 31=4, 30=5, 34=3, 35=5, 33=7, 38=1, 39=6, 36=1, 37=8, 42=5, 43=5, 40=5, 41=3, 46=6, 47=8, 44=7, 45=7, 51=4, 50=8, 49=5, 48=9, 55=8, 54=7, 53=7, 52=7, 59=1, 58=9, 57=4, 56=6, 63=2, 62=9, 61=4, 68=8, 69=5, 70=8, 71=6, 64=5, 65=7, 66=8, 67=4, 76=6, 77=7, 78=4, 79=4, 72=8, 73=6, 74=3, 75=4, 85=6, 84=4, 87=1, 86=6, 81=11, 80=3, 83=11, 82=2, 93=6, 92=7, 95=6, 94=3, 89=3, 88=5, 91=9, 90=7, 98=10, 99=3, 96=7, 97=6}
Rejected chunks for capacity limit [chunk-id/nodes]: 0 {}
bandwidthUtilUp: 0.003657959236407068
bandwidthUtilDown: 0.0020315709190797285
Avg # of unsent chunk for max-retries: 0.0
Min # of unsent chunk for max-retries: 0.0
Max # of unsent chunk for max-retries: 0.0
Avg # of unsent chunk-reqs for max-retries: 0.3333333333333333
Min # of unsent chunk-reqs for max-retries: 0.0
Max # of unsent chunk-reqs for max-retries: 3.0
Avg % of chunks received by Pastry: 10.833333333333334
Min % of chunks received by Pastry: 1.0
Max % of chunks received by Pastry: 23.0
StD of chunks received by Pastry: 6.753225940693867
Var of chunks received by Pastry: 45.60606060606057
Avg % of chunks received by StarStream: 88.25
Min % of chunks received by StarStream: 76.0
Max % of chunks received by StarStream: 98.0
StD of chunks received by StarStream: 6.797392548216248
Var of chunks received by StarStream: 46.20454545454578
[NONMOJO] Startup Delay: 70.66666666666667
[MOJO] Startup Delay: 85.3
[MOJO] Latency: 7.201532555798348
Min of perceived avg chunk delivery-time: 6.246153846153846
Max of perceived avg chunk delivery-time: 8.326086956521738
Variance of perceived avg chunk delivery-time: 0.4113014368388638
StD of perceived avg chunk delivery-time: 0.6413278700000989
Avg messages sent per node: 930.75
Min messages sent per node: 614.0
Max messages sent per node: 1234.0
Variance of messages sent per node: 32821.65909090913
StD of messages sent per node: 181.16748905614696
Nodes with incomplete playbacks: 12
[MOJO] Continuity Index: 47.666666666666664
[MOJO] Packet Loss: 52.333333333333336
Min % of not played chunks: 43.0
Max % of not played chunks: 99.0
Not played chunks [chunk-id/nodes]: {1=1, 2=7, 3=3, 4=8, 5=5, 6=9, 7=6, 8=2, 9=8, 10=2, 11=6, 12=5, 13=6, 14=5, 15=4, 17=7, 16=5, 19=7, 18=5, 21=9, 20=3, 23=6, 22=8, 25=4, 24=5, 27=3, 26=4, 29=6, 28=1, 31=5, 30=5, 34=4, 35=6, 32=4, 33=8, 38=2, 39=7, 36=2, 37=8, 42=6, 43=6, 40=6, 41=3, 46=7, 47=8, 44=8, 45=8, 51=5, 50=8, 49=5, 48=9, 55=8, 54=8, 53=8, 52=7, 59=7, 58=10, 57=5, 56=7, 63=3, 62=10, 61=7, 60=6, 68=9, 69=6, 70=8, 71=7, 64=8, 65=8, 66=9, 67=6, 76=7, 77=7, 78=4, 79=7, 72=8, 73=6, 74=3, 75=11, 85=7, 84=5, 87=5, 86=7, 81=12, 80=3, 83=12, 82=9, 93=6, 92=9, 95=6, 94=8, 89=7, 88=6, 91=10, 90=8, 98=11, 99=3, 96=8, 97=6}
Avg distance between not played chunks: 1.9429071951556953
Min distance between not played chunks: 1.0
Max distance between not played chunks: 2.2857142857142856

HELPING PEERS LOG

[HELPING] Active nodes: 0
[HELPING] Started playbacks: 0
[HELPING] Not started playbacks node-ids: []
[HELPING] Playbacks time-window: -9223372036854775807
[HELPING] Missing chunks distribution [missed-chunks/nodes]: {}
[HELPING] Rejected chunks for ttl expiration [chunk-id/nodes]: 0 {}
[HELPING] Rejected chunks for capacity limit [chunk-id/nodes]: 0 {}
[HELPING] bandwidthUtilUp: NaN
[HELPING] bandwidthUtilDown: NaN
[HELPING] Avg # of unsent chunk for max-retries: NaN
[HELPING] Min # of unsent chunk for max-retries: Infinity
[HELPING] Max # of unsent chunk for max-retries: -Infinity
[HELPING] Avg # of unsent chunk-reqs for max-retries: NaN
[HELPING] Min # of unsent chunk-reqs for max-retries: Infinity
[HELPING] Max # of unsent chunk-reqs for max-retries: -Infinity
[HELPING] Avg % of chunks received by Pastry: NaN
[HELPING] Min % of chunks received by Pastry: Infinity
[HELPING] Max % of chunks received by Pastry: -Infinity
[HELPING] StD of chunks received by Pastry: 0.0
[HELPING] Var of chunks received by Pastry: 0.0
[HELPING] Avg % of chunks received by StarStream: NaN
[HELPING] Min % of chunks received by StarStream: Infinity
[HELPING] Max % of chunks received by StarStream: -Infinity
[HELPING] StD of chunks received by StarStream: 0.0
[HELPING] Var of chunks received by StarStream: 0.0
[HELPING] Latency: NaN
[HELPING] Min of perceived avg chunk delivery-time: Infinity
[HELPING] Max of perceived avg chunk delivery-time: -Infinity
[HELPING] Variance of perceived avg chunk delivery-time: 0.0
[HELPING] StD of perceived avg chunk delivery-time: 0.0
[HELPING] Avg messages sent per node: NaN
[HELPING] Min messages sent per node: Infinity
[HELPING] Max messages sent per node: -Infinity
[HELPING] Variance of messages sent per node: 0.0
[HELPING] StD of messages sent per node: 0.0
[HELPING] Nodes with incomplete playbacks: 0
[HELPING] Packet Loss: NaN
[HELPING] Min % of not played chunks: Infinity
[HELPING] Max % of not played chunks: -Infinity
[HELPING] Not played chunks [chunk-id/nodes]: {}
[HELPING] Avg distance between not played chunks: NaN
[HELPING] Min distance between not played chunks: Infinity
[HELPING] Max distance between not played chunks: -Infinity

