Total chunks: 100
Nodes x chunk: 1
Total nodes: 24
Active nodes: 12
Started playbacks: 12
Not started playbacks node-ids: []
Playbacks time-window: 69
Missing chunks distribution [missed-chunks/nodes]: {0=11, 1=1}
Rejected chunks for ttl expiration [chunk-id/nodes]: 2 {0=2, 75=1}
Rejected chunks for capacity limit [chunk-id/nodes]: 0 {}
bandwidthUtilUp: 0.012392983058836642
bandwidthUtilDown: 0.006918558157177808
Avg # of unsent chunk for max-retries: 0.0
Min # of unsent chunk for max-retries: 0.0
Max # of unsent chunk for max-retries: 0.0
Avg # of unsent chunk-reqs for max-retries: 0.16666666666666666
Min # of unsent chunk-reqs for max-retries: 0.0
Max # of unsent chunk-reqs for max-retries: 1.0
Avg % of chunks received by Pastry: 11.833333333333334
Min % of chunks received by Pastry: 1.0
Max % of chunks received by Pastry: 18.0
StD of chunks received by Pastry: 6.671967589485991
Var of chunks received by Pastry: 44.5151515151515
Avg % of chunks received by StarStream: 87.25
Min % of chunks received by StarStream: 81.0
Max % of chunks received by StarStream: 99.0
StD of chunks received by StarStream: 6.824088350701639
Var of chunks received by StarStream: 46.56818181818181
[NONMOJO] Startup Delay: 59.5
[MOJO] Startup Delay: 193.7
[MOJO] Latency: 10.6603367003367
Min of perceived avg chunk delivery-time: 9.66
Max of perceived avg chunk delivery-time: 12.171717171717171
Variance of perceived avg chunk delivery-time: 0.587359824755052
StD of perceived avg chunk delivery-time: 0.766394040135394
Avg messages sent per node: 5818.333333333333
Min messages sent per node: 3664.0
Max messages sent per node: 6959.0
Variance of messages sent per node: 1202560.9696969741
StD of messages sent per node: 1096.6134094096124
Nodes with incomplete playbacks: 9
[MOJO] Continuity Index: 70.25
[MOJO] Packet Loss: 29.75
Min % of not played chunks: 0.0
Max % of not played chunks: 99.0
Not played chunks [chunk-id/nodes]: {1=3, 2=4, 3=2, 4=7, 5=4, 6=4, 7=4, 8=2, 9=3, 10=3, 11=4, 12=4, 13=3, 14=4, 15=1, 17=3, 16=2, 19=2, 18=4, 21=3, 20=2, 23=4, 22=4, 25=4, 24=3, 27=3, 26=4, 29=4, 28=2, 31=3, 30=3, 34=3, 35=4, 32=4, 33=4, 38=3, 39=3, 36=4, 37=2, 42=4, 43=4, 40=5, 41=4, 46=5, 47=4, 44=3, 45=3, 51=2, 50=4, 49=4, 48=4, 55=4, 54=5, 53=2, 52=4, 59=4, 58=2, 57=4, 56=3, 63=5, 62=3, 61=2, 60=4, 68=5, 69=4, 70=5, 71=4, 64=5, 65=4, 66=5, 67=3, 76=3, 77=2, 78=4, 79=5, 72=4, 73=4, 74=4, 75=6, 85=2, 84=3, 87=4, 86=4, 81=5, 80=4, 83=3, 82=4, 93=2, 92=4, 95=3, 94=5, 89=4, 88=4, 91=4, 90=4, 98=4, 99=2, 96=3, 97=5}
Avg distance between not played chunks: 14.573794364453718
Min distance between not played chunks: 1.0
Max distance between not played chunks: 85.0

HELPING PEERS LOG

[HELPING] Active nodes: 12
[HELPING] Started playbacks: 12
[HELPING] Not started playbacks node-ids: []
[HELPING] Playbacks time-window: 198
[HELPING] Missing chunks distribution [missed-chunks/nodes]: {0=9, 1=1, 2=1, 4=1}
[HELPING] Rejected chunks for ttl expiration [chunk-id/nodes]: 4 {0=2, 1=1, 71=1, 75=1}
[HELPING] Rejected chunks for capacity limit [chunk-id/nodes]: 0 {}
[HELPING] bandwidthUtilUp: 0.012541981680319067
[HELPING] bandwidthUtilDown: 0.007293106736017316
[HELPING] Avg # of unsent chunk for max-retries: 0.0
[HELPING] Min # of unsent chunk for max-retries: 0.0
[HELPING] Max # of unsent chunk for max-retries: 0.0
[HELPING] Avg # of unsent chunk-reqs for max-retries: 0.4166666666666667
[HELPING] Min # of unsent chunk-reqs for max-retries: 0.0
[HELPING] Max # of unsent chunk-reqs for max-retries: 3.0
[HELPING] Avg % of chunks received by Pastry: 12.166666666666666
[HELPING] Min % of chunks received by Pastry: 0.0
[HELPING] Max % of chunks received by Pastry: 23.0
[HELPING] StD of chunks received by Pastry: 8.515582864088136
[HELPING] Var of chunks received by Pastry: 72.51515151515152
[HELPING] Avg % of chunks received by StarStream: 87.0
[HELPING] Min % of chunks received by StarStream: 76.0
[HELPING] Max % of chunks received by StarStream: 100.0
[HELPING] StD of chunks received by StarStream: 8.75941052396064
[HELPING] Var of chunks received by StarStream: 76.72727272727239
[HELPING] Startup Delay: 79.66666666666667
[HELPING] Latency: 11.121090561224491
[HELPING] Min of perceived avg chunk delivery-time: 9.49
[HELPING] Max of perceived avg chunk delivery-time: 14.53125
[HELPING] Variance of perceived avg chunk delivery-time: 1.6971564654789764
[HELPING] StD of perceived avg chunk delivery-time: 1.3027495789594317
[HELPING] Avg messages sent per node: 5958.25
[HELPING] Min messages sent per node: 4004.0
[HELPING] Max messages sent per node: 7610.0
[HELPING] Variance of messages sent per node: 1539673.6590909117
[HELPING] StD of messages sent per node: 1240.8358711332098
[HELPING] Nodes with incomplete playbacks: 9
[HELPING] Packet Loss: 14.75
[HELPING] Min % of not played chunks: 0.0
[HELPING] Max % of not played chunks: 91.0
[HELPING] Not played chunks [chunk-id/nodes]: {1=4, 2=3, 3=2, 4=5, 5=2, 6=2, 7=2, 8=1, 9=1, 10=1, 11=1, 12=2, 13=2, 14=2, 17=1, 16=1, 19=1, 18=2, 21=1, 20=1, 23=2, 22=2, 25=2, 24=2, 27=2, 26=2, 29=2, 28=1, 31=2, 30=1, 34=1, 35=2, 32=1, 33=2, 38=1, 39=2, 36=2, 37=3, 42=2, 43=1, 40=1, 41=3, 46=3, 47=1, 44=2, 45=1, 51=3, 50=2, 49=1, 48=2, 55=1, 54=2, 53=3, 52=1, 59=2, 58=1, 57=4, 56=2, 63=1, 62=2, 60=3, 68=2, 69=1, 70=1, 71=3, 65=2, 66=2, 67=3, 76=1, 77=1, 78=1, 79=1, 72=1, 74=2, 75=5, 85=2, 84=2, 87=3, 86=2, 81=2, 80=2, 83=2, 82=1, 93=2, 92=2, 95=2, 94=2, 89=2, 88=2, 91=1, 90=2, 98=2, 99=2, 96=1, 97=2}
[HELPING] Avg distance between not played chunks: 9.773660413660414
[HELPING] Min distance between not played chunks: 1.0888888888888888
[HELPING] Max distance between not played chunks: 23.333333333333332

