Total chunks: 100
Nodes x chunk: 1
Total nodes: 13
Active nodes: 12
Started playbacks: 12
Not started playbacks node-ids: []
Playbacks time-window: 450
Missing chunks distribution [missed-chunks/nodes]: {34=1, 32=1, 18=2, 55=1, 22=1, 25=1, 24=2, 31=1, 30=1, 15=1}
Rejected chunks for ttl expiration [chunk-id/nodes]: 95 {1=3, 2=2, 3=6, 4=6, 5=5, 6=1, 7=5, 8=2, 9=8, 10=2, 11=5, 12=2, 13=7, 14=3, 15=4, 17=7, 16=3, 19=4, 18=3, 21=1, 20=2, 23=3, 22=3, 25=8, 24=2, 27=2, 26=2, 29=2, 28=3, 31=4, 30=2, 34=3, 35=5, 32=2, 33=7, 39=2, 36=4, 37=2, 42=1, 43=4, 40=4, 41=3, 46=1, 47=2, 44=8, 45=1, 51=4, 50=3, 49=3, 48=7, 55=3, 54=2, 53=4, 52=2, 59=4, 58=5, 57=2, 63=1, 61=3, 60=2, 68=5, 69=2, 70=2, 71=4, 64=1, 65=3, 66=4, 67=2, 76=2, 77=2, 79=4, 72=4, 73=3, 74=2, 75=2, 85=4, 84=8, 87=3, 86=4, 81=6, 80=3, 83=2, 82=7, 93=1, 92=1, 95=2, 94=2, 89=4, 88=1, 91=2, 90=1, 98=3, 99=5, 96=6, 97=2}
Rejected chunks for capacity limit [chunk-id/nodes]: 0 {}
bandwidthUtilUp: 0.004342055624947133
bandwidthUtilDown: 0.0022428294710229515
Avg # of unsent chunk for max-retries: 0.0
Min # of unsent chunk for max-retries: 0.0
Max # of unsent chunk for max-retries: 0.0
Avg # of unsent chunk-reqs for max-retries: 0.6666666666666666
Min # of unsent chunk-reqs for max-retries: 0.0
Max # of unsent chunk-reqs for max-retries: 3.0
Avg % of chunks received by Pastry: 8.5
Min % of chunks received by Pastry: 2.0
Max % of chunks received by Pastry: 18.0
StD of chunks received by Pastry: 5.125692857821981
Var of chunks received by Pastry: 26.272727272727266
Avg % of chunks received by StarStream: 90.5
Min % of chunks received by StarStream: 81.0
Max % of chunks received by StarStream: 97.0
StD of chunks received by StarStream: 5.125692857822046
Var of chunks received by StarStream: 26.27272727272793
[NONMOJO] Startup Delay: 99.66666666666667
[MOJO] Startup Delay: 75.5
[MOJO] Latency: 8.027050268170331
Min of perceived avg chunk delivery-time: 6.948717948717949
Max of perceived avg chunk delivery-time: 9.028985507246377
Variance of perceived avg chunk delivery-time: 0.5214293546287494
StD of perceived avg chunk delivery-time: 0.7221006540841446
Avg messages sent per node: 1999.5833333333333
Min messages sent per node: 1074.0
Max messages sent per node: 2409.0
Variance of messages sent per node: 127040.26515151576
StD of messages sent per node: 356.4270825169094
Nodes with incomplete playbacks: 12
[MOJO] Continuity Index: 52.583333333333336
[MOJO] Packet Loss: 47.416666666666664
Min % of not played chunks: 18.0
Max % of not played chunks: 99.0
Not played chunks [chunk-id/nodes]: {1=4, 2=6, 3=7, 4=7, 5=7, 6=4, 7=7, 8=5, 9=10, 10=6, 11=8, 12=4, 13=8, 14=5, 15=7, 17=11, 16=6, 19=7, 18=7, 21=3, 20=6, 23=6, 22=5, 25=9, 24=6, 27=4, 26=5, 29=5, 28=4, 31=5, 30=4, 34=6, 35=9, 32=4, 33=8, 38=4, 39=5, 36=6, 37=6, 42=5, 43=7, 40=7, 41=5, 46=3, 47=5, 44=9, 45=4, 51=4, 50=4, 49=5, 48=9, 55=7, 54=5, 53=7, 52=3, 59=7, 58=8, 57=4, 56=5, 63=3, 62=2, 61=7, 60=7, 68=7, 69=5, 70=5, 71=7, 64=2, 65=6, 66=7, 67=4, 76=4, 77=4, 78=3, 79=6, 72=6, 73=6, 74=6, 75=6, 85=6, 84=8, 87=6, 86=8, 81=8, 80=6, 83=4, 82=9, 93=3, 92=5, 95=4, 94=6, 89=6, 88=3, 91=6, 90=5, 98=6, 99=5, 96=8, 97=5}
Avg distance between not played chunks: 2.6838959330738263
Min distance between not played chunks: 1.0
Max distance between not played chunks: 5.470588235294118

HELPING PEERS LOG

[HELPING] Active nodes: 1
[HELPING] Started playbacks: 1
[HELPING] Not started playbacks node-ids: []
[HELPING] Playbacks time-window: 0
[HELPING] Missing chunks distribution [missed-chunks/nodes]: {16=1}
[HELPING] Rejected chunks for ttl expiration [chunk-id/nodes]: 16 {35=1, 71=1, 4=1, 43=1, 40=1, 11=1, 41=1, 13=1, 84=1, 16=1, 19=1, 80=1, 22=1, 82=1, 29=1, 62=1}
[HELPING] Rejected chunks for capacity limit [chunk-id/nodes]: 0 {}
[HELPING] bandwidthUtilUp: 0.004700530645296591
[HELPING] bandwidthUtilDown: 0.003204113895165698
[HELPING] Avg # of unsent chunk for max-retries: 0.0
[HELPING] Min # of unsent chunk for max-retries: 0.0
[HELPING] Max # of unsent chunk for max-retries: 0.0
[HELPING] Avg # of unsent chunk-reqs for max-retries: 0.0
[HELPING] Min # of unsent chunk-reqs for max-retries: 0.0
[HELPING] Max # of unsent chunk-reqs for max-retries: 0.0
[HELPING] Avg % of chunks received by Pastry: 17.0
[HELPING] Min % of chunks received by Pastry: 17.0
[HELPING] Max % of chunks received by Pastry: 17.0
[HELPING] StD of chunks received by Pastry: 0.0
[HELPING] Var of chunks received by Pastry: 0.0
[HELPING] Avg % of chunks received by StarStream: 83.0
[HELPING] Min % of chunks received by StarStream: 83.0
[HELPING] Max % of chunks received by StarStream: 83.0
[HELPING] StD of chunks received by StarStream: 0.0
[HELPING] Var of chunks received by StarStream: 0.0
[HELPING] Startup Delay: 72.0
[HELPING] Latency: 7.36144578313253
[HELPING] Min of perceived avg chunk delivery-time: 7.36144578313253
[HELPING] Max of perceived avg chunk delivery-time: 7.36144578313253
[HELPING] Variance of perceived avg chunk delivery-time: 0.0
[HELPING] StD of perceived avg chunk delivery-time: 0.0
[HELPING] Avg messages sent per node: 2774.0
[HELPING] Min messages sent per node: 2774.0
[HELPING] Max messages sent per node: 2774.0
[HELPING] Variance of messages sent per node: 0.0
[HELPING] StD of messages sent per node: 0.0
[HELPING] Nodes with incomplete playbacks: 1
[HELPING] Packet Loss: 16.0
[HELPING] Min % of not played chunks: 16.0
[HELPING] Max % of not played chunks: 16.0
[HELPING] Not played chunks [chunk-id/nodes]: {35=1, 71=1, 4=1, 43=1, 40=1, 41=1, 11=1, 13=1, 84=1, 16=1, 19=1, 80=1, 82=1, 22=1, 29=1, 62=1}
[HELPING] Avg distance between not played chunks: 5.333333333333333
[HELPING] Min distance between not played chunks: 5.333333333333333
[HELPING] Max distance between not played chunks: 5.333333333333333

