Total chunks: 100
Nodes x chunk: 1
Total nodes: 14
Active nodes: 12
Started playbacks: 12
Not started playbacks node-ids: []
Playbacks time-window: 112
Missing chunks distribution [missed-chunks/nodes]: {17=1, 16=1, 19=1, 20=1, 23=3, 22=2, 24=1, 12=1, 14=1}
Rejected chunks for ttl expiration [chunk-id/nodes]: 86 {1=2, 2=1, 3=3, 5=3, 6=3, 7=1, 8=2, 9=1, 11=4, 13=1, 14=1, 17=2, 16=1, 19=5, 18=1, 21=3, 20=3, 23=1, 22=2, 27=3, 29=1, 28=2, 31=2, 30=2, 34=1, 35=1, 32=1, 33=3, 38=3, 39=1, 36=3, 37=3, 43=1, 40=1, 41=1, 46=3, 47=2, 44=1, 45=1, 50=2, 49=1, 48=5, 55=2, 54=6, 53=3, 52=3, 59=8, 58=3, 57=2, 56=3, 63=8, 62=2, 60=2, 68=3, 69=4, 70=1, 71=3, 64=5, 65=1, 66=6, 67=1, 76=4, 77=2, 78=6, 79=6, 73=2, 74=1, 75=1, 85=1, 84=10, 87=3, 86=1, 81=1, 80=3, 83=3, 93=1, 92=4, 95=1, 94=1, 89=3, 88=3, 91=8, 90=5, 98=3, 99=3, 97=3}
Rejected chunks for capacity limit [chunk-id/nodes]: 0 {}
bandwidthUtilUp: 0.005206144495362827
bandwidthUtilDown: 0.0026945593709904636
Avg # of unsent chunk for max-retries: 0.0
Min # of unsent chunk for max-retries: 0.0
Max # of unsent chunk for max-retries: 0.0
Avg # of unsent chunk-reqs for max-retries: 0.16666666666666666
Min # of unsent chunk-reqs for max-retries: 0.0
Max # of unsent chunk-reqs for max-retries: 1.0
Avg % of chunks received by Pastry: 7.916666666666667
Min % of chunks received by Pastry: 2.0
Max % of chunks received by Pastry: 14.0
StD of chunks received by Pastry: 4.2094770423054895
Var of chunks received by Pastry: 17.71969696969697
Avg % of chunks received by StarStream: 91.08333333333333
Min % of chunks received by StarStream: 85.0
Max % of chunks received by StarStream: 97.0
StD of chunks received by StarStream: 4.20947704230562
Var of chunks received by StarStream: 17.71969696969807
[NONMOJO] Startup Delay: 70.91666666666667
[MOJO] Startup Delay: 66.9
[MOJO] Latency: 8.577328706350434
Min of perceived avg chunk delivery-time: 7.701298701298701
Max of perceived avg chunk delivery-time: 9.578947368421053
Variance of perceived avg chunk delivery-time: 0.37384299723473446
StD of perceived avg chunk delivery-time: 0.6114270170958546
Avg messages sent per node: 2399.4166666666665
Min messages sent per node: 1873.0
Max messages sent per node: 2802.0
Variance of messages sent per node: 71839.17424242536
StD of messages sent per node: 268.02830865866645
Nodes with incomplete playbacks: 12
[MOJO] Continuity Index: 68.33333333333333
[MOJO] Packet Loss: 31.666666666666668
Min % of not played chunks: 16.0
Max % of not played chunks: 99.0
Not played chunks [chunk-id/nodes]: {1=3, 2=3, 3=6, 4=2, 5=4, 6=5, 7=3, 8=4, 9=3, 10=2, 11=5, 12=2, 13=2, 14=2, 15=2, 17=5, 16=3, 19=7, 18=2, 21=4, 20=4, 23=2, 22=5, 25=1, 24=3, 27=5, 26=1, 29=2, 28=3, 31=3, 30=3, 34=2, 35=2, 32=3, 33=4, 38=4, 39=3, 36=3, 37=6, 42=2, 43=3, 40=2, 41=3, 46=5, 47=3, 44=3, 45=3, 51=2, 50=3, 49=3, 48=6, 55=4, 54=6, 53=4, 52=5, 59=8, 58=4, 57=3, 56=5, 63=10, 62=4, 61=1, 60=4, 68=4, 69=5, 70=3, 71=5, 64=7, 65=2, 66=7, 67=2, 76=5, 77=4, 78=8, 79=8, 72=2, 73=3, 74=3, 75=2, 85=2, 84=10, 87=5, 86=3, 81=3, 80=5, 83=4, 82=2, 93=2, 92=6, 95=3, 94=3, 89=5, 88=5, 91=8, 90=5, 98=4, 99=5, 96=2, 97=4}
Avg distance between not played chunks: 3.9061201353957595
Min distance between not played chunks: 1.0
Max distance between not played chunks: 5.466666666666667

HELPING PEERS LOG

[HELPING] Active nodes: 2
[HELPING] Started playbacks: 2
[HELPING] Not started playbacks node-ids: []
[HELPING] Playbacks time-window: 106
[HELPING] Missing chunks distribution [missed-chunks/nodes]: {16=1, 26=1}
[HELPING] Rejected chunks for ttl expiration [chunk-id/nodes]: 35 {1=1, 2=1, 70=1, 3=1, 64=1, 4=1, 6=2, 76=1, 9=1, 77=1, 10=2, 84=1, 16=1, 19=1, 80=1, 83=1, 93=1, 92=1, 28=1, 91=1, 34=1, 32=1, 33=1, 38=2, 98=1, 36=1, 97=1, 46=1, 44=1, 51=1, 54=2, 52=1, 59=1, 57=1, 63=2}
[HELPING] Rejected chunks for capacity limit [chunk-id/nodes]: 0 {}
[HELPING] bandwidthUtilUp: 0.004768676618077789
[HELPING] bandwidthUtilDown: 0.003372366018879452
[HELPING] Avg # of unsent chunk for max-retries: 0.0
[HELPING] Min # of unsent chunk for max-retries: 0.0
[HELPING] Max # of unsent chunk for max-retries: 0.0
[HELPING] Avg # of unsent chunk-reqs for max-retries: 0.0
[HELPING] Min # of unsent chunk-reqs for max-retries: 0.0
[HELPING] Max # of unsent chunk-reqs for max-retries: 0.0
[HELPING] Avg % of chunks received by Pastry: 4.0
[HELPING] Min % of chunks received by Pastry: 1.0
[HELPING] Max % of chunks received by Pastry: 7.0
[HELPING] StD of chunks received by Pastry: 4.242640687119285
[HELPING] Var of chunks received by Pastry: 18.0
[HELPING] Avg % of chunks received by StarStream: 95.0
[HELPING] Min % of chunks received by StarStream: 92.0
[HELPING] Max % of chunks received by StarStream: 98.0
[HELPING] StD of chunks received by StarStream: 4.242640687119285
[HELPING] Var of chunks received by StarStream: 18.0
[HELPING] Startup Delay: 119.0
[HELPING] Latency: 8.029876261803972
[HELPING] Min of perceived avg chunk delivery-time: 7.662162162162162
[HELPING] Max of perceived avg chunk delivery-time: 8.397590361445783
[HELPING] Variance of perceived avg chunk delivery-time: 0.27042731815078014
[HELPING] StD of perceived avg chunk delivery-time: 0.5200262667892653
[HELPING] Avg messages sent per node: 2703.0
[HELPING] Min messages sent per node: 2561.0
[HELPING] Max messages sent per node: 2845.0
[HELPING] Variance of messages sent per node: 40328.0
[HELPING] StD of messages sent per node: 200.8183258569795
[HELPING] Nodes with incomplete playbacks: 2
[HELPING] Packet Loss: 20.5
[HELPING] Min % of not played chunks: 16.0
[HELPING] Max % of not played chunks: 25.0
[HELPING] Not played chunks [chunk-id/nodes]: {1=1, 70=1, 2=1, 3=1, 64=1, 4=1, 6=2, 76=1, 77=1, 9=1, 10=2, 84=1, 16=1, 19=1, 80=1, 83=1, 93=1, 92=1, 28=1, 91=1, 34=1, 32=1, 33=1, 98=1, 38=2, 36=1, 97=1, 46=1, 44=1, 51=1, 54=2, 52=1, 59=1, 57=1, 63=2, 62=1}
[HELPING] Avg distance between not played chunks: 4.987500000000001
[HELPING] Min distance between not played chunks: 4.041666666666667
[HELPING] Max distance between not played chunks: 5.933333333333334

