Total chunks: 100
Nodes x chunk: 1
Total nodes: 16
Active nodes: 12
Started playbacks: 12
Not started playbacks node-ids: []
Playbacks time-window: 66
Missing chunks distribution [missed-chunks/nodes]: {2=1, 4=3, 5=1, 6=1, 7=2, 9=2, 13=1, 15=1}
Rejected chunks for ttl expiration [chunk-id/nodes]: 36 {68=1, 0=2, 1=1, 3=2, 65=1, 5=2, 67=2, 8=1, 79=3, 72=5, 73=1, 75=1, 84=1, 19=1, 80=2, 83=1, 82=1, 92=2, 94=2, 89=3, 91=5, 30=5, 34=1, 98=1, 99=3, 96=1, 41=1, 46=4, 47=1, 50=3, 48=2, 55=1, 53=1, 52=4, 58=3, 57=1}
Rejected chunks for capacity limit [chunk-id/nodes]: 0 {}
bandwidthUtilUp: 0.0077418681373097225
bandwidthUtilDown: 0.004067895260128394
Avg # of unsent chunk for max-retries: 0.0
Min # of unsent chunk for max-retries: 0.0
Max # of unsent chunk for max-retries: 0.0
Avg # of unsent chunk-reqs for max-retries: 0.4166666666666667
Min # of unsent chunk-reqs for max-retries: 0.0
Max # of unsent chunk-reqs for max-retries: 2.0
Avg % of chunks received by Pastry: 10.083333333333334
Min % of chunks received by Pastry: 1.0
Max % of chunks received by Pastry: 18.0
StD of chunks received by Pastry: 6.006940430313365
Var of chunks received by Pastry: 36.083333333333314
Avg % of chunks received by StarStream: 88.91666666666667
Min % of chunks received by StarStream: 81.0
Max % of chunks received by StarStream: 98.0
StD of chunks received by StarStream: 6.006940430313265
Var of chunks received by StarStream: 36.08333333333212
[NONMOJO] Startup Delay: 48.916666666666664
[MOJO] Startup Delay: 58.1
[MOJO] Latency: 9.611217982846433
Min of perceived avg chunk delivery-time: 8.580645161290322
Max of perceived avg chunk delivery-time: 10.884210526315789
Variance of perceived avg chunk delivery-time: 0.3951819320330917
StD of perceived avg chunk delivery-time: 0.6286349751907634
Avg messages sent per node: 3561.25
Min messages sent per node: 2666.0
Max messages sent per node: 4149.0
Variance of messages sent per node: 198815.47727272793
StD of messages sent per node: 445.88729211845447
Nodes with incomplete playbacks: 12
[MOJO] Continuity Index: 66.33333333333333
[MOJO] Packet Loss: 33.666666666666664
Min % of not played chunks: 4.0
Max % of not played chunks: 99.0
Not played chunks [chunk-id/nodes]: {1=4, 2=4, 3=5, 4=3, 5=4, 6=5, 7=5, 8=4, 9=3, 10=2, 11=2, 12=4, 13=1, 14=2, 15=3, 17=4, 16=3, 19=3, 18=5, 21=4, 20=2, 23=4, 22=3, 25=2, 24=2, 27=4, 26=3, 29=3, 28=3, 31=3, 30=7, 34=5, 35=3, 32=3, 33=4, 38=3, 39=2, 36=5, 37=3, 42=5, 43=3, 40=2, 41=5, 46=6, 47=4, 44=4, 45=5, 51=4, 50=7, 49=4, 48=5, 55=5, 54=5, 53=3, 52=6, 59=5, 58=7, 57=3, 56=3, 63=2, 62=4, 61=4, 60=5, 68=4, 69=3, 70=3, 71=4, 64=4, 65=5, 66=3, 67=6, 76=4, 77=4, 78=4, 79=5, 72=6, 73=5, 74=4, 75=4, 85=3, 84=4, 87=5, 86=5, 81=2, 80=7, 83=5, 82=7, 93=4, 92=6, 95=5, 94=5, 89=7, 88=3, 91=5, 90=4, 98=6, 99=6, 96=3, 97=4}
Avg distance between not played chunks: 8.491500474833808
Min distance between not played chunks: 1.0
Max distance between not played chunks: 29.0

HELPING PEERS LOG

[HELPING] Active nodes: 4
[HELPING] Started playbacks: 4
[HELPING] Not started playbacks node-ids: []
[HELPING] Playbacks time-window: 48
[HELPING] Missing chunks distribution [missed-chunks/nodes]: {19=1, 4=1, 5=1, 8=1}
[HELPING] Rejected chunks for ttl expiration [chunk-id/nodes]: 26 {34=1, 0=2, 68=1, 35=1, 69=1, 2=3, 70=1, 67=1, 97=1, 79=1, 72=2, 46=2, 47=2, 44=1, 75=1, 50=2, 87=1, 48=1, 55=1, 83=1, 82=1, 59=1, 56=1, 89=1, 62=1, 30=1}
[HELPING] Rejected chunks for capacity limit [chunk-id/nodes]: 0 {}
[HELPING] bandwidthUtilUp: 0.007075209796318799
[HELPING] bandwidthUtilDown: 0.0053131766467399
[HELPING] Avg # of unsent chunk for max-retries: 0.0
[HELPING] Min # of unsent chunk for max-retries: 0.0
[HELPING] Max # of unsent chunk for max-retries: 0.0
[HELPING] Avg # of unsent chunk-reqs for max-retries: 0.0
[HELPING] Min # of unsent chunk-reqs for max-retries: 0.0
[HELPING] Max # of unsent chunk-reqs for max-retries: 0.0
[HELPING] Avg % of chunks received by Pastry: 4.75
[HELPING] Min % of chunks received by Pastry: 0.0
[HELPING] Max % of chunks received by Pastry: 11.0
[HELPING] StD of chunks received by Pastry: 4.645786621588784
[HELPING] Var of chunks received by Pastry: 21.583333333333332
[HELPING] Avg % of chunks received by StarStream: 94.5
[HELPING] Min % of chunks received by StarStream: 88.0
[HELPING] Max % of chunks received by StarStream: 100.0
[HELPING] StD of chunks received by StarStream: 5.0
[HELPING] Var of chunks received by StarStream: 25.0
[HELPING] Startup Delay: 68.5
[HELPING] Latency: 9.77890408186864
[HELPING] Min of perceived avg chunk delivery-time: 8.815217391304348
[HELPING] Max of perceived avg chunk delivery-time: 10.319148936170214
[HELPING] Variance of perceived avg chunk delivery-time: 0.43705502192293955
[HELPING] StD of perceived avg chunk delivery-time: 0.6611013703834984
[HELPING] Avg messages sent per node: 3763.25
[HELPING] Min messages sent per node: 3265.0
[HELPING] Max messages sent per node: 4083.0
[HELPING] Variance of messages sent per node: 127245.58333333333
[HELPING] StD of messages sent per node: 356.7149889384147
[HELPING] Nodes with incomplete playbacks: 4
[HELPING] Packet Loss: 9.5
[HELPING] Min % of not played chunks: 4.0
[HELPING] Max % of not played chunks: 19.0
[HELPING] Not played chunks [chunk-id/nodes]: {68=1, 69=1, 2=3, 70=1, 67=1, 79=1, 72=3, 75=1, 87=2, 86=1, 83=1, 82=2, 89=1, 30=1, 34=1, 35=1, 97=1, 40=1, 46=2, 47=2, 44=1, 50=2, 48=1, 55=1, 59=2, 56=1, 62=1, 60=1}
[HELPING] Avg distance between not played chunks: 14.3125
[HELPING] Min distance between not played chunks: 5.277777777777778
[HELPING] Max distance between not played chunks: 28.333333333333332

