Total chunks: 100
Nodes x chunk: 1
Total nodes: 18
Active nodes: 12
Started playbacks: 12
Not started playbacks node-ids: []
Playbacks time-window: 115
Missing chunks distribution [missed-chunks/nodes]: {1=2, 3=2, 4=2, 20=1, 6=1, 7=2, 8=1, 9=1}
Rejected chunks for ttl expiration [chunk-id/nodes]: 32 {68=1, 1=1, 70=1, 64=1, 4=2, 9=2, 72=1, 74=2, 84=1, 87=1, 81=4, 93=2, 94=3, 88=4, 91=1, 90=1, 99=2, 42=1, 43=1, 40=1, 46=1, 47=5, 45=1, 50=3, 48=3, 55=1, 54=3, 53=1, 52=2, 62=1, 61=2, 60=1}
Rejected chunks for capacity limit [chunk-id/nodes]: 0 {}
bandwidthUtilUp: 0.008662866677194467
bandwidthUtilDown: 0.0044240892219157115
Avg # of unsent chunk for max-retries: 0.0
Min # of unsent chunk for max-retries: 0.0
Max # of unsent chunk for max-retries: 0.0
Avg # of unsent chunk-reqs for max-retries: 0.16666666666666666
Min # of unsent chunk-reqs for max-retries: 0.0
Max # of unsent chunk-reqs for max-retries: 1.0
Avg % of chunks received by Pastry: 7.583333333333333
Min % of chunks received by Pastry: 0.0
Max % of chunks received by Pastry: 19.0
StD of chunks received by Pastry: 6.244391422902975
Var of chunks received by Pastry: 38.99242424242424
Avg % of chunks received by StarStream: 91.5
Min % of chunks received by StarStream: 80.0
Max % of chunks received by StarStream: 100.0
StD of chunks received by StarStream: 6.360388781713435
Var of chunks received by StarStream: 40.454545454546114
[NONMOJO] Startup Delay: 68.83333333333333
[MOJO] Startup Delay: 66.2
[MOJO] Latency: 10.141435049191095
Min of perceived avg chunk delivery-time: 9.291666666666666
Max of perceived avg chunk delivery-time: 11.411111111111111
Variance of perceived avg chunk delivery-time: 0.5532227319823371
StD of perceived avg chunk delivery-time: 0.7437894406230415
Avg messages sent per node: 3952.0833333333335
Min messages sent per node: 2834.0
Max messages sent per node: 4952.0
Variance of messages sent per node: 605043.3560606051
StD of messages sent per node: 777.8453291372297
Nodes with incomplete playbacks: 12
[MOJO] Continuity Index: 74.08333333333333
[MOJO] Packet Loss: 25.916666666666668
Min % of not played chunks: 1.0
Max % of not played chunks: 99.0
Not played chunks [chunk-id/nodes]: {1=3, 2=4, 3=1, 4=5, 5=1, 6=1, 7=3, 8=2, 9=5, 10=2, 11=2, 12=2, 13=2, 14=3, 15=4, 17=2, 16=3, 19=3, 18=2, 21=1, 20=2, 23=3, 22=2, 25=4, 24=1, 27=2, 26=3, 29=1, 28=2, 31=2, 30=2, 34=3, 35=3, 32=2, 33=3, 38=2, 39=3, 36=3, 37=3, 42=5, 43=4, 40=4, 41=2, 46=4, 47=6, 44=3, 45=5, 51=3, 50=5, 49=2, 48=7, 55=4, 54=7, 53=4, 52=3, 59=2, 58=2, 57=1, 56=2, 63=2, 62=3, 61=6, 60=3, 68=2, 69=3, 70=3, 71=3, 64=4, 65=2, 66=3, 67=2, 76=3, 77=3, 78=5, 79=2, 72=6, 73=1, 74=11, 75=2, 85=3, 84=3, 87=4, 86=4, 81=6, 80=3, 83=4, 82=1, 93=4, 92=2, 95=2, 94=4, 89=4, 88=5, 91=3, 90=4, 98=4, 99=5, 96=1, 97=4}
Avg distance between not played chunks: 5.377434614263259
Min distance between not played chunks: 1.0
Max distance between not played chunks: 10.5

HELPING PEERS LOG

[HELPING] Active nodes: 6
[HELPING] Started playbacks: 6
[HELPING] Not started playbacks node-ids: []
[HELPING] Playbacks time-window: 70
[HELPING] Missing chunks distribution [missed-chunks/nodes]: {1=1, 4=1, 5=1, 6=1, 8=2}
[HELPING] Rejected chunks for ttl expiration [chunk-id/nodes]: 21 {68=1, 1=1, 64=1, 65=1, 97=1, 7=1, 73=1, 44=1, 15=1, 85=1, 51=2, 48=1, 81=4, 20=1, 83=1, 52=1, 94=3, 89=1, 88=1, 61=1, 90=1}
[HELPING] Rejected chunks for capacity limit [chunk-id/nodes]: 0 {}
[HELPING] bandwidthUtilUp: 0.008297626128384214
[HELPING] bandwidthUtilDown: 0.005086267554435134
[HELPING] Avg # of unsent chunk for max-retries: 0.0
[HELPING] Min # of unsent chunk for max-retries: 0.0
[HELPING] Max # of unsent chunk for max-retries: 0.0
[HELPING] Avg # of unsent chunk-reqs for max-retries: 0.0
[HELPING] Min # of unsent chunk-reqs for max-retries: 0.0
[HELPING] Max # of unsent chunk-reqs for max-retries: 0.0
[HELPING] Avg % of chunks received by Pastry: 5.0
[HELPING] Min % of chunks received by Pastry: 2.0
[HELPING] Max % of chunks received by Pastry: 9.0
[HELPING] StD of chunks received by Pastry: 2.898275349237888
[HELPING] Var of chunks received by Pastry: 8.4
[HELPING] Avg % of chunks received by StarStream: 94.0
[HELPING] Min % of chunks received by StarStream: 90.0
[HELPING] Max % of chunks received by StarStream: 97.0
[HELPING] StD of chunks received by StarStream: 2.898275349237888
[HELPING] Var of chunks received by StarStream: 8.4
[HELPING] Startup Delay: 100.66666666666667
[HELPING] Latency: 10.108459869538725
[HELPING] Min of perceived avg chunk delivery-time: 9.244897959183673
[HELPING] Max of perceived avg chunk delivery-time: 10.804347826086957
[HELPING] Variance of perceived avg chunk delivery-time: 0.35528621921178
[HELPING] StD of perceived avg chunk delivery-time: 0.5960589058237281
[HELPING] Avg messages sent per node: 4272.0
[HELPING] Min messages sent per node: 3962.0
[HELPING] Max messages sent per node: 4841.0
[HELPING] Variance of messages sent per node: 116248.4000000015
[HELPING] StD of messages sent per node: 340.9521960627347
[HELPING] Nodes with incomplete playbacks: 6
[HELPING] Packet Loss: 5.166666666666667
[HELPING] Min % of not played chunks: 1.0
[HELPING] Max % of not played chunks: 8.0
[HELPING] Not played chunks [chunk-id/nodes]: {68=1, 1=1, 64=1, 65=1, 97=1, 7=1, 72=1, 73=1, 44=1, 74=2, 15=1, 85=1, 51=2, 48=1, 81=4, 20=1, 83=1, 52=1, 94=3, 89=2, 88=1, 61=1, 90=1}
[HELPING] Avg distance between not played chunks: 10.193333333333332
[HELPING] Min distance between not played chunks: 6.0
[HELPING] Max distance between not played chunks: 16.0

