Total chunks: 100
Nodes x chunk: 1
Total nodes: 19
Active nodes: 12
Started playbacks: 12
Not started playbacks node-ids: []
Playbacks time-window: 77
Missing chunks distribution [missed-chunks/nodes]: {0=4, 1=3, 2=3, 3=1, 4=1}
Rejected chunks for ttl expiration [chunk-id/nodes]: 13 {4=1, 65=1, 76=1, 12=1, 51=2, 54=3, 80=1, 52=1, 59=1, 94=1, 63=1, 89=1, 60=1}
Rejected chunks for capacity limit [chunk-id/nodes]: 0 {}
bandwidthUtilUp: 0.010144022948521436
bandwidthUtilDown: 0.005434459675829269
Avg # of unsent chunk for max-retries: 0.0
Min # of unsent chunk for max-retries: 0.0
Max # of unsent chunk for max-retries: 0.0
Avg # of unsent chunk-reqs for max-retries: 0.8333333333333334
Min # of unsent chunk-reqs for max-retries: 0.0
Max # of unsent chunk-reqs for max-retries: 3.0
Avg % of chunks received by Pastry: 8.083333333333334
Min % of chunks received by Pastry: 2.0
Max % of chunks received by Pastry: 15.0
StD of chunks received by Pastry: 3.6793856535947382
Var of chunks received by Pastry: 13.537878787878778
Avg % of chunks received by StarStream: 90.91666666666667
Min % of chunks received by StarStream: 84.0
Max % of chunks received by StarStream: 97.0
StD of chunks received by StarStream: 3.6793856535945295
Var of chunks received by StarStream: 13.537878787877244
[NONMOJO] Startup Delay: 49.25
[MOJO] Startup Delay: 68.2
[MOJO] Latency: 10.076241808071243
Min of perceived avg chunk delivery-time: 9.295918367346939
Max of perceived avg chunk delivery-time: 10.97938144329897
Variance of perceived avg chunk delivery-time: 0.21383238644180189
StD of perceived avg chunk delivery-time: 0.4624201406100321
Avg messages sent per node: 4689.416666666667
Min messages sent per node: 3371.0
Max messages sent per node: 5748.0
Variance of messages sent per node: 486184.2651515088
StD of messages sent per node: 697.2691482860179
Nodes with incomplete playbacks: 12
[MOJO] Continuity Index: 70.25
[MOJO] Packet Loss: 29.75
Min % of not played chunks: 1.0
Max % of not played chunks: 99.0
Not played chunks [chunk-id/nodes]: {1=5, 2=4, 3=3, 4=5, 5=5, 6=5, 7=3, 8=3, 9=3, 10=5, 11=4, 12=4, 13=3, 14=2, 15=4, 17=3, 16=3, 19=2, 18=3, 21=3, 20=3, 23=3, 22=2, 25=4, 24=3, 27=4, 26=5, 29=3, 28=2, 31=2, 30=2, 34=4, 35=2, 32=3, 33=3, 38=2, 39=3, 36=3, 37=2, 42=2, 43=3, 40=3, 41=3, 46=4, 47=6, 44=4, 45=4, 51=6, 50=2, 49=4, 48=4, 55=4, 54=7, 53=4, 52=5, 59=5, 58=5, 57=3, 56=4, 63=4, 62=3, 61=4, 60=7, 68=3, 69=4, 70=2, 71=4, 64=3, 65=4, 66=3, 67=4, 76=4, 77=4, 78=3, 79=4, 72=3, 73=3, 74=3, 75=2, 85=5, 84=2, 87=4, 86=3, 81=5, 80=6, 83=4, 82=4, 93=3, 92=4, 95=3, 94=4, 89=4, 88=4, 91=4, 90=4, 98=5, 99=2, 96=4, 97=3}
Avg distance between not played chunks: 10.745362468088954
Min distance between not played chunks: 1.0
Max distance between not played chunks: 35.0

HELPING PEERS LOG

[HELPING] Active nodes: 7
[HELPING] Started playbacks: 7
[HELPING] Not started playbacks node-ids: []
[HELPING] Playbacks time-window: 62
[HELPING] Missing chunks distribution [missed-chunks/nodes]: {1=1, 2=3, 3=2, 4=1}
[HELPING] Rejected chunks for ttl expiration [chunk-id/nodes]: 13 {85=1, 68=1, 51=2, 71=2, 81=1, 98=1, 4=1, 54=1, 82=1, 59=1, 92=1, 79=3, 63=1}
[HELPING] Rejected chunks for capacity limit [chunk-id/nodes]: 0 {}
[HELPING] bandwidthUtilUp: 0.010106572880890013
[HELPING] bandwidthUtilDown: 0.006029456636747662
[HELPING] Avg # of unsent chunk for max-retries: 0.0
[HELPING] Min # of unsent chunk for max-retries: 0.0
[HELPING] Max # of unsent chunk for max-retries: 0.0
[HELPING] Avg # of unsent chunk-reqs for max-retries: 0.0
[HELPING] Min # of unsent chunk-reqs for max-retries: 0.0
[HELPING] Max # of unsent chunk-reqs for max-retries: 0.0
[HELPING] Avg % of chunks received by Pastry: 6.571428571428571
[HELPING] Min % of chunks received by Pastry: 1.0
[HELPING] Max % of chunks received by Pastry: 12.0
[HELPING] StD of chunks received by Pastry: 4.429339411136566
[HELPING] Var of chunks received by Pastry: 19.619047619047628
[HELPING] Avg % of chunks received by StarStream: 92.57142857142857
[HELPING] Min % of chunks received by StarStream: 87.0
[HELPING] Max % of chunks received by StarStream: 98.0
[HELPING] StD of chunks received by StarStream: 4.577377082170578
[HELPING] Var of chunks received by StarStream: 20.952380952380434
[HELPING] Startup Delay: 77.71428571428571
[HELPING] Latency: 10.17186858174787
[HELPING] Min of perceived avg chunk delivery-time: 8.755102040816327
[HELPING] Max of perceived avg chunk delivery-time: 11.278350515463918
[HELPING] Variance of perceived avg chunk delivery-time: 0.7679099355493809
[HELPING] StD of perceived avg chunk delivery-time: 0.8763047047399557
[HELPING] Avg messages sent per node: 5217.571428571428
[HELPING] Min messages sent per node: 4261.0
[HELPING] Max messages sent per node: 6300.0
[HELPING] Variance of messages sent per node: 427071.95238095586
[HELPING] StD of messages sent per node: 653.5074233556616
[HELPING] Nodes with incomplete playbacks: 7
[HELPING] Packet Loss: 3.857142857142857
[HELPING] Min % of not played chunks: 1.0
[HELPING] Max % of not played chunks: 12.0
[HELPING] Not played chunks [chunk-id/nodes]: {68=1, 71=2, 98=1, 4=1, 5=1, 76=1, 79=3, 11=1, 85=1, 51=3, 81=2, 54=1, 83=1, 82=1, 59=1, 92=1, 63=1, 29=1, 88=1, 61=1, 30=1}
[HELPING] Avg distance between not played chunks: 27.75757575757576
[HELPING] Min distance between not played chunks: 7.545454545454546
[HELPING] Max distance between not played chunks: 75.0

