Total chunks: 100
Nodes x chunk: 1
Total nodes: 20
Active nodes: 12
Started playbacks: 12
Not started playbacks node-ids: []
Playbacks time-window: 66
Missing chunks distribution [missed-chunks/nodes]: {0=1, 1=7, 2=1, 3=1, 4=1, 7=1}
Rejected chunks for ttl expiration [chunk-id/nodes]: 15 {42=4, 79=1, 72=2, 46=1, 44=1, 50=1, 86=2, 55=4, 81=1, 82=1, 93=1, 59=1, 89=1, 91=1, 60=1}
Rejected chunks for capacity limit [chunk-id/nodes]: 0 {}
bandwidthUtilUp: 0.010518239687460886
bandwidthUtilDown: 0.005684230938727518
Avg # of unsent chunk for max-retries: 0.0
Min # of unsent chunk for max-retries: 0.0
Max # of unsent chunk for max-retries: 0.0
Avg # of unsent chunk-reqs for max-retries: 0.16666666666666666
Min # of unsent chunk-reqs for max-retries: 0.0
Max # of unsent chunk-reqs for max-retries: 2.0
Avg % of chunks received by Pastry: 8.166666666666666
Min % of chunks received by Pastry: 0.0
Max % of chunks received by Pastry: 16.0
StD of chunks received by Pastry: 6.4361667492570795
Var of chunks received by Pastry: 41.42424242424244
Avg % of chunks received by StarStream: 90.91666666666667
Min % of chunks received by StarStream: 83.0
Max % of chunks received by StarStream: 100.0
StD of chunks received by StarStream: 6.556860852757415
Var of chunks received by StarStream: 42.99242424242269
[NONMOJO] Startup Delay: 65.5
[MOJO] Startup Delay: 73.5
[MOJO] Latency: 10.775355301179047
Min of perceived avg chunk delivery-time: 9.55
Max of perceived avg chunk delivery-time: 11.742268041237113
Variance of perceived avg chunk delivery-time: 0.37437123313483506
StD of perceived avg chunk delivery-time: 0.6118588343195145
Avg messages sent per node: 4911.0
Min messages sent per node: 3328.0
Max messages sent per node: 6073.0
Variance of messages sent per node: 855645.4545454559
StD of messages sent per node: 925.0110564449789
Nodes with incomplete playbacks: 12
[MOJO] Continuity Index: 70.91666666666667
[MOJO] Packet Loss: 29.083333333333332
Min % of not played chunks: 1.0
Max % of not played chunks: 98.0
Not played chunks [chunk-id/nodes]: {1=3, 2=4, 3=4, 4=3, 5=3, 6=3, 7=1, 8=4, 9=3, 10=3, 11=4, 12=3, 13=3, 14=3, 15=4, 17=5, 16=4, 19=3, 18=4, 21=4, 20=3, 23=3, 22=4, 25=3, 24=2, 27=2, 26=3, 29=3, 28=2, 31=4, 30=4, 34=2, 35=4, 32=4, 33=2, 38=2, 39=3, 36=3, 37=4, 42=7, 43=3, 40=3, 41=4, 46=3, 47=3, 44=4, 45=4, 51=3, 50=5, 49=3, 48=4, 55=6, 54=4, 53=4, 52=3, 59=5, 58=3, 57=4, 56=3, 63=3, 62=3, 61=5, 60=5, 68=3, 69=3, 70=3, 71=4, 64=3, 65=3, 66=4, 67=3, 76=3, 77=3, 78=4, 79=6, 72=4, 73=3, 74=5, 75=4, 85=4, 84=3, 87=3, 86=5, 81=4, 80=3, 83=4, 82=4, 93=5, 92=2, 95=2, 94=4, 89=6, 88=3, 91=3, 90=3, 98=5, 99=2, 96=4, 97=3}
Avg distance between not played chunks: 3.919786889724326
Min distance between not played chunks: 1.0103092783505154
Max distance between not played chunks: 14.5

HELPING PEERS LOG

[HELPING] Active nodes: 8
[HELPING] Started playbacks: 8
[HELPING] Not started playbacks node-ids: []
[HELPING] Playbacks time-window: 101
[HELPING] Missing chunks distribution [missed-chunks/nodes]: {0=1, 1=2, 3=2, 4=2, 5=1}
[HELPING] Rejected chunks for ttl expiration [chunk-id/nodes]: 13 {1=1, 70=1, 48=1, 55=2, 82=1, 42=2, 93=3, 76=1, 94=1, 56=3, 72=1, 47=1, 44=2}
[HELPING] Rejected chunks for capacity limit [chunk-id/nodes]: 0 {}
[HELPING] bandwidthUtilUp: 0.00986244760934697
[HELPING] bandwidthUtilDown: 0.0055563126903332375
[HELPING] Avg # of unsent chunk for max-retries: 0.0
[HELPING] Min # of unsent chunk for max-retries: 0.0
[HELPING] Max # of unsent chunk for max-retries: 0.0
[HELPING] Avg # of unsent chunk-reqs for max-retries: 0.0
[HELPING] Min # of unsent chunk-reqs for max-retries: 0.0
[HELPING] Max # of unsent chunk-reqs for max-retries: 0.0
[HELPING] Avg % of chunks received by Pastry: 6.375
[HELPING] Min % of chunks received by Pastry: 0.0
[HELPING] Max % of chunks received by Pastry: 14.0
[HELPING] StD of chunks received by Pastry: 6.566962768281849
[HELPING] Var of chunks received by Pastry: 43.125
[HELPING] Avg % of chunks received by StarStream: 92.875
[HELPING] Min % of chunks received by StarStream: 85.0
[HELPING] Max % of chunks received by StarStream: 100.0
[HELPING] StD of chunks received by StarStream: 6.854352110677045
[HELPING] Var of chunks received by StarStream: 46.982142857142854
[HELPING] Startup Delay: 78.5
[HELPING] Latency: 10.738871934324504
[HELPING] Min of perceived avg chunk delivery-time: 9.636363636363637
[HELPING] Max of perceived avg chunk delivery-time: 12.263157894736842
[HELPING] Variance of perceived avg chunk delivery-time: 0.7699864045607032
[HELPING] StD of perceived avg chunk delivery-time: 0.8774886919845196
[HELPING] Avg messages sent per node: 4801.75
[HELPING] Min messages sent per node: 3301.0
[HELPING] Max messages sent per node: 5704.0
[HELPING] Variance of messages sent per node: 600721.0714285714
[HELPING] StD of messages sent per node: 775.0619790884929
[HELPING] Nodes with incomplete playbacks: 7
[HELPING] Packet Loss: 12.5
[HELPING] Min % of not played chunks: 0.0
[HELPING] Max % of not played chunks: 66.0
[HELPING] Not played chunks [chunk-id/nodes]: {1=2, 2=1, 3=1, 4=1, 6=1, 8=1, 9=1, 10=1, 11=1, 12=1, 13=2, 14=1, 17=2, 16=2, 18=1, 21=1, 20=1, 25=1, 24=1, 26=1, 29=1, 31=1, 30=1, 32=1, 39=1, 36=1, 37=1, 42=3, 43=1, 40=1, 41=1, 47=2, 44=4, 45=1, 51=1, 50=1, 49=1, 48=2, 55=2, 54=1, 53=1, 52=1, 58=1, 57=2, 56=3, 63=1, 60=2, 69=1, 70=2, 71=1, 66=1, 76=3, 77=1, 72=3, 74=1, 75=1, 85=1, 84=1, 87=1, 86=1, 81=1, 80=1, 83=1, 82=3, 93=4, 94=2, 89=1, 88=1, 91=1, 90=1, 98=1, 96=1, 97=1}
[HELPING] Avg distance between not played chunks: 14.407214680744092
[HELPING] Min distance between not played chunks: 1.4923076923076923
[HELPING] Max distance between not played chunks: 30.666666666666668

