Total chunks: 100
Nodes x chunk: 1
Total nodes: 21
Active nodes: 12
Started playbacks: 12
Not started playbacks node-ids: []
Playbacks time-window: 79
Missing chunks distribution [missed-chunks/nodes]: {0=5, 1=5, 3=1, 4=1}
Rejected chunks for ttl expiration [chunk-id/nodes]: 7 {85=2, 84=1, 87=1, 66=4, 58=1, 56=1, 75=1}
Rejected chunks for capacity limit [chunk-id/nodes]: 0 {}
bandwidthUtilUp: 0.010979716362979043
bandwidthUtilDown: 0.006064069556141616
Avg # of unsent chunk for max-retries: 0.0
Min # of unsent chunk for max-retries: 0.0
Max # of unsent chunk for max-retries: 0.0
Avg # of unsent chunk-reqs for max-retries: 0.5
Min # of unsent chunk-reqs for max-retries: 0.0
Max # of unsent chunk-reqs for max-retries: 2.0
Avg % of chunks received by Pastry: 11.583333333333334
Min % of chunks received by Pastry: 1.0
Max % of chunks received by Pastry: 18.0
StD of chunks received by Pastry: 6.6940724570776835
Var of chunks received by Pastry: 44.810606060606055
Avg % of chunks received by StarStream: 87.41666666666667
Min % of chunks received by StarStream: 81.0
Max % of chunks received by StarStream: 98.0
StD of chunks received by StarStream: 6.694072457077593
Var of chunks received by StarStream: 44.81060606060485
[NONMOJO] Startup Delay: 55.333333333333336
[MOJO] Startup Delay: 73.0
[MOJO] Latency: 10.69961671934472
Min of perceived avg chunk delivery-time: 9.747474747474747
Max of perceived avg chunk delivery-time: 11.785714285714286
Variance of perceived avg chunk delivery-time: 0.3229355609800564
StD of perceived avg chunk delivery-time: 0.5682741952438597
Avg messages sent per node: 5157.666666666667
Min messages sent per node: 3251.0
Max messages sent per node: 5808.0
Variance of messages sent per node: 693762.2424242401
StD of messages sent per node: 832.9239115454906
Nodes with incomplete playbacks: 11
[MOJO] Continuity Index: 65.0
[MOJO] Packet Loss: 35.0
Min % of not played chunks: 0.0
Max % of not played chunks: 94.0
Not played chunks [chunk-id/nodes]: {1=3, 2=5, 3=2, 4=4, 5=4, 6=3, 7=3, 8=4, 9=2, 10=5, 11=5, 12=2, 13=3, 14=4, 15=4, 17=5, 16=2, 19=5, 18=3, 21=4, 20=4, 23=4, 22=2, 25=4, 24=6, 27=3, 26=5, 29=3, 28=4, 31=3, 30=4, 34=3, 35=4, 32=3, 33=4, 38=4, 39=4, 36=3, 37=4, 42=5, 43=3, 40=5, 41=5, 46=5, 47=4, 44=6, 45=5, 51=5, 50=6, 49=5, 48=4, 55=5, 54=4, 53=3, 52=2, 59=4, 58=6, 57=3, 56=4, 63=3, 62=5, 61=4, 60=3, 68=4, 69=3, 70=5, 71=4, 64=4, 65=4, 66=7, 67=5, 76=5, 77=4, 78=4, 79=6, 72=4, 73=2, 74=6, 75=8, 85=9, 84=8, 87=6, 86=6, 81=5, 80=5, 83=5, 82=4, 93=5, 92=5, 95=4, 94=4, 89=2, 88=3, 91=4, 90=5, 98=4, 99=5, 96=6, 97=3}
Avg distance between not played chunks: 4.62416647423605
Min distance between not played chunks: 1.053763440860215
Max distance between not played chunks: 13.428571428571429

HELPING PEERS LOG

[HELPING] Active nodes: 9
[HELPING] Started playbacks: 9
[HELPING] Not started playbacks node-ids: []
[HELPING] Playbacks time-window: 68
[HELPING] Missing chunks distribution [missed-chunks/nodes]: {0=2, 1=6, 2=1}
[HELPING] Rejected chunks for ttl expiration [chunk-id/nodes]: 4 {51=1, 84=1, 87=1, 66=3}
[HELPING] Rejected chunks for capacity limit [chunk-id/nodes]: 0 {}
[HELPING] bandwidthUtilUp: 0.011263197084775599
[HELPING] bandwidthUtilDown: 0.006381758623997324
[HELPING] Avg # of unsent chunk for max-retries: 0.0
[HELPING] Min # of unsent chunk for max-retries: 0.0
[HELPING] Max # of unsent chunk for max-retries: 0.0
[HELPING] Avg # of unsent chunk-reqs for max-retries: 0.3333333333333333
[HELPING] Min # of unsent chunk-reqs for max-retries: 0.0
[HELPING] Max # of unsent chunk-reqs for max-retries: 2.0
[HELPING] Avg % of chunks received by Pastry: 8.0
[HELPING] Min % of chunks received by Pastry: 0.0
[HELPING] Max % of chunks received by Pastry: 16.0
[HELPING] StD of chunks received by Pastry: 5.766281297335398
[HELPING] Var of chunks received by Pastry: 33.25
[HELPING] Avg % of chunks received by StarStream: 91.22222222222223
[HELPING] Min % of chunks received by StarStream: 83.0
[HELPING] Max % of chunks received by StarStream: 100.0
[HELPING] StD of chunks received by StarStream: 6.098724821177134
[HELPING] Var of chunks received by StarStream: 37.19444444444207
[HELPING] Startup Delay: 65.44444444444444
[HELPING] Latency: 10.772445543874113
[HELPING] Min of perceived avg chunk delivery-time: 9.704081632653061
[HELPING] Max of perceived avg chunk delivery-time: 11.595959595959595
[HELPING] Variance of perceived avg chunk delivery-time: 0.5387759180495308
[HELPING] StD of perceived avg chunk delivery-time: 0.7340135680282285
[HELPING] Avg messages sent per node: 5801.333333333333
[HELPING] Min messages sent per node: 3507.0
[HELPING] Max messages sent per node: 7500.0
[HELPING] Variance of messages sent per node: 1943187.0000000028
[HELPING] StD of messages sent per node: 1393.9824245663942
[HELPING] Nodes with incomplete playbacks: 8
[HELPING] Packet Loss: 23.444444444444443
[HELPING] Min % of not played chunks: 0.0
[HELPING] Max % of not played chunks: 99.0
[HELPING] Not played chunks [chunk-id/nodes]: {1=3, 2=1, 3=1, 4=2, 5=3, 6=1, 7=3, 8=1, 9=2, 10=2, 11=3, 12=1, 13=2, 14=1, 15=1, 17=1, 16=2, 19=2, 18=2, 21=2, 20=1, 23=1, 22=2, 25=1, 24=1, 27=3, 26=1, 29=1, 28=1, 31=2, 30=2, 34=2, 35=1, 32=3, 33=1, 38=1, 39=3, 36=1, 37=2, 42=3, 43=1, 40=3, 41=2, 46=2, 47=2, 44=2, 45=1, 51=2, 50=4, 49=3, 48=3, 55=2, 54=2, 53=1, 52=2, 59=2, 58=2, 57=2, 56=3, 63=2, 62=2, 61=4, 60=1, 68=3, 69=2, 70=2, 71=3, 64=3, 65=2, 66=5, 67=2, 76=1, 77=2, 78=3, 79=1, 72=3, 73=1, 74=4, 75=3, 85=2, 84=5, 87=4, 86=2, 81=3, 80=3, 83=1, 82=1, 93=2, 92=2, 95=2, 94=2, 89=4, 88=2, 91=2, 90=4, 98=3, 99=3, 96=2, 97=3}
[HELPING] Avg distance between not played chunks: 2.8156862745098037
[HELPING] Min distance between not played chunks: 1.0
[HELPING] Max distance between not played chunks: 5.529411764705882

