Total chunks: 100
Nodes x chunk: 1
Total nodes: 22
Active nodes: 12
Started playbacks: 12
Not started playbacks node-ids: []
Playbacks time-window: 69
Missing chunks distribution [missed-chunks/nodes]: {0=4, 1=6, 2=1, 3=1}
Rejected chunks for ttl expiration [chunk-id/nodes]: 5 {0=2, 69=7, 55=1, 97=1, 61=2}
Rejected chunks for capacity limit [chunk-id/nodes]: 0 {}
bandwidthUtilUp: 0.012185309767250976
bandwidthUtilDown: 0.006784810188636413
Avg # of unsent chunk for max-retries: 0.0
Min # of unsent chunk for max-retries: 0.0
Max # of unsent chunk for max-retries: 0.0
Avg # of unsent chunk-reqs for max-retries: 0.25
Min # of unsent chunk-reqs for max-retries: 0.0
Max # of unsent chunk-reqs for max-retries: 1.0
Avg % of chunks received by Pastry: 12.666666666666666
Min % of chunks received by Pastry: 1.0
Max % of chunks received by Pastry: 19.0
StD of chunks received by Pastry: 6.879922480183433
Var of chunks received by Pastry: 47.33333333333336
Avg % of chunks received by StarStream: 86.41666666666667
Min % of chunks received by StarStream: 80.0
Max % of chunks received by StarStream: 98.0
StD of chunks received by StarStream: 7.025386865223845
Var of chunks received by StarStream: 49.35606060605972
[NONMOJO] Startup Delay: 59.0
[MOJO] Startup Delay: 89.9
[MOJO] Latency: 10.53441633000175
Min of perceived avg chunk delivery-time: 9.656565656565656
Max of perceived avg chunk delivery-time: 11.13265306122449
Variance of perceived avg chunk delivery-time: 0.24467939062238675
StD of perceived avg chunk delivery-time: 0.49465077642958044
Avg messages sent per node: 5700.666666666667
Min messages sent per node: 4001.0
Max messages sent per node: 6728.0
Variance of messages sent per node: 858619.8787878765
StD of messages sent per node: 926.617439285424
Nodes with incomplete playbacks: 12
[MOJO] Continuity Index: 77.41666666666667
[MOJO] Packet Loss: 22.583333333333332
Min % of not played chunks: 1.0
Max % of not played chunks: 99.0
Not played chunks [chunk-id/nodes]: {1=3, 2=3, 3=2, 4=2, 5=2, 6=2, 7=2, 8=2, 9=5, 10=4, 11=1, 12=3, 13=3, 14=3, 15=1, 17=2, 16=2, 19=2, 18=2, 21=2, 20=3, 23=3, 22=1, 25=1, 24=2, 27=2, 26=3, 29=2, 28=2, 31=3, 30=1, 34=2, 35=6, 32=1, 33=3, 38=2, 39=5, 36=2, 37=2, 42=1, 43=2, 40=2, 41=3, 46=4, 47=3, 44=3, 45=2, 51=4, 50=3, 49=3, 48=3, 55=5, 54=2, 53=3, 52=2, 59=3, 58=5, 57=4, 56=5, 63=4, 62=2, 61=7, 60=2, 68=3, 69=10, 70=3, 71=3, 64=2, 65=2, 66=3, 67=1, 76=1, 77=1, 78=2, 79=3, 72=2, 73=2, 74=4, 75=2, 85=3, 84=2, 87=5, 86=4, 81=1, 80=2, 83=3, 82=3, 93=1, 92=3, 95=3, 94=4, 89=4, 88=1, 91=4, 90=3, 98=1, 99=4, 96=2, 97=3}
Avg distance between not played chunks: 7.425207484031012
Min distance between not played chunks: 1.0
Max distance between not played chunks: 18.0

HELPING PEERS LOG

[HELPING] Active nodes: 10
[HELPING] Started playbacks: 10
[HELPING] Not started playbacks node-ids: []
[HELPING] Playbacks time-window: 62
[HELPING] Missing chunks distribution [missed-chunks/nodes]: {0=6, 1=3, 2=1}
[HELPING] Rejected chunks for ttl expiration [chunk-id/nodes]: 3 {0=2, 69=4, 61=1}
[HELPING] Rejected chunks for capacity limit [chunk-id/nodes]: 0 {}
[HELPING] bandwidthUtilUp: 0.012013989346692195
[HELPING] bandwidthUtilDown: 0.007148598055716914
[HELPING] Avg # of unsent chunk for max-retries: 0.0
[HELPING] Min # of unsent chunk for max-retries: 0.0
[HELPING] Max # of unsent chunk for max-retries: 0.0
[HELPING] Avg # of unsent chunk-reqs for max-retries: 0.1
[HELPING] Min # of unsent chunk-reqs for max-retries: 0.0
[HELPING] Max # of unsent chunk-reqs for max-retries: 1.0
[HELPING] Avg % of chunks received by Pastry: 11.5
[HELPING] Min % of chunks received by Pastry: 0.0
[HELPING] Max % of chunks received by Pastry: 23.0
[HELPING] StD of chunks received by Pastry: 7.763876465901411
[HELPING] Var of chunks received by Pastry: 60.27777777777778
[HELPING] Avg % of chunks received by StarStream: 87.7
[HELPING] Min % of chunks received by StarStream: 76.0
[HELPING] Max % of chunks received by StarStream: 100.0
[HELPING] StD of chunks received by StarStream: 8.069834088890605
[HELPING] Var of chunks received by StarStream: 65.12222222222086
[HELPING] Startup Delay: 63.0
[HELPING] Latency: 10.696413316841888
[HELPING] Min of perceived avg chunk delivery-time: 10.01010101010101
[HELPING] Max of perceived avg chunk delivery-time: 11.93939393939394
[HELPING] Variance of perceived avg chunk delivery-time: 0.4258242108565943
[HELPING] StD of perceived avg chunk delivery-time: 0.6525520752067181
[HELPING] Avg messages sent per node: 6023.2
[HELPING] Min messages sent per node: 3899.0
[HELPING] Max messages sent per node: 7577.0
[HELPING] Variance of messages sent per node: 1214783.0666666727
[HELPING] StD of messages sent per node: 1102.1719769013694
[HELPING] Nodes with incomplete playbacks: 6
[HELPING] Packet Loss: 20.4
[HELPING] Min % of not played chunks: 0.0
[HELPING] Max % of not played chunks: 90.0
[HELPING] Not played chunks [chunk-id/nodes]: {1=2, 2=2, 3=1, 4=3, 5=3, 6=2, 7=1, 8=3, 9=3, 10=2, 12=3, 13=2, 14=2, 15=2, 17=2, 16=2, 19=1, 18=2, 21=2, 20=1, 23=2, 22=3, 25=2, 27=2, 26=3, 29=1, 28=2, 31=1, 30=2, 34=2, 35=2, 32=1, 33=1, 38=1, 39=3, 36=2, 37=3, 42=2, 43=3, 40=1, 41=2, 46=1, 47=2, 44=2, 45=2, 51=1, 50=1, 49=3, 48=3, 55=4, 54=2, 53=3, 52=1, 59=1, 58=4, 57=3, 56=1, 63=1, 62=2, 61=5, 60=1, 68=3, 69=6, 70=3, 71=1, 64=4, 65=1, 66=2, 67=1, 76=2, 77=1, 78=2, 79=2, 72=1, 73=1, 74=2, 75=3, 85=3, 84=2, 87=2, 86=3, 81=1, 80=1, 83=3, 82=3, 92=4, 95=1, 94=3, 89=1, 88=1, 91=4, 90=2, 98=2, 99=3, 96=1, 97=4}
[HELPING] Avg distance between not played chunks: 3.944080928251451
[HELPING] Min distance between not played chunks: 1.101123595505618
[HELPING] Max distance between not played chunks: 8.0

