Total chunks: 100
Nodes x chunk: 18
Total nodes: 144
Active nodes: 120
Started playbacks: 120
Not started playbacks node-ids: []
Playbacks time-window: 194
Missing chunks distribution [missed-chunks/nodes]: {0=119, 1=1}
Rejected chunks for ttl expiration [chunk-id/nodes]: 0 {}
Rejected chunks for capacity limit [chunk-id/nodes]: 0 {}
bandwidthUtilUp: 0.014600996164133453
bandwidthUtilDown: 0.008877314931580912
Avg # of unsent chunk for max-retries: 0.0
Min # of unsent chunk for max-retries: 0.0
Max # of unsent chunk for max-retries: 0.0
Avg # of unsent chunk-reqs for max-retries: 0.0
Min # of unsent chunk-reqs for max-retries: 0.0
Max # of unsent chunk-reqs for max-retries: 0.0
Avg % of chunks received by Pastry: 4.458333333333333
Min % of chunks received by Pastry: 0.0
Max % of chunks received by Pastry: 12.0
StD of chunks received by Pastry: 3.034523576005521
Var of chunks received by Pastry: 9.208333333333336
Avg % of chunks received by StarStream: 94.575
Min % of chunks received by StarStream: 87.0
Max % of chunks received by StarStream: 100.0
StD of chunks received by StarStream: 3.0887774634127125
Var of chunks received by StarStream: 9.54054621848627
[NONMOJO] Startup Delay: 187.625
[MOJO] Startup Delay: 86.9
[MOJO] Latency: 7.947061389191728
Min of perceived avg chunk delivery-time: 6.16
Max of perceived avg chunk delivery-time: 9.75
Variance of perceived avg chunk delivery-time: 0.47752740435869384
StD of perceived avg chunk delivery-time: 0.6910335768677914
Avg messages sent per node: 7045.091666666666
Min messages sent per node: 4032.0
Max messages sent per node: 10718.0
Variance of messages sent per node: 2394911.1932072896
StD of messages sent per node: 1547.5500616158722
Nodes with incomplete playbacks: 104
[MOJO] Continuity Index: 54.61666666666667
[MOJO] Packet Loss: 45.38333333333333
Min % of not played chunks: 0.0
Max % of not played chunks: 99.0
Not played chunks [chunk-id/nodes]: {1=58, 2=58, 3=57, 4=56, 5=59, 6=46, 7=51, 8=56, 9=55, 10=52, 11=54, 12=52, 13=51, 14=49, 15=49, 17=51, 16=58, 19=50, 18=48, 21=45, 20=49, 23=50, 22=56, 25=54, 24=60, 27=57, 26=52, 29=53, 28=62, 31=58, 30=58, 34=46, 35=52, 32=59, 33=53, 38=56, 39=55, 36=53, 37=56, 42=49, 43=62, 40=56, 41=55, 46=55, 47=61, 44=52, 45=52, 51=58, 50=55, 49=51, 48=50, 55=55, 54=54, 53=60, 52=56, 59=52, 58=62, 57=59, 56=48, 63=51, 62=58, 61=64, 60=55, 68=50, 69=53, 70=62, 71=59, 64=57, 65=58, 66=56, 67=51, 76=60, 77=61, 78=57, 79=51, 72=54, 73=56, 74=63, 75=66, 85=56, 84=54, 87=52, 86=60, 81=57, 80=57, 83=55, 82=59, 93=57, 92=55, 95=55, 94=56, 89=57, 88=52, 91=49, 90=52, 98=59, 99=55, 96=58, 97=53}
Avg distance between not played chunks: 3.264717613100583
Min distance between not played chunks: 1.0
Max distance between not played chunks: 28.0

HELPING PEERS LOG

[HELPING] Active nodes: 24
[HELPING] Started playbacks: 24
[HELPING] Not started playbacks node-ids: []
[HELPING] Playbacks time-window: 210
[HELPING] Missing chunks distribution [missed-chunks/nodes]: {0=24}
[HELPING] Rejected chunks for ttl expiration [chunk-id/nodes]: 0 {}
[HELPING] Rejected chunks for capacity limit [chunk-id/nodes]: 0 {}
[HELPING] bandwidthUtilUp: 0.01423689105358269
[HELPING] bandwidthUtilDown: 0.008116742783402556
[HELPING] Avg # of unsent chunk for max-retries: 0.0
[HELPING] Min # of unsent chunk for max-retries: 0.0
[HELPING] Max # of unsent chunk for max-retries: 0.0
[HELPING] Avg # of unsent chunk-reqs for max-retries: 0.0
[HELPING] Min # of unsent chunk-reqs for max-retries: 0.0
[HELPING] Max # of unsent chunk-reqs for max-retries: 0.0
[HELPING] Avg % of chunks received by Pastry: 3.2083333333333335
[HELPING] Min % of chunks received by Pastry: 0.0
[HELPING] Max % of chunks received by Pastry: 7.0
[HELPING] StD of chunks received by Pastry: 1.9105921382756128
[HELPING] Var of chunks received by Pastry: 3.6503623188405783
[HELPING] Avg % of chunks received by StarStream: 95.83333333333333
[HELPING] Min % of chunks received by StarStream: 92.0
[HELPING] Max % of chunks received by StarStream: 100.0
[HELPING] StD of chunks received by StarStream: 1.9927404479145492
[HELPING] Var of chunks received by StarStream: 3.9710144927546778
[HELPING] Startup Delay: 213.45833333333334
[HELPING] Latency: 8.545831186009758
[HELPING] Min of perceived avg chunk delivery-time: 6.94
[HELPING] Max of perceived avg chunk delivery-time: 11.020408163265307
[HELPING] Variance of perceived avg chunk delivery-time: 1.0215238616564093
[HELPING] StD of perceived avg chunk delivery-time: 1.0107046362100103
[HELPING] Avg messages sent per node: 6513.375
[HELPING] Min messages sent per node: 4423.0
[HELPING] Max messages sent per node: 9012.0
[HELPING] Variance of messages sent per node: 1412856.766304348
[HELPING] StD of messages sent per node: 1188.6365156364445
[HELPING] Nodes with incomplete playbacks: 13
[HELPING] Packet Loss: 21.333333333333332
[HELPING] Min % of not played chunks: 0.0
[HELPING] Max % of not played chunks: 99.0
[HELPING] Not played chunks [chunk-id/nodes]: {1=6, 2=4, 3=6, 4=5, 5=5, 6=4, 7=7, 8=4, 9=5, 10=7, 11=5, 12=5, 13=4, 14=6, 15=6, 17=3, 16=6, 19=3, 18=6, 21=6, 20=5, 23=5, 22=4, 25=5, 24=5, 27=5, 26=4, 29=5, 28=7, 31=4, 30=4, 34=4, 35=5, 32=5, 33=6, 38=4, 39=3, 36=5, 37=7, 42=6, 43=6, 40=5, 41=4, 46=4, 47=6, 44=5, 45=6, 51=5, 50=7, 49=7, 48=6, 55=6, 54=4, 53=4, 52=7, 59=6, 58=6, 57=4, 56=5, 63=7, 62=4, 61=5, 60=6, 68=5, 69=4, 70=7, 71=7, 64=5, 65=6, 66=7, 67=4, 76=5, 77=7, 78=6, 79=2, 72=5, 73=5, 74=4, 75=5, 85=4, 84=5, 87=6, 86=6, 81=5, 80=5, 83=5, 82=5, 93=3, 92=4, 95=7, 94=8, 89=6, 88=3, 91=6, 90=4, 98=6, 99=7, 96=4, 97=3}
[HELPING] Avg distance between not played chunks: 4.519422652470828
[HELPING] Min distance between not played chunks: 1.0
[HELPING] Max distance between not played chunks: 16.75

