Total chunks: 100
Nodes x chunk: 18
Total nodes: 180
Active nodes: 120
Started playbacks: 120
Not started playbacks node-ids: []
Playbacks time-window: 115
Missing chunks distribution [missed-chunks/nodes]: {0=120}
Rejected chunks for ttl expiration [chunk-id/nodes]: 0 {}
Rejected chunks for capacity limit [chunk-id/nodes]: 0 {}
bandwidthUtilUp: 0.01460743083486348
bandwidthUtilDown: 0.008882975598054602
Avg # of unsent chunk for max-retries: 0.008333333333333333
Min # of unsent chunk for max-retries: 0.0
Max # of unsent chunk for max-retries: 1.0
Avg # of unsent chunk-reqs for max-retries: 0.0
Min # of unsent chunk-reqs for max-retries: 0.0
Max # of unsent chunk-reqs for max-retries: 0.0
Avg % of chunks received by Pastry: 4.916666666666667
Min % of chunks received by Pastry: 0.0
Max % of chunks received by Pastry: 13.0
StD of chunks received by Pastry: 2.809298286537956
Var of chunks received by Pastry: 7.892156862745095
Avg % of chunks received by StarStream: 94.08333333333333
Min % of chunks received by StarStream: 86.0
Max % of chunks received by StarStream: 99.0
StD of chunks received by StarStream: 2.8092982865382465
Var of chunks received by StarStream: 7.892156862746728
[NONMOJO] Startup Delay: 249.625
[MOJO] Startup Delay: 63.0
[MOJO] Latency: 8.618328231292514
Min of perceived avg chunk delivery-time: 7.52
Max of perceived avg chunk delivery-time: 10.47
Variance of perceived avg chunk delivery-time: 0.37027257500967664
StD of perceived avg chunk delivery-time: 0.6085002670580159
Avg messages sent per node: 6934.85
Min messages sent per node: 4577.0
Max messages sent per node: 10381.0
Variance of messages sent per node: 2176873.691596632
StD of messages sent per node: 1475.4232245686767
Nodes with incomplete playbacks: 117
[MOJO] Continuity Index: 45.96666666666667
[MOJO] Packet Loss: 54.03333333333333
Min % of not played chunks: 0.0
Max % of not played chunks: 99.0
Not played chunks [chunk-id/nodes]: {1=63, 2=63, 3=67, 4=63, 5=61, 6=58, 7=66, 8=62, 9=68, 10=65, 11=61, 12=64, 13=73, 14=68, 15=68, 17=55, 16=63, 19=57, 18=59, 21=76, 20=72, 23=63, 22=68, 25=62, 24=58, 27=62, 26=69, 29=64, 28=65, 31=61, 30=72, 34=64, 35=68, 32=66, 33=62, 38=68, 39=77, 36=64, 37=66, 42=75, 43=71, 40=70, 41=64, 46=57, 47=62, 44=69, 45=79, 51=67, 50=69, 49=55, 48=64, 55=62, 54=67, 53=63, 52=70, 59=76, 58=63, 57=62, 56=65, 63=66, 62=67, 61=72, 60=55, 68=62, 69=67, 70=61, 71=75, 64=76, 65=62, 66=69, 67=69, 76=61, 77=72, 78=69, 79=70, 72=59, 73=66, 74=66, 75=58, 85=68, 84=64, 87=61, 86=65, 81=68, 80=66, 83=71, 82=58, 93=71, 92=62, 95=69, 94=61, 89=62, 88=60, 91=70, 90=60, 98=69, 99=57, 96=77, 97=62}
Avg distance between not played chunks: 2.897842505709056
Min distance between not played chunks: 1.0
Max distance between not played chunks: 21.75

HELPING PEERS LOG

[HELPING] Active nodes: 60
[HELPING] Started playbacks: 60
[HELPING] Not started playbacks node-ids: []
[HELPING] Playbacks time-window: 288
[HELPING] Missing chunks distribution [missed-chunks/nodes]: {0=59, 1=1}
[HELPING] Rejected chunks for ttl expiration [chunk-id/nodes]: 1 {0=7}
[HELPING] Rejected chunks for capacity limit [chunk-id/nodes]: 0 {}
[HELPING] bandwidthUtilUp: 0.014418101534348615
[HELPING] bandwidthUtilDown: 0.008367174034122939
[HELPING] Avg # of unsent chunk for max-retries: 0.016666666666666666
[HELPING] Min # of unsent chunk for max-retries: 0.0
[HELPING] Max # of unsent chunk for max-retries: 1.0
[HELPING] Avg # of unsent chunk-reqs for max-retries: 0.0
[HELPING] Min # of unsent chunk-reqs for max-retries: 0.0
[HELPING] Max # of unsent chunk-reqs for max-retries: 0.0
[HELPING] Avg % of chunks received by Pastry: 4.016666666666667
[HELPING] Min % of chunks received by Pastry: 0.0
[HELPING] Max % of chunks received by Pastry: 9.0
[HELPING] StD of chunks received by Pastry: 2.8012809822013462
[HELPING] Var of chunks received by Pastry: 7.847175141242938
[HELPING] Avg % of chunks received by StarStream: 95.06666666666666
[HELPING] Min % of chunks received by StarStream: 90.0
[HELPING] Max % of chunks received by StarStream: 100.0
[HELPING] StD of chunks received by StarStream: 2.9335387704126754
[HELPING] Var of chunks received by StarStream: 8.605649717514313
[HELPING] Startup Delay: 277.18333333333334
[HELPING] Latency: 9.036830061254951
[HELPING] Min of perceived avg chunk delivery-time: 7.8
[HELPING] Max of perceived avg chunk delivery-time: 14.206185567010309
[HELPING] Variance of perceived avg chunk delivery-time: 0.9234459288181227
[HELPING] StD of perceived avg chunk delivery-time: 0.9609609403186598
[HELPING] Avg messages sent per node: 7011.55
[HELPING] Min messages sent per node: 4174.0
[HELPING] Max messages sent per node: 10349.0
[HELPING] Variance of messages sent per node: 1911968.3872881304
[HELPING] StD of messages sent per node: 1382.7394502537816
[HELPING] Nodes with incomplete playbacks: 49
[HELPING] Packet Loss: 36.266666666666666
[HELPING] Min % of not played chunks: 0.0
[HELPING] Max % of not played chunks: 99.0
[HELPING] Not played chunks [chunk-id/nodes]: {1=29, 2=31, 3=22, 4=21, 5=23, 6=19, 7=17, 8=17, 9=22, 10=21, 11=19, 12=23, 13=23, 14=18, 15=19, 17=25, 16=19, 19=20, 18=23, 21=23, 20=22, 23=24, 22=20, 25=24, 24=21, 27=18, 26=23, 29=21, 28=25, 31=21, 30=20, 34=18, 35=21, 32=28, 33=21, 38=21, 39=22, 36=20, 37=19, 42=22, 43=21, 40=24, 41=24, 46=20, 47=19, 44=21, 45=27, 51=19, 50=17, 49=18, 48=22, 55=18, 54=24, 53=23, 52=24, 59=31, 58=25, 57=23, 56=25, 63=19, 62=22, 61=20, 60=20, 68=22, 69=18, 70=19, 71=27, 64=24, 65=22, 66=24, 67=22, 76=20, 77=26, 78=18, 79=19, 72=19, 73=22, 74=27, 75=20, 85=23, 84=24, 87=25, 86=19, 81=22, 80=22, 83=29, 82=24, 93=22, 92=21, 95=20, 94=19, 89=25, 88=25, 91=25, 90=19, 98=26, 99=20, 96=23, 97=23}
[HELPING] Avg distance between not played chunks: 3.4598588021762735
[HELPING] Min distance between not played chunks: 1.0
[HELPING] Max distance between not played chunks: 18.333333333333332

