Total chunks: 100
Nodes x chunk: 18
Total nodes: 120
Active nodes: 120
Started playbacks: 120
Not started playbacks node-ids: []
Playbacks time-window: 289
Missing chunks distribution [missed-chunks/nodes]: {0=114, 1=4, 3=1, 4=1}
Rejected chunks for ttl expiration [chunk-id/nodes]: 3 {2=4, 3=2, 4=2}
Rejected chunks for capacity limit [chunk-id/nodes]: 0 {}
bandwidthUtilUp: 0.011933107615064236
bandwidthUtilDown: 0.007581251108008359
Avg # of unsent chunk for max-retries: 0.0
Min # of unsent chunk for max-retries: 0.0
Max # of unsent chunk for max-retries: 0.0
Avg # of unsent chunk-reqs for max-retries: 0.0
Min # of unsent chunk-reqs for max-retries: 0.0
Max # of unsent chunk-reqs for max-retries: 0.0
Avg % of chunks received by Pastry: 8.5
Min % of chunks received by Pastry: 0.0
Max % of chunks received by Pastry: 17.0
StD of chunks received by Pastry: 3.6667939881128446
Var of chunks received by Pastry: 13.445378151260499
Avg % of chunks received by StarStream: 90.55833333333334
Min % of chunks received by StarStream: 82.0
Max % of chunks received by StarStream: 100.0
StD of chunks received by StarStream: 3.781413708635031
Var of chunks received by StarStream: 14.299089635852939
[NONMOJO] Startup Delay: 156.675
[MOJO] Startup Delay: 83.3
[MOJO] Latency: 8.988762791011164
Min of perceived avg chunk delivery-time: 6.98
Max of perceived avg chunk delivery-time: 12.958762886597938
Variance of perceived avg chunk delivery-time: 1.0067801349975836
StD of perceived avg chunk delivery-time: 1.0033843406180822
Avg messages sent per node: 3343.0
Min messages sent per node: 1691.0
Max messages sent per node: 7669.0
Variance of messages sent per node: 1737836.5378151257
StD of messages sent per node: 1318.2702825350823
Nodes with incomplete playbacks: 93
[MOJO] Continuity Index: 64.96666666666667
[MOJO] Packet Loss: 35.03333333333333
Min % of not played chunks: 0.0
Max % of not played chunks: 99.0
Not played chunks [chunk-id/nodes]: {1=53, 2=48, 3=47, 4=43, 5=47, 6=35, 7=39, 8=39, 9=43, 10=35, 11=41, 12=36, 13=40, 14=44, 15=38, 17=42, 16=41, 19=45, 18=40, 21=48, 20=39, 23=41, 22=43, 25=45, 24=43, 27=44, 26=38, 29=39, 28=34, 31=43, 30=35, 34=37, 35=34, 32=47, 33=50, 38=45, 39=47, 36=40, 37=40, 42=52, 43=44, 40=53, 41=45, 46=42, 47=45, 44=42, 45=46, 51=45, 50=37, 49=42, 48=37, 55=46, 54=47, 53=42, 52=42, 59=36, 58=38, 57=42, 56=43, 63=43, 62=46, 61=48, 60=42, 68=47, 69=41, 70=39, 71=37, 64=48, 65=47, 66=43, 67=48, 76=42, 77=40, 78=42, 79=41, 72=46, 73=41, 74=42, 75=48, 85=45, 84=37, 87=36, 86=46, 81=44, 80=44, 83=44, 82=37, 93=44, 92=41, 95=39, 94=40, 89=43, 88=47, 91=47, 90=40, 98=36, 99=42, 96=39, 97=48}
Avg distance between not played chunks: 3.3698690603763635
Min distance between not played chunks: 1.0
Max distance between not played chunks: 35.0

HELPING PEERS LOG

[HELPING] Active nodes: 0
[HELPING] Started playbacks: 0
[HELPING] Not started playbacks node-ids: []
[HELPING] Playbacks time-window: -9223372036854775807
[HELPING] Missing chunks distribution [missed-chunks/nodes]: {}
[HELPING] Rejected chunks for ttl expiration [chunk-id/nodes]: 0 {}
[HELPING] Rejected chunks for capacity limit [chunk-id/nodes]: 0 {}
[HELPING] bandwidthUtilUp: NaN
[HELPING] bandwidthUtilDown: NaN
[HELPING] Avg # of unsent chunk for max-retries: NaN
[HELPING] Min # of unsent chunk for max-retries: Infinity
[HELPING] Max # of unsent chunk for max-retries: -Infinity
[HELPING] Avg # of unsent chunk-reqs for max-retries: NaN
[HELPING] Min # of unsent chunk-reqs for max-retries: Infinity
[HELPING] Max # of unsent chunk-reqs for max-retries: -Infinity
[HELPING] Avg % of chunks received by Pastry: NaN
[HELPING] Min % of chunks received by Pastry: Infinity
[HELPING] Max % of chunks received by Pastry: -Infinity
[HELPING] StD of chunks received by Pastry: 0.0
[HELPING] Var of chunks received by Pastry: 0.0
[HELPING] Avg % of chunks received by StarStream: NaN
[HELPING] Min % of chunks received by StarStream: Infinity
[HELPING] Max % of chunks received by StarStream: -Infinity
[HELPING] StD of chunks received by StarStream: 0.0
[HELPING] Var of chunks received by StarStream: 0.0
[HELPING] Latency: NaN
[HELPING] Min of perceived avg chunk delivery-time: Infinity
[HELPING] Max of perceived avg chunk delivery-time: -Infinity
[HELPING] Variance of perceived avg chunk delivery-time: 0.0
[HELPING] StD of perceived avg chunk delivery-time: 0.0
[HELPING] Avg messages sent per node: NaN
[HELPING] Min messages sent per node: Infinity
[HELPING] Max messages sent per node: -Infinity
[HELPING] Variance of messages sent per node: 0.0
[HELPING] StD of messages sent per node: 0.0
[HELPING] Nodes with incomplete playbacks: 0
[HELPING] Packet Loss: NaN
[HELPING] Min % of not played chunks: Infinity
[HELPING] Max % of not played chunks: -Infinity
[HELPING] Not played chunks [chunk-id/nodes]: {}
[HELPING] Avg distance between not played chunks: NaN
[HELPING] Min distance between not played chunks: Infinity
[HELPING] Max distance between not played chunks: -Infinity

