Total chunks: 100
Nodes x chunk: 18
Total nodes: 240
Active nodes: 120
Started playbacks: 120
Not started playbacks node-ids: []
Playbacks time-window: 24
Missing chunks distribution [missed-chunks/nodes]: {0=120}
Rejected chunks for ttl expiration [chunk-id/nodes]: 0 {}
Rejected chunks for capacity limit [chunk-id/nodes]: 0 {}
bandwidthUtilUp: 0.015063018687905232
bandwidthUtilDown: 0.009346028727136404
Avg # of unsent chunk for max-retries: 0.03333333333333333
Min # of unsent chunk for max-retries: 0.0
Max # of unsent chunk for max-retries: 1.0
Avg # of unsent chunk-reqs for max-retries: 0.0
Min # of unsent chunk-reqs for max-retries: 0.0
Max # of unsent chunk-reqs for max-retries: 0.0
Avg % of chunks received by Pastry: 5.891666666666667
Min % of chunks received by Pastry: 0.0
Max % of chunks received by Pastry: 13.0
StD of chunks received by Pastry: 2.857382693015014
Var of chunks received by Pastry: 8.164635854341736
Avg % of chunks received by StarStream: 93.10833333333333
Min % of chunks received by StarStream: 86.0
Max % of chunks received by StarStream: 99.0
StD of chunks received by StarStream: 2.857382693014983
Var of chunks received by StarStream: 8.164635854341556
[NONMOJO] Startup Delay: 370.01666666666665
[MOJO] Startup Delay: 152.3
[MOJO] Latency: 9.750833333333334
Min of perceived avg chunk delivery-time: 8.37
Max of perceived avg chunk delivery-time: 11.21
Variance of perceived avg chunk delivery-time: 0.29420434173668597
StD of perceived avg chunk delivery-time: 0.5424060672012122
Avg messages sent per node: 7228.783333333334
Min messages sent per node: 4123.0
Max messages sent per node: 10905.0
Variance of messages sent per node: 2467748.2047618986
StD of messages sent per node: 1570.906809700021
Nodes with incomplete playbacks: 119
[MOJO] Continuity Index: 47.90833333333333
[MOJO] Packet Loss: 52.09166666666667
Min % of not played chunks: 0.0
Max % of not played chunks: 99.0
Not played chunks [chunk-id/nodes]: {1=65, 2=72, 3=66, 4=55, 5=62, 6=65, 7=60, 8=54, 9=78, 10=56, 11=52, 12=62, 13=66, 14=62, 15=67, 17=59, 16=63, 19=61, 18=58, 21=73, 20=55, 23=62, 22=62, 25=66, 24=67, 27=68, 26=69, 29=60, 28=72, 31=62, 30=58, 34=75, 35=64, 32=54, 33=67, 38=58, 39=64, 36=59, 37=59, 42=67, 43=57, 40=55, 41=59, 46=62, 47=71, 44=63, 45=69, 51=67, 50=69, 49=63, 48=61, 55=67, 54=67, 53=65, 52=64, 59=57, 58=66, 57=55, 56=62, 63=73, 62=52, 61=64, 60=71, 68=55, 69=66, 70=61, 71=64, 64=60, 65=59, 66=68, 67=68, 76=69, 77=67, 78=71, 79=65, 72=52, 73=64, 74=65, 75=48, 85=67, 84=65, 87=58, 86=61, 81=57, 80=73, 83=60, 82=64, 93=56, 92=66, 95=65, 94=56, 89=61, 88=66, 91=68, 90=60, 98=60, 99=71, 96=72, 97=60}
Avg distance between not played chunks: 3.5001535947865356
Min distance between not played chunks: 1.0
Max distance between not played chunks: 34.0

HELPING PEERS LOG

[HELPING] Active nodes: 120
[HELPING] Started playbacks: 120
[HELPING] Not started playbacks node-ids: []
[HELPING] Playbacks time-window: 217
[HELPING] Missing chunks distribution [missed-chunks/nodes]: {0=120}
[HELPING] Rejected chunks for ttl expiration [chunk-id/nodes]: 1 {0=2}
[HELPING] Rejected chunks for capacity limit [chunk-id/nodes]: 0 {}
[HELPING] bandwidthUtilUp: 0.015129012281340741
[HELPING] bandwidthUtilDown: 0.009065356172783486
[HELPING] Avg # of unsent chunk for max-retries: 0.0
[HELPING] Min # of unsent chunk for max-retries: 0.0
[HELPING] Max # of unsent chunk for max-retries: 0.0
[HELPING] Avg # of unsent chunk-reqs for max-retries: 0.0
[HELPING] Min # of unsent chunk-reqs for max-retries: 0.0
[HELPING] Max # of unsent chunk-reqs for max-retries: 0.0
[HELPING] Avg % of chunks received by Pastry: 4.833333333333333
[HELPING] Min % of chunks received by Pastry: 0.0
[HELPING] Max % of chunks received by Pastry: 11.0
[HELPING] StD of chunks received by Pastry: 2.3775325580159303
[HELPING] Var of chunks received by Pastry: 5.652661064425772
[HELPING] Avg % of chunks received by StarStream: 94.19166666666666
[HELPING] Min % of chunks received by StarStream: 88.0
[HELPING] Max % of chunks received by StarStream: 100.0
[HELPING] StD of chunks received by StarStream: 2.433297839425217
[HELPING] Var of chunks received by StarStream: 5.920938375351428
[HELPING] Startup Delay: 380.7583333333333
[HELPING] Latency: 10.028439603270234
[HELPING] Min of perceived avg chunk delivery-time: 8.41
[HELPING] Max of perceived avg chunk delivery-time: 13.418367346938776
[HELPING] Variance of perceived avg chunk delivery-time: 0.550556674510409
[HELPING] StD of perceived avg chunk delivery-time: 0.7419950636698394
[HELPING] Avg messages sent per node: 7332.858333333334
[HELPING] Min messages sent per node: 4619.0
[HELPING] Max messages sent per node: 10653.0
[HELPING] Variance of messages sent per node: 2345257.3831232456
[HELPING] StD of messages sent per node: 1531.4233193742498
[HELPING] Nodes with incomplete playbacks: 113
[HELPING] Packet Loss: 49.15
[HELPING] Min % of not played chunks: 0.0
[HELPING] Max % of not played chunks: 99.0
[HELPING] Not played chunks [chunk-id/nodes]: {1=69, 2=62, 3=58, 4=59, 5=61, 6=60, 7=53, 8=51, 9=60, 10=55, 11=55, 12=65, 13=59, 14=61, 15=57, 17=65, 16=57, 19=61, 18=64, 21=74, 20=51, 23=59, 22=65, 25=54, 24=63, 27=65, 26=60, 29=61, 28=60, 31=55, 30=61, 34=61, 35=60, 32=60, 33=66, 38=54, 39=54, 36=58, 37=57, 42=64, 43=57, 40=46, 41=59, 46=57, 47=58, 44=61, 45=63, 51=56, 50=59, 49=62, 48=54, 55=65, 54=59, 53=63, 52=58, 59=55, 58=64, 57=52, 56=59, 63=59, 62=63, 61=64, 60=64, 68=50, 69=66, 70=56, 71=59, 64=56, 65=57, 66=58, 67=58, 76=62, 77=68, 78=59, 79=63, 72=51, 73=55, 74=63, 75=54, 85=66, 84=61, 87=55, 86=61, 81=58, 80=62, 83=63, 82=60, 93=59, 92=61, 95=58, 94=56, 89=64, 88=61, 91=63, 90=58, 98=61, 99=64, 96=57, 97=64}
[HELPING] Avg distance between not played chunks: 3.8949659215523704
[HELPING] Min distance between not played chunks: 1.0
[HELPING] Max distance between not played chunks: 84.0

