Total chunks: 100
Nodes x chunk: 18
Total nodes: 120
Active nodes: 120
Started playbacks: 120
Not started playbacks node-ids: []
Playbacks time-window: 179
Missing chunks distribution [missed-chunks/nodes]: {0=120}
Rejected chunks for ttl expiration [chunk-id/nodes]: 0 {}
Rejected chunks for capacity limit [chunk-id/nodes]: 0 {}
bandwidthUtilUp: 0.013211782791212991
bandwidthUtilDown: 0.008547928329318034
Avg # of unsent chunk for max-retries: 0.0
Min # of unsent chunk for max-retries: 0.0
Max # of unsent chunk for max-retries: 0.0
Avg # of unsent chunk-reqs for max-retries: 0.0
Min # of unsent chunk-reqs for max-retries: 0.0
Max # of unsent chunk-reqs for max-retries: 0.0
Avg % of chunks received by Pastry: 5.808333333333334
Min % of chunks received by Pastry: 0.0
Max % of chunks received by Pastry: 14.0
StD of chunks received by Pastry: 3.1013573426722005
Var of chunks received by Pastry: 9.618417366946774
Avg % of chunks received by StarStream: 93.25
Min % of chunks received by StarStream: 85.0
Max % of chunks received by StarStream: 100.0
StD of chunks received by StarStream: 3.2130249628292606
Var of chunks received by StarStream: 10.323529411763971
[NONMOJO] Startup Delay: 149.25833333333333
[MOJO] Startup Delay: 91.8
[MOJO] Latency: 8.039530178529809
Min of perceived avg chunk delivery-time: 5.61
Max of perceived avg chunk delivery-time: 9.88888888888889
Variance of perceived avg chunk delivery-time: 0.6485348694892661
StD of perceived avg chunk delivery-time: 0.8053166268550936
Avg messages sent per node: 4960.575
Min messages sent per node: 1924.0
Max messages sent per node: 9140.0
Variance of messages sent per node: 3296583.137184876
StD of messages sent per node: 1815.649508353657
Nodes with incomplete playbacks: 90
[MOJO] Continuity Index: 63.15833333333333
[MOJO] Packet Loss: 36.84166666666667
Min % of not played chunks: 0.0
Max % of not played chunks: 99.0
Not played chunks [chunk-id/nodes]: {1=52, 2=42, 3=52, 4=48, 5=46, 6=32, 7=49, 8=45, 9=49, 10=45, 11=47, 12=45, 13=39, 14=42, 15=47, 17=44, 16=49, 19=45, 18=46, 21=45, 20=46, 23=48, 22=47, 25=47, 24=47, 27=38, 26=46, 29=46, 28=45, 31=41, 30=37, 34=44, 35=45, 32=46, 33=43, 38=50, 39=36, 36=46, 37=39, 42=48, 43=39, 40=48, 41=39, 46=50, 47=51, 44=43, 45=52, 51=45, 50=38, 49=40, 48=50, 55=45, 54=42, 53=50, 52=46, 59=45, 58=46, 57=42, 56=47, 63=47, 62=45, 61=46, 60=52, 68=43, 69=51, 70=44, 71=48, 64=47, 65=42, 66=42, 67=44, 76=43, 77=49, 78=48, 79=40, 72=43, 73=45, 74=45, 75=44, 85=47, 84=37, 87=50, 86=38, 81=52, 80=39, 83=44, 82=42, 93=43, 92=45, 95=43, 94=44, 89=45, 88=40, 91=43, 90=45, 98=39, 99=38, 96=49, 97=38}
Avg distance between not played chunks: 3.1302332845861702
Min distance between not played chunks: 1.0
Max distance between not played chunks: 40.0

HELPING PEERS LOG

[HELPING] Active nodes: 0
[HELPING] Started playbacks: 0
[HELPING] Not started playbacks node-ids: []
[HELPING] Playbacks time-window: -9223372036854775807
[HELPING] Missing chunks distribution [missed-chunks/nodes]: {}
[HELPING] Rejected chunks for ttl expiration [chunk-id/nodes]: 0 {}
[HELPING] Rejected chunks for capacity limit [chunk-id/nodes]: 0 {}
[HELPING] bandwidthUtilUp: NaN
[HELPING] bandwidthUtilDown: NaN
[HELPING] Avg # of unsent chunk for max-retries: NaN
[HELPING] Min # of unsent chunk for max-retries: Infinity
[HELPING] Max # of unsent chunk for max-retries: -Infinity
[HELPING] Avg # of unsent chunk-reqs for max-retries: NaN
[HELPING] Min # of unsent chunk-reqs for max-retries: Infinity
[HELPING] Max # of unsent chunk-reqs for max-retries: -Infinity
[HELPING] Avg % of chunks received by Pastry: NaN
[HELPING] Min % of chunks received by Pastry: Infinity
[HELPING] Max % of chunks received by Pastry: -Infinity
[HELPING] StD of chunks received by Pastry: 0.0
[HELPING] Var of chunks received by Pastry: 0.0
[HELPING] Avg % of chunks received by StarStream: NaN
[HELPING] Min % of chunks received by StarStream: Infinity
[HELPING] Max % of chunks received by StarStream: -Infinity
[HELPING] StD of chunks received by StarStream: 0.0
[HELPING] Var of chunks received by StarStream: 0.0
[HELPING] Latency: NaN
[HELPING] Min of perceived avg chunk delivery-time: Infinity
[HELPING] Max of perceived avg chunk delivery-time: -Infinity
[HELPING] Variance of perceived avg chunk delivery-time: 0.0
[HELPING] StD of perceived avg chunk delivery-time: 0.0
[HELPING] Avg messages sent per node: NaN
[HELPING] Min messages sent per node: Infinity
[HELPING] Max messages sent per node: -Infinity
[HELPING] Variance of messages sent per node: 0.0
[HELPING] StD of messages sent per node: 0.0
[HELPING] Nodes with incomplete playbacks: 0
[HELPING] Packet Loss: NaN
[HELPING] Min % of not played chunks: Infinity
[HELPING] Max % of not played chunks: -Infinity
[HELPING] Not played chunks [chunk-id/nodes]: {}
[HELPING] Avg distance between not played chunks: NaN
[HELPING] Min distance between not played chunks: Infinity
[HELPING] Max distance between not played chunks: -Infinity

