Total chunks: 100
Nodes x chunk: 18
Total nodes: 120
Active nodes: 120
Started playbacks: 120
Not started playbacks node-ids: []
Playbacks time-window: 341
Missing chunks distribution [missed-chunks/nodes]: {0=118, 3=1, 4=1}
Rejected chunks for ttl expiration [chunk-id/nodes]: 4 {0=2, 3=1, 4=1, 5=1}
Rejected chunks for capacity limit [chunk-id/nodes]: 0 {}
bandwidthUtilUp: 0.013791226872798905
bandwidthUtilDown: 0.00867276644003876
Avg # of unsent chunk for max-retries: 0.0
Min # of unsent chunk for max-retries: 0.0
Max # of unsent chunk for max-retries: 0.0
Avg # of unsent chunk-reqs for max-retries: 0.0
Min # of unsent chunk-reqs for max-retries: 0.0
Max # of unsent chunk-reqs for max-retries: 0.0
Avg % of chunks received by Pastry: 4.35
Min % of chunks received by Pastry: 0.0
Max % of chunks received by Pastry: 13.0
StD of chunks received by Pastry: 3.190453196120993
Var of chunks received by Pastry: 10.178991596638658
Avg % of chunks received by StarStream: 94.7
Min % of chunks received by StarStream: 86.0
Max % of chunks received by StarStream: 100.0
StD of chunks received by StarStream: 3.265814786310858
Var of chunks received by StarStream: 10.665546218486636
[NONMOJO] Startup Delay: 152.45
[MOJO] Startup Delay: 59.0
[MOJO] Latency: 7.850932570384698
Min of perceived avg chunk delivery-time: 6.49
Max of perceived avg chunk delivery-time: 10.443298969072165
Variance of perceived avg chunk delivery-time: 0.5605517080209236
StD of perceived avg chunk delivery-time: 0.7487000120348093
Avg messages sent per node: 5961.883333333333
Min messages sent per node: 2138.0
Max messages sent per node: 10185.0
Variance of messages sent per node: 3522577.76778712
StD of messages sent per node: 1876.8531556270245
Nodes with incomplete playbacks: 94
[MOJO] Continuity Index: 60.725
[MOJO] Packet Loss: 39.275
Min % of not played chunks: 0.0
Max % of not played chunks: 99.0
Not played chunks [chunk-id/nodes]: {1=67, 2=51, 3=51, 4=51, 5=51, 6=36, 7=44, 8=41, 9=48, 10=52, 11=43, 12=43, 13=46, 14=45, 15=38, 17=39, 16=50, 19=53, 18=49, 21=47, 20=51, 23=42, 22=47, 25=43, 24=47, 27=41, 26=53, 29=47, 28=42, 31=43, 30=50, 34=49, 35=46, 32=45, 33=41, 38=46, 39=47, 36=48, 37=48, 42=53, 43=47, 40=46, 41=42, 46=43, 47=49, 44=54, 45=45, 51=50, 50=42, 49=45, 48=41, 55=46, 54=56, 53=50, 52=47, 59=48, 58=44, 57=48, 56=48, 63=51, 62=53, 61=53, 60=57, 68=51, 69=54, 70=44, 71=45, 64=50, 65=49, 66=50, 67=51, 76=47, 77=45, 78=50, 79=45, 72=47, 73=46, 74=49, 75=45, 85=40, 84=53, 87=45, 86=46, 81=46, 80=45, 83=49, 82=56, 93=44, 92=56, 95=51, 94=48, 89=46, 88=47, 91=47, 90=43, 98=51, 99=55, 96=49, 97=49}
Avg distance between not played chunks: 3.1292316393101802
Min distance between not played chunks: 1.0
Max distance between not played chunks: 32.0

HELPING PEERS LOG

[HELPING] Active nodes: 0
[HELPING] Started playbacks: 0
[HELPING] Not started playbacks node-ids: []
[HELPING] Playbacks time-window: -9223372036854775807
[HELPING] Missing chunks distribution [missed-chunks/nodes]: {}
[HELPING] Rejected chunks for ttl expiration [chunk-id/nodes]: 0 {}
[HELPING] Rejected chunks for capacity limit [chunk-id/nodes]: 0 {}
[HELPING] bandwidthUtilUp: NaN
[HELPING] bandwidthUtilDown: NaN
[HELPING] Avg # of unsent chunk for max-retries: NaN
[HELPING] Min # of unsent chunk for max-retries: Infinity
[HELPING] Max # of unsent chunk for max-retries: -Infinity
[HELPING] Avg # of unsent chunk-reqs for max-retries: NaN
[HELPING] Min # of unsent chunk-reqs for max-retries: Infinity
[HELPING] Max # of unsent chunk-reqs for max-retries: -Infinity
[HELPING] Avg % of chunks received by Pastry: NaN
[HELPING] Min % of chunks received by Pastry: Infinity
[HELPING] Max % of chunks received by Pastry: -Infinity
[HELPING] StD of chunks received by Pastry: 0.0
[HELPING] Var of chunks received by Pastry: 0.0
[HELPING] Avg % of chunks received by StarStream: NaN
[HELPING] Min % of chunks received by StarStream: Infinity
[HELPING] Max % of chunks received by StarStream: -Infinity
[HELPING] StD of chunks received by StarStream: 0.0
[HELPING] Var of chunks received by StarStream: 0.0
[HELPING] Latency: NaN
[HELPING] Min of perceived avg chunk delivery-time: Infinity
[HELPING] Max of perceived avg chunk delivery-time: -Infinity
[HELPING] Variance of perceived avg chunk delivery-time: 0.0
[HELPING] StD of perceived avg chunk delivery-time: 0.0
[HELPING] Avg messages sent per node: NaN
[HELPING] Min messages sent per node: Infinity
[HELPING] Max messages sent per node: -Infinity
[HELPING] Variance of messages sent per node: 0.0
[HELPING] StD of messages sent per node: 0.0
[HELPING] Nodes with incomplete playbacks: 0
[HELPING] Packet Loss: NaN
[HELPING] Min % of not played chunks: Infinity
[HELPING] Max % of not played chunks: -Infinity
[HELPING] Not played chunks [chunk-id/nodes]: {}
[HELPING] Avg distance between not played chunks: NaN
[HELPING] Min distance between not played chunks: Infinity
[HELPING] Max distance between not played chunks: -Infinity

