Total chunks: 100
Nodes x chunk: 18
Total nodes: 132
Active nodes: 120
Started playbacks: 120
Not started playbacks node-ids: []
Playbacks time-window: 219
Missing chunks distribution [missed-chunks/nodes]: {0=120}
Rejected chunks for ttl expiration [chunk-id/nodes]: 1 {0=3}
Rejected chunks for capacity limit [chunk-id/nodes]: 0 {}
bandwidthUtilUp: 0.01426044313051006
bandwidthUtilDown: 0.008530718284413917
Avg # of unsent chunk for max-retries: 0.0
Min # of unsent chunk for max-retries: 0.0
Max # of unsent chunk for max-retries: 0.0
Avg # of unsent chunk-reqs for max-retries: 0.0
Min # of unsent chunk-reqs for max-retries: 0.0
Max # of unsent chunk-reqs for max-retries: 0.0
Avg % of chunks received by Pastry: 5.125
Min % of chunks received by Pastry: 0.0
Max % of chunks received by Pastry: 15.0
StD of chunks received by Pastry: 3.2862394538285185
Var of chunks received by Pastry: 10.79936974789916
Avg % of chunks received by StarStream: 93.9
Min % of chunks received by StarStream: 84.0
Max % of chunks received by StarStream: 100.0
StD of chunks received by StarStream: 3.3036776044711553
Var of chunks received by StarStream: 10.91428571428427
[NONMOJO] Startup Delay: 164.95833333333334
[MOJO] Startup Delay: 74.4
[MOJO] Latency: 7.792294203873366
Min of perceived avg chunk delivery-time: 6.2
Max of perceived avg chunk delivery-time: 10.642857142857142
Variance of perceived avg chunk delivery-time: 0.5346303776218424
StD of perceived avg chunk delivery-time: 0.7311842296041692
Avg messages sent per node: 6909.55
Min messages sent per node: 4022.0
Max messages sent per node: 10827.0
Variance of messages sent per node: 2331329.3924369756
StD of messages sent per node: 1526.869147123281
Nodes with incomplete playbacks: 103
[MOJO] Continuity Index: 53.825
[MOJO] Packet Loss: 46.175
Min % of not played chunks: 0.0
Max % of not played chunks: 99.0
Not played chunks [chunk-id/nodes]: {1=60, 2=62, 3=58, 4=59, 5=63, 6=47, 7=58, 8=52, 9=49, 10=53, 11=59, 12=47, 13=56, 14=55, 15=59, 17=56, 16=60, 19=54, 18=57, 21=57, 20=59, 23=54, 22=53, 25=54, 24=60, 27=61, 26=56, 29=59, 28=60, 31=62, 30=51, 34=54, 35=54, 32=59, 33=65, 38=59, 39=51, 36=51, 37=56, 42=51, 43=50, 40=56, 41=52, 46=56, 47=50, 44=63, 45=62, 51=57, 50=56, 49=50, 48=55, 55=59, 54=47, 53=54, 52=51, 59=62, 58=58, 57=53, 56=53, 63=56, 62=52, 61=55, 60=55, 68=58, 69=61, 70=58, 71=54, 64=60, 65=60, 66=60, 67=57, 76=59, 77=56, 78=57, 79=58, 72=57, 73=50, 74=50, 75=59, 85=57, 84=52, 87=57, 86=61, 81=48, 80=54, 83=61, 82=53, 93=56, 92=57, 95=56, 94=49, 89=56, 88=58, 91=61, 90=58, 98=57, 99=54, 96=52, 97=58}
Avg distance between not played chunks: 2.405908042368921
Min distance between not played chunks: 1.0
Max distance between not played chunks: 13.6

HELPING PEERS LOG

[HELPING] Active nodes: 12
[HELPING] Started playbacks: 12
[HELPING] Not started playbacks node-ids: []
[HELPING] Playbacks time-window: 219
[HELPING] Missing chunks distribution [missed-chunks/nodes]: {0=12}
[HELPING] Rejected chunks for ttl expiration [chunk-id/nodes]: 1 {0=2}
[HELPING] Rejected chunks for capacity limit [chunk-id/nodes]: 0 {}
[HELPING] bandwidthUtilUp: 0.014039971666715403
[HELPING] bandwidthUtilDown: 0.00876185816504623
[HELPING] Avg # of unsent chunk for max-retries: 0.0
[HELPING] Min # of unsent chunk for max-retries: 0.0
[HELPING] Max # of unsent chunk for max-retries: 0.0
[HELPING] Avg # of unsent chunk-reqs for max-retries: 0.0
[HELPING] Min # of unsent chunk-reqs for max-retries: 0.0
[HELPING] Max # of unsent chunk-reqs for max-retries: 0.0
[HELPING] Avg % of chunks received by Pastry: 3.0833333333333335
[HELPING] Min % of chunks received by Pastry: 0.0
[HELPING] Max % of chunks received by Pastry: 6.0
[HELPING] StD of chunks received by Pastry: 2.3532698077098573
[HELPING] Var of chunks received by Pastry: 5.537878787878788
[HELPING] Avg % of chunks received by StarStream: 96.08333333333333
[HELPING] Min % of chunks received by StarStream: 93.0
[HELPING] Max % of chunks received by StarStream: 100.0
[HELPING] StD of chunks received by StarStream: 2.6097137890211566
[HELPING] Var of chunks received by StarStream: 6.810606060607163
[HELPING] Startup Delay: 199.16666666666666
[HELPING] Latency: 8.025526137665313
[HELPING] Min of perceived avg chunk delivery-time: 6.4
[HELPING] Max of perceived avg chunk delivery-time: 10.206185567010309
[HELPING] Variance of perceived avg chunk delivery-time: 0.9488083777929845
[HELPING] StD of perceived avg chunk delivery-time: 0.9740679533754226
[HELPING] Avg messages sent per node: 6022.25
[HELPING] Min messages sent per node: 4311.0
[HELPING] Max messages sent per node: 8478.0
[HELPING] Variance of messages sent per node: 2095495.4772727245
[HELPING] StD of messages sent per node: 1447.5826322779383
[HELPING] Nodes with incomplete playbacks: 8
[HELPING] Packet Loss: 22.25
[HELPING] Min % of not played chunks: 0.0
[HELPING] Max % of not played chunks: 99.0
[HELPING] Not played chunks [chunk-id/nodes]: {1=5, 2=4, 3=4, 4=2, 5=2, 6=2, 7=3, 8=2, 9=2, 10=2, 11=2, 12=2, 13=2, 14=3, 15=3, 17=3, 16=2, 19=3, 18=2, 21=2, 20=2, 23=2, 22=2, 25=2, 24=3, 27=3, 26=2, 29=4, 28=2, 31=3, 30=2, 34=3, 35=2, 32=3, 33=4, 38=2, 39=3, 36=2, 37=2, 42=2, 43=2, 40=2, 41=3, 46=3, 47=4, 44=2, 45=4, 51=3, 50=2, 49=3, 48=3, 55=2, 54=2, 53=3, 52=2, 59=3, 58=2, 57=3, 56=3, 63=3, 62=3, 61=2, 60=4, 68=2, 69=2, 70=4, 71=3, 64=3, 65=2, 66=2, 67=3, 76=4, 77=4, 78=2, 79=2, 72=2, 73=2, 74=4, 75=2, 85=4, 84=3, 87=5, 86=3, 81=3, 80=4, 83=3, 82=2, 93=2, 92=3, 95=4, 94=3, 89=2, 88=3, 91=2, 90=2, 98=3, 99=3, 96=2, 97=3}
[HELPING] Avg distance between not played chunks: 2.6921035518237284
[HELPING] Min distance between not played chunks: 1.0
[HELPING] Max distance between not played chunks: 6.75

