Total chunks: 100
Nodes x chunk: 18
Total nodes: 120
Active nodes: 120
Started playbacks: 120
Not started playbacks node-ids: []
Playbacks time-window: 193
Missing chunks distribution [missed-chunks/nodes]: {0=120}
Rejected chunks for ttl expiration [chunk-id/nodes]: 1 {0=5}
Rejected chunks for capacity limit [chunk-id/nodes]: 0 {}
bandwidthUtilUp: 0.012342979115141322
bandwidthUtilDown: 0.008017028728082153
Avg # of unsent chunk for max-retries: 0.0
Min # of unsent chunk for max-retries: 0.0
Max # of unsent chunk for max-retries: 0.0
Avg # of unsent chunk-reqs for max-retries: 0.0
Min # of unsent chunk-reqs for max-retries: 0.0
Max # of unsent chunk-reqs for max-retries: 0.0
Avg % of chunks received by Pastry: 7.1
Min % of chunks received by Pastry: 0.0
Max % of chunks received by Pastry: 17.0
StD of chunks received by Pastry: 3.3189043448734967
Var of chunks received by Pastry: 11.015126050420173
Avg % of chunks received by StarStream: 91.96666666666667
Min % of chunks received by StarStream: 82.0
Max % of chunks received by StarStream: 100.0
StD of chunks received by StarStream: 3.4126145951967373
Var of chunks received by StarStream: 11.64593837534979
[NONMOJO] Startup Delay: 153.33333333333334
[MOJO] Startup Delay: 73.1
[MOJO] Latency: 8.63517048474081
Min of perceived avg chunk delivery-time: 6.89
Max of perceived avg chunk delivery-time: 11.329896907216495
Variance of perceived avg chunk delivery-time: 0.6830995828842258
StD of perceived avg chunk delivery-time: 0.8264983864982591
Avg messages sent per node: 3736.4083333333333
Min messages sent per node: 1838.0
Max messages sent per node: 8109.0
Variance of messages sent per node: 2193576.159593838
StD of messages sent per node: 1481.0726381895784
Nodes with incomplete playbacks: 95
[MOJO] Continuity Index: 64.61666666666666
[MOJO] Packet Loss: 35.38333333333333
Min % of not played chunks: 0.0
Max % of not played chunks: 99.0
Not played chunks [chunk-id/nodes]: {1=51, 2=54, 3=44, 4=47, 5=40, 6=41, 7=44, 8=42, 9=42, 10=39, 11=43, 12=39, 13=39, 14=46, 15=42, 17=40, 16=36, 19=48, 18=40, 21=41, 20=45, 23=44, 22=46, 25=42, 24=43, 27=36, 26=38, 29=36, 28=48, 31=39, 30=43, 34=47, 35=42, 32=43, 33=45, 38=43, 39=41, 36=42, 37=46, 42=46, 43=44, 40=39, 41=50, 46=45, 47=43, 44=43, 45=42, 51=43, 50=37, 49=44, 48=43, 55=48, 54=43, 53=44, 52=43, 59=38, 58=41, 57=42, 56=49, 63=46, 62=37, 61=39, 60=45, 68=49, 69=50, 70=50, 71=42, 64=43, 65=46, 66=40, 67=33, 76=41, 77=45, 78=45, 79=44, 72=44, 73=37, 74=42, 75=42, 85=44, 84=42, 87=37, 86=41, 81=39, 80=41, 83=41, 82=48, 93=49, 92=46, 95=43, 94=49, 89=38, 88=41, 91=42, 90=43, 98=43, 99=39, 96=45, 97=41}
Avg distance between not played chunks: 4.849115902636709
Min distance between not played chunks: 1.0
Max distance between not played chunks: 82.0

HELPING PEERS LOG

[HELPING] Active nodes: 0
[HELPING] Started playbacks: 0
[HELPING] Not started playbacks node-ids: []
[HELPING] Playbacks time-window: -9223372036854775807
[HELPING] Missing chunks distribution [missed-chunks/nodes]: {}
[HELPING] Rejected chunks for ttl expiration [chunk-id/nodes]: 0 {}
[HELPING] Rejected chunks for capacity limit [chunk-id/nodes]: 0 {}
[HELPING] bandwidthUtilUp: NaN
[HELPING] bandwidthUtilDown: NaN
[HELPING] Avg # of unsent chunk for max-retries: NaN
[HELPING] Min # of unsent chunk for max-retries: Infinity
[HELPING] Max # of unsent chunk for max-retries: -Infinity
[HELPING] Avg # of unsent chunk-reqs for max-retries: NaN
[HELPING] Min # of unsent chunk-reqs for max-retries: Infinity
[HELPING] Max # of unsent chunk-reqs for max-retries: -Infinity
[HELPING] Avg % of chunks received by Pastry: NaN
[HELPING] Min % of chunks received by Pastry: Infinity
[HELPING] Max % of chunks received by Pastry: -Infinity
[HELPING] StD of chunks received by Pastry: 0.0
[HELPING] Var of chunks received by Pastry: 0.0
[HELPING] Avg % of chunks received by StarStream: NaN
[HELPING] Min % of chunks received by StarStream: Infinity
[HELPING] Max % of chunks received by StarStream: -Infinity
[HELPING] StD of chunks received by StarStream: 0.0
[HELPING] Var of chunks received by StarStream: 0.0
[HELPING] Latency: NaN
[HELPING] Min of perceived avg chunk delivery-time: Infinity
[HELPING] Max of perceived avg chunk delivery-time: -Infinity
[HELPING] Variance of perceived avg chunk delivery-time: 0.0
[HELPING] StD of perceived avg chunk delivery-time: 0.0
[HELPING] Avg messages sent per node: NaN
[HELPING] Min messages sent per node: Infinity
[HELPING] Max messages sent per node: -Infinity
[HELPING] Variance of messages sent per node: 0.0
[HELPING] StD of messages sent per node: 0.0
[HELPING] Nodes with incomplete playbacks: 0
[HELPING] Packet Loss: NaN
[HELPING] Min % of not played chunks: Infinity
[HELPING] Max % of not played chunks: -Infinity
[HELPING] Not played chunks [chunk-id/nodes]: {}
[HELPING] Avg distance between not played chunks: NaN
[HELPING] Min distance between not played chunks: Infinity
[HELPING] Max distance between not played chunks: -Infinity

