Total chunks: 100
Nodes x chunk: 18
Total nodes: 228
Active nodes: 120
Started playbacks: 120
Not started playbacks node-ids: []
Playbacks time-window: 61
Missing chunks distribution [missed-chunks/nodes]: {0=120}
Rejected chunks for ttl expiration [chunk-id/nodes]: 0 {}
Rejected chunks for capacity limit [chunk-id/nodes]: 0 {}
bandwidthUtilUp: 0.015100962701724051
bandwidthUtilDown: 0.009273449040272217
Avg # of unsent chunk for max-retries: 0.041666666666666664
Min # of unsent chunk for max-retries: 0.0
Max # of unsent chunk for max-retries: 4.0
Avg # of unsent chunk-reqs for max-retries: 0.0
Min # of unsent chunk-reqs for max-retries: 0.0
Max # of unsent chunk-reqs for max-retries: 0.0
Avg % of chunks received by Pastry: 5.75
Min % of chunks received by Pastry: 0.0
Max % of chunks received by Pastry: 13.0
StD of chunks received by Pastry: 2.6417781126806728
Var of chunks received by Pastry: 6.978991596638656
Avg % of chunks received by StarStream: 93.25
Min % of chunks received by StarStream: 86.0
Max % of chunks received by StarStream: 99.0
StD of chunks received by StarStream: 2.6417781126807185
Var of chunks received by StarStream: 6.9789915966389
[NONMOJO] Startup Delay: 345.8333333333333
[MOJO] Startup Delay: 122.6
[MOJO] Latency: 9.502469696969694
Min of perceived avg chunk delivery-time: 7.16
Max of perceived avg chunk delivery-time: 12.4
Variance of perceived avg chunk delivery-time: 0.5935417068315496
StD of perceived avg chunk delivery-time: 0.7704165800601319
Avg messages sent per node: 7255.2
Min messages sent per node: 3992.0
Max messages sent per node: 11642.0
Variance of messages sent per node: 2544409.0184873943
StD of messages sent per node: 1595.120377428423
Nodes with incomplete playbacks: 119
[MOJO] Continuity Index: 46.516666666666666
[MOJO] Packet Loss: 53.483333333333334
Min % of not played chunks: 0.0
Max % of not played chunks: 99.0
Not played chunks [chunk-id/nodes]: {1=62, 2=60, 3=62, 4=67, 5=66, 6=53, 7=58, 8=62, 9=70, 10=62, 11=63, 12=64, 13=59, 14=66, 15=65, 17=67, 16=59, 19=66, 18=62, 21=66, 20=68, 23=73, 22=62, 25=68, 24=64, 27=68, 26=73, 29=60, 28=63, 31=61, 30=57, 34=57, 35=65, 32=66, 33=73, 38=60, 39=67, 36=62, 37=68, 42=72, 43=65, 40=62, 41=65, 46=71, 47=70, 44=76, 45=77, 51=60, 50=63, 49=59, 48=65, 55=71, 54=64, 53=69, 52=68, 59=77, 58=63, 57=66, 56=68, 63=71, 62=60, 61=57, 60=70, 68=69, 69=70, 70=62, 71=59, 64=64, 65=60, 66=65, 67=57, 76=56, 77=68, 78=66, 79=61, 72=69, 73=62, 74=66, 75=73, 85=58, 84=62, 87=64, 86=54, 81=72, 80=67, 83=67, 82=68, 93=69, 92=66, 95=67, 94=57, 89=71, 88=62, 91=55, 90=65, 98=66, 99=59, 96=68, 97=71}
Avg distance between not played chunks: 2.977235547171449
Min distance between not played chunks: 1.0
Max distance between not played chunks: 19.75

HELPING PEERS LOG

[HELPING] Active nodes: 108
[HELPING] Started playbacks: 108
[HELPING] Not started playbacks node-ids: []
[HELPING] Playbacks time-window: 237
[HELPING] Missing chunks distribution [missed-chunks/nodes]: {0=107, 3=1}
[HELPING] Rejected chunks for ttl expiration [chunk-id/nodes]: 0 {}
[HELPING] Rejected chunks for capacity limit [chunk-id/nodes]: 0 {}
[HELPING] bandwidthUtilUp: 0.014790803945069519
[HELPING] bandwidthUtilDown: 0.009025896965999593
[HELPING] Avg # of unsent chunk for max-retries: 0.06481481481481481
[HELPING] Min # of unsent chunk for max-retries: 0.0
[HELPING] Max # of unsent chunk for max-retries: 3.0
[HELPING] Avg # of unsent chunk-reqs for max-retries: 0.0
[HELPING] Min # of unsent chunk-reqs for max-retries: 0.0
[HELPING] Max # of unsent chunk-reqs for max-retries: 0.0
[HELPING] Avg % of chunks received by Pastry: 4.62962962962963
[HELPING] Min % of chunks received by Pastry: 0.0
[HELPING] Max % of chunks received by Pastry: 11.0
[HELPING] StD of chunks received by Pastry: 2.4707356072601203
[HELPING] Var of chunks received by Pastry: 6.104534440983036
[HELPING] Avg % of chunks received by StarStream: 94.37037037037037
[HELPING] Min % of chunks received by StarStream: 88.0
[HELPING] Max % of chunks received by StarStream: 99.0
[HELPING] StD of chunks received by StarStream: 2.470735607260405
[HELPING] Var of chunks received by StarStream: 6.104534440984441
[HELPING] Startup Delay: 352.01851851851853
[HELPING] Latency: 9.69542545736172
[HELPING] Min of perceived avg chunk delivery-time: 8.12
[HELPING] Max of perceived avg chunk delivery-time: 13.350515463917526
[HELPING] Variance of perceived avg chunk delivery-time: 0.5471790939077803
[HELPING] StD of perceived avg chunk delivery-time: 0.7397155493213458
[HELPING] Avg messages sent per node: 7132.351851851852
[HELPING] Min messages sent per node: 4430.0
[HELPING] Max messages sent per node: 10383.0
[HELPING] Variance of messages sent per node: 2190229.818968493
[HELPING] StD of messages sent per node: 1479.942505291504
[HELPING] Nodes with incomplete playbacks: 105
[HELPING] Packet Loss: 48.4537037037037
[HELPING] Min % of not played chunks: 0.0
[HELPING] Max % of not played chunks: 99.0
[HELPING] Not played chunks [chunk-id/nodes]: {1=62, 2=49, 3=49, 4=54, 5=55, 6=47, 7=38, 8=57, 9=50, 10=52, 11=50, 12=54, 13=50, 14=47, 15=56, 17=53, 16=51, 19=51, 18=54, 21=59, 20=50, 23=54, 22=47, 25=57, 24=45, 27=52, 26=60, 29=49, 28=57, 31=57, 30=50, 34=51, 35=52, 32=60, 33=50, 38=53, 39=58, 36=49, 37=58, 42=50, 43=55, 40=53, 41=50, 46=52, 47=55, 44=56, 45=58, 51=54, 50=51, 49=46, 48=57, 55=52, 54=60, 53=56, 52=62, 59=55, 58=51, 57=50, 56=48, 63=55, 62=49, 61=52, 60=50, 68=53, 69=44, 70=51, 71=54, 64=46, 65=57, 66=49, 67=50, 76=49, 77=57, 78=58, 79=55, 72=49, 73=46, 74=46, 75=50, 85=58, 84=51, 87=57, 86=41, 81=58, 80=63, 83=57, 82=62, 93=57, 92=52, 95=50, 94=49, 89=48, 88=55, 91=55, 90=55, 98=52, 99=56, 96=61, 97=58}
[HELPING] Avg distance between not played chunks: 3.353540867369083
[HELPING] Min distance between not played chunks: 1.0
[HELPING] Max distance between not played chunks: 20.75

