Total chunks: 100
Nodes x chunk: 18
Total nodes: 156
Active nodes: 120
Started playbacks: 120
Not started playbacks node-ids: []
Playbacks time-window: 343
Missing chunks distribution [missed-chunks/nodes]: {0=119, 4=1}
Rejected chunks for ttl expiration [chunk-id/nodes]: 4 {0=4, 3=1, 4=1, 5=1}
Rejected chunks for capacity limit [chunk-id/nodes]: 0 {}
bandwidthUtilUp: 0.014777344302917966
bandwidthUtilDown: 0.008878702031839292
Avg # of unsent chunk for max-retries: 0.0
Min # of unsent chunk for max-retries: 0.0
Max # of unsent chunk for max-retries: 0.0
Avg # of unsent chunk-reqs for max-retries: 0.0
Min # of unsent chunk-reqs for max-retries: 0.0
Max # of unsent chunk-reqs for max-retries: 0.0
Avg % of chunks received by Pastry: 5.025
Min % of chunks received by Pastry: 0.0
Max % of chunks received by Pastry: 11.0
StD of chunks received by Pastry: 2.8564022149279635
Var of chunks received by Pastry: 8.159033613445377
Avg % of chunks received by StarStream: 94.00833333333334
Min % of chunks received by StarStream: 88.0
Max % of chunks received by StarStream: 100.0
StD of chunks received by StarStream: 2.9205036785961416
Var of chunks received by StarStream: 8.529341736693594
[NONMOJO] Startup Delay: 212.11666666666667
[MOJO] Startup Delay: 64.6
[MOJO] Latency: 8.237136277528643
Min of perceived avg chunk delivery-time: 6.56
Max of perceived avg chunk delivery-time: 9.83838383838384
Variance of perceived avg chunk delivery-time: 0.40638183881228807
StD of perceived avg chunk delivery-time: 0.6374808536829072
Avg messages sent per node: 7077.1
Min messages sent per node: 4376.0
Max messages sent per node: 10575.0
Variance of messages sent per node: 2392661.2336134384
StD of messages sent per node: 1546.8229483730315
Nodes with incomplete playbacks: 108
[MOJO] Continuity Index: 56.53333333333333
[MOJO] Packet Loss: 43.46666666666667
Min % of not played chunks: 0.0
Max % of not played chunks: 99.0
Not played chunks [chunk-id/nodes]: {1=59, 2=55, 3=50, 4=60, 5=51, 6=44, 7=44, 8=60, 9=50, 10=49, 11=52, 12=50, 13=52, 14=52, 15=56, 17=53, 16=44, 19=49, 18=47, 21=46, 20=63, 23=61, 22=46, 25=42, 24=48, 27=56, 26=54, 29=58, 28=56, 31=52, 30=47, 34=62, 35=64, 32=51, 33=51, 38=52, 39=49, 36=51, 37=45, 42=49, 43=55, 40=55, 41=56, 46=57, 47=47, 44=51, 45=51, 51=47, 50=57, 49=57, 48=52, 55=52, 54=57, 53=52, 52=54, 59=48, 58=52, 57=54, 56=51, 63=58, 62=54, 61=53, 60=55, 68=50, 69=55, 70=50, 71=50, 64=58, 65=42, 66=49, 67=49, 76=53, 77=54, 78=55, 79=54, 72=51, 73=51, 74=44, 75=51, 85=54, 84=52, 87=55, 86=53, 81=52, 80=52, 83=51, 82=58, 93=53, 92=60, 95=57, 94=66, 89=56, 88=55, 91=50, 90=56, 98=56, 99=54, 96=57, 97=48}
Avg distance between not played chunks: 4.4851929301276865
Min distance between not played chunks: 1.0
Max distance between not played chunks: 38.0

HELPING PEERS LOG

[HELPING] Active nodes: 36
[HELPING] Started playbacks: 36
[HELPING] Not started playbacks node-ids: []
[HELPING] Playbacks time-window: 207
[HELPING] Missing chunks distribution [missed-chunks/nodes]: {0=36}
[HELPING] Rejected chunks for ttl expiration [chunk-id/nodes]: 1 {0=2}
[HELPING] Rejected chunks for capacity limit [chunk-id/nodes]: 0 {}
[HELPING] bandwidthUtilUp: 0.014782893586033467
[HELPING] bandwidthUtilDown: 0.008739709632389674
[HELPING] Avg # of unsent chunk for max-retries: 0.0
[HELPING] Min # of unsent chunk for max-retries: 0.0
[HELPING] Max # of unsent chunk for max-retries: 0.0
[HELPING] Avg # of unsent chunk-reqs for max-retries: 0.0
[HELPING] Min # of unsent chunk-reqs for max-retries: 0.0
[HELPING] Max # of unsent chunk-reqs for max-retries: 0.0
[HELPING] Avg % of chunks received by Pastry: 4.277777777777778
[HELPING] Min % of chunks received by Pastry: 0.0
[HELPING] Max % of chunks received by Pastry: 9.0
[HELPING] StD of chunks received by Pastry: 2.064822525906781
[HELPING] Var of chunks received by Pastry: 4.263492063492061
[HELPING] Avg % of chunks received by StarStream: 94.77777777777777
[HELPING] Min % of chunks received by StarStream: 90.0
[HELPING] Max % of chunks received by StarStream: 99.0
[HELPING] StD of chunks received by StarStream: 2.13957420478448
[HELPING] Var of chunks received by StarStream: 4.57777777777914
[HELPING] Startup Delay: 223.47222222222223
[HELPING] Latency: 8.487834299466602
[HELPING] Min of perceived avg chunk delivery-time: 7.07
[HELPING] Max of perceived avg chunk delivery-time: 11.639175257731958
[HELPING] Variance of perceived avg chunk delivery-time: 0.8811784128622888
[HELPING] StD of perceived avg chunk delivery-time: 0.9387110379996012
[HELPING] Avg messages sent per node: 7016.0
[HELPING] Min messages sent per node: 4762.0
[HELPING] Max messages sent per node: 9729.0
[HELPING] Variance of messages sent per node: 1833875.8857142846
[HELPING] StD of messages sent per node: 1354.2067366965373
[HELPING] Nodes with incomplete playbacks: 24
[HELPING] Packet Loss: 38.916666666666664
[HELPING] Min % of not played chunks: 0.0
[HELPING] Max % of not played chunks: 99.0
[HELPING] Not played chunks [chunk-id/nodes]: {1=15, 2=17, 3=15, 4=17, 5=17, 6=14, 7=15, 8=12, 9=15, 10=14, 11=14, 12=14, 13=14, 14=14, 15=15, 17=14, 16=12, 19=13, 18=13, 21=10, 20=15, 23=14, 22=13, 25=15, 24=15, 27=15, 26=15, 29=14, 28=15, 31=15, 30=15, 34=14, 35=13, 32=14, 33=15, 38=13, 39=14, 36=13, 37=15, 42=15, 43=13, 40=15, 41=18, 46=14, 47=14, 44=15, 45=17, 51=12, 50=14, 49=11, 48=16, 55=17, 54=16, 53=13, 52=12, 59=14, 58=14, 57=14, 56=14, 63=15, 62=11, 61=15, 60=16, 68=12, 69=12, 70=16, 71=17, 64=14, 65=12, 66=13, 67=14, 76=16, 77=14, 78=13, 79=14, 72=15, 73=15, 74=12, 75=14, 85=16, 84=16, 87=13, 86=16, 81=14, 80=15, 83=11, 82=13, 93=14, 92=11, 95=14, 94=16, 89=14, 88=16, 91=13, 90=12, 98=13, 99=17, 96=11, 97=12}
[HELPING] Avg distance between not played chunks: 3.556246614760531
[HELPING] Min distance between not played chunks: 1.0
[HELPING] Max distance between not played chunks: 29.0

