Total chunks: 100
Nodes x chunk: 18
Total nodes: 120
Active nodes: 120
Started playbacks: 120
Not started playbacks node-ids: []
Playbacks time-window: 338
Missing chunks distribution [missed-chunks/nodes]: {0=117, 4=2, 5=1}
Rejected chunks for ttl expiration [chunk-id/nodes]: 5 {0=4, 2=1, 3=2, 4=2, 5=1}
Rejected chunks for capacity limit [chunk-id/nodes]: 0 {}
bandwidthUtilUp: 0.011036198039186916
bandwidthUtilDown: 0.006647659317128395
Avg # of unsent chunk for max-retries: 0.0
Min # of unsent chunk for max-retries: 0.0
Max # of unsent chunk for max-retries: 0.0
Avg # of unsent chunk-reqs for max-retries: 0.0
Min # of unsent chunk-reqs for max-retries: 0.0
Max # of unsent chunk-reqs for max-retries: 0.0
Avg % of chunks received by Pastry: 10.408333333333333
Min % of chunks received by Pastry: 0.0
Max % of chunks received by Pastry: 21.0
StD of chunks received by Pastry: 4.007337457889037
Var of chunks received by Pastry: 16.058753501400567
Avg % of chunks received by StarStream: 88.675
Min % of chunks received by StarStream: 78.0
Max % of chunks received by StarStream: 100.0
StD of chunks received by StarStream: 4.1589480327958475
Var of chunks received by StarStream: 17.296848739496447
[NONMOJO] Startup Delay: 161.3
[MOJO] Startup Delay: 97.8
[MOJO] Latency: 9.720240120984995
Min of perceived avg chunk delivery-time: 7.34
Max of perceived avg chunk delivery-time: 14.452631578947368
Variance of perceived avg chunk delivery-time: 1.3174892320563123
StD of perceived avg chunk delivery-time: 1.1478193377253723
Avg messages sent per node: 2583.0666666666666
Min messages sent per node: 1431.0
Max messages sent per node: 4388.0
Variance of messages sent per node: 392135.81064425845
StD of messages sent per node: 626.2074821049797
Nodes with incomplete playbacks: 90
[MOJO] Continuity Index: 66.30833333333334
[MOJO] Packet Loss: 33.69166666666667
Min % of not played chunks: 0.0
Max % of not played chunks: 99.0
Not played chunks [chunk-id/nodes]: {1=57, 2=51, 3=47, 4=41, 5=43, 6=34, 7=48, 8=35, 9=41, 10=44, 11=41, 12=34, 13=40, 14=35, 15=39, 17=42, 16=39, 19=39, 18=38, 21=43, 20=34, 23=42, 22=37, 25=37, 24=44, 27=38, 26=45, 29=40, 28=42, 31=38, 30=35, 34=41, 35=39, 32=40, 33=38, 38=40, 39=38, 36=41, 37=43, 42=38, 43=34, 40=36, 41=42, 46=37, 47=40, 44=36, 45=40, 51=39, 50=45, 49=44, 48=39, 55=43, 54=43, 53=38, 52=39, 59=41, 58=44, 57=41, 56=45, 63=39, 62=41, 61=37, 60=37, 68=45, 69=41, 70=41, 71=46, 64=41, 65=36, 66=42, 67=42, 76=39, 77=41, 78=42, 79=44, 72=42, 73=45, 74=44, 75=45, 85=42, 84=39, 87=44, 86=39, 81=46, 80=42, 83=38, 82=39, 93=46, 92=46, 95=45, 94=46, 89=38, 88=40, 91=42, 90=40, 98=35, 99=38, 96=42, 97=39}
Avg distance between not played chunks: 5.029493732408768
Min distance between not played chunks: 1.0
Max distance between not played chunks: 66.0

HELPING PEERS LOG

[HELPING] Active nodes: 0
[HELPING] Started playbacks: 0
[HELPING] Not started playbacks node-ids: []
[HELPING] Playbacks time-window: -9223372036854775807
[HELPING] Missing chunks distribution [missed-chunks/nodes]: {}
[HELPING] Rejected chunks for ttl expiration [chunk-id/nodes]: 0 {}
[HELPING] Rejected chunks for capacity limit [chunk-id/nodes]: 0 {}
[HELPING] bandwidthUtilUp: NaN
[HELPING] bandwidthUtilDown: NaN
[HELPING] Avg # of unsent chunk for max-retries: NaN
[HELPING] Min # of unsent chunk for max-retries: Infinity
[HELPING] Max # of unsent chunk for max-retries: -Infinity
[HELPING] Avg # of unsent chunk-reqs for max-retries: NaN
[HELPING] Min # of unsent chunk-reqs for max-retries: Infinity
[HELPING] Max # of unsent chunk-reqs for max-retries: -Infinity
[HELPING] Avg % of chunks received by Pastry: NaN
[HELPING] Min % of chunks received by Pastry: Infinity
[HELPING] Max % of chunks received by Pastry: -Infinity
[HELPING] StD of chunks received by Pastry: 0.0
[HELPING] Var of chunks received by Pastry: 0.0
[HELPING] Avg % of chunks received by StarStream: NaN
[HELPING] Min % of chunks received by StarStream: Infinity
[HELPING] Max % of chunks received by StarStream: -Infinity
[HELPING] StD of chunks received by StarStream: 0.0
[HELPING] Var of chunks received by StarStream: 0.0
[HELPING] Latency: NaN
[HELPING] Min of perceived avg chunk delivery-time: Infinity
[HELPING] Max of perceived avg chunk delivery-time: -Infinity
[HELPING] Variance of perceived avg chunk delivery-time: 0.0
[HELPING] StD of perceived avg chunk delivery-time: 0.0
[HELPING] Avg messages sent per node: NaN
[HELPING] Min messages sent per node: Infinity
[HELPING] Max messages sent per node: -Infinity
[HELPING] Variance of messages sent per node: 0.0
[HELPING] StD of messages sent per node: 0.0
[HELPING] Nodes with incomplete playbacks: 0
[HELPING] Packet Loss: NaN
[HELPING] Min % of not played chunks: Infinity
[HELPING] Max % of not played chunks: -Infinity
[HELPING] Not played chunks [chunk-id/nodes]: {}
[HELPING] Avg distance between not played chunks: NaN
[HELPING] Min distance between not played chunks: Infinity
[HELPING] Max distance between not played chunks: -Infinity

