Total chunks: 100
Nodes x chunk: 18
Total nodes: 168
Active nodes: 120
Started playbacks: 120
Not started playbacks node-ids: []
Playbacks time-window: 162
Missing chunks distribution [missed-chunks/nodes]: {0=120}
Rejected chunks for ttl expiration [chunk-id/nodes]: 1 {0=1}
Rejected chunks for capacity limit [chunk-id/nodes]: 0 {}
bandwidthUtilUp: 0.014698173622823642
bandwidthUtilDown: 0.009015054160352911
Avg # of unsent chunk for max-retries: 0.016666666666666666
Min # of unsent chunk for max-retries: 0.0
Max # of unsent chunk for max-retries: 1.0
Avg # of unsent chunk-reqs for max-retries: 0.0
Min # of unsent chunk-reqs for max-retries: 0.0
Max # of unsent chunk-reqs for max-retries: 0.0
Avg % of chunks received by Pastry: 5.05
Min % of chunks received by Pastry: 0.0
Max % of chunks received by Pastry: 13.0
StD of chunks received by Pastry: 2.921522568395983
Var of chunks received by Pastry: 8.535294117647062
Avg % of chunks received by StarStream: 93.95833333333333
Min % of chunks received by StarStream: 86.0
Max % of chunks received by StarStream: 100.0
StD of chunks received by StarStream: 2.9374310886488892
Var of chunks received by StarStream: 8.628501400560998
[NONMOJO] Startup Delay: 226.68333333333334
[MOJO] Startup Delay: 87.9
[MOJO] Latency: 8.457409092502978
Min of perceived avg chunk delivery-time: 7.04
Max of perceived avg chunk delivery-time: 10.64
Variance of perceived avg chunk delivery-time: 0.37492890843451687
StD of perceived avg chunk delivery-time: 0.6123143869243289
Avg messages sent per node: 6997.0
Min messages sent per node: 4440.0
Max messages sent per node: 11226.0
Variance of messages sent per node: 2322984.352941175
StD of messages sent per node: 1524.1339681737873
Nodes with incomplete playbacks: 118
[MOJO] Continuity Index: 46.275
[MOJO] Packet Loss: 53.725
Min % of not played chunks: 0.0
Max % of not played chunks: 99.0
Not played chunks [chunk-id/nodes]: {1=66, 2=64, 3=71, 4=65, 5=77, 6=55, 7=64, 8=75, 9=53, 10=69, 11=59, 12=52, 13=59, 14=62, 15=64, 17=70, 16=61, 19=64, 18=74, 21=70, 20=67, 23=64, 22=64, 25=77, 24=62, 27=62, 26=56, 29=65, 28=67, 31=66, 30=61, 34=62, 35=68, 32=64, 33=81, 38=64, 39=65, 36=67, 37=77, 42=64, 43=64, 40=67, 41=64, 46=62, 47=57, 44=65, 45=62, 51=65, 50=64, 49=65, 48=69, 55=67, 54=69, 53=70, 52=68, 59=66, 58=57, 57=70, 56=70, 63=75, 62=66, 61=65, 60=63, 68=57, 69=70, 70=74, 71=56, 64=71, 65=59, 66=67, 67=63, 76=69, 77=63, 78=60, 79=68, 72=62, 73=67, 74=65, 75=63, 85=61, 84=64, 87=65, 86=63, 81=77, 80=65, 83=59, 82=55, 93=67, 92=68, 95=63, 94=75, 89=66, 88=61, 91=66, 90=70, 98=59, 99=63, 96=59, 97=60}
Avg distance between not played chunks: 3.0063903996784895
Min distance between not played chunks: 1.0
Max distance between not played chunks: 30.333333333333332

HELPING PEERS LOG

[HELPING] Active nodes: 48
[HELPING] Started playbacks: 48
[HELPING] Not started playbacks node-ids: []
[HELPING] Playbacks time-window: 362
[HELPING] Missing chunks distribution [missed-chunks/nodes]: {0=47, 6=1}
[HELPING] Rejected chunks for ttl expiration [chunk-id/nodes]: 6 {0=1, 2=1, 3=1, 4=1, 5=1, 6=1}
[HELPING] Rejected chunks for capacity limit [chunk-id/nodes]: 0 {}
[HELPING] bandwidthUtilUp: 0.014652554994206578
[HELPING] bandwidthUtilDown: 0.008518798265572862
[HELPING] Avg # of unsent chunk for max-retries: 0.020833333333333332
[HELPING] Min # of unsent chunk for max-retries: 0.0
[HELPING] Max # of unsent chunk for max-retries: 1.0
[HELPING] Avg # of unsent chunk-reqs for max-retries: 0.0
[HELPING] Min # of unsent chunk-reqs for max-retries: 0.0
[HELPING] Max # of unsent chunk-reqs for max-retries: 0.0
[HELPING] Avg % of chunks received by Pastry: 4.645833333333333
[HELPING] Min % of chunks received by Pastry: 0.0
[HELPING] Max % of chunks received by Pastry: 10.0
[HELPING] StD of chunks received by Pastry: 2.5052250362531323
[HELPING] Var of chunks received by Pastry: 6.2761524822695085
[HELPING] Avg % of chunks received by StarStream: 94.39583333333333
[HELPING] Min % of chunks received by StarStream: 89.0
[HELPING] Max % of chunks received by StarStream: 100.0
[HELPING] StD of chunks received by StarStream: 2.5908150638432517
[HELPING] Var of chunks received by StarStream: 6.712322695037112
[HELPING] Startup Delay: 252.47916666666666
[HELPING] Latency: 8.843538786368077
[HELPING] Min of perceived avg chunk delivery-time: 7.07
[HELPING] Max of perceived avg chunk delivery-time: 10.655913978494624
[HELPING] Variance of perceived avg chunk delivery-time: 0.6664413667151233
[HELPING] StD of perceived avg chunk delivery-time: 0.8163586017891422
[HELPING] Avg messages sent per node: 7133.979166666667
[HELPING] Min messages sent per node: 4492.0
[HELPING] Max messages sent per node: 9644.0
[HELPING] Variance of messages sent per node: 2383755.2974290694
[HELPING] StD of messages sent per node: 1543.9414812191133
[HELPING] Nodes with incomplete playbacks: 42
[HELPING] Packet Loss: 32.875
[HELPING] Min % of not played chunks: 0.0
[HELPING] Max % of not played chunks: 99.0
[HELPING] Not played chunks [chunk-id/nodes]: {1=21, 2=16, 3=15, 4=19, 5=18, 6=14, 7=14, 8=15, 9=15, 10=12, 11=16, 12=15, 13=19, 14=20, 15=16, 17=18, 16=16, 19=15, 18=11, 21=18, 20=15, 23=19, 22=17, 25=19, 24=12, 27=14, 26=12, 29=19, 28=16, 31=15, 30=18, 34=16, 35=17, 32=17, 33=20, 38=10, 39=9, 36=15, 37=14, 42=17, 43=12, 40=16, 41=16, 46=18, 47=12, 44=15, 45=10, 51=18, 50=17, 49=12, 48=13, 55=13, 54=19, 53=15, 52=17, 59=17, 58=18, 57=21, 56=16, 63=15, 62=14, 61=14, 60=15, 68=17, 69=15, 70=21, 71=18, 64=20, 65=17, 66=21, 67=11, 76=14, 77=17, 78=17, 79=20, 72=16, 73=18, 74=13, 75=15, 85=16, 84=23, 87=15, 86=17, 81=19, 80=21, 83=16, 82=9, 93=18, 92=16, 95=9, 94=18, 89=13, 88=11, 91=19, 90=17, 98=17, 99=13, 96=16, 97=18}
[HELPING] Avg distance between not played chunks: 4.491132017986581
[HELPING] Min distance between not played chunks: 1.0
[HELPING] Max distance between not played chunks: 46.0

