Total chunks: 100
Nodes x chunk: 19
Total nodes: 130
Active nodes: 130
Started playbacks: 130
Not started playbacks node-ids: []
Playbacks time-window: 571
Missing chunks distribution [missed-chunks/nodes]: {0=128, 4=1, 9=1}
Rejected chunks for ttl expiration [chunk-id/nodes]: 10 {0=8, 2=1, 3=2, 4=2, 5=1, 6=1, 7=1, 8=1, 9=1, 10=1}
Rejected chunks for capacity limit [chunk-id/nodes]: 0 {}
bandwidthUtilUp: 0.014171960934532804
bandwidthUtilDown: 0.008757006448882254
Avg # of unsent chunk for max-retries: 0.0
Min # of unsent chunk for max-retries: 0.0
Max # of unsent chunk for max-retries: 0.0
Avg # of unsent chunk-reqs for max-retries: 0.0
Min # of unsent chunk-reqs for max-retries: 0.0
Max # of unsent chunk-reqs for max-retries: 0.0
Avg % of chunks received by Pastry: 5.3538461538461535
Min % of chunks received by Pastry: 0.0
Max % of chunks received by Pastry: 14.0
StD of chunks received by Pastry: 2.940920961226074
Var of chunks received by Pastry: 8.649016100178896
Avg % of chunks received by StarStream: 93.67692307692307
Min % of chunks received by StarStream: 85.0
Max % of chunks received by StarStream: 100.0
StD of chunks received by StarStream: 2.996678741942345
Var of chunks received by StarStream: 8.980083482409157
[NONMOJO] Startup Delay: 165.56923076923076
[MOJO] Startup Delay: 91.1
[MOJO] Latency: 7.632270728646793
Min of perceived avg chunk delivery-time: 5.64
Max of perceived avg chunk delivery-time: 10.103092783505154
Variance of perceived avg chunk delivery-time: 0.5149075721494879
StD of perceived avg chunk delivery-time: 0.7175706042958336
Avg messages sent per node: 6387.661538461539
Min messages sent per node: 2264.0
Max messages sent per node: 9846.0
Variance of messages sent per node: 2769041.388431717
StD of messages sent per node: 1664.043685854346
Nodes with incomplete playbacks: 94
[MOJO] Continuity Index: 62.80769230769231
[MOJO] Packet Loss: 37.19230769230769
Min % of not played chunks: 0.0
Max % of not played chunks: 99.0
Not played chunks [chunk-id/nodes]: {1=61, 2=49, 3=48, 4=51, 5=51, 6=61, 7=45, 8=46, 9=47, 10=51, 11=48, 12=52, 13=44, 14=45, 15=54, 17=52, 16=49, 19=43, 18=46, 21=47, 20=48, 23=52, 22=51, 25=50, 24=47, 27=51, 26=50, 29=45, 28=53, 31=50, 30=44, 34=50, 35=45, 32=50, 33=45, 38=44, 39=45, 36=46, 37=47, 42=51, 43=43, 40=49, 41=48, 46=46, 47=49, 44=51, 45=54, 51=54, 50=47, 49=48, 48=51, 55=51, 54=46, 53=48, 52=42, 59=56, 58=46, 57=53, 56=43, 63=46, 62=41, 61=49, 60=49, 68=49, 69=45, 70=44, 71=54, 64=45, 65=50, 66=49, 67=51, 76=50, 77=43, 78=47, 79=54, 72=48, 73=50, 74=53, 75=45, 85=51, 84=53, 87=49, 86=58, 81=55, 80=47, 83=54, 82=49, 93=49, 92=46, 95=48, 94=51, 89=48, 88=48, 91=42, 90=53, 98=51, 99=47, 96=48, 97=47}
Avg distance between not played chunks: 2.913063043199715
Min distance between not played chunks: 1.0
Max distance between not played chunks: 15.0

HELPING PEERS LOG

[HELPING] Active nodes: 0
[HELPING] Started playbacks: 0
[HELPING] Not started playbacks node-ids: []
[HELPING] Playbacks time-window: -9223372036854775807
[HELPING] Missing chunks distribution [missed-chunks/nodes]: {}
[HELPING] Rejected chunks for ttl expiration [chunk-id/nodes]: 0 {}
[HELPING] Rejected chunks for capacity limit [chunk-id/nodes]: 0 {}
[HELPING] bandwidthUtilUp: NaN
[HELPING] bandwidthUtilDown: NaN
[HELPING] Avg # of unsent chunk for max-retries: NaN
[HELPING] Min # of unsent chunk for max-retries: Infinity
[HELPING] Max # of unsent chunk for max-retries: -Infinity
[HELPING] Avg # of unsent chunk-reqs for max-retries: NaN
[HELPING] Min # of unsent chunk-reqs for max-retries: Infinity
[HELPING] Max # of unsent chunk-reqs for max-retries: -Infinity
[HELPING] Avg % of chunks received by Pastry: NaN
[HELPING] Min % of chunks received by Pastry: Infinity
[HELPING] Max % of chunks received by Pastry: -Infinity
[HELPING] StD of chunks received by Pastry: 0.0
[HELPING] Var of chunks received by Pastry: 0.0
[HELPING] Avg % of chunks received by StarStream: NaN
[HELPING] Min % of chunks received by StarStream: Infinity
[HELPING] Max % of chunks received by StarStream: -Infinity
[HELPING] StD of chunks received by StarStream: 0.0
[HELPING] Var of chunks received by StarStream: 0.0
[HELPING] Latency: NaN
[HELPING] Min of perceived avg chunk delivery-time: Infinity
[HELPING] Max of perceived avg chunk delivery-time: -Infinity
[HELPING] Variance of perceived avg chunk delivery-time: 0.0
[HELPING] StD of perceived avg chunk delivery-time: 0.0
[HELPING] Avg messages sent per node: NaN
[HELPING] Min messages sent per node: Infinity
[HELPING] Max messages sent per node: -Infinity
[HELPING] Variance of messages sent per node: 0.0
[HELPING] StD of messages sent per node: 0.0
[HELPING] Nodes with incomplete playbacks: 0
[HELPING] Packet Loss: NaN
[HELPING] Min % of not played chunks: Infinity
[HELPING] Max % of not played chunks: -Infinity
[HELPING] Not played chunks [chunk-id/nodes]: {}
[HELPING] Avg distance between not played chunks: NaN
[HELPING] Min distance between not played chunks: Infinity
[HELPING] Max distance between not played chunks: -Infinity

