Total chunks: 100
Nodes x chunk: 19
Total nodes: 130
Active nodes: 130
Started playbacks: 130
Not started playbacks node-ids: []
Playbacks time-window: 235
Missing chunks distribution [missed-chunks/nodes]: {0=129, 1=1}
Rejected chunks for ttl expiration [chunk-id/nodes]: 1 {0=1}
Rejected chunks for capacity limit [chunk-id/nodes]: 0 {}
bandwidthUtilUp: 0.010909486313858768
bandwidthUtilDown: 0.006544370409572974
Avg # of unsent chunk for max-retries: 0.0
Min # of unsent chunk for max-retries: 0.0
Max # of unsent chunk for max-retries: 0.0
Avg # of unsent chunk-reqs for max-retries: 0.0
Min # of unsent chunk-reqs for max-retries: 0.0
Max # of unsent chunk-reqs for max-retries: 0.0
Avg % of chunks received by Pastry: 10.115384615384615
Min % of chunks received by Pastry: 0.0
Max % of chunks received by Pastry: 19.0
StD of chunks received by Pastry: 4.091273783157727
Var of chunks received by Pastry: 16.73852116875374
Avg % of chunks received by StarStream: 88.93076923076923
Min % of chunks received by StarStream: 80.0
Max % of chunks received by StarStream: 100.0
StD of chunks received by StarStream: 4.191516832506532
Var of chunks received by StarStream: 17.56881335718559
[NONMOJO] Startup Delay: 166.43846153846152
[MOJO] Startup Delay: 80.9
[MOJO] Latency: 9.878236499877149
Min of perceived avg chunk delivery-time: 6.8
Max of perceived avg chunk delivery-time: 12.618556701030927
Variance of perceived avg chunk delivery-time: 1.0716528063807944
StD of perceived avg chunk delivery-time: 1.0352066491192926
Avg messages sent per node: 2532.5
Min messages sent per node: 1471.0
Max messages sent per node: 3941.0
Variance of messages sent per node: 348253.39922480646
StD of messages sent per node: 590.129985024322
Nodes with incomplete playbacks: 95
[MOJO] Continuity Index: 66.03076923076924
[MOJO] Packet Loss: 33.96923076923077
Min % of not played chunks: 0.0
Max % of not played chunks: 99.0
Not played chunks [chunk-id/nodes]: {1=54, 2=51, 3=46, 4=49, 5=53, 6=46, 7=42, 8=43, 9=38, 10=39, 11=43, 12=43, 13=38, 14=49, 15=42, 17=47, 16=47, 19=38, 18=45, 21=42, 20=44, 23=44, 22=53, 25=41, 24=38, 27=33, 26=49, 29=42, 28=35, 31=42, 30=50, 34=42, 35=44, 32=41, 33=48, 38=39, 39=46, 36=44, 37=42, 42=42, 43=45, 40=50, 41=37, 46=55, 47=44, 44=53, 45=51, 51=43, 50=48, 49=44, 48=45, 55=46, 54=48, 53=44, 52=46, 59=46, 58=46, 57=50, 56=41, 63=52, 62=39, 61=45, 60=48, 68=44, 69=43, 70=49, 71=47, 64=43, 65=41, 66=47, 67=48, 76=45, 77=40, 78=47, 79=43, 72=38, 73=52, 74=44, 75=42, 85=47, 84=45, 87=41, 86=46, 81=46, 80=39, 83=50, 82=40, 93=42, 92=47, 95=41, 94=45, 89=44, 88=47, 91=43, 90=44, 98=47, 99=41, 96=44, 97=44}
Avg distance between not played chunks: 3.084536687721342
Min distance between not played chunks: 1.0
Max distance between not played chunks: 18.6

HELPING PEERS LOG

[HELPING] Active nodes: 0
[HELPING] Started playbacks: 0
[HELPING] Not started playbacks node-ids: []
[HELPING] Playbacks time-window: -9223372036854775807
[HELPING] Missing chunks distribution [missed-chunks/nodes]: {}
[HELPING] Rejected chunks for ttl expiration [chunk-id/nodes]: 0 {}
[HELPING] Rejected chunks for capacity limit [chunk-id/nodes]: 0 {}
[HELPING] bandwidthUtilUp: NaN
[HELPING] bandwidthUtilDown: NaN
[HELPING] Avg # of unsent chunk for max-retries: NaN
[HELPING] Min # of unsent chunk for max-retries: Infinity
[HELPING] Max # of unsent chunk for max-retries: -Infinity
[HELPING] Avg # of unsent chunk-reqs for max-retries: NaN
[HELPING] Min # of unsent chunk-reqs for max-retries: Infinity
[HELPING] Max # of unsent chunk-reqs for max-retries: -Infinity
[HELPING] Avg % of chunks received by Pastry: NaN
[HELPING] Min % of chunks received by Pastry: Infinity
[HELPING] Max % of chunks received by Pastry: -Infinity
[HELPING] StD of chunks received by Pastry: 0.0
[HELPING] Var of chunks received by Pastry: 0.0
[HELPING] Avg % of chunks received by StarStream: NaN
[HELPING] Min % of chunks received by StarStream: Infinity
[HELPING] Max % of chunks received by StarStream: -Infinity
[HELPING] StD of chunks received by StarStream: 0.0
[HELPING] Var of chunks received by StarStream: 0.0
[HELPING] Latency: NaN
[HELPING] Min of perceived avg chunk delivery-time: Infinity
[HELPING] Max of perceived avg chunk delivery-time: -Infinity
[HELPING] Variance of perceived avg chunk delivery-time: 0.0
[HELPING] StD of perceived avg chunk delivery-time: 0.0
[HELPING] Avg messages sent per node: NaN
[HELPING] Min messages sent per node: Infinity
[HELPING] Max messages sent per node: -Infinity
[HELPING] Variance of messages sent per node: 0.0
[HELPING] StD of messages sent per node: 0.0
[HELPING] Nodes with incomplete playbacks: 0
[HELPING] Packet Loss: NaN
[HELPING] Min % of not played chunks: Infinity
[HELPING] Max % of not played chunks: -Infinity
[HELPING] Not played chunks [chunk-id/nodes]: {}
[HELPING] Avg distance between not played chunks: NaN
[HELPING] Min distance between not played chunks: Infinity
[HELPING] Max distance between not played chunks: -Infinity

