Total chunks: 100
Nodes x chunk: 19
Total nodes: 130
Active nodes: 130
Started playbacks: 130
Not started playbacks node-ids: []
Playbacks time-window: 1215
Missing chunks distribution [missed-chunks/nodes]: {0=127, 4=1, 23=1, 7=1}
Rejected chunks for ttl expiration [chunk-id/nodes]: 23 {0=4, 2=2, 3=3, 4=3, 5=3, 6=2, 7=2, 8=1, 9=1, 10=1, 11=1, 12=1, 13=1, 14=1, 15=1, 17=1, 16=1, 19=1, 18=1, 21=1, 20=1, 23=1, 22=1}
Rejected chunks for capacity limit [chunk-id/nodes]: 0 {}
bandwidthUtilUp: 0.013454901670481249
bandwidthUtilDown: 0.008675345220718968
Avg # of unsent chunk for max-retries: 0.0
Min # of unsent chunk for max-retries: 0.0
Max # of unsent chunk for max-retries: 0.0
Avg # of unsent chunk-reqs for max-retries: 0.0
Min # of unsent chunk-reqs for max-retries: 0.0
Max # of unsent chunk-reqs for max-retries: 0.0
Avg % of chunks received by Pastry: 5.723076923076923
Min % of chunks received by Pastry: 0.0
Max % of chunks received by Pastry: 14.0
StD of chunks received by Pastry: 3.2849560416522094
Var of chunks received by Pastry: 10.790936195587353
Avg % of chunks received by StarStream: 93.32307692307693
Min % of chunks received by StarStream: 85.0
Max % of chunks received by StarStream: 100.0
StD of chunks received by StarStream: 3.3715990837633774
Var of chunks received by StarStream: 11.367680381634047
[NONMOJO] Startup Delay: 173.06923076923076
[MOJO] Startup Delay: 69.1
[MOJO] Latency: 7.991363908448314
Min of perceived avg chunk delivery-time: 6.26
Max of perceived avg chunk delivery-time: 11.071428571428571
Variance of perceived avg chunk delivery-time: 0.7790229412603499
StD of perceived avg chunk delivery-time: 0.8826227627136918
Avg messages sent per node: 5358.161538461539
Min messages sent per node: 1963.0
Max messages sent per node: 9761.0
Variance of messages sent per node: 3506435.7023852062
StD of messages sent per node: 1872.5479172467674
Nodes with incomplete playbacks: 104
[MOJO] Continuity Index: 61.8
[MOJO] Packet Loss: 38.2
Min % of not played chunks: 0.0
Max % of not played chunks: 99.0
Not played chunks [chunk-id/nodes]: {1=63, 2=57, 3=50, 4=50, 5=51, 6=63, 7=50, 8=54, 9=50, 10=44, 11=52, 12=51, 13=48, 14=48, 15=52, 17=48, 16=51, 19=47, 18=55, 21=50, 20=41, 23=48, 22=52, 25=50, 24=50, 27=50, 26=42, 29=45, 28=43, 31=54, 30=58, 34=57, 35=41, 32=57, 33=46, 38=53, 39=59, 36=48, 37=40, 42=40, 43=50, 40=43, 41=51, 46=49, 47=56, 44=52, 45=46, 51=52, 50=51, 49=55, 48=55, 55=51, 54=51, 53=48, 52=53, 59=49, 58=55, 57=53, 56=55, 63=47, 62=51, 61=52, 60=46, 68=44, 69=54, 70=47, 71=44, 64=56, 65=48, 66=45, 67=50, 76=46, 77=55, 78=55, 79=48, 72=51, 73=45, 74=45, 75=48, 85=52, 84=51, 87=45, 86=55, 81=50, 80=48, 83=50, 82=52, 93=49, 92=52, 95=54, 94=46, 89=45, 88=49, 91=48, 90=40, 98=49, 99=59, 96=53, 97=59}
Avg distance between not played chunks: 3.210428715851899
Min distance between not played chunks: 1.0
Max distance between not played chunks: 52.0

HELPING PEERS LOG

[HELPING] Active nodes: 0
[HELPING] Started playbacks: 0
[HELPING] Not started playbacks node-ids: []
[HELPING] Playbacks time-window: -9223372036854775807
[HELPING] Missing chunks distribution [missed-chunks/nodes]: {}
[HELPING] Rejected chunks for ttl expiration [chunk-id/nodes]: 0 {}
[HELPING] Rejected chunks for capacity limit [chunk-id/nodes]: 0 {}
[HELPING] bandwidthUtilUp: NaN
[HELPING] bandwidthUtilDown: NaN
[HELPING] Avg # of unsent chunk for max-retries: NaN
[HELPING] Min # of unsent chunk for max-retries: Infinity
[HELPING] Max # of unsent chunk for max-retries: -Infinity
[HELPING] Avg # of unsent chunk-reqs for max-retries: NaN
[HELPING] Min # of unsent chunk-reqs for max-retries: Infinity
[HELPING] Max # of unsent chunk-reqs for max-retries: -Infinity
[HELPING] Avg % of chunks received by Pastry: NaN
[HELPING] Min % of chunks received by Pastry: Infinity
[HELPING] Max % of chunks received by Pastry: -Infinity
[HELPING] StD of chunks received by Pastry: 0.0
[HELPING] Var of chunks received by Pastry: 0.0
[HELPING] Avg % of chunks received by StarStream: NaN
[HELPING] Min % of chunks received by StarStream: Infinity
[HELPING] Max % of chunks received by StarStream: -Infinity
[HELPING] StD of chunks received by StarStream: 0.0
[HELPING] Var of chunks received by StarStream: 0.0
[HELPING] Latency: NaN
[HELPING] Min of perceived avg chunk delivery-time: Infinity
[HELPING] Max of perceived avg chunk delivery-time: -Infinity
[HELPING] Variance of perceived avg chunk delivery-time: 0.0
[HELPING] StD of perceived avg chunk delivery-time: 0.0
[HELPING] Avg messages sent per node: NaN
[HELPING] Min messages sent per node: Infinity
[HELPING] Max messages sent per node: -Infinity
[HELPING] Variance of messages sent per node: 0.0
[HELPING] StD of messages sent per node: 0.0
[HELPING] Nodes with incomplete playbacks: 0
[HELPING] Packet Loss: NaN
[HELPING] Min % of not played chunks: Infinity
[HELPING] Max % of not played chunks: -Infinity
[HELPING] Not played chunks [chunk-id/nodes]: {}
[HELPING] Avg distance between not played chunks: NaN
[HELPING] Min distance between not played chunks: Infinity
[HELPING] Max distance between not played chunks: -Infinity

