Total chunks: 100
Nodes x chunk: 19
Total nodes: 221
Active nodes: 130
Started playbacks: 130
Not started playbacks node-ids: []
Playbacks time-window: 458
Missing chunks distribution [missed-chunks/nodes]: {0=129, 8=1}
Rejected chunks for ttl expiration [chunk-id/nodes]: 8 {0=1, 2=1, 3=1, 4=1, 5=1, 6=1, 7=1, 8=1}
Rejected chunks for capacity limit [chunk-id/nodes]: 0 {}
bandwidthUtilUp: 0.01497912712084537
bandwidthUtilDown: 0.00910060127254995
Avg # of unsent chunk for max-retries: 0.0
Min # of unsent chunk for max-retries: 0.0
Max # of unsent chunk for max-retries: 0.0
Avg # of unsent chunk-reqs for max-retries: 0.0
Min # of unsent chunk-reqs for max-retries: 0.0
Max # of unsent chunk-reqs for max-retries: 0.0
Avg % of chunks received by Pastry: 5.992307692307692
Min % of chunks received by Pastry: 1.0
Max % of chunks received by Pastry: 13.0
StD of chunks received by Pastry: 2.9134708618297633
Var of chunks received by Pastry: 8.488312462731063
Avg % of chunks received by StarStream: 93.00769230769231
Min % of chunks received by StarStream: 86.0
Max % of chunks received by StarStream: 98.0
StD of chunks received by StarStream: 2.9134708618298997
Var of chunks received by StarStream: 8.488312462731859
[NONMOJO] Startup Delay: 325.3615384615385
[MOJO] Startup Delay: 60.1
[MOJO] Latency: 9.104510233356393
Min of perceived avg chunk delivery-time: 7.53
Max of perceived avg chunk delivery-time: 10.65
Variance of perceived avg chunk delivery-time: 0.4944271288046959
StD of perceived avg chunk delivery-time: 0.7031551242824701
Avg messages sent per node: 7119.7
Min messages sent per node: 4459.0
Max messages sent per node: 11788.0
Variance of messages sent per node: 2323778.0875969054
StD of messages sent per node: 1524.3943346775156
Nodes with incomplete playbacks: 127
[MOJO] Continuity Index: 51.823076923076925
[MOJO] Packet Loss: 48.176923076923075
Min % of not played chunks: 0.0
Max % of not played chunks: 99.0
Not played chunks [chunk-id/nodes]: {1=72, 2=73, 3=59, 4=66, 5=60, 6=60, 7=50, 8=63, 9=60, 10=64, 11=57, 12=64, 13=58, 14=56, 15=57, 17=63, 16=62, 19=74, 18=59, 21=68, 20=64, 23=53, 22=78, 25=44, 24=55, 27=68, 26=69, 29=64, 28=60, 31=58, 30=66, 34=62, 35=66, 32=70, 33=62, 38=59, 39=71, 36=70, 37=63, 42=70, 43=54, 40=65, 41=60, 46=60, 47=53, 44=78, 45=58, 51=60, 50=68, 49=69, 48=66, 55=60, 54=66, 53=69, 52=63, 59=66, 58=68, 57=65, 56=59, 63=56, 62=69, 61=60, 60=73, 68=65, 69=68, 70=67, 71=61, 64=65, 65=59, 66=58, 67=68, 76=66, 77=69, 78=60, 79=62, 72=58, 73=55, 74=68, 75=61, 85=67, 84=58, 87=58, 86=57, 81=59, 80=64, 83=59, 82=57, 93=65, 92=66, 95=62, 94=76, 89=74, 88=63, 91=62, 90=71, 98=69, 99=63, 96=65, 97=56}
Avg distance between not played chunks: 4.054638962088366
Min distance between not played chunks: 1.0
Max distance between not played chunks: 41.0

HELPING PEERS LOG

[HELPING] Active nodes: 91
[HELPING] Started playbacks: 91
[HELPING] Not started playbacks node-ids: []
[HELPING] Playbacks time-window: 493
[HELPING] Missing chunks distribution [missed-chunks/nodes]: {0=90, 7=1}
[HELPING] Rejected chunks for ttl expiration [chunk-id/nodes]: 7 {0=1, 3=1, 4=1, 5=1, 6=1, 7=1, 8=1}
[HELPING] Rejected chunks for capacity limit [chunk-id/nodes]: 0 {}
[HELPING] bandwidthUtilUp: 0.014770880691831375
[HELPING] bandwidthUtilDown: 0.008899103291266468
[HELPING] Avg # of unsent chunk for max-retries: 0.01098901098901099
[HELPING] Min # of unsent chunk for max-retries: 0.0
[HELPING] Max # of unsent chunk for max-retries: 1.0
[HELPING] Avg # of unsent chunk-reqs for max-retries: 0.0
[HELPING] Min # of unsent chunk-reqs for max-retries: 0.0
[HELPING] Max # of unsent chunk-reqs for max-retries: 0.0
[HELPING] Avg % of chunks received by Pastry: 5.406593406593407
[HELPING] Min % of chunks received by Pastry: 0.0
[HELPING] Max % of chunks received by Pastry: 12.0
[HELPING] StD of chunks received by Pastry: 2.7405515340206077
[HELPING] Var of chunks received by Pastry: 7.510622710622705
[HELPING] Avg % of chunks received by StarStream: 93.61538461538461
[HELPING] Min % of chunks received by StarStream: 87.0
[HELPING] Max % of chunks received by StarStream: 100.0
[HELPING] StD of chunks received by StarStream: 2.7879471968904834
[HELPING] Var of chunks received by StarStream: 7.772649572649505
[HELPING] Startup Delay: 336.38461538461536
[HELPING] Latency: 9.280060570663592
[HELPING] Min of perceived avg chunk delivery-time: 8.01
[HELPING] Max of perceived avg chunk delivery-time: 11.34
[HELPING] Variance of perceived avg chunk delivery-time: 0.42440615703545176
[HELPING] StD of perceived avg chunk delivery-time: 0.6514646245464536
[HELPING] Avg messages sent per node: 7271.945054945055
[HELPING] Min messages sent per node: 4021.0
[HELPING] Max messages sent per node: 9930.0
[HELPING] Variance of messages sent per node: 2231158.3191697192
[HELPING] StD of messages sent per node: 1493.706235901062
[HELPING] Nodes with incomplete playbacks: 84
[HELPING] Packet Loss: 39.120879120879124
[HELPING] Min % of not played chunks: 0.0
[HELPING] Max % of not played chunks: 99.0
[HELPING] Not played chunks [chunk-id/nodes]: {1=39, 2=44, 3=37, 4=45, 5=47, 6=33, 7=27, 8=39, 9=31, 10=41, 11=31, 12=40, 13=43, 14=29, 15=40, 17=31, 16=39, 19=34, 18=37, 21=38, 20=40, 23=33, 22=37, 25=29, 24=35, 27=30, 26=34, 29=43, 28=44, 31=38, 30=34, 34=36, 35=37, 32=36, 33=37, 38=37, 39=41, 36=39, 37=35, 42=28, 43=36, 40=36, 41=29, 46=35, 47=30, 44=34, 45=28, 51=39, 50=37, 49=38, 48=36, 55=35, 54=35, 53=36, 52=35, 59=44, 58=40, 57=38, 56=31, 63=26, 62=38, 61=31, 60=35, 68=33, 69=29, 70=40, 71=28, 64=32, 65=36, 66=35, 67=33, 76=31, 77=44, 78=32, 79=37, 72=40, 73=40, 74=38, 75=30, 85=37, 84=35, 87=33, 86=35, 81=37, 80=32, 83=38, 82=31, 93=40, 92=35, 95=34, 94=43, 89=36, 88=39, 91=34, 90=44, 98=40, 99=34, 96=36, 97=39}
[HELPING] Avg distance between not played chunks: 3.626095693491009
[HELPING] Min distance between not played chunks: 1.0
[HELPING] Max distance between not played chunks: 22.5

