Total chunks: 100
Nodes x chunk: 19
Total nodes: 130
Active nodes: 130
Started playbacks: 130
Not started playbacks node-ids: []
Playbacks time-window: 2063
Missing chunks distribution [missed-chunks/nodes]: {0=127, 2=1, 33=1, 4=1}
Rejected chunks for ttl expiration [chunk-id/nodes]: 34 {0=11, 2=1, 8=1, 9=1, 10=1, 11=1, 12=1, 13=1, 14=1, 15=1, 17=1, 16=1, 19=1, 18=1, 21=1, 20=1, 23=1, 22=1, 24=1, 27=1, 26=1, 29=1, 28=1, 31=1, 30=1, 34=1, 35=1, 32=1, 33=1, 38=1, 39=1, 36=1, 37=1, 40=1}
Rejected chunks for capacity limit [chunk-id/nodes]: 0 {}
bandwidthUtilUp: 0.012716702449880046
bandwidthUtilDown: 0.0082633078535481
Avg # of unsent chunk for max-retries: 0.0
Min # of unsent chunk for max-retries: 0.0
Max # of unsent chunk for max-retries: 0.0
Avg # of unsent chunk-reqs for max-retries: 0.0
Min # of unsent chunk-reqs for max-retries: 0.0
Max # of unsent chunk-reqs for max-retries: 0.0
Avg % of chunks received by Pastry: 6.153846153846154
Min % of chunks received by Pastry: 0.0
Max % of chunks received by Pastry: 16.0
StD of chunks received by Pastry: 3.4516854403680326
Var of chunks received by Pastry: 11.914132379248658
Avg % of chunks received by StarStream: 92.8923076923077
Min % of chunks received by StarStream: 83.0
Max % of chunks received by StarStream: 100.0
StD of chunks received by StarStream: 3.5179410685733616
Var of chunks received by StarStream: 12.375909361955085
[NONMOJO] Startup Delay: 184.4
[MOJO] Startup Delay: 151.8
[MOJO] Latency: 8.534430591213727
Min of perceived avg chunk delivery-time: 6.73
Max of perceived avg chunk delivery-time: 21.866666666666667
Variance of perceived avg chunk delivery-time: 2.3351175971133
StD of perceived avg chunk delivery-time: 1.5281091574600618
Avg messages sent per node: 4373.484615384616
Min messages sent per node: 1873.0
Max messages sent per node: 9167.0
Variance of messages sent per node: 2484978.453249852
StD of messages sent per node: 1576.381442814477
Nodes with incomplete playbacks: 99
[MOJO] Continuity Index: 64.1076923076923
[MOJO] Packet Loss: 35.89230769230769
Min % of not played chunks: 0.0
Max % of not played chunks: 99.0
Not played chunks [chunk-id/nodes]: {1=66, 2=57, 3=45, 4=48, 5=50, 6=49, 7=42, 8=48, 9=52, 10=44, 11=46, 12=41, 13=48, 14=49, 15=45, 17=47, 16=47, 19=50, 18=48, 21=45, 20=49, 23=42, 22=43, 25=43, 24=44, 27=51, 26=50, 29=49, 28=50, 31=38, 30=49, 34=45, 35=48, 32=49, 33=53, 38=46, 39=45, 36=43, 37=46, 42=40, 43=46, 40=43, 41=47, 46=42, 47=47, 44=41, 45=49, 51=47, 50=51, 49=47, 48=52, 55=46, 54=49, 53=55, 52=50, 59=45, 58=53, 57=50, 56=41, 63=48, 62=45, 61=47, 60=42, 68=44, 69=48, 70=51, 71=46, 64=45, 65=47, 66=47, 67=53, 76=44, 77=52, 78=45, 79=45, 72=47, 73=43, 74=52, 75=46, 85=52, 84=49, 87=48, 86=47, 81=45, 80=45, 83=51, 82=46, 93=48, 92=51, 95=46, 94=46, 89=41, 88=47, 91=44, 90=51, 98=46, 99=44, 96=45, 97=46}
Avg distance between not played chunks: 2.7048482811788306
Min distance between not played chunks: 1.0
Max distance between not played chunks: 20.0

HELPING PEERS LOG

[HELPING] Active nodes: 0
[HELPING] Started playbacks: 0
[HELPING] Not started playbacks node-ids: []
[HELPING] Playbacks time-window: -9223372036854775807
[HELPING] Missing chunks distribution [missed-chunks/nodes]: {}
[HELPING] Rejected chunks for ttl expiration [chunk-id/nodes]: 0 {}
[HELPING] Rejected chunks for capacity limit [chunk-id/nodes]: 0 {}
[HELPING] bandwidthUtilUp: NaN
[HELPING] bandwidthUtilDown: NaN
[HELPING] Avg # of unsent chunk for max-retries: NaN
[HELPING] Min # of unsent chunk for max-retries: Infinity
[HELPING] Max # of unsent chunk for max-retries: -Infinity
[HELPING] Avg # of unsent chunk-reqs for max-retries: NaN
[HELPING] Min # of unsent chunk-reqs for max-retries: Infinity
[HELPING] Max # of unsent chunk-reqs for max-retries: -Infinity
[HELPING] Avg % of chunks received by Pastry: NaN
[HELPING] Min % of chunks received by Pastry: Infinity
[HELPING] Max % of chunks received by Pastry: -Infinity
[HELPING] StD of chunks received by Pastry: 0.0
[HELPING] Var of chunks received by Pastry: 0.0
[HELPING] Avg % of chunks received by StarStream: NaN
[HELPING] Min % of chunks received by StarStream: Infinity
[HELPING] Max % of chunks received by StarStream: -Infinity
[HELPING] StD of chunks received by StarStream: 0.0
[HELPING] Var of chunks received by StarStream: 0.0
[HELPING] Latency: NaN
[HELPING] Min of perceived avg chunk delivery-time: Infinity
[HELPING] Max of perceived avg chunk delivery-time: -Infinity
[HELPING] Variance of perceived avg chunk delivery-time: 0.0
[HELPING] StD of perceived avg chunk delivery-time: 0.0
[HELPING] Avg messages sent per node: NaN
[HELPING] Min messages sent per node: Infinity
[HELPING] Max messages sent per node: -Infinity
[HELPING] Variance of messages sent per node: 0.0
[HELPING] StD of messages sent per node: 0.0
[HELPING] Nodes with incomplete playbacks: 0
[HELPING] Packet Loss: NaN
[HELPING] Min % of not played chunks: Infinity
[HELPING] Max % of not played chunks: -Infinity
[HELPING] Not played chunks [chunk-id/nodes]: {}
[HELPING] Avg distance between not played chunks: NaN
[HELPING] Min distance between not played chunks: Infinity
[HELPING] Max distance between not played chunks: -Infinity

