Total chunks: 100
Nodes x chunk: 19
Total nodes: 208
Active nodes: 130
Started playbacks: 130
Not started playbacks node-ids: []
Playbacks time-window: 215
Missing chunks distribution [missed-chunks/nodes]: {0=130}
Rejected chunks for ttl expiration [chunk-id/nodes]: 0 {}
Rejected chunks for capacity limit [chunk-id/nodes]: 0 {}
bandwidthUtilUp: 0.014991943036756423
bandwidthUtilDown: 0.009268157981352032
Avg # of unsent chunk for max-retries: 0.007692307692307693
Min # of unsent chunk for max-retries: 0.0
Max # of unsent chunk for max-retries: 1.0
Avg # of unsent chunk-reqs for max-retries: 0.0
Min # of unsent chunk-reqs for max-retries: 0.0
Max # of unsent chunk-reqs for max-retries: 0.0
Avg % of chunks received by Pastry: 5.769230769230769
Min % of chunks received by Pastry: 1.0
Max % of chunks received by Pastry: 13.0
StD of chunks received by Pastry: 2.997514374770019
Var of chunks received by Pastry: 8.985092426952898
Avg % of chunks received by StarStream: 93.23076923076923
Min % of chunks received by StarStream: 86.0
Max % of chunks received by StarStream: 98.0
StD of chunks received by StarStream: 2.9975143747701765
Var of chunks received by StarStream: 8.985092426953843
[NONMOJO] Startup Delay: 297.5692307692308
[MOJO] Startup Delay: 71.3
[MOJO] Latency: 8.951653356134946
Min of perceived avg chunk delivery-time: 7.53
Max of perceived avg chunk delivery-time: 11.8659793814433
Variance of perceived avg chunk delivery-time: 0.5413295686402926
StD of perceived avg chunk delivery-time: 0.7357510235400917
Avg messages sent per node: 7119.976923076923
Min messages sent per node: 3991.0
Max messages sent per node: 10429.0
Variance of messages sent per node: 2430148.363804402
StD of messages sent per node: 1558.8933137980937
Nodes with incomplete playbacks: 127
[MOJO] Continuity Index: 45.41538461538462
[MOJO] Packet Loss: 54.58461538461538
Min % of not played chunks: 0.0
Max % of not played chunks: 99.0
Not played chunks [chunk-id/nodes]: {1=78, 2=78, 3=65, 4=68, 5=76, 6=85, 7=65, 8=74, 9=70, 10=74, 11=78, 12=69, 13=64, 14=74, 15=74, 17=75, 16=67, 19=65, 18=69, 21=81, 20=68, 23=73, 22=75, 25=79, 24=61, 27=69, 26=76, 29=71, 28=75, 31=67, 30=63, 34=67, 35=71, 32=77, 33=68, 38=69, 39=67, 36=71, 37=74, 42=76, 43=66, 40=63, 41=68, 46=72, 47=75, 44=76, 45=74, 51=75, 50=66, 49=66, 48=72, 55=64, 54=71, 53=72, 52=70, 59=70, 58=78, 57=69, 56=80, 63=72, 62=71, 61=76, 60=67, 68=76, 69=84, 70=71, 71=69, 64=74, 65=68, 66=80, 67=75, 76=74, 77=68, 78=78, 79=73, 72=75, 73=66, 74=70, 75=73, 85=74, 84=74, 87=76, 86=74, 81=75, 80=79, 83=70, 82=57, 93=70, 92=74, 95=67, 94=74, 89=70, 88=74, 91=76, 90=65, 98=68, 99=67, 96=69, 97=70}
Avg distance between not played chunks: 2.9185155095492
Min distance between not played chunks: 1.0
Max distance between not played chunks: 23.25

HELPING PEERS LOG

[HELPING] Active nodes: 78
[HELPING] Started playbacks: 78
[HELPING] Not started playbacks node-ids: []
[HELPING] Playbacks time-window: 595
[HELPING] Missing chunks distribution [missed-chunks/nodes]: {0=76, 6=1, 9=1}
[HELPING] Rejected chunks for ttl expiration [chunk-id/nodes]: 9 {2=1, 3=2, 4=2, 5=2, 6=2, 7=1, 8=1, 9=1, 10=1}
[HELPING] Rejected chunks for capacity limit [chunk-id/nodes]: 0 {}
[HELPING] bandwidthUtilUp: 0.014643789246890186
[HELPING] bandwidthUtilDown: 0.008645184478943248
[HELPING] Avg # of unsent chunk for max-retries: 0.0
[HELPING] Min # of unsent chunk for max-retries: 0.0
[HELPING] Max # of unsent chunk for max-retries: 0.0
[HELPING] Avg # of unsent chunk-reqs for max-retries: 0.0
[HELPING] Min # of unsent chunk-reqs for max-retries: 0.0
[HELPING] Max # of unsent chunk-reqs for max-retries: 0.0
[HELPING] Avg % of chunks received by Pastry: 4.935897435897436
[HELPING] Min % of chunks received by Pastry: 0.0
[HELPING] Max % of chunks received by Pastry: 14.0
[HELPING] StD of chunks received by Pastry: 2.8664641488455267
[HELPING] Var of chunks received by Pastry: 8.216616716616711
[HELPING] Avg % of chunks received by StarStream: 94.12820512820512
[HELPING] Min % of chunks received by StarStream: 85.0
[HELPING] Max % of chunks received by StarStream: 100.0
[HELPING] StD of chunks received by StarStream: 2.9776613082195116
[HELPING] Var of chunks received by StarStream: 8.866466866467533
[HELPING] Startup Delay: 324.14102564102564
[HELPING] Latency: 9.168291158218642
[HELPING] Min of perceived avg chunk delivery-time: 7.96
[HELPING] Max of perceived avg chunk delivery-time: 11.56989247311828
[HELPING] Variance of perceived avg chunk delivery-time: 0.47722709556484155
[HELPING] StD of perceived avg chunk delivery-time: 0.6908162531128241
[HELPING] Avg messages sent per node: 7267.282051282052
[HELPING] Min messages sent per node: 4566.0
[HELPING] Max messages sent per node: 9498.0
[HELPING] Variance of messages sent per node: 1820913.42590742
[HELPING] StD of messages sent per node: 1349.412252022124
[HELPING] Nodes with incomplete playbacks: 71
[HELPING] Packet Loss: 40.06410256410256
[HELPING] Min % of not played chunks: 0.0
[HELPING] Max % of not played chunks: 99.0
[HELPING] Not played chunks [chunk-id/nodes]: {1=40, 2=28, 3=38, 4=40, 5=38, 6=40, 7=30, 8=33, 9=29, 10=32, 11=31, 12=32, 13=30, 14=33, 15=32, 17=34, 16=24, 19=32, 18=26, 21=31, 20=27, 23=34, 22=34, 25=32, 24=32, 27=30, 26=39, 29=29, 28=33, 31=29, 30=34, 34=29, 35=25, 32=32, 33=25, 38=26, 39=30, 36=34, 37=36, 42=30, 43=33, 40=30, 41=26, 46=32, 47=34, 44=35, 45=34, 51=32, 50=30, 49=35, 48=33, 55=29, 54=30, 53=28, 52=30, 59=31, 58=37, 57=38, 56=29, 63=32, 62=27, 61=35, 60=32, 68=30, 69=43, 70=35, 71=31, 64=35, 65=27, 66=31, 67=29, 76=29, 77=33, 78=30, 79=32, 72=32, 73=27, 74=34, 75=31, 85=35, 84=30, 87=28, 86=31, 81=32, 80=28, 83=41, 82=32, 93=27, 92=31, 95=29, 94=30, 89=28, 88=29, 91=33, 90=29, 98=31, 99=35, 96=25, 97=27}
[HELPING] Avg distance between not played chunks: 2.909277159968331
[HELPING] Min distance between not played chunks: 1.0
[HELPING] Max distance between not played chunks: 12.0

