Total chunks: 100
Nodes x chunk: 19
Total nodes: 260
Active nodes: 130
Started playbacks: 130
Not started playbacks node-ids: []
Playbacks time-window: 91
Missing chunks distribution [missed-chunks/nodes]: {0=130}
Rejected chunks for ttl expiration [chunk-id/nodes]: 0 {}
Rejected chunks for capacity limit [chunk-id/nodes]: 0 {}
bandwidthUtilUp: 0.014930350882756776
bandwidthUtilDown: 0.009234898504768229
Avg # of unsent chunk for max-retries: 0.1076923076923077
Min # of unsent chunk for max-retries: 0.0
Max # of unsent chunk for max-retries: 2.0
Avg # of unsent chunk-reqs for max-retries: 0.0
Min # of unsent chunk-reqs for max-retries: 0.0
Max # of unsent chunk-reqs for max-retries: 0.0
Avg % of chunks received by Pastry: 6.1
Min % of chunks received by Pastry: 0.0
Max % of chunks received by Pastry: 16.0
StD of chunks received by Pastry: 3.0291861930637527
Var of chunks received by Pastry: 9.17596899224807
Avg % of chunks received by StarStream: 92.9
Min % of chunks received by StarStream: 83.0
Max % of chunks received by StarStream: 99.0
StD of chunks received by StarStream: 3.0291861930634356
Var of chunks received by StarStream: 9.17596899224615
[NONMOJO] Startup Delay: 401.10769230769233
[MOJO] Startup Delay: 122.9
[MOJO] Latency: 9.882233100233103
Min of perceived avg chunk delivery-time: 8.25
Max of perceived avg chunk delivery-time: 12.03
Variance of perceived avg chunk delivery-time: 0.48166161849419054
StD of perceived avg chunk delivery-time: 0.6940184568829496
Avg messages sent per node: 7116.8538461538465
Min messages sent per node: 4081.0
Max messages sent per node: 10769.0
Variance of messages sent per node: 2334613.0714967167
StD of messages sent per node: 1527.9440668744116
Nodes with incomplete playbacks: 129
[MOJO] Continuity Index: 51.16923076923077
[MOJO] Packet Loss: 48.83076923076923
Min % of not played chunks: 0.0
Max % of not played chunks: 99.0
Not played chunks [chunk-id/nodes]: {1=69, 2=70, 3=65, 4=71, 5=68, 6=62, 7=65, 8=58, 9=69, 10=56, 11=66, 12=71, 13=67, 14=63, 15=67, 17=65, 16=64, 19=63, 18=59, 21=62, 20=55, 23=53, 22=63, 25=64, 24=51, 27=49, 26=55, 29=58, 28=60, 31=67, 30=61, 34=71, 35=61, 32=73, 33=77, 38=69, 39=80, 36=64, 37=61, 42=68, 43=64, 40=67, 41=63, 46=74, 47=64, 44=62, 45=63, 51=76, 50=71, 49=61, 48=66, 55=59, 54=72, 53=61, 52=62, 59=64, 58=64, 57=58, 56=63, 63=71, 62=49, 61=60, 60=62, 68=74, 69=67, 70=58, 71=64, 64=58, 65=67, 66=67, 67=67, 76=55, 77=64, 78=63, 79=60, 72=61, 73=68, 74=65, 75=53, 85=72, 84=65, 87=66, 86=56, 81=65, 80=57, 83=68, 82=59, 93=72, 92=68, 95=65, 94=65, 89=72, 88=61, 91=71, 90=58, 98=69, 99=68, 96=72, 97=52}
Avg distance between not played chunks: 3.6473893069410925
Min distance between not played chunks: 1.0
Max distance between not played chunks: 15.166666666666666

HELPING PEERS LOG

[HELPING] Active nodes: 130
[HELPING] Started playbacks: 130
[HELPING] Not started playbacks node-ids: []
[HELPING] Playbacks time-window: 366
[HELPING] Missing chunks distribution [missed-chunks/nodes]: {0=129, 3=1}
[HELPING] Rejected chunks for ttl expiration [chunk-id/nodes]: 2 {0=2, 2=1}
[HELPING] Rejected chunks for capacity limit [chunk-id/nodes]: 0 {}
[HELPING] bandwidthUtilUp: 0.014952187355007224
[HELPING] bandwidthUtilDown: 0.008861467950113585
[HELPING] Avg # of unsent chunk for max-retries: 0.11538461538461539
[HELPING] Min # of unsent chunk for max-retries: 0.0
[HELPING] Max # of unsent chunk for max-retries: 3.0
[HELPING] Avg # of unsent chunk-reqs for max-retries: 0.0
[HELPING] Min # of unsent chunk-reqs for max-retries: 0.0
[HELPING] Max # of unsent chunk-reqs for max-retries: 0.0
[HELPING] Avg % of chunks received by Pastry: 4.861538461538461
[HELPING] Min % of chunks received by Pastry: 0.0
[HELPING] Max % of chunks received by Pastry: 12.0
[HELPING] StD of chunks received by Pastry: 2.5812497608651914
[HELPING] Var of chunks received by Pastry: 6.662850327966608
[HELPING] Avg % of chunks received by StarStream: 94.15384615384616
[HELPING] Min % of chunks received by StarStream: 87.0
[HELPING] Max % of chunks received by StarStream: 100.0
[HELPING] StD of chunks received by StarStream: 2.60726932047335
[HELPING] Var of chunks received by StarStream: 6.797853309481564
[HELPING] Startup Delay: 405.96923076923076
[HELPING] Latency: 10.083360564039134
[HELPING] Min of perceived avg chunk delivery-time: 8.64
[HELPING] Max of perceived avg chunk delivery-time: 15.604166666666666
[HELPING] Variance of perceived avg chunk delivery-time: 0.6162732642637239
[HELPING] StD of perceived avg chunk delivery-time: 0.7850307409673355
[HELPING] Avg messages sent per node: 7312.5615384615385
[HELPING] Min messages sent per node: 4312.0
[HELPING] Max messages sent per node: 11093.0
[HELPING] Variance of messages sent per node: 2549638.9457960674
[HELPING] StD of messages sent per node: 1596.7588878086972
[HELPING] Nodes with incomplete playbacks: 123
[HELPING] Packet Loss: 49.59230769230769
[HELPING] Min % of not played chunks: 0.0
[HELPING] Max % of not played chunks: 99.0
[HELPING] Not played chunks [chunk-id/nodes]: {1=73, 2=68, 3=73, 4=64, 5=77, 6=61, 7=68, 8=70, 9=62, 10=71, 11=74, 12=63, 13=76, 14=63, 15=70, 17=60, 16=72, 19=67, 18=66, 21=61, 20=64, 23=60, 22=68, 25=66, 24=68, 27=58, 26=66, 29=67, 28=63, 31=73, 30=62, 34=71, 35=63, 32=69, 33=64, 38=65, 39=64, 36=67, 37=57, 42=63, 43=62, 40=68, 41=63, 46=68, 47=73, 44=59, 45=64, 51=75, 50=71, 49=66, 48=73, 55=50, 54=68, 53=60, 52=58, 59=66, 58=63, 57=60, 56=56, 63=69, 62=64, 61=63, 60=56, 68=64, 69=63, 70=59, 71=71, 64=57, 65=70, 66=66, 67=64, 76=55, 77=66, 78=67, 79=62, 72=66, 73=72, 74=71, 75=60, 85=70, 84=71, 87=60, 86=57, 81=56, 80=61, 83=66, 82=54, 93=53, 92=61, 95=74, 94=60, 89=70, 88=60, 91=74, 90=68, 98=67, 99=67, 96=73, 97=60}
[HELPING] Avg distance between not played chunks: 3.120414075809075
[HELPING] Min distance between not played chunks: 1.0
[HELPING] Max distance between not played chunks: 19.4

