Total chunks: 100
Nodes x chunk: 19
Total nodes: 182
Active nodes: 130
Started playbacks: 130
Not started playbacks node-ids: []
Playbacks time-window: 307
Missing chunks distribution [missed-chunks/nodes]: {0=129, 2=1}
Rejected chunks for ttl expiration [chunk-id/nodes]: 2 {0=2, 2=1}
Rejected chunks for capacity limit [chunk-id/nodes]: 0 {}
bandwidthUtilUp: 0.014594877981212529
bandwidthUtilDown: 0.008976520949066499
Avg # of unsent chunk for max-retries: 0.0
Min # of unsent chunk for max-retries: 0.0
Max # of unsent chunk for max-retries: 0.0
Avg # of unsent chunk-reqs for max-retries: 0.0
Min # of unsent chunk-reqs for max-retries: 0.0
Max # of unsent chunk-reqs for max-retries: 0.0
Avg % of chunks received by Pastry: 5.130769230769231
Min % of chunks received by Pastry: 0.0
Max % of chunks received by Pastry: 13.0
StD of chunks received by Pastry: 2.665857808156594
Var of chunks received by Pastry: 7.106797853309478
Avg % of chunks received by StarStream: 93.88461538461539
Min % of chunks received by StarStream: 86.0
Max % of chunks received by StarStream: 100.0
StD of chunks received by StarStream: 2.698361878560367
Var of chunks received by StarStream: 7.281156827667833
[NONMOJO] Startup Delay: 249.64615384615385
[MOJO] Startup Delay: 132.7
[MOJO] Latency: 8.648051604425685
Min of perceived avg chunk delivery-time: 6.75
Max of perceived avg chunk delivery-time: 13.092783505154639
Variance of perceived avg chunk delivery-time: 0.7021232198783316
StD of perceived avg chunk delivery-time: 0.8379279323893741
Avg messages sent per node: 6906.123076923077
Min messages sent per node: 4221.0
Max messages sent per node: 9760.0
Variance of messages sent per node: 2234541.0855098395
StD of messages sent per node: 1494.838146927566
Nodes with incomplete playbacks: 125
[MOJO] Continuity Index: 51.09230769230769
[MOJO] Packet Loss: 48.90769230769231
Min % of not played chunks: 0.0
Max % of not played chunks: 99.0
Not played chunks [chunk-id/nodes]: {1=71, 2=73, 3=64, 4=64, 5=65, 6=67, 7=63, 8=59, 9=66, 10=63, 11=57, 12=54, 13=60, 14=62, 15=56, 17=58, 16=59, 19=60, 18=67, 21=72, 20=62, 23=51, 22=67, 25=71, 24=61, 27=67, 26=56, 29=58, 28=58, 31=61, 30=67, 34=66, 35=64, 32=57, 33=70, 38=52, 39=68, 36=64, 37=64, 42=72, 43=78, 40=71, 41=70, 46=61, 47=70, 44=63, 45=60, 51=67, 50=66, 49=65, 48=57, 55=65, 54=58, 53=69, 52=74, 59=64, 58=64, 57=76, 56=72, 63=63, 62=66, 61=56, 60=66, 68=57, 69=70, 70=63, 71=59, 64=60, 65=64, 66=59, 67=66, 76=65, 77=64, 78=74, 79=69, 72=66, 73=68, 74=62, 75=62, 85=67, 84=67, 87=69, 86=67, 81=59, 80=57, 83=56, 82=62, 93=54, 92=75, 95=66, 94=68, 89=63, 88=69, 91=60, 90=74, 98=62, 99=59, 96=68, 97=71}
Avg distance between not played chunks: 3.299392320967786
Min distance between not played chunks: 1.0
Max distance between not played chunks: 52.0

HELPING PEERS LOG

[HELPING] Active nodes: 52
[HELPING] Started playbacks: 52
[HELPING] Not started playbacks node-ids: []
[HELPING] Playbacks time-window: 317
[HELPING] Missing chunks distribution [missed-chunks/nodes]: {0=51, 3=1}
[HELPING] Rejected chunks for ttl expiration [chunk-id/nodes]: 3 {0=3, 2=1, 3=1}
[HELPING] Rejected chunks for capacity limit [chunk-id/nodes]: 0 {}
[HELPING] bandwidthUtilUp: 0.014126960525036756
[HELPING] bandwidthUtilDown: 0.008004739187646675
[HELPING] Avg # of unsent chunk for max-retries: 0.0
[HELPING] Min # of unsent chunk for max-retries: 0.0
[HELPING] Max # of unsent chunk for max-retries: 0.0
[HELPING] Avg # of unsent chunk-reqs for max-retries: 0.0
[HELPING] Min # of unsent chunk-reqs for max-retries: 0.0
[HELPING] Max # of unsent chunk-reqs for max-retries: 0.0
[HELPING] Avg % of chunks received by Pastry: 4.8076923076923075
[HELPING] Min % of chunks received by Pastry: 0.0
[HELPING] Max % of chunks received by Pastry: 11.0
[HELPING] StD of chunks received by Pastry: 2.465753367264245
[HELPING] Var of chunks received by Pastry: 6.079939668174964
[HELPING] Avg % of chunks received by StarStream: 94.26923076923077
[HELPING] Min % of chunks received by StarStream: 88.0
[HELPING] Max % of chunks received by StarStream: 100.0
[HELPING] StD of chunks received by StarStream: 2.62054764980817
[HELPING] Var of chunks received by StarStream: 6.867269984915123
[HELPING] Startup Delay: 267.71153846153845
[HELPING] Latency: 9.007867688940497
[HELPING] Min of perceived avg chunk delivery-time: 6.888888888888889
[HELPING] Max of perceived avg chunk delivery-time: 13.802083333333334
[HELPING] Variance of perceived avg chunk delivery-time: 0.8579150286563458
[HELPING] StD of perceived avg chunk delivery-time: 0.9262370261743729
[HELPING] Avg messages sent per node: 7101.711538461538
[HELPING] Min messages sent per node: 4562.0
[HELPING] Max messages sent per node: 10004.0
[HELPING] Variance of messages sent per node: 1657791.660256418
[HELPING] StD of messages sent per node: 1287.552585433472
[HELPING] Nodes with incomplete playbacks: 41
[HELPING] Packet Loss: 34.25
[HELPING] Min % of not played chunks: 0.0
[HELPING] Max % of not played chunks: 99.0
[HELPING] Not played chunks [chunk-id/nodes]: {1=28, 2=20, 3=23, 4=21, 5=19, 6=14, 7=18, 8=19, 9=23, 10=20, 11=18, 12=14, 13=18, 14=20, 15=19, 17=15, 16=18, 19=20, 18=14, 21=20, 20=18, 23=18, 22=20, 25=19, 24=14, 27=21, 26=16, 29=17, 28=19, 31=15, 30=18, 34=18, 35=19, 32=16, 33=17, 38=15, 39=18, 36=13, 37=16, 42=19, 43=20, 40=18, 41=14, 46=15, 47=19, 44=13, 45=20, 51=17, 50=20, 49=18, 48=19, 55=18, 54=16, 53=18, 52=19, 59=23, 58=19, 57=16, 56=18, 63=15, 62=18, 61=15, 60=19, 68=20, 69=16, 70=25, 71=16, 64=17, 65=15, 66=17, 67=19, 76=20, 77=19, 78=21, 79=20, 72=20, 73=16, 74=17, 75=22, 85=21, 84=19, 87=14, 86=14, 81=19, 80=18, 83=11, 82=13, 93=17, 92=20, 95=14, 94=21, 89=13, 88=19, 91=22, 90=22, 98=18, 99=17, 96=19, 97=16}
[HELPING] Avg distance between not played chunks: 4.118980563601104
[HELPING] Min distance between not played chunks: 1.0
[HELPING] Max distance between not played chunks: 24.0

