Total chunks: 100
Nodes x chunk: 19
Total nodes: 130
Active nodes: 130
Started playbacks: 130
Not started playbacks node-ids: []
Playbacks time-window: 385
Missing chunks distribution [missed-chunks/nodes]: {0=127, 4=1, 6=2}
Rejected chunks for ttl expiration [chunk-id/nodes]: 6 {0=9, 2=1, 3=2, 4=2, 5=2, 6=1}
Rejected chunks for capacity limit [chunk-id/nodes]: 0 {}
bandwidthUtilUp: 0.011426490192624017
bandwidthUtilDown: 0.007075719181141286
Avg # of unsent chunk for max-retries: 0.0
Min # of unsent chunk for max-retries: 0.0
Max # of unsent chunk for max-retries: 0.0
Avg # of unsent chunk-reqs for max-retries: 0.0
Min # of unsent chunk-reqs for max-retries: 0.0
Max # of unsent chunk-reqs for max-retries: 0.0
Avg % of chunks received by Pastry: 9.53076923076923
Min % of chunks received by Pastry: 0.0
Max % of chunks received by Pastry: 21.0
StD of chunks received by Pastry: 3.7791522398229875
Var of chunks received by Pastry: 14.281991651759103
Avg % of chunks received by StarStream: 89.53846153846153
Min % of chunks received by StarStream: 78.0
Max % of chunks received by StarStream: 100.0
StD of chunks received by StarStream: 3.896239184820618
Var of chunks received by StarStream: 15.180679785331632
[NONMOJO] Startup Delay: 172.44615384615383
[MOJO] Startup Delay: 110.2
[MOJO] Latency: 9.33618616793535
Min of perceived avg chunk delivery-time: 7.0
Max of perceived avg chunk delivery-time: 15.51063829787234
Variance of perceived avg chunk delivery-time: 1.3007435279354516
StD of perceived avg chunk delivery-time: 1.1405014370597923
Avg messages sent per node: 2891.4307692307693
Min messages sent per node: 1628.0
Max messages sent per node: 6746.0
Variance of messages sent per node: 840216.8517590926
StD of messages sent per node: 916.6334336904216
Nodes with incomplete playbacks: 99
[MOJO] Continuity Index: 61.9
[MOJO] Packet Loss: 38.1
Min % of not played chunks: 0.0
Max % of not played chunks: 99.0
Not played chunks [chunk-id/nodes]: {1=61, 2=58, 3=55, 4=51, 5=51, 6=45, 7=43, 8=47, 9=53, 10=46, 11=53, 12=48, 13=44, 14=43, 15=43, 17=52, 16=38, 19=53, 18=47, 21=47, 20=54, 23=50, 22=50, 25=52, 24=47, 27=53, 26=48, 29=50, 28=49, 31=50, 30=43, 34=49, 35=44, 32=55, 33=55, 38=48, 39=56, 36=52, 37=47, 42=53, 43=59, 40=49, 41=55, 46=46, 47=47, 44=52, 45=49, 51=52, 50=53, 49=52, 48=55, 55=51, 54=50, 53=49, 52=51, 59=45, 58=50, 57=52, 56=51, 63=46, 62=47, 61=46, 60=49, 68=49, 69=50, 70=50, 71=49, 64=47, 65=55, 66=46, 67=48, 76=59, 77=45, 78=49, 79=54, 72=53, 73=51, 74=45, 75=44, 85=46, 84=49, 87=50, 86=53, 81=59, 80=50, 83=47, 82=54, 93=49, 92=52, 95=54, 94=51, 89=53, 88=49, 91=55, 90=50, 98=49, 99=51, 96=47, 97=52}
Avg distance between not played chunks: 3.1590435632589875
Min distance between not played chunks: 1.0
Max distance between not played chunks: 57.0

HELPING PEERS LOG

[HELPING] Active nodes: 0
[HELPING] Started playbacks: 0
[HELPING] Not started playbacks node-ids: []
[HELPING] Playbacks time-window: -9223372036854775807
[HELPING] Missing chunks distribution [missed-chunks/nodes]: {}
[HELPING] Rejected chunks for ttl expiration [chunk-id/nodes]: 0 {}
[HELPING] Rejected chunks for capacity limit [chunk-id/nodes]: 0 {}
[HELPING] bandwidthUtilUp: NaN
[HELPING] bandwidthUtilDown: NaN
[HELPING] Avg # of unsent chunk for max-retries: NaN
[HELPING] Min # of unsent chunk for max-retries: Infinity
[HELPING] Max # of unsent chunk for max-retries: -Infinity
[HELPING] Avg # of unsent chunk-reqs for max-retries: NaN
[HELPING] Min # of unsent chunk-reqs for max-retries: Infinity
[HELPING] Max # of unsent chunk-reqs for max-retries: -Infinity
[HELPING] Avg % of chunks received by Pastry: NaN
[HELPING] Min % of chunks received by Pastry: Infinity
[HELPING] Max % of chunks received by Pastry: -Infinity
[HELPING] StD of chunks received by Pastry: 0.0
[HELPING] Var of chunks received by Pastry: 0.0
[HELPING] Avg % of chunks received by StarStream: NaN
[HELPING] Min % of chunks received by StarStream: Infinity
[HELPING] Max % of chunks received by StarStream: -Infinity
[HELPING] StD of chunks received by StarStream: 0.0
[HELPING] Var of chunks received by StarStream: 0.0
[HELPING] Latency: NaN
[HELPING] Min of perceived avg chunk delivery-time: Infinity
[HELPING] Max of perceived avg chunk delivery-time: -Infinity
[HELPING] Variance of perceived avg chunk delivery-time: 0.0
[HELPING] StD of perceived avg chunk delivery-time: 0.0
[HELPING] Avg messages sent per node: NaN
[HELPING] Min messages sent per node: Infinity
[HELPING] Max messages sent per node: -Infinity
[HELPING] Variance of messages sent per node: 0.0
[HELPING] StD of messages sent per node: 0.0
[HELPING] Nodes with incomplete playbacks: 0
[HELPING] Packet Loss: NaN
[HELPING] Min % of not played chunks: Infinity
[HELPING] Max % of not played chunks: -Infinity
[HELPING] Not played chunks [chunk-id/nodes]: {}
[HELPING] Avg distance between not played chunks: NaN
[HELPING] Min distance between not played chunks: Infinity
[HELPING] Max distance between not played chunks: -Infinity

