Total chunks: 100
Nodes x chunk: 19
Total nodes: 169
Active nodes: 130
Started playbacks: 130
Not started playbacks node-ids: []
Playbacks time-window: 713
Missing chunks distribution [missed-chunks/nodes]: {0=128, 8=1, 13=1}
Rejected chunks for ttl expiration [chunk-id/nodes]: 13 {0=2, 2=1, 3=2, 4=2, 5=2, 6=2, 7=2, 8=2, 9=2, 10=1, 11=1, 12=1, 13=1}
Rejected chunks for capacity limit [chunk-id/nodes]: 0 {}
bandwidthUtilUp: 0.014457063497080843
bandwidthUtilDown: 0.008896969439253
Avg # of unsent chunk for max-retries: 0.0
Min # of unsent chunk for max-retries: 0.0
Max # of unsent chunk for max-retries: 0.0
Avg # of unsent chunk-reqs for max-retries: 0.0
Min # of unsent chunk-reqs for max-retries: 0.0
Max # of unsent chunk-reqs for max-retries: 0.0
Avg % of chunks received by Pastry: 4.676923076923077
Min % of chunks received by Pastry: 0.0
Max % of chunks received by Pastry: 12.0
StD of chunks received by Pastry: 2.8562874603324633
Var of chunks received by Pastry: 8.158378056052474
Avg % of chunks received by StarStream: 94.34615384615384
Min % of chunks received by StarStream: 87.0
Max % of chunks received by StarStream: 100.0
StD of chunks received by StarStream: 2.8980387339165343
Var of chunks received by StarStream: 8.398628503280548
[NONMOJO] Startup Delay: 232.35384615384615
[MOJO] Startup Delay: 81.9
[MOJO] Latency: 8.32814561240687
Min of perceived avg chunk delivery-time: 6.94
Max of perceived avg chunk delivery-time: 11.383720930232558
Variance of perceived avg chunk delivery-time: 0.5177935177463956
StD of perceived avg chunk delivery-time: 0.719578708513805
Avg messages sent per node: 6850.746153846154
Min messages sent per node: 3755.0
Max messages sent per node: 10491.0
Variance of messages sent per node: 2385806.795527724
StD of messages sent per node: 1544.6057087579743
Nodes with incomplete playbacks: 120
[MOJO] Continuity Index: 53.76923076923077
[MOJO] Packet Loss: 46.23076923076923
Min % of not played chunks: 0.0
Max % of not played chunks: 99.0
Not played chunks [chunk-id/nodes]: {1=65, 2=76, 3=57, 4=63, 5=70, 6=60, 7=55, 8=60, 9=70, 10=50, 11=62, 12=57, 13=65, 14=62, 15=66, 17=61, 16=60, 19=63, 18=63, 21=64, 20=66, 23=62, 22=60, 25=62, 24=63, 27=55, 26=64, 29=67, 28=58, 31=49, 30=56, 34=59, 35=63, 32=66, 33=61, 38=59, 39=64, 36=53, 37=59, 42=60, 43=58, 40=68, 41=55, 46=65, 47=57, 44=69, 45=63, 51=55, 50=61, 49=62, 48=58, 55=57, 54=59, 53=60, 52=58, 59=60, 58=60, 57=58, 56=52, 63=75, 62=48, 61=61, 60=59, 68=56, 69=65, 70=61, 71=51, 64=70, 65=59, 66=63, 67=60, 76=63, 77=67, 78=68, 79=59, 72=58, 73=49, 74=71, 75=59, 85=50, 84=64, 87=57, 86=61, 81=67, 80=56, 83=69, 82=70, 93=59, 92=56, 95=53, 94=58, 89=55, 88=63, 91=56, 90=68, 98=60, 99=57, 96=60, 97=59}
Avg distance between not played chunks: 4.351230611738369
Min distance between not played chunks: 1.0
Max distance between not played chunks: 73.0

HELPING PEERS LOG

[HELPING] Active nodes: 39
[HELPING] Started playbacks: 39
[HELPING] Not started playbacks node-ids: []
[HELPING] Playbacks time-window: 243
[HELPING] Missing chunks distribution [missed-chunks/nodes]: {0=38, 1=1}
[HELPING] Rejected chunks for ttl expiration [chunk-id/nodes]: 1 {0=2}
[HELPING] Rejected chunks for capacity limit [chunk-id/nodes]: 0 {}
[HELPING] bandwidthUtilUp: 0.01440692929704281
[HELPING] bandwidthUtilDown: 0.008245803341790491
[HELPING] Avg # of unsent chunk for max-retries: 0.0
[HELPING] Min # of unsent chunk for max-retries: 0.0
[HELPING] Max # of unsent chunk for max-retries: 0.0
[HELPING] Avg # of unsent chunk-reqs for max-retries: 0.0
[HELPING] Min # of unsent chunk-reqs for max-retries: 0.0
[HELPING] Max # of unsent chunk-reqs for max-retries: 0.0
[HELPING] Avg % of chunks received by Pastry: 3.948717948717949
[HELPING] Min % of chunks received by Pastry: 0.0
[HELPING] Max % of chunks received by Pastry: 9.0
[HELPING] StD of chunks received by Pastry: 2.4596610586860805
[HELPING] Var of chunks received by Pastry: 6.049932523616731
[HELPING] Avg % of chunks received by StarStream: 95.12820512820512
[HELPING] Min % of chunks received by StarStream: 90.0
[HELPING] Max % of chunks received by StarStream: 100.0
[HELPING] StD of chunks received by StarStream: 2.5770187506160673
[HELPING] Var of chunks received by StarStream: 6.641025641026797
[HELPING] Startup Delay: 264.6923076923077
[HELPING] Latency: 8.60910287552408
[HELPING] Min of perceived avg chunk delivery-time: 7.13
[HELPING] Max of perceived avg chunk delivery-time: 10.474226804123711
[HELPING] Variance of perceived avg chunk delivery-time: 0.618982975217372
[HELPING] StD of perceived avg chunk delivery-time: 0.7867547109597578
[HELPING] Avg messages sent per node: 7352.076923076923
[HELPING] Min messages sent per node: 4029.0
[HELPING] Max messages sent per node: 9716.0
[HELPING] Variance of messages sent per node: 2308839.8097166023
[HELPING] StD of messages sent per node: 1519.4866928395925
[HELPING] Nodes with incomplete playbacks: 31
[HELPING] Packet Loss: 27.205128205128204
[HELPING] Min % of not played chunks: 0.0
[HELPING] Max % of not played chunks: 99.0
[HELPING] Not played chunks [chunk-id/nodes]: {1=18, 2=17, 3=9, 4=13, 5=11, 6=11, 7=5, 8=8, 9=11, 10=11, 11=12, 12=7, 13=9, 14=11, 15=12, 17=8, 16=11, 19=11, 18=11, 21=12, 20=10, 23=13, 22=12, 25=10, 24=13, 27=6, 26=10, 29=13, 28=10, 31=9, 30=11, 34=9, 35=8, 32=13, 33=13, 38=9, 39=12, 36=10, 37=10, 42=11, 43=13, 40=12, 41=14, 46=12, 47=12, 44=12, 45=10, 51=11, 50=9, 49=15, 48=12, 55=7, 54=7, 53=10, 52=11, 59=9, 58=9, 57=11, 56=8, 63=11, 62=12, 61=14, 60=9, 68=13, 69=10, 70=13, 71=7, 64=13, 65=8, 66=10, 67=10, 76=9, 77=8, 78=12, 79=12, 72=12, 73=10, 74=11, 75=10, 85=11, 84=12, 87=15, 86=8, 81=15, 80=6, 83=6, 82=11, 93=10, 92=12, 95=11, 94=15, 89=6, 88=11, 91=13, 90=10, 98=9, 99=9, 96=14, 97=9}
[HELPING] Avg distance between not played chunks: 2.0892920899141267
[HELPING] Min distance between not played chunks: 1.0
[HELPING] Max distance between not played chunks: 6.066666666666666

