Total chunks: 100
Nodes x chunk: 19
Total nodes: 234
Active nodes: 130
Started playbacks: 130
Not started playbacks node-ids: []
Playbacks time-window: 109
Missing chunks distribution [missed-chunks/nodes]: {0=130}
Rejected chunks for ttl expiration [chunk-id/nodes]: 0 {}
Rejected chunks for capacity limit [chunk-id/nodes]: 0 {}
bandwidthUtilUp: 0.015023216738725314
bandwidthUtilDown: 0.009300891899995294
Avg # of unsent chunk for max-retries: 0.11538461538461539
Min # of unsent chunk for max-retries: 0.0
Max # of unsent chunk for max-retries: 3.0
Avg # of unsent chunk-reqs for max-retries: 0.0
Min # of unsent chunk-reqs for max-retries: 0.0
Max # of unsent chunk-reqs for max-retries: 0.0
Avg % of chunks received by Pastry: 5.530769230769231
Min % of chunks received by Pastry: 0.0
Max % of chunks received by Pastry: 12.0
StD of chunks received by Pastry: 2.4689967881978276
Var of chunks received by Pastry: 6.095945140131189
Avg % of chunks received by StarStream: 93.46923076923076
Min % of chunks received by StarStream: 87.0
Max % of chunks received by StarStream: 99.0
StD of chunks received by StarStream: 2.46899678819807
Var of chunks received by StarStream: 6.095945140132385
[NONMOJO] Startup Delay: 347.5769230769231
[MOJO] Startup Delay: 124.3
[MOJO] Latency: 9.46248407148407
Min of perceived avg chunk delivery-time: 7.29
Max of perceived avg chunk delivery-time: 10.79
Variance of perceived avg chunk delivery-time: 0.3880454963377934
StD of perceived avg chunk delivery-time: 0.622932979009615
Avg messages sent per node: 7150.838461538461
Min messages sent per node: 4238.0
Max messages sent per node: 10849.0
Variance of messages sent per node: 2580139.7799045937
StD of messages sent per node: 1606.2813514153097
Nodes with incomplete playbacks: 129
[MOJO] Continuity Index: 42.63076923076923
[MOJO] Packet Loss: 57.36923076923077
Min % of not played chunks: 0.0
Max % of not played chunks: 99.0
Not played chunks [chunk-id/nodes]: {1=83, 2=80, 3=69, 4=85, 5=70, 6=86, 7=60, 8=63, 9=73, 10=86, 11=72, 12=79, 13=74, 14=77, 15=78, 17=78, 16=76, 19=76, 18=64, 21=75, 20=70, 23=86, 22=87, 25=75, 24=78, 27=63, 26=70, 29=78, 28=67, 31=76, 30=72, 34=77, 35=78, 32=69, 33=79, 38=82, 39=78, 36=80, 37=73, 42=72, 43=71, 40=71, 41=80, 46=71, 47=78, 44=76, 45=77, 51=70, 50=71, 49=81, 48=85, 55=76, 54=75, 53=74, 52=75, 59=79, 58=69, 57=73, 56=71, 63=80, 62=75, 61=68, 60=76, 68=76, 69=77, 70=69, 71=81, 64=78, 65=78, 66=74, 67=78, 76=85, 77=72, 78=79, 79=75, 72=84, 73=73, 74=76, 75=73, 85=65, 84=75, 87=87, 86=76, 81=74, 80=77, 83=78, 82=68, 93=78, 92=82, 95=70, 94=70, 89=75, 88=67, 91=71, 90=84, 98=75, 99=73, 96=74, 97=75}
Avg distance between not played chunks: 2.4672730744793907
Min distance between not played chunks: 1.0
Max distance between not played chunks: 22.0

HELPING PEERS LOG

[HELPING] Active nodes: 104
[HELPING] Started playbacks: 104
[HELPING] Not started playbacks node-ids: []
[HELPING] Playbacks time-window: 314
[HELPING] Missing chunks distribution [missed-chunks/nodes]: {0=103, 3=1}
[HELPING] Rejected chunks for ttl expiration [chunk-id/nodes]: 1 {0=1}
[HELPING] Rejected chunks for capacity limit [chunk-id/nodes]: 0 {}
[HELPING] bandwidthUtilUp: 0.014935440323060352
[HELPING] bandwidthUtilDown: 0.008986372756936924
[HELPING] Avg # of unsent chunk for max-retries: 0.09615384615384616
[HELPING] Min # of unsent chunk for max-retries: 0.0
[HELPING] Max # of unsent chunk for max-retries: 3.0
[HELPING] Avg # of unsent chunk-reqs for max-retries: 0.0
[HELPING] Min # of unsent chunk-reqs for max-retries: 0.0
[HELPING] Max # of unsent chunk-reqs for max-retries: 0.0
[HELPING] Avg % of chunks received by Pastry: 4.096153846153846
[HELPING] Min % of chunks received by Pastry: 0.0
[HELPING] Max % of chunks received by Pastry: 9.0
[HELPING] StD of chunks received by Pastry: 2.3338756082410104
[HELPING] Var of chunks received by Pastry: 5.446975354742347
[HELPING] Avg % of chunks received by StarStream: 94.91346153846153
[HELPING] Min % of chunks received by StarStream: 90.0
[HELPING] Max % of chunks received by StarStream: 100.0
[HELPING] StD of chunks received by StarStream: 2.352897725623649
[HELPING] Var of chunks received by StarStream: 5.53612770724494
[HELPING] Startup Delay: 353.5769230769231
[HELPING] Latency: 9.705743318644416
[HELPING] Min of perceived avg chunk delivery-time: 8.37
[HELPING] Max of perceived avg chunk delivery-time: 13.177083333333334
[HELPING] Variance of perceived avg chunk delivery-time: 0.45496426678790475
[HELPING] StD of perceived avg chunk delivery-time: 0.6745103904224936
[HELPING] Avg messages sent per node: 7316.778846153846
[HELPING] Min messages sent per node: 4534.0
[HELPING] Max messages sent per node: 10508.0
[HELPING] Variance of messages sent per node: 2177942.95061614
[HELPING] StD of messages sent per node: 1475.78553679596
[HELPING] Nodes with incomplete playbacks: 101
[HELPING] Packet Loss: 52.15384615384615
[HELPING] Min % of not played chunks: 0.0
[HELPING] Max % of not played chunks: 99.0
[HELPING] Not played chunks [chunk-id/nodes]: {1=62, 2=56, 3=60, 4=56, 5=60, 6=66, 7=43, 8=54, 9=49, 10=57, 11=54, 12=60, 13=53, 14=54, 15=58, 17=47, 16=54, 19=62, 18=51, 21=60, 20=56, 23=62, 22=60, 25=51, 24=52, 27=57, 26=48, 29=48, 28=55, 31=43, 30=52, 34=49, 35=61, 32=55, 33=59, 38=46, 39=55, 36=51, 37=49, 42=60, 43=50, 40=63, 41=56, 46=47, 47=60, 44=48, 45=56, 51=48, 50=53, 49=58, 48=56, 55=54, 54=56, 53=71, 52=59, 59=63, 58=56, 57=61, 56=61, 63=52, 62=58, 61=49, 60=58, 68=54, 69=56, 70=52, 71=61, 64=53, 65=51, 66=52, 67=58, 76=50, 77=53, 78=54, 79=59, 72=61, 73=48, 74=55, 75=59, 85=61, 84=52, 87=54, 86=43, 81=49, 80=58, 83=57, 82=56, 93=54, 92=53, 95=55, 94=54, 89=57, 88=50, 91=50, 90=59, 98=46, 99=51, 96=57, 97=54}
[HELPING] Avg distance between not played chunks: 2.6708707110114225
[HELPING] Min distance between not played chunks: 1.0
[HELPING] Max distance between not played chunks: 31.5

