Total chunks: 100
Nodes x chunk: 19
Total nodes: 130
Active nodes: 130
Started playbacks: 130
Not started playbacks node-ids: []
Playbacks time-window: 306
Missing chunks distribution [missed-chunks/nodes]: {0=128, 1=1, 4=1}
Rejected chunks for ttl expiration [chunk-id/nodes]: 1 {0=9}
Rejected chunks for capacity limit [chunk-id/nodes]: 0 {}
bandwidthUtilUp: 0.013148301057580962
bandwidthUtilDown: 0.008514378296951456
Avg # of unsent chunk for max-retries: 0.0
Min # of unsent chunk for max-retries: 0.0
Max # of unsent chunk for max-retries: 0.0
Avg # of unsent chunk-reqs for max-retries: 0.0
Min # of unsent chunk-reqs for max-retries: 0.0
Max # of unsent chunk-reqs for max-retries: 0.0
Avg % of chunks received by Pastry: 6.176923076923077
Min % of chunks received by Pastry: 0.0
Max % of chunks received by Pastry: 15.0
StD of chunks received by Pastry: 3.2480534053906083
Var of chunks received by Pastry: 10.549850924269528
Avg % of chunks received by StarStream: 92.83076923076923
Min % of chunks received by StarStream: 84.0
Max % of chunks received by StarStream: 100.0
StD of chunks received by StarStream: 3.2639407900904995
Var of chunks received by StarStream: 10.653309481216596
[NONMOJO] Startup Delay: 160.24615384615385
[MOJO] Startup Delay: 61.1
[MOJO] Latency: 8.277501423915638
Min of perceived avg chunk delivery-time: 6.07
Max of perceived avg chunk delivery-time: 13.3125
Variance of perceived avg chunk delivery-time: 0.8283409031866796
StD of perceived avg chunk delivery-time: 0.9101323547631298
Avg messages sent per node: 4880.869230769231
Min messages sent per node: 1825.0
Max messages sent per node: 9737.0
Variance of messages sent per node: 3284637.8354800222
StD of messages sent per node: 1812.3569834555283
Nodes with incomplete playbacks: 95
[MOJO] Continuity Index: 63.59230769230769
[MOJO] Packet Loss: 36.40769230769231
Min % of not played chunks: 0.0
Max % of not played chunks: 99.0
Not played chunks [chunk-id/nodes]: {1=56, 2=56, 3=47, 4=52, 5=51, 6=48, 7=42, 8=47, 9=45, 10=48, 11=51, 12=42, 13=45, 14=46, 15=46, 17=47, 16=45, 19=49, 18=40, 21=52, 20=48, 23=48, 22=48, 25=43, 24=48, 27=43, 26=39, 29=48, 28=46, 31=44, 30=46, 34=48, 35=45, 32=51, 33=53, 38=48, 39=50, 36=46, 37=58, 42=41, 43=45, 40=51, 41=50, 46=51, 47=44, 44=54, 45=49, 51=48, 50=50, 49=51, 48=44, 55=47, 54=47, 53=41, 52=45, 59=51, 58=50, 57=47, 56=52, 63=46, 62=50, 61=48, 60=50, 68=43, 69=53, 70=43, 71=44, 64=44, 65=50, 66=46, 67=46, 76=47, 77=45, 78=48, 79=50, 72=52, 73=48, 74=45, 75=49, 85=46, 84=51, 87=48, 86=52, 81=49, 80=50, 83=50, 82=44, 93=45, 92=51, 95=41, 94=46, 89=52, 88=50, 91=55, 90=50, 98=52, 99=43, 96=53, 97=45}
Avg distance between not played chunks: 4.203731509195009
Min distance between not played chunks: 1.0
Max distance between not played chunks: 85.0

HELPING PEERS LOG

[HELPING] Active nodes: 0
[HELPING] Started playbacks: 0
[HELPING] Not started playbacks node-ids: []
[HELPING] Playbacks time-window: -9223372036854775807
[HELPING] Missing chunks distribution [missed-chunks/nodes]: {}
[HELPING] Rejected chunks for ttl expiration [chunk-id/nodes]: 0 {}
[HELPING] Rejected chunks for capacity limit [chunk-id/nodes]: 0 {}
[HELPING] bandwidthUtilUp: NaN
[HELPING] bandwidthUtilDown: NaN
[HELPING] Avg # of unsent chunk for max-retries: NaN
[HELPING] Min # of unsent chunk for max-retries: Infinity
[HELPING] Max # of unsent chunk for max-retries: -Infinity
[HELPING] Avg # of unsent chunk-reqs for max-retries: NaN
[HELPING] Min # of unsent chunk-reqs for max-retries: Infinity
[HELPING] Max # of unsent chunk-reqs for max-retries: -Infinity
[HELPING] Avg % of chunks received by Pastry: NaN
[HELPING] Min % of chunks received by Pastry: Infinity
[HELPING] Max % of chunks received by Pastry: -Infinity
[HELPING] StD of chunks received by Pastry: 0.0
[HELPING] Var of chunks received by Pastry: 0.0
[HELPING] Avg % of chunks received by StarStream: NaN
[HELPING] Min % of chunks received by StarStream: Infinity
[HELPING] Max % of chunks received by StarStream: -Infinity
[HELPING] StD of chunks received by StarStream: 0.0
[HELPING] Var of chunks received by StarStream: 0.0
[HELPING] Latency: NaN
[HELPING] Min of perceived avg chunk delivery-time: Infinity
[HELPING] Max of perceived avg chunk delivery-time: -Infinity
[HELPING] Variance of perceived avg chunk delivery-time: 0.0
[HELPING] StD of perceived avg chunk delivery-time: 0.0
[HELPING] Avg messages sent per node: NaN
[HELPING] Min messages sent per node: Infinity
[HELPING] Max messages sent per node: -Infinity
[HELPING] Variance of messages sent per node: 0.0
[HELPING] StD of messages sent per node: 0.0
[HELPING] Nodes with incomplete playbacks: 0
[HELPING] Packet Loss: NaN
[HELPING] Min % of not played chunks: Infinity
[HELPING] Max % of not played chunks: -Infinity
[HELPING] Not played chunks [chunk-id/nodes]: {}
[HELPING] Avg distance between not played chunks: NaN
[HELPING] Min distance between not played chunks: Infinity
[HELPING] Max distance between not played chunks: -Infinity

