Total chunks: 100
Nodes x chunk: 19
Total nodes: 143
Active nodes: 130
Started playbacks: 130
Not started playbacks node-ids: []
Playbacks time-window: 225
Missing chunks distribution [missed-chunks/nodes]: {0=130}
Rejected chunks for ttl expiration [chunk-id/nodes]: 0 {}
Rejected chunks for capacity limit [chunk-id/nodes]: 0 {}
bandwidthUtilUp: 0.014463204887505923
bandwidthUtilDown: 0.008712376655956823
Avg # of unsent chunk for max-retries: 0.0
Min # of unsent chunk for max-retries: 0.0
Max # of unsent chunk for max-retries: 0.0
Avg # of unsent chunk-reqs for max-retries: 0.0
Min # of unsent chunk-reqs for max-retries: 0.0
Max # of unsent chunk-reqs for max-retries: 0.0
Avg % of chunks received by Pastry: 4.446153846153846
Min % of chunks received by Pastry: 0.0
Max % of chunks received by Pastry: 12.0
StD of chunks received by Pastry: 2.962456393455374
Var of chunks received by Pastry: 8.776147883124622
Avg % of chunks received by StarStream: 94.57692307692308
Min % of chunks received by StarStream: 87.0
Max % of chunks received by StarStream: 100.0
StD of chunks received by StarStream: 2.9957732100111407
Var of chunks received by StarStream: 8.974657125820455
[NONMOJO] Startup Delay: 177.97692307692307
[MOJO] Startup Delay: 80.4
[MOJO] Latency: 7.819135776839755
Min of perceived avg chunk delivery-time: 6.17
Max of perceived avg chunk delivery-time: 10.010204081632653
Variance of perceived avg chunk delivery-time: 0.4294604596382549
StD of perceived avg chunk delivery-time: 0.6553323276309928
Avg messages sent per node: 6914.323076923077
Min messages sent per node: 3546.0
Max messages sent per node: 10290.0
Variance of messages sent per node: 2388112.6855098405
StD of messages sent per node: 1545.351961693465
Nodes with incomplete playbacks: 110
[MOJO] Continuity Index: 54.146153846153844
[MOJO] Packet Loss: 45.853846153846156
Min % of not played chunks: 0.0
Max % of not played chunks: 99.0
Not played chunks [chunk-id/nodes]: {1=59, 2=63, 3=62, 4=54, 5=56, 6=57, 7=62, 8=56, 9=53, 10=61, 11=60, 12=57, 13=53, 14=57, 15=53, 17=63, 16=64, 19=55, 18=58, 21=65, 20=49, 23=63, 22=59, 25=59, 24=65, 27=55, 26=66, 29=62, 28=58, 31=61, 30=62, 34=64, 35=61, 32=54, 33=57, 38=62, 39=57, 36=59, 37=60, 42=64, 43=55, 40=56, 41=67, 46=62, 47=52, 44=61, 45=64, 51=69, 50=63, 49=64, 48=70, 55=61, 54=54, 53=57, 52=62, 59=59, 58=56, 57=57, 56=63, 63=63, 62=60, 61=58, 60=55, 68=59, 69=69, 70=60, 71=69, 64=62, 65=63, 66=56, 67=60, 76=56, 77=64, 78=63, 79=59, 72=58, 73=64, 74=68, 75=54, 85=62, 84=62, 87=68, 86=63, 81=56, 80=55, 83=60, 82=62, 93=66, 92=60, 95=59, 94=50, 89=71, 88=62, 91=63, 90=62, 98=67, 99=57, 96=58, 97=61}
Avg distance between not played chunks: 2.7807885185739036
Min distance between not played chunks: 1.0
Max distance between not played chunks: 31.0

HELPING PEERS LOG

[HELPING] Active nodes: 13
[HELPING] Started playbacks: 13
[HELPING] Not started playbacks node-ids: []
[HELPING] Playbacks time-window: 194
[HELPING] Missing chunks distribution [missed-chunks/nodes]: {0=13}
[HELPING] Rejected chunks for ttl expiration [chunk-id/nodes]: 0 {}
[HELPING] Rejected chunks for capacity limit [chunk-id/nodes]: 0 {}
[HELPING] bandwidthUtilUp: 0.01404320435111106
[HELPING] bandwidthUtilDown: 0.0076738893220857545
[HELPING] Avg # of unsent chunk for max-retries: 0.0
[HELPING] Min # of unsent chunk for max-retries: 0.0
[HELPING] Max # of unsent chunk for max-retries: 0.0
[HELPING] Avg # of unsent chunk-reqs for max-retries: 0.0
[HELPING] Min # of unsent chunk-reqs for max-retries: 0.0
[HELPING] Max # of unsent chunk-reqs for max-retries: 0.0
[HELPING] Avg % of chunks received by Pastry: 4.538461538461538
[HELPING] Min % of chunks received by Pastry: 2.0
[HELPING] Max % of chunks received by Pastry: 10.0
[HELPING] StD of chunks received by Pastry: 2.6650636207348044
[HELPING] Var of chunks received by Pastry: 7.102564102564105
[HELPING] Avg % of chunks received by StarStream: 94.46153846153847
[HELPING] Min % of chunks received by StarStream: 89.0
[HELPING] Max % of chunks received by StarStream: 97.0
[HELPING] StD of chunks received by StarStream: 2.66506362073441
[HELPING] Var of chunks received by StarStream: 7.102564102562003
[HELPING] Startup Delay: 209.30769230769232
[HELPING] Latency: 8.098996099629383
[HELPING] Min of perceived avg chunk delivery-time: 7.112244897959184
[HELPING] Max of perceived avg chunk delivery-time: 9.70103092783505
[HELPING] Variance of perceived avg chunk delivery-time: 0.5181191732470734
[HELPING] StD of perceived avg chunk delivery-time: 0.7198049550031407
[HELPING] Avg messages sent per node: 7038.076923076923
[HELPING] Min messages sent per node: 4198.0
[HELPING] Max messages sent per node: 9258.0
[HELPING] Variance of messages sent per node: 2091220.4102564205
[HELPING] StD of messages sent per node: 1446.105255593942
[HELPING] Nodes with incomplete playbacks: 10
[HELPING] Packet Loss: 17.846153846153847
[HELPING] Min % of not played chunks: 0.0
[HELPING] Max % of not played chunks: 99.0
[HELPING] Not played chunks [chunk-id/nodes]: {1=6, 2=4, 3=2, 4=3, 5=2, 6=3, 7=2, 8=2, 9=1, 10=1, 11=3, 12=1, 13=2, 14=2, 15=2, 17=2, 16=1, 19=3, 18=2, 21=4, 20=3, 23=2, 22=3, 25=4, 24=2, 27=2, 26=3, 29=1, 28=2, 31=2, 30=3, 34=3, 35=1, 32=2, 33=2, 38=3, 39=1, 36=2, 37=2, 42=3, 43=2, 40=1, 41=1, 46=2, 47=2, 44=2, 45=3, 51=2, 50=3, 49=2, 48=3, 55=2, 54=3, 53=2, 52=2, 59=2, 58=3, 57=1, 56=3, 63=1, 62=4, 61=2, 60=2, 68=3, 69=2, 70=3, 71=1, 64=1, 65=1, 66=4, 67=3, 76=4, 77=5, 78=2, 79=3, 72=2, 73=2, 74=2, 75=2, 85=2, 84=2, 87=2, 86=3, 81=3, 80=2, 83=1, 82=2, 93=3, 92=2, 95=2, 94=2, 89=4, 88=3, 91=2, 90=2, 98=2, 99=3, 96=3, 97=3}
[HELPING] Avg distance between not played chunks: 6.837946428571428
[HELPING] Min distance between not played chunks: 1.0
[HELPING] Max distance between not played chunks: 20.0

