Total chunks: 100
Nodes x chunk: 19
Total nodes: 156
Active nodes: 130
Started playbacks: 130
Not started playbacks node-ids: []
Playbacks time-window: 520
Missing chunks distribution [missed-chunks/nodes]: {0=128, 5=1, 8=1}
Rejected chunks for ttl expiration [chunk-id/nodes]: 9 {0=2, 2=1, 3=2, 4=1, 5=2, 6=1, 7=1, 8=1, 9=1}
Rejected chunks for capacity limit [chunk-id/nodes]: 0 {}
bandwidthUtilUp: 0.014497247145682651
bandwidthUtilDown: 0.008758064572835933
Avg # of unsent chunk for max-retries: 0.0
Min # of unsent chunk for max-retries: 0.0
Max # of unsent chunk for max-retries: 0.0
Avg # of unsent chunk-reqs for max-retries: 0.0
Min # of unsent chunk-reqs for max-retries: 0.0
Max # of unsent chunk-reqs for max-retries: 0.0
Avg % of chunks received by Pastry: 4.876923076923077
Min % of chunks received by Pastry: 0.0
Max % of chunks received by Pastry: 15.0
StD of chunks received by Pastry: 2.8530288124885246
Var of chunks received by Pastry: 8.13977340488968
Avg % of chunks received by StarStream: 94.16923076923077
Min % of chunks received by StarStream: 84.0
Max % of chunks received by StarStream: 100.0
StD of chunks received by StarStream: 2.9310909193236063
Var of chunks received by StarStream: 8.591293977341303
[NONMOJO] Startup Delay: 204.94615384615383
[MOJO] Startup Delay: 78.1
[MOJO] Latency: 8.099344797046925
Min of perceived avg chunk delivery-time: 6.89
Max of perceived avg chunk delivery-time: 10.595959595959595
Variance of perceived avg chunk delivery-time: 0.484058251770685
StD of perceived avg chunk delivery-time: 0.6957429494940535
Avg messages sent per node: 6894.976923076923
Min messages sent per node: 4040.0
Max messages sent per node: 11200.0
Variance of messages sent per node: 2559366.162254018
StD of messages sent per node: 1599.8019134424167
Nodes with incomplete playbacks: 113
[MOJO] Continuity Index: 54.91538461538462
[MOJO] Packet Loss: 45.08461538461538
Min % of not played chunks: 0.0
Max % of not played chunks: 99.0
Not played chunks [chunk-id/nodes]: {1=67, 2=64, 3=60, 4=64, 5=59, 6=64, 7=51, 8=59, 9=55, 10=57, 11=58, 12=50, 13=59, 14=63, 15=66, 17=61, 16=57, 19=55, 18=60, 21=51, 20=65, 23=45, 22=53, 25=56, 24=66, 27=56, 26=58, 29=56, 28=52, 31=57, 30=58, 34=55, 35=64, 32=62, 33=57, 38=60, 39=71, 36=55, 37=62, 42=60, 43=58, 40=57, 41=54, 46=64, 47=60, 44=58, 45=62, 51=58, 50=64, 49=64, 48=58, 55=63, 54=61, 53=60, 52=57, 59=56, 58=57, 57=61, 56=58, 63=58, 62=58, 61=67, 60=60, 68=53, 69=61, 70=57, 71=62, 64=55, 65=56, 66=59, 67=58, 76=64, 77=64, 78=62, 79=64, 72=68, 73=63, 74=63, 75=55, 85=68, 84=58, 87=59, 86=66, 81=53, 80=56, 83=54, 82=48, 93=46, 92=53, 95=66, 94=62, 89=59, 88=62, 91=63, 90=59, 98=63, 99=63, 96=60, 97=58}
Avg distance between not played chunks: 3.1728376932110454
Min distance between not played chunks: 1.0
Max distance between not played chunks: 34.0

HELPING PEERS LOG

[HELPING] Active nodes: 26
[HELPING] Started playbacks: 26
[HELPING] Not started playbacks node-ids: []
[HELPING] Playbacks time-window: 180
[HELPING] Missing chunks distribution [missed-chunks/nodes]: {0=26}
[HELPING] Rejected chunks for ttl expiration [chunk-id/nodes]: 1 {0=1}
[HELPING] Rejected chunks for capacity limit [chunk-id/nodes]: 0 {}
[HELPING] bandwidthUtilUp: 0.014579671761925685
[HELPING] bandwidthUtilDown: 0.00825956656369681
[HELPING] Avg # of unsent chunk for max-retries: 0.0
[HELPING] Min # of unsent chunk for max-retries: 0.0
[HELPING] Max # of unsent chunk for max-retries: 0.0
[HELPING] Avg # of unsent chunk-reqs for max-retries: 0.0
[HELPING] Min # of unsent chunk-reqs for max-retries: 0.0
[HELPING] Max # of unsent chunk-reqs for max-retries: 0.0
[HELPING] Avg % of chunks received by Pastry: 3.730769230769231
[HELPING] Min % of chunks received by Pastry: 0.0
[HELPING] Max % of chunks received by Pastry: 10.0
[HELPING] StD of chunks received by Pastry: 2.8643699803997706
[HELPING] Var of chunks received by Pastry: 8.204615384615384
[HELPING] Avg % of chunks received by StarStream: 95.34615384615384
[HELPING] Min % of chunks received by StarStream: 89.0
[HELPING] Max % of chunks received by StarStream: 100.0
[HELPING] StD of chunks received by StarStream: 2.9791583736660243
[HELPING] Var of chunks received by StarStream: 8.875384615384391
[HELPING] Startup Delay: 226.0
[HELPING] Latency: 8.440980097467579
[HELPING] Min of perceived avg chunk delivery-time: 7.36
[HELPING] Max of perceived avg chunk delivery-time: 10.56701030927835
[HELPING] Variance of perceived avg chunk delivery-time: 0.42964263264902003
[HELPING] StD of perceived avg chunk delivery-time: 0.6554713057403962
[HELPING] Avg messages sent per node: 7265.384615384615
[HELPING] Min messages sent per node: 4776.0
[HELPING] Max messages sent per node: 9594.0
[HELPING] Variance of messages sent per node: 1777201.8461538453
[HELPING] StD of messages sent per node: 1333.1173414796783
[HELPING] Nodes with incomplete playbacks: 19
[HELPING] Packet Loss: 28.846153846153847
[HELPING] Min % of not played chunks: 0.0
[HELPING] Max % of not played chunks: 99.0
[HELPING] Not played chunks [chunk-id/nodes]: {1=12, 2=10, 3=9, 4=9, 5=8, 6=7, 7=6, 8=7, 9=6, 10=7, 11=8, 12=6, 13=7, 14=6, 15=7, 17=8, 16=6, 19=7, 18=5, 21=9, 20=7, 23=6, 22=8, 25=8, 24=11, 27=6, 26=6, 29=7, 28=7, 31=9, 30=8, 34=9, 35=8, 32=8, 33=7, 38=10, 39=6, 36=9, 37=11, 42=7, 43=6, 40=9, 41=7, 46=7, 47=8, 44=9, 45=7, 51=7, 50=9, 49=7, 48=8, 55=7, 54=7, 53=8, 52=8, 59=6, 58=9, 57=6, 56=6, 63=6, 62=7, 61=7, 60=10, 68=9, 69=7, 70=7, 71=8, 64=8, 65=6, 66=7, 67=8, 76=9, 77=7, 78=8, 79=7, 72=7, 73=7, 74=12, 75=7, 85=9, 84=9, 87=6, 86=8, 81=9, 80=6, 83=6, 82=5, 93=9, 92=6, 95=6, 94=6, 89=7, 88=8, 91=7, 90=8, 98=9, 99=8, 96=6, 97=9}
[HELPING] Avg distance between not played chunks: 3.5976643910180623
[HELPING] Min distance between not played chunks: 1.0
[HELPING] Max distance between not played chunks: 20.75

