Total chunks: 100
Nodes x chunk: 19
Total nodes: 195
Active nodes: 130
Started playbacks: 130
Not started playbacks node-ids: []
Playbacks time-window: 100
Missing chunks distribution [missed-chunks/nodes]: {0=130}
Rejected chunks for ttl expiration [chunk-id/nodes]: 1 {0=2}
Rejected chunks for capacity limit [chunk-id/nodes]: 0 {}
bandwidthUtilUp: 0.014898811829796481
bandwidthUtilDown: 0.009075857787389693
Avg # of unsent chunk for max-retries: 0.0
Min # of unsent chunk for max-retries: 0.0
Max # of unsent chunk for max-retries: 0.0
Avg # of unsent chunk-reqs for max-retries: 0.0
Min # of unsent chunk-reqs for max-retries: 0.0
Max # of unsent chunk-reqs for max-retries: 0.0
Avg % of chunks received by Pastry: 5.246153846153846
Min % of chunks received by Pastry: 0.0
Max % of chunks received by Pastry: 15.0
StD of chunks received by Pastry: 2.8010561088605654
Var of chunks received by Pastry: 7.845915324985092
Avg % of chunks received by StarStream: 93.76153846153846
Min % of chunks received by StarStream: 84.0
Max % of chunks received by StarStream: 99.0
StD of chunks received by StarStream: 2.789248033347371
Var of chunks received by StarStream: 7.779904591532176
[NONMOJO] Startup Delay: 271.4076923076923
[MOJO] Startup Delay: 87.9
[MOJO] Latency: 8.836936365222082
Min of perceived avg chunk delivery-time: 6.95
Max of perceived avg chunk delivery-time: 10.32
Variance of perceived avg chunk delivery-time: 0.3836085008806877
StD of perceived avg chunk delivery-time: 0.6193613653439224
Avg messages sent per node: 7056.392307692307
Min messages sent per node: 4199.0
Max messages sent per node: 10487.0
Variance of messages sent per node: 2292149.232498512
StD of messages sent per node: 1513.984554907517
Nodes with incomplete playbacks: 127
[MOJO] Continuity Index: 54.47692307692308
[MOJO] Packet Loss: 45.52307692307692
Min % of not played chunks: 0.0
Max % of not played chunks: 99.0
Not played chunks [chunk-id/nodes]: {1=67, 2=66, 3=64, 4=61, 5=62, 6=58, 7=54, 8=62, 9=55, 10=61, 11=55, 12=65, 13=65, 14=56, 15=58, 17=62, 16=54, 19=62, 18=56, 21=63, 20=61, 23=67, 22=60, 25=57, 24=54, 27=57, 26=56, 29=61, 28=56, 31=57, 30=59, 34=57, 35=57, 32=56, 33=50, 38=58, 39=55, 36=55, 37=68, 42=68, 43=59, 40=69, 41=61, 46=61, 47=56, 44=57, 45=63, 51=56, 50=57, 49=53, 48=64, 55=49, 54=61, 53=58, 52=63, 59=58, 58=47, 57=60, 56=69, 63=57, 62=63, 61=57, 60=63, 68=59, 69=60, 70=59, 71=58, 64=54, 65=61, 66=67, 67=57, 76=57, 77=53, 78=57, 79=64, 72=64, 73=58, 74=63, 75=57, 85=66, 84=57, 87=63, 86=66, 81=49, 80=64, 83=57, 82=62, 93=63, 92=60, 95=53, 94=65, 89=68, 88=59, 91=52, 90=56, 98=65, 99=66, 96=72, 97=71}
Avg distance between not played chunks: 3.6823561728052243
Min distance between not played chunks: 1.0
Max distance between not played chunks: 23.5

HELPING PEERS LOG

[HELPING] Active nodes: 65
[HELPING] Started playbacks: 65
[HELPING] Not started playbacks node-ids: []
[HELPING] Playbacks time-window: 122
[HELPING] Missing chunks distribution [missed-chunks/nodes]: {0=65}
[HELPING] Rejected chunks for ttl expiration [chunk-id/nodes]: 0 {}
[HELPING] Rejected chunks for capacity limit [chunk-id/nodes]: 0 {}
[HELPING] bandwidthUtilUp: 0.014497774305538806
[HELPING] bandwidthUtilDown: 0.008499098214625469
[HELPING] Avg # of unsent chunk for max-retries: 0.03076923076923077
[HELPING] Min # of unsent chunk for max-retries: 0.0
[HELPING] Max # of unsent chunk for max-retries: 1.0
[HELPING] Avg # of unsent chunk-reqs for max-retries: 0.0
[HELPING] Min # of unsent chunk-reqs for max-retries: 0.0
[HELPING] Max # of unsent chunk-reqs for max-retries: 0.0
[HELPING] Avg % of chunks received by Pastry: 4.6923076923076925
[HELPING] Min % of chunks received by Pastry: 0.0
[HELPING] Max % of chunks received by Pastry: 10.0
[HELPING] StD of chunks received by Pastry: 2.603621737857893
[HELPING] Var of chunks received by Pastry: 6.778846153846154
[HELPING] Avg % of chunks received by StarStream: 94.3076923076923
[HELPING] Min % of chunks received by StarStream: 89.0
[HELPING] Max % of chunks received by StarStream: 99.0
[HELPING] StD of chunks received by StarStream: 2.6036217378579707
[HELPING] Var of chunks received by StarStream: 6.778846153846558
[HELPING] Startup Delay: 274.61538461538464
[HELPING] Latency: 8.98338775510204
[HELPING] Min of perceived avg chunk delivery-time: 7.48
[HELPING] Max of perceived avg chunk delivery-time: 10.74
[HELPING] Variance of perceived avg chunk delivery-time: 0.49282038707829434
[HELPING] StD of perceived avg chunk delivery-time: 0.7020116716111594
[HELPING] Avg messages sent per node: 7185.692307692308
[HELPING] Min messages sent per node: 4072.0
[HELPING] Max messages sent per node: 10467.0
[HELPING] Variance of messages sent per node: 2582732.466346155
[HELPING] StD of messages sent per node: 1607.0881949495351
[HELPING] Nodes with incomplete playbacks: 62
[HELPING] Packet Loss: 43.276923076923076
[HELPING] Min % of not played chunks: 0.0
[HELPING] Max % of not played chunks: 99.0
[HELPING] Not played chunks [chunk-id/nodes]: {1=34, 2=36, 3=31, 4=29, 5=28, 6=30, 7=23, 8=33, 9=28, 10=30, 11=29, 12=28, 13=30, 14=30, 15=29, 17=27, 16=27, 19=24, 18=29, 21=30, 20=33, 23=23, 22=28, 25=29, 24=31, 27=20, 26=31, 29=32, 28=26, 31=21, 30=23, 34=29, 35=28, 32=31, 33=28, 38=30, 39=27, 36=25, 37=30, 42=31, 43=32, 40=27, 41=27, 46=25, 47=26, 44=29, 45=27, 51=29, 50=30, 49=25, 48=32, 55=31, 54=26, 53=35, 52=25, 59=25, 58=27, 57=30, 56=30, 63=26, 62=37, 61=29, 60=25, 68=33, 69=32, 70=31, 71=29, 64=28, 65=27, 66=28, 67=27, 76=25, 77=27, 78=23, 79=29, 72=29, 73=32, 74=26, 75=35, 85=29, 84=28, 87=29, 86=26, 81=26, 80=24, 83=30, 82=27, 93=32, 92=27, 95=27, 94=29, 89=34, 88=26, 91=19, 90=27, 98=31, 99=29, 96=24, 97=32}
[HELPING] Avg distance between not played chunks: 4.013375121282278
[HELPING] Min distance between not played chunks: 1.0
[HELPING] Max distance between not played chunks: 32.0

