Total chunks: 100
Nodes x chunk: 19
Total nodes: 130
Active nodes: 130
Started playbacks: 130
Not started playbacks node-ids: []
Playbacks time-window: 460
Missing chunks distribution [missed-chunks/nodes]: {0=127, 5=2, 8=1}
Rejected chunks for ttl expiration [chunk-id/nodes]: 8 {0=5, 2=2, 3=3, 4=3, 5=3, 6=2, 7=1, 8=1}
Rejected chunks for capacity limit [chunk-id/nodes]: 0 {}
bandwidthUtilUp: 0.014366492474589477
bandwidthUtilDown: 0.008606866128220165
Avg # of unsent chunk for max-retries: 0.0
Min # of unsent chunk for max-retries: 0.0
Max # of unsent chunk for max-retries: 0.0
Avg # of unsent chunk-reqs for max-retries: 0.0
Min # of unsent chunk-reqs for max-retries: 0.0
Max # of unsent chunk-reqs for max-retries: 0.0
Avg % of chunks received by Pastry: 4.3307692307692305
Min % of chunks received by Pastry: 0.0
Max % of chunks received by Pastry: 13.0
StD of chunks received by Pastry: 2.9025208544769883
Var of chunks received by Pastry: 8.424627310673825
Avg % of chunks received by StarStream: 94.7
Min % of chunks received by StarStream: 86.0
Max % of chunks received by StarStream: 100.0
StD of chunks received by StarStream: 2.948261871343159
Var of chunks received by StarStream: 8.692248062015866
[NONMOJO] Startup Delay: 167.13076923076923
[MOJO] Startup Delay: 61.4
[MOJO] Latency: 7.534453109634144
Min of perceived avg chunk delivery-time: 5.67
Max of perceived avg chunk delivery-time: 10.969072164948454
Variance of perceived avg chunk delivery-time: 0.5004856836406241
StD of perceived avg chunk delivery-time: 0.7074501280236113
Avg messages sent per node: 6909.007692307692
Min messages sent per node: 3940.0
Max messages sent per node: 11581.0
Variance of messages sent per node: 2567019.1859868797
StD of messages sent per node: 1602.1919941089707
Nodes with incomplete playbacks: 95
[MOJO] Continuity Index: 60.52307692307692
[MOJO] Packet Loss: 39.47692307692308
Min % of not played chunks: 0.0
Max % of not played chunks: 99.0
Not played chunks [chunk-id/nodes]: {1=59, 2=58, 3=57, 4=57, 5=55, 6=59, 7=46, 8=49, 9=52, 10=47, 11=47, 12=46, 13=55, 14=49, 15=49, 17=58, 16=55, 19=49, 18=60, 21=55, 20=51, 23=52, 22=47, 25=59, 24=55, 27=47, 26=46, 29=47, 28=49, 31=53, 30=54, 34=53, 35=48, 32=54, 33=60, 38=48, 39=50, 36=53, 37=47, 42=48, 43=51, 40=52, 41=51, 46=45, 47=57, 44=56, 45=50, 51=53, 50=52, 49=57, 48=52, 55=55, 54=43, 53=55, 52=60, 59=57, 58=50, 57=45, 56=55, 63=53, 62=59, 61=56, 60=49, 68=56, 69=52, 70=52, 71=51, 64=56, 65=44, 66=45, 67=45, 76=49, 77=52, 78=52, 79=44, 72=56, 73=53, 74=45, 75=51, 85=51, 84=52, 87=53, 86=51, 81=54, 80=54, 83=48, 82=52, 93=50, 92=53, 95=51, 94=56, 89=53, 88=53, 91=48, 90=56, 98=50, 99=51, 96=48, 97=49}
Avg distance between not played chunks: 2.5822899063923592
Min distance between not played chunks: 1.0
Max distance between not played chunks: 21.0

HELPING PEERS LOG

[HELPING] Active nodes: 0
[HELPING] Started playbacks: 0
[HELPING] Not started playbacks node-ids: []
[HELPING] Playbacks time-window: -9223372036854775807
[HELPING] Missing chunks distribution [missed-chunks/nodes]: {}
[HELPING] Rejected chunks for ttl expiration [chunk-id/nodes]: 0 {}
[HELPING] Rejected chunks for capacity limit [chunk-id/nodes]: 0 {}
[HELPING] bandwidthUtilUp: NaN
[HELPING] bandwidthUtilDown: NaN
[HELPING] Avg # of unsent chunk for max-retries: NaN
[HELPING] Min # of unsent chunk for max-retries: Infinity
[HELPING] Max # of unsent chunk for max-retries: -Infinity
[HELPING] Avg # of unsent chunk-reqs for max-retries: NaN
[HELPING] Min # of unsent chunk-reqs for max-retries: Infinity
[HELPING] Max # of unsent chunk-reqs for max-retries: -Infinity
[HELPING] Avg % of chunks received by Pastry: NaN
[HELPING] Min % of chunks received by Pastry: Infinity
[HELPING] Max % of chunks received by Pastry: -Infinity
[HELPING] StD of chunks received by Pastry: 0.0
[HELPING] Var of chunks received by Pastry: 0.0
[HELPING] Avg % of chunks received by StarStream: NaN
[HELPING] Min % of chunks received by StarStream: Infinity
[HELPING] Max % of chunks received by StarStream: -Infinity
[HELPING] StD of chunks received by StarStream: 0.0
[HELPING] Var of chunks received by StarStream: 0.0
[HELPING] Latency: NaN
[HELPING] Min of perceived avg chunk delivery-time: Infinity
[HELPING] Max of perceived avg chunk delivery-time: -Infinity
[HELPING] Variance of perceived avg chunk delivery-time: 0.0
[HELPING] StD of perceived avg chunk delivery-time: 0.0
[HELPING] Avg messages sent per node: NaN
[HELPING] Min messages sent per node: Infinity
[HELPING] Max messages sent per node: -Infinity
[HELPING] Variance of messages sent per node: 0.0
[HELPING] StD of messages sent per node: 0.0
[HELPING] Nodes with incomplete playbacks: 0
[HELPING] Packet Loss: NaN
[HELPING] Min % of not played chunks: Infinity
[HELPING] Max % of not played chunks: -Infinity
[HELPING] Not played chunks [chunk-id/nodes]: {}
[HELPING] Avg distance between not played chunks: NaN
[HELPING] Min distance between not played chunks: Infinity
[HELPING] Max distance between not played chunks: -Infinity

