Total chunks: 100
Nodes x chunk: 2
Total nodes: 14
Active nodes: 14
Started playbacks: 14
Not started playbacks node-ids: []
Playbacks time-window: 108
Missing chunks distribution [missed-chunks/nodes]: {16=1, 2=1, 3=1, 4=3, 5=1, 6=3, 7=1, 9=1, 11=2}
Rejected chunks for ttl expiration [chunk-id/nodes]: 55 {0=1, 1=2, 2=2, 4=2, 7=2, 8=3, 9=1, 11=3, 13=1, 15=1, 19=1, 18=1, 23=1, 22=1, 29=1, 28=1, 30=2, 32=5, 39=1, 37=2, 40=2, 41=1, 46=1, 47=1, 45=1, 51=1, 49=3, 48=1, 59=2, 57=2, 56=2, 62=3, 61=1, 68=1, 65=2, 66=2, 76=1, 77=1, 78=1, 73=2, 74=1, 75=2, 85=1, 84=4, 87=1, 81=1, 93=2, 92=2, 95=1, 94=4, 89=2, 91=1, 90=2, 96=1, 97=3}
Rejected chunks for capacity limit [chunk-id/nodes]: 0 {}
bandwidthUtilUp: 0.006959792885120052
bandwidthUtilDown: 0.00389571573856303
Avg # of unsent chunk for max-retries: 0.0
Min # of unsent chunk for max-retries: 0.0
Max # of unsent chunk for max-retries: 0.0
Avg # of unsent chunk-reqs for max-retries: 0.21428571428571427
Min # of unsent chunk-reqs for max-retries: 0.0
Max # of unsent chunk-reqs for max-retries: 1.0
Avg % of chunks received by Pastry: 8.714285714285714
Min % of chunks received by Pastry: 0.0
Max % of chunks received by Pastry: 16.0
StD of chunks received by Pastry: 5.120525385131905
Var of chunks received by Pastry: 26.21978021978024
Avg % of chunks received by StarStream: 90.5
Min % of chunks received by StarStream: 83.0
Max % of chunks received by StarStream: 100.0
StD of chunks received by StarStream: 5.374440936936252
Var of chunks received by StarStream: 28.88461538461622
[NONMOJO] Startup Delay: 55.57142857142857
[MOJO] Startup Delay: 51.0
[MOJO] Latency: 7.415923794822548
Min of perceived avg chunk delivery-time: 6.51063829787234
Max of perceived avg chunk delivery-time: 8.659574468085106
Variance of perceived avg chunk delivery-time: 0.504822685482276
StD of perceived avg chunk delivery-time: 0.7105087511651605
Avg messages sent per node: 2959.714285714286
Min messages sent per node: 1705.0
Max messages sent per node: 3608.0
Variance of messages sent per node: 294232.52747252723
StD of messages sent per node: 542.432048714424
Nodes with incomplete playbacks: 14
[MOJO] Continuity Index: 76.64285714285714
[MOJO] Packet Loss: 23.357142857142858
Min % of not played chunks: 3.0
Max % of not played chunks: 99.0
Not played chunks [chunk-id/nodes]: {1=4, 2=5, 3=3, 4=4, 5=4, 6=3, 7=4, 8=5, 9=3, 10=2, 11=6, 12=2, 13=4, 14=2, 15=4, 17=2, 16=3, 19=4, 18=3, 21=2, 20=2, 23=3, 22=3, 25=3, 24=3, 27=4, 26=3, 29=3, 28=3, 31=2, 30=5, 34=3, 35=2, 32=6, 33=2, 38=2, 39=4, 36=3, 37=5, 42=2, 43=3, 40=4, 41=3, 46=2, 47=3, 44=3, 45=3, 51=4, 50=3, 49=4, 48=3, 55=3, 54=2, 53=2, 52=2, 59=5, 58=3, 57=4, 56=3, 63=2, 62=6, 61=3, 60=3, 68=4, 69=3, 70=2, 71=3, 64=3, 65=4, 66=5, 67=2, 76=2, 77=3, 78=3, 79=3, 72=3, 73=5, 74=3, 75=4, 85=3, 84=7, 87=2, 86=3, 81=3, 80=3, 83=3, 82=3, 93=5, 92=4, 95=3, 94=5, 89=4, 88=2, 91=3, 90=5, 98=3, 99=3, 96=3, 97=3}
Avg distance between not played chunks: 13.578684222830026
Min distance between not played chunks: 1.0
Max distance between not played chunks: 46.0

HELPING PEERS LOG

[HELPING] Active nodes: 0
[HELPING] Started playbacks: 0
[HELPING] Not started playbacks node-ids: []
[HELPING] Playbacks time-window: -9223372036854775807
[HELPING] Missing chunks distribution [missed-chunks/nodes]: {}
[HELPING] Rejected chunks for ttl expiration [chunk-id/nodes]: 0 {}
[HELPING] Rejected chunks for capacity limit [chunk-id/nodes]: 0 {}
[HELPING] bandwidthUtilUp: NaN
[HELPING] bandwidthUtilDown: NaN
[HELPING] Avg # of unsent chunk for max-retries: NaN
[HELPING] Min # of unsent chunk for max-retries: Infinity
[HELPING] Max # of unsent chunk for max-retries: -Infinity
[HELPING] Avg # of unsent chunk-reqs for max-retries: NaN
[HELPING] Min # of unsent chunk-reqs for max-retries: Infinity
[HELPING] Max # of unsent chunk-reqs for max-retries: -Infinity
[HELPING] Avg % of chunks received by Pastry: NaN
[HELPING] Min % of chunks received by Pastry: Infinity
[HELPING] Max % of chunks received by Pastry: -Infinity
[HELPING] StD of chunks received by Pastry: 0.0
[HELPING] Var of chunks received by Pastry: 0.0
[HELPING] Avg % of chunks received by StarStream: NaN
[HELPING] Min % of chunks received by StarStream: Infinity
[HELPING] Max % of chunks received by StarStream: -Infinity
[HELPING] StD of chunks received by StarStream: 0.0
[HELPING] Var of chunks received by StarStream: 0.0
[HELPING] Latency: NaN
[HELPING] Min of perceived avg chunk delivery-time: Infinity
[HELPING] Max of perceived avg chunk delivery-time: -Infinity
[HELPING] Variance of perceived avg chunk delivery-time: 0.0
[HELPING] StD of perceived avg chunk delivery-time: 0.0
[HELPING] Avg messages sent per node: NaN
[HELPING] Min messages sent per node: Infinity
[HELPING] Max messages sent per node: -Infinity
[HELPING] Variance of messages sent per node: 0.0
[HELPING] StD of messages sent per node: 0.0
[HELPING] Nodes with incomplete playbacks: 0
[HELPING] Packet Loss: NaN
[HELPING] Min % of not played chunks: Infinity
[HELPING] Max % of not played chunks: -Infinity
[HELPING] Not played chunks [chunk-id/nodes]: {}
[HELPING] Avg distance between not played chunks: NaN
[HELPING] Min distance between not played chunks: Infinity
[HELPING] Max distance between not played chunks: -Infinity

