Total chunks: 100
Nodes x chunk: 2
Total nodes: 14
Active nodes: 14
Started playbacks: 14
Not started playbacks node-ids: []
Playbacks time-window: 60
Missing chunks distribution [missed-chunks/nodes]: {16=1, 2=1, 3=2, 4=1, 7=1, 8=2, 9=2, 10=1, 13=3}
Rejected chunks for ttl expiration [chunk-id/nodes]: 55 {0=6, 2=2, 3=2, 4=1, 5=1, 9=1, 12=2, 13=1, 18=1, 23=1, 25=1, 28=3, 30=4, 39=1, 37=1, 42=1, 46=1, 47=2, 51=3, 50=1, 49=3, 48=1, 55=3, 54=1, 52=2, 58=1, 57=5, 56=1, 63=1, 61=1, 68=1, 70=1, 71=1, 64=1, 67=1, 76=3, 77=2, 78=1, 79=1, 72=8, 73=1, 74=1, 75=1, 84=6, 87=7, 86=6, 81=4, 80=4, 83=1, 95=3, 94=2, 88=2, 90=2, 99=1, 96=1}
Rejected chunks for capacity limit [chunk-id/nodes]: 0 {}
bandwidthUtilUp: 0.007208142549436821
bandwidthUtilDown: 0.004270233101596123
Avg # of unsent chunk for max-retries: 0.0
Min # of unsent chunk for max-retries: 0.0
Max # of unsent chunk for max-retries: 0.0
Avg # of unsent chunk-reqs for max-retries: 0.14285714285714285
Min # of unsent chunk-reqs for max-retries: 0.0
Max # of unsent chunk-reqs for max-retries: 1.0
Avg % of chunks received by Pastry: 9.0
Min % of chunks received by Pastry: 1.0
Max % of chunks received by Pastry: 25.0
StD of chunks received by Pastry: 6.5162518721684215
Var of chunks received by Pastry: 42.46153846153846
Avg % of chunks received by StarStream: 90.07142857142857
Min % of chunks received by StarStream: 74.0
Max % of chunks received by StarStream: 98.0
StD of chunks received by StarStream: 6.545277636636944
Var of chunks received by StarStream: 42.8406593406597
[NONMOJO] Startup Delay: 53.5
[MOJO] Startup Delay: 58.4
[MOJO] Latency: 7.287619997945787
Min of perceived avg chunk delivery-time: 6.112244897959184
Max of perceived avg chunk delivery-time: 8.726190476190476
Variance of perceived avg chunk delivery-time: 0.44435546629095873
StD of perceived avg chunk delivery-time: 0.6665999297111864
Avg messages sent per node: 2654.5
Min messages sent per node: 1625.0
Max messages sent per node: 3524.0
Variance of messages sent per node: 380476.73076923116
StD of messages sent per node: 616.827958809611
Nodes with incomplete playbacks: 14
[MOJO] Continuity Index: 77.14285714285714
[MOJO] Packet Loss: 22.857142857142858
Min % of not played chunks: 7.0
Max % of not played chunks: 98.0
Not played chunks [chunk-id/nodes]: {1=3, 2=4, 3=4, 4=4, 5=2, 6=2, 7=2, 8=2, 9=3, 10=2, 11=2, 12=5, 13=3, 14=1, 15=2, 17=1, 16=2, 19=2, 18=2, 21=1, 20=3, 23=2, 22=2, 25=2, 24=2, 27=2, 26=2, 29=2, 28=5, 31=2, 30=7, 34=2, 35=3, 32=3, 33=2, 38=2, 39=5, 36=3, 37=3, 42=4, 43=7, 40=3, 41=2, 46=3, 47=3, 44=2, 45=1, 51=5, 50=3, 49=5, 48=4, 55=4, 54=2, 53=3, 52=3, 59=2, 58=3, 57=8, 56=3, 63=3, 62=2, 61=3, 60=2, 68=4, 69=2, 70=4, 71=3, 64=2, 65=2, 66=2, 67=3, 76=7, 77=6, 78=3, 79=2, 72=9, 73=3, 74=2, 75=4, 85=1, 84=9, 87=8, 86=8, 81=6, 80=6, 83=3, 82=1, 93=1, 92=2, 95=5, 94=4, 89=3, 88=4, 91=4, 90=4, 98=3, 99=2, 96=3, 97=2}
Avg distance between not played chunks: 6.741724526670859
Min distance between not played chunks: 1.0103092783505154
Max distance between not played chunks: 12.0

HELPING PEERS LOG

[HELPING] Active nodes: 0
[HELPING] Started playbacks: 0
[HELPING] Not started playbacks node-ids: []
[HELPING] Playbacks time-window: -9223372036854775807
[HELPING] Missing chunks distribution [missed-chunks/nodes]: {}
[HELPING] Rejected chunks for ttl expiration [chunk-id/nodes]: 0 {}
[HELPING] Rejected chunks for capacity limit [chunk-id/nodes]: 0 {}
[HELPING] bandwidthUtilUp: NaN
[HELPING] bandwidthUtilDown: NaN
[HELPING] Avg # of unsent chunk for max-retries: NaN
[HELPING] Min # of unsent chunk for max-retries: Infinity
[HELPING] Max # of unsent chunk for max-retries: -Infinity
[HELPING] Avg # of unsent chunk-reqs for max-retries: NaN
[HELPING] Min # of unsent chunk-reqs for max-retries: Infinity
[HELPING] Max # of unsent chunk-reqs for max-retries: -Infinity
[HELPING] Avg % of chunks received by Pastry: NaN
[HELPING] Min % of chunks received by Pastry: Infinity
[HELPING] Max % of chunks received by Pastry: -Infinity
[HELPING] StD of chunks received by Pastry: 0.0
[HELPING] Var of chunks received by Pastry: 0.0
[HELPING] Avg % of chunks received by StarStream: NaN
[HELPING] Min % of chunks received by StarStream: Infinity
[HELPING] Max % of chunks received by StarStream: -Infinity
[HELPING] StD of chunks received by StarStream: 0.0
[HELPING] Var of chunks received by StarStream: 0.0
[HELPING] Latency: NaN
[HELPING] Min of perceived avg chunk delivery-time: Infinity
[HELPING] Max of perceived avg chunk delivery-time: -Infinity
[HELPING] Variance of perceived avg chunk delivery-time: 0.0
[HELPING] StD of perceived avg chunk delivery-time: 0.0
[HELPING] Avg messages sent per node: NaN
[HELPING] Min messages sent per node: Infinity
[HELPING] Max messages sent per node: -Infinity
[HELPING] Variance of messages sent per node: 0.0
[HELPING] StD of messages sent per node: 0.0
[HELPING] Nodes with incomplete playbacks: 0
[HELPING] Packet Loss: NaN
[HELPING] Min % of not played chunks: Infinity
[HELPING] Max % of not played chunks: -Infinity
[HELPING] Not played chunks [chunk-id/nodes]: {}
[HELPING] Avg distance between not played chunks: NaN
[HELPING] Min distance between not played chunks: Infinity
[HELPING] Max distance between not played chunks: -Infinity

