Total chunks: 100
Nodes x chunk: 2
Total nodes: 14
Active nodes: 14
Started playbacks: 14
Not started playbacks node-ids: []
Playbacks time-window: 125
Missing chunks distribution [missed-chunks/nodes]: {35=1, 16=2, 33=1, 21=2, 20=1, 5=1, 22=1, 25=1, 10=1, 11=1, 29=1, 28=1}
Rejected chunks for ttl expiration [chunk-id/nodes]: 86 {0=8, 1=3, 2=1, 3=1, 4=2, 5=1, 6=1, 7=3, 9=3, 10=3, 13=2, 16=3, 19=2, 21=1, 20=1, 23=2, 25=1, 24=4, 29=2, 28=3, 31=3, 30=1, 34=2, 35=1, 33=4, 38=2, 39=1, 36=2, 37=2, 43=6, 40=5, 41=2, 46=4, 47=2, 44=5, 45=3, 51=5, 50=4, 49=3, 48=2, 55=6, 54=3, 53=4, 52=1, 59=3, 58=1, 57=4, 56=2, 63=4, 61=4, 60=4, 68=6, 69=6, 70=3, 71=4, 64=4, 65=5, 66=6, 67=5, 76=4, 77=4, 78=8, 79=7, 72=4, 73=6, 75=5, 85=1, 84=3, 87=5, 86=1, 81=5, 80=3, 83=4, 82=7, 93=2, 92=3, 95=5, 94=3, 89=1, 88=2, 91=5, 90=5, 98=1, 99=5, 96=4, 97=2}
Rejected chunks for capacity limit [chunk-id/nodes]: 0 {}
bandwidthUtilUp: 0.005969884450835538
bandwidthUtilDown: 0.003377738742262034
Avg # of unsent chunk for max-retries: 0.0
Min # of unsent chunk for max-retries: 0.0
Max # of unsent chunk for max-retries: 0.0
Avg # of unsent chunk-reqs for max-retries: 0.35714285714285715
Min # of unsent chunk-reqs for max-retries: 0.0
Max # of unsent chunk-reqs for max-retries: 1.0
Avg % of chunks received by Pastry: 10.857142857142858
Min % of chunks received by Pastry: 1.0
Max % of chunks received by Pastry: 26.0
StD of chunks received by Pastry: 8.207474481388129
Var of chunks received by Pastry: 67.36263736263733
Avg % of chunks received by StarStream: 88.14285714285714
Min % of chunks received by StarStream: 73.0
Max % of chunks received by StarStream: 98.0
StD of chunks received by StarStream: 8.207474481388166
Var of chunks received by StarStream: 67.36263736263795
[NONMOJO] Startup Delay: 67.21428571428571
[MOJO] Startup Delay: 57.0
[MOJO] Latency: 7.072193629186464
Min of perceived avg chunk delivery-time: 6.231578947368421
Max of perceived avg chunk delivery-time: 7.961538461538462
Variance of perceived avg chunk delivery-time: 0.2774926480558942
StD of perceived avg chunk delivery-time: 0.526775709439885
Avg messages sent per node: 1420.857142857143
Min messages sent per node: 976.0
Max messages sent per node: 2046.0
Variance of messages sent per node: 102564.74725274698
StD of messages sent per node: 320.2573141284161
Nodes with incomplete playbacks: 14
[MOJO] Continuity Index: 64.35714285714286
[MOJO] Packet Loss: 35.642857142857146
Min % of not played chunks: 15.0
Max % of not played chunks: 99.0
Not played chunks [chunk-id/nodes]: {1=5, 2=3, 3=3, 4=4, 5=3, 6=2, 7=5, 8=2, 9=6, 10=6, 11=2, 12=3, 13=4, 14=2, 15=3, 17=2, 16=5, 19=5, 18=2, 21=5, 20=3, 23=4, 22=2, 25=3, 24=6, 27=2, 26=2, 29=6, 28=6, 31=4, 30=2, 34=4, 35=3, 32=2, 33=6, 38=5, 39=4, 36=5, 37=5, 42=9, 43=9, 40=6, 41=5, 46=6, 47=4, 44=6, 45=6, 51=6, 50=6, 49=4, 48=4, 55=10, 54=6, 53=5, 52=4, 59=5, 58=3, 57=8, 56=4, 63=5, 62=3, 61=6, 60=6, 68=8, 69=7, 70=5, 71=6, 64=5, 65=6, 66=8, 67=7, 76=7, 77=6, 78=11, 79=8, 72=6, 73=9, 74=2, 75=7, 85=4, 84=5, 87=7, 86=3, 81=6, 80=5, 83=6, 82=9, 93=4, 92=5, 95=8, 94=5, 89=3, 88=3, 91=7, 90=7, 98=4, 99=8, 96=6, 97=4}
Avg distance between not played chunks: 3.5527156668802666
Min distance between not played chunks: 1.0
Max distance between not played chunks: 6.857142857142857

HELPING PEERS LOG

[HELPING] Active nodes: 0
[HELPING] Started playbacks: 0
[HELPING] Not started playbacks node-ids: []
[HELPING] Playbacks time-window: -9223372036854775807
[HELPING] Missing chunks distribution [missed-chunks/nodes]: {}
[HELPING] Rejected chunks for ttl expiration [chunk-id/nodes]: 0 {}
[HELPING] Rejected chunks for capacity limit [chunk-id/nodes]: 0 {}
[HELPING] bandwidthUtilUp: NaN
[HELPING] bandwidthUtilDown: NaN
[HELPING] Avg # of unsent chunk for max-retries: NaN
[HELPING] Min # of unsent chunk for max-retries: Infinity
[HELPING] Max # of unsent chunk for max-retries: -Infinity
[HELPING] Avg # of unsent chunk-reqs for max-retries: NaN
[HELPING] Min # of unsent chunk-reqs for max-retries: Infinity
[HELPING] Max # of unsent chunk-reqs for max-retries: -Infinity
[HELPING] Avg % of chunks received by Pastry: NaN
[HELPING] Min % of chunks received by Pastry: Infinity
[HELPING] Max % of chunks received by Pastry: -Infinity
[HELPING] StD of chunks received by Pastry: 0.0
[HELPING] Var of chunks received by Pastry: 0.0
[HELPING] Avg % of chunks received by StarStream: NaN
[HELPING] Min % of chunks received by StarStream: Infinity
[HELPING] Max % of chunks received by StarStream: -Infinity
[HELPING] StD of chunks received by StarStream: 0.0
[HELPING] Var of chunks received by StarStream: 0.0
[HELPING] Latency: NaN
[HELPING] Min of perceived avg chunk delivery-time: Infinity
[HELPING] Max of perceived avg chunk delivery-time: -Infinity
[HELPING] Variance of perceived avg chunk delivery-time: 0.0
[HELPING] StD of perceived avg chunk delivery-time: 0.0
[HELPING] Avg messages sent per node: NaN
[HELPING] Min messages sent per node: Infinity
[HELPING] Max messages sent per node: -Infinity
[HELPING] Variance of messages sent per node: 0.0
[HELPING] StD of messages sent per node: 0.0
[HELPING] Nodes with incomplete playbacks: 0
[HELPING] Packet Loss: NaN
[HELPING] Min % of not played chunks: Infinity
[HELPING] Max % of not played chunks: -Infinity
[HELPING] Not played chunks [chunk-id/nodes]: {}
[HELPING] Avg distance between not played chunks: NaN
[HELPING] Min distance between not played chunks: Infinity
[HELPING] Max distance between not played chunks: -Infinity

