Total chunks: 100
Nodes x chunk: 2
Total nodes: 14
Active nodes: 14
Started playbacks: 14
Not started playbacks node-ids: []
Playbacks time-window: 112
Missing chunks distribution [missed-chunks/nodes]: {17=1, 16=1, 18=2, 21=1, 20=1, 22=1, 40=1, 41=1, 11=1, 28=2, 13=1, 14=1}
Rejected chunks for ttl expiration [chunk-id/nodes]: 86 {0=5, 1=3, 2=2, 3=2, 4=3, 6=2, 7=2, 8=1, 10=2, 12=2, 13=3, 17=2, 16=1, 19=1, 18=2, 21=3, 20=3, 23=3, 25=3, 24=2, 27=1, 29=1, 31=3, 34=1, 32=2, 33=2, 38=4, 39=4, 36=1, 42=2, 43=4, 40=5, 41=3, 46=2, 47=8, 45=5, 51=3, 50=6, 48=1, 55=4, 54=5, 53=4, 52=7, 59=4, 58=4, 57=1, 56=4, 63=6, 62=2, 61=7, 60=4, 68=5, 69=4, 70=1, 71=1, 64=2, 65=10, 66=6, 67=2, 76=5, 77=6, 78=1, 79=4, 72=3, 73=6, 74=3, 75=4, 85=2, 84=1, 87=3, 86=3, 81=4, 80=4, 83=3, 82=2, 92=6, 95=3, 94=4, 89=3, 88=3, 91=5, 90=3, 98=7, 99=1, 96=1, 97=5}
Rejected chunks for capacity limit [chunk-id/nodes]: 0 {}
bandwidthUtilUp: 0.005839813955907949
bandwidthUtilDown: 0.00320541116795646
Avg # of unsent chunk for max-retries: 0.0
Min # of unsent chunk for max-retries: 0.0
Max # of unsent chunk for max-retries: 0.0
Avg # of unsent chunk-reqs for max-retries: 0.14285714285714285
Min # of unsent chunk-reqs for max-retries: 0.0
Max # of unsent chunk-reqs for max-retries: 1.0
Avg % of chunks received by Pastry: 10.571428571428571
Min % of chunks received by Pastry: 4.0
Max % of chunks received by Pastry: 26.0
StD of chunks received by Pastry: 6.00915053147199
Var of chunks received by Pastry: 36.1098901098901
Avg % of chunks received by StarStream: 88.5
Min % of chunks received by StarStream: 73.0
Max % of chunks received by StarStream: 95.0
StD of chunks received by StarStream: 6.022394106103561
Var of chunks received by StarStream: 36.26923076923091
[NONMOJO] Startup Delay: 60.07142857142857
[MOJO] Startup Delay: 99.7
[MOJO] Latency: 7.161290807593412
Min of perceived avg chunk delivery-time: 5.353658536585366
Max of perceived avg chunk delivery-time: 8.056338028169014
Variance of perceived avg chunk delivery-time: 0.4726230092354506
StD of perceived avg chunk delivery-time: 0.6874758244734506
Avg messages sent per node: 1514.5714285714287
Min messages sent per node: 1076.0
Max messages sent per node: 2535.0
Variance of messages sent per node: 119587.80219780174
StD of messages sent per node: 345.81469343826575
Nodes with incomplete playbacks: 14
[MOJO] Continuity Index: 62.714285714285715
[MOJO] Packet Loss: 37.285714285714285
Min % of not played chunks: 11.0
Max % of not played chunks: 98.0
Not played chunks [chunk-id/nodes]: {1=5, 2=4, 3=4, 4=6, 5=2, 6=5, 7=5, 8=4, 9=3, 10=4, 11=3, 12=4, 13=6, 14=3, 15=2, 17=5, 16=3, 19=3, 18=4, 21=6, 20=5, 23=6, 22=3, 25=6, 24=4, 27=4, 26=3, 29=2, 28=3, 31=6, 30=3, 34=4, 35=3, 32=4, 33=4, 38=6, 39=7, 36=3, 37=2, 42=5, 43=5, 40=7, 41=5, 46=5, 47=8, 44=9, 45=6, 51=5, 50=7, 49=2, 48=4, 55=7, 54=6, 53=7, 52=8, 59=6, 58=6, 57=4, 56=7, 63=9, 62=5, 61=9, 60=6, 68=6, 69=6, 70=4, 71=4, 64=10, 65=11, 66=9, 67=5, 76=8, 77=7, 78=4, 79=6, 72=7, 73=8, 74=4, 75=6, 85=5, 84=4, 87=5, 86=6, 81=5, 80=6, 83=5, 82=5, 93=2, 92=8, 95=5, 94=6, 89=6, 88=9, 91=6, 90=5, 98=8, 99=4, 96=4, 97=6}
Avg distance between not played chunks: 3.8765175634574227
Min distance between not played chunks: 1.0103092783505154
Max distance between not played chunks: 8.6

HELPING PEERS LOG

[HELPING] Active nodes: 0
[HELPING] Started playbacks: 0
[HELPING] Not started playbacks node-ids: []
[HELPING] Playbacks time-window: -9223372036854775807
[HELPING] Missing chunks distribution [missed-chunks/nodes]: {}
[HELPING] Rejected chunks for ttl expiration [chunk-id/nodes]: 0 {}
[HELPING] Rejected chunks for capacity limit [chunk-id/nodes]: 0 {}
[HELPING] bandwidthUtilUp: NaN
[HELPING] bandwidthUtilDown: NaN
[HELPING] Avg # of unsent chunk for max-retries: NaN
[HELPING] Min # of unsent chunk for max-retries: Infinity
[HELPING] Max # of unsent chunk for max-retries: -Infinity
[HELPING] Avg # of unsent chunk-reqs for max-retries: NaN
[HELPING] Min # of unsent chunk-reqs for max-retries: Infinity
[HELPING] Max # of unsent chunk-reqs for max-retries: -Infinity
[HELPING] Avg % of chunks received by Pastry: NaN
[HELPING] Min % of chunks received by Pastry: Infinity
[HELPING] Max % of chunks received by Pastry: -Infinity
[HELPING] StD of chunks received by Pastry: 0.0
[HELPING] Var of chunks received by Pastry: 0.0
[HELPING] Avg % of chunks received by StarStream: NaN
[HELPING] Min % of chunks received by StarStream: Infinity
[HELPING] Max % of chunks received by StarStream: -Infinity
[HELPING] StD of chunks received by StarStream: 0.0
[HELPING] Var of chunks received by StarStream: 0.0
[HELPING] Latency: NaN
[HELPING] Min of perceived avg chunk delivery-time: Infinity
[HELPING] Max of perceived avg chunk delivery-time: -Infinity
[HELPING] Variance of perceived avg chunk delivery-time: 0.0
[HELPING] StD of perceived avg chunk delivery-time: 0.0
[HELPING] Avg messages sent per node: NaN
[HELPING] Min messages sent per node: Infinity
[HELPING] Max messages sent per node: -Infinity
[HELPING] Variance of messages sent per node: 0.0
[HELPING] StD of messages sent per node: 0.0
[HELPING] Nodes with incomplete playbacks: 0
[HELPING] Packet Loss: NaN
[HELPING] Min % of not played chunks: Infinity
[HELPING] Max % of not played chunks: -Infinity
[HELPING] Not played chunks [chunk-id/nodes]: {}
[HELPING] Avg distance between not played chunks: NaN
[HELPING] Min distance between not played chunks: Infinity
[HELPING] Max distance between not played chunks: -Infinity

