Total chunks: 100
Nodes x chunk: 2
Total nodes: 14
Active nodes: 14
Started playbacks: 14
Not started playbacks node-ids: []
Playbacks time-window: 106
Missing chunks distribution [missed-chunks/nodes]: {17=1, 16=1, 18=1, 22=1, 7=2, 25=1, 24=1, 27=1, 10=2, 11=1, 14=1, 15=1}
Rejected chunks for ttl expiration [chunk-id/nodes]: 78 {0=1, 1=2, 3=6, 7=1, 8=3, 9=2, 10=1, 11=1, 13=2, 14=3, 15=3, 19=3, 21=1, 25=1, 24=1, 26=1, 29=1, 28=3, 31=1, 30=1, 35=4, 32=1, 33=6, 39=1, 36=1, 37=4, 43=1, 40=3, 41=2, 46=3, 47=4, 44=4, 45=6, 51=2, 50=7, 48=3, 55=5, 54=5, 53=5, 52=1, 59=1, 58=5, 56=3, 62=2, 61=5, 68=3, 69=4, 70=1, 64=3, 65=3, 66=4, 67=2, 76=7, 77=1, 78=3, 72=2, 73=3, 74=6, 75=1, 85=2, 84=3, 87=3, 86=3, 81=7, 80=4, 83=3, 82=2, 93=3, 92=2, 95=4, 94=1, 89=1, 88=3, 91=3, 90=1, 99=3, 96=2, 97=5}
Rejected chunks for capacity limit [chunk-id/nodes]: 0 {}
bandwidthUtilUp: 0.006275947465228099
bandwidthUtilDown: 0.0036905291192283166
Avg # of unsent chunk for max-retries: 0.0
Min # of unsent chunk for max-retries: 0.0
Max # of unsent chunk for max-retries: 0.0
Avg # of unsent chunk-reqs for max-retries: 0.21428571428571427
Min # of unsent chunk-reqs for max-retries: 0.0
Max # of unsent chunk-reqs for max-retries: 2.0
Avg % of chunks received by Pastry: 9.785714285714286
Min % of chunks received by Pastry: 2.0
Max % of chunks received by Pastry: 19.0
StD of chunks received by Pastry: 5.963718141053787
Var of chunks received by Pastry: 35.565934065934044
Avg % of chunks received by StarStream: 89.35714285714286
Min % of chunks received by StarStream: 80.0
Max % of chunks received by StarStream: 97.0
StD of chunks received by StarStream: 6.07146089196308
Var of chunks received by StarStream: 36.86263736263712
[NONMOJO] Startup Delay: 53.785714285714285
[MOJO] Startup Delay: 70.9
[MOJO] Latency: 7.615053154746205
Min of perceived avg chunk delivery-time: 6.3
Max of perceived avg chunk delivery-time: 8.635294117647058
Variance of perceived avg chunk delivery-time: 0.5729983718070435
StD of perceived avg chunk delivery-time: 0.7569665592396031
Avg messages sent per node: 1897.2857142857142
Min messages sent per node: 1208.0
Max messages sent per node: 2995.0
Variance of messages sent per node: 323608.68131868175
StD of messages sent per node: 568.8661365547098
Nodes with incomplete playbacks: 14
[MOJO] Continuity Index: 69.42857142857143
[MOJO] Packet Loss: 30.571428571428573
Min % of not played chunks: 7.0
Max % of not played chunks: 99.0
Not played chunks [chunk-id/nodes]: {1=4, 2=3, 3=8, 4=2, 5=2, 6=3, 7=3, 8=5, 9=4, 10=3, 11=4, 12=2, 13=3, 14=6, 15=5, 17=3, 16=3, 19=5, 18=2, 21=3, 20=2, 23=3, 22=2, 25=3, 24=4, 27=2, 26=3, 29=4, 28=5, 31=4, 30=4, 34=2, 35=6, 32=4, 33=8, 38=2, 39=4, 36=4, 37=5, 42=3, 43=3, 40=4, 41=4, 46=5, 47=6, 44=6, 45=6, 51=4, 50=8, 49=2, 48=5, 55=7, 54=6, 53=8, 52=4, 59=6, 58=7, 57=2, 56=5, 63=2, 62=3, 61=6, 60=3, 68=5, 69=6, 70=3, 71=2, 64=4, 65=5, 66=5, 67=3, 76=9, 77=4, 78=3, 79=3, 72=5, 73=5, 74=6, 75=3, 85=5, 84=6, 87=6, 86=5, 81=8, 80=5, 83=4, 82=4, 93=5, 92=5, 95=7, 94=3, 89=4, 88=5, 91=7, 90=3, 98=2, 99=4, 96=3, 97=7}
Avg distance between not played chunks: 5.546356894822952
Min distance between not played chunks: 1.0
Max distance between not played chunks: 14.833333333333334

HELPING PEERS LOG

[HELPING] Active nodes: 0
[HELPING] Started playbacks: 0
[HELPING] Not started playbacks node-ids: []
[HELPING] Playbacks time-window: -9223372036854775807
[HELPING] Missing chunks distribution [missed-chunks/nodes]: {}
[HELPING] Rejected chunks for ttl expiration [chunk-id/nodes]: 0 {}
[HELPING] Rejected chunks for capacity limit [chunk-id/nodes]: 0 {}
[HELPING] bandwidthUtilUp: NaN
[HELPING] bandwidthUtilDown: NaN
[HELPING] Avg # of unsent chunk for max-retries: NaN
[HELPING] Min # of unsent chunk for max-retries: Infinity
[HELPING] Max # of unsent chunk for max-retries: -Infinity
[HELPING] Avg # of unsent chunk-reqs for max-retries: NaN
[HELPING] Min # of unsent chunk-reqs for max-retries: Infinity
[HELPING] Max # of unsent chunk-reqs for max-retries: -Infinity
[HELPING] Avg % of chunks received by Pastry: NaN
[HELPING] Min % of chunks received by Pastry: Infinity
[HELPING] Max % of chunks received by Pastry: -Infinity
[HELPING] StD of chunks received by Pastry: 0.0
[HELPING] Var of chunks received by Pastry: 0.0
[HELPING] Avg % of chunks received by StarStream: NaN
[HELPING] Min % of chunks received by StarStream: Infinity
[HELPING] Max % of chunks received by StarStream: -Infinity
[HELPING] StD of chunks received by StarStream: 0.0
[HELPING] Var of chunks received by StarStream: 0.0
[HELPING] Latency: NaN
[HELPING] Min of perceived avg chunk delivery-time: Infinity
[HELPING] Max of perceived avg chunk delivery-time: -Infinity
[HELPING] Variance of perceived avg chunk delivery-time: 0.0
[HELPING] StD of perceived avg chunk delivery-time: 0.0
[HELPING] Avg messages sent per node: NaN
[HELPING] Min messages sent per node: Infinity
[HELPING] Max messages sent per node: -Infinity
[HELPING] Variance of messages sent per node: 0.0
[HELPING] StD of messages sent per node: 0.0
[HELPING] Nodes with incomplete playbacks: 0
[HELPING] Packet Loss: NaN
[HELPING] Min % of not played chunks: Infinity
[HELPING] Max % of not played chunks: -Infinity
[HELPING] Not played chunks [chunk-id/nodes]: {}
[HELPING] Avg distance between not played chunks: NaN
[HELPING] Min distance between not played chunks: Infinity
[HELPING] Max distance between not played chunks: -Infinity

