Total chunks: 100
Nodes x chunk: 2
Total nodes: 14
Active nodes: 14
Started playbacks: 14
Not started playbacks node-ids: []
Playbacks time-window: 125
Missing chunks distribution [missed-chunks/nodes]: {16=1, 2=1, 4=2, 5=1, 6=2, 7=1, 8=1, 9=1, 11=2, 13=2}
Rejected chunks for ttl expiration [chunk-id/nodes]: 62 {0=8, 1=2, 5=2, 7=1, 8=1, 11=2, 13=1, 14=3, 17=1, 20=2, 24=1, 29=1, 35=1, 33=1, 38=6, 39=3, 37=1, 42=1, 43=1, 40=1, 41=2, 46=2, 47=1, 45=2, 51=3, 50=1, 49=1, 48=2, 55=3, 54=2, 53=1, 52=1, 59=1, 57=1, 56=1, 63=1, 61=3, 70=1, 71=2, 65=3, 66=1, 67=2, 76=2, 77=1, 79=1, 72=3, 74=2, 75=3, 85=4, 86=2, 81=3, 80=2, 83=1, 93=2, 92=3, 94=1, 89=2, 88=1, 91=1, 90=6, 98=2, 96=2}
Rejected chunks for capacity limit [chunk-id/nodes]: 0 {}
bandwidthUtilUp: 0.00673283686719968
bandwidthUtilDown: 0.0037461858795146195
Avg # of unsent chunk for max-retries: 0.0
Min # of unsent chunk for max-retries: 0.0
Max # of unsent chunk for max-retries: 0.0
Avg # of unsent chunk-reqs for max-retries: 0.35714285714285715
Min # of unsent chunk-reqs for max-retries: 0.0
Max # of unsent chunk-reqs for max-retries: 5.0
Avg % of chunks received by Pastry: 10.0
Min % of chunks received by Pastry: 2.0
Max % of chunks received by Pastry: 19.0
StD of chunks received by Pastry: 4.607685886729826
Var of chunks received by Pastry: 21.230769230769223
Avg % of chunks received by StarStream: 89.0
Min % of chunks received by StarStream: 80.0
Max % of chunks received by StarStream: 97.0
StD of chunks received by StarStream: 4.607685886729781
Var of chunks received by StarStream: 21.23076923076881
[NONMOJO] Startup Delay: 56.142857142857146
[MOJO] Startup Delay: 68.8
[MOJO] Latency: 7.203242895469097
Min of perceived avg chunk delivery-time: 6.178947368421053
Max of perceived avg chunk delivery-time: 8.083333333333334
Variance of perceived avg chunk delivery-time: 0.27614266868050336
StD of perceived avg chunk delivery-time: 0.5254927865161456
Avg messages sent per node: 2550.5
Min messages sent per node: 1537.0
Max messages sent per node: 3161.0
Variance of messages sent per node: 246215.03846153844
StD of messages sent per node: 496.20060304431155
Nodes with incomplete playbacks: 14
[MOJO] Continuity Index: 70.28571428571429
[MOJO] Packet Loss: 29.714285714285715
Min % of not played chunks: 4.0
Max % of not played chunks: 99.0
Not played chunks [chunk-id/nodes]: {1=3, 2=3, 3=4, 4=3, 5=5, 6=2, 7=4, 8=3, 9=4, 10=3, 11=5, 12=2, 13=5, 14=6, 15=5, 17=3, 16=2, 19=3, 18=2, 21=4, 20=5, 23=3, 22=4, 25=3, 24=4, 27=3, 26=2, 29=4, 28=4, 31=3, 30=2, 34=2, 35=6, 32=2, 33=4, 38=8, 39=5, 36=2, 37=4, 42=6, 43=3, 40=5, 41=5, 46=5, 47=4, 44=3, 45=7, 51=6, 50=5, 49=5, 48=5, 55=6, 54=5, 53=3, 52=4, 59=4, 58=3, 57=4, 56=5, 63=6, 62=4, 61=6, 60=4, 68=3, 69=3, 70=3, 71=5, 64=2, 65=6, 66=5, 67=5, 76=8, 77=5, 78=4, 79=5, 72=6, 73=3, 74=4, 75=5, 85=6, 84=4, 87=3, 86=6, 81=5, 80=6, 83=4, 82=3, 93=4, 92=6, 95=4, 94=4, 89=4, 88=4, 91=5, 90=7, 98=3, 99=3, 96=5, 97=4}
Avg distance between not played chunks: 6.567002380357715
Min distance between not played chunks: 1.0
Max distance between not played chunks: 21.0

HELPING PEERS LOG

[HELPING] Active nodes: 0
[HELPING] Started playbacks: 0
[HELPING] Not started playbacks node-ids: []
[HELPING] Playbacks time-window: -9223372036854775807
[HELPING] Missing chunks distribution [missed-chunks/nodes]: {}
[HELPING] Rejected chunks for ttl expiration [chunk-id/nodes]: 0 {}
[HELPING] Rejected chunks for capacity limit [chunk-id/nodes]: 0 {}
[HELPING] bandwidthUtilUp: NaN
[HELPING] bandwidthUtilDown: NaN
[HELPING] Avg # of unsent chunk for max-retries: NaN
[HELPING] Min # of unsent chunk for max-retries: Infinity
[HELPING] Max # of unsent chunk for max-retries: -Infinity
[HELPING] Avg # of unsent chunk-reqs for max-retries: NaN
[HELPING] Min # of unsent chunk-reqs for max-retries: Infinity
[HELPING] Max # of unsent chunk-reqs for max-retries: -Infinity
[HELPING] Avg % of chunks received by Pastry: NaN
[HELPING] Min % of chunks received by Pastry: Infinity
[HELPING] Max % of chunks received by Pastry: -Infinity
[HELPING] StD of chunks received by Pastry: 0.0
[HELPING] Var of chunks received by Pastry: 0.0
[HELPING] Avg % of chunks received by StarStream: NaN
[HELPING] Min % of chunks received by StarStream: Infinity
[HELPING] Max % of chunks received by StarStream: -Infinity
[HELPING] StD of chunks received by StarStream: 0.0
[HELPING] Var of chunks received by StarStream: 0.0
[HELPING] Latency: NaN
[HELPING] Min of perceived avg chunk delivery-time: Infinity
[HELPING] Max of perceived avg chunk delivery-time: -Infinity
[HELPING] Variance of perceived avg chunk delivery-time: 0.0
[HELPING] StD of perceived avg chunk delivery-time: 0.0
[HELPING] Avg messages sent per node: NaN
[HELPING] Min messages sent per node: Infinity
[HELPING] Max messages sent per node: -Infinity
[HELPING] Variance of messages sent per node: 0.0
[HELPING] StD of messages sent per node: 0.0
[HELPING] Nodes with incomplete playbacks: 0
[HELPING] Packet Loss: NaN
[HELPING] Min % of not played chunks: Infinity
[HELPING] Max % of not played chunks: -Infinity
[HELPING] Not played chunks [chunk-id/nodes]: {}
[HELPING] Avg distance between not played chunks: NaN
[HELPING] Min distance between not played chunks: Infinity
[HELPING] Max distance between not played chunks: -Infinity

