Total chunks: 100
Nodes x chunk: 2
Total nodes: 14
Active nodes: 14
Started playbacks: 14
Not started playbacks node-ids: []
Playbacks time-window: 167
Missing chunks distribution [missed-chunks/nodes]: {3=1, 5=1, 8=1, 9=1, 10=2, 11=1, 13=1, 14=1, 15=1, 19=1, 18=1, 20=1, 25=1}
Rejected chunks for ttl expiration [chunk-id/nodes]: 66 {1=3, 2=2, 3=2, 4=2, 5=1, 6=6, 7=4, 9=1, 12=2, 13=1, 17=1, 20=1, 23=1, 22=1, 25=1, 24=1, 28=1, 31=5, 35=1, 32=1, 33=1, 43=5, 41=3, 44=3, 45=1, 51=2, 50=3, 55=1, 53=3, 59=1, 58=2, 57=3, 56=4, 63=5, 62=2, 60=4, 69=2, 70=2, 71=8, 64=3, 65=4, 67=2, 76=3, 77=1, 78=2, 79=2, 73=4, 74=2, 85=1, 84=2, 87=1, 86=2, 81=5, 80=1, 83=1, 82=5, 93=3, 92=4, 95=2, 94=1, 89=2, 88=1, 90=1, 98=4, 99=1, 96=1}
Rejected chunks for capacity limit [chunk-id/nodes]: 0 {}
bandwidthUtilUp: 0.00662488927173768
bandwidthUtilDown: 0.003950295493100739
Avg # of unsent chunk for max-retries: 0.0
Min # of unsent chunk for max-retries: 0.0
Max # of unsent chunk for max-retries: 0.0
Avg # of unsent chunk-reqs for max-retries: 0.21428571428571427
Min # of unsent chunk-reqs for max-retries: 0.0
Max # of unsent chunk-reqs for max-retries: 2.0
Avg % of chunks received by Pastry: 8.928571428571429
Min % of chunks received by Pastry: 0.0
Max % of chunks received by Pastry: 24.0
StD of chunks received by Pastry: 6.366550638530022
Var of chunks received by Pastry: 40.53296703296703
Avg % of chunks received by StarStream: 90.14285714285714
Min % of chunks received by StarStream: 75.0
Max % of chunks received by StarStream: 100.0
StD of chunks received by StarStream: 6.479044835315057
Var of chunks received by StarStream: 41.97802197802272
[NONMOJO] Startup Delay: 71.42857142857143
[MOJO] Startup Delay: 94.0
[MOJO] Latency: 7.185525766780513
Min of perceived avg chunk delivery-time: 6.1477272727272725
Max of perceived avg chunk delivery-time: 8.160493827160494
Variance of perceived avg chunk delivery-time: 0.25047089415851514
StD of perceived avg chunk delivery-time: 0.5004706726257945
Avg messages sent per node: 2127.6428571428573
Min messages sent per node: 1053.0
Max messages sent per node: 3164.0
Variance of messages sent per node: 365108.70879120793
StD of messages sent per node: 604.2422600176257
Nodes with incomplete playbacks: 14
[MOJO] Continuity Index: 70.71428571428571
[MOJO] Packet Loss: 29.285714285714285
Min % of not played chunks: 5.0
Max % of not played chunks: 99.0
Not played chunks [chunk-id/nodes]: {1=4, 2=4, 3=5, 4=4, 5=3, 6=9, 7=6, 8=2, 9=3, 10=2, 11=3, 12=6, 13=3, 14=3, 15=2, 17=3, 16=3, 19=2, 18=2, 21=3, 20=4, 23=3, 22=3, 25=4, 24=3, 27=2, 26=3, 29=2, 28=3, 31=5, 30=2, 34=2, 35=4, 32=3, 33=5, 38=3, 39=2, 36=2, 37=4, 42=2, 43=8, 40=2, 41=5, 46=3, 47=3, 44=5, 45=3, 51=5, 50=6, 49=2, 48=5, 55=3, 54=2, 53=5, 52=2, 59=3, 58=7, 57=6, 56=7, 63=8, 62=3, 61=2, 60=11, 68=2, 69=4, 70=7, 71=11, 64=6, 65=7, 66=2, 67=4, 76=4, 77=3, 78=5, 79=5, 72=3, 73=7, 74=6, 75=4, 85=6, 84=4, 87=3, 86=5, 81=7, 80=3, 83=3, 82=6, 93=5, 92=7, 95=4, 94=3, 89=5, 88=5, 91=3, 90=4, 98=7, 99=3, 96=5, 97=3}
Avg distance between not played chunks: 5.469523127812601
Min distance between not played chunks: 1.0
Max distance between not played chunks: 13.5

HELPING PEERS LOG

[HELPING] Active nodes: 0
[HELPING] Started playbacks: 0
[HELPING] Not started playbacks node-ids: []
[HELPING] Playbacks time-window: -9223372036854775807
[HELPING] Missing chunks distribution [missed-chunks/nodes]: {}
[HELPING] Rejected chunks for ttl expiration [chunk-id/nodes]: 0 {}
[HELPING] Rejected chunks for capacity limit [chunk-id/nodes]: 0 {}
[HELPING] bandwidthUtilUp: NaN
[HELPING] bandwidthUtilDown: NaN
[HELPING] Avg # of unsent chunk for max-retries: NaN
[HELPING] Min # of unsent chunk for max-retries: Infinity
[HELPING] Max # of unsent chunk for max-retries: -Infinity
[HELPING] Avg # of unsent chunk-reqs for max-retries: NaN
[HELPING] Min # of unsent chunk-reqs for max-retries: Infinity
[HELPING] Max # of unsent chunk-reqs for max-retries: -Infinity
[HELPING] Avg % of chunks received by Pastry: NaN
[HELPING] Min % of chunks received by Pastry: Infinity
[HELPING] Max % of chunks received by Pastry: -Infinity
[HELPING] StD of chunks received by Pastry: 0.0
[HELPING] Var of chunks received by Pastry: 0.0
[HELPING] Avg % of chunks received by StarStream: NaN
[HELPING] Min % of chunks received by StarStream: Infinity
[HELPING] Max % of chunks received by StarStream: -Infinity
[HELPING] StD of chunks received by StarStream: 0.0
[HELPING] Var of chunks received by StarStream: 0.0
[HELPING] Latency: NaN
[HELPING] Min of perceived avg chunk delivery-time: Infinity
[HELPING] Max of perceived avg chunk delivery-time: -Infinity
[HELPING] Variance of perceived avg chunk delivery-time: 0.0
[HELPING] StD of perceived avg chunk delivery-time: 0.0
[HELPING] Avg messages sent per node: NaN
[HELPING] Min messages sent per node: Infinity
[HELPING] Max messages sent per node: -Infinity
[HELPING] Variance of messages sent per node: 0.0
[HELPING] StD of messages sent per node: 0.0
[HELPING] Nodes with incomplete playbacks: 0
[HELPING] Packet Loss: NaN
[HELPING] Min % of not played chunks: Infinity
[HELPING] Max % of not played chunks: -Infinity
[HELPING] Not played chunks [chunk-id/nodes]: {}
[HELPING] Avg distance between not played chunks: NaN
[HELPING] Min distance between not played chunks: Infinity
[HELPING] Max distance between not played chunks: -Infinity

