Total chunks: 100
Nodes x chunk: 2
Total nodes: 14
Active nodes: 14
Started playbacks: 14
Not started playbacks node-ids: []
Playbacks time-window: 157
Missing chunks distribution [missed-chunks/nodes]: {17=2, 16=1, 18=1, 21=1, 5=1, 6=1, 22=2, 8=1, 9=1, 11=1, 14=2}
Rejected chunks for ttl expiration [chunk-id/nodes]: 74 {1=3, 2=1, 3=4, 6=3, 7=2, 8=1, 10=1, 11=1, 17=3, 16=1, 18=1, 21=1, 23=2, 26=4, 29=2, 28=2, 34=3, 35=2, 38=1, 39=2, 36=1, 42=1, 43=1, 40=2, 41=1, 46=2, 47=4, 44=5, 45=2, 51=2, 50=1, 48=3, 55=5, 54=1, 53=2, 59=4, 58=4, 57=3, 56=2, 63=3, 62=2, 61=8, 60=1, 68=1, 69=2, 70=1, 64=5, 65=2, 66=2, 67=1, 76=5, 77=3, 78=5, 79=4, 73=1, 74=8, 75=2, 85=3, 84=2, 87=5, 81=5, 80=4, 82=2, 93=2, 95=3, 94=4, 89=2, 88=1, 91=3, 90=3, 98=3, 99=1, 96=5, 97=3}
Rejected chunks for capacity limit [chunk-id/nodes]: 0 {}
bandwidthUtilUp: 0.00626648494226361
bandwidthUtilDown: 0.0035980248210120075
Avg # of unsent chunk for max-retries: 0.0
Min # of unsent chunk for max-retries: 0.0
Max # of unsent chunk for max-retries: 0.0
Avg # of unsent chunk-reqs for max-retries: 0.21428571428571427
Min # of unsent chunk-reqs for max-retries: 0.0
Max # of unsent chunk-reqs for max-retries: 2.0
Avg % of chunks received by Pastry: 9.785714285714286
Min % of chunks received by Pastry: 1.0
Max % of chunks received by Pastry: 21.0
StD of chunks received by Pastry: 6.635320077243637
Var of chunks received by Pastry: 44.02747252747251
Avg % of chunks received by StarStream: 89.28571428571429
Min % of chunks received by StarStream: 78.0
Max % of chunks received by StarStream: 98.0
StD of chunks received by StarStream: 6.521309111479951
Var of chunks received by StarStream: 42.527472527471424
[NONMOJO] Startup Delay: 63.42857142857143
[MOJO] Startup Delay: 67.4
[MOJO] Latency: 7.3154845392467704
Min of perceived avg chunk delivery-time: 6.557894736842106
Max of perceived avg chunk delivery-time: 8.133333333333333
Variance of perceived avg chunk delivery-time: 0.2082926106028483
StD of perceived avg chunk delivery-time: 0.45639085289130005
Avg messages sent per node: 2110.9285714285716
Min messages sent per node: 1350.0
Max messages sent per node: 2920.0
Variance of messages sent per node: 300000.3791208784
StD of messages sent per node: 547.7229035934853
Nodes with incomplete playbacks: 14
[MOJO] Continuity Index: 63.92857142857143
[MOJO] Packet Loss: 36.07142857142857
Min % of not played chunks: 9.0
Max % of not played chunks: 99.0
Not played chunks [chunk-id/nodes]: {1=6, 2=4, 3=8, 4=3, 5=3, 6=6, 7=6, 8=3, 9=3, 10=4, 11=4, 12=3, 13=4, 14=4, 15=3, 17=6, 16=4, 19=2, 18=5, 21=4, 20=4, 23=4, 22=3, 25=4, 24=4, 27=3, 26=8, 29=6, 28=5, 31=4, 30=4, 34=5, 35=4, 32=4, 33=4, 38=5, 39=5, 36=5, 37=3, 42=5, 43=5, 40=5, 41=6, 46=5, 47=6, 44=7, 45=5, 51=6, 50=6, 49=4, 48=7, 55=7, 54=5, 53=4, 52=4, 59=8, 58=5, 57=7, 56=5, 63=6, 62=6, 61=8, 60=4, 68=3, 69=6, 70=5, 71=4, 64=9, 65=4, 66=5, 67=4, 76=8, 77=5, 78=7, 79=8, 72=3, 73=4, 74=9, 75=4, 85=6, 84=6, 87=6, 86=4, 81=6, 80=6, 83=3, 82=3, 93=6, 92=4, 95=7, 94=8, 89=6, 88=5, 91=6, 90=5, 98=6, 99=4, 96=9, 97=6}
Avg distance between not played chunks: 4.53787789816368
Min distance between not played chunks: 1.0
Max distance between not played chunks: 9.625

HELPING PEERS LOG

[HELPING] Active nodes: 0
[HELPING] Started playbacks: 0
[HELPING] Not started playbacks node-ids: []
[HELPING] Playbacks time-window: -9223372036854775807
[HELPING] Missing chunks distribution [missed-chunks/nodes]: {}
[HELPING] Rejected chunks for ttl expiration [chunk-id/nodes]: 0 {}
[HELPING] Rejected chunks for capacity limit [chunk-id/nodes]: 0 {}
[HELPING] bandwidthUtilUp: NaN
[HELPING] bandwidthUtilDown: NaN
[HELPING] Avg # of unsent chunk for max-retries: NaN
[HELPING] Min # of unsent chunk for max-retries: Infinity
[HELPING] Max # of unsent chunk for max-retries: -Infinity
[HELPING] Avg # of unsent chunk-reqs for max-retries: NaN
[HELPING] Min # of unsent chunk-reqs for max-retries: Infinity
[HELPING] Max # of unsent chunk-reqs for max-retries: -Infinity
[HELPING] Avg % of chunks received by Pastry: NaN
[HELPING] Min % of chunks received by Pastry: Infinity
[HELPING] Max % of chunks received by Pastry: -Infinity
[HELPING] StD of chunks received by Pastry: 0.0
[HELPING] Var of chunks received by Pastry: 0.0
[HELPING] Avg % of chunks received by StarStream: NaN
[HELPING] Min % of chunks received by StarStream: Infinity
[HELPING] Max % of chunks received by StarStream: -Infinity
[HELPING] StD of chunks received by StarStream: 0.0
[HELPING] Var of chunks received by StarStream: 0.0
[HELPING] Latency: NaN
[HELPING] Min of perceived avg chunk delivery-time: Infinity
[HELPING] Max of perceived avg chunk delivery-time: -Infinity
[HELPING] Variance of perceived avg chunk delivery-time: 0.0
[HELPING] StD of perceived avg chunk delivery-time: 0.0
[HELPING] Avg messages sent per node: NaN
[HELPING] Min messages sent per node: Infinity
[HELPING] Max messages sent per node: -Infinity
[HELPING] Variance of messages sent per node: 0.0
[HELPING] StD of messages sent per node: 0.0
[HELPING] Nodes with incomplete playbacks: 0
[HELPING] Packet Loss: NaN
[HELPING] Min % of not played chunks: Infinity
[HELPING] Max % of not played chunks: -Infinity
[HELPING] Not played chunks [chunk-id/nodes]: {}
[HELPING] Avg distance between not played chunks: NaN
[HELPING] Min distance between not played chunks: Infinity
[HELPING] Max distance between not played chunks: -Infinity

