Total chunks: 100
Nodes x chunk: 2
Total nodes: 14
Active nodes: 14
Started playbacks: 14
Not started playbacks node-ids: []
Playbacks time-window: 200
Missing chunks distribution [missed-chunks/nodes]: {17=1, 19=1, 18=1, 21=1, 23=1, 6=1, 9=1, 10=1, 26=1, 11=1, 12=2, 28=1, 15=1}
Rejected chunks for ttl expiration [chunk-id/nodes]: 82 {1=3, 2=5, 3=3, 5=1, 6=9, 7=1, 8=1, 10=1, 12=2, 13=1, 14=1, 15=1, 16=2, 19=1, 21=1, 20=1, 22=2, 25=1, 24=1, 26=1, 29=1, 28=1, 31=2, 30=1, 34=1, 33=2, 42=3, 43=5, 40=1, 41=8, 46=2, 47=3, 44=1, 45=7, 51=6, 50=1, 49=2, 48=1, 55=4, 54=4, 53=2, 52=1, 59=1, 58=3, 57=3, 56=3, 63=1, 62=1, 61=3, 60=2, 68=2, 69=2, 70=2, 71=7, 64=7, 65=4, 67=3, 76=1, 77=3, 78=1, 79=6, 72=3, 74=1, 75=1, 85=5, 84=6, 87=3, 86=4, 81=4, 80=1, 83=6, 82=5, 92=3, 95=4, 94=3, 88=3, 91=2, 90=4, 98=4, 99=1, 96=4, 97=1}
Rejected chunks for capacity limit [chunk-id/nodes]: 0 {}
bandwidthUtilUp: 0.0063443106283222125
bandwidthUtilDown: 0.0035536218904762412
Avg # of unsent chunk for max-retries: 0.0
Min # of unsent chunk for max-retries: 0.0
Max # of unsent chunk for max-retries: 0.0
Avg # of unsent chunk-reqs for max-retries: 0.14285714285714285
Min # of unsent chunk-reqs for max-retries: 0.0
Max # of unsent chunk-reqs for max-retries: 1.0
Avg % of chunks received by Pastry: 11.571428571428571
Min % of chunks received by Pastry: 2.0
Max % of chunks received by Pastry: 21.0
StD of chunks received by Pastry: 7.046158644846967
Var of chunks received by Pastry: 49.64835164835165
Avg % of chunks received by StarStream: 87.5
Min % of chunks received by StarStream: 78.0
Max % of chunks received by StarStream: 97.0
StD of chunks received by StarStream: 7.122553561102191
Var of chunks received by StarStream: 50.73076923076951
[NONMOJO] Startup Delay: 61.857142857142854
[MOJO] Startup Delay: 86.0
[MOJO] Latency: 7.029632710840677
Min of perceived avg chunk delivery-time: 5.784810126582278
Max of perceived avg chunk delivery-time: 7.8
Variance of perceived avg chunk delivery-time: 0.24004038669978037
StD of perceived avg chunk delivery-time: 0.4899391663255555
Avg messages sent per node: 1736.857142857143
Min messages sent per node: 1194.0
Max messages sent per node: 2930.0
Variance of messages sent per node: 203749.3626373622
StD of messages sent per node: 451.3860461261095
Nodes with incomplete playbacks: 14
[MOJO] Continuity Index: 63.142857142857146
[MOJO] Packet Loss: 36.857142857142854
Min % of not played chunks: 9.0
Max % of not played chunks: 99.0
Not played chunks [chunk-id/nodes]: {1=5, 2=8, 3=6, 4=4, 5=4, 6=10, 7=4, 8=5, 9=4, 10=4, 11=3, 12=5, 13=4, 14=4, 15=4, 17=4, 16=6, 19=4, 18=4, 21=4, 20=3, 23=2, 22=5, 25=4, 24=4, 27=3, 26=3, 29=3, 28=4, 31=5, 30=3, 34=4, 35=3, 32=3, 33=4, 38=4, 39=2, 36=4, 37=3, 42=6, 43=8, 40=4, 41=12, 46=5, 47=5, 44=8, 45=9, 51=10, 50=5, 49=5, 48=3, 55=7, 54=7, 53=5, 52=4, 59=3, 58=5, 57=6, 56=7, 63=4, 62=4, 61=6, 60=4, 68=5, 69=5, 70=5, 71=10, 64=9, 65=6, 66=3, 67=7, 76=4, 77=6, 78=5, 79=9, 72=6, 73=2, 74=5, 75=4, 85=7, 84=7, 87=6, 86=8, 81=6, 80=4, 83=8, 82=8, 93=3, 92=5, 95=6, 94=6, 89=3, 88=5, 91=5, 90=9, 98=8, 99=5, 96=7, 97=5}
Avg distance between not played chunks: 4.39349620967268
Min distance between not played chunks: 1.0
Max distance between not played chunks: 12.0

HELPING PEERS LOG

[HELPING] Active nodes: 0
[HELPING] Started playbacks: 0
[HELPING] Not started playbacks node-ids: []
[HELPING] Playbacks time-window: -9223372036854775807
[HELPING] Missing chunks distribution [missed-chunks/nodes]: {}
[HELPING] Rejected chunks for ttl expiration [chunk-id/nodes]: 0 {}
[HELPING] Rejected chunks for capacity limit [chunk-id/nodes]: 0 {}
[HELPING] bandwidthUtilUp: NaN
[HELPING] bandwidthUtilDown: NaN
[HELPING] Avg # of unsent chunk for max-retries: NaN
[HELPING] Min # of unsent chunk for max-retries: Infinity
[HELPING] Max # of unsent chunk for max-retries: -Infinity
[HELPING] Avg # of unsent chunk-reqs for max-retries: NaN
[HELPING] Min # of unsent chunk-reqs for max-retries: Infinity
[HELPING] Max # of unsent chunk-reqs for max-retries: -Infinity
[HELPING] Avg % of chunks received by Pastry: NaN
[HELPING] Min % of chunks received by Pastry: Infinity
[HELPING] Max % of chunks received by Pastry: -Infinity
[HELPING] StD of chunks received by Pastry: 0.0
[HELPING] Var of chunks received by Pastry: 0.0
[HELPING] Avg % of chunks received by StarStream: NaN
[HELPING] Min % of chunks received by StarStream: Infinity
[HELPING] Max % of chunks received by StarStream: -Infinity
[HELPING] StD of chunks received by StarStream: 0.0
[HELPING] Var of chunks received by StarStream: 0.0
[HELPING] Latency: NaN
[HELPING] Min of perceived avg chunk delivery-time: Infinity
[HELPING] Max of perceived avg chunk delivery-time: -Infinity
[HELPING] Variance of perceived avg chunk delivery-time: 0.0
[HELPING] StD of perceived avg chunk delivery-time: 0.0
[HELPING] Avg messages sent per node: NaN
[HELPING] Min messages sent per node: Infinity
[HELPING] Max messages sent per node: -Infinity
[HELPING] Variance of messages sent per node: 0.0
[HELPING] StD of messages sent per node: 0.0
[HELPING] Nodes with incomplete playbacks: 0
[HELPING] Packet Loss: NaN
[HELPING] Min % of not played chunks: Infinity
[HELPING] Max % of not played chunks: -Infinity
[HELPING] Not played chunks [chunk-id/nodes]: {}
[HELPING] Avg distance between not played chunks: NaN
[HELPING] Min distance between not played chunks: Infinity
[HELPING] Max distance between not played chunks: -Infinity

