Total chunks: 100
Nodes x chunk: 2
Total nodes: 14
Active nodes: 14
Started playbacks: 14
Not started playbacks node-ids: []
Playbacks time-window: 100
Missing chunks distribution [missed-chunks/nodes]: {2=3, 3=2, 4=3, 5=3, 9=2, 10=1}
Rejected chunks for ttl expiration [chunk-id/nodes]: 39 {69=1, 70=3, 71=1, 3=1, 64=1, 4=1, 65=1, 6=1, 7=1, 76=2, 78=1, 72=1, 74=2, 17=2, 87=1, 81=4, 24=1, 95=1, 26=3, 89=1, 88=2, 91=1, 90=1, 32=1, 38=2, 96=1, 44=1, 45=2, 51=1, 48=1, 55=1, 54=1, 53=1, 52=1, 57=3, 63=2, 62=4, 61=1, 60=3}
Rejected chunks for capacity limit [chunk-id/nodes]: 0 {}
bandwidthUtilUp: 0.007195001710249705
bandwidthUtilDown: 0.003846734473989941
Avg # of unsent chunk for max-retries: 0.0
Min # of unsent chunk for max-retries: 0.0
Max # of unsent chunk for max-retries: 0.0
Avg # of unsent chunk-reqs for max-retries: 0.07142857142857142
Min # of unsent chunk-reqs for max-retries: 0.0
Max # of unsent chunk-reqs for max-retries: 1.0
Avg % of chunks received by Pastry: 8.928571428571429
Min % of chunks received by Pastry: 2.0
Max % of chunks received by Pastry: 17.0
StD of chunks received by Pastry: 4.874806279611146
Var of chunks received by Pastry: 23.763736263736263
Avg % of chunks received by StarStream: 90.07142857142857
Min % of chunks received by StarStream: 82.0
Max % of chunks received by StarStream: 97.0
StD of chunks received by StarStream: 4.874806279611226
Var of chunks received by StarStream: 23.76373626373704
[NONMOJO] Startup Delay: 52.142857142857146
[MOJO] Startup Delay: 76.2
[MOJO] Latency: 7.147737870909168
Min of perceived avg chunk delivery-time: 6.5625
Max of perceived avg chunk delivery-time: 7.888888888888889
Variance of perceived avg chunk delivery-time: 0.19334147771295726
StD of perceived avg chunk delivery-time: 0.4397061265356184
Avg messages sent per node: 3425.1428571428573
Min messages sent per node: 2546.0
Max messages sent per node: 4036.0
Variance of messages sent per node: 196478.43956043772
StD of messages sent per node: 443.25888548390964
Nodes with incomplete playbacks: 14
[MOJO] Continuity Index: 71.07142857142857
[MOJO] Packet Loss: 28.928571428571427
Min % of not played chunks: 3.0
Max % of not played chunks: 99.0
Not played chunks [chunk-id/nodes]: {1=3, 2=4, 3=4, 4=4, 5=4, 6=4, 7=4, 8=3, 9=5, 10=6, 11=3, 12=4, 13=3, 14=3, 15=3, 17=3, 16=2, 19=2, 18=4, 21=3, 20=3, 23=3, 22=3, 25=3, 24=4, 27=4, 26=6, 29=3, 28=4, 31=4, 30=3, 34=4, 35=5, 32=5, 33=4, 38=4, 39=4, 36=3, 37=3, 42=4, 43=3, 40=3, 41=3, 46=4, 47=4, 44=5, 45=5, 51=3, 50=5, 49=3, 48=4, 55=4, 54=3, 53=3, 52=4, 59=4, 58=3, 57=5, 56=5, 63=5, 62=7, 61=5, 60=7, 68=3, 69=5, 70=8, 71=4, 64=4, 65=6, 66=4, 67=3, 76=5, 77=3, 78=6, 79=2, 72=8, 73=3, 74=7, 75=3, 85=4, 84=5, 87=5, 86=4, 81=8, 80=4, 83=5, 82=3, 93=4, 92=3, 95=5, 94=5, 89=4, 88=6, 91=4, 90=5, 98=2, 99=3, 96=4, 97=4}
Avg distance between not played chunks: 8.203776354818022
Min distance between not played chunks: 1.0
Max distance between not played chunks: 23.25

HELPING PEERS LOG

[HELPING] Active nodes: 0
[HELPING] Started playbacks: 0
[HELPING] Not started playbacks node-ids: []
[HELPING] Playbacks time-window: -9223372036854775807
[HELPING] Missing chunks distribution [missed-chunks/nodes]: {}
[HELPING] Rejected chunks for ttl expiration [chunk-id/nodes]: 0 {}
[HELPING] Rejected chunks for capacity limit [chunk-id/nodes]: 0 {}
[HELPING] bandwidthUtilUp: NaN
[HELPING] bandwidthUtilDown: NaN
[HELPING] Avg # of unsent chunk for max-retries: NaN
[HELPING] Min # of unsent chunk for max-retries: Infinity
[HELPING] Max # of unsent chunk for max-retries: -Infinity
[HELPING] Avg # of unsent chunk-reqs for max-retries: NaN
[HELPING] Min # of unsent chunk-reqs for max-retries: Infinity
[HELPING] Max # of unsent chunk-reqs for max-retries: -Infinity
[HELPING] Avg % of chunks received by Pastry: NaN
[HELPING] Min % of chunks received by Pastry: Infinity
[HELPING] Max % of chunks received by Pastry: -Infinity
[HELPING] StD of chunks received by Pastry: 0.0
[HELPING] Var of chunks received by Pastry: 0.0
[HELPING] Avg % of chunks received by StarStream: NaN
[HELPING] Min % of chunks received by StarStream: Infinity
[HELPING] Max % of chunks received by StarStream: -Infinity
[HELPING] StD of chunks received by StarStream: 0.0
[HELPING] Var of chunks received by StarStream: 0.0
[HELPING] Latency: NaN
[HELPING] Min of perceived avg chunk delivery-time: Infinity
[HELPING] Max of perceived avg chunk delivery-time: -Infinity
[HELPING] Variance of perceived avg chunk delivery-time: 0.0
[HELPING] StD of perceived avg chunk delivery-time: 0.0
[HELPING] Avg messages sent per node: NaN
[HELPING] Min messages sent per node: Infinity
[HELPING] Max messages sent per node: -Infinity
[HELPING] Variance of messages sent per node: 0.0
[HELPING] StD of messages sent per node: 0.0
[HELPING] Nodes with incomplete playbacks: 0
[HELPING] Packet Loss: NaN
[HELPING] Min % of not played chunks: Infinity
[HELPING] Max % of not played chunks: -Infinity
[HELPING] Not played chunks [chunk-id/nodes]: {}
[HELPING] Avg distance between not played chunks: NaN
[HELPING] Min distance between not played chunks: Infinity
[HELPING] Max distance between not played chunks: -Infinity

