Total chunks: 100
Nodes x chunk: 2
Total nodes: 28
Active nodes: 14
Started playbacks: 14
Not started playbacks node-ids: []
Playbacks time-window: 396
Missing chunks distribution [missed-chunks/nodes]: {0=13, 7=1}
Rejected chunks for ttl expiration [chunk-id/nodes]: 1 {0=2}
Rejected chunks for capacity limit [chunk-id/nodes]: 0 {}
bandwidthUtilUp: 0.012735352542326344
bandwidthUtilDown: 0.007259617685323234
Avg # of unsent chunk for max-retries: 0.0
Min # of unsent chunk for max-retries: 0.0
Max # of unsent chunk for max-retries: 0.0
Avg # of unsent chunk-reqs for max-retries: 0.2857142857142857
Min # of unsent chunk-reqs for max-retries: 0.0
Max # of unsent chunk-reqs for max-retries: 1.0
Avg % of chunks received by Pastry: 11.857142857142858
Min % of chunks received by Pastry: 0.0
Max % of chunks received by Pastry: 20.0
StD of chunks received by Pastry: 5.600235473856198
Var of chunks received by Pastry: 31.36263736263736
Avg % of chunks received by StarStream: 87.28571428571429
Min % of chunks received by StarStream: 80.0
Max % of chunks received by StarStream: 100.0
StD of chunks received by StarStream: 5.662679053763545
Var of chunks received by StarStream: 32.0659340659324
[NONMOJO] Startup Delay: 88.35714285714286
[MOJO] Startup Delay: 85.4
[MOJO] Latency: 9.796665968440161
Min of perceived avg chunk delivery-time: 8.19
Max of perceived avg chunk delivery-time: 14.35483870967742
Variance of perceived avg chunk delivery-time: 2.0100357686768335
StD of perceived avg chunk delivery-time: 1.4177573024593573
Avg messages sent per node: 6180.142857142857
Min messages sent per node: 3962.0
Max messages sent per node: 7631.0
Variance of messages sent per node: 1270021.3626373603
StD of messages sent per node: 1126.952245056267
Nodes with incomplete playbacks: 12
[MOJO] Continuity Index: 71.0
[MOJO] Packet Loss: 29.0
Min % of not played chunks: 0.0
Max % of not played chunks: 93.0
Not played chunks [chunk-id/nodes]: {1=5, 2=7, 3=2, 4=4, 5=3, 6=5, 7=5, 8=4, 9=4, 10=4, 11=2, 12=4, 13=3, 14=3, 15=4, 17=4, 16=3, 19=3, 18=5, 21=4, 20=2, 23=9, 22=4, 25=5, 24=4, 27=3, 26=3, 29=2, 28=3, 31=2, 30=5, 34=4, 35=3, 32=3, 33=3, 38=4, 39=3, 36=4, 37=5, 42=3, 43=5, 40=7, 41=2, 46=1, 47=3, 44=5, 45=2, 51=3, 50=2, 49=4, 48=5, 55=5, 54=4, 53=4, 52=5, 59=3, 58=4, 57=4, 56=5, 63=5, 62=3, 61=4, 60=5, 68=4, 69=4, 70=5, 71=6, 64=6, 65=1, 66=3, 67=6, 76=5, 77=4, 78=3, 79=4, 72=6, 73=7, 74=3, 75=6, 85=2, 84=3, 87=7, 86=4, 81=5, 80=5, 83=5, 82=2, 93=3, 92=5, 95=5, 94=7, 89=4, 88=6, 91=5, 90=4, 98=5, 99=5, 96=6, 97=3}
Avg distance between not played chunks: 4.498234884841614
Min distance between not played chunks: 1.0
Max distance between not played chunks: 11.6

HELPING PEERS LOG

[HELPING] Active nodes: 14
[HELPING] Started playbacks: 14
[HELPING] Not started playbacks node-ids: []
[HELPING] Playbacks time-window: 108
[HELPING] Missing chunks distribution [missed-chunks/nodes]: {0=13, 2=1}
[HELPING] Rejected chunks for ttl expiration [chunk-id/nodes]: 2 {0=4, 1=1}
[HELPING] Rejected chunks for capacity limit [chunk-id/nodes]: 0 {}
[HELPING] bandwidthUtilUp: 0.013678861139031112
[HELPING] bandwidthUtilDown: 0.008011540827035197
[HELPING] Avg # of unsent chunk for max-retries: 0.0
[HELPING] Min # of unsent chunk for max-retries: 0.0
[HELPING] Max # of unsent chunk for max-retries: 0.0
[HELPING] Avg # of unsent chunk-reqs for max-retries: 0.35714285714285715
[HELPING] Min # of unsent chunk-reqs for max-retries: 0.0
[HELPING] Max # of unsent chunk-reqs for max-retries: 2.0
[HELPING] Avg % of chunks received by Pastry: 10.428571428571429
[HELPING] Min % of chunks received by Pastry: 1.0
[HELPING] Max % of chunks received by Pastry: 17.0
[HELPING] StD of chunks received by Pastry: 5.345224838248487
[HELPING] Var of chunks received by Pastry: 28.571428571428562
[HELPING] Avg % of chunks received by StarStream: 88.57142857142857
[HELPING] Min % of chunks received by StarStream: 82.0
[HELPING] Max % of chunks received by StarStream: 98.0
[HELPING] StD of chunks received by StarStream: 5.345224838248521
[HELPING] Var of chunks received by StarStream: 28.571428571428928
[HELPING] Startup Delay: 70.0
[HELPING] Latency: 9.422732131813763
[HELPING] Min of perceived avg chunk delivery-time: 8.37
[HELPING] Max of perceived avg chunk delivery-time: 10.202020202020202
[HELPING] Variance of perceived avg chunk delivery-time: 0.36386552406448713
[HELPING] StD of perceived avg chunk delivery-time: 0.6032126690185536
[HELPING] Avg messages sent per node: 6639.928571428572
[HELPING] Min messages sent per node: 3859.0
[HELPING] Max messages sent per node: 8771.0
[HELPING] Variance of messages sent per node: 2361876.840659336
[HELPING] StD of messages sent per node: 1536.839887775996
[HELPING] Nodes with incomplete playbacks: 10
[HELPING] Packet Loss: 33.0
[HELPING] Min % of not played chunks: 0.0
[HELPING] Max % of not played chunks: 99.0
[HELPING] Not played chunks [chunk-id/nodes]: {1=7, 2=5, 3=5, 4=3, 5=3, 6=5, 7=5, 8=4, 9=4, 10=4, 11=3, 12=6, 13=4, 14=4, 15=5, 17=4, 16=6, 19=3, 18=3, 21=3, 20=4, 23=8, 22=4, 25=7, 24=6, 27=6, 26=4, 29=3, 28=6, 31=6, 30=6, 34=4, 35=4, 32=6, 33=6, 38=3, 39=4, 36=3, 37=3, 42=3, 43=6, 40=5, 41=5, 46=6, 47=4, 44=4, 45=5, 51=5, 50=6, 49=5, 48=5, 55=4, 54=4, 53=3, 52=8, 59=4, 58=5, 57=7, 56=5, 63=5, 62=6, 61=5, 60=4, 68=5, 69=4, 70=4, 71=4, 64=5, 65=3, 66=4, 67=4, 76=3, 77=4, 78=3, 79=4, 72=5, 73=3, 74=4, 75=6, 85=3, 84=4, 87=6, 86=5, 81=6, 80=5, 83=6, 82=5, 93=5, 92=5, 95=5, 94=5, 89=2, 88=5, 91=7, 90=5, 98=3, 99=4, 96=7, 97=6}
[HELPING] Avg distance between not played chunks: 2.162938344063556
[HELPING] Min distance between not played chunks: 1.0
[HELPING] Max distance between not played chunks: 3.8947368421052633

