Total chunks: 100
Nodes x chunk: 2
Total nodes: 16
Active nodes: 14
Started playbacks: 14
Not started playbacks node-ids: []
Playbacks time-window: 151
Missing chunks distribution [missed-chunks/nodes]: {0=5, 1=3, 2=2, 3=2, 4=1, 10=1}
Rejected chunks for ttl expiration [chunk-id/nodes]: 18 {0=6, 1=3, 70=1, 98=1, 65=1, 96=1, 66=2, 42=1, 43=1, 40=1, 78=2, 46=1, 85=2, 86=1, 55=1, 54=1, 82=1, 56=1}
Rejected chunks for capacity limit [chunk-id/nodes]: 0 {}
bandwidthUtilUp: 0.008647258592290758
bandwidthUtilDown: 0.004712900501706736
Avg # of unsent chunk for max-retries: 0.0
Min # of unsent chunk for max-retries: 0.0
Max # of unsent chunk for max-retries: 0.0
Avg # of unsent chunk-reqs for max-retries: 0.07142857142857142
Min # of unsent chunk-reqs for max-retries: 0.0
Max # of unsent chunk-reqs for max-retries: 1.0
Avg % of chunks received by Pastry: 9.0
Min % of chunks received by Pastry: 0.0
Max % of chunks received by Pastry: 20.0
StD of chunks received by Pastry: 6.961432213383857
Var of chunks received by Pastry: 48.46153846153846
Avg % of chunks received by StarStream: 90.21428571428571
Min % of chunks received by StarStream: 80.0
Max % of chunks received by StarStream: 100.0
StD of chunks received by StarStream: 7.0293732232745665
Var of chunks received by StarStream: 49.41208791208947
[NONMOJO] Startup Delay: 76.21428571428571
[MOJO] Startup Delay: 51.7
[MOJO] Latency: 7.936763624682702
Min of perceived avg chunk delivery-time: 6.385416666666667
Max of perceived avg chunk delivery-time: 8.83673469387755
Variance of perceived avg chunk delivery-time: 0.652516371819752
StD of perceived avg chunk delivery-time: 0.8077848549086273
Avg messages sent per node: 4087.8571428571427
Min messages sent per node: 3262.0
Max messages sent per node: 4664.0
Variance of messages sent per node: 198531.05494505912
StD of messages sent per node: 445.5682382588094
Nodes with incomplete playbacks: 12
[MOJO] Continuity Index: 77.21428571428571
[MOJO] Packet Loss: 22.785714285714285
Min % of not played chunks: 0.0
Max % of not played chunks: 99.0
Not played chunks [chunk-id/nodes]: {1=7, 2=4, 3=4, 4=4, 5=4, 6=3, 7=3, 8=3, 9=3, 10=3, 11=3, 12=3, 13=3, 14=3, 15=2, 17=3, 16=3, 19=3, 18=3, 21=3, 20=3, 23=3, 22=3, 25=2, 24=3, 27=3, 26=3, 29=3, 28=3, 31=2, 30=4, 34=2, 35=3, 32=4, 33=3, 38=2, 39=4, 36=3, 37=2, 42=3, 43=4, 40=4, 41=2, 46=4, 47=4, 44=2, 45=2, 51=4, 50=4, 49=3, 48=3, 55=4, 54=5, 53=3, 52=3, 59=3, 58=4, 57=2, 56=4, 63=3, 62=3, 61=4, 60=3, 68=3, 69=2, 70=4, 71=3, 64=3, 65=4, 66=5, 67=3, 76=3, 77=3, 78=5, 79=3, 72=3, 73=4, 74=3, 75=3, 85=5, 84=3, 87=3, 86=3, 81=3, 80=3, 83=3, 82=4, 93=3, 92=3, 95=3, 94=2, 89=3, 88=3, 91=2, 90=3, 98=4, 99=3, 96=4, 97=3}
Avg distance between not played chunks: 14.204878917378917
Min distance between not played chunks: 1.0
Max distance between not played chunks: 53.0

HELPING PEERS LOG

[HELPING] Active nodes: 2
[HELPING] Started playbacks: 2
[HELPING] Not started playbacks node-ids: []
[HELPING] Playbacks time-window: 14
[HELPING] Missing chunks distribution [missed-chunks/nodes]: {1=2}
[HELPING] Rejected chunks for ttl expiration [chunk-id/nodes]: 2 {98=1, 93=1}
[HELPING] Rejected chunks for capacity limit [chunk-id/nodes]: 0 {}
[HELPING] bandwidthUtilUp: 0.00927010537644901
[HELPING] bandwidthUtilDown: 0.0066464345114970675
[HELPING] Avg # of unsent chunk for max-retries: 0.0
[HELPING] Min # of unsent chunk for max-retries: 0.0
[HELPING] Max # of unsent chunk for max-retries: 0.0
[HELPING] Avg # of unsent chunk-reqs for max-retries: 0.0
[HELPING] Min # of unsent chunk-reqs for max-retries: 0.0
[HELPING] Max # of unsent chunk-reqs for max-retries: 0.0
[HELPING] Avg % of chunks received by Pastry: 3.0
[HELPING] Min % of chunks received by Pastry: 2.0
[HELPING] Max % of chunks received by Pastry: 4.0
[HELPING] StD of chunks received by Pastry: 1.4142135623730951
[HELPING] Var of chunks received by Pastry: 2.0
[HELPING] Avg % of chunks received by StarStream: 96.0
[HELPING] Min % of chunks received by StarStream: 95.0
[HELPING] Max % of chunks received by StarStream: 97.0
[HELPING] StD of chunks received by StarStream: 1.4142135623730951
[HELPING] Var of chunks received by StarStream: 2.0
[HELPING] Startup Delay: 72.0
[HELPING] Latency: 8.959595959595958
[HELPING] Min of perceived avg chunk delivery-time: 8.94949494949495
[HELPING] Max of perceived avg chunk delivery-time: 8.969696969696969
[HELPING] Variance of perceived avg chunk delivery-time: 2.0406081014812116E-4
[HELPING] StD of perceived avg chunk delivery-time: 0.014284985479450833
[HELPING] Avg messages sent per node: 4660.5
[HELPING] Min messages sent per node: 4547.0
[HELPING] Max messages sent per node: 4774.0
[HELPING] Variance of messages sent per node: 25764.5
[HELPING] StD of messages sent per node: 160.51323932934628
[HELPING] Nodes with incomplete playbacks: 2
[HELPING] Packet Loss: 1.0
[HELPING] Min % of not played chunks: 1.0
[HELPING] Max % of not played chunks: 1.0
[HELPING] Not played chunks [chunk-id/nodes]: {98=1, 93=1}
[HELPING] Avg distance between not played chunks: NaN
[HELPING] Min distance between not played chunks: Infinity
[HELPING] Max distance between not played chunks: -Infinity

