Total chunks: 100
Nodes x chunk: 2
Total nodes: 18
Active nodes: 14
Started playbacks: 14
Not started playbacks node-ids: []
Playbacks time-window: 200
Missing chunks distribution [missed-chunks/nodes]: {0=7, 1=2, 2=4, 33=1}
Rejected chunks for ttl expiration [chunk-id/nodes]: 28 {1=3, 2=1, 5=1, 7=3, 8=1, 9=1, 10=1, 11=1, 73=1, 13=1, 15=1, 17=1, 16=1, 19=1, 18=1, 21=1, 20=1, 22=2, 27=1, 26=1, 28=1, 30=1, 34=1, 32=1, 38=1, 39=1, 37=1, 58=1}
Rejected chunks for capacity limit [chunk-id/nodes]: 0 {}
bandwidthUtilUp: 0.009504051071486228
bandwidthUtilDown: 0.004990508398975188
Avg # of unsent chunk for max-retries: 0.0
Min # of unsent chunk for max-retries: 0.0
Max # of unsent chunk for max-retries: 0.0
Avg # of unsent chunk-reqs for max-retries: 0.42857142857142855
Min # of unsent chunk-reqs for max-retries: 0.0
Max # of unsent chunk-reqs for max-retries: 2.0
Avg % of chunks received by Pastry: 8.714285714285714
Min % of chunks received by Pastry: 0.0
Max % of chunks received by Pastry: 18.0
StD of chunks received by Pastry: 6.043796201682561
Var of chunks received by Pastry: 36.52747252747255
Avg % of chunks received by StarStream: 90.5
Min % of chunks received by StarStream: 81.0
Max % of chunks received by StarStream: 100.0
StD of chunks received by StarStream: 6.223404954747022
Var of chunks received by StarStream: 38.73076923076979
[NONMOJO] Startup Delay: 71.21428571428571
[MOJO] Startup Delay: 69.3
[MOJO] Latency: 7.857113486820082
Min of perceived avg chunk delivery-time: 7.13
Max of perceived avg chunk delivery-time: 9.081632653061224
Variance of perceived avg chunk delivery-time: 0.3408210547203881
StD of perceived avg chunk delivery-time: 0.5837988135654166
Avg messages sent per node: 4497.357142857143
Min messages sent per node: 2648.0
Max messages sent per node: 5885.0
Variance of messages sent per node: 819902.5549450545
StD of messages sent per node: 905.4847071845303
Nodes with incomplete playbacks: 12
[MOJO] Continuity Index: 65.42857142857143
[MOJO] Packet Loss: 34.57142857142857
Min % of not played chunks: 0.0
Max % of not played chunks: 99.0
Not played chunks [chunk-id/nodes]: {1=8, 2=5, 3=5, 4=5, 5=4, 6=7, 7=7, 8=6, 9=7, 10=6, 11=4, 12=5, 13=5, 14=3, 15=5, 17=5, 16=7, 19=6, 18=4, 21=4, 20=5, 23=7, 22=7, 25=6, 24=6, 27=6, 26=5, 29=5, 28=6, 31=4, 30=6, 34=5, 35=6, 32=5, 33=4, 38=6, 39=5, 36=4, 37=6, 42=6, 43=5, 40=3, 41=5, 46=4, 47=3, 44=5, 45=4, 51=4, 50=3, 49=5, 48=4, 55=4, 54=4, 53=6, 52=3, 59=4, 58=5, 57=4, 56=6, 63=5, 62=5, 61=5, 60=5, 68=4, 69=5, 70=5, 71=5, 64=4, 65=6, 66=4, 67=5, 76=5, 77=5, 78=4, 79=4, 72=5, 73=7, 74=4, 75=4, 85=5, 84=3, 87=4, 86=4, 81=4, 80=4, 83=5, 82=5, 93=5, 92=5, 95=5, 94=4, 89=5, 88=4, 91=5, 90=5, 98=5, 99=3, 96=4, 97=5}
Avg distance between not played chunks: 4.544194127453668
Min distance between not played chunks: 1.0
Max distance between not played chunks: 15.0

HELPING PEERS LOG

[HELPING] Active nodes: 4
[HELPING] Started playbacks: 4
[HELPING] Not started playbacks node-ids: []
[HELPING] Playbacks time-window: 7
[HELPING] Missing chunks distribution [missed-chunks/nodes]: {0=1, 1=3}
[HELPING] Rejected chunks for ttl expiration [chunk-id/nodes]: 2 {7=1, 60=1}
[HELPING] Rejected chunks for capacity limit [chunk-id/nodes]: 0 {}
[HELPING] bandwidthUtilUp: 0.009840454308966504
[HELPING] bandwidthUtilDown: 0.005670434757217985
[HELPING] Avg # of unsent chunk for max-retries: 0.0
[HELPING] Min # of unsent chunk for max-retries: 0.0
[HELPING] Max # of unsent chunk for max-retries: 0.0
[HELPING] Avg # of unsent chunk-reqs for max-retries: 0.0
[HELPING] Min # of unsent chunk-reqs for max-retries: 0.0
[HELPING] Max # of unsent chunk-reqs for max-retries: 0.0
[HELPING] Avg % of chunks received by Pastry: 4.5
[HELPING] Min % of chunks received by Pastry: 1.0
[HELPING] Max % of chunks received by Pastry: 8.0
[HELPING] StD of chunks received by Pastry: 3.511884584284246
[HELPING] Var of chunks received by Pastry: 12.333333333333332
[HELPING] Avg % of chunks received by StarStream: 94.75
[HELPING] Min % of chunks received by StarStream: 91.0
[HELPING] Max % of chunks received by StarStream: 98.0
[HELPING] StD of chunks received by StarStream: 3.774917217635375
[HELPING] Var of chunks received by StarStream: 14.25
[HELPING] Startup Delay: 82.5
[HELPING] Latency: 8.279633065347351
[HELPING] Min of perceived avg chunk delivery-time: 7.969387755102041
[HELPING] Max of perceived avg chunk delivery-time: 8.428571428571429
[HELPING] Variance of perceived avg chunk delivery-time: 0.04418471098390834
[HELPING] StD of perceived avg chunk delivery-time: 0.2102015960546169
[HELPING] Avg messages sent per node: 4878.25
[HELPING] Min messages sent per node: 4464.0
[HELPING] Max messages sent per node: 5392.0
[HELPING] Variance of messages sent per node: 146844.25
[HELPING] StD of messages sent per node: 383.2026226423822
[HELPING] Nodes with incomplete playbacks: 3
[HELPING] Packet Loss: 0.75
[HELPING] Min % of not played chunks: 0.0
[HELPING] Max % of not played chunks: 1.0
[HELPING] Not played chunks [chunk-id/nodes]: {53=1, 7=1, 60=1}
[HELPING] Avg distance between not played chunks: NaN
[HELPING] Min distance between not played chunks: Infinity
[HELPING] Max distance between not played chunks: -Infinity

