Total chunks: 100
Nodes x chunk: 2
Total nodes: 21
Active nodes: 14
Started playbacks: 14
Not started playbacks node-ids: []
Playbacks time-window: 93
Missing chunks distribution [missed-chunks/nodes]: {0=14}
Rejected chunks for ttl expiration [chunk-id/nodes]: 1 {0=3}
Rejected chunks for capacity limit [chunk-id/nodes]: 0 {}
bandwidthUtilUp: 0.011835992271242544
bandwidthUtilDown: 0.006638931806050977
Avg # of unsent chunk for max-retries: 0.0
Min # of unsent chunk for max-retries: 0.0
Max # of unsent chunk for max-retries: 0.0
Avg # of unsent chunk-reqs for max-retries: 0.14285714285714285
Min # of unsent chunk-reqs for max-retries: 0.0
Max # of unsent chunk-reqs for max-retries: 1.0
Avg % of chunks received by Pastry: 10.857142857142858
Min % of chunks received by Pastry: 3.0
Max % of chunks received by Pastry: 20.0
StD of chunks received by Pastry: 5.7225215375088565
Var of chunks received by Pastry: 32.74725274725272
Avg % of chunks received by StarStream: 88.14285714285714
Min % of chunks received by StarStream: 79.0
Max % of chunks received by StarStream: 96.0
StD of chunks received by StarStream: 5.722521537508935
Var of chunks received by StarStream: 32.747252747253626
[NONMOJO] Startup Delay: 56.642857142857146
[MOJO] Startup Delay: 60.4
[MOJO] Latency: 8.614033189033188
Min of perceived avg chunk delivery-time: 7.81
Max of perceived avg chunk delivery-time: 9.88
Variance of perceived avg chunk delivery-time: 0.3989776654882899
StD of perceived avg chunk delivery-time: 0.6316467885521859
Avg messages sent per node: 5739.642857142857
Min messages sent per node: 3813.0
Max messages sent per node: 7321.0
Variance of messages sent per node: 822139.1703296751
StD of messages sent per node: 906.7189037015138
Nodes with incomplete playbacks: 9
[MOJO] Continuity Index: 73.0
[MOJO] Packet Loss: 27.0
Min % of not played chunks: 0.0
Max % of not played chunks: 99.0
Not played chunks [chunk-id/nodes]: {1=4, 2=5, 3=5, 4=4, 5=3, 6=3, 7=5, 8=5, 9=3, 10=4, 11=3, 12=5, 13=3, 14=3, 15=4, 17=4, 16=4, 19=4, 18=4, 21=3, 20=2, 23=4, 22=5, 25=3, 24=4, 27=2, 26=5, 29=3, 28=2, 31=4, 30=3, 34=4, 35=3, 32=5, 33=4, 38=3, 39=3, 36=3, 37=4, 42=4, 43=4, 40=4, 41=5, 46=4, 47=3, 44=3, 45=5, 51=7, 50=3, 49=4, 48=4, 55=6, 54=4, 53=3, 52=3, 59=3, 58=3, 57=2, 56=3, 63=2, 62=4, 61=4, 60=4, 68=5, 69=3, 70=5, 71=3, 64=5, 65=6, 66=4, 67=3, 76=3, 77=3, 78=5, 79=7, 72=4, 73=5, 74=3, 75=4, 85=4, 84=3, 87=4, 86=3, 81=4, 80=3, 83=3, 82=4, 93=4, 92=5, 95=4, 94=4, 89=4, 88=3, 91=2, 90=5, 98=4, 99=4, 96=4, 97=4}
Avg distance between not played chunks: 10.510383690072134
Min distance between not played chunks: 1.0
Max distance between not played chunks: 46.0

HELPING PEERS LOG

[HELPING] Active nodes: 7
[HELPING] Started playbacks: 7
[HELPING] Not started playbacks node-ids: []
[HELPING] Playbacks time-window: 135
[HELPING] Missing chunks distribution [missed-chunks/nodes]: {0=6, 2=1}
[HELPING] Rejected chunks for ttl expiration [chunk-id/nodes]: 1 {0=1}
[HELPING] Rejected chunks for capacity limit [chunk-id/nodes]: 0 {}
[HELPING] bandwidthUtilUp: 0.011720172741389197
[HELPING] bandwidthUtilDown: 0.006229489726898706
[HELPING] Avg # of unsent chunk for max-retries: 0.0
[HELPING] Min # of unsent chunk for max-retries: 0.0
[HELPING] Max # of unsent chunk for max-retries: 0.0
[HELPING] Avg # of unsent chunk-reqs for max-retries: 0.42857142857142855
[HELPING] Min # of unsent chunk-reqs for max-retries: 0.0
[HELPING] Max # of unsent chunk-reqs for max-retries: 2.0
[HELPING] Avg % of chunks received by Pastry: 10.0
[HELPING] Min % of chunks received by Pastry: 2.0
[HELPING] Max % of chunks received by Pastry: 15.0
[HELPING] StD of chunks received by Pastry: 4.082482904638631
[HELPING] Var of chunks received by Pastry: 16.666666666666675
[HELPING] Avg % of chunks received by StarStream: 89.0
[HELPING] Min % of chunks received by StarStream: 84.0
[HELPING] Max % of chunks received by StarStream: 97.0
[HELPING] StD of chunks received by StarStream: 4.082482904638686
[HELPING] Var of chunks received by StarStream: 16.666666666667123
[HELPING] Startup Delay: 68.85714285714286
[HELPING] Latency: 8.345325558794945
[HELPING] Min of perceived avg chunk delivery-time: 7.666666666666667
[HELPING] Max of perceived avg chunk delivery-time: 9.53061224489796
[HELPING] Variance of perceived avg chunk delivery-time: 0.6879227940739104
[HELPING] StD of perceived avg chunk delivery-time: 0.8294111128227728
[HELPING] Avg messages sent per node: 5765.428571428572
[HELPING] Min messages sent per node: 3764.0
[HELPING] Max messages sent per node: 7201.0
[HELPING] Variance of messages sent per node: 1660892.2857142868
[HELPING] StD of messages sent per node: 1288.7561001656934
[HELPING] Nodes with incomplete playbacks: 4
[HELPING] Packet Loss: 17.142857142857142
[HELPING] Min % of not played chunks: 0.0
[HELPING] Max % of not played chunks: 99.0
[HELPING] Not played chunks [chunk-id/nodes]: {1=2, 2=2, 3=1, 4=1, 5=1, 6=1, 7=1, 8=1, 9=2, 10=1, 11=1, 12=1, 13=1, 14=1, 15=1, 17=1, 16=1, 19=1, 18=1, 21=1, 20=1, 23=1, 22=1, 25=1, 24=1, 27=1, 26=1, 29=1, 28=1, 31=1, 30=1, 34=2, 35=1, 32=1, 33=2, 38=1, 39=1, 36=1, 37=1, 42=2, 43=1, 40=1, 41=2, 46=1, 47=1, 44=3, 45=2, 51=1, 50=1, 49=1, 48=2, 55=2, 54=1, 53=1, 52=2, 59=2, 58=1, 57=1, 56=1, 63=2, 62=3, 61=1, 60=1, 68=1, 69=2, 70=1, 71=1, 64=1, 65=1, 66=1, 67=1, 76=1, 77=1, 78=1, 79=1, 72=1, 73=1, 74=1, 75=2, 85=1, 84=1, 87=1, 86=1, 81=1, 80=1, 83=1, 82=1, 93=1, 92=1, 95=1, 94=2, 89=1, 88=1, 91=1, 90=1, 98=1, 99=1, 96=2, 97=1}
[HELPING] Avg distance between not played chunks: 4.475
[HELPING] Min distance between not played chunks: 1.0
[HELPING] Max distance between not played chunks: 10.4

