Total chunks: 100
Nodes x chunk: 2
Total nodes: 26
Active nodes: 14
Started playbacks: 14
Not started playbacks node-ids: []
Playbacks time-window: 65
Missing chunks distribution [missed-chunks/nodes]: {0=14}
Rejected chunks for ttl expiration [chunk-id/nodes]: 0 {}
Rejected chunks for capacity limit [chunk-id/nodes]: 0 {}
bandwidthUtilUp: 0.013273995921866706
bandwidthUtilDown: 0.007457775584076313
Avg # of unsent chunk for max-retries: 0.0
Min # of unsent chunk for max-retries: 0.0
Max # of unsent chunk for max-retries: 0.0
Avg # of unsent chunk-reqs for max-retries: 0.42857142857142855
Min # of unsent chunk-reqs for max-retries: 0.0
Max # of unsent chunk-reqs for max-retries: 2.0
Avg % of chunks received by Pastry: 11.214285714285714
Min % of chunks received by Pastry: 1.0
Max % of chunks received by Pastry: 19.0
StD of chunks received by Pastry: 5.577131485306368
Var of chunks received by Pastry: 31.104395604395616
Avg % of chunks received by StarStream: 87.78571428571429
Min % of chunks received by StarStream: 80.0
Max % of chunks received by StarStream: 98.0
StD of chunks received by StarStream: 5.577131485306244
Var of chunks received by StarStream: 31.104395604394224
[NONMOJO] Startup Delay: 56.07142857142857
[MOJO] Startup Delay: 67.0
[MOJO] Latency: 8.739134199134199
Min of perceived avg chunk delivery-time: 7.92
Max of perceived avg chunk delivery-time: 9.787878787878787
Variance of perceived avg chunk delivery-time: 0.2630799584254187
StD of perceived avg chunk delivery-time: 0.5129132074975441
Avg messages sent per node: 6408.071428571428
Min messages sent per node: 4361.0
Max messages sent per node: 7860.0
Variance of messages sent per node: 1160058.0714285716
StD of messages sent per node: 1077.0599200734246
Nodes with incomplete playbacks: 11
[MOJO] Continuity Index: 78.21428571428571
[MOJO] Packet Loss: 21.785714285714285
Min % of not played chunks: 0.0
Max % of not played chunks: 99.0
Not played chunks [chunk-id/nodes]: {1=2, 2=4, 3=3, 4=2, 5=2, 6=3, 7=3, 8=1, 9=3, 10=6, 11=2, 12=1, 13=2, 14=2, 15=2, 17=3, 16=3, 19=2, 18=4, 21=4, 20=3, 23=3, 22=1, 25=1, 24=2, 27=3, 26=3, 29=4, 28=3, 31=3, 30=2, 34=2, 35=2, 32=2, 33=4, 38=2, 39=3, 36=4, 37=2, 42=4, 43=3, 40=4, 41=3, 46=3, 47=6, 44=3, 45=5, 51=5, 50=3, 49=2, 48=9, 55=4, 54=3, 53=4, 52=2, 59=5, 58=3, 57=2, 56=6, 63=2, 62=2, 61=3, 60=2, 68=4, 69=2, 70=3, 71=3, 64=4, 65=2, 66=3, 67=3, 76=1, 77=3, 78=6, 79=4, 72=2, 73=3, 74=3, 75=3, 85=4, 84=4, 87=4, 86=4, 81=5, 80=2, 83=3, 82=2, 93=3, 92=3, 95=4, 94=4, 89=5, 88=2, 91=5, 90=3, 98=2, 99=2, 96=2, 97=2}
Avg distance between not played chunks: 12.846707552289311
Min distance between not played chunks: 1.0
Max distance between not played chunks: 47.0

HELPING PEERS LOG

[HELPING] Active nodes: 12
[HELPING] Started playbacks: 12
[HELPING] Not started playbacks node-ids: []
[HELPING] Playbacks time-window: 143
[HELPING] Missing chunks distribution [missed-chunks/nodes]: {0=10, 1=1, 2=1}
[HELPING] Rejected chunks for ttl expiration [chunk-id/nodes]: 2 {2=1, 48=1}
[HELPING] Rejected chunks for capacity limit [chunk-id/nodes]: 0 {}
[HELPING] bandwidthUtilUp: 0.013362989143901542
[HELPING] bandwidthUtilDown: 0.007353707999782646
[HELPING] Avg # of unsent chunk for max-retries: 0.0
[HELPING] Min # of unsent chunk for max-retries: 0.0
[HELPING] Max # of unsent chunk for max-retries: 0.0
[HELPING] Avg # of unsent chunk-reqs for max-retries: 0.4166666666666667
[HELPING] Min # of unsent chunk-reqs for max-retries: 0.0
[HELPING] Max # of unsent chunk-reqs for max-retries: 2.0
[HELPING] Avg % of chunks received by Pastry: 10.333333333333334
[HELPING] Min % of chunks received by Pastry: 1.0
[HELPING] Max % of chunks received by Pastry: 15.0
[HELPING] StD of chunks received by Pastry: 5.140451577852127
[HELPING] Var of chunks received by Pastry: 26.424242424242415
[HELPING] Avg % of chunks received by StarStream: 88.75
[HELPING] Min % of chunks received by StarStream: 84.0
[HELPING] Max % of chunks received by StarStream: 99.0
[HELPING] StD of chunks received by StarStream: 5.31079518100122
[HELPING] Var of chunks received by StarStream: 28.204545454545784
[HELPING] Startup Delay: 68.75
[HELPING] Latency: 9.168337971552258
[HELPING] Min of perceived avg chunk delivery-time: 8.4
[HELPING] Max of perceived avg chunk delivery-time: 10.275510204081632
[HELPING] Variance of perceived avg chunk delivery-time: 0.47553823097517905
[HELPING] StD of perceived avg chunk delivery-time: 0.6895928008434971
[HELPING] Avg messages sent per node: 6318.416666666667
[HELPING] Min messages sent per node: 3515.0
[HELPING] Max messages sent per node: 8397.0
[HELPING] Variance of messages sent per node: 2584753.9015151476
[HELPING] StD of messages sent per node: 1607.7169842715314
[HELPING] Nodes with incomplete playbacks: 10
[HELPING] Packet Loss: 34.083333333333336
[HELPING] Min % of not played chunks: 0.0
[HELPING] Max % of not played chunks: 99.0
[HELPING] Not played chunks [chunk-id/nodes]: {1=5, 2=7, 3=4, 4=4, 5=3, 6=3, 7=4, 8=3, 9=3, 10=7, 11=5, 12=3, 13=2, 14=3, 15=3, 17=5, 16=3, 19=5, 18=4, 21=3, 20=4, 23=3, 22=3, 25=3, 24=4, 27=4, 26=6, 29=4, 28=3, 31=4, 30=4, 34=4, 35=4, 32=3, 33=4, 38=4, 39=3, 36=3, 37=3, 42=4, 43=4, 40=4, 41=3, 46=5, 47=3, 44=4, 45=4, 51=4, 50=4, 49=5, 48=9, 55=4, 54=5, 53=3, 52=4, 59=5, 58=5, 57=5, 56=6, 63=5, 62=4, 61=5, 60=8, 68=3, 69=5, 70=3, 71=4, 64=5, 65=4, 66=4, 67=5, 76=2, 77=5, 78=6, 79=4, 72=4, 73=5, 74=4, 75=3, 85=5, 84=3, 87=3, 86=4, 81=3, 80=5, 83=4, 82=5, 93=4, 92=4, 95=5, 94=5, 89=6, 88=4, 91=3, 90=3, 98=4, 99=3, 96=4, 97=5}
[HELPING] Avg distance between not played chunks: 3.476734630419332
[HELPING] Min distance between not played chunks: 1.0
[HELPING] Max distance between not played chunks: 8.5

