Total chunks: 100
Nodes x chunk: 21
Total nodes: 140
Active nodes: 140
Started playbacks: 140
Not started playbacks node-ids: []
Playbacks time-window: 232
Missing chunks distribution [missed-chunks/nodes]: {0=140}
Rejected chunks for ttl expiration [chunk-id/nodes]: 1 {0=3}
Rejected chunks for capacity limit [chunk-id/nodes]: 0 {}
bandwidthUtilUp: 0.010945425195970927
bandwidthUtilDown: 0.006638658475077499
Avg # of unsent chunk for max-retries: 0.0
Min # of unsent chunk for max-retries: 0.0
Max # of unsent chunk for max-retries: 0.0
Avg # of unsent chunk-reqs for max-retries: 0.0
Min # of unsent chunk-reqs for max-retries: 0.0
Max # of unsent chunk-reqs for max-retries: 0.0
Avg % of chunks received by Pastry: 10.285714285714286
Min % of chunks received by Pastry: 0.0
Max % of chunks received by Pastry: 20.0
StD of chunks received by Pastry: 3.755639815181584
Var of chunks received by Pastry: 14.104830421377162
Avg % of chunks received by StarStream: 88.75
Min % of chunks received by StarStream: 80.0
Max % of chunks received by StarStream: 100.0
StD of chunks received by StarStream: 3.814257614671436
Var of chunks received by StarStream: 14.548561151079031
[NONMOJO] Startup Delay: 171.2642857142857
[MOJO] Startup Delay: 74.0
[MOJO] Latency: 9.706132360089123
Min of perceived avg chunk delivery-time: 7.4
Max of perceived avg chunk delivery-time: 12.31958762886598
Variance of perceived avg chunk delivery-time: 0.9096247496931438
StD of perceived avg chunk delivery-time: 0.9537424965330756
Avg messages sent per node: 2547.635714285714
Min messages sent per node: 1399.0
Max messages sent per node: 4147.0
Variance of messages sent per node: 341221.9598663935
StD of messages sent per node: 584.1420716455831
Nodes with incomplete playbacks: 106
[MOJO] Continuity Index: 61.77142857142857
[MOJO] Packet Loss: 38.22857142857143
Min % of not played chunks: 0.0
Max % of not played chunks: 99.0
Not played chunks [chunk-id/nodes]: {1=61, 2=66, 3=61, 4=57, 5=60, 6=57, 7=51, 8=53, 9=52, 10=58, 11=49, 12=50, 13=52, 14=54, 15=54, 17=52, 16=53, 19=47, 18=45, 21=53, 20=54, 23=51, 22=54, 25=52, 24=57, 27=50, 26=58, 29=49, 28=47, 31=53, 30=46, 34=58, 35=56, 32=52, 33=50, 38=56, 39=45, 36=52, 37=50, 42=54, 43=54, 40=55, 41=57, 46=52, 47=48, 44=50, 45=55, 51=55, 50=48, 49=53, 48=57, 55=48, 54=62, 53=58, 52=51, 59=54, 58=47, 57=52, 56=53, 63=54, 62=60, 61=49, 60=52, 68=59, 69=50, 70=60, 71=53, 64=59, 65=58, 66=59, 67=55, 76=61, 77=55, 78=51, 79=51, 72=50, 73=56, 74=58, 75=50, 85=57, 84=59, 87=55, 86=59, 81=60, 80=51, 83=55, 82=61, 93=55, 92=51, 95=56, 94=61, 89=53, 88=57, 91=48, 90=50, 98=50, 99=61, 96=55, 97=60}
Avg distance between not played chunks: 3.6101135788686123
Min distance between not played chunks: 1.0
Max distance between not played chunks: 34.0

HELPING PEERS LOG

[HELPING] Active nodes: 0
[HELPING] Started playbacks: 0
[HELPING] Not started playbacks node-ids: []
[HELPING] Playbacks time-window: -9223372036854775807
[HELPING] Missing chunks distribution [missed-chunks/nodes]: {}
[HELPING] Rejected chunks for ttl expiration [chunk-id/nodes]: 0 {}
[HELPING] Rejected chunks for capacity limit [chunk-id/nodes]: 0 {}
[HELPING] bandwidthUtilUp: NaN
[HELPING] bandwidthUtilDown: NaN
[HELPING] Avg # of unsent chunk for max-retries: NaN
[HELPING] Min # of unsent chunk for max-retries: Infinity
[HELPING] Max # of unsent chunk for max-retries: -Infinity
[HELPING] Avg # of unsent chunk-reqs for max-retries: NaN
[HELPING] Min # of unsent chunk-reqs for max-retries: Infinity
[HELPING] Max # of unsent chunk-reqs for max-retries: -Infinity
[HELPING] Avg % of chunks received by Pastry: NaN
[HELPING] Min % of chunks received by Pastry: Infinity
[HELPING] Max % of chunks received by Pastry: -Infinity
[HELPING] StD of chunks received by Pastry: 0.0
[HELPING] Var of chunks received by Pastry: 0.0
[HELPING] Avg % of chunks received by StarStream: NaN
[HELPING] Min % of chunks received by StarStream: Infinity
[HELPING] Max % of chunks received by StarStream: -Infinity
[HELPING] StD of chunks received by StarStream: 0.0
[HELPING] Var of chunks received by StarStream: 0.0
[HELPING] Latency: NaN
[HELPING] Min of perceived avg chunk delivery-time: Infinity
[HELPING] Max of perceived avg chunk delivery-time: -Infinity
[HELPING] Variance of perceived avg chunk delivery-time: 0.0
[HELPING] StD of perceived avg chunk delivery-time: 0.0
[HELPING] Avg messages sent per node: NaN
[HELPING] Min messages sent per node: Infinity
[HELPING] Max messages sent per node: -Infinity
[HELPING] Variance of messages sent per node: 0.0
[HELPING] StD of messages sent per node: 0.0
[HELPING] Nodes with incomplete playbacks: 0
[HELPING] Packet Loss: NaN
[HELPING] Min % of not played chunks: Infinity
[HELPING] Max % of not played chunks: -Infinity
[HELPING] Not played chunks [chunk-id/nodes]: {}
[HELPING] Avg distance between not played chunks: NaN
[HELPING] Min distance between not played chunks: Infinity
[HELPING] Max distance between not played chunks: -Infinity

