Total chunks: 100
Nodes x chunk: 21
Total nodes: 140
Active nodes: 140
Started playbacks: 140
Not started playbacks node-ids: []
Playbacks time-window: 270
Missing chunks distribution [missed-chunks/nodes]: {0=139, 1=1}
Rejected chunks for ttl expiration [chunk-id/nodes]: 1 {0=2}
Rejected chunks for capacity limit [chunk-id/nodes]: 0 {}
bandwidthUtilUp: 0.011908744819785402
bandwidthUtilDown: 0.007513658108757482
Avg # of unsent chunk for max-retries: 0.0
Min # of unsent chunk for max-retries: 0.0
Max # of unsent chunk for max-retries: 0.0
Avg # of unsent chunk-reqs for max-retries: 0.0
Min # of unsent chunk-reqs for max-retries: 0.0
Max # of unsent chunk-reqs for max-retries: 0.0
Avg % of chunks received by Pastry: 7.785714285714286
Min % of chunks received by Pastry: 0.0
Max % of chunks received by Pastry: 19.0
StD of chunks received by Pastry: 3.4407329700250604
Var of chunks received by Pastry: 11.838643371017472
Avg % of chunks received by StarStream: 91.26428571428572
Min % of chunks received by StarStream: 80.0
Max % of chunks received by StarStream: 100.0
StD of chunks received by StarStream: 3.5189327892607425
Var of chunks received by StarStream: 12.382887975334388
[NONMOJO] Startup Delay: 173.87857142857143
[MOJO] Startup Delay: 90.4
[MOJO] Latency: 9.055866216187907
Min of perceived avg chunk delivery-time: 6.89
Max of perceived avg chunk delivery-time: 11.31958762886598
Variance of perceived avg chunk delivery-time: 0.7188597720598634
StD of perceived avg chunk delivery-time: 0.84785598544792
Avg messages sent per node: 3330.6642857142856
Min messages sent per node: 1680.0
Max messages sent per node: 8253.0
Variance of messages sent per node: 1676929.721017473
StD of messages sent per node: 1294.9632122255339
Nodes with incomplete playbacks: 106
[MOJO] Continuity Index: 65.97857142857143
[MOJO] Packet Loss: 34.02142857142857
Min % of not played chunks: 0.0
Max % of not played chunks: 99.0
Not played chunks [chunk-id/nodes]: {1=49, 2=53, 3=49, 4=56, 5=55, 6=53, 7=50, 8=49, 9=37, 10=49, 11=41, 12=44, 13=51, 14=45, 15=49, 17=43, 16=53, 19=45, 18=49, 21=48, 20=48, 23=47, 22=57, 25=47, 24=48, 27=46, 26=47, 29=52, 28=45, 31=48, 30=42, 34=47, 35=43, 32=41, 33=53, 38=46, 39=45, 36=50, 37=52, 42=52, 43=54, 40=47, 41=56, 46=42, 47=45, 44=50, 45=46, 51=49, 50=55, 49=42, 48=45, 55=47, 54=50, 53=49, 52=45, 59=48, 58=44, 57=48, 56=48, 63=50, 62=46, 61=47, 60=42, 68=46, 69=44, 70=43, 71=51, 64=54, 65=51, 66=55, 67=40, 76=39, 77=48, 78=47, 79=42, 72=48, 73=48, 74=49, 75=53, 85=53, 84=47, 87=53, 86=46, 81=50, 80=50, 83=56, 82=40, 93=48, 92=50, 95=54, 94=43, 89=51, 88=45, 91=50, 90=50, 98=49, 99=48, 96=54, 97=49}
Avg distance between not played chunks: 3.78826394129677
Min distance between not played chunks: 1.0
Max distance between not played chunks: 55.0

HELPING PEERS LOG

[HELPING] Active nodes: 0
[HELPING] Started playbacks: 0
[HELPING] Not started playbacks node-ids: []
[HELPING] Playbacks time-window: -9223372036854775807
[HELPING] Missing chunks distribution [missed-chunks/nodes]: {}
[HELPING] Rejected chunks for ttl expiration [chunk-id/nodes]: 0 {}
[HELPING] Rejected chunks for capacity limit [chunk-id/nodes]: 0 {}
[HELPING] bandwidthUtilUp: NaN
[HELPING] bandwidthUtilDown: NaN
[HELPING] Avg # of unsent chunk for max-retries: NaN
[HELPING] Min # of unsent chunk for max-retries: Infinity
[HELPING] Max # of unsent chunk for max-retries: -Infinity
[HELPING] Avg # of unsent chunk-reqs for max-retries: NaN
[HELPING] Min # of unsent chunk-reqs for max-retries: Infinity
[HELPING] Max # of unsent chunk-reqs for max-retries: -Infinity
[HELPING] Avg % of chunks received by Pastry: NaN
[HELPING] Min % of chunks received by Pastry: Infinity
[HELPING] Max % of chunks received by Pastry: -Infinity
[HELPING] StD of chunks received by Pastry: 0.0
[HELPING] Var of chunks received by Pastry: 0.0
[HELPING] Avg % of chunks received by StarStream: NaN
[HELPING] Min % of chunks received by StarStream: Infinity
[HELPING] Max % of chunks received by StarStream: -Infinity
[HELPING] StD of chunks received by StarStream: 0.0
[HELPING] Var of chunks received by StarStream: 0.0
[HELPING] Latency: NaN
[HELPING] Min of perceived avg chunk delivery-time: Infinity
[HELPING] Max of perceived avg chunk delivery-time: -Infinity
[HELPING] Variance of perceived avg chunk delivery-time: 0.0
[HELPING] StD of perceived avg chunk delivery-time: 0.0
[HELPING] Avg messages sent per node: NaN
[HELPING] Min messages sent per node: Infinity
[HELPING] Max messages sent per node: -Infinity
[HELPING] Variance of messages sent per node: 0.0
[HELPING] StD of messages sent per node: 0.0
[HELPING] Nodes with incomplete playbacks: 0
[HELPING] Packet Loss: NaN
[HELPING] Min % of not played chunks: Infinity
[HELPING] Max % of not played chunks: -Infinity
[HELPING] Not played chunks [chunk-id/nodes]: {}
[HELPING] Avg distance between not played chunks: NaN
[HELPING] Min distance between not played chunks: Infinity
[HELPING] Max distance between not played chunks: -Infinity

