Total chunks: 100
Nodes x chunk: 21
Total nodes: 140
Active nodes: 140
Started playbacks: 140
Not started playbacks node-ids: []
Playbacks time-window: 368
Missing chunks distribution [missed-chunks/nodes]: {0=138, 2=1, 5=1}
Rejected chunks for ttl expiration [chunk-id/nodes]: 5 {0=3, 3=1, 4=1, 5=1, 6=1}
Rejected chunks for capacity limit [chunk-id/nodes]: 0 {}
bandwidthUtilUp: 0.013325759436535694
bandwidthUtilDown: 0.00869280768226674
Avg # of unsent chunk for max-retries: 0.0
Min # of unsent chunk for max-retries: 0.0
Max # of unsent chunk for max-retries: 0.0
Avg # of unsent chunk-reqs for max-retries: 0.0
Min # of unsent chunk-reqs for max-retries: 0.0
Max # of unsent chunk-reqs for max-retries: 0.0
Avg % of chunks received by Pastry: 5.364285714285714
Min % of chunks received by Pastry: 0.0
Max % of chunks received by Pastry: 13.0
StD of chunks received by Pastry: 2.861831969200557
Var of chunks received by Pastry: 8.19008221993834
Avg % of chunks received by StarStream: 93.67857142857143
Min % of chunks received by StarStream: 86.0
Max % of chunks received by StarStream: 100.0
StD of chunks received by StarStream: 2.911816306619218
Var of chunks received by StarStream: 8.478674203493584
[NONMOJO] Startup Delay: 171.11428571428573
[MOJO] Startup Delay: 126.0
[MOJO] Latency: 8.115564683729836
Min of perceived avg chunk delivery-time: 6.16
Max of perceived avg chunk delivery-time: 10.489795918367347
Variance of perceived avg chunk delivery-time: 0.5518416063997452
StD of perceived avg chunk delivery-time: 0.7428604218827015
Avg messages sent per node: 4946.078571428571
Min messages sent per node: 1785.0
Max messages sent per node: 9817.0
Variance of messages sent per node: 3113901.885868449
StD of messages sent per node: 1764.6251403254032
Nodes with incomplete playbacks: 103
[MOJO] Continuity Index: 60.72142857142857
[MOJO] Packet Loss: 39.27857142857143
Min % of not played chunks: 0.0
Max % of not played chunks: 99.0
Not played chunks [chunk-id/nodes]: {1=71, 2=58, 3=64, 4=58, 5=62, 6=53, 7=58, 8=57, 9=56, 10=60, 11=62, 12=58, 13=58, 14=56, 15=55, 17=51, 16=46, 19=49, 18=55, 21=58, 20=51, 23=56, 22=45, 25=56, 24=57, 27=52, 26=56, 29=51, 28=52, 31=54, 30=59, 34=65, 35=58, 32=56, 33=57, 38=51, 39=53, 36=47, 37=60, 42=56, 43=52, 40=51, 41=55, 46=54, 47=56, 44=53, 45=53, 51=54, 50=58, 49=58, 48=55, 55=60, 54=56, 53=54, 52=55, 59=56, 58=59, 57=53, 56=51, 63=55, 62=53, 61=55, 60=54, 68=59, 69=48, 70=50, 71=56, 64=55, 65=49, 66=49, 67=57, 76=51, 77=54, 78=59, 79=60, 72=51, 73=58, 74=59, 75=59, 85=56, 84=61, 87=55, 86=55, 81=58, 80=55, 83=55, 82=54, 93=65, 92=54, 95=53, 94=54, 89=54, 88=49, 91=53, 90=60, 98=62, 99=54, 96=61, 97=60}
Avg distance between not played chunks: 3.201417487541471
Min distance between not played chunks: 1.0
Max distance between not played chunks: 49.0

HELPING PEERS LOG

[HELPING] Active nodes: 0
[HELPING] Started playbacks: 0
[HELPING] Not started playbacks node-ids: []
[HELPING] Playbacks time-window: -9223372036854775807
[HELPING] Missing chunks distribution [missed-chunks/nodes]: {}
[HELPING] Rejected chunks for ttl expiration [chunk-id/nodes]: 0 {}
[HELPING] Rejected chunks for capacity limit [chunk-id/nodes]: 0 {}
[HELPING] bandwidthUtilUp: NaN
[HELPING] bandwidthUtilDown: NaN
[HELPING] Avg # of unsent chunk for max-retries: NaN
[HELPING] Min # of unsent chunk for max-retries: Infinity
[HELPING] Max # of unsent chunk for max-retries: -Infinity
[HELPING] Avg # of unsent chunk-reqs for max-retries: NaN
[HELPING] Min # of unsent chunk-reqs for max-retries: Infinity
[HELPING] Max # of unsent chunk-reqs for max-retries: -Infinity
[HELPING] Avg % of chunks received by Pastry: NaN
[HELPING] Min % of chunks received by Pastry: Infinity
[HELPING] Max % of chunks received by Pastry: -Infinity
[HELPING] StD of chunks received by Pastry: 0.0
[HELPING] Var of chunks received by Pastry: 0.0
[HELPING] Avg % of chunks received by StarStream: NaN
[HELPING] Min % of chunks received by StarStream: Infinity
[HELPING] Max % of chunks received by StarStream: -Infinity
[HELPING] StD of chunks received by StarStream: 0.0
[HELPING] Var of chunks received by StarStream: 0.0
[HELPING] Latency: NaN
[HELPING] Min of perceived avg chunk delivery-time: Infinity
[HELPING] Max of perceived avg chunk delivery-time: -Infinity
[HELPING] Variance of perceived avg chunk delivery-time: 0.0
[HELPING] StD of perceived avg chunk delivery-time: 0.0
[HELPING] Avg messages sent per node: NaN
[HELPING] Min messages sent per node: Infinity
[HELPING] Max messages sent per node: -Infinity
[HELPING] Variance of messages sent per node: 0.0
[HELPING] StD of messages sent per node: 0.0
[HELPING] Nodes with incomplete playbacks: 0
[HELPING] Packet Loss: NaN
[HELPING] Min % of not played chunks: Infinity
[HELPING] Max % of not played chunks: -Infinity
[HELPING] Not played chunks [chunk-id/nodes]: {}
[HELPING] Avg distance between not played chunks: NaN
[HELPING] Min distance between not played chunks: Infinity
[HELPING] Max distance between not played chunks: -Infinity

