Total chunks: 100
Nodes x chunk: 21
Total nodes: 168
Active nodes: 140
Started playbacks: 140
Not started playbacks node-ids: []
Playbacks time-window: 244
Missing chunks distribution [missed-chunks/nodes]: {0=139, 1=1}
Rejected chunks for ttl expiration [chunk-id/nodes]: 1 {0=3}
Rejected chunks for capacity limit [chunk-id/nodes]: 0 {}
bandwidthUtilUp: 0.014439931037333
bandwidthUtilDown: 0.008734791369548968
Avg # of unsent chunk for max-retries: 0.03571428571428571
Min # of unsent chunk for max-retries: 0.0
Max # of unsent chunk for max-retries: 1.0
Avg # of unsent chunk-reqs for max-retries: 0.0
Min # of unsent chunk-reqs for max-retries: 0.0
Max # of unsent chunk-reqs for max-retries: 0.0
Avg % of chunks received by Pastry: 4.1
Min % of chunks received by Pastry: 0.0
Max % of chunks received by Pastry: 10.0
StD of chunks received by Pastry: 2.465006895082802
Var of chunks received by Pastry: 6.076258992805755
Avg % of chunks received by StarStream: 94.92857142857143
Min % of chunks received by StarStream: 89.0
Max % of chunks received by StarStream: 100.0
StD of chunks received by StarStream: 2.5179723975574833
Var of chunks received by StarStream: 6.340184994861381
[NONMOJO] Startup Delay: 217.52142857142857
[MOJO] Startup Delay: 82.2
[MOJO] Latency: 8.048460862115183
Min of perceived avg chunk delivery-time: 6.4
Max of perceived avg chunk delivery-time: 10.77319587628866
Variance of perceived avg chunk delivery-time: 0.6275967800585825
StD of perceived avg chunk delivery-time: 0.7922100605638523
Avg messages sent per node: 6871.621428571429
Min messages sent per node: 3910.0
Max messages sent per node: 10874.0
Variance of messages sent per node: 2354657.9779547765
StD of messages sent per node: 1534.4894844718801
Nodes with incomplete playbacks: 131
[MOJO] Continuity Index: 54.55714285714286
[MOJO] Packet Loss: 45.44285714285714
Min % of not played chunks: 0.0
Max % of not played chunks: 99.0
Not played chunks [chunk-id/nodes]: {1=78, 2=75, 3=66, 4=73, 5=61, 6=74, 7=58, 8=72, 9=63, 10=64, 11=64, 12=66, 13=57, 14=67, 15=68, 17=66, 16=59, 19=64, 18=58, 21=62, 20=64, 23=58, 22=62, 25=69, 24=71, 27=69, 26=53, 29=65, 28=68, 31=62, 30=70, 34=58, 35=64, 32=62, 33=60, 38=68, 39=69, 36=63, 37=63, 42=61, 43=51, 40=69, 41=63, 46=64, 47=65, 44=66, 45=66, 51=63, 50=54, 49=59, 48=67, 55=64, 54=69, 53=64, 52=61, 59=66, 58=65, 57=69, 56=66, 63=71, 62=64, 61=55, 60=67, 68=67, 69=57, 70=53, 71=61, 64=64, 65=73, 66=68, 67=55, 76=61, 77=60, 78=70, 79=67, 72=62, 73=61, 74=61, 75=64, 85=67, 84=60, 87=71, 86=58, 81=68, 80=70, 83=70, 82=59, 93=69, 92=64, 95=57, 94=63, 89=67, 88=61, 91=68, 90=69, 98=54, 99=59, 96=69, 97=73}
Avg distance between not played chunks: 3.284813033236674
Min distance between not played chunks: 1.0
Max distance between not played chunks: 56.0

HELPING PEERS LOG

[HELPING] Active nodes: 28
[HELPING] Started playbacks: 28
[HELPING] Not started playbacks node-ids: []
[HELPING] Playbacks time-window: 212
[HELPING] Missing chunks distribution [missed-chunks/nodes]: {0=27, 1=1}
[HELPING] Rejected chunks for ttl expiration [chunk-id/nodes]: 0 {}
[HELPING] Rejected chunks for capacity limit [chunk-id/nodes]: 0 {}
[HELPING] bandwidthUtilUp: 0.014133534310469348
[HELPING] bandwidthUtilDown: 0.008183411745628671
[HELPING] Avg # of unsent chunk for max-retries: 0.0
[HELPING] Min # of unsent chunk for max-retries: 0.0
[HELPING] Max # of unsent chunk for max-retries: 0.0
[HELPING] Avg # of unsent chunk-reqs for max-retries: 0.0
[HELPING] Min # of unsent chunk-reqs for max-retries: 0.0
[HELPING] Max # of unsent chunk-reqs for max-retries: 0.0
[HELPING] Avg % of chunks received by Pastry: 3.107142857142857
[HELPING] Min % of chunks received by Pastry: 0.0
[HELPING] Max % of chunks received by Pastry: 6.0
[HELPING] StD of chunks received by Pastry: 1.749905515211982
[HELPING] Var of chunks received by Pastry: 3.062169312169312
[HELPING] Avg % of chunks received by StarStream: 95.96428571428571
[HELPING] Min % of chunks received by StarStream: 93.0
[HELPING] Max % of chunks received by StarStream: 100.0
[HELPING] StD of chunks received by StarStream: 1.8950646008173635
[HELPING] Var of chunks received by StarStream: 3.591269841271073
[HELPING] Startup Delay: 243.60714285714286
[HELPING] Latency: 8.343293989305455
[HELPING] Min of perceived avg chunk delivery-time: 6.75
[HELPING] Max of perceived avg chunk delivery-time: 9.53
[HELPING] Variance of perceived avg chunk delivery-time: 0.5426156474118194
[HELPING] StD of perceived avg chunk delivery-time: 0.7366244955279586
[HELPING] Avg messages sent per node: 7207.535714285715
[HELPING] Min messages sent per node: 4673.0
[HELPING] Max messages sent per node: 11245.0
[HELPING] Variance of messages sent per node: 2272946.3320105793
[HELPING] StD of messages sent per node: 1507.6293748831572
[HELPING] Nodes with incomplete playbacks: 15
[HELPING] Packet Loss: 18.642857142857142
[HELPING] Min % of not played chunks: 0.0
[HELPING] Max % of not played chunks: 99.0
[HELPING] Not played chunks [chunk-id/nodes]: {1=8, 2=11, 3=5, 4=4, 5=5, 6=7, 7=5, 8=4, 9=6, 10=6, 11=6, 12=5, 13=4, 14=7, 15=6, 17=3, 16=5, 19=5, 18=6, 21=6, 20=5, 23=4, 22=5, 25=4, 24=4, 27=6, 26=3, 29=4, 28=5, 31=5, 30=6, 34=6, 35=4, 32=6, 33=5, 38=7, 39=6, 36=5, 37=6, 42=8, 43=4, 40=6, 41=7, 46=8, 47=4, 44=5, 45=5, 51=5, 50=5, 49=6, 48=5, 55=5, 54=5, 53=6, 52=4, 59=6, 58=5, 57=7, 56=3, 63=5, 62=4, 61=6, 60=7, 68=5, 69=4, 70=4, 71=3, 64=3, 65=8, 66=4, 67=4, 76=4, 77=6, 78=4, 79=7, 72=4, 73=4, 74=5, 75=5, 85=7, 84=4, 87=7, 86=5, 81=7, 80=4, 83=7, 82=5, 93=6, 92=6, 95=4, 94=6, 89=5, 88=4, 91=5, 90=5, 98=5, 99=5, 96=4, 97=6}
[HELPING] Avg distance between not played chunks: 4.421493822156559
[HELPING] Min distance between not played chunks: 1.0
[HELPING] Max distance between not played chunks: 15.0

