Total chunks: 100
Nodes x chunk: 21
Total nodes: 140
Active nodes: 140
Started playbacks: 140
Not started playbacks node-ids: []
Playbacks time-window: 423
Missing chunks distribution [missed-chunks/nodes]: {0=138, 5=1, 6=1}
Rejected chunks for ttl expiration [chunk-id/nodes]: 6 {0=1, 3=1, 4=1, 5=1, 6=1, 7=1}
Rejected chunks for capacity limit [chunk-id/nodes]: 0 {}
bandwidthUtilUp: 0.01306967075570834
bandwidthUtilDown: 0.008471233600225093
Avg # of unsent chunk for max-retries: 0.0
Min # of unsent chunk for max-retries: 0.0
Max # of unsent chunk for max-retries: 0.0
Avg # of unsent chunk-reqs for max-retries: 0.0
Min # of unsent chunk-reqs for max-retries: 0.0
Max # of unsent chunk-reqs for max-retries: 0.0
Avg % of chunks received by Pastry: 5.764285714285714
Min % of chunks received by Pastry: 0.0
Max % of chunks received by Pastry: 13.0
StD of chunks received by Pastry: 3.2088248690263894
Var of chunks received by Pastry: 10.296557040082225
Avg % of chunks received by StarStream: 93.27142857142857
Min % of chunks received by StarStream: 86.0
Max % of chunks received by StarStream: 100.0
StD of chunks received by StarStream: 3.256079774584637
Var of chunks received by StarStream: 10.60205549845914
[NONMOJO] Startup Delay: 170.1
[MOJO] Startup Delay: 81.0
[MOJO] Latency: 8.326875711959703
Min of perceived avg chunk delivery-time: 6.69
Max of perceived avg chunk delivery-time: 13.852631578947369
Variance of perceived avg chunk delivery-time: 0.7745243891786263
StD of perceived avg chunk delivery-time: 0.8800706728318052
Avg messages sent per node: 4524.964285714285
Min messages sent per node: 1937.0
Max messages sent per node: 8408.0
Variance of messages sent per node: 2687655.056269273
StD of messages sent per node: 1639.4069221121622
Nodes with incomplete playbacks: 106
[MOJO] Continuity Index: 63.72857142857143
[MOJO] Packet Loss: 36.27142857142857
Min % of not played chunks: 0.0
Max % of not played chunks: 99.0
Not played chunks [chunk-id/nodes]: {1=62, 2=63, 3=59, 4=56, 5=48, 6=51, 7=43, 8=47, 9=55, 10=48, 11=53, 12=49, 13=50, 14=47, 15=54, 17=45, 16=57, 19=44, 18=50, 21=53, 20=51, 23=53, 22=55, 25=41, 24=49, 27=52, 26=55, 29=56, 28=52, 31=51, 30=46, 34=46, 35=56, 32=48, 33=46, 38=59, 39=50, 36=49, 37=50, 42=52, 43=50, 40=55, 41=58, 46=55, 47=55, 44=58, 45=52, 51=55, 50=57, 49=46, 48=47, 55=44, 54=59, 53=49, 52=54, 59=60, 58=48, 57=55, 56=47, 63=57, 62=51, 61=45, 60=47, 68=51, 69=58, 70=47, 71=54, 64=56, 65=50, 66=49, 67=43, 76=55, 77=48, 78=50, 79=51, 72=46, 73=48, 74=46, 75=59, 85=57, 84=51, 87=46, 86=53, 81=48, 80=42, 83=48, 82=48, 93=53, 92=46, 95=51, 94=48, 89=49, 88=52, 91=56, 90=51, 98=50, 99=54, 96=58, 97=51}
Avg distance between not played chunks: 3.1663126515548634
Min distance between not played chunks: 1.0
Max distance between not played chunks: 18.0

HELPING PEERS LOG

[HELPING] Active nodes: 0
[HELPING] Started playbacks: 0
[HELPING] Not started playbacks node-ids: []
[HELPING] Playbacks time-window: -9223372036854775807
[HELPING] Missing chunks distribution [missed-chunks/nodes]: {}
[HELPING] Rejected chunks for ttl expiration [chunk-id/nodes]: 0 {}
[HELPING] Rejected chunks for capacity limit [chunk-id/nodes]: 0 {}
[HELPING] bandwidthUtilUp: NaN
[HELPING] bandwidthUtilDown: NaN
[HELPING] Avg # of unsent chunk for max-retries: NaN
[HELPING] Min # of unsent chunk for max-retries: Infinity
[HELPING] Max # of unsent chunk for max-retries: -Infinity
[HELPING] Avg # of unsent chunk-reqs for max-retries: NaN
[HELPING] Min # of unsent chunk-reqs for max-retries: Infinity
[HELPING] Max # of unsent chunk-reqs for max-retries: -Infinity
[HELPING] Avg % of chunks received by Pastry: NaN
[HELPING] Min % of chunks received by Pastry: Infinity
[HELPING] Max % of chunks received by Pastry: -Infinity
[HELPING] StD of chunks received by Pastry: 0.0
[HELPING] Var of chunks received by Pastry: 0.0
[HELPING] Avg % of chunks received by StarStream: NaN
[HELPING] Min % of chunks received by StarStream: Infinity
[HELPING] Max % of chunks received by StarStream: -Infinity
[HELPING] StD of chunks received by StarStream: 0.0
[HELPING] Var of chunks received by StarStream: 0.0
[HELPING] Latency: NaN
[HELPING] Min of perceived avg chunk delivery-time: Infinity
[HELPING] Max of perceived avg chunk delivery-time: -Infinity
[HELPING] Variance of perceived avg chunk delivery-time: 0.0
[HELPING] StD of perceived avg chunk delivery-time: 0.0
[HELPING] Avg messages sent per node: NaN
[HELPING] Min messages sent per node: Infinity
[HELPING] Max messages sent per node: -Infinity
[HELPING] Variance of messages sent per node: 0.0
[HELPING] StD of messages sent per node: 0.0
[HELPING] Nodes with incomplete playbacks: 0
[HELPING] Packet Loss: NaN
[HELPING] Min % of not played chunks: Infinity
[HELPING] Max % of not played chunks: -Infinity
[HELPING] Not played chunks [chunk-id/nodes]: {}
[HELPING] Avg distance between not played chunks: NaN
[HELPING] Min distance between not played chunks: Infinity
[HELPING] Max distance between not played chunks: -Infinity

