Total chunks: 100
Nodes x chunk: 21
Total nodes: 140
Active nodes: 140
Started playbacks: 140
Not started playbacks node-ids: []
Playbacks time-window: 421
Missing chunks distribution [missed-chunks/nodes]: {0=137, 1=2, 6=1}
Rejected chunks for ttl expiration [chunk-id/nodes]: 6 {0=5, 3=1, 4=1, 5=1, 6=1, 7=1}
Rejected chunks for capacity limit [chunk-id/nodes]: 0 {}
bandwidthUtilUp: 0.01230446005246511
bandwidthUtilDown: 0.00801205617479303
Avg # of unsent chunk for max-retries: 0.0
Min # of unsent chunk for max-retries: 0.0
Max # of unsent chunk for max-retries: 0.0
Avg # of unsent chunk-reqs for max-retries: 0.0
Min # of unsent chunk-reqs for max-retries: 0.0
Max # of unsent chunk-reqs for max-retries: 0.0
Avg % of chunks received by Pastry: 6.514285714285714
Min % of chunks received by Pastry: 0.0
Max % of chunks received by Pastry: 16.0
StD of chunks received by Pastry: 3.3661149270268127
Var of chunks received by Pastry: 11.330729701952723
Avg % of chunks received by StarStream: 92.5
Min % of chunks received by StarStream: 83.0
Max % of chunks received by StarStream: 100.0
StD of chunks received by StarStream: 3.395934937645325
Var of chunks received by StarStream: 11.532374100720157
[NONMOJO] Startup Delay: 176.22142857142856
[MOJO] Startup Delay: 97.5
[MOJO] Latency: 8.958526175549073
Min of perceived avg chunk delivery-time: 6.99
Max of perceived avg chunk delivery-time: 12.061855670103093
Variance of perceived avg chunk delivery-time: 0.9073733494264828
StD of perceived avg chunk delivery-time: 0.9525614675318769
Avg messages sent per node: 3700.4785714285713
Min messages sent per node: 1563.0
Max messages sent per node: 7527.0
Variance of messages sent per node: 1878401.934789312
StD of messages sent per node: 1370.5480417662534
Nodes with incomplete playbacks: 99
[MOJO] Continuity Index: 65.26428571428572
[MOJO] Packet Loss: 34.73571428571429
Min % of not played chunks: 0.0
Max % of not played chunks: 99.0
Not played chunks [chunk-id/nodes]: {1=57, 2=58, 3=53, 4=51, 5=58, 6=51, 7=51, 8=43, 9=41, 10=49, 11=50, 12=46, 13=44, 14=44, 15=47, 17=46, 16=50, 19=48, 18=44, 21=50, 20=47, 23=46, 22=54, 25=43, 24=47, 27=50, 26=42, 29=54, 28=52, 31=44, 30=52, 34=44, 35=48, 32=43, 33=44, 38=45, 39=49, 36=51, 37=48, 42=48, 43=51, 40=52, 41=47, 46=47, 47=55, 44=55, 45=46, 51=53, 50=50, 49=45, 48=50, 55=53, 54=55, 53=44, 52=56, 59=52, 58=52, 57=51, 56=46, 63=52, 62=52, 61=56, 60=46, 68=53, 69=46, 70=45, 71=53, 64=46, 65=46, 66=51, 67=55, 76=50, 77=53, 78=56, 79=47, 72=44, 73=48, 74=50, 75=47, 85=47, 84=45, 87=47, 86=50, 81=46, 80=45, 83=50, 82=42, 93=45, 92=47, 95=46, 94=47, 89=50, 88=61, 91=54, 90=54, 98=56, 99=48, 96=54, 97=41}
Avg distance between not played chunks: 3.654250037167243
Min distance between not played chunks: 1.0
Max distance between not played chunks: 29.333333333333332

HELPING PEERS LOG

[HELPING] Active nodes: 0
[HELPING] Started playbacks: 0
[HELPING] Not started playbacks node-ids: []
[HELPING] Playbacks time-window: -9223372036854775807
[HELPING] Missing chunks distribution [missed-chunks/nodes]: {}
[HELPING] Rejected chunks for ttl expiration [chunk-id/nodes]: 0 {}
[HELPING] Rejected chunks for capacity limit [chunk-id/nodes]: 0 {}
[HELPING] bandwidthUtilUp: NaN
[HELPING] bandwidthUtilDown: NaN
[HELPING] Avg # of unsent chunk for max-retries: NaN
[HELPING] Min # of unsent chunk for max-retries: Infinity
[HELPING] Max # of unsent chunk for max-retries: -Infinity
[HELPING] Avg # of unsent chunk-reqs for max-retries: NaN
[HELPING] Min # of unsent chunk-reqs for max-retries: Infinity
[HELPING] Max # of unsent chunk-reqs for max-retries: -Infinity
[HELPING] Avg % of chunks received by Pastry: NaN
[HELPING] Min % of chunks received by Pastry: Infinity
[HELPING] Max % of chunks received by Pastry: -Infinity
[HELPING] StD of chunks received by Pastry: 0.0
[HELPING] Var of chunks received by Pastry: 0.0
[HELPING] Avg % of chunks received by StarStream: NaN
[HELPING] Min % of chunks received by StarStream: Infinity
[HELPING] Max % of chunks received by StarStream: -Infinity
[HELPING] StD of chunks received by StarStream: 0.0
[HELPING] Var of chunks received by StarStream: 0.0
[HELPING] Latency: NaN
[HELPING] Min of perceived avg chunk delivery-time: Infinity
[HELPING] Max of perceived avg chunk delivery-time: -Infinity
[HELPING] Variance of perceived avg chunk delivery-time: 0.0
[HELPING] StD of perceived avg chunk delivery-time: 0.0
[HELPING] Avg messages sent per node: NaN
[HELPING] Min messages sent per node: Infinity
[HELPING] Max messages sent per node: -Infinity
[HELPING] Variance of messages sent per node: 0.0
[HELPING] StD of messages sent per node: 0.0
[HELPING] Nodes with incomplete playbacks: 0
[HELPING] Packet Loss: NaN
[HELPING] Min % of not played chunks: Infinity
[HELPING] Max % of not played chunks: -Infinity
[HELPING] Not played chunks [chunk-id/nodes]: {}
[HELPING] Avg distance between not played chunks: NaN
[HELPING] Min distance between not played chunks: Infinity
[HELPING] Max distance between not played chunks: -Infinity

