Total chunks: 100
Nodes x chunk: 21
Total nodes: 140
Active nodes: 140
Started playbacks: 140
Not started playbacks node-ids: []
Playbacks time-window: 609
Missing chunks distribution [missed-chunks/nodes]: {0=137, 1=1, 4=1, 10=1}
Rejected chunks for ttl expiration [chunk-id/nodes]: 10 {0=3, 3=1, 4=1, 5=1, 6=1, 7=1, 8=1, 9=1, 10=1, 11=1}
Rejected chunks for capacity limit [chunk-id/nodes]: 0 {}
bandwidthUtilUp: 0.01375762126217652
bandwidthUtilDown: 0.008665473856195092
Avg # of unsent chunk for max-retries: 0.0
Min # of unsent chunk for max-retries: 0.0
Max # of unsent chunk for max-retries: 0.0
Avg # of unsent chunk-reqs for max-retries: 0.0
Min # of unsent chunk-reqs for max-retries: 0.0
Max # of unsent chunk-reqs for max-retries: 0.0
Avg % of chunks received by Pastry: 4.535714285714286
Min % of chunks received by Pastry: 0.0
Max % of chunks received by Pastry: 13.0
StD of chunks received by Pastry: 3.087246250978846
Var of chunks received by Pastry: 9.53108941418294
Avg % of chunks received by StarStream: 94.51428571428572
Min % of chunks received by StarStream: 86.0
Max % of chunks received by StarStream: 100.0
StD of chunks received by StarStream: 3.16110743340831
Var of chunks received by StarStream: 9.992600205549273
[NONMOJO] Startup Delay: 173.99285714285713
[MOJO] Startup Delay: 99.6
[MOJO] Latency: 7.8445778761587155
Min of perceived avg chunk delivery-time: 6.02
Max of perceived avg chunk delivery-time: 10.416666666666666
Variance of perceived avg chunk delivery-time: 0.5783924160734868
StD of perceived avg chunk delivery-time: 0.7605211476832756
Avg messages sent per node: 5822.507142857143
Min messages sent per node: 2089.0
Max messages sent per node: 9940.0
Variance of messages sent per node: 3292077.0575025696
StD of messages sent per node: 1814.4081838171282
Nodes with incomplete playbacks: 114
[MOJO] Continuity Index: 62.50714285714286
[MOJO] Packet Loss: 37.49285714285714
Min % of not played chunks: 0.0
Max % of not played chunks: 99.0
Not played chunks [chunk-id/nodes]: {1=67, 2=63, 3=56, 4=61, 5=53, 6=52, 7=54, 8=50, 9=59, 10=56, 11=57, 12=56, 13=50, 14=59, 15=56, 17=47, 16=54, 19=53, 18=48, 21=50, 20=48, 23=61, 22=56, 25=56, 24=60, 27=49, 26=47, 29=46, 28=64, 31=54, 30=55, 34=45, 35=50, 32=55, 33=44, 38=54, 39=50, 36=52, 37=55, 42=52, 43=52, 40=48, 41=54, 46=53, 47=55, 44=56, 45=59, 51=56, 50=57, 49=58, 48=54, 55=47, 54=56, 53=56, 52=54, 59=45, 58=51, 57=50, 56=55, 63=54, 62=55, 61=56, 60=48, 68=53, 69=51, 70=48, 71=54, 64=44, 65=60, 66=44, 67=53, 76=48, 77=46, 78=51, 79=53, 72=54, 73=65, 74=49, 75=54, 85=52, 84=54, 87=51, 86=56, 81=43, 80=54, 83=52, 82=46, 93=55, 92=47, 95=47, 94=49, 89=58, 88=61, 91=53, 90=46, 98=57, 99=47, 96=52, 97=59}
Avg distance between not played chunks: 3.4485213761761613
Min distance between not played chunks: 1.0
Max distance between not played chunks: 32.0

HELPING PEERS LOG

[HELPING] Active nodes: 0
[HELPING] Started playbacks: 0
[HELPING] Not started playbacks node-ids: []
[HELPING] Playbacks time-window: -9223372036854775807
[HELPING] Missing chunks distribution [missed-chunks/nodes]: {}
[HELPING] Rejected chunks for ttl expiration [chunk-id/nodes]: 0 {}
[HELPING] Rejected chunks for capacity limit [chunk-id/nodes]: 0 {}
[HELPING] bandwidthUtilUp: NaN
[HELPING] bandwidthUtilDown: NaN
[HELPING] Avg # of unsent chunk for max-retries: NaN
[HELPING] Min # of unsent chunk for max-retries: Infinity
[HELPING] Max # of unsent chunk for max-retries: -Infinity
[HELPING] Avg # of unsent chunk-reqs for max-retries: NaN
[HELPING] Min # of unsent chunk-reqs for max-retries: Infinity
[HELPING] Max # of unsent chunk-reqs for max-retries: -Infinity
[HELPING] Avg % of chunks received by Pastry: NaN
[HELPING] Min % of chunks received by Pastry: Infinity
[HELPING] Max % of chunks received by Pastry: -Infinity
[HELPING] StD of chunks received by Pastry: 0.0
[HELPING] Var of chunks received by Pastry: 0.0
[HELPING] Avg % of chunks received by StarStream: NaN
[HELPING] Min % of chunks received by StarStream: Infinity
[HELPING] Max % of chunks received by StarStream: -Infinity
[HELPING] StD of chunks received by StarStream: 0.0
[HELPING] Var of chunks received by StarStream: 0.0
[HELPING] Latency: NaN
[HELPING] Min of perceived avg chunk delivery-time: Infinity
[HELPING] Max of perceived avg chunk delivery-time: -Infinity
[HELPING] Variance of perceived avg chunk delivery-time: 0.0
[HELPING] StD of perceived avg chunk delivery-time: 0.0
[HELPING] Avg messages sent per node: NaN
[HELPING] Min messages sent per node: Infinity
[HELPING] Max messages sent per node: -Infinity
[HELPING] Variance of messages sent per node: 0.0
[HELPING] StD of messages sent per node: 0.0
[HELPING] Nodes with incomplete playbacks: 0
[HELPING] Packet Loss: NaN
[HELPING] Min % of not played chunks: Infinity
[HELPING] Max % of not played chunks: -Infinity
[HELPING] Not played chunks [chunk-id/nodes]: {}
[HELPING] Avg distance between not played chunks: NaN
[HELPING] Min distance between not played chunks: Infinity
[HELPING] Max distance between not played chunks: -Infinity

