Total chunks: 100
Nodes x chunk: 21
Total nodes: 140
Active nodes: 140
Started playbacks: 140
Not started playbacks node-ids: []
Playbacks time-window: 257
Missing chunks distribution [missed-chunks/nodes]: {0=139, 2=1}
Rejected chunks for ttl expiration [chunk-id/nodes]: 2 {0=2, 2=1}
Rejected chunks for capacity limit [chunk-id/nodes]: 0 {}
bandwidthUtilUp: 0.01434427616011334
bandwidthUtilDown: 0.008776545127095367
Avg # of unsent chunk for max-retries: 0.0
Min # of unsent chunk for max-retries: 0.0
Max # of unsent chunk for max-retries: 0.0
Avg # of unsent chunk-reqs for max-retries: 0.0
Min # of unsent chunk-reqs for max-retries: 0.0
Max # of unsent chunk-reqs for max-retries: 0.0
Avg % of chunks received by Pastry: 4.371428571428571
Min % of chunks received by Pastry: 0.0
Max % of chunks received by Pastry: 12.0
StD of chunks received by Pastry: 2.6777604116498894
Var of chunks received by Pastry: 7.170400822199386
Avg % of chunks received by StarStream: 94.67142857142858
Min % of chunks received by StarStream: 87.0
Max % of chunks received by StarStream: 100.0
StD of chunks received by StarStream: 2.736491628656977
Var of chunks received by StarStream: 7.4883864337097155
[NONMOJO] Startup Delay: 170.94285714285715
[MOJO] Startup Delay: 86.2
[MOJO] Latency: 7.735109088844624
Min of perceived avg chunk delivery-time: 6.16
Max of perceived avg chunk delivery-time: 10.144329896907216
Variance of perceived avg chunk delivery-time: 0.5715901540907999
StD of perceived avg chunk delivery-time: 0.7560358153492465
Avg messages sent per node: 6479.635714285714
Min messages sent per node: 2272.0
Max messages sent per node: 10668.0
Variance of messages sent per node: 3127045.0246145967
StD of messages sent per node: 1768.345278675688
Nodes with incomplete playbacks: 103
[MOJO] Continuity Index: 61.05714285714286
[MOJO] Packet Loss: 38.94285714285714
Min % of not played chunks: 0.0
Max % of not played chunks: 99.0
Not played chunks [chunk-id/nodes]: {1=66, 2=64, 3=59, 4=50, 5=56, 6=58, 7=43, 8=56, 9=59, 10=56, 11=53, 12=53, 13=47, 14=50, 15=52, 17=51, 16=49, 19=60, 18=68, 21=61, 20=49, 23=53, 22=44, 25=57, 24=56, 27=50, 26=57, 29=48, 28=47, 31=52, 30=49, 34=59, 35=57, 32=56, 33=57, 38=46, 39=54, 36=51, 37=51, 42=51, 43=52, 40=59, 41=54, 46=53, 47=55, 44=54, 45=50, 51=51, 50=48, 49=51, 48=57, 55=62, 54=56, 53=55, 52=58, 59=53, 58=63, 57=50, 56=57, 63=58, 62=63, 61=57, 60=58, 68=59, 69=54, 70=60, 71=59, 64=56, 65=61, 66=52, 67=49, 76=57, 77=53, 78=59, 79=54, 72=53, 73=55, 74=52, 75=54, 85=61, 84=50, 87=50, 86=56, 81=52, 80=59, 83=58, 82=57, 93=56, 92=62, 95=66, 94=52, 89=59, 88=55, 91=59, 90=56, 98=51, 99=57, 96=57, 97=63}
Avg distance between not played chunks: 2.791084564540409
Min distance between not played chunks: 1.0
Max distance between not played chunks: 55.0

HELPING PEERS LOG

[HELPING] Active nodes: 0
[HELPING] Started playbacks: 0
[HELPING] Not started playbacks node-ids: []
[HELPING] Playbacks time-window: -9223372036854775807
[HELPING] Missing chunks distribution [missed-chunks/nodes]: {}
[HELPING] Rejected chunks for ttl expiration [chunk-id/nodes]: 0 {}
[HELPING] Rejected chunks for capacity limit [chunk-id/nodes]: 0 {}
[HELPING] bandwidthUtilUp: NaN
[HELPING] bandwidthUtilDown: NaN
[HELPING] Avg # of unsent chunk for max-retries: NaN
[HELPING] Min # of unsent chunk for max-retries: Infinity
[HELPING] Max # of unsent chunk for max-retries: -Infinity
[HELPING] Avg # of unsent chunk-reqs for max-retries: NaN
[HELPING] Min # of unsent chunk-reqs for max-retries: Infinity
[HELPING] Max # of unsent chunk-reqs for max-retries: -Infinity
[HELPING] Avg % of chunks received by Pastry: NaN
[HELPING] Min % of chunks received by Pastry: Infinity
[HELPING] Max % of chunks received by Pastry: -Infinity
[HELPING] StD of chunks received by Pastry: 0.0
[HELPING] Var of chunks received by Pastry: 0.0
[HELPING] Avg % of chunks received by StarStream: NaN
[HELPING] Min % of chunks received by StarStream: Infinity
[HELPING] Max % of chunks received by StarStream: -Infinity
[HELPING] StD of chunks received by StarStream: 0.0
[HELPING] Var of chunks received by StarStream: 0.0
[HELPING] Latency: NaN
[HELPING] Min of perceived avg chunk delivery-time: Infinity
[HELPING] Max of perceived avg chunk delivery-time: -Infinity
[HELPING] Variance of perceived avg chunk delivery-time: 0.0
[HELPING] StD of perceived avg chunk delivery-time: 0.0
[HELPING] Avg messages sent per node: NaN
[HELPING] Min messages sent per node: Infinity
[HELPING] Max messages sent per node: -Infinity
[HELPING] Variance of messages sent per node: 0.0
[HELPING] StD of messages sent per node: 0.0
[HELPING] Nodes with incomplete playbacks: 0
[HELPING] Packet Loss: NaN
[HELPING] Min % of not played chunks: Infinity
[HELPING] Max % of not played chunks: -Infinity
[HELPING] Not played chunks [chunk-id/nodes]: {}
[HELPING] Avg distance between not played chunks: NaN
[HELPING] Min distance between not played chunks: Infinity
[HELPING] Max distance between not played chunks: -Infinity

