Total chunks: 100
Nodes x chunk: 21
Total nodes: 182
Active nodes: 140
Started playbacks: 140
Not started playbacks node-ids: []
Playbacks time-window: 195
Missing chunks distribution [missed-chunks/nodes]: {0=140}
Rejected chunks for ttl expiration [chunk-id/nodes]: 1 {0=2}
Rejected chunks for capacity limit [chunk-id/nodes]: 0 {}
bandwidthUtilUp: 0.014853516811923519
bandwidthUtilDown: 0.009107858623969857
Avg # of unsent chunk for max-retries: 0.10714285714285714
Min # of unsent chunk for max-retries: 0.0
Max # of unsent chunk for max-retries: 2.0
Avg # of unsent chunk-reqs for max-retries: 0.0
Min # of unsent chunk-reqs for max-retries: 0.0
Max # of unsent chunk-reqs for max-retries: 0.0
Avg % of chunks received by Pastry: 3.4642857142857144
Min % of chunks received by Pastry: 0.0
Max % of chunks received by Pastry: 13.0
StD of chunks received by Pastry: 2.4448174941395044
Var of chunks received by Pastry: 5.977132579650565
Avg % of chunks received by StarStream: 95.55714285714286
Min % of chunks received by StarStream: 86.0
Max % of chunks received by StarStream: 100.0
StD of chunks received by StarStream: 2.4736639546912427
Var of chunks received by StarStream: 6.119013360738719
[NONMOJO] Startup Delay: 237.88571428571427
[MOJO] Startup Delay: 101.6
[MOJO] Latency: 8.183414928795635
Min of perceived avg chunk delivery-time: 6.77
Max of perceived avg chunk delivery-time: 9.68
Variance of perceived avg chunk delivery-time: 0.3196081135425043
StD of perceived avg chunk delivery-time: 0.5653389368710635
Avg messages sent per node: 7067.714285714285
Min messages sent per node: 4356.0
Max messages sent per node: 10997.0
Variance of messages sent per node: 2432316.0904419348
StD of messages sent per node: 1559.588436236283
Nodes with incomplete playbacks: 134
[MOJO] Continuity Index: 51.75714285714286
[MOJO] Packet Loss: 48.24285714285714
Min % of not played chunks: 0.0
Max % of not played chunks: 99.0
Not played chunks [chunk-id/nodes]: {1=69, 2=72, 3=66, 4=69, 5=75, 6=68, 7=54, 8=58, 9=62, 10=64, 11=81, 12=66, 13=67, 14=54, 15=67, 17=66, 16=64, 19=77, 18=73, 21=75, 20=75, 23=73, 22=62, 25=68, 24=61, 27=65, 26=64, 29=72, 28=77, 31=72, 30=66, 34=66, 35=67, 32=71, 33=71, 38=62, 39=76, 36=63, 37=67, 42=69, 43=66, 40=70, 41=64, 46=70, 47=76, 44=67, 45=75, 51=69, 50=72, 49=76, 48=70, 55=76, 54=64, 53=64, 52=66, 59=70, 58=66, 57=62, 56=67, 63=70, 62=77, 61=63, 60=68, 68=65, 69=60, 70=66, 71=69, 64=69, 65=68, 66=65, 67=62, 76=77, 77=67, 78=64, 79=65, 72=65, 73=69, 74=64, 75=62, 85=71, 84=73, 87=67, 86=68, 81=67, 80=84, 83=64, 82=65, 93=68, 92=71, 95=68, 94=72, 89=68, 88=76, 91=59, 90=61, 98=76, 99=67, 96=70, 97=80}
Avg distance between not played chunks: 3.4250150196356848
Min distance between not played chunks: 1.0
Max distance between not played chunks: 67.0

HELPING PEERS LOG

[HELPING] Active nodes: 42
[HELPING] Started playbacks: 42
[HELPING] Not started playbacks node-ids: []
[HELPING] Playbacks time-window: 413
[HELPING] Missing chunks distribution [missed-chunks/nodes]: {0=41, 6=1}
[HELPING] Rejected chunks for ttl expiration [chunk-id/nodes]: 6 {0=2, 3=1, 4=1, 5=1, 6=1, 7=1}
[HELPING] Rejected chunks for capacity limit [chunk-id/nodes]: 0 {}
[HELPING] bandwidthUtilUp: 0.014273547884105533
[HELPING] bandwidthUtilDown: 0.008189336068037796
[HELPING] Avg # of unsent chunk for max-retries: 0.19047619047619047
[HELPING] Min # of unsent chunk for max-retries: 0.0
[HELPING] Max # of unsent chunk for max-retries: 3.0
[HELPING] Avg # of unsent chunk-reqs for max-retries: 0.0
[HELPING] Min # of unsent chunk-reqs for max-retries: 0.0
[HELPING] Max # of unsent chunk-reqs for max-retries: 0.0
[HELPING] Avg % of chunks received by Pastry: 3.238095238095238
[HELPING] Min % of chunks received by Pastry: 0.0
[HELPING] Max % of chunks received by Pastry: 9.0
[HELPING] StD of chunks received by Pastry: 1.9731060546518024
[HELPING] Var of chunks received by Pastry: 3.8931475029036013
[HELPING] Avg % of chunks received by StarStream: 95.83333333333333
[HELPING] Min % of chunks received by StarStream: 90.0
[HELPING] Max % of chunks received by StarStream: 100.0
[HELPING] StD of chunks received by StarStream: 2.0708978454235276
[HELPING] Var of chunks received by StarStream: 4.288617886179808
[HELPING] Startup Delay: 260.1904761904762
[HELPING] Latency: 8.504509064361422
[HELPING] Min of perceived avg chunk delivery-time: 7.4
[HELPING] Max of perceived avg chunk delivery-time: 9.777777777777779
[HELPING] Variance of perceived avg chunk delivery-time: 0.31939756756726223
[HELPING] StD of perceived avg chunk delivery-time: 0.5651526940281381
[HELPING] Avg messages sent per node: 7234.761904761905
[HELPING] Min messages sent per node: 4350.0
[HELPING] Max messages sent per node: 10111.0
[HELPING] Variance of messages sent per node: 2060840.7711962927
[HELPING] StD of messages sent per node: 1435.5628760859945
[HELPING] Nodes with incomplete playbacks: 31
[HELPING] Packet Loss: 32.54761904761905
[HELPING] Min % of not played chunks: 0.0
[HELPING] Max % of not played chunks: 99.0
[HELPING] Not played chunks [chunk-id/nodes]: {1=19, 2=16, 3=18, 4=13, 5=20, 6=18, 7=15, 8=13, 9=15, 10=11, 11=12, 12=14, 13=11, 14=10, 15=11, 17=15, 16=12, 19=15, 18=10, 21=12, 20=12, 23=13, 22=12, 25=13, 24=11, 27=15, 26=16, 29=15, 28=12, 31=15, 30=9, 34=13, 35=13, 32=12, 33=16, 38=16, 39=15, 36=14, 37=13, 42=16, 43=16, 40=12, 41=13, 46=18, 47=15, 44=14, 45=17, 51=15, 50=12, 49=11, 48=14, 55=14, 54=16, 53=12, 52=13, 59=14, 58=14, 57=14, 56=12, 63=14, 62=18, 61=14, 60=12, 68=12, 69=12, 70=15, 71=14, 64=14, 65=14, 66=14, 67=11, 76=15, 77=11, 78=16, 79=15, 72=16, 73=16, 74=14, 75=10, 85=12, 84=14, 87=15, 86=14, 81=13, 80=10, 83=16, 82=14, 93=14, 92=11, 95=15, 94=13, 89=11, 88=14, 91=16, 90=16, 98=13, 99=14, 96=14, 97=14}
[HELPING] Avg distance between not played chunks: 6.369325770268849
[HELPING] Min distance between not played chunks: 1.0
[HELPING] Max distance between not played chunks: 86.0

