Total chunks: 100
Nodes x chunk: 21
Total nodes: 280
Active nodes: 140
Started playbacks: 140
Not started playbacks node-ids: []
Playbacks time-window: 127
Missing chunks distribution [missed-chunks/nodes]: {0=140}
Rejected chunks for ttl expiration [chunk-id/nodes]: 1 {0=1}
Rejected chunks for capacity limit [chunk-id/nodes]: 0 {}
bandwidthUtilUp: 0.014848974206720496
bandwidthUtilDown: 0.009190616053969172
Avg # of unsent chunk for max-retries: 0.014285714285714285
Min # of unsent chunk for max-retries: 0.0
Max # of unsent chunk for max-retries: 1.0
Avg # of unsent chunk-reqs for max-retries: 0.0
Min # of unsent chunk-reqs for max-retries: 0.0
Max # of unsent chunk-reqs for max-retries: 0.0
Avg % of chunks received by Pastry: 6.392857142857143
Min % of chunks received by Pastry: 1.0
Max % of chunks received by Pastry: 15.0
StD of chunks received by Pastry: 2.665247781134185
Var of chunks received by Pastry: 7.103545734840696
Avg % of chunks received by StarStream: 92.60714285714286
Min % of chunks received by StarStream: 84.0
Max % of chunks received by StarStream: 98.0
StD of chunks received by StarStream: 2.6652477811341138
Var of chunks received by StarStream: 7.103545734840317
[NONMOJO] Startup Delay: 429.98571428571427
[MOJO] Startup Delay: 118.7
[MOJO] Latency: 9.747699708454808
Min of perceived avg chunk delivery-time: 7.96
Max of perceived avg chunk delivery-time: 11.34
Variance of perceived avg chunk delivery-time: 0.4684018067069948
StD of perceived avg chunk delivery-time: 0.6843988652145727
Avg messages sent per node: 7117.964285714285
Min messages sent per node: 3648.0
Max messages sent per node: 10907.0
Variance of messages sent per node: 2604073.5023124376
StD of messages sent per node: 1613.714194742191
Nodes with incomplete playbacks: 140
[MOJO] Continuity Index: 44.66428571428571
[MOJO] Packet Loss: 55.33571428571429
Min % of not played chunks: 1.0
Max % of not played chunks: 99.0
Not played chunks [chunk-id/nodes]: {1=74, 2=83, 3=80, 4=73, 5=86, 6=76, 7=62, 8=83, 9=77, 10=75, 11=83, 12=76, 13=80, 14=79, 15=80, 17=76, 16=79, 19=72, 18=75, 21=87, 20=74, 23=90, 22=89, 25=70, 24=70, 27=70, 26=72, 29=76, 28=82, 31=72, 30=78, 34=77, 35=70, 32=81, 33=73, 38=72, 39=81, 36=75, 37=84, 42=76, 43=82, 40=79, 41=78, 46=81, 47=78, 44=85, 45=85, 51=81, 50=82, 49=69, 48=85, 55=84, 54=80, 53=74, 52=84, 59=87, 58=77, 57=76, 56=80, 63=66, 62=70, 61=83, 60=78, 68=88, 69=79, 70=79, 71=72, 64=84, 65=86, 66=80, 67=72, 76=73, 77=81, 78=85, 79=79, 72=80, 73=69, 74=70, 75=78, 85=74, 84=77, 87=73, 86=87, 81=74, 80=79, 83=73, 82=85, 93=74, 92=79, 95=86, 94=89, 89=78, 88=85, 91=82, 90=74, 98=77, 99=74, 96=80, 97=80}
Avg distance between not played chunks: 3.0518036296282474
Min distance between not played chunks: 1.0
Max distance between not played chunks: 29.0

HELPING PEERS LOG

[HELPING] Active nodes: 140
[HELPING] Started playbacks: 140
[HELPING] Not started playbacks node-ids: []
[HELPING] Playbacks time-window: 564
[HELPING] Missing chunks distribution [missed-chunks/nodes]: {0=139, 9=1}
[HELPING] Rejected chunks for ttl expiration [chunk-id/nodes]: 9 {0=2, 3=1, 4=1, 5=1, 6=1, 7=1, 8=1, 9=1, 10=1}
[HELPING] Rejected chunks for capacity limit [chunk-id/nodes]: 0 {}
[HELPING] bandwidthUtilUp: 0.014719517290764848
[HELPING] bandwidthUtilDown: 0.008790176552891826
[HELPING] Avg # of unsent chunk for max-retries: 0.007142857142857143
[HELPING] Min # of unsent chunk for max-retries: 0.0
[HELPING] Max # of unsent chunk for max-retries: 1.0
[HELPING] Avg # of unsent chunk-reqs for max-retries: 0.0
[HELPING] Min # of unsent chunk-reqs for max-retries: 0.0
[HELPING] Max # of unsent chunk-reqs for max-retries: 0.0
[HELPING] Avg % of chunks received by Pastry: 5.007142857142857
[HELPING] Min % of chunks received by Pastry: 0.0
[HELPING] Max % of chunks received by Pastry: 11.0
[HELPING] StD of chunks received by Pastry: 2.626638381673067
[HELPING] Var of chunks received by Pastry: 6.899229188078109
[HELPING] Avg % of chunks received by StarStream: 94.02142857142857
[HELPING] Min % of chunks received by StarStream: 88.0
[HELPING] Max % of chunks received by StarStream: 100.0
[HELPING] StD of chunks received by StarStream: 2.6861431181115165
[HELPING] Var of chunks received by StarStream: 7.21536485097786
[HELPING] Startup Delay: 439.12857142857143
[HELPING] Latency: 9.84996842541586
[HELPING] Min of perceived avg chunk delivery-time: 8.26
[HELPING] Max of perceived avg chunk delivery-time: 11.8
[HELPING] Variance of perceived avg chunk delivery-time: 0.46342304612990287
[HELPING] StD of perceived avg chunk delivery-time: 0.6807518241840435
[HELPING] Avg messages sent per node: 7153.042857142857
[HELPING] Min messages sent per node: 4498.0
[HELPING] Max messages sent per node: 11161.0
[HELPING] Variance of messages sent per node: 2855472.242754362
[HELPING] StD of messages sent per node: 1689.814262797649
[HELPING] Nodes with incomplete playbacks: 136
[HELPING] Packet Loss: 42.65714285714286
[HELPING] Min % of not played chunks: 0.0
[HELPING] Max % of not played chunks: 99.0
[HELPING] Not played chunks [chunk-id/nodes]: {1=57, 2=67, 3=60, 4=66, 5=73, 6=64, 7=44, 8=63, 9=64, 10=63, 11=64, 12=67, 13=57, 14=66, 15=61, 17=59, 16=51, 19=56, 18=63, 21=54, 20=52, 23=72, 22=67, 25=71, 24=54, 27=49, 26=59, 29=61, 28=59, 31=60, 30=59, 34=59, 35=53, 32=46, 33=58, 38=54, 39=59, 36=56, 37=65, 42=62, 43=83, 40=62, 41=68, 46=68, 47=61, 44=60, 45=62, 51=56, 50=67, 49=54, 48=58, 55=60, 54=58, 53=51, 52=53, 59=71, 58=53, 57=56, 56=63, 63=53, 62=58, 61=60, 60=68, 68=60, 69=61, 70=58, 71=60, 64=60, 65=67, 66=57, 67=57, 76=61, 77=68, 78=67, 79=56, 72=60, 73=51, 74=66, 75=57, 85=53, 84=62, 87=62, 86=65, 81=60, 80=58, 83=63, 82=64, 93=54, 92=53, 95=69, 94=60, 89=60, 88=60, 91=67, 90=60, 98=58, 99=68, 96=60, 97=53}
[HELPING] Avg distance between not played chunks: 4.0614301109014095
[HELPING] Min distance between not played chunks: 1.0
[HELPING] Max distance between not played chunks: 27.0

