Total chunks: 100
Nodes x chunk: 21
Total nodes: 224
Active nodes: 140
Started playbacks: 140
Not started playbacks node-ids: []
Playbacks time-window: 208
Missing chunks distribution [missed-chunks/nodes]: {0=140}
Rejected chunks for ttl expiration [chunk-id/nodes]: 0 {}
Rejected chunks for capacity limit [chunk-id/nodes]: 0 {}
bandwidthUtilUp: 0.015028130397679588
bandwidthUtilDown: 0.009250221965727008
Avg # of unsent chunk for max-retries: 0.09285714285714286
Min # of unsent chunk for max-retries: 0.0
Max # of unsent chunk for max-retries: 2.0
Avg # of unsent chunk-reqs for max-retries: 0.0
Min # of unsent chunk-reqs for max-retries: 0.0
Max # of unsent chunk-reqs for max-retries: 0.0
Avg % of chunks received by Pastry: 4.678571428571429
Min % of chunks received by Pastry: 0.0
Max % of chunks received by Pastry: 13.0
StD of chunks received by Pastry: 2.854424451915969
Var of chunks received by Pastry: 8.14773895169578
Avg % of chunks received by StarStream: 94.34285714285714
Min % of chunks received by StarStream: 86.0
Max % of chunks received by StarStream: 100.0
StD of chunks received by StarStream: 2.8932355455254313
Var of chunks received by StarStream: 8.370811921891839
[NONMOJO] Startup Delay: 319.6857142857143
[MOJO] Startup Delay: 159.5
[MOJO] Latency: 8.945186191815054
Min of perceived avg chunk delivery-time: 7.78
Max of perceived avg chunk delivery-time: 10.876288659793815
Variance of perceived avg chunk delivery-time: 0.33723654638584927
StD of perceived avg chunk delivery-time: 0.5807207128954927
Avg messages sent per node: 7160.1
Min messages sent per node: 4390.0
Max messages sent per node: 11102.0
Variance of messages sent per node: 2285581.399999997
StD of messages sent per node: 1511.813943579036
Nodes with incomplete playbacks: 139
[MOJO] Continuity Index: 44.614285714285714
[MOJO] Packet Loss: 55.385714285714286
Min % of not played chunks: 0.0
Max % of not played chunks: 99.0
Not played chunks [chunk-id/nodes]: {1=80, 2=71, 3=80, 4=83, 5=87, 6=83, 7=69, 8=81, 9=88, 10=78, 11=76, 12=78, 13=79, 14=76, 15=77, 17=80, 16=72, 19=71, 18=75, 21=74, 20=87, 23=88, 22=81, 25=79, 24=77, 27=81, 26=72, 29=74, 28=80, 31=85, 30=85, 34=85, 35=76, 32=81, 33=80, 38=68, 39=72, 36=73, 37=77, 42=88, 43=74, 40=79, 41=79, 46=85, 47=81, 44=82, 45=77, 51=79, 50=86, 49=74, 48=86, 55=76, 54=74, 53=81, 52=89, 59=71, 58=71, 57=79, 56=73, 63=85, 62=77, 61=75, 60=79, 68=73, 69=81, 70=80, 71=61, 64=66, 65=81, 66=67, 67=76, 76=81, 77=90, 78=83, 79=73, 72=86, 73=73, 74=77, 75=83, 85=72, 84=75, 87=81, 86=81, 81=87, 80=85, 83=81, 82=80, 93=82, 92=83, 95=73, 94=74, 89=76, 88=71, 91=73, 90=70, 98=73, 99=81, 96=77, 97=89}
Avg distance between not played chunks: 2.8964982733142857
Min distance between not played chunks: 1.0
Max distance between not played chunks: 28.0

HELPING PEERS LOG

[HELPING] Active nodes: 84
[HELPING] Started playbacks: 84
[HELPING] Not started playbacks node-ids: []
[HELPING] Playbacks time-window: 166
[HELPING] Missing chunks distribution [missed-chunks/nodes]: {0=84}
[HELPING] Rejected chunks for ttl expiration [chunk-id/nodes]: 0 {}
[HELPING] Rejected chunks for capacity limit [chunk-id/nodes]: 0 {}
[HELPING] bandwidthUtilUp: 0.014912519378078973
[HELPING] bandwidthUtilDown: 0.008864376007552114
[HELPING] Avg # of unsent chunk for max-retries: 0.09523809523809523
[HELPING] Min # of unsent chunk for max-retries: 0.0
[HELPING] Max # of unsent chunk for max-retries: 2.0
[HELPING] Avg # of unsent chunk-reqs for max-retries: 0.0
[HELPING] Min # of unsent chunk-reqs for max-retries: 0.0
[HELPING] Max # of unsent chunk-reqs for max-retries: 0.0
[HELPING] Avg % of chunks received by Pastry: 3.619047619047619
[HELPING] Min % of chunks received by Pastry: 0.0
[HELPING] Max % of chunks received by Pastry: 9.0
[HELPING] StD of chunks received by Pastry: 2.25433858493715
[HELPING] Var of chunks received by Pastry: 5.082042455536431
[HELPING] Avg % of chunks received by StarStream: 95.41666666666667
[HELPING] Min % of chunks received by StarStream: 90.0
[HELPING] Max % of chunks received by StarStream: 100.0
[HELPING] StD of chunks received by StarStream: 2.298288170368093
[HELPING] Var of chunks received by StarStream: 5.282128514053916
[HELPING] Startup Delay: 331.5595238095238
[HELPING] Latency: 9.200884572838078
[HELPING] Min of perceived avg chunk delivery-time: 7.74
[HELPING] Max of perceived avg chunk delivery-time: 10.82
[HELPING] Variance of perceived avg chunk delivery-time: 0.40392973974551305
[HELPING] StD of perceived avg chunk delivery-time: 0.6355546709335972
[HELPING] Avg messages sent per node: 7361.869047619048
[HELPING] Min messages sent per node: 4603.0
[HELPING] Max messages sent per node: 10312.0
[HELPING] Variance of messages sent per node: 2446917.392283417
[HELPING] StD of messages sent per node: 1564.2625714001524
[HELPING] Nodes with incomplete playbacks: 76
[HELPING] Packet Loss: 42.333333333333336
[HELPING] Min % of not played chunks: 0.0
[HELPING] Max % of not played chunks: 99.0
[HELPING] Not played chunks [chunk-id/nodes]: {1=40, 2=35, 3=35, 4=32, 5=40, 6=33, 7=33, 8=42, 9=42, 10=30, 11=39, 12=40, 13=29, 14=36, 15=37, 17=37, 16=32, 19=37, 18=38, 21=37, 20=38, 23=38, 22=35, 25=33, 24=33, 27=37, 26=36, 29=40, 28=39, 31=38, 30=34, 34=37, 35=31, 32=33, 33=35, 38=39, 39=27, 36=31, 37=33, 42=37, 43=41, 40=38, 41=42, 46=38, 47=42, 44=35, 45=35, 51=38, 50=30, 49=34, 48=31, 55=36, 54=40, 53=37, 52=26, 59=36, 58=40, 57=34, 56=42, 63=33, 62=36, 61=38, 60=40, 68=34, 69=44, 70=24, 71=33, 64=35, 65=40, 66=35, 67=38, 76=37, 77=41, 78=36, 79=34, 72=43, 73=34, 74=37, 75=33, 85=30, 84=29, 87=43, 86=46, 81=37, 80=38, 83=31, 82=31, 93=38, 92=37, 95=36, 94=28, 89=32, 88=34, 91=35, 90=34, 98=36, 99=37, 96=38, 97=38}
[HELPING] Avg distance between not played chunks: 4.4066838867021545
[HELPING] Min distance between not played chunks: 1.0
[HELPING] Max distance between not played chunks: 57.0

