Total chunks: 100
Nodes x chunk: 21
Total nodes: 140
Active nodes: 140
Started playbacks: 140
Not started playbacks node-ids: []
Playbacks time-window: 290
Missing chunks distribution [missed-chunks/nodes]: {0=139, 4=1}
Rejected chunks for ttl expiration [chunk-id/nodes]: 1 {0=7}
Rejected chunks for capacity limit [chunk-id/nodes]: 0 {}
bandwidthUtilUp: 0.011397713278370901
bandwidthUtilDown: 0.007113773177288601
Avg # of unsent chunk for max-retries: 0.0
Min # of unsent chunk for max-retries: 0.0
Max # of unsent chunk for max-retries: 0.0
Avg # of unsent chunk-reqs for max-retries: 0.0
Min # of unsent chunk-reqs for max-retries: 0.0
Max # of unsent chunk-reqs for max-retries: 0.0
Avg % of chunks received by Pastry: 8.621428571428572
Min % of chunks received by Pastry: 0.0
Max % of chunks received by Pastry: 17.0
StD of chunks received by Pastry: 3.5125015315654635
Var of chunks received by Pastry: 12.337667009249728
Avg % of chunks received by StarStream: 90.42142857142858
Min % of chunks received by StarStream: 82.0
Max % of chunks received by StarStream: 100.0
StD of chunks received by StarStream: 3.570599081472977
Var of chunks received by StarStream: 12.749177800615666
[NONMOJO] Startup Delay: 179.24285714285713
[MOJO] Startup Delay: 79.1
[MOJO] Latency: 9.434010392027787
Min of perceived avg chunk delivery-time: 6.62
Max of perceived avg chunk delivery-time: 15.177083333333334
Variance of perceived avg chunk delivery-time: 1.3003928472078081
StD of perceived avg chunk delivery-time: 1.1403476869831446
Avg messages sent per node: 2910.907142857143
Min messages sent per node: 1589.0
Max messages sent per node: 6881.0
Variance of messages sent per node: 887769.221531347
StD of messages sent per node: 942.2150611889766
Nodes with incomplete playbacks: 107
[MOJO] Continuity Index: 63.42857142857143
[MOJO] Packet Loss: 36.57142857142857
Min % of not played chunks: 0.0
Max % of not played chunks: 99.0
Not played chunks [chunk-id/nodes]: {1=67, 2=58, 3=60, 4=54, 5=55, 6=55, 7=46, 8=53, 9=46, 10=54, 11=57, 12=48, 13=45, 14=56, 15=48, 17=40, 16=50, 19=53, 18=45, 21=55, 20=46, 23=53, 22=51, 25=47, 24=46, 27=58, 26=52, 29=57, 28=51, 31=53, 30=47, 34=52, 35=45, 32=50, 33=55, 38=57, 39=62, 36=59, 37=51, 42=52, 43=54, 40=55, 41=49, 46=54, 47=57, 44=55, 45=50, 51=50, 50=56, 49=64, 48=52, 55=57, 54=59, 53=47, 52=52, 59=48, 58=43, 57=47, 56=54, 63=50, 62=50, 61=52, 60=45, 68=51, 69=56, 70=50, 71=58, 64=52, 65=43, 66=48, 67=53, 76=49, 77=47, 78=49, 79=45, 72=53, 73=46, 74=54, 75=49, 85=50, 84=55, 87=48, 86=49, 81=52, 80=51, 83=43, 82=52, 93=50, 92=55, 95=47, 94=50, 89=53, 88=56, 91=51, 90=55, 98=49, 99=54, 96=54, 97=54}
Avg distance between not played chunks: 3.633475946485083
Min distance between not played chunks: 1.0
Max distance between not played chunks: 55.0

HELPING PEERS LOG

[HELPING] Active nodes: 0
[HELPING] Started playbacks: 0
[HELPING] Not started playbacks node-ids: []
[HELPING] Playbacks time-window: -9223372036854775807
[HELPING] Missing chunks distribution [missed-chunks/nodes]: {}
[HELPING] Rejected chunks for ttl expiration [chunk-id/nodes]: 0 {}
[HELPING] Rejected chunks for capacity limit [chunk-id/nodes]: 0 {}
[HELPING] bandwidthUtilUp: NaN
[HELPING] bandwidthUtilDown: NaN
[HELPING] Avg # of unsent chunk for max-retries: NaN
[HELPING] Min # of unsent chunk for max-retries: Infinity
[HELPING] Max # of unsent chunk for max-retries: -Infinity
[HELPING] Avg # of unsent chunk-reqs for max-retries: NaN
[HELPING] Min # of unsent chunk-reqs for max-retries: Infinity
[HELPING] Max # of unsent chunk-reqs for max-retries: -Infinity
[HELPING] Avg % of chunks received by Pastry: NaN
[HELPING] Min % of chunks received by Pastry: Infinity
[HELPING] Max % of chunks received by Pastry: -Infinity
[HELPING] StD of chunks received by Pastry: 0.0
[HELPING] Var of chunks received by Pastry: 0.0
[HELPING] Avg % of chunks received by StarStream: NaN
[HELPING] Min % of chunks received by StarStream: Infinity
[HELPING] Max % of chunks received by StarStream: -Infinity
[HELPING] StD of chunks received by StarStream: 0.0
[HELPING] Var of chunks received by StarStream: 0.0
[HELPING] Latency: NaN
[HELPING] Min of perceived avg chunk delivery-time: Infinity
[HELPING] Max of perceived avg chunk delivery-time: -Infinity
[HELPING] Variance of perceived avg chunk delivery-time: 0.0
[HELPING] StD of perceived avg chunk delivery-time: 0.0
[HELPING] Avg messages sent per node: NaN
[HELPING] Min messages sent per node: Infinity
[HELPING] Max messages sent per node: -Infinity
[HELPING] Variance of messages sent per node: 0.0
[HELPING] StD of messages sent per node: 0.0
[HELPING] Nodes with incomplete playbacks: 0
[HELPING] Packet Loss: NaN
[HELPING] Min % of not played chunks: Infinity
[HELPING] Max % of not played chunks: -Infinity
[HELPING] Not played chunks [chunk-id/nodes]: {}
[HELPING] Avg distance between not played chunks: NaN
[HELPING] Min distance between not played chunks: Infinity
[HELPING] Max distance between not played chunks: -Infinity

