Total chunks: 100
Nodes x chunk: 21
Total nodes: 140
Active nodes: 140
Started playbacks: 140
Not started playbacks node-ids: []
Playbacks time-window: 339
Missing chunks distribution [missed-chunks/nodes]: {0=137, 4=2, 5=1}
Rejected chunks for ttl expiration [chunk-id/nodes]: 4 {2=1, 3=3, 4=3, 5=3}
Rejected chunks for capacity limit [chunk-id/nodes]: 0 {}
bandwidthUtilUp: 0.012804242379126266
bandwidthUtilDown: 0.008406808035721122
Avg # of unsent chunk for max-retries: 0.0
Min # of unsent chunk for max-retries: 0.0
Max # of unsent chunk for max-retries: 0.0
Avg # of unsent chunk-reqs for max-retries: 0.0
Min # of unsent chunk-reqs for max-retries: 0.0
Max # of unsent chunk-reqs for max-retries: 0.0
Avg % of chunks received by Pastry: 5.935714285714286
Min % of chunks received by Pastry: 0.0
Max % of chunks received by Pastry: 14.0
StD of chunks received by Pastry: 3.123848194723831
Var of chunks received by Pastry: 9.758427543679339
Avg % of chunks received by StarStream: 93.08571428571429
Min % of chunks received by StarStream: 85.0
Max % of chunks received by StarStream: 100.0
StD of chunks received by StarStream: 3.145136051284344
Var of chunks received by StarStream: 9.891880781088474
[NONMOJO] Startup Delay: 171.1642857142857
[MOJO] Startup Delay: 97.0
[MOJO] Latency: 8.63230076138252
Min of perceived avg chunk delivery-time: 6.7
Max of perceived avg chunk delivery-time: 11.0
Variance of perceived avg chunk delivery-time: 0.577839253130771
StD of perceived avg chunk delivery-time: 0.7601573870789989
Avg messages sent per node: 4169.914285714286
Min messages sent per node: 1944.0
Max messages sent per node: 9082.0
Variance of messages sent per node: 2581651.316341211
StD of messages sent per node: 1606.7517905206178
Nodes with incomplete playbacks: 110
[MOJO] Continuity Index: 59.17857142857143
[MOJO] Packet Loss: 40.82142857142857
Min % of not played chunks: 0.0
Max % of not played chunks: 99.0
Not played chunks [chunk-id/nodes]: {1=69, 2=62, 3=57, 4=66, 5=70, 6=54, 7=55, 8=60, 9=54, 10=55, 11=58, 12=57, 13=55, 14=63, 15=58, 17=52, 16=59, 19=54, 18=59, 21=66, 20=53, 23=60, 22=46, 25=53, 24=56, 27=55, 26=62, 29=61, 28=54, 31=65, 30=61, 34=61, 35=56, 32=54, 33=54, 38=56, 39=55, 36=61, 37=60, 42=60, 43=57, 40=57, 41=59, 46=49, 47=58, 44=53, 45=57, 51=57, 50=60, 49=51, 48=55, 55=57, 54=63, 53=72, 52=48, 59=65, 58=56, 57=57, 56=61, 63=60, 62=52, 61=63, 60=54, 68=63, 69=59, 70=55, 71=55, 64=55, 65=49, 66=57, 67=55, 76=58, 77=59, 78=64, 79=55, 72=60, 73=54, 74=54, 75=52, 85=56, 84=60, 87=63, 86=57, 81=53, 80=57, 83=66, 82=50, 93=58, 92=58, 95=58, 94=60, 89=53, 88=68, 91=62, 90=61, 98=49, 99=61, 96=54, 97=60}
Avg distance between not played chunks: 2.9977117803231392
Min distance between not played chunks: 1.0
Max distance between not played chunks: 27.0

HELPING PEERS LOG

[HELPING] Active nodes: 0
[HELPING] Started playbacks: 0
[HELPING] Not started playbacks node-ids: []
[HELPING] Playbacks time-window: -9223372036854775807
[HELPING] Missing chunks distribution [missed-chunks/nodes]: {}
[HELPING] Rejected chunks for ttl expiration [chunk-id/nodes]: 0 {}
[HELPING] Rejected chunks for capacity limit [chunk-id/nodes]: 0 {}
[HELPING] bandwidthUtilUp: NaN
[HELPING] bandwidthUtilDown: NaN
[HELPING] Avg # of unsent chunk for max-retries: NaN
[HELPING] Min # of unsent chunk for max-retries: Infinity
[HELPING] Max # of unsent chunk for max-retries: -Infinity
[HELPING] Avg # of unsent chunk-reqs for max-retries: NaN
[HELPING] Min # of unsent chunk-reqs for max-retries: Infinity
[HELPING] Max # of unsent chunk-reqs for max-retries: -Infinity
[HELPING] Avg % of chunks received by Pastry: NaN
[HELPING] Min % of chunks received by Pastry: Infinity
[HELPING] Max % of chunks received by Pastry: -Infinity
[HELPING] StD of chunks received by Pastry: 0.0
[HELPING] Var of chunks received by Pastry: 0.0
[HELPING] Avg % of chunks received by StarStream: NaN
[HELPING] Min % of chunks received by StarStream: Infinity
[HELPING] Max % of chunks received by StarStream: -Infinity
[HELPING] StD of chunks received by StarStream: 0.0
[HELPING] Var of chunks received by StarStream: 0.0
[HELPING] Latency: NaN
[HELPING] Min of perceived avg chunk delivery-time: Infinity
[HELPING] Max of perceived avg chunk delivery-time: -Infinity
[HELPING] Variance of perceived avg chunk delivery-time: 0.0
[HELPING] StD of perceived avg chunk delivery-time: 0.0
[HELPING] Avg messages sent per node: NaN
[HELPING] Min messages sent per node: Infinity
[HELPING] Max messages sent per node: -Infinity
[HELPING] Variance of messages sent per node: 0.0
[HELPING] StD of messages sent per node: 0.0
[HELPING] Nodes with incomplete playbacks: 0
[HELPING] Packet Loss: NaN
[HELPING] Min % of not played chunks: Infinity
[HELPING] Max % of not played chunks: -Infinity
[HELPING] Not played chunks [chunk-id/nodes]: {}
[HELPING] Avg distance between not played chunks: NaN
[HELPING] Min distance between not played chunks: Infinity
[HELPING] Max distance between not played chunks: -Infinity

