Total chunks: 100
Nodes x chunk: 21
Total nodes: 266
Active nodes: 140
Started playbacks: 140
Not started playbacks node-ids: []
Playbacks time-window: 23
Missing chunks distribution [missed-chunks/nodes]: {0=140}
Rejected chunks for ttl expiration [chunk-id/nodes]: 0 {}
Rejected chunks for capacity limit [chunk-id/nodes]: 0 {}
bandwidthUtilUp: 0.014856243065623716
bandwidthUtilDown: 0.009236543784189451
Avg # of unsent chunk for max-retries: 0.007142857142857143
Min # of unsent chunk for max-retries: 0.0
Max # of unsent chunk for max-retries: 1.0
Avg # of unsent chunk-reqs for max-retries: 0.0
Min # of unsent chunk-reqs for max-retries: 0.0
Max # of unsent chunk-reqs for max-retries: 0.0
Avg % of chunks received by Pastry: 6.364285714285714
Min % of chunks received by Pastry: 0.0
Max % of chunks received by Pastry: 14.0
StD of chunks received by Pastry: 2.9092032440003863
Var of chunks received by Pastry: 8.46346351490237
Avg % of chunks received by StarStream: 92.63571428571429
Min % of chunks received by StarStream: 85.0
Max % of chunks received by StarStream: 99.0
StD of chunks received by StarStream: 2.9092032440003637
Var of chunks received by StarStream: 8.46346351490224
[NONMOJO] Startup Delay: 402.15
[MOJO] Startup Delay: 100.8
[MOJO] Latency: 9.611428571428577
Min of perceived avg chunk delivery-time: 8.12
Max of perceived avg chunk delivery-time: 11.62
Variance of perceived avg chunk delivery-time: 0.4330008221992898
StD of perceived avg chunk delivery-time: 0.6580279797997117
Avg messages sent per node: 7114.128571428571
Min messages sent per node: 4099.0
Max messages sent per node: 10005.0
Variance of messages sent per node: 2144212.602055496
StD of messages sent per node: 1464.3130136878167
Nodes with incomplete playbacks: 135
[MOJO] Continuity Index: 49.45
[MOJO] Packet Loss: 50.55
Min % of not played chunks: 0.0
Max % of not played chunks: 99.0
Not played chunks [chunk-id/nodes]: {1=74, 2=75, 3=73, 4=80, 5=70, 6=62, 7=50, 8=78, 9=69, 10=75, 11=76, 12=62, 13=68, 14=72, 15=71, 17=72, 16=68, 19=75, 18=75, 21=68, 20=68, 23=66, 22=62, 25=66, 24=73, 27=72, 26=75, 29=61, 28=62, 31=66, 30=68, 34=68, 35=77, 32=69, 33=62, 38=68, 39=83, 36=66, 37=80, 42=74, 43=80, 40=73, 41=75, 46=71, 47=75, 44=80, 45=69, 51=74, 50=65, 49=76, 48=72, 55=79, 54=74, 53=76, 52=68, 59=78, 58=69, 57=67, 56=84, 63=69, 62=66, 61=82, 60=66, 68=77, 69=74, 70=66, 71=75, 64=80, 65=65, 66=72, 67=70, 76=80, 77=67, 78=70, 79=71, 72=72, 73=73, 74=81, 75=77, 85=75, 84=66, 87=73, 86=63, 81=77, 80=78, 83=72, 82=71, 93=68, 92=60, 95=62, 94=71, 89=71, 88=78, 91=80, 90=72, 98=77, 99=70, 96=71, 97=65}
Avg distance between not played chunks: 3.6502860726132877
Min distance between not played chunks: 1.0
Max distance between not played chunks: 25.666666666666668

HELPING PEERS LOG

[HELPING] Active nodes: 126
[HELPING] Started playbacks: 126
[HELPING] Not started playbacks node-ids: []
[HELPING] Playbacks time-window: 201
[HELPING] Missing chunks distribution [missed-chunks/nodes]: {0=126}
[HELPING] Rejected chunks for ttl expiration [chunk-id/nodes]: 0 {}
[HELPING] Rejected chunks for capacity limit [chunk-id/nodes]: 0 {}
[HELPING] bandwidthUtilUp: 0.014813113968713756
[HELPING] bandwidthUtilDown: 0.008832078091140262
[HELPING] Avg # of unsent chunk for max-retries: 0.015873015873015872
[HELPING] Min # of unsent chunk for max-retries: 0.0
[HELPING] Max # of unsent chunk for max-retries: 2.0
[HELPING] Avg # of unsent chunk-reqs for max-retries: 0.0
[HELPING] Min # of unsent chunk-reqs for max-retries: 0.0
[HELPING] Max # of unsent chunk-reqs for max-retries: 0.0
[HELPING] Avg % of chunks received by Pastry: 5.095238095238095
[HELPING] Min % of chunks received by Pastry: 0.0
[HELPING] Max % of chunks received by Pastry: 13.0
[HELPING] StD of chunks received by Pastry: 2.7171413549642836
[HELPING] Var of chunks received by Pastry: 7.3828571428571435
[HELPING] Avg % of chunks received by StarStream: 93.92857142857143
[HELPING] Min % of chunks received by StarStream: 86.0
[HELPING] Max % of chunks received by StarStream: 100.0
[HELPING] StD of chunks received by StarStream: 2.7602277338757886
[HELPING] Var of chunks received by StarStream: 7.618857142857072
[HELPING] Startup Delay: 408.26190476190476
[HELPING] Latency: 9.72249463483246
[HELPING] Min of perceived avg chunk delivery-time: 8.62
[HELPING] Max of perceived avg chunk delivery-time: 11.35
[HELPING] Variance of perceived avg chunk delivery-time: 0.379507395793886
[HELPING] StD of perceived avg chunk delivery-time: 0.6160417159526503
[HELPING] Avg messages sent per node: 7196.952380952381
[HELPING] Min messages sent per node: 4648.0
[HELPING] Max messages sent per node: 11230.0
[HELPING] Variance of messages sent per node: 2392716.7177142883
[HELPING] StD of messages sent per node: 1546.8408831273784
[HELPING] Nodes with incomplete playbacks: 120
[HELPING] Packet Loss: 46.404761904761905
[HELPING] Min % of not played chunks: 0.0
[HELPING] Max % of not played chunks: 99.0
[HELPING] Not played chunks [chunk-id/nodes]: {1=70, 2=60, 3=60, 4=70, 5=61, 6=63, 7=50, 8=73, 9=61, 10=60, 11=65, 12=54, 13=52, 14=69, 15=71, 17=61, 16=55, 19=64, 18=59, 21=68, 20=51, 23=61, 22=57, 25=55, 24=47, 27=53, 26=60, 29=45, 28=46, 31=49, 30=58, 34=62, 35=66, 32=51, 33=61, 38=62, 39=61, 36=54, 37=74, 42=51, 43=59, 40=57, 41=60, 46=72, 47=63, 44=64, 45=56, 51=51, 50=53, 49=57, 48=55, 55=56, 54=56, 53=58, 52=55, 59=58, 58=57, 57=49, 56=66, 63=59, 62=52, 61=70, 60=54, 68=57, 69=58, 70=56, 71=57, 64=58, 65=62, 66=60, 67=64, 76=58, 77=56, 78=54, 79=58, 72=62, 73=60, 74=68, 75=56, 85=69, 84=60, 87=57, 86=65, 81=52, 80=78, 83=66, 82=53, 93=59, 92=48, 95=51, 94=66, 89=51, 88=58, 91=61, 90=60, 98=68, 99=58, 96=59, 97=57}
[HELPING] Avg distance between not played chunks: 3.7639266991420284
[HELPING] Min distance between not played chunks: 1.0
[HELPING] Max distance between not played chunks: 32.0

