Total chunks: 100
Nodes x chunk: 21
Total nodes: 140
Active nodes: 140
Started playbacks: 140
Not started playbacks node-ids: []
Playbacks time-window: 336
Missing chunks distribution [missed-chunks/nodes]: {0=136, 1=1, 2=2, 4=1}
Rejected chunks for ttl expiration [chunk-id/nodes]: 4 {2=1, 3=2, 4=1, 5=1}
Rejected chunks for capacity limit [chunk-id/nodes]: 0 {}
bandwidthUtilUp: 0.013350943300926683
bandwidthUtilDown: 0.00860064433304163
Avg # of unsent chunk for max-retries: 0.0
Min # of unsent chunk for max-retries: 0.0
Max # of unsent chunk for max-retries: 0.0
Avg # of unsent chunk-reqs for max-retries: 0.0
Min # of unsent chunk-reqs for max-retries: 0.0
Max # of unsent chunk-reqs for max-retries: 0.0
Avg % of chunks received by Pastry: 5.557142857142857
Min % of chunks received by Pastry: 0.0
Max % of chunks received by Pastry: 13.0
StD of chunks received by Pastry: 3.0233418752355696
Var of chunks received by Pastry: 9.140596094552931
Avg % of chunks received by StarStream: 93.47142857142858
Min % of chunks received by StarStream: 86.0
Max % of chunks received by StarStream: 100.0
StD of chunks received by StarStream: 3.075647810671964
Var of chunks received by StarStream: 9.459609455291245
[NONMOJO] Startup Delay: 171.02857142857144
[MOJO] Startup Delay: 109.9
[MOJO] Latency: 7.9587352252786685
Min of perceived avg chunk delivery-time: 6.18
Max of perceived avg chunk delivery-time: 10.385416666666666
Variance of perceived avg chunk delivery-time: 0.6113926650282226
StD of perceived avg chunk delivery-time: 0.7819160217237032
Avg messages sent per node: 5311.557142857143
Min messages sent per node: 2120.0
Max messages sent per node: 9515.0
Variance of messages sent per node: 3139559.3708119206
StD of messages sent per node: 1771.8801795866223
Nodes with incomplete playbacks: 113
[MOJO] Continuity Index: 57.3
[MOJO] Packet Loss: 42.7
Min % of not played chunks: 0.0
Max % of not played chunks: 99.0
Not played chunks [chunk-id/nodes]: {1=75, 2=64, 3=59, 4=68, 5=61, 6=61, 7=58, 8=58, 9=58, 10=55, 11=55, 12=56, 13=52, 14=60, 15=56, 17=58, 16=60, 19=66, 18=64, 21=61, 20=63, 23=54, 22=59, 25=61, 24=58, 27=60, 26=61, 29=54, 28=67, 31=57, 30=60, 34=60, 35=61, 32=58, 33=61, 38=65, 39=57, 36=62, 37=53, 42=65, 43=61, 40=51, 41=57, 46=65, 47=60, 44=67, 45=64, 51=68, 50=71, 49=56, 48=58, 55=56, 54=59, 53=63, 52=64, 59=62, 58=51, 57=60, 56=58, 63=58, 62=62, 61=59, 60=65, 68=50, 69=59, 70=57, 71=59, 64=65, 65=60, 66=66, 67=59, 76=62, 77=63, 78=58, 79=53, 72=52, 73=58, 74=57, 75=54, 85=62, 84=66, 87=63, 86=58, 81=64, 80=67, 83=62, 82=60, 93=61, 92=54, 95=65, 94=56, 89=60, 88=61, 91=59, 90=66, 98=70, 99=65, 96=66, 97=65}
Avg distance between not played chunks: 2.3796355470563926
Min distance between not played chunks: 1.0
Max distance between not played chunks: 16.4

HELPING PEERS LOG

[HELPING] Active nodes: 0
[HELPING] Started playbacks: 0
[HELPING] Not started playbacks node-ids: []
[HELPING] Playbacks time-window: -9223372036854775807
[HELPING] Missing chunks distribution [missed-chunks/nodes]: {}
[HELPING] Rejected chunks for ttl expiration [chunk-id/nodes]: 0 {}
[HELPING] Rejected chunks for capacity limit [chunk-id/nodes]: 0 {}
[HELPING] bandwidthUtilUp: NaN
[HELPING] bandwidthUtilDown: NaN
[HELPING] Avg # of unsent chunk for max-retries: NaN
[HELPING] Min # of unsent chunk for max-retries: Infinity
[HELPING] Max # of unsent chunk for max-retries: -Infinity
[HELPING] Avg # of unsent chunk-reqs for max-retries: NaN
[HELPING] Min # of unsent chunk-reqs for max-retries: Infinity
[HELPING] Max # of unsent chunk-reqs for max-retries: -Infinity
[HELPING] Avg % of chunks received by Pastry: NaN
[HELPING] Min % of chunks received by Pastry: Infinity
[HELPING] Max % of chunks received by Pastry: -Infinity
[HELPING] StD of chunks received by Pastry: 0.0
[HELPING] Var of chunks received by Pastry: 0.0
[HELPING] Avg % of chunks received by StarStream: NaN
[HELPING] Min % of chunks received by StarStream: Infinity
[HELPING] Max % of chunks received by StarStream: -Infinity
[HELPING] StD of chunks received by StarStream: 0.0
[HELPING] Var of chunks received by StarStream: 0.0
[HELPING] Latency: NaN
[HELPING] Min of perceived avg chunk delivery-time: Infinity
[HELPING] Max of perceived avg chunk delivery-time: -Infinity
[HELPING] Variance of perceived avg chunk delivery-time: 0.0
[HELPING] StD of perceived avg chunk delivery-time: 0.0
[HELPING] Avg messages sent per node: NaN
[HELPING] Min messages sent per node: Infinity
[HELPING] Max messages sent per node: -Infinity
[HELPING] Variance of messages sent per node: 0.0
[HELPING] StD of messages sent per node: 0.0
[HELPING] Nodes with incomplete playbacks: 0
[HELPING] Packet Loss: NaN
[HELPING] Min % of not played chunks: Infinity
[HELPING] Max % of not played chunks: -Infinity
[HELPING] Not played chunks [chunk-id/nodes]: {}
[HELPING] Avg distance between not played chunks: NaN
[HELPING] Min distance between not played chunks: Infinity
[HELPING] Max distance between not played chunks: -Infinity

