Total chunks: 100
Nodes x chunk: 21
Total nodes: 140
Active nodes: 140
Started playbacks: 140
Not started playbacks node-ids: []
Playbacks time-window: 364
Missing chunks distribution [missed-chunks/nodes]: {0=137, 1=2, 5=1}
Rejected chunks for ttl expiration [chunk-id/nodes]: 5 {0=6, 3=1, 4=1, 5=1, 6=1}
Rejected chunks for capacity limit [chunk-id/nodes]: 0 {}
bandwidthUtilUp: 0.01428967047410292
bandwidthUtilDown: 0.008620429512367581
Avg # of unsent chunk for max-retries: 0.0
Min # of unsent chunk for max-retries: 0.0
Max # of unsent chunk for max-retries: 0.0
Avg # of unsent chunk-reqs for max-retries: 0.0
Min # of unsent chunk-reqs for max-retries: 0.0
Max # of unsent chunk-reqs for max-retries: 0.0
Avg % of chunks received by Pastry: 3.7785714285714285
Min % of chunks received by Pastry: 0.0
Max % of chunks received by Pastry: 12.0
StD of chunks received by Pastry: 2.7590736041531465
Var of chunks received by Pastry: 7.6124871531346345
Avg % of chunks received by StarStream: 95.27857142857142
Min % of chunks received by StarStream: 87.0
Max % of chunks received by StarStream: 100.0
StD of chunks received by StarStream: 2.8463477978330145
Var of chunks received by StarStream: 8.101695786228852
[NONMOJO] Startup Delay: 176.03571428571428
[MOJO] Startup Delay: 55.0
[MOJO] Latency: 7.479848994501438
Min of perceived avg chunk delivery-time: 5.96
Max of perceived avg chunk delivery-time: 10.804123711340207
Variance of perceived avg chunk delivery-time: 0.6191628964131223
StD of perceived avg chunk delivery-time: 0.786869046546579
Avg messages sent per node: 6896.857142857143
Min messages sent per node: 4251.0
Max messages sent per node: 10265.0
Variance of messages sent per node: 2407578.4974306272
StD of messages sent per node: 1551.637360155596
Nodes with incomplete playbacks: 107
[MOJO] Continuity Index: 62.357142857142854
[MOJO] Packet Loss: 37.642857142857146
Min % of not played chunks: 0.0
Max % of not played chunks: 99.0
Not played chunks [chunk-id/nodes]: {1=64, 2=62, 3=55, 4=53, 5=55, 6=53, 7=44, 8=50, 9=54, 10=58, 11=53, 12=52, 13=55, 14=48, 15=49, 17=51, 16=50, 19=47, 18=47, 21=56, 20=56, 23=47, 22=47, 25=45, 24=59, 27=53, 26=53, 29=53, 28=50, 31=52, 30=55, 34=53, 35=51, 32=49, 33=48, 38=52, 39=54, 36=54, 37=57, 42=54, 43=56, 40=53, 41=56, 46=52, 47=54, 44=52, 45=56, 51=55, 50=58, 49=56, 48=53, 55=47, 54=56, 53=43, 52=57, 59=56, 58=56, 57=56, 56=56, 63=50, 62=54, 61=56, 60=57, 68=56, 69=53, 70=57, 71=51, 64=53, 65=53, 66=55, 67=50, 76=58, 77=54, 78=53, 79=50, 72=56, 73=52, 74=50, 75=53, 85=58, 84=55, 87=53, 86=56, 81=49, 80=56, 83=58, 82=50, 93=58, 92=53, 95=58, 94=57, 89=50, 88=53, 91=53, 90=50, 98=52, 99=56, 96=49, 97=49}
Avg distance between not played chunks: 2.653832082787048
Min distance between not played chunks: 1.0
Max distance between not played chunks: 21.25

HELPING PEERS LOG

[HELPING] Active nodes: 0
[HELPING] Started playbacks: 0
[HELPING] Not started playbacks node-ids: []
[HELPING] Playbacks time-window: -9223372036854775807
[HELPING] Missing chunks distribution [missed-chunks/nodes]: {}
[HELPING] Rejected chunks for ttl expiration [chunk-id/nodes]: 0 {}
[HELPING] Rejected chunks for capacity limit [chunk-id/nodes]: 0 {}
[HELPING] bandwidthUtilUp: NaN
[HELPING] bandwidthUtilDown: NaN
[HELPING] Avg # of unsent chunk for max-retries: NaN
[HELPING] Min # of unsent chunk for max-retries: Infinity
[HELPING] Max # of unsent chunk for max-retries: -Infinity
[HELPING] Avg # of unsent chunk-reqs for max-retries: NaN
[HELPING] Min # of unsent chunk-reqs for max-retries: Infinity
[HELPING] Max # of unsent chunk-reqs for max-retries: -Infinity
[HELPING] Avg % of chunks received by Pastry: NaN
[HELPING] Min % of chunks received by Pastry: Infinity
[HELPING] Max % of chunks received by Pastry: -Infinity
[HELPING] StD of chunks received by Pastry: 0.0
[HELPING] Var of chunks received by Pastry: 0.0
[HELPING] Avg % of chunks received by StarStream: NaN
[HELPING] Min % of chunks received by StarStream: Infinity
[HELPING] Max % of chunks received by StarStream: -Infinity
[HELPING] StD of chunks received by StarStream: 0.0
[HELPING] Var of chunks received by StarStream: 0.0
[HELPING] Latency: NaN
[HELPING] Min of perceived avg chunk delivery-time: Infinity
[HELPING] Max of perceived avg chunk delivery-time: -Infinity
[HELPING] Variance of perceived avg chunk delivery-time: 0.0
[HELPING] StD of perceived avg chunk delivery-time: 0.0
[HELPING] Avg messages sent per node: NaN
[HELPING] Min messages sent per node: Infinity
[HELPING] Max messages sent per node: -Infinity
[HELPING] Variance of messages sent per node: 0.0
[HELPING] StD of messages sent per node: 0.0
[HELPING] Nodes with incomplete playbacks: 0
[HELPING] Packet Loss: NaN
[HELPING] Min % of not played chunks: Infinity
[HELPING] Max % of not played chunks: -Infinity
[HELPING] Not played chunks [chunk-id/nodes]: {}
[HELPING] Avg distance between not played chunks: NaN
[HELPING] Min distance between not played chunks: Infinity
[HELPING] Max distance between not played chunks: -Infinity

