Total chunks: 100
Nodes x chunk: 22
Total nodes: 150
Active nodes: 150
Started playbacks: 150
Not started playbacks node-ids: []
Playbacks time-window: 206
Missing chunks distribution [missed-chunks/nodes]: {0=150}
Rejected chunks for ttl expiration [chunk-id/nodes]: 0 {}
Rejected chunks for capacity limit [chunk-id/nodes]: 0 {}
bandwidthUtilUp: 0.013838894667899585
bandwidthUtilDown: 0.008671279246847758
Avg # of unsent chunk for max-retries: 0.0
Min # of unsent chunk for max-retries: 0.0
Max # of unsent chunk for max-retries: 0.0
Avg # of unsent chunk-reqs for max-retries: 0.0
Min # of unsent chunk-reqs for max-retries: 0.0
Max # of unsent chunk-reqs for max-retries: 0.0
Avg % of chunks received by Pastry: 4.58
Min % of chunks received by Pastry: 0.0
Max % of chunks received by Pastry: 12.0
StD of chunks received by Pastry: 2.7276117340655506
Var of chunks received by Pastry: 7.43986577181208
Avg % of chunks received by StarStream: 94.44
Min % of chunks received by StarStream: 87.0
Max % of chunks received by StarStream: 100.0
StD of chunks received by StarStream: 2.7623547974230687
Var of chunks received by StarStream: 7.6306040268462425
[NONMOJO] Startup Delay: 174.08
[MOJO] Startup Delay: 100.7
[MOJO] Latency: 7.888245158648692
Min of perceived avg chunk delivery-time: 6.35
Max of perceived avg chunk delivery-time: 10.22
Variance of perceived avg chunk delivery-time: 0.5724236987020411
StD of perceived avg chunk delivery-time: 0.7565868745240305
Avg messages sent per node: 5861.2
Min messages sent per node: 2151.0
Max messages sent per node: 9750.0
Variance of messages sent per node: 3186127.5167785287
StD of messages sent per node: 1784.9726935666351
Nodes with incomplete playbacks: 112
[MOJO] Continuity Index: 57.82
[MOJO] Packet Loss: 42.18
Min % of not played chunks: 0.0
Max % of not played chunks: 99.0
Not played chunks [chunk-id/nodes]: {1=69, 2=70, 3=71, 4=61, 5=77, 6=65, 7=69, 8=57, 9=67, 10=64, 11=61, 12=63, 13=53, 14=61, 15=64, 17=62, 16=61, 19=56, 18=66, 21=65, 20=70, 23=59, 22=57, 25=59, 24=57, 27=64, 26=67, 29=58, 28=65, 31=64, 30=70, 34=66, 35=60, 32=65, 33=60, 38=62, 39=68, 36=68, 37=64, 42=72, 43=69, 40=71, 41=58, 46=64, 47=68, 44=58, 45=65, 51=69, 50=65, 49=63, 48=61, 55=64, 54=65, 53=63, 52=63, 59=68, 58=66, 57=63, 56=63, 63=67, 62=59, 61=58, 60=61, 68=58, 69=63, 70=65, 71=66, 64=64, 65=66, 66=62, 67=64, 76=66, 77=59, 78=65, 79=66, 72=62, 73=65, 74=60, 75=57, 85=62, 84=54, 87=63, 86=58, 81=70, 80=64, 83=61, 82=62, 93=65, 92=66, 95=61, 94=67, 89=68, 88=71, 91=62, 90=70, 98=68, 99=67, 96=71, 97=61}
Avg distance between not played chunks: 3.665553336218414
Min distance between not played chunks: 1.0
Max distance between not played chunks: 85.0

HELPING PEERS LOG

[HELPING] Active nodes: 0
[HELPING] Started playbacks: 0
[HELPING] Not started playbacks node-ids: []
[HELPING] Playbacks time-window: -9223372036854775807
[HELPING] Missing chunks distribution [missed-chunks/nodes]: {}
[HELPING] Rejected chunks for ttl expiration [chunk-id/nodes]: 0 {}
[HELPING] Rejected chunks for capacity limit [chunk-id/nodes]: 0 {}
[HELPING] bandwidthUtilUp: NaN
[HELPING] bandwidthUtilDown: NaN
[HELPING] Avg # of unsent chunk for max-retries: NaN
[HELPING] Min # of unsent chunk for max-retries: Infinity
[HELPING] Max # of unsent chunk for max-retries: -Infinity
[HELPING] Avg # of unsent chunk-reqs for max-retries: NaN
[HELPING] Min # of unsent chunk-reqs for max-retries: Infinity
[HELPING] Max # of unsent chunk-reqs for max-retries: -Infinity
[HELPING] Avg % of chunks received by Pastry: NaN
[HELPING] Min % of chunks received by Pastry: Infinity
[HELPING] Max % of chunks received by Pastry: -Infinity
[HELPING] StD of chunks received by Pastry: 0.0
[HELPING] Var of chunks received by Pastry: 0.0
[HELPING] Avg % of chunks received by StarStream: NaN
[HELPING] Min % of chunks received by StarStream: Infinity
[HELPING] Max % of chunks received by StarStream: -Infinity
[HELPING] StD of chunks received by StarStream: 0.0
[HELPING] Var of chunks received by StarStream: 0.0
[HELPING] Latency: NaN
[HELPING] Min of perceived avg chunk delivery-time: Infinity
[HELPING] Max of perceived avg chunk delivery-time: -Infinity
[HELPING] Variance of perceived avg chunk delivery-time: 0.0
[HELPING] StD of perceived avg chunk delivery-time: 0.0
[HELPING] Avg messages sent per node: NaN
[HELPING] Min messages sent per node: Infinity
[HELPING] Max messages sent per node: -Infinity
[HELPING] Variance of messages sent per node: 0.0
[HELPING] StD of messages sent per node: 0.0
[HELPING] Nodes with incomplete playbacks: 0
[HELPING] Packet Loss: NaN
[HELPING] Min % of not played chunks: Infinity
[HELPING] Max % of not played chunks: -Infinity
[HELPING] Not played chunks [chunk-id/nodes]: {}
[HELPING] Avg distance between not played chunks: NaN
[HELPING] Min distance between not played chunks: Infinity
[HELPING] Max distance between not played chunks: -Infinity

