Total chunks: 100
Nodes x chunk: 22
Total nodes: 150
Active nodes: 150
Started playbacks: 150
Not started playbacks node-ids: []
Playbacks time-window: 304
Missing chunks distribution [missed-chunks/nodes]: {0=145, 1=2, 2=2, 5=1}
Rejected chunks for ttl expiration [chunk-id/nodes]: 1 {0=4}
Rejected chunks for capacity limit [chunk-id/nodes]: 0 {}
bandwidthUtilUp: 0.012954703096797436
bandwidthUtilDown: 0.008568883673392081
Avg # of unsent chunk for max-retries: 0.0
Min # of unsent chunk for max-retries: 0.0
Max # of unsent chunk for max-retries: 0.0
Avg # of unsent chunk-reqs for max-retries: 0.0
Min # of unsent chunk-reqs for max-retries: 0.0
Max # of unsent chunk-reqs for max-retries: 0.0
Avg % of chunks received by Pastry: 5.766666666666667
Min % of chunks received by Pastry: 0.0
Max % of chunks received by Pastry: 15.0
StD of chunks received by Pastry: 3.0020500080044106
Var of chunks received by Pastry: 9.01230425055928
Avg % of chunks received by StarStream: 93.30666666666667
Min % of chunks received by StarStream: 84.0
Max % of chunks received by StarStream: 100.0
StD of chunks received by StarStream: 3.0956706436215993
Var of chunks received by StarStream: 9.583176733780567
[NONMOJO] Startup Delay: 185.38
[MOJO] Startup Delay: 84.1
[MOJO] Latency: 8.378422708964438
Min of perceived avg chunk delivery-time: 6.73
Max of perceived avg chunk delivery-time: 13.042105263157895
Variance of perceived avg chunk delivery-time: 0.6988363107938288
StD of perceived avg chunk delivery-time: 0.8359642999517556
Avg messages sent per node: 4527.7733333333335
Min messages sent per node: 1993.0
Max messages sent per node: 8471.0
Variance of messages sent per node: 2702190.1630425067
StD of messages sent per node: 1643.8339828104622
Nodes with incomplete playbacks: 127
[MOJO] Continuity Index: 60.126666666666665
[MOJO] Packet Loss: 39.873333333333335
Min % of not played chunks: 0.0
Max % of not played chunks: 99.0
Not played chunks [chunk-id/nodes]: {1=83, 2=60, 3=65, 4=61, 5=59, 6=66, 7=61, 8=65, 9=63, 10=55, 11=56, 12=61, 13=58, 14=55, 15=55, 17=67, 16=64, 19=63, 18=55, 21=54, 20=67, 23=58, 22=59, 25=59, 24=56, 27=67, 26=57, 29=56, 28=57, 31=59, 30=67, 34=57, 35=68, 32=50, 33=50, 38=71, 39=69, 36=60, 37=60, 42=63, 43=58, 40=57, 41=54, 46=57, 47=69, 44=57, 45=56, 51=66, 50=58, 49=59, 48=54, 55=63, 54=65, 53=67, 52=58, 59=58, 58=62, 57=67, 56=58, 63=64, 62=61, 61=58, 60=63, 68=64, 69=57, 70=47, 71=56, 64=65, 65=53, 66=60, 67=56, 76=61, 77=58, 78=57, 79=58, 72=61, 73=65, 74=59, 75=66, 85=60, 84=60, 87=59, 86=59, 81=61, 80=58, 83=59, 82=61, 93=64, 92=62, 95=59, 94=71, 89=57, 88=59, 91=66, 90=59, 98=64, 99=53, 96=64, 97=58}
Avg distance between not played chunks: 3.4664609230268977
Min distance between not played chunks: 1.0
Max distance between not played chunks: 64.0

HELPING PEERS LOG

[HELPING] Active nodes: 0
[HELPING] Started playbacks: 0
[HELPING] Not started playbacks node-ids: []
[HELPING] Playbacks time-window: -9223372036854775807
[HELPING] Missing chunks distribution [missed-chunks/nodes]: {}
[HELPING] Rejected chunks for ttl expiration [chunk-id/nodes]: 0 {}
[HELPING] Rejected chunks for capacity limit [chunk-id/nodes]: 0 {}
[HELPING] bandwidthUtilUp: NaN
[HELPING] bandwidthUtilDown: NaN
[HELPING] Avg # of unsent chunk for max-retries: NaN
[HELPING] Min # of unsent chunk for max-retries: Infinity
[HELPING] Max # of unsent chunk for max-retries: -Infinity
[HELPING] Avg # of unsent chunk-reqs for max-retries: NaN
[HELPING] Min # of unsent chunk-reqs for max-retries: Infinity
[HELPING] Max # of unsent chunk-reqs for max-retries: -Infinity
[HELPING] Avg % of chunks received by Pastry: NaN
[HELPING] Min % of chunks received by Pastry: Infinity
[HELPING] Max % of chunks received by Pastry: -Infinity
[HELPING] StD of chunks received by Pastry: 0.0
[HELPING] Var of chunks received by Pastry: 0.0
[HELPING] Avg % of chunks received by StarStream: NaN
[HELPING] Min % of chunks received by StarStream: Infinity
[HELPING] Max % of chunks received by StarStream: -Infinity
[HELPING] StD of chunks received by StarStream: 0.0
[HELPING] Var of chunks received by StarStream: 0.0
[HELPING] Latency: NaN
[HELPING] Min of perceived avg chunk delivery-time: Infinity
[HELPING] Max of perceived avg chunk delivery-time: -Infinity
[HELPING] Variance of perceived avg chunk delivery-time: 0.0
[HELPING] StD of perceived avg chunk delivery-time: 0.0
[HELPING] Avg messages sent per node: NaN
[HELPING] Min messages sent per node: Infinity
[HELPING] Max messages sent per node: -Infinity
[HELPING] Variance of messages sent per node: 0.0
[HELPING] StD of messages sent per node: 0.0
[HELPING] Nodes with incomplete playbacks: 0
[HELPING] Packet Loss: NaN
[HELPING] Min % of not played chunks: Infinity
[HELPING] Max % of not played chunks: -Infinity
[HELPING] Not played chunks [chunk-id/nodes]: {}
[HELPING] Avg distance between not played chunks: NaN
[HELPING] Min distance between not played chunks: Infinity
[HELPING] Max distance between not played chunks: -Infinity

