Total chunks: 100
Nodes x chunk: 22
Total nodes: 240
Active nodes: 150
Started playbacks: 150
Not started playbacks node-ids: []
Playbacks time-window: 20
Missing chunks distribution [missed-chunks/nodes]: {0=150}
Rejected chunks for ttl expiration [chunk-id/nodes]: 0 {}
Rejected chunks for capacity limit [chunk-id/nodes]: 0 {}
bandwidthUtilUp: 0.014886578637924692
bandwidthUtilDown: 0.009266607563023256
Avg # of unsent chunk for max-retries: 0.04
Min # of unsent chunk for max-retries: 0.0
Max # of unsent chunk for max-retries: 1.0
Avg # of unsent chunk-reqs for max-retries: 0.0
Min # of unsent chunk-reqs for max-retries: 0.0
Max # of unsent chunk-reqs for max-retries: 0.0
Avg % of chunks received by Pastry: 5.566666666666666
Min % of chunks received by Pastry: 0.0
Max % of chunks received by Pastry: 13.0
StD of chunks received by Pastry: 2.7106963534040376
Var of chunks received by Pastry: 7.347874720357947
Avg % of chunks received by StarStream: 93.43333333333334
Min % of chunks received by StarStream: 86.0
Max % of chunks received by StarStream: 99.0
StD of chunks received by StarStream: 2.7106963534039723
Var of chunks received by StarStream: 7.347874720357592
[NONMOJO] Startup Delay: 339.5933333333333
[MOJO] Startup Delay: 94.7
[MOJO] Latency: 8.90673333333333
Min of perceived avg chunk delivery-time: 7.27
Max of perceived avg chunk delivery-time: 10.33
Variance of perceived avg chunk delivery-time: 0.40374697539158305
StD of perceived avg chunk delivery-time: 0.6354108713199539
Avg messages sent per node: 7133.2266666666665
Min messages sent per node: 4108.0
Max messages sent per node: 10749.0
Variance of messages sent per node: 2425860.605995535
StD of messages sent per node: 1557.5174496600464
Nodes with incomplete playbacks: 149
[MOJO] Continuity Index: 51.973333333333336
[MOJO] Packet Loss: 48.026666666666664
Min % of not played chunks: 0.0
Max % of not played chunks: 99.0
Not played chunks [chunk-id/nodes]: {1=76, 2=82, 3=76, 4=65, 5=80, 6=65, 7=79, 8=66, 9=84, 10=81, 11=72, 12=65, 13=70, 14=76, 15=68, 17=78, 16=79, 19=65, 18=61, 21=70, 20=65, 23=76, 22=74, 25=74, 24=66, 27=68, 26=71, 29=72, 28=60, 31=69, 30=73, 34=71, 35=79, 32=71, 33=70, 38=69, 39=67, 36=71, 37=72, 42=75, 43=76, 40=64, 41=69, 46=74, 47=64, 44=69, 45=71, 51=71, 50=74, 49=79, 48=84, 55=75, 54=82, 53=79, 52=78, 59=81, 58=74, 57=83, 56=80, 63=74, 62=73, 61=67, 60=82, 68=69, 69=92, 70=76, 71=71, 64=84, 65=73, 66=70, 67=60, 76=68, 77=75, 78=71, 79=70, 72=67, 73=77, 74=73, 75=63, 85=71, 84=65, 87=70, 86=82, 81=78, 80=58, 83=83, 82=72, 93=72, 92=70, 95=72, 94=72, 89=70, 88=79, 91=79, 90=71, 98=77, 99=75, 96=67, 97=68}
Avg distance between not played chunks: 3.8956099658420738
Min distance between not played chunks: 1.0
Max distance between not played chunks: 26.0

HELPING PEERS LOG

[HELPING] Active nodes: 90
[HELPING] Started playbacks: 90
[HELPING] Not started playbacks node-ids: []
[HELPING] Playbacks time-window: 163
[HELPING] Missing chunks distribution [missed-chunks/nodes]: {0=90}
[HELPING] Rejected chunks for ttl expiration [chunk-id/nodes]: 0 {}
[HELPING] Rejected chunks for capacity limit [chunk-id/nodes]: 0 {}
[HELPING] bandwidthUtilUp: 0.014683851361765012
[HELPING] bandwidthUtilDown: 0.008631369586590068
[HELPING] Avg # of unsent chunk for max-retries: 0.03333333333333333
[HELPING] Min # of unsent chunk for max-retries: 0.0
[HELPING] Max # of unsent chunk for max-retries: 2.0
[HELPING] Avg # of unsent chunk-reqs for max-retries: 0.0
[HELPING] Min # of unsent chunk-reqs for max-retries: 0.0
[HELPING] Max # of unsent chunk-reqs for max-retries: 0.0
[HELPING] Avg % of chunks received by Pastry: 4.966666666666667
[HELPING] Min % of chunks received by Pastry: 0.0
[HELPING] Max % of chunks received by Pastry: 11.0
[HELPING] StD of chunks received by Pastry: 2.314827632091023
[HELPING] Var of chunks received by Pastry: 5.358426966292132
[HELPING] Avg % of chunks received by StarStream: 94.03333333333333
[HELPING] Min % of chunks received by StarStream: 88.0
[HELPING] Max % of chunks received by StarStream: 99.0
[HELPING] StD of chunks received by StarStream: 2.314827632091345
[HELPING] Var of chunks received by StarStream: 5.358426966293623
[HELPING] Startup Delay: 350.74444444444447
[HELPING] Latency: 9.278350867536433
[HELPING] Min of perceived avg chunk delivery-time: 7.63
[HELPING] Max of perceived avg chunk delivery-time: 11.38
[HELPING] Variance of perceived avg chunk delivery-time: 0.5408457102615934
[HELPING] StD of perceived avg chunk delivery-time: 0.7354221306580279
[HELPING] Avg messages sent per node: 7234.722222222223
[HELPING] Min messages sent per node: 4678.0
[HELPING] Max messages sent per node: 10352.0
[HELPING] Variance of messages sent per node: 1948429.461298374
[HELPING] StD of messages sent per node: 1395.8615480406263
[HELPING] Nodes with incomplete playbacks: 84
[HELPING] Packet Loss: 39.855555555555554
[HELPING] Min % of not played chunks: 0.0
[HELPING] Max % of not played chunks: 99.0
[HELPING] Not played chunks [chunk-id/nodes]: {1=48, 2=46, 3=34, 4=35, 5=43, 6=34, 7=27, 8=29, 9=38, 10=35, 11=35, 12=32, 13=26, 14=35, 15=35, 17=36, 16=37, 19=37, 18=29, 21=28, 20=39, 23=36, 22=36, 25=34, 24=41, 27=41, 26=38, 29=33, 28=33, 31=38, 30=39, 34=38, 35=34, 32=38, 33=36, 38=33, 39=34, 36=38, 37=34, 42=37, 43=39, 40=30, 41=41, 46=35, 47=37, 44=36, 45=39, 51=34, 50=42, 49=40, 48=40, 55=36, 54=38, 53=39, 52=41, 59=41, 58=33, 57=41, 56=36, 63=36, 62=34, 61=30, 60=38, 68=31, 69=41, 70=36, 71=28, 64=35, 65=43, 66=37, 67=36, 76=34, 77=33, 78=38, 79=28, 72=35, 73=42, 74=34, 75=35, 85=35, 84=33, 87=38, 86=37, 81=37, 80=34, 83=37, 82=37, 93=41, 92=35, 95=40, 94=35, 89=33, 88=38, 91=39, 90=43, 98=33, 99=40, 96=35, 97=36}
[HELPING] Avg distance between not played chunks: 4.898097727435123
[HELPING] Min distance between not played chunks: 1.0
[HELPING] Max distance between not played chunks: 43.0

