Total chunks: 100
Nodes x chunk: 22
Total nodes: 150
Active nodes: 150
Started playbacks: 150
Not started playbacks node-ids: []
Playbacks time-window: 273
Missing chunks distribution [missed-chunks/nodes]: {0=149, 1=1}
Rejected chunks for ttl expiration [chunk-id/nodes]: 1 {0=3}
Rejected chunks for capacity limit [chunk-id/nodes]: 0 {}
bandwidthUtilUp: 0.012728678832567559
bandwidthUtilDown: 0.008318008979566659
Avg # of unsent chunk for max-retries: 0.0
Min # of unsent chunk for max-retries: 0.0
Max # of unsent chunk for max-retries: 0.0
Avg # of unsent chunk-reqs for max-retries: 0.0
Min # of unsent chunk-reqs for max-retries: 0.0
Max # of unsent chunk-reqs for max-retries: 0.0
Avg % of chunks received by Pastry: 5.433333333333334
Min % of chunks received by Pastry: 0.0
Max % of chunks received by Pastry: 14.0
StD of chunks received by Pastry: 2.95926860786788
Var of chunks received by Pastry: 8.7572706935123
Avg % of chunks received by StarStream: 93.58
Min % of chunks received by StarStream: 85.0
Max % of chunks received by StarStream: 100.0
StD of chunks received by StarStream: 2.986030113533223
Var of chunks received by StarStream: 8.91637583892723
[NONMOJO] Startup Delay: 182.08
[MOJO] Startup Delay: 76.5
[MOJO] Latency: 8.613656903525756
Min of perceived avg chunk delivery-time: 6.55
Max of perceived avg chunk delivery-time: 11.948453608247423
Variance of perceived avg chunk delivery-time: 0.6757963911092261
StD of perceived avg chunk delivery-time: 0.8220683615790271
Avg messages sent per node: 4152.18
Min messages sent per node: 2001.0
Max messages sent per node: 7846.0
Variance of messages sent per node: 2402954.4438926145
StD of messages sent per node: 1550.1465878724548
Nodes with incomplete playbacks: 120
[MOJO] Continuity Index: 63.7
[MOJO] Packet Loss: 36.3
Min % of not played chunks: 0.0
Max % of not played chunks: 99.0
Not played chunks [chunk-id/nodes]: {1=74, 2=71, 3=60, 4=59, 5=56, 6=53, 7=51, 8=49, 9=58, 10=52, 11=48, 12=47, 13=57, 14=52, 15=52, 17=57, 16=57, 19=51, 18=50, 21=52, 20=50, 23=63, 22=58, 25=54, 24=52, 27=62, 26=57, 29=60, 28=46, 31=63, 30=53, 34=59, 35=64, 32=59, 33=53, 38=60, 39=47, 36=47, 37=55, 42=49, 43=58, 40=56, 41=54, 46=56, 47=55, 44=59, 45=51, 51=58, 50=61, 49=54, 48=54, 55=61, 54=52, 53=47, 52=57, 59=59, 58=55, 57=55, 56=59, 63=54, 62=52, 61=55, 60=53, 68=52, 69=50, 70=58, 71=57, 64=53, 65=48, 66=60, 67=53, 76=60, 77=59, 78=59, 79=60, 72=56, 73=52, 74=50, 75=52, 85=51, 84=53, 87=52, 86=54, 81=56, 80=59, 83=47, 82=53, 93=52, 92=49, 95=54, 94=54, 89=59, 88=61, 91=53, 90=59, 98=52, 99=53, 96=56, 97=47}
Avg distance between not played chunks: 5.386267455094035
Min distance between not played chunks: 1.0
Max distance between not played chunks: 75.0

HELPING PEERS LOG

[HELPING] Active nodes: 0
[HELPING] Started playbacks: 0
[HELPING] Not started playbacks node-ids: []
[HELPING] Playbacks time-window: -9223372036854775807
[HELPING] Missing chunks distribution [missed-chunks/nodes]: {}
[HELPING] Rejected chunks for ttl expiration [chunk-id/nodes]: 0 {}
[HELPING] Rejected chunks for capacity limit [chunk-id/nodes]: 0 {}
[HELPING] bandwidthUtilUp: NaN
[HELPING] bandwidthUtilDown: NaN
[HELPING] Avg # of unsent chunk for max-retries: NaN
[HELPING] Min # of unsent chunk for max-retries: Infinity
[HELPING] Max # of unsent chunk for max-retries: -Infinity
[HELPING] Avg # of unsent chunk-reqs for max-retries: NaN
[HELPING] Min # of unsent chunk-reqs for max-retries: Infinity
[HELPING] Max # of unsent chunk-reqs for max-retries: -Infinity
[HELPING] Avg % of chunks received by Pastry: NaN
[HELPING] Min % of chunks received by Pastry: Infinity
[HELPING] Max % of chunks received by Pastry: -Infinity
[HELPING] StD of chunks received by Pastry: 0.0
[HELPING] Var of chunks received by Pastry: 0.0
[HELPING] Avg % of chunks received by StarStream: NaN
[HELPING] Min % of chunks received by StarStream: Infinity
[HELPING] Max % of chunks received by StarStream: -Infinity
[HELPING] StD of chunks received by StarStream: 0.0
[HELPING] Var of chunks received by StarStream: 0.0
[HELPING] Latency: NaN
[HELPING] Min of perceived avg chunk delivery-time: Infinity
[HELPING] Max of perceived avg chunk delivery-time: -Infinity
[HELPING] Variance of perceived avg chunk delivery-time: 0.0
[HELPING] StD of perceived avg chunk delivery-time: 0.0
[HELPING] Avg messages sent per node: NaN
[HELPING] Min messages sent per node: Infinity
[HELPING] Max messages sent per node: -Infinity
[HELPING] Variance of messages sent per node: 0.0
[HELPING] StD of messages sent per node: 0.0
[HELPING] Nodes with incomplete playbacks: 0
[HELPING] Packet Loss: NaN
[HELPING] Min % of not played chunks: Infinity
[HELPING] Max % of not played chunks: -Infinity
[HELPING] Not played chunks [chunk-id/nodes]: {}
[HELPING] Avg distance between not played chunks: NaN
[HELPING] Min distance between not played chunks: Infinity
[HELPING] Max distance between not played chunks: -Infinity

