Total chunks: 100
Nodes x chunk: 22
Total nodes: 150
Active nodes: 150
Started playbacks: 150
Not started playbacks node-ids: []
Playbacks time-window: 268
Missing chunks distribution [missed-chunks/nodes]: {0=149, 1=1}
Rejected chunks for ttl expiration [chunk-id/nodes]: 1 {0=1}
Rejected chunks for capacity limit [chunk-id/nodes]: 0 {}
bandwidthUtilUp: 0.01096958026391512
bandwidthUtilDown: 0.006640886681744023
Avg # of unsent chunk for max-retries: 0.0
Min # of unsent chunk for max-retries: 0.0
Max # of unsent chunk for max-retries: 0.0
Avg # of unsent chunk-reqs for max-retries: 0.0
Min # of unsent chunk-reqs for max-retries: 0.0
Max # of unsent chunk-reqs for max-retries: 0.0
Avg % of chunks received by Pastry: 9.92
Min % of chunks received by Pastry: 0.0
Max % of chunks received by Pastry: 18.0
StD of chunks received by Pastry: 3.7407963118806493
Var of chunks received by Pastry: 13.993557046979868
Avg % of chunks received by StarStream: 89.13333333333334
Min % of chunks received by StarStream: 81.0
Max % of chunks received by StarStream: 100.0
StD of chunks received by StarStream: 3.8524230441321046
Var of chunks received by StarStream: 14.84116331096007
[NONMOJO] Startup Delay: 186.96
[MOJO] Startup Delay: 85.3
[MOJO] Latency: 10.079346124404143
Min of perceived avg chunk delivery-time: 7.68
Max of perceived avg chunk delivery-time: 15.29896907216495
Variance of perceived avg chunk delivery-time: 1.2715426660266917
StD of perceived avg chunk delivery-time: 1.1276270066057712
Avg messages sent per node: 2572.66
Min messages sent per node: 1440.0
Max messages sent per node: 4310.0
Variance of messages sent per node: 383852.62859060476
StD of messages sent per node: 619.5584141875605
Nodes with incomplete playbacks: 121
[MOJO] Continuity Index: 61.14
[MOJO] Packet Loss: 38.86
Min % of not played chunks: 0.0
Max % of not played chunks: 99.0
Not played chunks [chunk-id/nodes]: {1=76, 2=71, 3=60, 4=61, 5=69, 6=56, 7=61, 8=53, 9=58, 10=63, 11=59, 12=61, 13=56, 14=56, 15=59, 17=56, 16=54, 19=59, 18=63, 21=56, 20=62, 23=58, 22=58, 25=55, 24=55, 27=65, 26=53, 29=58, 28=60, 31=53, 30=58, 34=57, 35=58, 32=61, 33=62, 38=65, 39=54, 36=57, 37=53, 42=70, 43=62, 40=63, 41=59, 46=58, 47=52, 44=55, 45=53, 51=53, 50=61, 49=61, 48=48, 55=58, 54=61, 53=60, 52=58, 59=56, 58=57, 57=70, 56=61, 63=56, 62=58, 61=65, 60=59, 68=64, 69=55, 70=59, 71=52, 64=64, 65=57, 66=58, 67=63, 76=60, 77=65, 78=57, 79=58, 72=62, 73=62, 74=64, 75=52, 85=55, 84=57, 87=64, 86=64, 81=55, 80=58, 83=53, 82=58, 93=67, 92=60, 95=58, 94=57, 89=55, 88=52, 91=54, 90=63, 98=63, 99=55, 96=49, 97=57}
Avg distance between not played chunks: 3.1785623059089736
Min distance between not played chunks: 1.0
Max distance between not played chunks: 30.0

HELPING PEERS LOG

[HELPING] Active nodes: 0
[HELPING] Started playbacks: 0
[HELPING] Not started playbacks node-ids: []
[HELPING] Playbacks time-window: -9223372036854775807
[HELPING] Missing chunks distribution [missed-chunks/nodes]: {}
[HELPING] Rejected chunks for ttl expiration [chunk-id/nodes]: 0 {}
[HELPING] Rejected chunks for capacity limit [chunk-id/nodes]: 0 {}
[HELPING] bandwidthUtilUp: NaN
[HELPING] bandwidthUtilDown: NaN
[HELPING] Avg # of unsent chunk for max-retries: NaN
[HELPING] Min # of unsent chunk for max-retries: Infinity
[HELPING] Max # of unsent chunk for max-retries: -Infinity
[HELPING] Avg # of unsent chunk-reqs for max-retries: NaN
[HELPING] Min # of unsent chunk-reqs for max-retries: Infinity
[HELPING] Max # of unsent chunk-reqs for max-retries: -Infinity
[HELPING] Avg % of chunks received by Pastry: NaN
[HELPING] Min % of chunks received by Pastry: Infinity
[HELPING] Max % of chunks received by Pastry: -Infinity
[HELPING] StD of chunks received by Pastry: 0.0
[HELPING] Var of chunks received by Pastry: 0.0
[HELPING] Avg % of chunks received by StarStream: NaN
[HELPING] Min % of chunks received by StarStream: Infinity
[HELPING] Max % of chunks received by StarStream: -Infinity
[HELPING] StD of chunks received by StarStream: 0.0
[HELPING] Var of chunks received by StarStream: 0.0
[HELPING] Latency: NaN
[HELPING] Min of perceived avg chunk delivery-time: Infinity
[HELPING] Max of perceived avg chunk delivery-time: -Infinity
[HELPING] Variance of perceived avg chunk delivery-time: 0.0
[HELPING] StD of perceived avg chunk delivery-time: 0.0
[HELPING] Avg messages sent per node: NaN
[HELPING] Min messages sent per node: Infinity
[HELPING] Max messages sent per node: -Infinity
[HELPING] Variance of messages sent per node: 0.0
[HELPING] StD of messages sent per node: 0.0
[HELPING] Nodes with incomplete playbacks: 0
[HELPING] Packet Loss: NaN
[HELPING] Min % of not played chunks: Infinity
[HELPING] Max % of not played chunks: -Infinity
[HELPING] Not played chunks [chunk-id/nodes]: {}
[HELPING] Avg distance between not played chunks: NaN
[HELPING] Min distance between not played chunks: Infinity
[HELPING] Max distance between not played chunks: -Infinity

