Total chunks: 100
Nodes x chunk: 22
Total nodes: 255
Active nodes: 150
Started playbacks: 150
Not started playbacks node-ids: []
Playbacks time-window: 307
Missing chunks distribution [missed-chunks/nodes]: {0=149, 5=1}
Rejected chunks for ttl expiration [chunk-id/nodes]: 0 {}
Rejected chunks for capacity limit [chunk-id/nodes]: 0 {}
bandwidthUtilUp: 0.015008710389016772
bandwidthUtilDown: 0.009292427175502592
Avg # of unsent chunk for max-retries: 0.1
Min # of unsent chunk for max-retries: 0.0
Max # of unsent chunk for max-retries: 2.0
Avg # of unsent chunk-reqs for max-retries: 0.0
Min # of unsent chunk-reqs for max-retries: 0.0
Max # of unsent chunk-reqs for max-retries: 0.0
Avg % of chunks received by Pastry: 4.62
Min % of chunks received by Pastry: 0.0
Max % of chunks received by Pastry: 13.0
StD of chunks received by Pastry: 2.5767936998937424
Var of chunks received by Pastry: 6.639865771812082
Avg % of chunks received by StarStream: 94.38
Min % of chunks received by StarStream: 86.0
Max % of chunks received by StarStream: 99.0
StD of chunks received by StarStream: 2.576793699893851
Var of chunks received by StarStream: 6.6398657718126435
[NONMOJO] Startup Delay: 372.6933333333333
[MOJO] Startup Delay: 105.2
[MOJO] Latency: 9.313837593984953
Min of perceived avg chunk delivery-time: 8.09
Max of perceived avg chunk delivery-time: 14.08421052631579
Variance of perceived avg chunk delivery-time: 0.5894057083883492
StD of perceived avg chunk delivery-time: 0.7677276264329356
Avg messages sent per node: 7221.626666666667
Min messages sent per node: 4160.0
Max messages sent per node: 10863.0
Variance of messages sent per node: 2637334.0207606205
StD of messages sent per node: 1623.9870753059029
Nodes with incomplete playbacks: 147
[MOJO] Continuity Index: 52.28666666666667
[MOJO] Packet Loss: 47.71333333333333
Min % of not played chunks: 0.0
Max % of not played chunks: 99.0
Not played chunks [chunk-id/nodes]: {1=81, 2=73, 3=71, 4=74, 5=75, 6=71, 7=72, 8=73, 9=72, 10=67, 11=71, 12=74, 13=67, 14=68, 15=61, 17=68, 16=68, 19=69, 18=79, 21=78, 20=73, 23=70, 22=68, 25=68, 24=75, 27=72, 26=66, 29=76, 28=71, 31=70, 30=75, 34=80, 35=66, 32=74, 33=69, 38=68, 39=66, 36=70, 37=75, 42=73, 43=66, 40=83, 41=79, 46=77, 47=75, 44=73, 45=70, 51=79, 50=73, 49=70, 48=70, 55=79, 54=65, 53=74, 52=71, 59=61, 58=71, 57=69, 56=74, 63=79, 62=67, 61=81, 60=80, 68=73, 69=70, 70=79, 71=60, 64=80, 65=68, 66=63, 67=72, 76=77, 77=62, 78=63, 79=72, 72=73, 73=64, 74=87, 75=72, 85=77, 84=72, 87=78, 86=70, 81=69, 80=76, 83=64, 82=78, 93=69, 92=79, 95=77, 94=72, 89=81, 88=71, 91=85, 90=80, 98=59, 99=74, 96=67, 97=81}
Avg distance between not played chunks: 3.679741342381274
Min distance between not played chunks: 1.0
Max distance between not played chunks: 47.0

HELPING PEERS LOG

[HELPING] Active nodes: 105
[HELPING] Started playbacks: 105
[HELPING] Not started playbacks node-ids: []
[HELPING] Playbacks time-window: 263
[HELPING] Missing chunks distribution [missed-chunks/nodes]: {0=104, 1=1}
[HELPING] Rejected chunks for ttl expiration [chunk-id/nodes]: 1 {0=1}
[HELPING] Rejected chunks for capacity limit [chunk-id/nodes]: 0 {}
[HELPING] bandwidthUtilUp: 0.014849731001978441
[HELPING] bandwidthUtilDown: 0.008837735572877587
[HELPING] Avg # of unsent chunk for max-retries: 0.08571428571428572
[HELPING] Min # of unsent chunk for max-retries: 0.0
[HELPING] Max # of unsent chunk for max-retries: 2.0
[HELPING] Avg # of unsent chunk-reqs for max-retries: 0.0
[HELPING] Min # of unsent chunk-reqs for max-retries: 0.0
[HELPING] Max # of unsent chunk-reqs for max-retries: 0.0
[HELPING] Avg % of chunks received by Pastry: 3.4857142857142858
[HELPING] Min % of chunks received by Pastry: 0.0
[HELPING] Max % of chunks received by Pastry: 10.0
[HELPING] StD of chunks received by Pastry: 2.2536905020700777
[HELPING] Var of chunks received by Pastry: 5.079120879120878
[HELPING] Avg % of chunks received by StarStream: 95.55238095238096
[HELPING] Min % of chunks received by StarStream: 89.0
[HELPING] Max % of chunks received by StarStream: 100.0
[HELPING] StD of chunks received by StarStream: 2.320398475316055
[HELPING] Var of chunks received by StarStream: 5.384249084249072
[HELPING] Startup Delay: 381.9047619047619
[HELPING] Latency: 9.394336182196055
[HELPING] Min of perceived avg chunk delivery-time: 7.94
[HELPING] Max of perceived avg chunk delivery-time: 11.958762886597938
[HELPING] Variance of perceived avg chunk delivery-time: 0.4490185509699317
[HELPING] StD of perceived avg chunk delivery-time: 0.6700884650327386
[HELPING] Avg messages sent per node: 7278.1238095238095
[HELPING] Min messages sent per node: 4435.0
[HELPING] Max messages sent per node: 10319.0
[HELPING] Variance of messages sent per node: 2328524.667216113
[HELPING] StD of messages sent per node: 1525.9504144028117
[HELPING] Nodes with incomplete playbacks: 94
[HELPING] Packet Loss: 40.27619047619048
[HELPING] Min % of not played chunks: 0.0
[HELPING] Max % of not played chunks: 99.0
[HELPING] Not played chunks [chunk-id/nodes]: {1=59, 2=49, 3=46, 4=48, 5=43, 6=42, 7=41, 8=46, 9=43, 10=42, 11=45, 12=44, 13=42, 14=44, 15=39, 17=38, 16=31, 19=42, 18=44, 21=52, 20=48, 23=40, 22=40, 25=38, 24=44, 27=41, 26=34, 29=48, 28=43, 31=41, 30=43, 34=43, 35=36, 32=42, 33=41, 38=41, 39=38, 36=44, 37=44, 42=43, 43=40, 40=51, 41=45, 46=43, 47=41, 44=42, 45=38, 51=45, 50=41, 49=42, 48=40, 55=48, 54=37, 53=44, 52=39, 59=43, 58=38, 57=47, 56=43, 63=41, 62=38, 61=42, 60=43, 68=41, 69=45, 70=50, 71=36, 64=49, 65=41, 66=49, 67=35, 76=48, 77=40, 78=48, 79=40, 72=42, 73=43, 74=47, 75=44, 85=49, 84=40, 87=39, 86=46, 81=46, 80=35, 83=37, 82=50, 93=38, 92=42, 95=47, 94=40, 89=48, 88=43, 91=51, 90=47, 98=32, 99=42, 96=39, 97=37}
[HELPING] Avg distance between not played chunks: 3.5345693452912235
[HELPING] Min distance between not played chunks: 1.0
[HELPING] Max distance between not played chunks: 18.4

