Total chunks: 100
Nodes x chunk: 22
Total nodes: 270
Active nodes: 150
Started playbacks: 150
Not started playbacks node-ids: []
Playbacks time-window: 112
Missing chunks distribution [missed-chunks/nodes]: {0=150}
Rejected chunks for ttl expiration [chunk-id/nodes]: 0 {}
Rejected chunks for capacity limit [chunk-id/nodes]: 0 {}
bandwidthUtilUp: 0.014939820324865866
bandwidthUtilDown: 0.009218160557989132
Avg # of unsent chunk for max-retries: 0.03333333333333333
Min # of unsent chunk for max-retries: 0.0
Max # of unsent chunk for max-retries: 2.0
Avg # of unsent chunk-reqs for max-retries: 0.0
Min # of unsent chunk-reqs for max-retries: 0.0
Max # of unsent chunk-reqs for max-retries: 0.0
Avg % of chunks received by Pastry: 5.153333333333333
Min % of chunks received by Pastry: 0.0
Max % of chunks received by Pastry: 15.0
StD of chunks received by Pastry: 2.911990178708516
Var of chunks received by Pastry: 8.479686800894854
Avg % of chunks received by StarStream: 93.85333333333334
Min % of chunks received by StarStream: 84.0
Max % of chunks received by StarStream: 100.0
StD of chunks received by StarStream: 2.924983030218965
Var of chunks received by StarStream: 8.55552572706892
[NONMOJO] Startup Delay: 401.3666666666667
[MOJO] Startup Delay: 107.5
[MOJO] Latency: 9.422413468013465
Min of perceived avg chunk delivery-time: 7.81
Max of perceived avg chunk delivery-time: 10.68
Variance of perceived avg chunk delivery-time: 0.33862330157341736
StD of perceived avg chunk delivery-time: 0.5819134828936492
Avg messages sent per node: 7181.433333333333
Min messages sent per node: 4490.0
Max messages sent per node: 10420.0
Variance of messages sent per node: 2320317.4284116337
StD of messages sent per node: 1523.2588185898132
Nodes with incomplete playbacks: 146
[MOJO] Continuity Index: 52.39333333333333
[MOJO] Packet Loss: 47.60666666666667
Min % of not played chunks: 0.0
Max % of not played chunks: 99.0
Not played chunks [chunk-id/nodes]: {1=78, 2=71, 3=79, 4=76, 5=79, 6=73, 7=68, 8=72, 9=68, 10=80, 11=71, 12=63, 13=74, 14=66, 15=62, 17=72, 16=68, 19=75, 18=81, 21=69, 20=70, 23=71, 22=65, 25=75, 24=75, 27=69, 26=67, 29=72, 28=77, 31=68, 30=70, 34=69, 35=69, 32=80, 33=68, 38=73, 39=77, 36=71, 37=83, 42=94, 43=70, 40=80, 41=74, 46=68, 47=77, 44=70, 45=75, 51=72, 50=81, 49=66, 48=78, 55=76, 54=69, 53=85, 52=68, 59=73, 58=69, 57=76, 56=74, 63=63, 62=62, 61=71, 60=81, 68=72, 69=81, 70=77, 71=71, 64=71, 65=77, 66=77, 67=65, 76=68, 77=69, 78=81, 79=69, 72=70, 73=69, 74=72, 75=72, 85=73, 84=75, 87=70, 86=75, 81=70, 80=66, 83=69, 82=59, 93=75, 92=63, 95=72, 94=66, 89=68, 88=71, 91=71, 90=69, 98=69, 99=73, 96=75, 97=65}
Avg distance between not played chunks: 3.963270033064532
Min distance between not played chunks: 1.0
Max distance between not played chunks: 38.0

HELPING PEERS LOG

[HELPING] Active nodes: 120
[HELPING] Started playbacks: 120
[HELPING] Not started playbacks node-ids: []
[HELPING] Playbacks time-window: 357
[HELPING] Missing chunks distribution [missed-chunks/nodes]: {0=119, 1=1}
[HELPING] Rejected chunks for ttl expiration [chunk-id/nodes]: 1 {0=1}
[HELPING] Rejected chunks for capacity limit [chunk-id/nodes]: 0 {}
[HELPING] bandwidthUtilUp: 0.014729665388523251
[HELPING] bandwidthUtilDown: 0.008780506664596953
[HELPING] Avg # of unsent chunk for max-retries: 0.06666666666666667
[HELPING] Min # of unsent chunk for max-retries: 0.0
[HELPING] Max # of unsent chunk for max-retries: 2.0
[HELPING] Avg # of unsent chunk-reqs for max-retries: 0.0
[HELPING] Min # of unsent chunk-reqs for max-retries: 0.0
[HELPING] Max # of unsent chunk-reqs for max-retries: 0.0
[HELPING] Avg % of chunks received by Pastry: 4.008333333333334
[HELPING] Min % of chunks received by Pastry: 0.0
[HELPING] Max % of chunks received by Pastry: 10.0
[HELPING] StD of chunks received by Pastry: 2.1556875458930045
[HELPING] Var of chunks received by Pastry: 4.646988795518204
[HELPING] Avg % of chunks received by StarStream: 95.01666666666667
[HELPING] Min % of chunks received by StarStream: 89.0
[HELPING] Max % of chunks received by StarStream: 100.0
[HELPING] StD of chunks received by StarStream: 2.2076388898065837
[HELPING] Var of chunks received by StarStream: 4.8736694677864465
[HELPING] Startup Delay: 404.46666666666664
[HELPING] Latency: 9.608222161477318
[HELPING] Min of perceived avg chunk delivery-time: 8.18
[HELPING] Max of perceived avg chunk delivery-time: 15.154639175257731
[HELPING] Variance of perceived avg chunk delivery-time: 0.5544133765897784
[HELPING] StD of perceived avg chunk delivery-time: 0.7445894013412885
[HELPING] Avg messages sent per node: 7187.391666666666
[HELPING] Min messages sent per node: 4483.0
[HELPING] Max messages sent per node: 11822.0
[HELPING] Variance of messages sent per node: 2448047.7528711576
[HELPING] StD of messages sent per node: 1564.6238374993388
[HELPING] Nodes with incomplete playbacks: 115
[HELPING] Packet Loss: 45.083333333333336
[HELPING] Min % of not played chunks: 0.0
[HELPING] Max % of not played chunks: 99.0
[HELPING] Not played chunks [chunk-id/nodes]: {1=64, 2=57, 3=62, 4=52, 5=57, 6=65, 7=52, 8=37, 9=54, 10=60, 11=51, 12=46, 13=48, 14=56, 15=49, 17=54, 16=59, 19=51, 18=64, 21=52, 20=53, 23=48, 22=45, 25=55, 24=58, 27=57, 26=52, 29=66, 28=51, 31=51, 30=52, 34=49, 35=50, 32=62, 33=54, 38=55, 39=58, 36=55, 37=60, 42=67, 43=58, 40=60, 41=54, 46=48, 47=53, 44=55, 45=61, 51=54, 50=67, 49=52, 48=47, 55=52, 54=43, 53=54, 52=56, 59=48, 58=51, 57=50, 56=57, 63=56, 62=56, 61=54, 60=57, 68=62, 69=54, 70=59, 71=50, 64=60, 65=58, 66=61, 67=47, 76=56, 77=51, 78=59, 79=51, 72=60, 73=49, 74=41, 75=56, 85=59, 84=61, 87=56, 86=49, 81=59, 80=50, 83=60, 82=52, 93=56, 92=60, 95=50, 94=59, 89=47, 88=62, 91=55, 90=41, 98=58, 99=57, 96=55, 97=59}
[HELPING] Avg distance between not played chunks: 4.32177526586243
[HELPING] Min distance between not played chunks: 1.0
[HELPING] Max distance between not played chunks: 41.0

