Total chunks: 100
Nodes x chunk: 22
Total nodes: 285
Active nodes: 150
Started playbacks: 150
Not started playbacks node-ids: []
Playbacks time-window: 123
Missing chunks distribution [missed-chunks/nodes]: {0=150}
Rejected chunks for ttl expiration [chunk-id/nodes]: 0 {}
Rejected chunks for capacity limit [chunk-id/nodes]: 0 {}
bandwidthUtilUp: 0.014986756491231334
bandwidthUtilDown: 0.009296488048042069
Avg # of unsent chunk for max-retries: 0.1
Min # of unsent chunk for max-retries: 0.0
Max # of unsent chunk for max-retries: 3.0
Avg # of unsent chunk-reqs for max-retries: 0.0
Min # of unsent chunk-reqs for max-retries: 0.0
Max # of unsent chunk-reqs for max-retries: 0.0
Avg % of chunks received by Pastry: 5.74
Min % of chunks received by Pastry: 0.0
Max % of chunks received by Pastry: 13.0
StD of chunks received by Pastry: 2.7427268065869175
Var of chunks received by Pastry: 7.522550335570471
Avg % of chunks received by StarStream: 93.26
Min % of chunks received by StarStream: 86.0
Max % of chunks received by StarStream: 99.0
StD of chunks received by StarStream: 2.742726806586687
Var of chunks received by StarStream: 7.522550335569205
[NONMOJO] Startup Delay: 430.0466666666667
[MOJO] Startup Delay: 62.3
[MOJO] Latency: 9.598944217687073
Min of perceived avg chunk delivery-time: 8.0
Max of perceived avg chunk delivery-time: 11.581632653061224
Variance of perceived avg chunk delivery-time: 0.43935101188078696
StD of perceived avg chunk delivery-time: 0.6628355843501366
Avg messages sent per node: 7168.006666666667
Min messages sent per node: 4440.0
Max messages sent per node: 10490.0
Variance of messages sent per node: 2095550.7717673362
StD of messages sent per node: 1447.6017310598022
Nodes with incomplete playbacks: 150
[MOJO] Continuity Index: 44.96
[MOJO] Packet Loss: 55.04
Min % of not played chunks: 1.0
Max % of not played chunks: 99.0
Not played chunks [chunk-id/nodes]: {1=91, 2=89, 3=89, 4=91, 5=85, 6=92, 7=84, 8=74, 9=97, 10=80, 11=83, 12=79, 13=84, 14=87, 15=84, 17=83, 16=89, 19=76, 18=87, 21=73, 20=91, 23=88, 22=91, 25=86, 24=91, 27=86, 26=85, 29=91, 28=73, 31=87, 30=81, 34=81, 35=77, 32=81, 33=84, 38=90, 39=90, 36=86, 37=77, 42=82, 43=79, 40=75, 41=83, 46=80, 47=87, 44=75, 45=85, 51=87, 50=77, 49=86, 48=76, 55=92, 54=92, 53=84, 52=76, 59=85, 58=89, 57=87, 56=96, 63=84, 62=79, 61=89, 60=76, 68=73, 69=80, 70=83, 71=84, 64=71, 65=90, 66=83, 67=86, 76=79, 77=90, 78=79, 79=69, 72=89, 73=84, 74=85, 75=72, 85=82, 84=85, 87=87, 86=74, 81=91, 80=92, 83=87, 82=92, 93=84, 92=76, 95=81, 94=84, 89=80, 88=76, 91=83, 90=75, 98=79, 99=73, 96=88, 97=76}
Avg distance between not played chunks: 2.9557063572076445
Min distance between not played chunks: 1.0
Max distance between not played chunks: 28.5

HELPING PEERS LOG

[HELPING] Active nodes: 135
[HELPING] Started playbacks: 135
[HELPING] Not started playbacks node-ids: []
[HELPING] Playbacks time-window: 343
[HELPING] Missing chunks distribution [missed-chunks/nodes]: {0=133, 1=1, 2=1}
[HELPING] Rejected chunks for ttl expiration [chunk-id/nodes]: 1 {0=2}
[HELPING] Rejected chunks for capacity limit [chunk-id/nodes]: 0 {}
[HELPING] bandwidthUtilUp: 0.014856143107386813
[HELPING] bandwidthUtilDown: 0.008780562244006977
[HELPING] Avg # of unsent chunk for max-retries: 0.044444444444444446
[HELPING] Min # of unsent chunk for max-retries: 0.0
[HELPING] Max # of unsent chunk for max-retries: 2.0
[HELPING] Avg # of unsent chunk-reqs for max-retries: 0.0
[HELPING] Min # of unsent chunk-reqs for max-retries: 0.0
[HELPING] Max # of unsent chunk-reqs for max-retries: 0.0
[HELPING] Avg % of chunks received by Pastry: 4.770370370370371
[HELPING] Min % of chunks received by Pastry: 0.0
[HELPING] Max % of chunks received by Pastry: 10.0
[HELPING] StD of chunks received by Pastry: 2.503551926735653
[HELPING] Var of chunks received by Pastry: 6.2677722498618005
[HELPING] Avg % of chunks received by StarStream: 94.24444444444444
[HELPING] Min % of chunks received by StarStream: 89.0
[HELPING] Max % of chunks received by StarStream: 100.0
[HELPING] StD of chunks received by StarStream: 2.5347338364987144
[HELPING] Var of chunks received by StarStream: 6.42487562189149
[HELPING] Startup Delay: 436.68148148148146
[HELPING] Latency: 9.824759545490359
[HELPING] Min of perceived avg chunk delivery-time: 8.42
[HELPING] Max of perceived avg chunk delivery-time: 14.164948453608247
[HELPING] Variance of perceived avg chunk delivery-time: 0.6577586629681499
[HELPING] StD of perceived avg chunk delivery-time: 0.811023219746605
[HELPING] Avg messages sent per node: 7215.896296296296
[HELPING] Min messages sent per node: 4401.0
[HELPING] Max messages sent per node: 10838.0
[HELPING] Variance of messages sent per node: 2406167.7802100657
[HELPING] StD of messages sent per node: 1551.1827036845355
[HELPING] Nodes with incomplete playbacks: 132
[HELPING] Packet Loss: 49.05925925925926
[HELPING] Min % of not played chunks: 0.0
[HELPING] Max % of not played chunks: 99.0
[HELPING] Not played chunks [chunk-id/nodes]: {1=73, 2=79, 3=72, 4=67, 5=66, 6=73, 7=64, 8=62, 9=67, 10=73, 11=55, 12=59, 13=69, 14=60, 15=67, 17=68, 16=59, 19=63, 18=68, 21=63, 20=62, 23=80, 22=60, 25=71, 24=66, 27=73, 26=66, 29=62, 28=64, 31=71, 30=63, 34=61, 35=70, 32=75, 33=74, 38=54, 39=71, 36=75, 37=55, 42=72, 43=69, 40=69, 41=72, 46=61, 47=71, 44=69, 45=65, 51=74, 50=68, 49=63, 48=66, 55=74, 54=66, 53=69, 52=67, 59=75, 58=66, 57=64, 56=72, 63=66, 62=66, 61=62, 60=65, 68=64, 69=63, 70=70, 71=77, 64=64, 65=63, 66=68, 67=66, 76=71, 77=68, 78=58, 79=67, 72=72, 73=63, 74=61, 75=61, 85=59, 84=66, 87=72, 86=59, 81=76, 80=79, 83=78, 82=70, 93=71, 92=66, 95=70, 94=60, 89=75, 88=58, 91=58, 90=63, 98=66, 99=62, 96=63, 97=65}
[HELPING] Avg distance between not played chunks: 3.113145429708438
[HELPING] Min distance between not played chunks: 1.0
[HELPING] Max distance between not played chunks: 22.5

