Total chunks: 100
Nodes x chunk: 22
Total nodes: 150
Active nodes: 150
Started playbacks: 150
Not started playbacks node-ids: []
Playbacks time-window: 379
Missing chunks distribution [missed-chunks/nodes]: {0=148, 4=1, 5=1}
Rejected chunks for ttl expiration [chunk-id/nodes]: 5 {0=8, 3=2, 4=2, 5=2, 6=1}
Rejected chunks for capacity limit [chunk-id/nodes]: 0 {}
bandwidthUtilUp: 0.011622574704146217
bandwidthUtilDown: 0.0072698419714101285
Avg # of unsent chunk for max-retries: 0.0
Min # of unsent chunk for max-retries: 0.0
Max # of unsent chunk for max-retries: 0.0
Avg # of unsent chunk-reqs for max-retries: 0.0
Min # of unsent chunk-reqs for max-retries: 0.0
Max # of unsent chunk-reqs for max-retries: 0.0
Avg % of chunks received by Pastry: 8.44
Min % of chunks received by Pastry: 0.0
Max % of chunks received by Pastry: 15.0
StD of chunks received by Pastry: 3.066335941703479
Var of chunks received by Pastry: 9.40241610738256
Avg % of chunks received by StarStream: 90.59333333333333
Min % of chunks received by StarStream: 84.0
Max % of chunks received by StarStream: 100.0
StD of chunks received by StarStream: 3.0916572447501194
Var of chunks received by StarStream: 9.5583445190159
[NONMOJO] Startup Delay: 184.71333333333334
[MOJO] Startup Delay: 150.0
[MOJO] Latency: 9.354128355758897
Min of perceived avg chunk delivery-time: 7.27
Max of perceived avg chunk delivery-time: 12.28
Variance of perceived avg chunk delivery-time: 0.8463145214616005
StD of perceived avg chunk delivery-time: 0.9199535430996505
Avg messages sent per node: 2969.96
Min messages sent per node: 1694.0
Max messages sent per node: 6703.0
Variance of messages sent per node: 951558.4279194644
StD of messages sent per node: 975.4785635366184
Nodes with incomplete playbacks: 118
[MOJO] Continuity Index: 65.99333333333334
[MOJO] Packet Loss: 34.00666666666667
Min % of not played chunks: 0.0
Max % of not played chunks: 99.0
Not played chunks [chunk-id/nodes]: {1=68, 2=57, 3=54, 4=58, 5=57, 6=60, 7=51, 8=47, 9=56, 10=50, 11=52, 12=52, 13=48, 14=45, 15=51, 17=58, 16=47, 19=46, 18=54, 21=49, 20=51, 23=58, 22=56, 25=46, 24=50, 27=44, 26=54, 29=45, 28=49, 31=56, 30=48, 34=59, 35=49, 32=54, 33=47, 38=46, 39=40, 36=56, 37=52, 42=54, 43=56, 40=49, 41=49, 46=58, 47=60, 44=55, 45=53, 51=53, 50=51, 49=52, 48=51, 55=54, 54=48, 53=46, 52=54, 59=50, 58=46, 57=48, 56=57, 63=54, 62=55, 61=49, 60=53, 68=52, 69=49, 70=56, 71=55, 64=44, 65=51, 66=52, 67=51, 76=48, 77=50, 78=56, 79=49, 72=51, 73=45, 74=49, 75=50, 85=51, 84=50, 87=53, 86=51, 81=54, 80=50, 83=46, 82=57, 93=48, 92=54, 95=49, 94=56, 89=51, 88=50, 91=48, 90=53, 98=48, 99=45, 96=56, 97=48}
Avg distance between not played chunks: 5.216313486032301
Min distance between not played chunks: 1.0
Max distance between not played chunks: 39.0

HELPING PEERS LOG

[HELPING] Active nodes: 0
[HELPING] Started playbacks: 0
[HELPING] Not started playbacks node-ids: []
[HELPING] Playbacks time-window: -9223372036854775807
[HELPING] Missing chunks distribution [missed-chunks/nodes]: {}
[HELPING] Rejected chunks for ttl expiration [chunk-id/nodes]: 0 {}
[HELPING] Rejected chunks for capacity limit [chunk-id/nodes]: 0 {}
[HELPING] bandwidthUtilUp: NaN
[HELPING] bandwidthUtilDown: NaN
[HELPING] Avg # of unsent chunk for max-retries: NaN
[HELPING] Min # of unsent chunk for max-retries: Infinity
[HELPING] Max # of unsent chunk for max-retries: -Infinity
[HELPING] Avg # of unsent chunk-reqs for max-retries: NaN
[HELPING] Min # of unsent chunk-reqs for max-retries: Infinity
[HELPING] Max # of unsent chunk-reqs for max-retries: -Infinity
[HELPING] Avg % of chunks received by Pastry: NaN
[HELPING] Min % of chunks received by Pastry: Infinity
[HELPING] Max % of chunks received by Pastry: -Infinity
[HELPING] StD of chunks received by Pastry: 0.0
[HELPING] Var of chunks received by Pastry: 0.0
[HELPING] Avg % of chunks received by StarStream: NaN
[HELPING] Min % of chunks received by StarStream: Infinity
[HELPING] Max % of chunks received by StarStream: -Infinity
[HELPING] StD of chunks received by StarStream: 0.0
[HELPING] Var of chunks received by StarStream: 0.0
[HELPING] Latency: NaN
[HELPING] Min of perceived avg chunk delivery-time: Infinity
[HELPING] Max of perceived avg chunk delivery-time: -Infinity
[HELPING] Variance of perceived avg chunk delivery-time: 0.0
[HELPING] StD of perceived avg chunk delivery-time: 0.0
[HELPING] Avg messages sent per node: NaN
[HELPING] Min messages sent per node: Infinity
[HELPING] Max messages sent per node: -Infinity
[HELPING] Variance of messages sent per node: 0.0
[HELPING] StD of messages sent per node: 0.0
[HELPING] Nodes with incomplete playbacks: 0
[HELPING] Packet Loss: NaN
[HELPING] Min % of not played chunks: Infinity
[HELPING] Max % of not played chunks: -Infinity
[HELPING] Not played chunks [chunk-id/nodes]: {}
[HELPING] Avg distance between not played chunks: NaN
[HELPING] Min distance between not played chunks: Infinity
[HELPING] Max distance between not played chunks: -Infinity

