Total chunks: 100
Nodes x chunk: 22
Total nodes: 300
Active nodes: 150
Started playbacks: 150
Not started playbacks node-ids: []
Playbacks time-window: 180
Missing chunks distribution [missed-chunks/nodes]: {0=149, 2=1}
Rejected chunks for ttl expiration [chunk-id/nodes]: 0 {}
Rejected chunks for capacity limit [chunk-id/nodes]: 0 {}
bandwidthUtilUp: 0.01490794288169454
bandwidthUtilDown: 0.009162199394033385
Avg # of unsent chunk for max-retries: 0.09333333333333334
Min # of unsent chunk for max-retries: 0.0
Max # of unsent chunk for max-retries: 1.0
Avg # of unsent chunk-reqs for max-retries: 0.0
Min # of unsent chunk-reqs for max-retries: 0.0
Max # of unsent chunk-reqs for max-retries: 0.0
Avg % of chunks received by Pastry: 5.293333333333333
Min % of chunks received by Pastry: 0.0
Max % of chunks received by Pastry: 13.0
StD of chunks received by Pastry: 2.630606296171781
Var of chunks received by Pastry: 6.9200894854586155
Avg % of chunks received by StarStream: 93.70666666666666
Min % of chunks received by StarStream: 86.0
Max % of chunks received by StarStream: 99.0
StD of chunks received by StarStream: 2.630606296171995
Var of chunks received by StarStream: 6.920089485459743
[NONMOJO] Startup Delay: 462.6666666666667
[MOJO] Startup Delay: 93.3
[MOJO] Latency: 9.979432446918159
Min of perceived avg chunk delivery-time: 8.5
Max of perceived avg chunk delivery-time: 12.591836734693878
Variance of perceived avg chunk delivery-time: 0.4254043757984095
StD of perceived avg chunk delivery-time: 0.6522303088621454
Avg messages sent per node: 7168.54
Min messages sent per node: 4002.0
Max messages sent per node: 11193.0
Variance of messages sent per node: 2439943.1896644277
StD of messages sent per node: 1562.0317505301957
Nodes with incomplete playbacks: 145
[MOJO] Continuity Index: 54.84
[MOJO] Packet Loss: 45.16
Min % of not played chunks: 0.0
Max % of not played chunks: 99.0
Not played chunks [chunk-id/nodes]: {1=66, 2=74, 3=69, 4=71, 5=68, 6=75, 7=60, 8=60, 9=66, 10=51, 11=71, 12=75, 13=67, 14=57, 15=78, 17=73, 16=65, 19=65, 18=72, 21=66, 20=76, 23=80, 22=65, 25=71, 24=61, 27=73, 26=66, 29=59, 28=57, 31=59, 30=67, 34=71, 35=70, 32=79, 33=69, 38=70, 39=60, 36=72, 37=65, 42=61, 43=67, 40=66, 41=74, 46=73, 47=72, 44=77, 45=71, 51=63, 50=62, 49=58, 48=64, 55=61, 54=75, 53=79, 52=72, 59=66, 58=61, 57=79, 56=70, 63=63, 62=71, 61=68, 60=69, 68=76, 69=68, 70=68, 71=63, 64=70, 65=68, 66=73, 67=62, 76=71, 77=67, 78=63, 79=62, 72=79, 73=69, 74=70, 75=71, 85=65, 84=71, 87=76, 86=68, 81=80, 80=71, 83=74, 82=72, 93=61, 92=76, 95=69, 94=69, 89=69, 88=66, 91=59, 90=62, 98=61, 99=74, 96=74, 97=76}
Avg distance between not played chunks: 5.134046157811354
Min distance between not played chunks: 1.0
Max distance between not played chunks: 53.0

HELPING PEERS LOG

[HELPING] Active nodes: 150
[HELPING] Started playbacks: 150
[HELPING] Not started playbacks node-ids: []
[HELPING] Playbacks time-window: 412
[HELPING] Missing chunks distribution [missed-chunks/nodes]: {0=148, 2=1, 4=1}
[HELPING] Rejected chunks for ttl expiration [chunk-id/nodes]: 1 {0=1}
[HELPING] Rejected chunks for capacity limit [chunk-id/nodes]: 0 {}
[HELPING] bandwidthUtilUp: 0.014880275559130055
[HELPING] bandwidthUtilDown: 0.008759343096858095
[HELPING] Avg # of unsent chunk for max-retries: 0.09333333333333334
[HELPING] Min # of unsent chunk for max-retries: 0.0
[HELPING] Max # of unsent chunk for max-retries: 2.0
[HELPING] Avg # of unsent chunk-reqs for max-retries: 0.0
[HELPING] Min # of unsent chunk-reqs for max-retries: 0.0
[HELPING] Max # of unsent chunk-reqs for max-retries: 0.0
[HELPING] Avg % of chunks received by Pastry: 4.64
[HELPING] Min % of chunks received by Pastry: 0.0
[HELPING] Max % of chunks received by Pastry: 11.0
[HELPING] StD of chunks received by Pastry: 2.2681926696330676
[HELPING] Var of chunks received by Pastry: 5.144697986577183
[HELPING] Avg % of chunks received by StarStream: 94.38666666666667
[HELPING] Min % of chunks received by StarStream: 88.0
[HELPING] Max % of chunks received by StarStream: 100.0
[HELPING] StD of chunks received by StarStream: 2.3280797360207726
[HELPING] Var of chunks received by StarStream: 5.4199552572705505
[HELPING] Startup Delay: 469.14666666666665
[HELPING] Latency: 10.1186605940356
[HELPING] Min of perceived avg chunk delivery-time: 8.49
[HELPING] Max of perceived avg chunk delivery-time: 17.291666666666668
[HELPING] Variance of perceived avg chunk delivery-time: 0.762969648351655
[HELPING] StD of perceived avg chunk delivery-time: 0.8734813382961625
[HELPING] Avg messages sent per node: 7245.106666666667
[HELPING] Min messages sent per node: 4594.0
[HELPING] Max messages sent per node: 12210.0
[HELPING] Variance of messages sent per node: 2206659.961700227
[HELPING] StD of messages sent per node: 1485.483073515221
[HELPING] Nodes with incomplete playbacks: 143
[HELPING] Packet Loss: 46.266666666666666
[HELPING] Min % of not played chunks: 0.0
[HELPING] Max % of not played chunks: 99.0
[HELPING] Not played chunks [chunk-id/nodes]: {1=79, 2=78, 3=76, 4=72, 5=69, 6=77, 7=64, 8=69, 9=74, 10=76, 11=77, 12=80, 13=75, 14=71, 15=69, 17=76, 16=69, 19=69, 18=78, 21=65, 20=79, 23=74, 22=66, 25=79, 24=62, 27=70, 26=54, 29=66, 28=64, 31=69, 30=71, 34=72, 35=74, 32=69, 33=75, 38=69, 39=75, 36=71, 37=54, 42=71, 43=80, 40=71, 41=79, 46=76, 47=71, 44=84, 45=62, 51=73, 50=60, 49=67, 48=63, 55=62, 54=60, 53=74, 52=68, 59=67, 58=54, 57=76, 56=63, 63=61, 62=74, 61=70, 60=68, 68=73, 69=66, 70=62, 71=64, 64=67, 65=61, 66=70, 67=64, 76=70, 77=58, 78=80, 79=62, 72=79, 73=68, 74=79, 75=72, 85=78, 84=71, 87=73, 86=72, 81=80, 80=66, 83=81, 82=67, 93=75, 92=75, 95=70, 94=74, 89=70, 88=62, 91=58, 90=68, 98=57, 99=72, 96=69, 97=77}
[HELPING] Avg distance between not played chunks: 3.8404886382049783
[HELPING] Min distance between not played chunks: 1.0
[HELPING] Max distance between not played chunks: 38.5

