Total chunks: 100
Nodes x chunk: 22
Total nodes: 225
Active nodes: 150
Started playbacks: 150
Not started playbacks node-ids: []
Playbacks time-window: 160
Missing chunks distribution [missed-chunks/nodes]: {0=150}
Rejected chunks for ttl expiration [chunk-id/nodes]: 0 {}
Rejected chunks for capacity limit [chunk-id/nodes]: 0 {}
bandwidthUtilUp: 0.014826475097137465
bandwidthUtilDown: 0.00910346080774947
Avg # of unsent chunk for max-retries: 0.05333333333333334
Min # of unsent chunk for max-retries: 0.0
Max # of unsent chunk for max-retries: 1.0
Avg # of unsent chunk-reqs for max-retries: 0.0
Min # of unsent chunk-reqs for max-retries: 0.0
Max # of unsent chunk-reqs for max-retries: 0.0
Avg % of chunks received by Pastry: 5.086666666666667
Min % of chunks received by Pastry: 0.0
Max % of chunks received by Pastry: 13.0
StD of chunks received by Pastry: 2.721864409058162
Var of chunks received by Pastry: 7.4085458612975374
Avg % of chunks received by StarStream: 93.92666666666666
Min % of chunks received by StarStream: 86.0
Max % of chunks received by StarStream: 100.0
StD of chunks received by StarStream: 2.7492443541847646
Var of chunks received by StarStream: 7.558344519016804
[NONMOJO] Startup Delay: 311.6066666666667
[MOJO] Startup Delay: 66.6
[MOJO] Latency: 8.824501701353244
Min of perceived avg chunk delivery-time: 7.38
Max of perceived avg chunk delivery-time: 10.44
Variance of perceived avg chunk delivery-time: 0.35181762447721887
StD of perceived avg chunk delivery-time: 0.5931421621139563
Avg messages sent per node: 7086.666666666667
Min messages sent per node: 4244.0
Max messages sent per node: 10735.0
Variance of messages sent per node: 2193407.4049216965
StD of messages sent per node: 1481.0156666699027
Nodes with incomplete playbacks: 145
[MOJO] Continuity Index: 49.14
[MOJO] Packet Loss: 50.86
Min % of not played chunks: 0.0
Max % of not played chunks: 99.0
Not played chunks [chunk-id/nodes]: {1=79, 2=77, 3=65, 4=83, 5=78, 6=73, 7=89, 8=70, 9=78, 10=72, 11=78, 12=79, 13=78, 14=79, 15=72, 17=80, 16=66, 19=73, 18=75, 21=80, 20=78, 23=81, 22=81, 25=70, 24=75, 27=74, 26=71, 29=85, 28=76, 31=82, 30=72, 34=76, 35=76, 32=69, 33=80, 38=71, 39=81, 36=90, 37=81, 42=76, 43=83, 40=75, 41=71, 46=82, 47=72, 44=71, 45=79, 51=71, 50=81, 49=65, 48=79, 55=75, 54=77, 53=76, 52=71, 59=71, 58=84, 57=78, 56=77, 63=75, 62=80, 61=78, 60=72, 68=75, 69=74, 70=83, 71=71, 64=88, 65=73, 66=80, 67=69, 76=78, 77=75, 78=76, 79=70, 72=80, 73=86, 74=89, 75=77, 85=75, 84=78, 87=86, 86=74, 81=80, 80=80, 83=82, 82=81, 93=78, 92=72, 95=84, 94=75, 89=74, 88=94, 91=74, 90=83, 98=78, 99=73, 96=84, 97=68}
Avg distance between not played chunks: 3.1811015605821154
Min distance between not played chunks: 1.0
Max distance between not played chunks: 70.0

HELPING PEERS LOG

[HELPING] Active nodes: 75
[HELPING] Started playbacks: 75
[HELPING] Not started playbacks node-ids: []
[HELPING] Playbacks time-window: 134
[HELPING] Missing chunks distribution [missed-chunks/nodes]: {0=75}
[HELPING] Rejected chunks for ttl expiration [chunk-id/nodes]: 0 {}
[HELPING] Rejected chunks for capacity limit [chunk-id/nodes]: 0 {}
[HELPING] bandwidthUtilUp: 0.014735900348573345
[HELPING] bandwidthUtilDown: 0.008795098640464204
[HELPING] Avg # of unsent chunk for max-retries: 0.10666666666666667
[HELPING] Min # of unsent chunk for max-retries: 0.0
[HELPING] Max # of unsent chunk for max-retries: 2.0
[HELPING] Avg # of unsent chunk-reqs for max-retries: 0.0
[HELPING] Min # of unsent chunk-reqs for max-retries: 0.0
[HELPING] Max # of unsent chunk-reqs for max-retries: 0.0
[HELPING] Avg % of chunks received by Pastry: 3.96
[HELPING] Min % of chunks received by Pastry: 0.0
[HELPING] Max % of chunks received by Pastry: 11.0
[HELPING] StD of chunks received by Pastry: 2.495617780852691
[HELPING] Var of chunks received by Pastry: 6.228108108108111
[HELPING] Avg % of chunks received by StarStream: 95.04
[HELPING] Min % of chunks received by StarStream: 88.0
[HELPING] Max % of chunks received by StarStream: 99.0
[HELPING] StD of chunks received by StarStream: 2.495617780852191
[HELPING] Var of chunks received by StarStream: 6.228108108105615
[HELPING] Startup Delay: 319.70666666666665
[HELPING] Latency: 8.917274129045559
[HELPING] Min of perceived avg chunk delivery-time: 7.67
[HELPING] Max of perceived avg chunk delivery-time: 10.68
[HELPING] Variance of perceived avg chunk delivery-time: 0.340627115773158
[HELPING] StD of perceived avg chunk delivery-time: 0.5836326890889149
[HELPING] Avg messages sent per node: 7320.386666666666
[HELPING] Min messages sent per node: 4286.0
[HELPING] Max messages sent per node: 10548.0
[HELPING] Variance of messages sent per node: 2562716.834954963
[HELPING] StD of messages sent per node: 1600.848785786766
[HELPING] Nodes with incomplete playbacks: 67
[HELPING] Packet Loss: 38.8
[HELPING] Min % of not played chunks: 0.0
[HELPING] Max % of not played chunks: 99.0
[HELPING] Not played chunks [chunk-id/nodes]: {1=33, 2=33, 3=30, 4=27, 5=30, 6=29, 7=23, 8=34, 9=26, 10=30, 11=32, 12=32, 13=26, 14=25, 15=27, 17=29, 16=30, 19=22, 18=26, 21=29, 20=32, 23=34, 22=24, 25=28, 24=26, 27=37, 26=28, 29=29, 28=32, 31=28, 30=23, 34=28, 35=29, 32=25, 33=32, 38=27, 39=35, 36=30, 37=27, 42=34, 43=24, 40=32, 41=31, 46=35, 47=30, 44=29, 45=30, 51=29, 50=36, 49=33, 48=25, 55=20, 54=26, 53=25, 52=33, 59=32, 58=29, 57=29, 56=28, 63=33, 62=25, 61=29, 60=28, 68=26, 69=34, 70=33, 71=27, 64=32, 65=33, 66=33, 67=30, 76=25, 77=33, 78=25, 79=29, 72=33, 73=30, 74=28, 75=32, 85=27, 84=32, 87=24, 86=35, 81=35, 80=33, 83=28, 82=31, 93=28, 92=31, 95=30, 94=29, 89=28, 88=31, 91=33, 90=32, 98=27, 99=29, 96=29, 97=23}
[HELPING] Avg distance between not played chunks: 3.56251327775792
[HELPING] Min distance between not played chunks: 1.0
[HELPING] Max distance between not played chunks: 16.0

