Total chunks: 100
Nodes x chunk: 22
Total nodes: 150
Active nodes: 150
Started playbacks: 150
Not started playbacks node-ids: []
Playbacks time-window: 198
Missing chunks distribution [missed-chunks/nodes]: {0=150}
Rejected chunks for ttl expiration [chunk-id/nodes]: 0 {}
Rejected chunks for capacity limit [chunk-id/nodes]: 0 {}
bandwidthUtilUp: 0.011842693692931939
bandwidthUtilDown: 0.007495278684920306
Avg # of unsent chunk for max-retries: 0.0
Min # of unsent chunk for max-retries: 0.0
Max # of unsent chunk for max-retries: 0.0
Avg # of unsent chunk-reqs for max-retries: 0.0
Min # of unsent chunk-reqs for max-retries: 0.0
Max # of unsent chunk-reqs for max-retries: 0.0
Avg % of chunks received by Pastry: 8.06
Min % of chunks received by Pastry: 0.0
Max % of chunks received by Pastry: 16.0
StD of chunks received by Pastry: 3.234109319000877
Var of chunks received by Pastry: 10.459463087248315
Avg % of chunks received by StarStream: 90.95333333333333
Min % of chunks received by StarStream: 83.0
Max % of chunks received by StarStream: 100.0
StD of chunks received by StarStream: 3.267362844138466
Var of chunks received by StarStream: 10.675659955256606
[NONMOJO] Startup Delay: 177.98
[MOJO] Startup Delay: 80.9
[MOJO] Latency: 9.144338618813133
Min of perceived avg chunk delivery-time: 7.41
Max of perceived avg chunk delivery-time: 11.75
Variance of perceived avg chunk delivery-time: 0.6896462368284537
StD of perceived avg chunk delivery-time: 0.8304494185851741
Avg messages sent per node: 3303.1
Min messages sent per node: 1738.0
Max messages sent per node: 7082.0
Variance of messages sent per node: 1388041.8758389265
StD of messages sent per node: 1178.151889969594
Nodes with incomplete playbacks: 119
[MOJO] Continuity Index: 61.306666666666665
[MOJO] Packet Loss: 38.693333333333335
Min % of not played chunks: 0.0
Max % of not played chunks: 99.0
Not played chunks [chunk-id/nodes]: {1=72, 2=65, 3=58, 4=63, 5=67, 6=63, 7=58, 8=59, 9=51, 10=48, 11=62, 12=53, 13=56, 14=56, 15=64, 17=57, 16=66, 19=57, 18=60, 21=58, 20=54, 23=61, 22=57, 25=59, 24=59, 27=58, 26=56, 29=58, 28=58, 31=56, 30=58, 34=56, 35=57, 32=51, 33=68, 38=58, 39=61, 36=60, 37=53, 42=55, 43=68, 40=59, 41=64, 46=55, 47=62, 44=57, 45=59, 51=61, 50=53, 49=62, 48=56, 55=51, 54=63, 53=63, 52=53, 59=49, 58=61, 57=59, 56=57, 63=51, 62=50, 61=67, 60=61, 68=57, 69=60, 70=57, 71=56, 64=50, 65=67, 66=58, 67=57, 76=59, 77=60, 78=55, 79=58, 72=54, 73=65, 74=58, 75=62, 85=56, 84=58, 87=53, 86=58, 81=51, 80=64, 83=62, 82=57, 93=62, 92=58, 95=63, 94=56, 89=60, 88=67, 91=62, 90=60, 98=61, 99=55, 96=56, 97=65}
Avg distance between not played chunks: 4.780834705109571
Min distance between not played chunks: 1.0
Max distance between not played chunks: 60.0

HELPING PEERS LOG

[HELPING] Active nodes: 0
[HELPING] Started playbacks: 0
[HELPING] Not started playbacks node-ids: []
[HELPING] Playbacks time-window: -9223372036854775807
[HELPING] Missing chunks distribution [missed-chunks/nodes]: {}
[HELPING] Rejected chunks for ttl expiration [chunk-id/nodes]: 0 {}
[HELPING] Rejected chunks for capacity limit [chunk-id/nodes]: 0 {}
[HELPING] bandwidthUtilUp: NaN
[HELPING] bandwidthUtilDown: NaN
[HELPING] Avg # of unsent chunk for max-retries: NaN
[HELPING] Min # of unsent chunk for max-retries: Infinity
[HELPING] Max # of unsent chunk for max-retries: -Infinity
[HELPING] Avg # of unsent chunk-reqs for max-retries: NaN
[HELPING] Min # of unsent chunk-reqs for max-retries: Infinity
[HELPING] Max # of unsent chunk-reqs for max-retries: -Infinity
[HELPING] Avg % of chunks received by Pastry: NaN
[HELPING] Min % of chunks received by Pastry: Infinity
[HELPING] Max % of chunks received by Pastry: -Infinity
[HELPING] StD of chunks received by Pastry: 0.0
[HELPING] Var of chunks received by Pastry: 0.0
[HELPING] Avg % of chunks received by StarStream: NaN
[HELPING] Min % of chunks received by StarStream: Infinity
[HELPING] Max % of chunks received by StarStream: -Infinity
[HELPING] StD of chunks received by StarStream: 0.0
[HELPING] Var of chunks received by StarStream: 0.0
[HELPING] Latency: NaN
[HELPING] Min of perceived avg chunk delivery-time: Infinity
[HELPING] Max of perceived avg chunk delivery-time: -Infinity
[HELPING] Variance of perceived avg chunk delivery-time: 0.0
[HELPING] StD of perceived avg chunk delivery-time: 0.0
[HELPING] Avg messages sent per node: NaN
[HELPING] Min messages sent per node: Infinity
[HELPING] Max messages sent per node: -Infinity
[HELPING] Variance of messages sent per node: 0.0
[HELPING] StD of messages sent per node: 0.0
[HELPING] Nodes with incomplete playbacks: 0
[HELPING] Packet Loss: NaN
[HELPING] Min % of not played chunks: Infinity
[HELPING] Max % of not played chunks: -Infinity
[HELPING] Not played chunks [chunk-id/nodes]: {}
[HELPING] Avg distance between not played chunks: NaN
[HELPING] Min distance between not played chunks: Infinity
[HELPING] Max distance between not played chunks: -Infinity

