Total chunks: 100
Nodes x chunk: 22
Total nodes: 150
Active nodes: 150
Started playbacks: 150
Not started playbacks node-ids: []
Playbacks time-window: 470
Missing chunks distribution [missed-chunks/nodes]: {0=149, 8=1}
Rejected chunks for ttl expiration [chunk-id/nodes]: 1 {0=1}
Rejected chunks for capacity limit [chunk-id/nodes]: 0 {}
bandwidthUtilUp: 0.012293576822498202
bandwidthUtilDown: 0.008036403195565004
Avg # of unsent chunk for max-retries: 0.0
Min # of unsent chunk for max-retries: 0.0
Max # of unsent chunk for max-retries: 0.0
Avg # of unsent chunk-reqs for max-retries: 0.0
Min # of unsent chunk-reqs for max-retries: 0.0
Max # of unsent chunk-reqs for max-retries: 0.0
Avg % of chunks received by Pastry: 7.486666666666666
Min % of chunks received by Pastry: 0.0
Max % of chunks received by Pastry: 18.0
StD of chunks received by Pastry: 3.5155200798412944
Var of chunks received by Pastry: 12.358881431767342
Avg % of chunks received by StarStream: 91.54666666666667
Min % of chunks received by StarStream: 81.0
Max % of chunks received by StarStream: 100.0
StD of chunks received by StarStream: 3.5720515915518085
Var of chunks received by StarStream: 12.759552572707808
[NONMOJO] Startup Delay: 180.39333333333335
[MOJO] Startup Delay: 125.8
[MOJO] Latency: 8.943803506631179
Min of perceived avg chunk delivery-time: 6.69
Max of perceived avg chunk delivery-time: 15.543478260869565
Variance of perceived avg chunk delivery-time: 1.0562923565902311
StD of perceived avg chunk delivery-time: 1.027760846009533
Avg messages sent per node: 3753.9066666666668
Min messages sent per node: 1750.0
Max messages sent per node: 8275.0
Variance of messages sent per node: 2308304.716062639
StD of messages sent per node: 1519.3106055256242
Nodes with incomplete playbacks: 117
[MOJO] Continuity Index: 61.66
[MOJO] Packet Loss: 38.34
Min % of not played chunks: 0.0
Max % of not played chunks: 99.0
Not played chunks [chunk-id/nodes]: {1=75, 2=68, 3=59, 4=61, 5=65, 6=58, 7=56, 8=60, 9=57, 10=55, 11=62, 12=55, 13=61, 14=66, 15=53, 17=58, 16=53, 19=57, 18=52, 21=58, 20=56, 23=52, 22=54, 25=57, 24=54, 27=56, 26=61, 29=53, 28=51, 31=64, 30=55, 34=61, 35=49, 32=62, 33=57, 38=64, 39=47, 36=56, 37=58, 42=62, 43=55, 40=56, 41=53, 46=55, 47=52, 44=61, 45=59, 51=59, 50=51, 49=56, 48=58, 55=60, 54=53, 53=55, 52=63, 59=67, 58=58, 57=61, 56=64, 63=54, 62=65, 61=56, 60=59, 68=59, 69=55, 70=61, 71=56, 64=57, 65=59, 66=62, 67=50, 76=65, 77=56, 78=52, 79=58, 72=56, 73=55, 74=54, 75=59, 85=57, 84=57, 87=63, 86=62, 81=57, 80=65, 83=58, 82=52, 93=60, 92=62, 95=61, 94=54, 89=59, 88=68, 91=55, 90=63, 98=61, 99=62, 96=61, 97=52}
Avg distance between not played chunks: 4.800333486081051
Min distance between not played chunks: 1.0
Max distance between not played chunks: 60.0

HELPING PEERS LOG

[HELPING] Active nodes: 0
[HELPING] Started playbacks: 0
[HELPING] Not started playbacks node-ids: []
[HELPING] Playbacks time-window: -9223372036854775807
[HELPING] Missing chunks distribution [missed-chunks/nodes]: {}
[HELPING] Rejected chunks for ttl expiration [chunk-id/nodes]: 0 {}
[HELPING] Rejected chunks for capacity limit [chunk-id/nodes]: 0 {}
[HELPING] bandwidthUtilUp: NaN
[HELPING] bandwidthUtilDown: NaN
[HELPING] Avg # of unsent chunk for max-retries: NaN
[HELPING] Min # of unsent chunk for max-retries: Infinity
[HELPING] Max # of unsent chunk for max-retries: -Infinity
[HELPING] Avg # of unsent chunk-reqs for max-retries: NaN
[HELPING] Min # of unsent chunk-reqs for max-retries: Infinity
[HELPING] Max # of unsent chunk-reqs for max-retries: -Infinity
[HELPING] Avg % of chunks received by Pastry: NaN
[HELPING] Min % of chunks received by Pastry: Infinity
[HELPING] Max % of chunks received by Pastry: -Infinity
[HELPING] StD of chunks received by Pastry: 0.0
[HELPING] Var of chunks received by Pastry: 0.0
[HELPING] Avg % of chunks received by StarStream: NaN
[HELPING] Min % of chunks received by StarStream: Infinity
[HELPING] Max % of chunks received by StarStream: -Infinity
[HELPING] StD of chunks received by StarStream: 0.0
[HELPING] Var of chunks received by StarStream: 0.0
[HELPING] Latency: NaN
[HELPING] Min of perceived avg chunk delivery-time: Infinity
[HELPING] Max of perceived avg chunk delivery-time: -Infinity
[HELPING] Variance of perceived avg chunk delivery-time: 0.0
[HELPING] StD of perceived avg chunk delivery-time: 0.0
[HELPING] Avg messages sent per node: NaN
[HELPING] Min messages sent per node: Infinity
[HELPING] Max messages sent per node: -Infinity
[HELPING] Variance of messages sent per node: 0.0
[HELPING] StD of messages sent per node: 0.0
[HELPING] Nodes with incomplete playbacks: 0
[HELPING] Packet Loss: NaN
[HELPING] Min % of not played chunks: Infinity
[HELPING] Max % of not played chunks: -Infinity
[HELPING] Not played chunks [chunk-id/nodes]: {}
[HELPING] Avg distance between not played chunks: NaN
[HELPING] Min distance between not played chunks: Infinity
[HELPING] Max distance between not played chunks: -Infinity

