Total chunks: 100
Nodes x chunk: 22
Total nodes: 150
Active nodes: 150
Started playbacks: 150
Not started playbacks node-ids: []
Playbacks time-window: 815
Missing chunks distribution [missed-chunks/nodes]: {0=147, 1=1, 4=1, 14=1}
Rejected chunks for ttl expiration [chunk-id/nodes]: 14 {0=3, 3=1, 4=2, 5=2, 6=1, 7=2, 8=1, 9=1, 10=1, 11=1, 12=1, 13=1, 14=1, 15=1}
Rejected chunks for capacity limit [chunk-id/nodes]: 0 {}
bandwidthUtilUp: 0.014055053040713604
bandwidthUtilDown: 0.008470600467663757
Avg # of unsent chunk for max-retries: 0.0
Min # of unsent chunk for max-retries: 0.0
Max # of unsent chunk for max-retries: 0.0
Avg # of unsent chunk-reqs for max-retries: 0.0
Min # of unsent chunk-reqs for max-retries: 0.0
Max # of unsent chunk-reqs for max-retries: 0.0
Avg % of chunks received by Pastry: 4.173333333333333
Min % of chunks received by Pastry: 0.0
Max % of chunks received by Pastry: 12.0
StD of chunks received by Pastry: 2.671617328490019
Var of chunks received by Pastry: 7.137539149888147
Avg % of chunks received by StarStream: 94.88666666666667
Min % of chunks received by StarStream: 87.0
Max % of chunks received by StarStream: 100.0
StD of chunks received by StarStream: 2.7380899301013804
Var of chunks received by StarStream: 7.497136465322582
[NONMOJO] Startup Delay: 185.06
[MOJO] Startup Delay: 97.7
[MOJO] Latency: 7.704125567968014
Min of perceived avg chunk delivery-time: 5.86
Max of perceived avg chunk delivery-time: 9.917525773195877
Variance of perceived avg chunk delivery-time: 0.6057623924910066
StD of perceived avg chunk delivery-time: 0.7783073894619057
Avg messages sent per node: 6300.8533333333335
Min messages sent per node: 2242.0
Max messages sent per node: 10809.0
Variance of messages sent per node: 2772419.387740492
StD of messages sent per node: 1665.0583736735755
Nodes with incomplete playbacks: 118
[MOJO] Continuity Index: 60.053333333333335
[MOJO] Packet Loss: 39.946666666666665
Min % of not played chunks: 0.0
Max % of not played chunks: 99.0
Not played chunks [chunk-id/nodes]: {1=69, 2=73, 3=63, 4=56, 5=68, 6=64, 7=51, 8=57, 9=57, 10=54, 11=58, 12=63, 13=65, 14=52, 15=58, 17=64, 16=56, 19=61, 18=59, 21=59, 20=58, 23=59, 22=65, 25=51, 24=51, 27=63, 26=59, 29=59, 28=63, 31=61, 30=65, 34=56, 35=54, 32=64, 33=52, 38=55, 39=60, 36=58, 37=60, 42=58, 43=59, 40=54, 41=59, 46=59, 47=61, 44=69, 45=61, 51=69, 50=56, 49=58, 48=57, 55=71, 54=58, 53=62, 52=59, 59=64, 58=58, 57=65, 56=62, 63=59, 62=51, 61=59, 60=62, 68=57, 69=63, 70=59, 71=61, 64=58, 65=61, 66=60, 67=60, 76=69, 77=63, 78=64, 79=67, 72=69, 73=70, 74=66, 75=62, 85=62, 84=67, 87=63, 86=60, 81=63, 80=67, 83=59, 82=63, 93=69, 92=62, 95=51, 94=56, 89=59, 88=62, 91=55, 90=62, 98=54, 99=62, 96=58, 97=59}
Avg distance between not played chunks: 3.4144461029660365
Min distance between not played chunks: 1.0
Max distance between not played chunks: 80.0

HELPING PEERS LOG

[HELPING] Active nodes: 0
[HELPING] Started playbacks: 0
[HELPING] Not started playbacks node-ids: []
[HELPING] Playbacks time-window: -9223372036854775807
[HELPING] Missing chunks distribution [missed-chunks/nodes]: {}
[HELPING] Rejected chunks for ttl expiration [chunk-id/nodes]: 0 {}
[HELPING] Rejected chunks for capacity limit [chunk-id/nodes]: 0 {}
[HELPING] bandwidthUtilUp: NaN
[HELPING] bandwidthUtilDown: NaN
[HELPING] Avg # of unsent chunk for max-retries: NaN
[HELPING] Min # of unsent chunk for max-retries: Infinity
[HELPING] Max # of unsent chunk for max-retries: -Infinity
[HELPING] Avg # of unsent chunk-reqs for max-retries: NaN
[HELPING] Min # of unsent chunk-reqs for max-retries: Infinity
[HELPING] Max # of unsent chunk-reqs for max-retries: -Infinity
[HELPING] Avg % of chunks received by Pastry: NaN
[HELPING] Min % of chunks received by Pastry: Infinity
[HELPING] Max % of chunks received by Pastry: -Infinity
[HELPING] StD of chunks received by Pastry: 0.0
[HELPING] Var of chunks received by Pastry: 0.0
[HELPING] Avg % of chunks received by StarStream: NaN
[HELPING] Min % of chunks received by StarStream: Infinity
[HELPING] Max % of chunks received by StarStream: -Infinity
[HELPING] StD of chunks received by StarStream: 0.0
[HELPING] Var of chunks received by StarStream: 0.0
[HELPING] Latency: NaN
[HELPING] Min of perceived avg chunk delivery-time: Infinity
[HELPING] Max of perceived avg chunk delivery-time: -Infinity
[HELPING] Variance of perceived avg chunk delivery-time: 0.0
[HELPING] StD of perceived avg chunk delivery-time: 0.0
[HELPING] Avg messages sent per node: NaN
[HELPING] Min messages sent per node: Infinity
[HELPING] Max messages sent per node: -Infinity
[HELPING] Variance of messages sent per node: 0.0
[HELPING] StD of messages sent per node: 0.0
[HELPING] Nodes with incomplete playbacks: 0
[HELPING] Packet Loss: NaN
[HELPING] Min % of not played chunks: Infinity
[HELPING] Max % of not played chunks: -Infinity
[HELPING] Not played chunks [chunk-id/nodes]: {}
[HELPING] Avg distance between not played chunks: NaN
[HELPING] Min distance between not played chunks: Infinity
[HELPING] Max distance between not played chunks: -Infinity

