Total chunks: 100
Nodes x chunk: 22
Total nodes: 210
Active nodes: 150
Started playbacks: 150
Not started playbacks node-ids: []
Playbacks time-window: 163
Missing chunks distribution [missed-chunks/nodes]: {0=150}
Rejected chunks for ttl expiration [chunk-id/nodes]: 0 {}
Rejected chunks for capacity limit [chunk-id/nodes]: 0 {}
bandwidthUtilUp: 0.014583196504518678
bandwidthUtilDown: 0.008955740140303366
Avg # of unsent chunk for max-retries: 0.006666666666666667
Min # of unsent chunk for max-retries: 0.0
Max # of unsent chunk for max-retries: 1.0
Avg # of unsent chunk-reqs for max-retries: 0.0
Min # of unsent chunk-reqs for max-retries: 0.0
Max # of unsent chunk-reqs for max-retries: 0.0
Avg % of chunks received by Pastry: 4.64
Min % of chunks received by Pastry: 0.0
Max % of chunks received by Pastry: 12.0
StD of chunks received by Pastry: 2.759437740608638
Var of chunks received by Pastry: 7.614496644295305
Avg % of chunks received by StarStream: 94.36666666666666
Min % of chunks received by StarStream: 87.0
Max % of chunks received by StarStream: 100.0
StD of chunks received by StarStream: 2.771902810373894
Var of chunks received by StarStream: 7.683445190158692
[NONMOJO] Startup Delay: 281.2
[MOJO] Startup Delay: 90.0
[MOJO] Latency: 8.591103682876877
Min of perceived avg chunk delivery-time: 6.59
Max of perceived avg chunk delivery-time: 10.66
Variance of perceived avg chunk delivery-time: 0.48301701327135543
StD of perceived avg chunk delivery-time: 0.6949942541283024
Avg messages sent per node: 6961.666666666667
Min messages sent per node: 4275.0
Max messages sent per node: 11525.0
Variance of messages sent per node: 2322326.5458612936
StD of messages sent per node: 1523.9181558933187
Nodes with incomplete playbacks: 141
[MOJO] Continuity Index: 51.63333333333333
[MOJO] Packet Loss: 48.36666666666667
Min % of not played chunks: 0.0
Max % of not played chunks: 99.0
Not played chunks [chunk-id/nodes]: {1=78, 2=73, 3=76, 4=76, 5=80, 6=80, 7=83, 8=59, 9=77, 10=72, 11=65, 12=74, 13=67, 14=73, 15=72, 17=73, 16=61, 19=69, 18=71, 21=78, 20=72, 23=77, 22=74, 25=66, 24=69, 27=66, 26=73, 29=74, 28=82, 31=72, 30=67, 34=76, 35=75, 32=68, 33=76, 38=71, 39=75, 36=62, 37=70, 42=68, 43=80, 40=78, 41=70, 46=69, 47=74, 44=78, 45=77, 51=69, 50=71, 49=73, 48=75, 55=74, 54=79, 53=77, 52=73, 59=75, 58=76, 57=82, 56=67, 63=73, 62=65, 61=74, 60=67, 68=78, 69=68, 70=71, 71=81, 64=78, 65=65, 66=66, 67=73, 76=75, 77=72, 78=66, 79=77, 72=62, 73=69, 74=73, 75=86, 85=71, 84=85, 87=82, 86=80, 81=75, 80=61, 83=78, 82=74, 93=75, 92=86, 95=78, 94=66, 89=81, 88=71, 91=71, 90=76, 98=73, 99=85, 96=71, 97=70}
Avg distance between not played chunks: 4.7274431582540934
Min distance between not played chunks: 1.0
Max distance between not played chunks: 82.0

HELPING PEERS LOG

[HELPING] Active nodes: 60
[HELPING] Started playbacks: 60
[HELPING] Not started playbacks node-ids: []
[HELPING] Playbacks time-window: 155
[HELPING] Missing chunks distribution [missed-chunks/nodes]: {0=60}
[HELPING] Rejected chunks for ttl expiration [chunk-id/nodes]: 1 {0=1}
[HELPING] Rejected chunks for capacity limit [chunk-id/nodes]: 0 {}
[HELPING] bandwidthUtilUp: 0.014504403389460884
[HELPING] bandwidthUtilDown: 0.008481180411903821
[HELPING] Avg # of unsent chunk for max-retries: 0.016666666666666666
[HELPING] Min # of unsent chunk for max-retries: 0.0
[HELPING] Max # of unsent chunk for max-retries: 1.0
[HELPING] Avg # of unsent chunk-reqs for max-retries: 0.0
[HELPING] Min # of unsent chunk-reqs for max-retries: 0.0
[HELPING] Max # of unsent chunk-reqs for max-retries: 0.0
[HELPING] Avg % of chunks received by Pastry: 4.033333333333333
[HELPING] Min % of chunks received by Pastry: 0.0
[HELPING] Max % of chunks received by Pastry: 9.0
[HELPING] StD of chunks received by Pastry: 2.1070234983499523
[HELPING] Var of chunks received by Pastry: 4.439548022598871
[HELPING] Avg % of chunks received by StarStream: 94.96666666666667
[HELPING] Min % of chunks received by StarStream: 90.0
[HELPING] Max % of chunks received by StarStream: 99.0
[HELPING] StD of chunks received by StarStream: 2.107023498349634
[HELPING] Var of chunks received by StarStream: 4.4395480225975295
[HELPING] Startup Delay: 297.8
[HELPING] Latency: 8.834993987493988
[HELPING] Min of perceived avg chunk delivery-time: 7.313131313131313
[HELPING] Max of perceived avg chunk delivery-time: 10.704081632653061
[HELPING] Variance of perceived avg chunk delivery-time: 0.39850049910671037
[HELPING] StD of perceived avg chunk delivery-time: 0.6312689594037635
[HELPING] Avg messages sent per node: 7218.933333333333
[HELPING] Min messages sent per node: 4282.0
[HELPING] Max messages sent per node: 10208.0
[HELPING] Variance of messages sent per node: 2294229.9954802226
[HELPING] StD of messages sent per node: 1514.6715800727968
[HELPING] Nodes with incomplete playbacks: 47
[HELPING] Packet Loss: 36.03333333333333
[HELPING] Min % of not played chunks: 0.0
[HELPING] Max % of not played chunks: 99.0
[HELPING] Not played chunks [chunk-id/nodes]: {1=23, 2=24, 3=18, 4=25, 5=20, 6=23, 7=26, 8=16, 9=20, 10=26, 11=23, 12=23, 13=21, 14=20, 15=18, 17=22, 16=20, 19=19, 18=17, 21=20, 20=18, 23=16, 22=20, 25=22, 24=19, 27=22, 26=23, 29=27, 28=23, 31=20, 30=23, 34=17, 35=22, 32=24, 33=21, 38=21, 39=19, 36=22, 37=21, 42=20, 43=26, 40=20, 41=22, 46=21, 47=22, 44=22, 45=22, 51=22, 50=23, 49=20, 48=27, 55=30, 54=25, 53=23, 52=23, 59=24, 58=23, 57=23, 56=19, 63=21, 62=19, 61=23, 60=22, 68=23, 69=25, 70=17, 71=21, 64=23, 65=18, 66=22, 67=24, 76=24, 77=20, 78=23, 79=20, 72=21, 73=19, 74=23, 75=22, 85=19, 84=22, 87=23, 86=26, 81=19, 80=21, 83=26, 82=20, 93=23, 92=25, 95=24, 94=22, 89=23, 88=19, 91=19, 90=19, 98=23, 99=28, 96=24, 97=26}
[HELPING] Avg distance between not played chunks: 5.383333676849355
[HELPING] Min distance between not played chunks: 1.0
[HELPING] Max distance between not played chunks: 69.0

