Total chunks: 100
Nodes x chunk: 22
Total nodes: 150
Active nodes: 150
Started playbacks: 150
Not started playbacks node-ids: []
Playbacks time-window: 468
Missing chunks distribution [missed-chunks/nodes]: {0=146, 4=2, 5=1, 7=1}
Rejected chunks for ttl expiration [chunk-id/nodes]: 7 {0=6, 3=4, 4=4, 5=4, 6=2, 7=1, 8=1}
Rejected chunks for capacity limit [chunk-id/nodes]: 0 {}
bandwidthUtilUp: 0.013214308997351364
bandwidthUtilDown: 0.008646939404102947
Avg # of unsent chunk for max-retries: 0.0
Min # of unsent chunk for max-retries: 0.0
Max # of unsent chunk for max-retries: 0.0
Avg # of unsent chunk-reqs for max-retries: 0.0
Min # of unsent chunk-reqs for max-retries: 0.0
Max # of unsent chunk-reqs for max-retries: 0.0
Avg % of chunks received by Pastry: 5.426666666666667
Min % of chunks received by Pastry: 0.0
Max % of chunks received by Pastry: 13.0
StD of chunks received by Pastry: 2.740074624630844
Var of chunks received by Pastry: 7.50800894854586
Avg % of chunks received by StarStream: 93.6
Min % of chunks received by StarStream: 86.0
Max % of chunks received by StarStream: 100.0
StD of chunks received by StarStream: 2.797410115750964
Var of chunks received by StarStream: 7.825503355705822
[NONMOJO] Startup Delay: 186.24666666666667
[MOJO] Startup Delay: 87.8
[MOJO] Latency: 8.262997314328366
Min of perceived avg chunk delivery-time: 6.62
Max of perceived avg chunk delivery-time: 10.5
Variance of perceived avg chunk delivery-time: 0.5353331339171579
StD of perceived avg chunk delivery-time: 0.7316646321349406
Avg messages sent per node: 4964.28
Min messages sent per node: 1929.0
Max messages sent per node: 9504.0
Variance of messages sent per node: 3275450.605637588
StD of messages sent per node: 1809.820600401484
Nodes with incomplete playbacks: 122
[MOJO] Continuity Index: 60.54
[MOJO] Packet Loss: 39.46
Min % of not played chunks: 0.0
Max % of not played chunks: 99.0
Not played chunks [chunk-id/nodes]: {1=74, 2=63, 3=65, 4=66, 5=64, 6=66, 7=56, 8=64, 9=61, 10=60, 11=60, 12=53, 13=52, 14=57, 15=57, 17=64, 16=59, 19=65, 18=63, 21=61, 20=55, 23=48, 22=61, 25=58, 24=55, 27=67, 26=63, 29=60, 28=58, 31=52, 30=61, 34=61, 35=61, 32=59, 33=62, 38=60, 39=58, 36=62, 37=55, 42=57, 43=59, 40=59, 41=58, 46=53, 47=55, 44=59, 45=59, 51=63, 50=57, 49=56, 48=66, 55=57, 54=61, 53=58, 52=53, 59=62, 58=59, 57=65, 56=57, 63=60, 62=55, 61=69, 60=52, 68=63, 69=60, 70=67, 71=59, 64=63, 65=49, 66=59, 67=55, 76=61, 77=55, 78=59, 79=57, 72=60, 73=53, 74=60, 75=60, 85=67, 84=58, 87=60, 86=60, 81=59, 80=51, 83=70, 82=68, 93=60, 92=66, 95=62, 94=54, 89=61, 88=56, 91=64, 90=61, 98=65, 99=61, 96=63, 97=58}
Avg distance between not played chunks: 4.859662115217907
Min distance between not played chunks: 1.0
Max distance between not played chunks: 45.0

HELPING PEERS LOG

[HELPING] Active nodes: 0
[HELPING] Started playbacks: 0
[HELPING] Not started playbacks node-ids: []
[HELPING] Playbacks time-window: -9223372036854775807
[HELPING] Missing chunks distribution [missed-chunks/nodes]: {}
[HELPING] Rejected chunks for ttl expiration [chunk-id/nodes]: 0 {}
[HELPING] Rejected chunks for capacity limit [chunk-id/nodes]: 0 {}
[HELPING] bandwidthUtilUp: NaN
[HELPING] bandwidthUtilDown: NaN
[HELPING] Avg # of unsent chunk for max-retries: NaN
[HELPING] Min # of unsent chunk for max-retries: Infinity
[HELPING] Max # of unsent chunk for max-retries: -Infinity
[HELPING] Avg # of unsent chunk-reqs for max-retries: NaN
[HELPING] Min # of unsent chunk-reqs for max-retries: Infinity
[HELPING] Max # of unsent chunk-reqs for max-retries: -Infinity
[HELPING] Avg % of chunks received by Pastry: NaN
[HELPING] Min % of chunks received by Pastry: Infinity
[HELPING] Max % of chunks received by Pastry: -Infinity
[HELPING] StD of chunks received by Pastry: 0.0
[HELPING] Var of chunks received by Pastry: 0.0
[HELPING] Avg % of chunks received by StarStream: NaN
[HELPING] Min % of chunks received by StarStream: Infinity
[HELPING] Max % of chunks received by StarStream: -Infinity
[HELPING] StD of chunks received by StarStream: 0.0
[HELPING] Var of chunks received by StarStream: 0.0
[HELPING] Latency: NaN
[HELPING] Min of perceived avg chunk delivery-time: Infinity
[HELPING] Max of perceived avg chunk delivery-time: -Infinity
[HELPING] Variance of perceived avg chunk delivery-time: 0.0
[HELPING] StD of perceived avg chunk delivery-time: 0.0
[HELPING] Avg messages sent per node: NaN
[HELPING] Min messages sent per node: Infinity
[HELPING] Max messages sent per node: -Infinity
[HELPING] Variance of messages sent per node: 0.0
[HELPING] StD of messages sent per node: 0.0
[HELPING] Nodes with incomplete playbacks: 0
[HELPING] Packet Loss: NaN
[HELPING] Min % of not played chunks: Infinity
[HELPING] Max % of not played chunks: -Infinity
[HELPING] Not played chunks [chunk-id/nodes]: {}
[HELPING] Avg distance between not played chunks: NaN
[HELPING] Min distance between not played chunks: Infinity
[HELPING] Max distance between not played chunks: -Infinity

