Total chunks: 100
Nodes x chunk: 2
Total nodes: 16
Active nodes: 16
Started playbacks: 16
Not started playbacks node-ids: []
Playbacks time-window: 165
Missing chunks distribution [missed-chunks/nodes]: {16=2, 19=1, 2=1, 21=1, 4=2, 5=3, 7=1, 8=1, 9=2, 10=1, 13=1}
Rejected chunks for ttl expiration [chunk-id/nodes]: 55 {1=4, 2=1, 3=1, 4=1, 11=2, 14=3, 15=2, 20=3, 25=2, 27=2, 26=4, 28=1, 31=1, 30=1, 34=4, 35=3, 32=1, 39=1, 36=1, 42=1, 43=2, 47=2, 51=3, 48=1, 55=4, 54=7, 53=5, 52=3, 59=1, 58=3, 57=3, 56=4, 63=5, 62=4, 61=1, 60=1, 68=1, 69=3, 70=1, 64=2, 67=1, 76=5, 78=4, 72=7, 75=7, 85=1, 87=1, 81=1, 82=1, 93=2, 92=3, 95=7, 88=5, 96=5, 97=2}
Rejected chunks for capacity limit [chunk-id/nodes]: 0 {}
bandwidthUtilUp: 0.00745501132331828
bandwidthUtilDown: 0.00445605894290288
Avg # of unsent chunk for max-retries: 0.0
Min # of unsent chunk for max-retries: 0.0
Max # of unsent chunk for max-retries: 0.0
Avg # of unsent chunk-reqs for max-retries: 0.25
Min # of unsent chunk-reqs for max-retries: 0.0
Max # of unsent chunk-reqs for max-retries: 2.0
Avg % of chunks received by Pastry: 9.0625
Min % of chunks received by Pastry: 0.0
Max % of chunks received by Pastry: 23.0
StD of chunks received by Pastry: 6.577423507727019
Var of chunks received by Pastry: 43.2625
Avg % of chunks received by StarStream: 90.0
Min % of chunks received by StarStream: 76.0
Max % of chunks received by StarStream: 100.0
StD of chunks received by StarStream: 6.6733300033291725
Var of chunks received by StarStream: 44.53333333333333
[NONMOJO] Startup Delay: 67.4375
[MOJO] Startup Delay: 87.7
[MOJO] Latency: 8.214111791470383
Min of perceived avg chunk delivery-time: 6.347368421052631
Max of perceived avg chunk delivery-time: 9.755555555555556
Variance of perceived avg chunk delivery-time: 0.6835331092330156
StD of perceived avg chunk delivery-time: 0.8267606118055066
Avg messages sent per node: 2510.0625
Min messages sent per node: 1464.0
Max messages sent per node: 3632.0
Variance of messages sent per node: 394810.7291666667
StD of messages sent per node: 628.3396606666387
Nodes with incomplete playbacks: 16
[MOJO] Continuity Index: 67.5
[MOJO] Packet Loss: 32.5
Min % of not played chunks: 5.0
Max % of not played chunks: 99.0
Not played chunks [chunk-id/nodes]: {1=7, 2=5, 3=4, 4=5, 5=4, 6=5, 7=6, 8=4, 9=4, 10=4, 11=5, 12=4, 13=3, 14=5, 15=6, 17=4, 16=4, 19=4, 18=5, 21=4, 20=6, 23=4, 22=5, 25=6, 24=4, 27=6, 26=7, 29=4, 28=4, 31=5, 30=4, 34=8, 35=6, 32=4, 33=3, 38=4, 39=5, 36=6, 37=4, 42=5, 43=5, 40=4, 41=4, 46=5, 47=7, 44=4, 45=4, 51=7, 50=4, 49=4, 48=5, 55=8, 54=10, 53=9, 52=6, 59=5, 58=6, 57=6, 56=7, 63=9, 62=8, 61=5, 60=5, 68=5, 69=7, 70=4, 71=3, 64=5, 65=4, 66=4, 67=6, 76=8, 77=5, 78=6, 79=5, 72=10, 73=4, 74=4, 75=10, 85=6, 84=5, 87=4, 86=4, 81=5, 80=4, 83=4, 82=4, 93=4, 92=7, 95=9, 94=4, 89=4, 88=8, 91=4, 90=4, 98=4, 99=4, 96=7, 97=6}
Avg distance between not played chunks: 6.7022655744638495
Min distance between not played chunks: 1.0
Max distance between not played chunks: 15.666666666666666

HELPING PEERS LOG

[HELPING] Active nodes: 0
[HELPING] Started playbacks: 0
[HELPING] Not started playbacks node-ids: []
[HELPING] Playbacks time-window: -9223372036854775807
[HELPING] Missing chunks distribution [missed-chunks/nodes]: {}
[HELPING] Rejected chunks for ttl expiration [chunk-id/nodes]: 0 {}
[HELPING] Rejected chunks for capacity limit [chunk-id/nodes]: 0 {}
[HELPING] bandwidthUtilUp: NaN
[HELPING] bandwidthUtilDown: NaN
[HELPING] Avg # of unsent chunk for max-retries: NaN
[HELPING] Min # of unsent chunk for max-retries: Infinity
[HELPING] Max # of unsent chunk for max-retries: -Infinity
[HELPING] Avg # of unsent chunk-reqs for max-retries: NaN
[HELPING] Min # of unsent chunk-reqs for max-retries: Infinity
[HELPING] Max # of unsent chunk-reqs for max-retries: -Infinity
[HELPING] Avg % of chunks received by Pastry: NaN
[HELPING] Min % of chunks received by Pastry: Infinity
[HELPING] Max % of chunks received by Pastry: -Infinity
[HELPING] StD of chunks received by Pastry: 0.0
[HELPING] Var of chunks received by Pastry: 0.0
[HELPING] Avg % of chunks received by StarStream: NaN
[HELPING] Min % of chunks received by StarStream: Infinity
[HELPING] Max % of chunks received by StarStream: -Infinity
[HELPING] StD of chunks received by StarStream: 0.0
[HELPING] Var of chunks received by StarStream: 0.0
[HELPING] Latency: NaN
[HELPING] Min of perceived avg chunk delivery-time: Infinity
[HELPING] Max of perceived avg chunk delivery-time: -Infinity
[HELPING] Variance of perceived avg chunk delivery-time: 0.0
[HELPING] StD of perceived avg chunk delivery-time: 0.0
[HELPING] Avg messages sent per node: NaN
[HELPING] Min messages sent per node: Infinity
[HELPING] Max messages sent per node: -Infinity
[HELPING] Variance of messages sent per node: 0.0
[HELPING] StD of messages sent per node: 0.0
[HELPING] Nodes with incomplete playbacks: 0
[HELPING] Packet Loss: NaN
[HELPING] Min % of not played chunks: Infinity
[HELPING] Max % of not played chunks: -Infinity
[HELPING] Not played chunks [chunk-id/nodes]: {}
[HELPING] Avg distance between not played chunks: NaN
[HELPING] Min distance between not played chunks: Infinity
[HELPING] Max distance between not played chunks: -Infinity

