Total chunks: 100
Nodes x chunk: 2
Total nodes: 16
Active nodes: 16
Started playbacks: 16
Not started playbacks node-ids: []
Playbacks time-window: 114
Missing chunks distribution [missed-chunks/nodes]: {2=1, 5=1, 6=1, 7=1, 10=1, 11=1, 12=1, 14=1, 15=1, 16=1, 19=1, 21=1, 23=1, 22=2, 24=1}
Rejected chunks for ttl expiration [chunk-id/nodes]: 72 {1=3, 2=1, 3=6, 4=2, 11=1, 14=1, 15=3, 16=4, 19=2, 22=2, 25=1, 26=2, 29=1, 28=4, 30=1, 35=1, 32=1, 38=1, 39=2, 36=3, 42=2, 43=2, 40=1, 41=1, 46=5, 47=5, 44=2, 45=1, 50=2, 49=7, 55=4, 54=2, 53=3, 52=5, 59=5, 58=4, 57=3, 56=2, 62=4, 61=3, 60=6, 69=2, 70=2, 71=1, 64=3, 65=1, 66=3, 67=5, 76=1, 77=1, 79=6, 72=3, 73=6, 74=8, 75=2, 85=3, 84=6, 87=5, 86=3, 80=3, 83=2, 82=3, 93=3, 92=2, 95=3, 94=1, 89=1, 88=2, 91=1, 98=5, 99=7, 97=5}
Rejected chunks for capacity limit [chunk-id/nodes]: 0 {}
bandwidthUtilUp: 0.007380105377058033
bandwidthUtilDown: 0.00459076920486975
Avg # of unsent chunk for max-retries: 0.0
Min # of unsent chunk for max-retries: 0.0
Max # of unsent chunk for max-retries: 0.0
Avg # of unsent chunk-reqs for max-retries: 0.3125
Min # of unsent chunk-reqs for max-retries: 0.0
Max # of unsent chunk-reqs for max-retries: 5.0
Avg % of chunks received by Pastry: 8.4375
Min % of chunks received by Pastry: 1.0
Max % of chunks received by Pastry: 18.0
StD of chunks received by Pastry: 4.912144813283366
Var of chunks received by Pastry: 24.129166666666666
Avg % of chunks received by StarStream: 90.5625
Min % of chunks received by StarStream: 81.0
Max % of chunks received by StarStream: 98.0
StD of chunks received by StarStream: 4.912144813283366
Var of chunks received by StarStream: 24.129166666666666
[NONMOJO] Startup Delay: 74.0
[MOJO] Startup Delay: 126.2
[MOJO] Latency: 8.275092676897142
Min of perceived avg chunk delivery-time: 7.042553191489362
Max of perceived avg chunk delivery-time: 9.74074074074074
Variance of perceived avg chunk delivery-time: 0.4566767231246407
StD of perceived avg chunk delivery-time: 0.6757786051101653
Avg messages sent per node: 1933.4375
Min messages sent per node: 1239.0
Max messages sent per node: 2696.0
Variance of messages sent per node: 231503.72916666666
StD of messages sent per node: 481.1483442418426
Nodes with incomplete playbacks: 16
[MOJO] Continuity Index: 73.3125
[MOJO] Packet Loss: 26.6875
Min % of not played chunks: 2.0
Max % of not played chunks: 99.0
Not played chunks [chunk-id/nodes]: {1=5, 2=2, 3=7, 4=3, 5=2, 6=2, 7=3, 8=1, 9=2, 10=1, 11=3, 12=2, 13=3, 14=4, 15=5, 17=2, 16=6, 19=4, 18=2, 21=2, 20=2, 23=2, 22=4, 25=3, 24=2, 27=2, 26=4, 29=3, 28=9, 31=1, 30=3, 34=3, 35=4, 32=4, 33=2, 38=6, 39=3, 36=5, 37=1, 42=3, 43=3, 40=4, 41=3, 46=7, 47=6, 44=5, 45=3, 51=1, 50=4, 49=8, 48=4, 55=6, 54=4, 53=4, 52=8, 59=7, 58=6, 57=5, 56=10, 63=3, 62=7, 61=5, 60=7, 68=2, 69=4, 70=4, 71=4, 64=5, 65=4, 66=4, 67=7, 76=4, 77=3, 78=2, 79=9, 72=7, 73=8, 74=10, 75=3, 85=5, 84=9, 87=8, 86=6, 81=2, 80=4, 83=4, 82=5, 93=6, 92=4, 95=6, 94=5, 89=4, 88=5, 91=3, 90=2, 98=7, 99=8, 96=2, 97=5}
Avg distance between not played chunks: 5.097900420858719
Min distance between not played chunks: 1.0
Max distance between not played chunks: 12.333333333333334

HELPING PEERS LOG

[HELPING] Active nodes: 0
[HELPING] Started playbacks: 0
[HELPING] Not started playbacks node-ids: []
[HELPING] Playbacks time-window: -9223372036854775807
[HELPING] Missing chunks distribution [missed-chunks/nodes]: {}
[HELPING] Rejected chunks for ttl expiration [chunk-id/nodes]: 0 {}
[HELPING] Rejected chunks for capacity limit [chunk-id/nodes]: 0 {}
[HELPING] bandwidthUtilUp: NaN
[HELPING] bandwidthUtilDown: NaN
[HELPING] Avg # of unsent chunk for max-retries: NaN
[HELPING] Min # of unsent chunk for max-retries: Infinity
[HELPING] Max # of unsent chunk for max-retries: -Infinity
[HELPING] Avg # of unsent chunk-reqs for max-retries: NaN
[HELPING] Min # of unsent chunk-reqs for max-retries: Infinity
[HELPING] Max # of unsent chunk-reqs for max-retries: -Infinity
[HELPING] Avg % of chunks received by Pastry: NaN
[HELPING] Min % of chunks received by Pastry: Infinity
[HELPING] Max % of chunks received by Pastry: -Infinity
[HELPING] StD of chunks received by Pastry: 0.0
[HELPING] Var of chunks received by Pastry: 0.0
[HELPING] Avg % of chunks received by StarStream: NaN
[HELPING] Min % of chunks received by StarStream: Infinity
[HELPING] Max % of chunks received by StarStream: -Infinity
[HELPING] StD of chunks received by StarStream: 0.0
[HELPING] Var of chunks received by StarStream: 0.0
[HELPING] Latency: NaN
[HELPING] Min of perceived avg chunk delivery-time: Infinity
[HELPING] Max of perceived avg chunk delivery-time: -Infinity
[HELPING] Variance of perceived avg chunk delivery-time: 0.0
[HELPING] StD of perceived avg chunk delivery-time: 0.0
[HELPING] Avg messages sent per node: NaN
[HELPING] Min messages sent per node: Infinity
[HELPING] Max messages sent per node: -Infinity
[HELPING] Variance of messages sent per node: 0.0
[HELPING] StD of messages sent per node: 0.0
[HELPING] Nodes with incomplete playbacks: 0
[HELPING] Packet Loss: NaN
[HELPING] Min % of not played chunks: Infinity
[HELPING] Max % of not played chunks: -Infinity
[HELPING] Not played chunks [chunk-id/nodes]: {}
[HELPING] Avg distance between not played chunks: NaN
[HELPING] Min distance between not played chunks: Infinity
[HELPING] Max distance between not played chunks: -Infinity

