Total chunks: 100
Nodes x chunk: 2
Total nodes: 16
Active nodes: 16
Started playbacks: 16
Not started playbacks node-ids: []
Playbacks time-window: 64
Missing chunks distribution [missed-chunks/nodes]: {1=5, 2=4, 3=4, 4=2, 6=1}
Rejected chunks for ttl expiration [chunk-id/nodes]: 24 {68=4, 34=4, 0=2, 71=2, 64=2, 99=1, 97=1, 43=1, 77=1, 9=1, 41=3, 47=1, 74=1, 44=3, 84=2, 49=1, 55=2, 23=1, 83=1, 52=1, 59=2, 92=1, 27=1, 61=2}
Rejected chunks for capacity limit [chunk-id/nodes]: 0 {}
bandwidthUtilUp: 0.00851359709775287
bandwidthUtilDown: 0.00493942650203248
Avg # of unsent chunk for max-retries: 0.0
Min # of unsent chunk for max-retries: 0.0
Max # of unsent chunk for max-retries: 0.0
Avg # of unsent chunk-reqs for max-retries: 0.0625
Min # of unsent chunk-reqs for max-retries: 0.0
Max # of unsent chunk-reqs for max-retries: 1.0
Avg % of chunks received by Pastry: 7.125
Min % of chunks received by Pastry: 0.0
Max % of chunks received by Pastry: 16.0
StD of chunks received by Pastry: 4.573474244670748
Var of chunks received by Pastry: 20.916666666666668
Avg % of chunks received by StarStream: 92.125
Min % of chunks received by StarStream: 83.0
Max % of chunks received by StarStream: 100.0
StD of chunks received by StarStream: 4.759201613716317
Var of chunks received by StarStream: 22.65
[NONMOJO] Startup Delay: 57.375
[MOJO] Startup Delay: 61.7
[MOJO] Latency: 7.848737143070706
Min of perceived avg chunk delivery-time: 6.595959595959596
Max of perceived avg chunk delivery-time: 9.237113402061855
Variance of perceived avg chunk delivery-time: 0.666136994622722
StD of perceived avg chunk delivery-time: 0.8161721599164737
Avg messages sent per node: 3873.0625
Min messages sent per node: 2070.0
Max messages sent per node: 4505.0
Variance of messages sent per node: 439057.2625
StD of messages sent per node: 662.613961896367
Nodes with incomplete playbacks: 16
[MOJO] Continuity Index: 80.4375
[MOJO] Packet Loss: 19.5625
Min % of not played chunks: 1.0
Max % of not played chunks: 99.0
Not played chunks [chunk-id/nodes]: {1=3, 2=2, 3=3, 4=2, 5=2, 6=3, 7=3, 8=3, 9=4, 10=3, 11=3, 12=2, 13=3, 14=3, 15=4, 17=3, 16=3, 19=3, 18=3, 21=4, 20=3, 23=4, 22=2, 25=3, 24=3, 27=3, 26=2, 29=2, 28=3, 31=3, 30=3, 34=6, 35=3, 32=3, 33=2, 38=3, 39=3, 36=3, 37=2, 42=3, 43=3, 40=2, 41=6, 46=3, 47=3, 44=6, 45=2, 51=3, 50=2, 49=5, 48=3, 55=4, 54=3, 53=3, 52=4, 59=3, 58=2, 57=3, 56=3, 63=3, 62=3, 61=5, 60=2, 68=7, 69=2, 70=3, 71=4, 64=4, 65=3, 66=3, 67=3, 76=3, 77=4, 78=3, 79=3, 72=2, 73=3, 74=3, 75=4, 85=2, 84=5, 87=3, 86=3, 81=4, 80=3, 83=4, 82=3, 93=2, 92=4, 95=4, 94=4, 89=2, 88=3, 91=2, 90=3, 98=3, 99=4, 96=3, 97=4}
Avg distance between not played chunks: 13.044907407407408
Min distance between not played chunks: 1.0
Max distance between not played chunks: 33.0

HELPING PEERS LOG

[HELPING] Active nodes: 0
[HELPING] Started playbacks: 0
[HELPING] Not started playbacks node-ids: []
[HELPING] Playbacks time-window: -9223372036854775807
[HELPING] Missing chunks distribution [missed-chunks/nodes]: {}
[HELPING] Rejected chunks for ttl expiration [chunk-id/nodes]: 0 {}
[HELPING] Rejected chunks for capacity limit [chunk-id/nodes]: 0 {}
[HELPING] bandwidthUtilUp: NaN
[HELPING] bandwidthUtilDown: NaN
[HELPING] Avg # of unsent chunk for max-retries: NaN
[HELPING] Min # of unsent chunk for max-retries: Infinity
[HELPING] Max # of unsent chunk for max-retries: -Infinity
[HELPING] Avg # of unsent chunk-reqs for max-retries: NaN
[HELPING] Min # of unsent chunk-reqs for max-retries: Infinity
[HELPING] Max # of unsent chunk-reqs for max-retries: -Infinity
[HELPING] Avg % of chunks received by Pastry: NaN
[HELPING] Min % of chunks received by Pastry: Infinity
[HELPING] Max % of chunks received by Pastry: -Infinity
[HELPING] StD of chunks received by Pastry: 0.0
[HELPING] Var of chunks received by Pastry: 0.0
[HELPING] Avg % of chunks received by StarStream: NaN
[HELPING] Min % of chunks received by StarStream: Infinity
[HELPING] Max % of chunks received by StarStream: -Infinity
[HELPING] StD of chunks received by StarStream: 0.0
[HELPING] Var of chunks received by StarStream: 0.0
[HELPING] Latency: NaN
[HELPING] Min of perceived avg chunk delivery-time: Infinity
[HELPING] Max of perceived avg chunk delivery-time: -Infinity
[HELPING] Variance of perceived avg chunk delivery-time: 0.0
[HELPING] StD of perceived avg chunk delivery-time: 0.0
[HELPING] Avg messages sent per node: NaN
[HELPING] Min messages sent per node: Infinity
[HELPING] Max messages sent per node: -Infinity
[HELPING] Variance of messages sent per node: 0.0
[HELPING] StD of messages sent per node: 0.0
[HELPING] Nodes with incomplete playbacks: 0
[HELPING] Packet Loss: NaN
[HELPING] Min % of not played chunks: Infinity
[HELPING] Max % of not played chunks: -Infinity
[HELPING] Not played chunks [chunk-id/nodes]: {}
[HELPING] Avg distance between not played chunks: NaN
[HELPING] Min distance between not played chunks: Infinity
[HELPING] Max distance between not played chunks: -Infinity

