Total chunks: 100
Nodes x chunk: 2
Total nodes: 16
Active nodes: 16
Started playbacks: 16
Not started playbacks node-ids: []
Playbacks time-window: 114
Missing chunks distribution [missed-chunks/nodes]: {16=2, 2=1, 4=1, 5=2, 6=1, 7=2, 8=1, 9=2, 10=2, 11=1, 15=1}
Rejected chunks for ttl expiration [chunk-id/nodes]: 63 {1=3, 3=1, 4=6, 9=2, 10=1, 14=2, 18=1, 23=2, 27=2, 26=1, 31=2, 34=1, 33=1, 38=2, 36=1, 42=1, 43=1, 41=1, 46=5, 47=3, 44=3, 45=1, 50=11, 49=2, 48=1, 54=1, 53=2, 59=2, 58=1, 56=1, 63=1, 62=1, 61=1, 60=1, 68=1, 69=3, 70=1, 71=4, 64=3, 66=1, 67=1, 76=5, 78=2, 79=1, 73=1, 74=2, 85=2, 87=2, 86=3, 80=4, 83=3, 93=2, 92=1, 95=2, 94=2, 89=1, 88=5, 91=5, 90=1, 98=1, 99=1, 96=1, 97=3}
Rejected chunks for capacity limit [chunk-id/nodes]: 0 {}
bandwidthUtilUp: 0.008023532414140453
bandwidthUtilDown: 0.004966542097027183
Avg # of unsent chunk for max-retries: 0.0
Min # of unsent chunk for max-retries: 0.0
Max # of unsent chunk for max-retries: 0.0
Avg # of unsent chunk-reqs for max-retries: 0.0
Min # of unsent chunk-reqs for max-retries: 0.0
Max # of unsent chunk-reqs for max-retries: 0.0
Avg % of chunks received by Pastry: 9.3125
Min % of chunks received by Pastry: 2.0
Max % of chunks received by Pastry: 20.0
StD of chunks received by Pastry: 6.915863407172431
Var of chunks received by Pastry: 47.829166666666666
Avg % of chunks received by StarStream: 89.8125
Min % of chunks received by StarStream: 79.0
Max % of chunks received by StarStream: 97.0
StD of chunks received by StarStream: 6.968679932383177
Var of chunks received by StarStream: 48.5625
[NONMOJO] Startup Delay: 64.8125
[MOJO] Startup Delay: 224.4
[MOJO] Latency: 8.499678991357671
Min of perceived avg chunk delivery-time: 7.421686746987952
Max of perceived avg chunk delivery-time: 9.341176470588236
Variance of perceived avg chunk delivery-time: 0.3357779591945018
StD of perceived avg chunk delivery-time: 0.5794635098041134
Avg messages sent per node: 2654.375
Min messages sent per node: 1465.0
Max messages sent per node: 3754.0
Variance of messages sent per node: 605048.65
StD of messages sent per node: 777.8487320809876
Nodes with incomplete playbacks: 16
[MOJO] Continuity Index: 63.5
[MOJO] Packet Loss: 36.5
Min % of not played chunks: 4.0
Max % of not played chunks: 99.0
Not played chunks [chunk-id/nodes]: {1=9, 2=5, 3=6, 4=9, 5=4, 6=4, 7=5, 8=6, 9=6, 10=4, 11=5, 12=5, 13=5, 14=5, 15=6, 17=5, 16=4, 19=5, 18=6, 21=5, 20=4, 23=5, 22=5, 25=5, 24=4, 27=7, 26=6, 29=5, 28=4, 31=6, 30=4, 34=3, 35=6, 32=7, 33=6, 38=5, 39=4, 36=5, 37=4, 42=6, 43=6, 40=5, 41=4, 46=8, 47=8, 44=8, 45=6, 51=4, 50=13, 49=7, 48=5, 55=5, 54=6, 53=8, 52=6, 59=5, 58=6, 57=5, 56=6, 63=6, 62=6, 61=6, 60=6, 68=5, 69=7, 70=5, 71=12, 64=9, 65=5, 66=5, 67=5, 76=9, 77=4, 78=6, 79=6, 72=5, 73=7, 74=7, 75=6, 85=8, 84=4, 87=6, 86=6, 81=5, 80=7, 83=6, 82=5, 93=6, 92=5, 95=8, 94=7, 89=7, 88=10, 91=7, 90=6, 98=4, 99=5, 96=6, 97=8}
Avg distance between not played chunks: 6.529375468086844
Min distance between not played chunks: 1.0
Max distance between not played chunks: 17.4

HELPING PEERS LOG

[HELPING] Active nodes: 0
[HELPING] Started playbacks: 0
[HELPING] Not started playbacks node-ids: []
[HELPING] Playbacks time-window: -9223372036854775807
[HELPING] Missing chunks distribution [missed-chunks/nodes]: {}
[HELPING] Rejected chunks for ttl expiration [chunk-id/nodes]: 0 {}
[HELPING] Rejected chunks for capacity limit [chunk-id/nodes]: 0 {}
[HELPING] bandwidthUtilUp: NaN
[HELPING] bandwidthUtilDown: NaN
[HELPING] Avg # of unsent chunk for max-retries: NaN
[HELPING] Min # of unsent chunk for max-retries: Infinity
[HELPING] Max # of unsent chunk for max-retries: -Infinity
[HELPING] Avg # of unsent chunk-reqs for max-retries: NaN
[HELPING] Min # of unsent chunk-reqs for max-retries: Infinity
[HELPING] Max # of unsent chunk-reqs for max-retries: -Infinity
[HELPING] Avg % of chunks received by Pastry: NaN
[HELPING] Min % of chunks received by Pastry: Infinity
[HELPING] Max % of chunks received by Pastry: -Infinity
[HELPING] StD of chunks received by Pastry: 0.0
[HELPING] Var of chunks received by Pastry: 0.0
[HELPING] Avg % of chunks received by StarStream: NaN
[HELPING] Min % of chunks received by StarStream: Infinity
[HELPING] Max % of chunks received by StarStream: -Infinity
[HELPING] StD of chunks received by StarStream: 0.0
[HELPING] Var of chunks received by StarStream: 0.0
[HELPING] Latency: NaN
[HELPING] Min of perceived avg chunk delivery-time: Infinity
[HELPING] Max of perceived avg chunk delivery-time: -Infinity
[HELPING] Variance of perceived avg chunk delivery-time: 0.0
[HELPING] StD of perceived avg chunk delivery-time: 0.0
[HELPING] Avg messages sent per node: NaN
[HELPING] Min messages sent per node: Infinity
[HELPING] Max messages sent per node: -Infinity
[HELPING] Variance of messages sent per node: 0.0
[HELPING] StD of messages sent per node: 0.0
[HELPING] Nodes with incomplete playbacks: 0
[HELPING] Packet Loss: NaN
[HELPING] Min % of not played chunks: Infinity
[HELPING] Max % of not played chunks: -Infinity
[HELPING] Not played chunks [chunk-id/nodes]: {}
[HELPING] Avg distance between not played chunks: NaN
[HELPING] Min distance between not played chunks: Infinity
[HELPING] Max distance between not played chunks: -Infinity

