Total chunks: 100
Nodes x chunk: 2
Total nodes: 26
Active nodes: 16
Started playbacks: 16
Not started playbacks node-ids: []
Playbacks time-window: 132
Missing chunks distribution [missed-chunks/nodes]: {17=1, 16=2, 4=2, 5=2, 22=2, 7=3, 8=2, 12=1, 13=1}
Rejected chunks for ttl expiration [chunk-id/nodes]: 58 {1=2, 9=2, 17=2, 19=1, 21=1, 20=3, 24=1, 28=6, 35=3, 39=2, 42=4, 43=1, 40=1, 46=5, 44=1, 45=4, 50=6, 54=5, 53=3, 52=3, 59=2, 58=1, 57=1, 56=1, 63=3, 62=4, 61=1, 60=1, 68=6, 70=5, 71=1, 64=8, 66=4, 67=2, 77=5, 78=4, 79=2, 73=2, 74=3, 75=4, 84=1, 87=2, 86=1, 81=1, 80=1, 82=2, 93=2, 92=7, 95=3, 94=2, 89=6, 88=3, 91=2, 90=1, 98=4, 99=3, 96=9, 97=5}
Rejected chunks for capacity limit [chunk-id/nodes]: 0 {}
bandwidthUtilUp: 0.008252450628805573
bandwidthUtilDown: 0.0052065854578433384
Avg # of unsent chunk for max-retries: 0.0
Min # of unsent chunk for max-retries: 0.0
Max # of unsent chunk for max-retries: 0.0
Avg # of unsent chunk-reqs for max-retries: 0.0625
Min # of unsent chunk-reqs for max-retries: 0.0
Max # of unsent chunk-reqs for max-retries: 1.0
Avg % of chunks received by Pastry: 10.0
Min % of chunks received by Pastry: 2.0
Max % of chunks received by Pastry: 24.0
StD of chunks received by Pastry: 7.080489625254269
Var of chunks received by Pastry: 50.13333333333333
Avg % of chunks received by StarStream: 89.0
Min % of chunks received by StarStream: 75.0
Max % of chunks received by StarStream: 97.0
StD of chunks received by StarStream: 7.080489625254269
Var of chunks received by StarStream: 50.13333333333333
[NONMOJO] Startup Delay: 63.8125
[MOJO] Startup Delay: -151.1
[MOJO] Latency: 8.492620711715627
Min of perceived avg chunk delivery-time: 8.086021505376344
Max of perceived avg chunk delivery-time: 9.229885057471265
Variance of perceived avg chunk delivery-time: 0.1226377981393701
StD of perceived avg chunk delivery-time: 0.3501967991563745
Avg messages sent per node: 2456.0
Min messages sent per node: 1550.0
Max messages sent per node: 3895.0
Variance of messages sent per node: 451272.39999999997
StD of messages sent per node: 671.7681147538933
Nodes with incomplete playbacks: 16
[MOJO] Continuity Index: 74.0625
[MOJO] Packet Loss: 25.9375
Min % of not played chunks: 5.0
Max % of not played chunks: 99.0
Not played chunks [chunk-id/nodes]: {1=4, 2=3, 3=3, 4=2, 5=2, 6=2, 7=2, 8=3, 9=4, 10=2, 11=3, 12=2, 13=3, 14=2, 15=2, 17=4, 16=3, 19=4, 18=2, 21=4, 20=5, 23=2, 22=3, 25=3, 24=5, 27=2, 26=3, 29=2, 28=8, 31=3, 30=2, 34=2, 35=5, 32=3, 33=3, 38=3, 39=4, 36=3, 37=2, 42=7, 43=3, 40=4, 41=3, 46=8, 47=2, 44=2, 45=7, 51=3, 50=7, 49=4, 48=2, 55=3, 54=7, 53=6, 52=5, 59=4, 58=4, 57=3, 56=4, 63=5, 62=7, 61=3, 60=4, 68=9, 69=2, 70=7, 71=4, 64=9, 65=2, 66=6, 67=5, 76=3, 77=7, 78=6, 79=5, 72=3, 73=4, 74=6, 75=7, 85=3, 84=4, 87=4, 86=3, 81=3, 80=4, 83=3, 82=5, 93=5, 92=7, 95=5, 94=3, 89=9, 88=5, 91=5, 90=4, 98=7, 99=6, 96=12, 97=7}
Avg distance between not played chunks: 6.394703213453214
Min distance between not played chunks: 1.0
Max distance between not played chunks: 14.0

HELPING PEERS LOG

[HELPING] Active nodes: 0
[HELPING] Started playbacks: 0
[HELPING] Not started playbacks node-ids: []
[HELPING] Playbacks time-window: -9223372036854775807
[HELPING] Missing chunks distribution [missed-chunks/nodes]: {}
[HELPING] Rejected chunks for ttl expiration [chunk-id/nodes]: 0 {}
[HELPING] Rejected chunks for capacity limit [chunk-id/nodes]: 0 {}
[HELPING] bandwidthUtilUp: NaN
[HELPING] bandwidthUtilDown: NaN
[HELPING] Avg # of unsent chunk for max-retries: NaN
[HELPING] Min # of unsent chunk for max-retries: Infinity
[HELPING] Max # of unsent chunk for max-retries: -Infinity
[HELPING] Avg # of unsent chunk-reqs for max-retries: NaN
[HELPING] Min # of unsent chunk-reqs for max-retries: Infinity
[HELPING] Max # of unsent chunk-reqs for max-retries: -Infinity
[HELPING] Avg % of chunks received by Pastry: NaN
[HELPING] Min % of chunks received by Pastry: Infinity
[HELPING] Max % of chunks received by Pastry: -Infinity
[HELPING] StD of chunks received by Pastry: 0.0
[HELPING] Var of chunks received by Pastry: 0.0
[HELPING] Avg % of chunks received by StarStream: NaN
[HELPING] Min % of chunks received by StarStream: Infinity
[HELPING] Max % of chunks received by StarStream: -Infinity
[HELPING] StD of chunks received by StarStream: 0.0
[HELPING] Var of chunks received by StarStream: 0.0
[HELPING] Latency: NaN
[HELPING] Min of perceived avg chunk delivery-time: Infinity
[HELPING] Max of perceived avg chunk delivery-time: -Infinity
[HELPING] Variance of perceived avg chunk delivery-time: 0.0
[HELPING] StD of perceived avg chunk delivery-time: 0.0
[HELPING] Avg messages sent per node: NaN
[HELPING] Min messages sent per node: Infinity
[HELPING] Max messages sent per node: -Infinity
[HELPING] Variance of messages sent per node: 0.0
[HELPING] StD of messages sent per node: 0.0
[HELPING] Nodes with incomplete playbacks: 0
[HELPING] Packet Loss: NaN
[HELPING] Min % of not played chunks: Infinity
[HELPING] Max % of not played chunks: -Infinity
[HELPING] Not played chunks [chunk-id/nodes]: {}
[HELPING] Avg distance between not played chunks: NaN
[HELPING] Min distance between not played chunks: Infinity
[HELPING] Max distance between not played chunks: -Infinity

