Total chunks: 100
Nodes x chunk: 2
Total nodes: 16
Active nodes: 16
Started playbacks: 16
Not started playbacks node-ids: []
Playbacks time-window: 208
Missing chunks distribution [missed-chunks/nodes]: {0=3, 1=3, 2=1, 3=3, 4=3, 5=1, 6=1, 7=1}
Rejected chunks for ttl expiration [chunk-id/nodes]: 24 {69=1, 1=3, 2=1, 3=1, 76=1, 8=1, 78=3, 79=1, 73=1, 75=2, 17=1, 16=1, 50=4, 87=1, 86=2, 81=2, 52=1, 58=3, 63=1, 89=1, 28=1, 91=3, 61=3, 60=2}
Rejected chunks for capacity limit [chunk-id/nodes]: 0 {}
bandwidthUtilUp: 0.008660953242538948
bandwidthUtilDown: 0.005159885679558178
Avg # of unsent chunk for max-retries: 0.0
Min # of unsent chunk for max-retries: 0.0
Max # of unsent chunk for max-retries: 0.0
Avg # of unsent chunk-reqs for max-retries: 0.25
Min # of unsent chunk-reqs for max-retries: 0.0
Max # of unsent chunk-reqs for max-retries: 3.0
Avg % of chunks received by Pastry: 9.5625
Min % of chunks received by Pastry: 1.0
Max % of chunks received by Pastry: 17.0
StD of chunks received by Pastry: 4.545602270326783
Var of chunks received by Pastry: 20.6625
Avg % of chunks received by StarStream: 89.4375
Min % of chunks received by StarStream: 82.0
Max % of chunks received by StarStream: 98.0
StD of chunks received by StarStream: 4.545602270326783
Var of chunks received by StarStream: 20.6625
[NONMOJO] Startup Delay: 61.125
[MOJO] Startup Delay: 83.0
[MOJO] Latency: 7.718126168794875
Min of perceived avg chunk delivery-time: 6.597938144329897
Max of perceived avg chunk delivery-time: 8.505154639175258
Variance of perceived avg chunk delivery-time: 0.34972671293649
StD of perceived avg chunk delivery-time: 0.5913769634814076
Avg messages sent per node: 3628.9375
Min messages sent per node: 1975.0
Max messages sent per node: 4506.0
Variance of messages sent per node: 503125.92916666664
StD of messages sent per node: 709.3137029316906
Nodes with incomplete playbacks: 16
[MOJO] Continuity Index: 67.4375
[MOJO] Packet Loss: 32.5625
Min % of not played chunks: 2.0
Max % of not played chunks: 99.0
Not played chunks [chunk-id/nodes]: {1=8, 2=6, 3=6, 4=4, 5=5, 6=6, 7=5, 8=5, 9=5, 10=6, 11=6, 12=6, 13=4, 14=5, 15=6, 17=5, 16=5, 19=4, 18=4, 21=4, 20=4, 23=6, 22=5, 25=4, 24=6, 27=2, 26=6, 29=4, 28=6, 31=5, 30=3, 34=5, 35=4, 32=4, 33=5, 38=4, 39=5, 36=4, 37=5, 42=5, 43=5, 40=6, 41=4, 46=4, 47=6, 44=7, 45=6, 51=5, 50=8, 49=5, 48=6, 55=3, 54=4, 53=5, 52=5, 59=5, 58=7, 57=5, 56=5, 63=6, 62=6, 61=5, 60=7, 68=6, 69=8, 70=5, 71=5, 64=7, 65=5, 66=5, 67=5, 76=6, 77=5, 78=8, 79=5, 72=4, 73=6, 74=5, 75=6, 85=6, 84=6, 87=5, 86=8, 81=7, 80=4, 83=6, 82=6, 93=4, 92=5, 95=5, 94=4, 89=5, 88=5, 91=6, 90=4, 98=5, 99=5, 96=5, 97=7}
Avg distance between not played chunks: 12.894014838101993
Min distance between not played chunks: 1.0
Max distance between not played chunks: 77.0

HELPING PEERS LOG

[HELPING] Active nodes: 0
[HELPING] Started playbacks: 0
[HELPING] Not started playbacks node-ids: []
[HELPING] Playbacks time-window: -9223372036854775807
[HELPING] Missing chunks distribution [missed-chunks/nodes]: {}
[HELPING] Rejected chunks for ttl expiration [chunk-id/nodes]: 0 {}
[HELPING] Rejected chunks for capacity limit [chunk-id/nodes]: 0 {}
[HELPING] bandwidthUtilUp: NaN
[HELPING] bandwidthUtilDown: NaN
[HELPING] Avg # of unsent chunk for max-retries: NaN
[HELPING] Min # of unsent chunk for max-retries: Infinity
[HELPING] Max # of unsent chunk for max-retries: -Infinity
[HELPING] Avg # of unsent chunk-reqs for max-retries: NaN
[HELPING] Min # of unsent chunk-reqs for max-retries: Infinity
[HELPING] Max # of unsent chunk-reqs for max-retries: -Infinity
[HELPING] Avg % of chunks received by Pastry: NaN
[HELPING] Min % of chunks received by Pastry: Infinity
[HELPING] Max % of chunks received by Pastry: -Infinity
[HELPING] StD of chunks received by Pastry: 0.0
[HELPING] Var of chunks received by Pastry: 0.0
[HELPING] Avg % of chunks received by StarStream: NaN
[HELPING] Min % of chunks received by StarStream: Infinity
[HELPING] Max % of chunks received by StarStream: -Infinity
[HELPING] StD of chunks received by StarStream: 0.0
[HELPING] Var of chunks received by StarStream: 0.0
[HELPING] Latency: NaN
[HELPING] Min of perceived avg chunk delivery-time: Infinity
[HELPING] Max of perceived avg chunk delivery-time: -Infinity
[HELPING] Variance of perceived avg chunk delivery-time: 0.0
[HELPING] StD of perceived avg chunk delivery-time: 0.0
[HELPING] Avg messages sent per node: NaN
[HELPING] Min messages sent per node: Infinity
[HELPING] Max messages sent per node: -Infinity
[HELPING] Variance of messages sent per node: 0.0
[HELPING] StD of messages sent per node: 0.0
[HELPING] Nodes with incomplete playbacks: 0
[HELPING] Packet Loss: NaN
[HELPING] Min % of not played chunks: Infinity
[HELPING] Max % of not played chunks: -Infinity
[HELPING] Not played chunks [chunk-id/nodes]: {}
[HELPING] Avg distance between not played chunks: NaN
[HELPING] Min distance between not played chunks: Infinity
[HELPING] Max distance between not played chunks: -Infinity

