Total chunks: 100
Nodes x chunk: 2
Total nodes: 16
Active nodes: 16
Started playbacks: 16
Not started playbacks node-ids: []
Playbacks time-window: 109
Missing chunks distribution [missed-chunks/nodes]: {0=1, 1=1, 2=6, 3=1, 4=1, 5=5, 8=1}
Rejected chunks for ttl expiration [chunk-id/nodes]: 30 {69=5, 1=1, 64=1, 67=1, 8=1, 76=1, 77=3, 78=2, 79=1, 13=1, 87=3, 83=1, 82=2, 93=1, 92=1, 95=7, 26=1, 94=1, 28=1, 31=1, 35=1, 98=1, 46=3, 45=1, 51=1, 50=1, 48=2, 59=2, 56=2, 61=2}
Rejected chunks for capacity limit [chunk-id/nodes]: 0 {}
bandwidthUtilUp: 0.008690931339157172
bandwidthUtilDown: 0.005493410588487131
Avg # of unsent chunk for max-retries: 0.0
Min # of unsent chunk for max-retries: 0.0
Max # of unsent chunk for max-retries: 0.0
Avg # of unsent chunk-reqs for max-retries: 0.0
Min # of unsent chunk-reqs for max-retries: 0.0
Max # of unsent chunk-reqs for max-retries: 0.0
Avg % of chunks received by Pastry: 7.125
Min % of chunks received by Pastry: 0.0
Max % of chunks received by Pastry: 16.0
StD of chunks received by Pastry: 5.725673177307043
Var of chunks received by Pastry: 32.78333333333333
Avg % of chunks received by StarStream: 92.0
Min % of chunks received by StarStream: 83.0
Max % of chunks received by StarStream: 100.0
StD of chunks received by StarStream: 5.876506898943736
Var of chunks received by StarStream: 34.53333333333333
[NONMOJO] Startup Delay: 69.75
[MOJO] Startup Delay: 169.0
[MOJO] Latency: 8.213171537197994
Min of perceived avg chunk delivery-time: 7.510204081632653
Max of perceived avg chunk delivery-time: 9.094736842105263
Variance of perceived avg chunk delivery-time: 0.2332425284446799
StD of perceived avg chunk delivery-time: 0.48295189040387854
Avg messages sent per node: 3273.0
Min messages sent per node: 1705.0
Max messages sent per node: 4622.0
Variance of messages sent per node: 826649.3333333334
StD of messages sent per node: 909.202581019947
Nodes with incomplete playbacks: 15
[MOJO] Continuity Index: 89.3125
[MOJO] Packet Loss: 10.6875
Min % of not played chunks: 0.0
Max % of not played chunks: 99.0
Not played chunks [chunk-id/nodes]: {1=3, 2=1, 3=1, 4=1, 5=2, 6=1, 7=1, 8=2, 9=1, 10=1, 11=1, 12=1, 13=2, 14=1, 15=1, 17=1, 16=1, 19=1, 18=2, 21=1, 20=1, 23=2, 22=2, 25=1, 24=1, 27=1, 26=2, 29=1, 28=2, 31=2, 30=1, 34=1, 35=2, 32=1, 33=1, 38=1, 39=1, 36=1, 37=1, 42=1, 43=2, 40=1, 41=1, 46=4, 47=1, 44=1, 45=2, 51=2, 50=2, 49=1, 48=4, 55=1, 54=1, 53=1, 52=2, 59=3, 58=1, 57=1, 56=3, 63=1, 62=1, 61=4, 60=1, 68=2, 69=7, 70=1, 71=1, 64=3, 65=1, 66=2, 67=2, 76=2, 77=4, 78=3, 79=3, 72=1, 73=2, 74=1, 75=1, 85=2, 84=1, 87=5, 86=1, 81=1, 80=1, 83=3, 82=3, 93=2, 92=3, 95=7, 94=2, 89=2, 88=1, 91=2, 90=1, 98=2, 99=1, 96=1, 97=1}
Avg distance between not played chunks: 14.725272108843537
Min distance between not played chunks: 1.0
Max distance between not played chunks: 33.0

HELPING PEERS LOG

[HELPING] Active nodes: 0
[HELPING] Started playbacks: 0
[HELPING] Not started playbacks node-ids: []
[HELPING] Playbacks time-window: -9223372036854775807
[HELPING] Missing chunks distribution [missed-chunks/nodes]: {}
[HELPING] Rejected chunks for ttl expiration [chunk-id/nodes]: 0 {}
[HELPING] Rejected chunks for capacity limit [chunk-id/nodes]: 0 {}
[HELPING] bandwidthUtilUp: NaN
[HELPING] bandwidthUtilDown: NaN
[HELPING] Avg # of unsent chunk for max-retries: NaN
[HELPING] Min # of unsent chunk for max-retries: Infinity
[HELPING] Max # of unsent chunk for max-retries: -Infinity
[HELPING] Avg # of unsent chunk-reqs for max-retries: NaN
[HELPING] Min # of unsent chunk-reqs for max-retries: Infinity
[HELPING] Max # of unsent chunk-reqs for max-retries: -Infinity
[HELPING] Avg % of chunks received by Pastry: NaN
[HELPING] Min % of chunks received by Pastry: Infinity
[HELPING] Max % of chunks received by Pastry: -Infinity
[HELPING] StD of chunks received by Pastry: 0.0
[HELPING] Var of chunks received by Pastry: 0.0
[HELPING] Avg % of chunks received by StarStream: NaN
[HELPING] Min % of chunks received by StarStream: Infinity
[HELPING] Max % of chunks received by StarStream: -Infinity
[HELPING] StD of chunks received by StarStream: 0.0
[HELPING] Var of chunks received by StarStream: 0.0
[HELPING] Latency: NaN
[HELPING] Min of perceived avg chunk delivery-time: Infinity
[HELPING] Max of perceived avg chunk delivery-time: -Infinity
[HELPING] Variance of perceived avg chunk delivery-time: 0.0
[HELPING] StD of perceived avg chunk delivery-time: 0.0
[HELPING] Avg messages sent per node: NaN
[HELPING] Min messages sent per node: Infinity
[HELPING] Max messages sent per node: -Infinity
[HELPING] Variance of messages sent per node: 0.0
[HELPING] StD of messages sent per node: 0.0
[HELPING] Nodes with incomplete playbacks: 0
[HELPING] Packet Loss: NaN
[HELPING] Min % of not played chunks: Infinity
[HELPING] Max % of not played chunks: -Infinity
[HELPING] Not played chunks [chunk-id/nodes]: {}
[HELPING] Avg distance between not played chunks: NaN
[HELPING] Min distance between not played chunks: Infinity
[HELPING] Max distance between not played chunks: -Infinity

