Total chunks: 100
Nodes x chunk: 2
Total nodes: 16
Active nodes: 16
Started playbacks: 16
Not started playbacks node-ids: []
Playbacks time-window: 60
Missing chunks distribution [missed-chunks/nodes]: {1=1, 3=1, 5=1, 6=1, 22=1, 7=4, 8=1, 10=4, 11=2}
Rejected chunks for ttl expiration [chunk-id/nodes]: 52 {0=2, 1=1, 4=2, 8=1, 10=1, 12=2, 13=1, 16=1, 18=1, 21=1, 20=4, 25=3, 27=3, 32=3, 36=1, 42=4, 43=11, 41=1, 46=2, 47=2, 44=3, 45=3, 50=1, 49=1, 53=1, 52=6, 59=2, 58=3, 63=1, 62=9, 60=1, 68=3, 69=1, 71=3, 64=2, 67=3, 76=1, 77=6, 79=2, 75=3, 85=1, 84=7, 87=2, 81=1, 80=3, 83=2, 95=1, 94=2, 89=1, 90=1, 98=1, 97=1}
Rejected chunks for capacity limit [chunk-id/nodes]: 0 {}
bandwidthUtilUp: 0.007845302747938765
bandwidthUtilDown: 0.004768677073533576
Avg # of unsent chunk for max-retries: 0.0
Min # of unsent chunk for max-retries: 0.0
Max # of unsent chunk for max-retries: 0.0
Avg # of unsent chunk-reqs for max-retries: 0.5625
Min # of unsent chunk-reqs for max-retries: 0.0
Max # of unsent chunk-reqs for max-retries: 2.0
Avg % of chunks received by Pastry: 9.75
Min % of chunks received by Pastry: 1.0
Max % of chunks received by Pastry: 22.0
StD of chunks received by Pastry: 5.87083185474313
Var of chunks received by Pastry: 34.46666666666667
Avg % of chunks received by StarStream: 89.3125
Min % of chunks received by StarStream: 77.0
Max % of chunks received by StarStream: 98.0
StD of chunks received by StarStream: 5.907269532815761
Var of chunks received by StarStream: 34.895833333333336
[NONMOJO] Startup Delay: 48.3125
[MOJO] Startup Delay: 101.3
[MOJO] Latency: 8.431340674918745
Min of perceived avg chunk delivery-time: 7.11578947368421
Max of perceived avg chunk delivery-time: 9.753246753246753
Variance of perceived avg chunk delivery-time: 0.40373070754353646
StD of perceived avg chunk delivery-time: 0.6353980701446429
Avg messages sent per node: 2268.9375
Min messages sent per node: 1339.0
Max messages sent per node: 3738.0
Variance of messages sent per node: 453466.99583333335
StD of messages sent per node: 673.3995811057008
Nodes with incomplete playbacks: 16
[MOJO] Continuity Index: 79.8125
[MOJO] Packet Loss: 20.1875
Min % of not played chunks: 1.0
Max % of not played chunks: 99.0
Not played chunks [chunk-id/nodes]: {1=2, 2=2, 3=2, 4=3, 5=2, 6=1, 7=2, 8=3, 9=2, 10=3, 11=1, 12=3, 13=4, 14=2, 15=2, 17=2, 16=3, 19=1, 18=3, 21=3, 20=5, 23=2, 22=2, 25=7, 24=2, 27=5, 26=2, 29=2, 28=2, 31=2, 30=2, 34=1, 35=3, 32=5, 33=2, 38=3, 39=1, 36=3, 37=1, 42=7, 43=11, 40=1, 41=2, 46=4, 47=4, 44=6, 45=5, 51=2, 50=3, 49=3, 48=2, 55=2, 54=3, 53=5, 52=8, 59=4, 58=6, 57=1, 56=2, 63=2, 62=10, 61=3, 60=3, 68=7, 69=3, 70=2, 71=5, 64=4, 65=2, 66=2, 67=5, 76=3, 77=8, 78=2, 79=8, 72=3, 73=2, 74=2, 75=5, 85=4, 84=9, 87=3, 86=3, 81=3, 80=6, 83=4, 82=3, 93=1, 92=2, 95=3, 94=4, 89=2, 88=2, 91=2, 90=2, 98=3, 99=3, 96=2, 97=2}
Avg distance between not played chunks: 6.736468072769442
Min distance between not played chunks: 1.0
Max distance between not played chunks: 17.2

HELPING PEERS LOG

[HELPING] Active nodes: 0
[HELPING] Started playbacks: 0
[HELPING] Not started playbacks node-ids: []
[HELPING] Playbacks time-window: -9223372036854775807
[HELPING] Missing chunks distribution [missed-chunks/nodes]: {}
[HELPING] Rejected chunks for ttl expiration [chunk-id/nodes]: 0 {}
[HELPING] Rejected chunks for capacity limit [chunk-id/nodes]: 0 {}
[HELPING] bandwidthUtilUp: NaN
[HELPING] bandwidthUtilDown: NaN
[HELPING] Avg # of unsent chunk for max-retries: NaN
[HELPING] Min # of unsent chunk for max-retries: Infinity
[HELPING] Max # of unsent chunk for max-retries: -Infinity
[HELPING] Avg # of unsent chunk-reqs for max-retries: NaN
[HELPING] Min # of unsent chunk-reqs for max-retries: Infinity
[HELPING] Max # of unsent chunk-reqs for max-retries: -Infinity
[HELPING] Avg % of chunks received by Pastry: NaN
[HELPING] Min % of chunks received by Pastry: Infinity
[HELPING] Max % of chunks received by Pastry: -Infinity
[HELPING] StD of chunks received by Pastry: 0.0
[HELPING] Var of chunks received by Pastry: 0.0
[HELPING] Avg % of chunks received by StarStream: NaN
[HELPING] Min % of chunks received by StarStream: Infinity
[HELPING] Max % of chunks received by StarStream: -Infinity
[HELPING] StD of chunks received by StarStream: 0.0
[HELPING] Var of chunks received by StarStream: 0.0
[HELPING] Latency: NaN
[HELPING] Min of perceived avg chunk delivery-time: Infinity
[HELPING] Max of perceived avg chunk delivery-time: -Infinity
[HELPING] Variance of perceived avg chunk delivery-time: 0.0
[HELPING] StD of perceived avg chunk delivery-time: 0.0
[HELPING] Avg messages sent per node: NaN
[HELPING] Min messages sent per node: Infinity
[HELPING] Max messages sent per node: -Infinity
[HELPING] Variance of messages sent per node: 0.0
[HELPING] StD of messages sent per node: 0.0
[HELPING] Nodes with incomplete playbacks: 0
[HELPING] Packet Loss: NaN
[HELPING] Min % of not played chunks: Infinity
[HELPING] Max % of not played chunks: -Infinity
[HELPING] Not played chunks [chunk-id/nodes]: {}
[HELPING] Avg distance between not played chunks: NaN
[HELPING] Min distance between not played chunks: Infinity
[HELPING] Max distance between not played chunks: -Infinity

