Total chunks: 100
Nodes x chunk: 2
Total nodes: 16
Active nodes: 16
Started playbacks: 16
Not started playbacks node-ids: []
Playbacks time-window: 114
Missing chunks distribution [missed-chunks/nodes]: {0=1, 1=5, 2=3, 3=1, 4=1, 5=1, 7=2, 8=1, 10=1}
Rejected chunks for ttl expiration [chunk-id/nodes]: 25 {69=1, 70=1, 71=1, 98=4, 65=1, 36=1, 97=1, 76=2, 77=1, 78=3, 72=2, 47=1, 73=1, 75=1, 85=2, 84=1, 86=1, 48=1, 80=2, 53=1, 93=1, 63=1, 28=1, 61=2, 90=2}
Rejected chunks for capacity limit [chunk-id/nodes]: 0 {}
bandwidthUtilUp: 0.00850502094515628
bandwidthUtilDown: 0.004920320828444654
Avg # of unsent chunk for max-retries: 0.0
Min # of unsent chunk for max-retries: 0.0
Max # of unsent chunk for max-retries: 0.0
Avg # of unsent chunk-reqs for max-retries: 0.1875
Min # of unsent chunk-reqs for max-retries: 0.0
Max # of unsent chunk-reqs for max-retries: 3.0
Avg % of chunks received by Pastry: 7.1875
Min % of chunks received by Pastry: 0.0
Max % of chunks received by Pastry: 16.0
StD of chunks received by Pastry: 4.150803135137424
Var of chunks received by Pastry: 17.229166666666668
Avg % of chunks received by StarStream: 91.875
Min % of chunks received by StarStream: 83.0
Max % of chunks received by StarStream: 100.0
StD of chunks received by StarStream: 4.272001872658765
Var of chunks received by StarStream: 18.25
[NONMOJO] Startup Delay: 75.3125
[MOJO] Startup Delay: 95.6
[MOJO] Latency: 7.900419839814528
Min of perceived avg chunk delivery-time: 6.907216494845361
Max of perceived avg chunk delivery-time: 9.033333333333333
Variance of perceived avg chunk delivery-time: 0.3692835830469524
StD of perceived avg chunk delivery-time: 0.6076870765837895
Avg messages sent per node: 4070.1875
Min messages sent per node: 3123.0
Max messages sent per node: 4626.0
Variance of messages sent per node: 253167.89583333334
StD of messages sent per node: 503.15792335342724
Nodes with incomplete playbacks: 15
[MOJO] Continuity Index: 77.6875
[MOJO] Packet Loss: 22.3125
Min % of not played chunks: 0.0
Max % of not played chunks: 99.0
Not played chunks [chunk-id/nodes]: {1=9, 2=3, 3=3, 4=3, 5=3, 6=3, 7=3, 8=3, 9=3, 10=3, 11=3, 12=3, 13=3, 14=3, 15=3, 17=3, 16=3, 19=3, 18=3, 21=3, 20=3, 23=4, 22=3, 25=3, 24=3, 27=3, 26=3, 29=3, 28=4, 31=3, 30=4, 34=2, 35=3, 32=3, 33=3, 38=3, 39=4, 36=5, 37=3, 42=3, 43=3, 40=4, 41=3, 46=3, 47=5, 44=3, 45=3, 51=3, 50=3, 49=3, 48=4, 55=3, 54=3, 53=3, 52=3, 59=3, 58=3, 57=4, 56=3, 63=4, 62=3, 61=7, 60=3, 68=3, 69=4, 70=4, 71=5, 64=3, 65=5, 66=3, 67=3, 76=5, 77=5, 78=7, 79=3, 72=5, 73=6, 74=4, 75=4, 85=4, 84=5, 87=3, 86=4, 81=3, 80=5, 83=3, 82=2, 93=5, 92=3, 95=3, 94=3, 89=2, 88=3, 91=4, 90=6, 98=8, 99=5, 96=3, 97=4}
Avg distance between not played chunks: 15.22765053298761
Min distance between not played chunks: 1.0
Max distance between not played chunks: 48.5

HELPING PEERS LOG

[HELPING] Active nodes: 0
[HELPING] Started playbacks: 0
[HELPING] Not started playbacks node-ids: []
[HELPING] Playbacks time-window: -9223372036854775807
[HELPING] Missing chunks distribution [missed-chunks/nodes]: {}
[HELPING] Rejected chunks for ttl expiration [chunk-id/nodes]: 0 {}
[HELPING] Rejected chunks for capacity limit [chunk-id/nodes]: 0 {}
[HELPING] bandwidthUtilUp: NaN
[HELPING] bandwidthUtilDown: NaN
[HELPING] Avg # of unsent chunk for max-retries: NaN
[HELPING] Min # of unsent chunk for max-retries: Infinity
[HELPING] Max # of unsent chunk for max-retries: -Infinity
[HELPING] Avg # of unsent chunk-reqs for max-retries: NaN
[HELPING] Min # of unsent chunk-reqs for max-retries: Infinity
[HELPING] Max # of unsent chunk-reqs for max-retries: -Infinity
[HELPING] Avg % of chunks received by Pastry: NaN
[HELPING] Min % of chunks received by Pastry: Infinity
[HELPING] Max % of chunks received by Pastry: -Infinity
[HELPING] StD of chunks received by Pastry: 0.0
[HELPING] Var of chunks received by Pastry: 0.0
[HELPING] Avg % of chunks received by StarStream: NaN
[HELPING] Min % of chunks received by StarStream: Infinity
[HELPING] Max % of chunks received by StarStream: -Infinity
[HELPING] StD of chunks received by StarStream: 0.0
[HELPING] Var of chunks received by StarStream: 0.0
[HELPING] Latency: NaN
[HELPING] Min of perceived avg chunk delivery-time: Infinity
[HELPING] Max of perceived avg chunk delivery-time: -Infinity
[HELPING] Variance of perceived avg chunk delivery-time: 0.0
[HELPING] StD of perceived avg chunk delivery-time: 0.0
[HELPING] Avg messages sent per node: NaN
[HELPING] Min messages sent per node: Infinity
[HELPING] Max messages sent per node: -Infinity
[HELPING] Variance of messages sent per node: 0.0
[HELPING] StD of messages sent per node: 0.0
[HELPING] Nodes with incomplete playbacks: 0
[HELPING] Packet Loss: NaN
[HELPING] Min % of not played chunks: Infinity
[HELPING] Max % of not played chunks: -Infinity
[HELPING] Not played chunks [chunk-id/nodes]: {}
[HELPING] Avg distance between not played chunks: NaN
[HELPING] Min distance between not played chunks: Infinity
[HELPING] Max distance between not played chunks: -Infinity

