Total chunks: 100
Nodes x chunk: 2
Total nodes: 32
Active nodes: 16
Started playbacks: 16
Not started playbacks node-ids: []
Playbacks time-window: 111
Missing chunks distribution [missed-chunks/nodes]: {0=15, 2=1}
Rejected chunks for ttl expiration [chunk-id/nodes]: 2 {0=2, 1=1}
Rejected chunks for capacity limit [chunk-id/nodes]: 0 {}
bandwidthUtilUp: 0.013433735975017066
bandwidthUtilDown: 0.008198437224318445
Avg # of unsent chunk for max-retries: 0.0
Min # of unsent chunk for max-retries: 0.0
Max # of unsent chunk for max-retries: 0.0
Avg # of unsent chunk-reqs for max-retries: 0.125
Min # of unsent chunk-reqs for max-retries: 0.0
Max # of unsent chunk-reqs for max-retries: 1.0
Avg % of chunks received by Pastry: 13.9375
Min % of chunks received by Pastry: 0.0
Max % of chunks received by Pastry: 21.0
StD of chunks received by Pastry: 6.15866598109255
Var of chunks received by Pastry: 37.92916666666667
Avg % of chunks received by StarStream: 85.1875
Min % of chunks received by StarStream: 78.0
Max % of chunks received by StarStream: 100.0
StD of chunks received by StarStream: 6.441725959192406
Var of chunks received by StarStream: 41.49583333333333
[NONMOJO] Startup Delay: 67.25
[MOJO] Startup Delay: 80.3
[MOJO] Latency: 9.685792877757164
Min of perceived avg chunk delivery-time: 8.15
Max of perceived avg chunk delivery-time: 10.69
Variance of perceived avg chunk delivery-time: 0.3419085976150351
StD of perceived avg chunk delivery-time: 0.5847295080762003
Avg messages sent per node: 6594.25
Min messages sent per node: 4287.0
Max messages sent per node: 8443.0
Variance of messages sent per node: 1399203.1333333333
StD of messages sent per node: 1182.8791710624266
Nodes with incomplete playbacks: 13
[MOJO] Continuity Index: 48.8125
[MOJO] Packet Loss: 51.1875
Min % of not played chunks: 0.0
Max % of not played chunks: 99.0
Not played chunks [chunk-id/nodes]: {1=12, 2=8, 3=8, 4=8, 5=9, 6=8, 7=8, 8=6, 9=10, 10=6, 11=7, 12=10, 13=9, 14=5, 15=9, 17=8, 16=5, 19=8, 18=9, 21=8, 20=7, 23=7, 22=7, 25=6, 24=7, 27=7, 26=12, 29=10, 28=9, 31=8, 30=10, 34=8, 35=9, 32=6, 33=10, 38=9, 39=10, 36=6, 37=9, 42=9, 43=6, 40=4, 41=8, 46=7, 47=10, 44=9, 45=9, 51=8, 50=8, 49=9, 48=8, 55=11, 54=11, 53=7, 52=7, 59=10, 58=7, 57=8, 56=7, 63=6, 62=9, 61=10, 60=9, 68=10, 69=9, 70=6, 71=10, 64=8, 65=9, 66=8, 67=10, 76=9, 77=8, 78=7, 79=10, 72=8, 73=8, 74=8, 75=10, 85=4, 84=8, 87=6, 86=10, 81=9, 80=9, 83=8, 82=9, 93=10, 92=9, 95=9, 94=11, 89=8, 88=10, 91=7, 90=9, 98=6, 99=7, 96=11, 97=6}
Avg distance between not played chunks: 1.6583471571367732
Min distance between not played chunks: 1.0
Max distance between not played chunks: 3.6538461538461537

HELPING PEERS LOG

[HELPING] Active nodes: 16
[HELPING] Started playbacks: 16
[HELPING] Not started playbacks node-ids: []
[HELPING] Playbacks time-window: 143
[HELPING] Missing chunks distribution [missed-chunks/nodes]: {0=14, 2=2}
[HELPING] Rejected chunks for ttl expiration [chunk-id/nodes]: 2 {0=2, 1=1}
[HELPING] Rejected chunks for capacity limit [chunk-id/nodes]: 0 {}
[HELPING] bandwidthUtilUp: 0.013857567530132009
[HELPING] bandwidthUtilDown: 0.007450268976824395
[HELPING] Avg # of unsent chunk for max-retries: 0.0
[HELPING] Min # of unsent chunk for max-retries: 0.0
[HELPING] Max # of unsent chunk for max-retries: 0.0
[HELPING] Avg # of unsent chunk-reqs for max-retries: 0.125
[HELPING] Min # of unsent chunk-reqs for max-retries: 0.0
[HELPING] Max # of unsent chunk-reqs for max-retries: 1.0
[HELPING] Avg % of chunks received by Pastry: 9.75
[HELPING] Min % of chunks received by Pastry: 0.0
[HELPING] Max % of chunks received by Pastry: 20.0
[HELPING] StD of chunks received by Pastry: 7.047458170621991
[HELPING] Var of chunks received by Pastry: 49.666666666666664
[HELPING] Avg % of chunks received by StarStream: 89.4375
[HELPING] Min % of chunks received by StarStream: 80.0
[HELPING] Max % of chunks received by StarStream: 100.0
[HELPING] StD of chunks received by StarStream: 7.136467380060436
[HELPING] Var of chunks received by StarStream: 50.92916666666667
[HELPING] Startup Delay: 86.25
[HELPING] Latency: 9.723347376829519
[HELPING] Min of perceived avg chunk delivery-time: 8.22
[HELPING] Max of perceived avg chunk delivery-time: 12.03061224489796
[HELPING] Variance of perceived avg chunk delivery-time: 0.9007173874988136
[HELPING] StD of perceived avg chunk delivery-time: 0.949061319145825
[HELPING] Avg messages sent per node: 6477.6875
[HELPING] Min messages sent per node: 4225.0
[HELPING] Max messages sent per node: 9083.0
[HELPING] Variance of messages sent per node: 2577235.6958333333
[HELPING] StD of messages sent per node: 1605.3771195059849
[HELPING] Nodes with incomplete playbacks: 10
[HELPING] Packet Loss: 25.125
[HELPING] Min % of not played chunks: 0.0
[HELPING] Max % of not played chunks: 99.0
[HELPING] Not played chunks [chunk-id/nodes]: {1=6, 2=4, 3=3, 4=4, 5=4, 6=4, 7=4, 8=4, 9=3, 10=5, 11=4, 12=3, 13=5, 14=4, 15=6, 17=2, 16=3, 19=1, 18=6, 21=4, 20=3, 23=5, 22=3, 25=4, 24=3, 27=4, 26=5, 29=4, 28=4, 31=5, 30=5, 34=3, 35=4, 32=2, 33=5, 38=2, 39=4, 36=2, 37=4, 42=6, 43=2, 40=3, 41=6, 46=4, 47=4, 44=5, 45=3, 51=5, 50=3, 49=3, 48=2, 55=4, 54=3, 53=3, 52=5, 59=7, 58=4, 57=2, 56=5, 63=3, 62=3, 61=4, 60=5, 68=5, 69=5, 70=5, 71=5, 64=1, 65=4, 66=4, 67=2, 76=3, 77=6, 78=4, 79=4, 72=4, 73=5, 74=5, 75=4, 85=5, 84=5, 87=3, 86=6, 81=6, 80=7, 83=5, 82=7, 93=2, 92=3, 95=5, 94=3, 89=4, 88=3, 91=5, 90=4, 98=4, 99=4, 96=7, 97=4}
[HELPING] Avg distance between not played chunks: 2.429091624304043
[HELPING] Min distance between not played chunks: 1.0
[HELPING] Max distance between not played chunks: 5.6875

