Total chunks: 100
Nodes x chunk: 2
Total nodes: 19
Active nodes: 16
Started playbacks: 16
Not started playbacks node-ids: []
Playbacks time-window: 92
Missing chunks distribution [missed-chunks/nodes]: {0=14, 1=1, 2=1}
Rejected chunks for ttl expiration [chunk-id/nodes]: 3 {84=1, 49=1, 63=1}
Rejected chunks for capacity limit [chunk-id/nodes]: 0 {}
bandwidthUtilUp: 0.011359801043568214
bandwidthUtilDown: 0.006637536798672558
Avg # of unsent chunk for max-retries: 0.0
Min # of unsent chunk for max-retries: 0.0
Max # of unsent chunk for max-retries: 0.0
Avg # of unsent chunk-reqs for max-retries: 0.125
Min # of unsent chunk-reqs for max-retries: 0.0
Max # of unsent chunk-reqs for max-retries: 1.0
Avg % of chunks received by Pastry: 8.5625
Min % of chunks received by Pastry: 1.0
Max % of chunks received by Pastry: 18.0
StD of chunks received by Pastry: 5.464659184249279
Var of chunks received by Pastry: 29.8625
Avg % of chunks received by StarStream: 90.5
Min % of chunks received by StarStream: 81.0
Max % of chunks received by StarStream: 99.0
StD of chunks received by StarStream: 5.561774297230456
Var of chunks received by StarStream: 30.933333333333334
[NONMOJO] Startup Delay: 59.625
[MOJO] Startup Delay: 131.8
[MOJO] Latency: 8.280682204700064
Min of perceived avg chunk delivery-time: 6.99
Max of perceived avg chunk delivery-time: 9.73469387755102
Variance of perceived avg chunk delivery-time: 0.5291025289165342
StD of perceived avg chunk delivery-time: 0.7273943420982419
Avg messages sent per node: 5448.25
Min messages sent per node: 3722.0
Max messages sent per node: 6579.0
Variance of messages sent per node: 736087.8
StD of messages sent per node: 857.9555932564342
Nodes with incomplete playbacks: 7
[MOJO] Continuity Index: 79.0
[MOJO] Packet Loss: 21.0
Min % of not played chunks: 0.0
Max % of not played chunks: 99.0
Not played chunks [chunk-id/nodes]: {1=4, 2=4, 3=3, 4=3, 5=4, 6=4, 7=4, 8=4, 9=3, 10=4, 11=3, 12=3, 13=3, 14=3, 15=3, 17=3, 16=3, 19=3, 18=4, 21=3, 20=3, 23=3, 22=3, 25=3, 24=3, 27=3, 26=3, 29=4, 28=4, 31=4, 30=3, 34=3, 35=3, 32=3, 33=3, 38=3, 39=3, 36=3, 37=4, 42=3, 43=4, 40=4, 41=4, 46=3, 47=4, 44=4, 45=4, 51=4, 50=4, 49=4, 48=4, 55=4, 54=3, 53=4, 52=3, 59=3, 58=3, 57=4, 56=2, 63=5, 62=3, 61=3, 60=4, 68=3, 69=3, 70=3, 71=4, 64=4, 65=3, 66=3, 67=4, 76=3, 77=3, 78=3, 79=3, 72=2, 73=4, 74=3, 75=4, 85=4, 84=4, 87=4, 86=3, 81=4, 80=3, 83=4, 82=3, 93=3, 92=3, 95=3, 94=4, 89=4, 88=3, 91=3, 90=4, 98=4, 99=2, 96=3, 97=3}
Avg distance between not played chunks: 3.9135467980295564
Min distance between not played chunks: 1.0
Max distance between not played chunks: 14.25

HELPING PEERS LOG

[HELPING] Active nodes: 3
[HELPING] Started playbacks: 3
[HELPING] Not started playbacks node-ids: []
[HELPING] Playbacks time-window: 1
[HELPING] Missing chunks distribution [missed-chunks/nodes]: {0=3}
[HELPING] Rejected chunks for ttl expiration [chunk-id/nodes]: 0 {}
[HELPING] Rejected chunks for capacity limit [chunk-id/nodes]: 0 {}
[HELPING] bandwidthUtilUp: 0.01100658152525112
[HELPING] bandwidthUtilDown: 0.004519134523804807
[HELPING] Avg # of unsent chunk for max-retries: 0.0
[HELPING] Min # of unsent chunk for max-retries: 0.0
[HELPING] Max # of unsent chunk for max-retries: 0.0
[HELPING] Avg # of unsent chunk-reqs for max-retries: 0.0
[HELPING] Min # of unsent chunk-reqs for max-retries: 0.0
[HELPING] Max # of unsent chunk-reqs for max-retries: 0.0
[HELPING] Avg % of chunks received by Pastry: 7.0
[HELPING] Min % of chunks received by Pastry: 5.0
[HELPING] Max % of chunks received by Pastry: 10.0
[HELPING] StD of chunks received by Pastry: 2.64575131106459
[HELPING] Var of chunks received by Pastry: 6.9999999999999964
[HELPING] Avg % of chunks received by StarStream: 92.33333333333333
[HELPING] Min % of chunks received by StarStream: 90.0
[HELPING] Max % of chunks received by StarStream: 94.0
[HELPING] StD of chunks received by StarStream: 2.0816659994667153
[HELPING] Var of chunks received by StarStream: 4.333333333335759
[HELPING] Startup Delay: 81.33333333333333
[HELPING] Latency: 8.73063973063973
[HELPING] Min of perceived avg chunk delivery-time: 8.575757575757576
[HELPING] Max of perceived avg chunk delivery-time: 8.909090909090908
[HELPING] Variance of perceived avg chunk delivery-time: 0.028194401931770585
[HELPING] StD of perceived avg chunk delivery-time: 0.16791188740458665
[HELPING] Avg messages sent per node: 5463.666666666667
[HELPING] Min messages sent per node: 4929.0
[HELPING] Max messages sent per node: 5976.0
[HELPING] Variance of messages sent per node: 274426.3333333265
[HELPING] StD of messages sent per node: 523.8571688288006
[HELPING] Nodes with incomplete playbacks: 0
[HELPING] Packet Loss: 0.0
[HELPING] Min % of not played chunks: 0.0
[HELPING] Max % of not played chunks: 0.0
[HELPING] Not played chunks [chunk-id/nodes]: {}
[HELPING] Avg distance between not played chunks: NaN
[HELPING] Min distance between not played chunks: Infinity
[HELPING] Max distance between not played chunks: -Infinity

