Total chunks: 100
Nodes x chunk: 2
Total nodes: 20
Active nodes: 16
Started playbacks: 16
Not started playbacks node-ids: []
Playbacks time-window: 160
Missing chunks distribution [missed-chunks/nodes]: {0=13, 2=1, 3=2}
Rejected chunks for ttl expiration [chunk-id/nodes]: 2 {1=2, 2=1}
Rejected chunks for capacity limit [chunk-id/nodes]: 0 {}
bandwidthUtilUp: 0.011467362906844785
bandwidthUtilDown: 0.006642497536191417
Avg # of unsent chunk for max-retries: 0.0
Min # of unsent chunk for max-retries: 0.0
Max # of unsent chunk for max-retries: 0.0
Avg # of unsent chunk-reqs for max-retries: 0.375
Min # of unsent chunk-reqs for max-retries: 0.0
Max # of unsent chunk-reqs for max-retries: 5.0
Avg % of chunks received by Pastry: 7.0
Min % of chunks received by Pastry: 0.0
Max % of chunks received by Pastry: 20.0
StD of chunks received by Pastry: 6.164414002968976
Var of chunks received by Pastry: 38.0
Avg % of chunks received by StarStream: 92.1875
Min % of chunks received by StarStream: 79.0
Max % of chunks received by StarStream: 100.0
StD of chunks received by StarStream: 6.389770470577693
Var of chunks received by StarStream: 40.829166666666666
[NONMOJO] Startup Delay: 86.4375
[MOJO] Startup Delay: 65.2
[MOJO] Latency: 8.465257209959898
Min of perceived avg chunk delivery-time: 7.75
Max of perceived avg chunk delivery-time: 9.33
Variance of perceived avg chunk delivery-time: 0.2353228620020824
StD of perceived avg chunk delivery-time: 0.4851008781708011
Avg messages sent per node: 5542.0
Min messages sent per node: 3812.0
Max messages sent per node: 6655.0
Variance of messages sent per node: 803772.1333333333
StD of messages sent per node: 896.5333977790974
Nodes with incomplete playbacks: 7
[MOJO] Continuity Index: 86.125
[MOJO] Packet Loss: 13.875
Min % of not played chunks: 0.0
Max % of not played chunks: 99.0
Not played chunks [chunk-id/nodes]: {1=5, 2=4, 3=2, 4=2, 5=2, 6=2, 7=2, 8=2, 9=2, 10=2, 11=2, 12=2, 13=3, 14=2, 15=2, 17=2, 16=2, 19=2, 18=2, 21=2, 20=2, 23=3, 22=3, 25=2, 24=2, 27=2, 26=2, 29=2, 28=2, 31=2, 30=2, 34=2, 35=2, 32=2, 33=3, 38=2, 39=2, 36=3, 37=2, 42=3, 43=3, 40=2, 41=2, 46=3, 47=2, 44=2, 45=2, 51=2, 50=3, 49=3, 48=2, 55=3, 54=2, 53=2, 52=2, 59=2, 58=2, 57=2, 56=2, 63=2, 62=2, 61=2, 60=2, 68=2, 69=2, 70=2, 71=2, 64=2, 65=3, 66=2, 67=2, 76=2, 77=2, 78=2, 79=2, 72=2, 73=2, 74=2, 75=2, 85=2, 84=3, 87=3, 86=2, 81=2, 80=3, 83=2, 82=2, 93=2, 92=3, 95=2, 94=2, 89=2, 88=2, 91=2, 90=3, 98=3, 99=2, 96=2, 97=3}
Avg distance between not played chunks: 1.7465063001145473
Min distance between not played chunks: 1.0
Max distance between not played chunks: 4.722222222222222

HELPING PEERS LOG

[HELPING] Active nodes: 4
[HELPING] Started playbacks: 4
[HELPING] Not started playbacks node-ids: []
[HELPING] Playbacks time-window: 43
[HELPING] Missing chunks distribution [missed-chunks/nodes]: {0=4}
[HELPING] Rejected chunks for ttl expiration [chunk-id/nodes]: 0 {}
[HELPING] Rejected chunks for capacity limit [chunk-id/nodes]: 0 {}
[HELPING] bandwidthUtilUp: 0.011868245215701591
[HELPING] bandwidthUtilDown: 0.00468709784082232
[HELPING] Avg # of unsent chunk for max-retries: 0.0
[HELPING] Min # of unsent chunk for max-retries: 0.0
[HELPING] Max # of unsent chunk for max-retries: 0.0
[HELPING] Avg # of unsent chunk-reqs for max-retries: 0.0
[HELPING] Min # of unsent chunk-reqs for max-retries: 0.0
[HELPING] Max # of unsent chunk-reqs for max-retries: 0.0
[HELPING] Avg % of chunks received by Pastry: 5.25
[HELPING] Min % of chunks received by Pastry: 0.0
[HELPING] Max % of chunks received by Pastry: 14.0
[HELPING] StD of chunks received by Pastry: 6.701989754294367
[HELPING] Var of chunks received by Pastry: 44.916666666666664
[HELPING] Avg % of chunks received by StarStream: 94.25
[HELPING] Min % of chunks received by StarStream: 85.0
[HELPING] Max % of chunks received by StarStream: 100.0
[HELPING] StD of chunks received by StarStream: 7.22841614740048
[HELPING] Var of chunks received by StarStream: 52.25
[HELPING] Startup Delay: 74.75
[HELPING] Latency: 8.724898989898989
[HELPING] Min of perceived avg chunk delivery-time: 7.686868686868687
[HELPING] Max of perceived avg chunk delivery-time: 9.98989898989899
[HELPING] Variance of perceived avg chunk delivery-time: 1.2016944767540658
[HELPING] StD of perceived avg chunk delivery-time: 1.09621826145803
[HELPING] Avg messages sent per node: 5204.75
[HELPING] Min messages sent per node: 4452.0
[HELPING] Max messages sent per node: 6311.0
[HELPING] Variance of messages sent per node: 625124.9166666666
[HELPING] StD of messages sent per node: 790.6484153317874
[HELPING] Nodes with incomplete playbacks: 0
[HELPING] Packet Loss: 0.0
[HELPING] Min % of not played chunks: 0.0
[HELPING] Max % of not played chunks: 0.0
[HELPING] Not played chunks [chunk-id/nodes]: {}
[HELPING] Avg distance between not played chunks: NaN
[HELPING] Min distance between not played chunks: Infinity
[HELPING] Max distance between not played chunks: -Infinity

