Total chunks: 100
Nodes x chunk: 2
Total nodes: 22
Active nodes: 16
Started playbacks: 16
Not started playbacks node-ids: []
Playbacks time-window: 71
Missing chunks distribution [missed-chunks/nodes]: {0=16}
Rejected chunks for ttl expiration [chunk-id/nodes]: 1 {0=2}
Rejected chunks for capacity limit [chunk-id/nodes]: 0 {}
bandwidthUtilUp: 0.012204903971095526
bandwidthUtilDown: 0.007107797966749315
Avg # of unsent chunk for max-retries: 0.0
Min # of unsent chunk for max-retries: 0.0
Max # of unsent chunk for max-retries: 0.0
Avg # of unsent chunk-reqs for max-retries: 0.25
Min # of unsent chunk-reqs for max-retries: 0.0
Max # of unsent chunk-reqs for max-retries: 2.0
Avg % of chunks received by Pastry: 11.3125
Min % of chunks received by Pastry: 1.0
Max % of chunks received by Pastry: 19.0
StD of chunks received by Pastry: 5.839163752913025
Var of chunks received by Pastry: 34.09583333333333
Avg % of chunks received by StarStream: 87.6875
Min % of chunks received by StarStream: 80.0
Max % of chunks received by StarStream: 98.0
StD of chunks received by StarStream: 5.839163752913025
Var of chunks received by StarStream: 34.09583333333333
[NONMOJO] Startup Delay: 51.75
[MOJO] Startup Delay: 74.7
[MOJO] Latency: 8.541142676767675
Min of perceived avg chunk delivery-time: 7.76
Max of perceived avg chunk delivery-time: 10.78
Variance of perceived avg chunk delivery-time: 0.5563701849726386
StD of perceived avg chunk delivery-time: 0.7459022623458375
Avg messages sent per node: 5951.0
Min messages sent per node: 3859.0
Max messages sent per node: 7940.0
Variance of messages sent per node: 1425116.4
StD of messages sent per node: 1193.7823922306777
Nodes with incomplete playbacks: 9
[MOJO] Continuity Index: 69.875
[MOJO] Packet Loss: 30.125
Min % of not played chunks: 0.0
Max % of not played chunks: 99.0
Not played chunks [chunk-id/nodes]: {1=4, 2=4, 3=7, 4=5, 5=5, 6=2, 7=5, 8=5, 9=3, 10=3, 11=5, 12=5, 13=3, 14=2, 15=4, 17=6, 16=7, 19=4, 18=4, 21=6, 20=2, 23=6, 22=5, 25=5, 24=5, 27=5, 26=5, 29=5, 28=5, 31=4, 30=6, 34=5, 35=3, 32=5, 33=4, 38=4, 39=4, 36=6, 37=4, 42=5, 43=6, 40=5, 41=5, 46=3, 47=4, 44=4, 45=6, 51=7, 50=3, 49=5, 48=4, 55=6, 54=4, 53=4, 52=6, 59=4, 58=6, 57=5, 56=5, 63=6, 62=6, 61=6, 60=6, 68=5, 69=7, 70=6, 71=7, 64=4, 65=2, 66=7, 67=3, 76=4, 77=4, 78=6, 79=6, 72=7, 73=5, 74=4, 75=4, 85=4, 84=6, 87=5, 86=3, 81=4, 80=5, 83=7, 82=6, 93=5, 92=6, 95=4, 94=6, 89=6, 88=4, 91=5, 90=3, 98=5, 99=5, 96=6, 97=8}
Avg distance between not played chunks: 2.837892471973646
Min distance between not played chunks: 1.0
Max distance between not played chunks: 11.571428571428571

HELPING PEERS LOG

[HELPING] Active nodes: 6
[HELPING] Started playbacks: 6
[HELPING] Not started playbacks node-ids: []
[HELPING] Playbacks time-window: 47
[HELPING] Missing chunks distribution [missed-chunks/nodes]: {0=6}
[HELPING] Rejected chunks for ttl expiration [chunk-id/nodes]: 1 {0=1}
[HELPING] Rejected chunks for capacity limit [chunk-id/nodes]: 0 {}
[HELPING] bandwidthUtilUp: 0.012370935333858713
[HELPING] bandwidthUtilDown: 0.006153620870213344
[HELPING] Avg # of unsent chunk for max-retries: 0.0
[HELPING] Min # of unsent chunk for max-retries: 0.0
[HELPING] Max # of unsent chunk for max-retries: 0.0
[HELPING] Avg # of unsent chunk-reqs for max-retries: 0.0
[HELPING] Min # of unsent chunk-reqs for max-retries: 0.0
[HELPING] Max # of unsent chunk-reqs for max-retries: 0.0
[HELPING] Avg % of chunks received by Pastry: 7.166666666666667
[HELPING] Min % of chunks received by Pastry: 2.0
[HELPING] Max % of chunks received by Pastry: 12.0
[HELPING] StD of chunks received by Pastry: 4.708148963941844
[HELPING] Var of chunks received by Pastry: 22.166666666666657
[HELPING] Avg % of chunks received by StarStream: 91.83333333333333
[HELPING] Min % of chunks received by StarStream: 87.0
[HELPING] Max % of chunks received by StarStream: 97.0
[HELPING] StD of chunks received by StarStream: 4.708148963942128
[HELPING] Var of chunks received by StarStream: 22.166666666669332
[HELPING] Startup Delay: 68.16666666666667
[HELPING] Latency: 8.305622895622896
[HELPING] Min of perceived avg chunk delivery-time: 7.5353535353535355
[HELPING] Max of perceived avg chunk delivery-time: 8.74
[HELPING] Variance of perceived avg chunk delivery-time: 0.18736701016903792
[HELPING] StD of perceived avg chunk delivery-time: 0.4328591112233147
[HELPING] Avg messages sent per node: 5956.833333333333
[HELPING] Min messages sent per node: 3725.0
[HELPING] Max messages sent per node: 7618.0
[HELPING] Variance of messages sent per node: 2117470.1666666777
[HELPING] StD of messages sent per node: 1455.1529701947757
[HELPING] Nodes with incomplete playbacks: 1
[HELPING] Packet Loss: 1.3333333333333333
[HELPING] Min % of not played chunks: 0.0
[HELPING] Max % of not played chunks: 8.0
[HELPING] Not played chunks [chunk-id/nodes]: {84=1, 86=1, 21=1, 83=1, 27=1, 79=1, 26=1, 72=1}
[HELPING] Avg distance between not played chunks: 9.285714285714286
[HELPING] Min distance between not played chunks: 9.285714285714286
[HELPING] Max distance between not played chunks: 9.285714285714286

