Total chunks: 100
Nodes x chunk: 2
Total nodes: 25
Active nodes: 16
Started playbacks: 16
Not started playbacks node-ids: []
Playbacks time-window: 109
Missing chunks distribution [missed-chunks/nodes]: {0=15, 2=1}
Rejected chunks for ttl expiration [chunk-id/nodes]: 1 {0=3}
Rejected chunks for capacity limit [chunk-id/nodes]: 0 {}
bandwidthUtilUp: 0.013080152934551531
bandwidthUtilDown: 0.0076367974849792415
Avg # of unsent chunk for max-retries: 0.0
Min # of unsent chunk for max-retries: 0.0
Max # of unsent chunk for max-retries: 0.0
Avg # of unsent chunk-reqs for max-retries: 0.5
Min # of unsent chunk-reqs for max-retries: 0.0
Max # of unsent chunk-reqs for max-retries: 2.0
Avg % of chunks received by Pastry: 8.875
Min % of chunks received by Pastry: 0.0
Max % of chunks received by Pastry: 15.0
StD of chunks received by Pastry: 4.8287334433230695
Var of chunks received by Pastry: 23.316666666666666
Avg % of chunks received by StarStream: 90.1875
Min % of chunks received by StarStream: 84.0
Max % of chunks received by StarStream: 100.0
StD of chunks received by StarStream: 4.956056900399752
Var of chunks received by StarStream: 24.5625
[NONMOJO] Startup Delay: 62.5625
[MOJO] Startup Delay: 51.4
[MOJO] Latency: 8.958358328179756
Min of perceived avg chunk delivery-time: 7.58
Max of perceived avg chunk delivery-time: 10.09
Variance of perceived avg chunk delivery-time: 0.4228567273792881
StD of perceived avg chunk delivery-time: 0.650274347778911
Avg messages sent per node: 6422.875
Min messages sent per node: 3978.0
Max messages sent per node: 8134.0
Variance of messages sent per node: 1736559.05
StD of messages sent per node: 1317.7856616309043
Nodes with incomplete playbacks: 10
[MOJO] Continuity Index: 69.5625
[MOJO] Packet Loss: 30.4375
Min % of not played chunks: 0.0
Max % of not played chunks: 96.0
Not played chunks [chunk-id/nodes]: {1=3, 2=5, 3=3, 4=4, 5=6, 6=5, 7=4, 8=5, 9=4, 10=5, 11=5, 12=4, 13=4, 14=5, 15=6, 17=5, 16=3, 19=6, 18=5, 21=4, 20=3, 23=2, 22=3, 25=3, 24=4, 27=3, 26=4, 29=5, 28=7, 31=6, 30=5, 34=3, 35=5, 32=4, 33=4, 38=5, 39=2, 36=5, 37=4, 42=6, 43=7, 40=5, 41=6, 46=6, 47=5, 44=6, 45=5, 51=6, 50=8, 49=3, 48=4, 55=6, 54=6, 53=8, 52=4, 59=5, 58=7, 57=4, 56=4, 63=5, 62=5, 61=6, 60=6, 68=3, 69=4, 70=7, 71=7, 64=5, 65=4, 66=5, 67=6, 76=4, 77=7, 78=5, 79=5, 72=6, 73=5, 74=5, 75=7, 85=5, 84=5, 87=5, 86=5, 81=9, 80=5, 83=5, 82=6, 93=4, 92=4, 95=5, 94=4, 89=4, 88=3, 91=7, 90=5, 98=5, 99=5, 96=5, 97=5}
Avg distance between not played chunks: 3.2830272645024388
Min distance between not played chunks: 1.0210526315789474
Max distance between not played chunks: 9.6

HELPING PEERS LOG

[HELPING] Active nodes: 9
[HELPING] Started playbacks: 9
[HELPING] Not started playbacks node-ids: []
[HELPING] Playbacks time-window: 19
[HELPING] Missing chunks distribution [missed-chunks/nodes]: {0=9}
[HELPING] Rejected chunks for ttl expiration [chunk-id/nodes]: 0 {}
[HELPING] Rejected chunks for capacity limit [chunk-id/nodes]: 0 {}
[HELPING] bandwidthUtilUp: 0.013975111609227273
[HELPING] bandwidthUtilDown: 0.007295166876804055
[HELPING] Avg # of unsent chunk for max-retries: 0.0
[HELPING] Min # of unsent chunk for max-retries: 0.0
[HELPING] Max # of unsent chunk for max-retries: 0.0
[HELPING] Avg # of unsent chunk-reqs for max-retries: 0.4444444444444444
[HELPING] Min # of unsent chunk-reqs for max-retries: 0.0
[HELPING] Max # of unsent chunk-reqs for max-retries: 2.0
[HELPING] Avg % of chunks received by Pastry: 10.777777777777779
[HELPING] Min % of chunks received by Pastry: 7.0
[HELPING] Max % of chunks received by Pastry: 15.0
[HELPING] StD of chunks received by Pastry: 2.77388616284887
[HELPING] Var of chunks received by Pastry: 7.694444444444429
[HELPING] Avg % of chunks received by StarStream: 88.22222222222223
[HELPING] Min % of chunks received by StarStream: 84.0
[HELPING] Max % of chunks received by StarStream: 92.0
[HELPING] StD of chunks received by StarStream: 2.773886162848732
[HELPING] Var of chunks received by StarStream: 7.694444444443661
[HELPING] Startup Delay: 45.0
[HELPING] Latency: 8.631111111111112
[HELPING] Min of perceived avg chunk delivery-time: 7.98
[HELPING] Max of perceived avg chunk delivery-time: 9.46
[HELPING] Variance of perceived avg chunk delivery-time: 0.2703111111111074
[HELPING] StD of perceived avg chunk delivery-time: 0.5199145228892028
[HELPING] Avg messages sent per node: 6221.222222222223
[HELPING] Min messages sent per node: 4903.0
[HELPING] Max messages sent per node: 8653.0
[HELPING] Variance of messages sent per node: 1743771.6944444384
[HELPING] StD of messages sent per node: 1320.5194790098474
[HELPING] Nodes with incomplete playbacks: 7
[HELPING] Packet Loss: 36.666666666666664
[HELPING] Min % of not played chunks: 0.0
[HELPING] Max % of not played chunks: 99.0
[HELPING] Not played chunks [chunk-id/nodes]: {1=4, 2=4, 3=3, 4=4, 5=2, 6=3, 7=3, 8=3, 9=2, 10=3, 11=3, 12=3, 13=3, 14=2, 15=3, 17=4, 16=2, 19=4, 18=2, 21=3, 20=3, 23=3, 22=4, 25=2, 24=4, 27=4, 26=4, 29=2, 28=4, 31=3, 30=4, 34=3, 35=3, 32=4, 33=3, 38=3, 39=3, 36=3, 37=3, 42=3, 43=4, 40=3, 41=5, 46=3, 47=4, 44=4, 45=4, 51=3, 50=3, 49=2, 48=4, 55=4, 54=4, 53=3, 52=4, 59=5, 58=3, 57=3, 56=2, 63=2, 62=3, 61=4, 60=5, 68=3, 69=4, 70=5, 71=3, 64=3, 65=3, 66=3, 67=6, 76=3, 77=3, 78=4, 79=3, 72=4, 73=2, 74=2, 75=3, 85=3, 84=4, 87=6, 86=3, 81=5, 80=4, 83=4, 82=3, 93=4, 92=3, 95=2, 94=4, 89=3, 88=5, 91=2, 90=2, 98=4, 99=4, 96=3, 97=2}
[HELPING] Avg distance between not played chunks: 6.408682745825602
[HELPING] Min distance between not played chunks: 1.0
[HELPING] Max distance between not played chunks: 24.0

