Total chunks: 100
Nodes x chunk: 2
Total nodes: 27
Active nodes: 16
Started playbacks: 16
Not started playbacks node-ids: []
Playbacks time-window: 136
Missing chunks distribution [missed-chunks/nodes]: {0=14, 2=2}
Rejected chunks for ttl expiration [chunk-id/nodes]: 2 {0=2, 1=1}
Rejected chunks for capacity limit [chunk-id/nodes]: 0 {}
bandwidthUtilUp: 0.013326035473045488
bandwidthUtilDown: 0.007853884199811067
Avg # of unsent chunk for max-retries: 0.0
Min # of unsent chunk for max-retries: 0.0
Max # of unsent chunk for max-retries: 0.0
Avg # of unsent chunk-reqs for max-retries: 0.1875
Min # of unsent chunk-reqs for max-retries: 0.0
Max # of unsent chunk-reqs for max-retries: 1.0
Avg % of chunks received by Pastry: 11.375
Min % of chunks received by Pastry: 1.0
Max % of chunks received by Pastry: 25.0
StD of chunks received by Pastry: 6.611858034370268
Var of chunks received by Pastry: 43.71666666666667
Avg % of chunks received by StarStream: 87.6875
Min % of chunks received by StarStream: 74.0
Max % of chunks received by StarStream: 98.0
StD of chunks received by StarStream: 6.710377535330383
Var of chunks received by StarStream: 45.02916666666667
[NONMOJO] Startup Delay: 69.125
[MOJO] Startup Delay: 79.2
[MOJO] Latency: 9.176759559884562
Min of perceived avg chunk delivery-time: 7.58
Max of perceived avg chunk delivery-time: 10.151515151515152
Variance of perceived avg chunk delivery-time: 0.5722817959019569
StD of perceived avg chunk delivery-time: 0.7564930904522241
Avg messages sent per node: 6520.25
Min messages sent per node: 3901.0
Max messages sent per node: 7918.0
Variance of messages sent per node: 1400111.5333333332
StD of messages sent per node: 1183.2630871168649
Nodes with incomplete playbacks: 14
[MOJO] Continuity Index: 58.5625
[MOJO] Packet Loss: 41.4375
Min % of not played chunks: 0.0
Max % of not played chunks: 99.0
Not played chunks [chunk-id/nodes]: {1=8, 2=9, 3=6, 4=7, 5=8, 6=3, 7=8, 8=7, 9=6, 10=3, 11=5, 12=6, 13=5, 14=6, 15=7, 17=7, 16=6, 19=7, 18=6, 21=8, 20=6, 23=6, 22=5, 25=6, 24=8, 27=6, 26=9, 29=8, 28=6, 31=5, 30=8, 34=8, 35=5, 32=6, 33=4, 38=6, 39=7, 36=5, 37=7, 42=6, 43=8, 40=7, 41=4, 46=6, 47=7, 44=8, 45=8, 51=6, 50=5, 49=7, 48=4, 55=9, 54=6, 53=7, 52=8, 59=9, 58=8, 57=8, 56=8, 63=8, 62=8, 61=8, 60=6, 68=6, 69=7, 70=7, 71=4, 64=8, 65=7, 66=8, 67=5, 76=8, 77=8, 78=7, 79=8, 72=8, 73=7, 74=6, 75=6, 85=9, 84=7, 87=7, 86=7, 81=7, 80=6, 83=6, 82=7, 93=7, 92=6, 95=9, 94=6, 89=5, 88=6, 91=8, 90=7, 98=5, 99=8, 96=7, 97=5}
Avg distance between not played chunks: 4.682878709216184
Min distance between not played chunks: 1.0
Max distance between not played chunks: 28.0

HELPING PEERS LOG

[HELPING] Active nodes: 11
[HELPING] Started playbacks: 11
[HELPING] Not started playbacks node-ids: []
[HELPING] Playbacks time-window: 216
[HELPING] Missing chunks distribution [missed-chunks/nodes]: {0=8, 2=2, 4=1}
[HELPING] Rejected chunks for ttl expiration [chunk-id/nodes]: 4 {0=3, 1=3, 2=1, 3=1}
[HELPING] Rejected chunks for capacity limit [chunk-id/nodes]: 0 {}
[HELPING] bandwidthUtilUp: 0.013392042488002546
[HELPING] bandwidthUtilDown: 0.007045117612732487
[HELPING] Avg # of unsent chunk for max-retries: 0.0
[HELPING] Min # of unsent chunk for max-retries: 0.0
[HELPING] Max # of unsent chunk for max-retries: 0.0
[HELPING] Avg # of unsent chunk-reqs for max-retries: 0.2727272727272727
[HELPING] Min # of unsent chunk-reqs for max-retries: 0.0
[HELPING] Max # of unsent chunk-reqs for max-retries: 1.0
[HELPING] Avg % of chunks received by Pastry: 10.818181818181818
[HELPING] Min % of chunks received by Pastry: 2.0
[HELPING] Max % of chunks received by Pastry: 16.0
[HELPING] StD of chunks received by Pastry: 5.288065465142841
[HELPING] Var of chunks received by Pastry: 27.963636363636372
[HELPING] Avg % of chunks received by StarStream: 88.36363636363636
[HELPING] Min % of chunks received by StarStream: 83.0
[HELPING] Max % of chunks received by StarStream: 98.0
[HELPING] StD of chunks received by StarStream: 5.59057648678087
[HELPING] Var of chunks received by StarStream: 31.254545454547134
[HELPING] Startup Delay: 89.72727272727273
[HELPING] Latency: 9.407204700061845
[HELPING] Min of perceived avg chunk delivery-time: 8.63
[HELPING] Max of perceived avg chunk delivery-time: 9.989795918367347
[HELPING] Variance of perceived avg chunk delivery-time: 0.14455790129530044
[HELPING] StD of perceived avg chunk delivery-time: 0.3802077080955888
[HELPING] Avg messages sent per node: 6255.727272727273
[HELPING] Min messages sent per node: 4028.0
[HELPING] Max messages sent per node: 7732.0
[HELPING] Variance of messages sent per node: 1255396.6181818158
[HELPING] StD of messages sent per node: 1120.4448304944854
[HELPING] Nodes with incomplete playbacks: 9
[HELPING] Packet Loss: 20.545454545454547
[HELPING] Min % of not played chunks: 0.0
[HELPING] Max % of not played chunks: 90.0
[HELPING] Not played chunks [chunk-id/nodes]: {1=5, 2=3, 3=2, 4=1, 5=1, 7=2, 8=1, 9=2, 10=1, 11=2, 12=2, 13=3, 14=1, 15=2, 17=2, 16=4, 19=3, 18=4, 21=2, 20=2, 23=1, 22=3, 25=2, 27=2, 26=2, 29=2, 31=2, 30=2, 34=2, 35=1, 32=2, 33=3, 38=2, 39=2, 36=2, 37=3, 42=2, 43=3, 40=2, 41=1, 46=1, 47=3, 44=4, 45=3, 51=2, 50=3, 49=3, 48=2, 55=4, 54=2, 52=3, 59=4, 58=2, 57=2, 56=2, 63=2, 62=1, 61=3, 60=2, 68=3, 69=2, 70=2, 71=1, 64=3, 65=2, 66=3, 67=1, 76=1, 77=5, 78=3, 79=3, 72=5, 73=2, 74=1, 75=4, 85=2, 84=3, 87=5, 86=2, 81=4, 80=2, 83=1, 82=2, 93=2, 92=3, 95=4, 94=2, 89=3, 88=3, 91=2, 90=4, 98=1, 99=1, 96=3, 97=2}
[HELPING] Avg distance between not played chunks: 8.747068367694371
[HELPING] Min distance between not played chunks: 1.0
[HELPING] Max distance between not played chunks: 43.0

