Total chunks: 100
Nodes x chunk: 2
Total nodes: 28
Active nodes: 16
Started playbacks: 16
Not started playbacks node-ids: []
Playbacks time-window: 167
Missing chunks distribution [missed-chunks/nodes]: {0=13, 2=1, 3=2}
Rejected chunks for ttl expiration [chunk-id/nodes]: 3 {0=5, 1=3, 2=2}
Rejected chunks for capacity limit [chunk-id/nodes]: 0 {}
bandwidthUtilUp: 0.013068785824888383
bandwidthUtilDown: 0.007828647662651404
Avg # of unsent chunk for max-retries: 0.0
Min # of unsent chunk for max-retries: 0.0
Max # of unsent chunk for max-retries: 0.0
Avg # of unsent chunk-reqs for max-retries: 0.125
Min # of unsent chunk-reqs for max-retries: 0.0
Max # of unsent chunk-reqs for max-retries: 1.0
Avg % of chunks received by Pastry: 10.4375
Min % of chunks received by Pastry: 0.0
Max % of chunks received by Pastry: 18.0
StD of chunks received by Pastry: 6.0328959325794225
Var of chunks received by Pastry: 36.395833333333336
Avg % of chunks received by StarStream: 88.625
Min % of chunks received by StarStream: 81.0
Max % of chunks received by StarStream: 100.0
StD of chunks received by StarStream: 6.15223536610881
Var of chunks received by StarStream: 37.85
[NONMOJO] Startup Delay: 81.875
[MOJO] Startup Delay: 50.9
[MOJO] Latency: 9.16830034247376
Min of perceived avg chunk delivery-time: 8.07
Max of perceived avg chunk delivery-time: 10.092783505154639
Variance of perceived avg chunk delivery-time: 0.3161269609396337
StD of perceived avg chunk delivery-time: 0.5622516882496963
Avg messages sent per node: 6420.9375
Min messages sent per node: 3841.0
Max messages sent per node: 8365.0
Variance of messages sent per node: 1677243.5291666666
StD of messages sent per node: 1295.0843714471528
Nodes with incomplete playbacks: 14
[MOJO] Continuity Index: 63.625
[MOJO] Packet Loss: 36.375
Min % of not played chunks: 0.0
Max % of not played chunks: 99.0
Not played chunks [chunk-id/nodes]: {1=10, 2=6, 3=8, 4=5, 5=5, 6=5, 7=4, 8=6, 9=5, 10=7, 11=4, 12=7, 13=7, 14=6, 15=5, 17=5, 16=3, 19=5, 18=5, 21=7, 20=6, 23=6, 22=6, 25=6, 24=4, 27=6, 26=5, 29=6, 28=7, 31=3, 30=6, 34=4, 35=4, 32=7, 33=3, 38=4, 39=5, 36=7, 37=7, 42=6, 43=6, 40=7, 41=5, 46=4, 47=5, 44=8, 45=7, 51=7, 50=6, 49=6, 48=8, 55=5, 54=8, 53=5, 52=6, 59=8, 58=6, 57=6, 56=5, 63=6, 62=5, 61=6, 60=7, 68=9, 69=5, 70=6, 71=6, 64=5, 65=8, 66=6, 67=8, 76=5, 77=6, 78=6, 79=8, 72=6, 73=5, 74=5, 75=6, 85=4, 84=5, 87=7, 86=6, 81=6, 80=6, 83=6, 82=6, 93=5, 92=3, 95=7, 94=8, 89=5, 88=8, 91=5, 90=3, 98=6, 99=6, 96=7, 97=8}
Avg distance between not played chunks: 2.75635812016409
Min distance between not played chunks: 1.0
Max distance between not played chunks: 12.333333333333334

HELPING PEERS LOG

[HELPING] Active nodes: 12
[HELPING] Started playbacks: 12
[HELPING] Not started playbacks node-ids: []
[HELPING] Playbacks time-window: 164
[HELPING] Missing chunks distribution [missed-chunks/nodes]: {0=11, 3=1}
[HELPING] Rejected chunks for ttl expiration [chunk-id/nodes]: 3 {0=2, 1=1, 2=1}
[HELPING] Rejected chunks for capacity limit [chunk-id/nodes]: 0 {}
[HELPING] bandwidthUtilUp: 0.013993988341962388
[HELPING] bandwidthUtilDown: 0.007703845380615905
[HELPING] Avg # of unsent chunk for max-retries: 0.0
[HELPING] Min # of unsent chunk for max-retries: 0.0
[HELPING] Max # of unsent chunk for max-retries: 0.0
[HELPING] Avg # of unsent chunk-reqs for max-retries: 0.16666666666666666
[HELPING] Min # of unsent chunk-reqs for max-retries: 0.0
[HELPING] Max # of unsent chunk-reqs for max-retries: 2.0
[HELPING] Avg % of chunks received by Pastry: 11.166666666666666
[HELPING] Min % of chunks received by Pastry: 0.0
[HELPING] Max % of chunks received by Pastry: 18.0
[HELPING] StD of chunks received by Pastry: 6.671967589485993
[HELPING] Var of chunks received by Pastry: 44.51515151515153
[HELPING] Avg % of chunks received by StarStream: 88.0
[HELPING] Min % of chunks received by StarStream: 81.0
[HELPING] Max % of chunks received by StarStream: 100.0
[HELPING] StD of chunks received by StarStream: 6.967456820494443
[HELPING] Var of chunks received by StarStream: 48.54545454545454
[HELPING] Startup Delay: 77.41666666666667
[HELPING] Latency: 9.256076139400882
[HELPING] Min of perceived avg chunk delivery-time: 8.08
[HELPING] Max of perceived avg chunk delivery-time: 10.474226804123711
[HELPING] Variance of perceived avg chunk delivery-time: 0.6115283188572623
[HELPING] StD of perceived avg chunk delivery-time: 0.7820027614128113
[HELPING] Avg messages sent per node: 6709.333333333333
[HELPING] Min messages sent per node: 4119.0
[HELPING] Max messages sent per node: 9382.0
[HELPING] Variance of messages sent per node: 2435622.0606060647
[HELPING] StD of messages sent per node: 1560.6479617793582
[HELPING] Nodes with incomplete playbacks: 9
[HELPING] Packet Loss: 29.833333333333332
[HELPING] Min % of not played chunks: 0.0
[HELPING] Max % of not played chunks: 91.0
[HELPING] Not played chunks [chunk-id/nodes]: {1=4, 2=5, 3=4, 4=4, 5=3, 6=4, 7=4, 8=3, 9=2, 10=4, 11=2, 12=3, 13=6, 14=4, 15=4, 17=1, 16=2, 19=3, 18=2, 21=3, 20=4, 23=4, 22=2, 25=3, 24=1, 27=3, 26=3, 29=3, 28=5, 31=3, 30=4, 34=4, 35=4, 32=3, 33=3, 38=3, 39=5, 36=2, 37=3, 42=2, 43=5, 40=5, 41=5, 46=3, 47=2, 44=6, 45=4, 51=5, 50=1, 49=5, 48=5, 55=4, 54=6, 53=3, 52=3, 59=2, 58=5, 57=4, 56=5, 63=4, 62=4, 61=3, 60=4, 68=5, 69=3, 70=3, 71=6, 64=4, 65=5, 66=2, 67=6, 76=4, 77=2, 78=4, 79=5, 72=5, 73=2, 74=5, 75=3, 85=4, 84=2, 87=4, 86=1, 81=4, 80=2, 83=4, 82=4, 93=3, 92=1, 95=6, 94=4, 89=5, 88=4, 91=4, 90=4, 98=1, 99=4, 96=4, 97=5}
[HELPING] Avg distance between not played chunks: 2.7260465846862902
[HELPING] Min distance between not played chunks: 1.0
[HELPING] Max distance between not played chunks: 7.111111111111111

