Total chunks: 100
Nodes x chunk: 2
Total nodes: 30
Active nodes: 16
Started playbacks: 16
Not started playbacks node-ids: []
Playbacks time-window: 95
Missing chunks distribution [missed-chunks/nodes]: {0=16}
Rejected chunks for ttl expiration [chunk-id/nodes]: 0 {}
Rejected chunks for capacity limit [chunk-id/nodes]: 0 {}
bandwidthUtilUp: 0.013750104627869648
bandwidthUtilDown: 0.008476925711566436
Avg # of unsent chunk for max-retries: 0.0
Min # of unsent chunk for max-retries: 0.0
Max # of unsent chunk for max-retries: 0.0
Avg # of unsent chunk-reqs for max-retries: 0.625
Min # of unsent chunk-reqs for max-retries: 0.0
Max # of unsent chunk-reqs for max-retries: 4.0
Avg % of chunks received by Pastry: 9.9375
Min % of chunks received by Pastry: 1.0
Max % of chunks received by Pastry: 18.0
StD of chunks received by Pastry: 5.615083852149197
Var of chunks received by Pastry: 31.529166666666665
Avg % of chunks received by StarStream: 89.125
Min % of chunks received by StarStream: 81.0
Max % of chunks received by StarStream: 99.0
StD of chunks received by StarStream: 5.725673177307043
Var of chunks received by StarStream: 32.78333333333333
[NONMOJO] Startup Delay: 69.25
[MOJO] Startup Delay: 95.0
[MOJO] Latency: 9.407190656565655
Min of perceived avg chunk delivery-time: 7.87
Max of perceived avg chunk delivery-time: 10.848484848484848
Variance of perceived avg chunk delivery-time: 0.6044388575570641
StD of perceived avg chunk delivery-time: 0.7774566596004333
Avg messages sent per node: 6802.8125
Min messages sent per node: 3690.0
Max messages sent per node: 9146.0
Variance of messages sent per node: 2131834.8291666666
StD of messages sent per node: 1460.0804187327035
Nodes with incomplete playbacks: 11
[MOJO] Continuity Index: 62.375
[MOJO] Packet Loss: 37.625
Min % of not played chunks: 0.0
Max % of not played chunks: 99.0
Not played chunks [chunk-id/nodes]: {1=5, 2=7, 3=6, 4=4, 5=6, 6=6, 7=4, 8=6, 9=9, 10=4, 11=7, 12=5, 13=6, 14=5, 15=7, 17=6, 16=4, 19=6, 18=6, 21=6, 20=7, 23=7, 22=7, 25=6, 24=4, 27=5, 26=6, 29=6, 28=6, 31=5, 30=6, 34=5, 35=5, 32=7, 33=4, 38=3, 39=5, 36=7, 37=8, 42=7, 43=7, 40=7, 41=6, 46=7, 47=7, 44=6, 45=4, 51=5, 50=5, 49=6, 48=7, 55=7, 54=6, 53=6, 52=3, 59=7, 58=3, 57=5, 56=7, 63=8, 62=7, 61=7, 60=6, 68=7, 69=5, 70=5, 71=8, 64=6, 65=7, 66=8, 67=5, 76=6, 77=10, 78=6, 79=7, 72=8, 73=6, 74=7, 75=7, 85=8, 84=6, 87=7, 86=5, 81=9, 80=4, 83=5, 82=6, 93=8, 92=7, 95=7, 94=5, 89=7, 88=5, 91=6, 90=7, 98=6, 99=6, 96=5, 97=5}
Avg distance between not played chunks: 1.9025214500214502
Min distance between not played chunks: 1.0
Max distance between not played chunks: 3.4583333333333335

HELPING PEERS LOG

[HELPING] Active nodes: 14
[HELPING] Started playbacks: 14
[HELPING] Not started playbacks node-ids: []
[HELPING] Playbacks time-window: 62
[HELPING] Missing chunks distribution [missed-chunks/nodes]: {0=14}
[HELPING] Rejected chunks for ttl expiration [chunk-id/nodes]: 0 {}
[HELPING] Rejected chunks for capacity limit [chunk-id/nodes]: 0 {}
[HELPING] bandwidthUtilUp: 0.01324441071728367
[HELPING] bandwidthUtilDown: 0.0070859952036113494
[HELPING] Avg # of unsent chunk for max-retries: 0.0
[HELPING] Min # of unsent chunk for max-retries: 0.0
[HELPING] Max # of unsent chunk for max-retries: 0.0
[HELPING] Avg # of unsent chunk-reqs for max-retries: 0.14285714285714285
[HELPING] Min # of unsent chunk-reqs for max-retries: 0.0
[HELPING] Max # of unsent chunk-reqs for max-retries: 1.0
[HELPING] Avg % of chunks received by Pastry: 9.357142857142858
[HELPING] Min % of chunks received by Pastry: 0.0
[HELPING] Max % of chunks received by Pastry: 18.0
[HELPING] StD of chunks received by Pastry: 6.171985628094623
[HELPING] Var of chunks received by Pastry: 38.09340659340658
[HELPING] Avg % of chunks received by StarStream: 89.71428571428571
[HELPING] Min % of chunks received by StarStream: 81.0
[HELPING] Max % of chunks received by StarStream: 100.0
[HELPING] StD of chunks received by StarStream: 6.293202333025444
[HELPING] Var of chunks received by StarStream: 39.604395604396885
[HELPING] Startup Delay: 75.92857142857143
[HELPING] Latency: 9.642503607503604
[HELPING] Min of perceived avg chunk delivery-time: 8.44
[HELPING] Max of perceived avg chunk delivery-time: 11.131313131313131
[HELPING] Variance of perceived avg chunk delivery-time: 0.6365811277948169
[HELPING] StD of perceived avg chunk delivery-time: 0.797860343540658
[HELPING] Avg messages sent per node: 6175.785714285715
[HELPING] Min messages sent per node: 3985.0
[HELPING] Max messages sent per node: 8076.0
[HELPING] Variance of messages sent per node: 1542015.2582417508
[HELPING] StD of messages sent per node: 1241.7790698194872
[HELPING] Nodes with incomplete playbacks: 6
[HELPING] Packet Loss: 11.5
[HELPING] Min % of not played chunks: 0.0
[HELPING] Max % of not played chunks: 88.0
[HELPING] Not played chunks [chunk-id/nodes]: {1=1, 2=2, 3=2, 4=1, 5=1, 6=2, 7=1, 8=2, 9=1, 10=1, 11=2, 12=1, 13=2, 14=1, 15=1, 17=2, 16=1, 19=1, 18=3, 21=3, 20=2, 23=1, 22=1, 25=1, 24=2, 27=2, 26=1, 29=2, 28=1, 31=2, 30=1, 34=2, 35=1, 32=2, 33=2, 38=2, 39=2, 36=1, 37=2, 43=2, 40=1, 41=2, 46=2, 47=2, 44=3, 45=1, 51=1, 50=1, 48=3, 55=2, 54=3, 53=3, 52=1, 59=2, 58=1, 57=1, 56=1, 63=1, 62=2, 61=1, 60=1, 68=2, 69=1, 70=2, 71=1, 64=1, 65=2, 66=1, 67=1, 76=1, 77=5, 78=3, 79=3, 72=1, 73=3, 74=2, 75=1, 85=1, 84=1, 87=2, 86=1, 81=2, 80=2, 83=1, 82=1, 93=2, 92=1, 95=3, 94=2, 89=1, 88=2, 91=2, 90=3, 98=2, 99=2, 96=1, 97=1}
[HELPING] Avg distance between not played chunks: 5.720150862068965
[HELPING] Min distance between not played chunks: 1.1264367816091954
[HELPING] Max distance between not played chunks: 13.6

