Total chunks: 100
Nodes x chunk: 2
Total nodes: 18
Active nodes: 18
Started playbacks: 18
Not started playbacks node-ids: []
Playbacks time-window: 102
Missing chunks distribution [missed-chunks/nodes]: {0=2, 1=2, 2=2, 4=4, 6=2, 7=4, 8=2}
Rejected chunks for ttl expiration [chunk-id/nodes]: 32 {69=1, 70=1, 71=2, 64=4, 65=1, 67=4, 76=5, 9=1, 79=2, 85=4, 84=1, 18=1, 81=1, 82=3, 27=2, 95=5, 94=1, 89=2, 88=4, 90=2, 96=3, 97=1, 42=1, 41=1, 46=4, 47=3, 51=3, 50=2, 48=4, 55=1, 54=4, 60=3}
Rejected chunks for capacity limit [chunk-id/nodes]: 0 {}
bandwidthUtilUp: 0.008570681209906207
bandwidthUtilDown: 0.005151605368416905
Avg # of unsent chunk for max-retries: 0.0
Min # of unsent chunk for max-retries: 0.0
Max # of unsent chunk for max-retries: 0.0
Avg # of unsent chunk-reqs for max-retries: 0.1111111111111111
Min # of unsent chunk-reqs for max-retries: 0.0
Max # of unsent chunk-reqs for max-retries: 1.0
Avg % of chunks received by Pastry: 6.722222222222222
Min % of chunks received by Pastry: 0.0
Max % of chunks received by Pastry: 19.0
StD of chunks received by Pastry: 5.154159434585253
Var of chunks received by Pastry: 26.565359477124176
Avg % of chunks received by StarStream: 92.33333333333333
Min % of chunks received by StarStream: 80.0
Max % of chunks received by StarStream: 100.0
StD of chunks received by StarStream: 5.235624576484076
Var of chunks received by StarStream: 27.411764705884064
[NONMOJO] Startup Delay: 80.94444444444444
[MOJO] Startup Delay: 71.8
[MOJO] Latency: 8.971327221740957
Min of perceived avg chunk delivery-time: 7.63
Max of perceived avg chunk delivery-time: 10.456521739130435
Variance of perceived avg chunk delivery-time: 0.5299437398948796
StD of perceived avg chunk delivery-time: 0.7279723483037522
Avg messages sent per node: 3019.1111111111113
Min messages sent per node: 1479.0
Max messages sent per node: 4828.0
Variance of messages sent per node: 822016.810457516
StD of messages sent per node: 906.6514272075658
Nodes with incomplete playbacks: 17
[MOJO] Continuity Index: 87.72222222222223
[MOJO] Packet Loss: 12.277777777777779
Min % of not played chunks: 0.0
Max % of not played chunks: 97.0
Not played chunks [chunk-id/nodes]: {1=1, 2=2, 3=2, 4=1, 5=2, 6=2, 7=2, 8=2, 9=2, 10=2, 11=1, 12=2, 13=1, 14=1, 15=2, 17=1, 16=2, 19=2, 18=3, 21=1, 20=1, 23=1, 22=2, 25=1, 24=2, 27=3, 26=2, 29=1, 28=1, 31=2, 30=1, 34=1, 35=2, 32=1, 33=1, 38=1, 39=1, 36=2, 37=2, 42=2, 43=2, 40=2, 41=2, 46=4, 47=4, 44=2, 45=1, 51=5, 50=2, 49=1, 48=5, 55=2, 54=5, 53=2, 52=2, 59=2, 58=1, 57=2, 56=1, 63=1, 62=1, 61=1, 60=4, 68=2, 69=3, 70=3, 71=3, 64=5, 65=3, 66=1, 67=6, 76=6, 77=2, 78=2, 79=4, 72=2, 73=1, 74=2, 75=2, 85=5, 84=2, 87=1, 86=2, 81=3, 80=1, 83=2, 82=5, 93=1, 92=2, 95=6, 94=3, 89=3, 88=5, 91=1, 90=3, 98=2, 99=2, 96=4, 97=3}
Avg distance between not played chunks: 10.932628335021953
Min distance between not played chunks: 1.0208333333333333
Max distance between not played chunks: 30.0

HELPING PEERS LOG

[HELPING] Active nodes: 0
[HELPING] Started playbacks: 0
[HELPING] Not started playbacks node-ids: []
[HELPING] Playbacks time-window: -9223372036854775807
[HELPING] Missing chunks distribution [missed-chunks/nodes]: {}
[HELPING] Rejected chunks for ttl expiration [chunk-id/nodes]: 0 {}
[HELPING] Rejected chunks for capacity limit [chunk-id/nodes]: 0 {}
[HELPING] bandwidthUtilUp: NaN
[HELPING] bandwidthUtilDown: NaN
[HELPING] Avg # of unsent chunk for max-retries: NaN
[HELPING] Min # of unsent chunk for max-retries: Infinity
[HELPING] Max # of unsent chunk for max-retries: -Infinity
[HELPING] Avg # of unsent chunk-reqs for max-retries: NaN
[HELPING] Min # of unsent chunk-reqs for max-retries: Infinity
[HELPING] Max # of unsent chunk-reqs for max-retries: -Infinity
[HELPING] Avg % of chunks received by Pastry: NaN
[HELPING] Min % of chunks received by Pastry: Infinity
[HELPING] Max % of chunks received by Pastry: -Infinity
[HELPING] StD of chunks received by Pastry: 0.0
[HELPING] Var of chunks received by Pastry: 0.0
[HELPING] Avg % of chunks received by StarStream: NaN
[HELPING] Min % of chunks received by StarStream: Infinity
[HELPING] Max % of chunks received by StarStream: -Infinity
[HELPING] StD of chunks received by StarStream: 0.0
[HELPING] Var of chunks received by StarStream: 0.0
[HELPING] Latency: NaN
[HELPING] Min of perceived avg chunk delivery-time: Infinity
[HELPING] Max of perceived avg chunk delivery-time: -Infinity
[HELPING] Variance of perceived avg chunk delivery-time: 0.0
[HELPING] StD of perceived avg chunk delivery-time: 0.0
[HELPING] Avg messages sent per node: NaN
[HELPING] Min messages sent per node: Infinity
[HELPING] Max messages sent per node: -Infinity
[HELPING] Variance of messages sent per node: 0.0
[HELPING] StD of messages sent per node: 0.0
[HELPING] Nodes with incomplete playbacks: 0
[HELPING] Packet Loss: NaN
[HELPING] Min % of not played chunks: Infinity
[HELPING] Max % of not played chunks: -Infinity
[HELPING] Not played chunks [chunk-id/nodes]: {}
[HELPING] Avg distance between not played chunks: NaN
[HELPING] Min distance between not played chunks: Infinity
[HELPING] Max distance between not played chunks: -Infinity

