Total chunks: 100
Nodes x chunk: 2
Total nodes: 18
Active nodes: 18
Started playbacks: 18
Not started playbacks node-ids: []
Playbacks time-window: 131
Missing chunks distribution [missed-chunks/nodes]: {16=1, 33=1, 3=1, 5=3, 7=1, 25=1, 8=2, 9=1, 10=3, 11=1, 12=2, 13=1}
Rejected chunks for ttl expiration [chunk-id/nodes]: 67 {1=1, 2=3, 3=1, 6=1, 10=1, 14=1, 17=3, 18=1, 25=3, 26=1, 29=2, 28=1, 31=3, 38=2, 37=1, 42=1, 43=2, 40=2, 41=1, 46=3, 47=2, 45=2, 50=1, 49=4, 48=4, 55=7, 54=6, 53=3, 59=1, 58=4, 57=6, 63=3, 62=1, 60=2, 68=3, 69=1, 70=2, 71=2, 64=2, 65=1, 66=1, 67=6, 76=8, 77=3, 78=1, 79=2, 72=2, 73=8, 74=3, 75=9, 87=3, 86=1, 81=2, 80=1, 82=2, 93=1, 92=3, 95=6, 94=1, 89=4, 88=1, 91=2, 90=9, 98=3, 99=4, 96=1, 97=9}
Rejected chunks for capacity limit [chunk-id/nodes]: 0 {}
bandwidthUtilUp: 0.007875559049416517
bandwidthUtilDown: 0.004709486529019188
Avg # of unsent chunk for max-retries: 0.0
Min # of unsent chunk for max-retries: 0.0
Max # of unsent chunk for max-retries: 0.0
Avg # of unsent chunk-reqs for max-retries: 0.3333333333333333
Min # of unsent chunk-reqs for max-retries: 0.0
Max # of unsent chunk-reqs for max-retries: 2.0
Avg % of chunks received by Pastry: 11.777777777777779
Min % of chunks received by Pastry: 2.0
Max % of chunks received by Pastry: 29.0
StD of chunks received by Pastry: 8.00408392491759
Var of chunks received by Pastry: 64.06535947712416
Avg % of chunks received by StarStream: 87.33333333333333
Min % of chunks received by StarStream: 70.0
Max % of chunks received by StarStream: 97.0
StD of chunks received by StarStream: 7.955760029504369
Var of chunks received by StarStream: 63.29411764705936
[NONMOJO] Startup Delay: 63.5
[MOJO] Startup Delay: 88.6
[MOJO] Latency: 9.192292327232757
Min of perceived avg chunk delivery-time: 8.0
Max of perceived avg chunk delivery-time: 10.415730337078651
Variance of perceived avg chunk delivery-time: 0.6789421383546643
StD of perceived avg chunk delivery-time: 0.8239794526289259
Avg messages sent per node: 1891.8333333333333
Min messages sent per node: 1333.0
Max messages sent per node: 2666.0
Variance of messages sent per node: 129356.85294117636
StD of messages sent per node: 359.6621372082087
Nodes with incomplete playbacks: 18
[MOJO] Continuity Index: 68.27777777777777
[MOJO] Packet Loss: 31.72222222222222
Min % of not played chunks: 5.0
Max % of not played chunks: 99.0
Not played chunks [chunk-id/nodes]: {1=6, 2=6, 3=5, 4=4, 5=3, 6=6, 7=4, 8=4, 9=4, 10=5, 11=4, 12=4, 13=4, 14=5, 15=4, 17=5, 16=5, 19=5, 18=6, 21=4, 20=4, 23=4, 22=4, 25=8, 24=3, 27=4, 26=4, 29=4, 28=6, 31=6, 30=3, 34=3, 35=4, 32=4, 33=3, 38=5, 39=4, 36=4, 37=5, 42=6, 43=7, 40=4, 41=5, 46=8, 47=7, 44=5, 45=7, 51=3, 50=5, 49=7, 48=7, 55=10, 54=8, 53=7, 52=2, 59=5, 58=8, 57=11, 56=4, 63=8, 62=6, 61=5, 60=6, 68=7, 69=5, 70=6, 71=7, 64=5, 65=6, 66=4, 67=10, 76=10, 77=11, 78=6, 79=7, 72=7, 73=11, 74=8, 75=11, 85=3, 84=3, 87=6, 86=6, 81=6, 80=6, 83=4, 82=4, 93=6, 92=7, 95=10, 94=5, 89=7, 88=6, 91=6, 90=10, 98=8, 99=7, 96=4, 97=10}
Avg distance between not played chunks: 6.587490076205893
Min distance between not played chunks: 1.0
Max distance between not played chunks: 23.25

HELPING PEERS LOG

[HELPING] Active nodes: 0
[HELPING] Started playbacks: 0
[HELPING] Not started playbacks node-ids: []
[HELPING] Playbacks time-window: -9223372036854775807
[HELPING] Missing chunks distribution [missed-chunks/nodes]: {}
[HELPING] Rejected chunks for ttl expiration [chunk-id/nodes]: 0 {}
[HELPING] Rejected chunks for capacity limit [chunk-id/nodes]: 0 {}
[HELPING] bandwidthUtilUp: NaN
[HELPING] bandwidthUtilDown: NaN
[HELPING] Avg # of unsent chunk for max-retries: NaN
[HELPING] Min # of unsent chunk for max-retries: Infinity
[HELPING] Max # of unsent chunk for max-retries: -Infinity
[HELPING] Avg # of unsent chunk-reqs for max-retries: NaN
[HELPING] Min # of unsent chunk-reqs for max-retries: Infinity
[HELPING] Max # of unsent chunk-reqs for max-retries: -Infinity
[HELPING] Avg % of chunks received by Pastry: NaN
[HELPING] Min % of chunks received by Pastry: Infinity
[HELPING] Max % of chunks received by Pastry: -Infinity
[HELPING] StD of chunks received by Pastry: 0.0
[HELPING] Var of chunks received by Pastry: 0.0
[HELPING] Avg % of chunks received by StarStream: NaN
[HELPING] Min % of chunks received by StarStream: Infinity
[HELPING] Max % of chunks received by StarStream: -Infinity
[HELPING] StD of chunks received by StarStream: 0.0
[HELPING] Var of chunks received by StarStream: 0.0
[HELPING] Latency: NaN
[HELPING] Min of perceived avg chunk delivery-time: Infinity
[HELPING] Max of perceived avg chunk delivery-time: -Infinity
[HELPING] Variance of perceived avg chunk delivery-time: 0.0
[HELPING] StD of perceived avg chunk delivery-time: 0.0
[HELPING] Avg messages sent per node: NaN
[HELPING] Min messages sent per node: Infinity
[HELPING] Max messages sent per node: -Infinity
[HELPING] Variance of messages sent per node: 0.0
[HELPING] StD of messages sent per node: 0.0
[HELPING] Nodes with incomplete playbacks: 0
[HELPING] Packet Loss: NaN
[HELPING] Min % of not played chunks: Infinity
[HELPING] Max % of not played chunks: -Infinity
[HELPING] Not played chunks [chunk-id/nodes]: {}
[HELPING] Avg distance between not played chunks: NaN
[HELPING] Min distance between not played chunks: Infinity
[HELPING] Max distance between not played chunks: -Infinity

