Total chunks: 100
Nodes x chunk: 2
Total nodes: 18
Active nodes: 18
Started playbacks: 18
Not started playbacks node-ids: []
Playbacks time-window: 179
Missing chunks distribution [missed-chunks/nodes]: {0=1, 2=1, 3=4, 4=2, 6=2, 22=1, 8=1, 42=1, 9=2, 26=1, 11=1, 14=1}
Rejected chunks for ttl expiration [chunk-id/nodes]: 79 {0=9, 1=2, 2=1, 3=2, 4=1, 6=2, 7=2, 8=1, 9=2, 10=1, 11=2, 12=1, 13=1, 14=1, 15=1, 17=2, 19=1, 18=1, 21=2, 20=1, 23=1, 22=2, 25=1, 24=1, 27=4, 29=1, 31=2, 30=1, 34=2, 35=1, 33=1, 38=1, 39=1, 36=1, 37=1, 43=2, 40=2, 46=6, 47=2, 44=6, 45=5, 50=2, 49=1, 48=1, 54=6, 53=5, 52=1, 59=2, 58=3, 57=6, 63=1, 62=1, 61=3, 60=3, 69=2, 70=4, 71=1, 64=1, 65=1, 66=4, 76=4, 77=3, 78=2, 79=1, 72=2, 85=3, 84=1, 87=1, 86=7, 81=1, 80=1, 83=1, 94=2, 89=2, 88=1, 90=2, 99=3, 96=3, 97=3}
Rejected chunks for capacity limit [chunk-id/nodes]: 0 {}
bandwidthUtilUp: 0.007806834104813036
bandwidthUtilDown: 0.004774552789847827
Avg # of unsent chunk for max-retries: 0.0
Min # of unsent chunk for max-retries: 0.0
Max # of unsent chunk for max-retries: 0.0
Avg # of unsent chunk-reqs for max-retries: 0.2222222222222222
Min # of unsent chunk-reqs for max-retries: 0.0
Max # of unsent chunk-reqs for max-retries: 3.0
Avg % of chunks received by Pastry: 11.11111111111111
Min % of chunks received by Pastry: 0.0
Max % of chunks received by Pastry: 26.0
StD of chunks received by Pastry: 8.81768869868562
Var of chunks received by Pastry: 77.75163398692811
Avg % of chunks received by StarStream: 88.05555555555556
Min % of chunks received by StarStream: 73.0
Max % of chunks received by StarStream: 100.0
StD of chunks received by StarStream: 9.006352151951825
Var of chunks received by StarStream: 81.11437908496727
[NONMOJO] Startup Delay: 71.72222222222223
[MOJO] Startup Delay: 53.1
[MOJO] Latency: 8.966879792646584
Min of perceived avg chunk delivery-time: 7.87
Max of perceived avg chunk delivery-time: 10.095744680851064
Variance of perceived avg chunk delivery-time: 0.4631295874524961
StD of perceived avg chunk delivery-time: 0.6805362499180305
Avg messages sent per node: 2033.2222222222222
Min messages sent per node: 1032.0
Max messages sent per node: 3365.0
Variance of messages sent per node: 275332.06535947684
StD of messages sent per node: 524.720940462144
Nodes with incomplete playbacks: 18
[MOJO] Continuity Index: 66.5
[MOJO] Packet Loss: 33.5
Min % of not played chunks: 2.0
Max % of not played chunks: 99.0
Not played chunks [chunk-id/nodes]: {1=8, 2=5, 3=7, 4=5, 5=4, 6=7, 7=7, 8=5, 9=7, 10=6, 11=6, 12=7, 13=6, 14=6, 15=6, 17=6, 16=3, 19=5, 18=6, 21=6, 20=5, 23=5, 22=6, 25=7, 24=5, 27=8, 26=4, 29=5, 28=6, 31=9, 30=5, 34=6, 35=5, 32=5, 33=6, 38=5, 39=6, 36=6, 37=4, 42=6, 43=8, 40=5, 41=4, 46=9, 47=5, 44=9, 45=9, 51=3, 50=6, 49=5, 48=7, 55=4, 54=11, 53=8, 52=4, 59=4, 58=8, 57=9, 56=6, 63=5, 62=6, 61=6, 60=7, 68=6, 69=6, 70=9, 71=7, 64=6, 65=7, 66=8, 67=3, 76=9, 77=7, 78=6, 79=7, 72=6, 73=6, 74=6, 75=3, 85=9, 84=5, 87=5, 86=11, 81=6, 80=6, 83=6, 82=4, 93=4, 92=5, 95=4, 94=7, 89=8, 88=7, 91=4, 90=6, 98=4, 99=7, 96=5, 97=8}
Avg distance between not played chunks: 7.6644463817231605
Min distance between not played chunks: 1.0
Max distance between not played chunks: 29.333333333333332

HELPING PEERS LOG

[HELPING] Active nodes: 0
[HELPING] Started playbacks: 0
[HELPING] Not started playbacks node-ids: []
[HELPING] Playbacks time-window: -9223372036854775807
[HELPING] Missing chunks distribution [missed-chunks/nodes]: {}
[HELPING] Rejected chunks for ttl expiration [chunk-id/nodes]: 0 {}
[HELPING] Rejected chunks for capacity limit [chunk-id/nodes]: 0 {}
[HELPING] bandwidthUtilUp: NaN
[HELPING] bandwidthUtilDown: NaN
[HELPING] Avg # of unsent chunk for max-retries: NaN
[HELPING] Min # of unsent chunk for max-retries: Infinity
[HELPING] Max # of unsent chunk for max-retries: -Infinity
[HELPING] Avg # of unsent chunk-reqs for max-retries: NaN
[HELPING] Min # of unsent chunk-reqs for max-retries: Infinity
[HELPING] Max # of unsent chunk-reqs for max-retries: -Infinity
[HELPING] Avg % of chunks received by Pastry: NaN
[HELPING] Min % of chunks received by Pastry: Infinity
[HELPING] Max % of chunks received by Pastry: -Infinity
[HELPING] StD of chunks received by Pastry: 0.0
[HELPING] Var of chunks received by Pastry: 0.0
[HELPING] Avg % of chunks received by StarStream: NaN
[HELPING] Min % of chunks received by StarStream: Infinity
[HELPING] Max % of chunks received by StarStream: -Infinity
[HELPING] StD of chunks received by StarStream: 0.0
[HELPING] Var of chunks received by StarStream: 0.0
[HELPING] Latency: NaN
[HELPING] Min of perceived avg chunk delivery-time: Infinity
[HELPING] Max of perceived avg chunk delivery-time: -Infinity
[HELPING] Variance of perceived avg chunk delivery-time: 0.0
[HELPING] StD of perceived avg chunk delivery-time: 0.0
[HELPING] Avg messages sent per node: NaN
[HELPING] Min messages sent per node: Infinity
[HELPING] Max messages sent per node: -Infinity
[HELPING] Variance of messages sent per node: 0.0
[HELPING] StD of messages sent per node: 0.0
[HELPING] Nodes with incomplete playbacks: 0
[HELPING] Packet Loss: NaN
[HELPING] Min % of not played chunks: Infinity
[HELPING] Max % of not played chunks: -Infinity
[HELPING] Not played chunks [chunk-id/nodes]: {}
[HELPING] Avg distance between not played chunks: NaN
[HELPING] Min distance between not played chunks: Infinity
[HELPING] Max distance between not played chunks: -Infinity

