Total chunks: 100
Nodes x chunk: 2
Total nodes: 18
Active nodes: 18
Started playbacks: 18
Not started playbacks node-ids: []
Playbacks time-window: 1050
Missing chunks distribution [missed-chunks/nodes]: {2=1, 3=6, 4=3, 6=2, 7=1, 8=1, 9=2, 10=1, 90=1}
Rejected chunks for ttl expiration [chunk-id/nodes]: 87 {1=3, 3=1, 4=1, 5=1, 6=1, 7=2, 8=1, 9=1, 10=1, 11=1, 12=1, 13=1, 14=1, 15=1, 17=1, 16=1, 19=3, 18=2, 20=2, 23=1, 22=1, 25=1, 24=1, 26=1, 29=1, 28=2, 31=1, 30=1, 34=1, 35=1, 32=5, 38=1, 39=1, 36=1, 37=1, 43=1, 40=1, 41=1, 46=4, 47=1, 44=1, 51=8, 50=3, 49=2, 48=1, 55=1, 54=1, 53=4, 52=1, 59=2, 58=1, 57=3, 63=6, 62=1, 61=1, 60=1, 68=2, 69=4, 70=3, 71=1, 65=1, 66=4, 67=1, 76=3, 78=5, 73=2, 74=3, 75=2, 85=1, 87=2, 86=1, 81=1, 80=2, 83=1, 82=2, 93=2, 92=2, 95=2, 94=1, 89=1, 88=4, 91=4, 90=1, 98=1, 99=5, 96=1, 97=1}
Rejected chunks for capacity limit [chunk-id/nodes]: 0 {}
bandwidthUtilUp: 0.008451777766567067
bandwidthUtilDown: 0.0050271604686292
Avg # of unsent chunk for max-retries: 0.0
Min # of unsent chunk for max-retries: 0.0
Max # of unsent chunk for max-retries: 0.0
Avg # of unsent chunk-reqs for max-retries: 0.1111111111111111
Min # of unsent chunk-reqs for max-retries: 0.0
Max # of unsent chunk-reqs for max-retries: 1.0
Avg % of chunks received by Pastry: 9.333333333333334
Min % of chunks received by Pastry: 0.0
Max % of chunks received by Pastry: 31.0
StD of chunks received by Pastry: 7.340459995203056
Var of chunks received by Pastry: 53.88235294117645
Avg % of chunks received by StarStream: 89.72222222222223
Min % of chunks received by StarStream: 68.0
Max % of chunks received by StarStream: 100.0
StD of chunks received by StarStream: 7.418621685489654
Var of chunks received by StarStream: 55.035947712417354
[NONMOJO] Startup Delay: 116.33333333333333
[MOJO] Startup Delay: 124.8
[MOJO] Latency: 8.186003087869546
Min of perceived avg chunk delivery-time: 0.0
Max of perceived avg chunk delivery-time: 9.695652173913043
Variance of perceived avg chunk delivery-time: 4.701672639530393
StD of perceived avg chunk delivery-time: 2.1683340700939957
Avg messages sent per node: 2530.1111111111113
Min messages sent per node: 334.0
Max messages sent per node: 3931.0
Variance of messages sent per node: 773668.1045751628
StD of messages sent per node: 879.584052024116
Nodes with incomplete playbacks: 18
[MOJO] Continuity Index: 70.77777777777777
[MOJO] Packet Loss: 29.22222222222222
Min % of not played chunks: 3.0
Max % of not played chunks: 99.0
Not played chunks [chunk-id/nodes]: {1=6, 2=4, 3=6, 4=5, 5=5, 6=4, 7=7, 8=6, 9=5, 10=5, 11=4, 12=4, 13=5, 14=6, 15=5, 17=4, 16=4, 19=6, 18=5, 21=3, 20=4, 23=4, 22=5, 25=4, 24=5, 27=3, 26=5, 29=5, 28=6, 31=4, 30=5, 34=5, 35=5, 32=10, 33=3, 38=4, 39=4, 36=6, 37=4, 42=6, 43=4, 40=5, 41=5, 46=8, 47=4, 44=6, 45=4, 51=11, 50=6, 49=5, 48=4, 55=4, 54=5, 53=8, 52=5, 59=5, 58=5, 57=7, 56=3, 63=9, 62=4, 61=5, 60=5, 68=6, 69=7, 70=5, 71=5, 64=6, 65=4, 66=16, 67=5, 76=6, 77=2, 78=10, 79=3, 72=3, 73=6, 74=8, 75=6, 85=5, 84=3, 87=6, 86=5, 81=3, 80=6, 83=3, 82=6, 93=5, 92=5, 95=6, 94=6, 89=4, 88=6, 91=7, 90=5, 98=5, 99=8, 96=6, 97=5}
Avg distance between not played chunks: 9.10931421991663
Min distance between not played chunks: 1.0
Max distance between not played chunks: 35.0

HELPING PEERS LOG

[HELPING] Active nodes: 0
[HELPING] Started playbacks: 0
[HELPING] Not started playbacks node-ids: []
[HELPING] Playbacks time-window: -9223372036854775807
[HELPING] Missing chunks distribution [missed-chunks/nodes]: {}
[HELPING] Rejected chunks for ttl expiration [chunk-id/nodes]: 0 {}
[HELPING] Rejected chunks for capacity limit [chunk-id/nodes]: 0 {}
[HELPING] bandwidthUtilUp: NaN
[HELPING] bandwidthUtilDown: NaN
[HELPING] Avg # of unsent chunk for max-retries: NaN
[HELPING] Min # of unsent chunk for max-retries: Infinity
[HELPING] Max # of unsent chunk for max-retries: -Infinity
[HELPING] Avg # of unsent chunk-reqs for max-retries: NaN
[HELPING] Min # of unsent chunk-reqs for max-retries: Infinity
[HELPING] Max # of unsent chunk-reqs for max-retries: -Infinity
[HELPING] Avg % of chunks received by Pastry: NaN
[HELPING] Min % of chunks received by Pastry: Infinity
[HELPING] Max % of chunks received by Pastry: -Infinity
[HELPING] StD of chunks received by Pastry: 0.0
[HELPING] Var of chunks received by Pastry: 0.0
[HELPING] Avg % of chunks received by StarStream: NaN
[HELPING] Min % of chunks received by StarStream: Infinity
[HELPING] Max % of chunks received by StarStream: -Infinity
[HELPING] StD of chunks received by StarStream: 0.0
[HELPING] Var of chunks received by StarStream: 0.0
[HELPING] Latency: NaN
[HELPING] Min of perceived avg chunk delivery-time: Infinity
[HELPING] Max of perceived avg chunk delivery-time: -Infinity
[HELPING] Variance of perceived avg chunk delivery-time: 0.0
[HELPING] StD of perceived avg chunk delivery-time: 0.0
[HELPING] Avg messages sent per node: NaN
[HELPING] Min messages sent per node: Infinity
[HELPING] Max messages sent per node: -Infinity
[HELPING] Variance of messages sent per node: 0.0
[HELPING] StD of messages sent per node: 0.0
[HELPING] Nodes with incomplete playbacks: 0
[HELPING] Packet Loss: NaN
[HELPING] Min % of not played chunks: Infinity
[HELPING] Max % of not played chunks: -Infinity
[HELPING] Not played chunks [chunk-id/nodes]: {}
[HELPING] Avg distance between not played chunks: NaN
[HELPING] Min distance between not played chunks: Infinity
[HELPING] Max distance between not played chunks: -Infinity

