Total chunks: 100
Nodes x chunk: 2
Total nodes: 18
Active nodes: 18
Started playbacks: 18
Not started playbacks node-ids: []
Playbacks time-window: 157
Missing chunks distribution [missed-chunks/nodes]: {0=10, 1=5, 2=2, 4=1}
Rejected chunks for ttl expiration [chunk-id/nodes]: 7 {1=2, 2=1, 65=1, 58=1, 78=1, 62=2, 47=3}
Rejected chunks for capacity limit [chunk-id/nodes]: 0 {}
bandwidthUtilUp: 0.01029090592068461
bandwidthUtilDown: 0.005959743772520062
Avg # of unsent chunk for max-retries: 0.0
Min # of unsent chunk for max-retries: 0.0
Max # of unsent chunk for max-retries: 0.0
Avg # of unsent chunk-reqs for max-retries: 0.1111111111111111
Min # of unsent chunk-reqs for max-retries: 0.0
Max # of unsent chunk-reqs for max-retries: 1.0
Avg % of chunks received by Pastry: 6.444444444444445
Min % of chunks received by Pastry: 0.0
Max % of chunks received by Pastry: 17.0
StD of chunks received by Pastry: 5.215612560292891
Var of chunks received by Pastry: 27.20261437908497
Avg % of chunks received by StarStream: 92.66666666666667
Min % of chunks received by StarStream: 82.0
Max % of chunks received by StarStream: 100.0
StD of chunks received by StarStream: 5.368754921931632
Var of chunks received by StarStream: 28.823529411765133
[NONMOJO] Startup Delay: 77.88888888888889
[MOJO] Startup Delay: 67.7
[MOJO] Latency: 8.300498255960024
Min of perceived avg chunk delivery-time: 7.13
Max of perceived avg chunk delivery-time: 9.393939393939394
Variance of perceived avg chunk delivery-time: 0.4262269884983425
StD of perceived avg chunk delivery-time: 0.6528606195033841
Avg messages sent per node: 4818.5
Min messages sent per node: 2239.0
Max messages sent per node: 6148.0
Variance of messages sent per node: 898343.7941176475
StD of messages sent per node: 947.8099989542458
Nodes with incomplete playbacks: 11
[MOJO] Continuity Index: 87.38888888888889
[MOJO] Packet Loss: 12.61111111111111
Min % of not played chunks: 0.0
Max % of not played chunks: 99.0
Not played chunks [chunk-id/nodes]: {1=4, 2=3, 3=2, 4=2, 5=2, 6=3, 7=2, 8=2, 9=2, 10=2, 11=2, 12=2, 13=2, 14=2, 15=2, 17=3, 16=2, 19=2, 18=2, 21=2, 20=2, 23=2, 22=2, 25=2, 24=3, 27=2, 26=2, 29=3, 28=2, 31=2, 30=2, 34=2, 35=2, 32=2, 33=3, 38=2, 39=2, 36=2, 37=2, 42=2, 43=2, 40=2, 41=3, 46=3, 47=5, 44=2, 45=3, 51=2, 50=2, 49=2, 48=3, 55=2, 54=2, 53=2, 52=2, 59=3, 58=3, 57=2, 56=3, 63=2, 62=5, 61=3, 60=2, 68=2, 69=2, 70=2, 71=2, 64=2, 65=3, 66=2, 67=2, 76=3, 77=2, 78=3, 79=3, 72=2, 73=2, 74=2, 75=3, 85=2, 84=2, 87=2, 86=2, 81=2, 80=2, 83=2, 82=2, 93=2, 92=2, 95=2, 94=2, 89=3, 88=2, 91=2, 90=2, 98=3, 99=2, 96=2, 97=2}
Avg distance between not played chunks: 8.282352941176471
Min distance between not played chunks: 1.0
Max distance between not played chunks: 23.0

HELPING PEERS LOG

[HELPING] Active nodes: 0
[HELPING] Started playbacks: 0
[HELPING] Not started playbacks node-ids: []
[HELPING] Playbacks time-window: -9223372036854775807
[HELPING] Missing chunks distribution [missed-chunks/nodes]: {}
[HELPING] Rejected chunks for ttl expiration [chunk-id/nodes]: 0 {}
[HELPING] Rejected chunks for capacity limit [chunk-id/nodes]: 0 {}
[HELPING] bandwidthUtilUp: NaN
[HELPING] bandwidthUtilDown: NaN
[HELPING] Avg # of unsent chunk for max-retries: NaN
[HELPING] Min # of unsent chunk for max-retries: Infinity
[HELPING] Max # of unsent chunk for max-retries: -Infinity
[HELPING] Avg # of unsent chunk-reqs for max-retries: NaN
[HELPING] Min # of unsent chunk-reqs for max-retries: Infinity
[HELPING] Max # of unsent chunk-reqs for max-retries: -Infinity
[HELPING] Avg % of chunks received by Pastry: NaN
[HELPING] Min % of chunks received by Pastry: Infinity
[HELPING] Max % of chunks received by Pastry: -Infinity
[HELPING] StD of chunks received by Pastry: 0.0
[HELPING] Var of chunks received by Pastry: 0.0
[HELPING] Avg % of chunks received by StarStream: NaN
[HELPING] Min % of chunks received by StarStream: Infinity
[HELPING] Max % of chunks received by StarStream: -Infinity
[HELPING] StD of chunks received by StarStream: 0.0
[HELPING] Var of chunks received by StarStream: 0.0
[HELPING] Latency: NaN
[HELPING] Min of perceived avg chunk delivery-time: Infinity
[HELPING] Max of perceived avg chunk delivery-time: -Infinity
[HELPING] Variance of perceived avg chunk delivery-time: 0.0
[HELPING] StD of perceived avg chunk delivery-time: 0.0
[HELPING] Avg messages sent per node: NaN
[HELPING] Min messages sent per node: Infinity
[HELPING] Max messages sent per node: -Infinity
[HELPING] Variance of messages sent per node: 0.0
[HELPING] StD of messages sent per node: 0.0
[HELPING] Nodes with incomplete playbacks: 0
[HELPING] Packet Loss: NaN
[HELPING] Min % of not played chunks: Infinity
[HELPING] Max % of not played chunks: -Infinity
[HELPING] Not played chunks [chunk-id/nodes]: {}
[HELPING] Avg distance between not played chunks: NaN
[HELPING] Min distance between not played chunks: Infinity
[HELPING] Max distance between not played chunks: -Infinity

