Total chunks: 100
Nodes x chunk: 2
Total nodes: 18
Active nodes: 18
Started playbacks: 18
Not started playbacks node-ids: []
Playbacks time-window: 137
Missing chunks distribution [missed-chunks/nodes]: {1=1, 2=4, 3=3, 21=1, 4=1, 6=3, 7=1, 10=2, 13=1, 91=1}
Rejected chunks for ttl expiration [chunk-id/nodes]: 90 {0=4, 1=2, 4=3, 7=2, 8=1, 10=2, 11=1, 12=1, 13=2, 14=2, 15=2, 17=1, 16=1, 19=2, 18=1, 21=1, 20=1, 23=2, 22=1, 25=1, 24=1, 27=1, 29=1, 28=1, 31=1, 30=1, 34=1, 35=1, 32=2, 33=1, 38=2, 36=1, 37=1, 42=1, 40=1, 41=1, 46=2, 47=1, 44=5, 45=2, 51=1, 50=4, 49=2, 48=6, 55=5, 54=1, 53=1, 52=2, 59=4, 58=2, 57=2, 56=3, 63=5, 62=2, 60=4, 68=3, 69=3, 70=1, 71=3, 64=2, 65=4, 66=5, 67=2, 76=3, 77=1, 78=1, 79=5, 72=2, 73=1, 74=1, 75=1, 85=3, 84=2, 87=1, 86=4, 81=1, 80=2, 82=2, 93=1, 92=2, 95=1, 94=1, 89=2, 88=1, 91=3, 90=4, 98=2, 99=1, 96=2, 97=2}
Rejected chunks for capacity limit [chunk-id/nodes]: 0 {}
bandwidthUtilUp: 0.008336046456568925
bandwidthUtilDown: 0.0050308857321758015
Avg # of unsent chunk for max-retries: 0.0
Min # of unsent chunk for max-retries: 0.0
Max # of unsent chunk for max-retries: 0.0
Avg # of unsent chunk-reqs for max-retries: 0.16666666666666666
Min # of unsent chunk-reqs for max-retries: 0.0
Max # of unsent chunk-reqs for max-retries: 1.0
Avg % of chunks received by Pastry: 8.833333333333334
Min % of chunks received by Pastry: 0.0
Max % of chunks received by Pastry: 21.0
StD of chunks received by Pastry: 7.278089600664043
Var of chunks received by Pastry: 52.970588235294095
Avg % of chunks received by StarStream: 90.33333333333333
Min % of chunks received by StarStream: 78.0
Max % of chunks received by StarStream: 100.0
StD of chunks received by StarStream: 7.499019543756919
Var of chunks received by StarStream: 56.23529411764824
[NONMOJO] Startup Delay: 64.88888888888889
[MOJO] Startup Delay: 60.2
[MOJO] Latency: 8.667502940306331
Min of perceived avg chunk delivery-time: 0.0
Max of perceived avg chunk delivery-time: 11.397435897435898
Variance of perceived avg chunk delivery-time: 5.646497509488768
StD of perceived avg chunk delivery-time: 2.376235996168892
Avg messages sent per node: 2429.8888888888887
Min messages sent per node: 173.0
Max messages sent per node: 5272.0
Variance of messages sent per node: 937693.398692811
StD of messages sent per node: 968.3457020572823
Nodes with incomplete playbacks: 18
[MOJO] Continuity Index: 72.44444444444444
[MOJO] Packet Loss: 27.555555555555557
Min % of not played chunks: 2.0
Max % of not played chunks: 99.0
Not played chunks [chunk-id/nodes]: {1=4, 2=2, 3=3, 4=6, 5=3, 6=2, 7=6, 8=5, 9=2, 10=6, 11=3, 12=3, 13=5, 14=6, 15=6, 17=3, 16=3, 19=4, 18=5, 21=4, 20=3, 23=5, 22=5, 25=3, 24=3, 27=3, 26=2, 29=4, 28=4, 31=4, 30=5, 34=4, 35=4, 32=7, 33=6, 38=5, 39=3, 36=5, 37=3, 42=4, 43=4, 40=5, 41=3, 46=6, 47=4, 44=12, 45=4, 51=4, 50=6, 49=7, 48=9, 55=10, 54=4, 53=4, 52=6, 59=7, 58=6, 57=4, 56=7, 63=9, 62=6, 61=3, 60=6, 68=6, 69=6, 70=4, 71=7, 64=7, 65=7, 66=8, 67=7, 76=6, 77=5, 78=4, 79=8, 72=6, 73=5, 74=4, 75=4, 85=7, 84=5, 87=4, 86=6, 81=4, 80=6, 83=5, 82=5, 93=5, 92=5, 95=4, 94=3, 89=5, 88=4, 91=6, 90=7, 98=6, 99=5, 96=5, 97=6}
Avg distance between not played chunks: 7.9991317898630605
Min distance between not played chunks: 1.0
Max distance between not played chunks: 35.0

HELPING PEERS LOG

[HELPING] Active nodes: 0
[HELPING] Started playbacks: 0
[HELPING] Not started playbacks node-ids: []
[HELPING] Playbacks time-window: -9223372036854775807
[HELPING] Missing chunks distribution [missed-chunks/nodes]: {}
[HELPING] Rejected chunks for ttl expiration [chunk-id/nodes]: 0 {}
[HELPING] Rejected chunks for capacity limit [chunk-id/nodes]: 0 {}
[HELPING] bandwidthUtilUp: NaN
[HELPING] bandwidthUtilDown: NaN
[HELPING] Avg # of unsent chunk for max-retries: NaN
[HELPING] Min # of unsent chunk for max-retries: Infinity
[HELPING] Max # of unsent chunk for max-retries: -Infinity
[HELPING] Avg # of unsent chunk-reqs for max-retries: NaN
[HELPING] Min # of unsent chunk-reqs for max-retries: Infinity
[HELPING] Max # of unsent chunk-reqs for max-retries: -Infinity
[HELPING] Avg % of chunks received by Pastry: NaN
[HELPING] Min % of chunks received by Pastry: Infinity
[HELPING] Max % of chunks received by Pastry: -Infinity
[HELPING] StD of chunks received by Pastry: 0.0
[HELPING] Var of chunks received by Pastry: 0.0
[HELPING] Avg % of chunks received by StarStream: NaN
[HELPING] Min % of chunks received by StarStream: Infinity
[HELPING] Max % of chunks received by StarStream: -Infinity
[HELPING] StD of chunks received by StarStream: 0.0
[HELPING] Var of chunks received by StarStream: 0.0
[HELPING] Latency: NaN
[HELPING] Min of perceived avg chunk delivery-time: Infinity
[HELPING] Max of perceived avg chunk delivery-time: -Infinity
[HELPING] Variance of perceived avg chunk delivery-time: 0.0
[HELPING] StD of perceived avg chunk delivery-time: 0.0
[HELPING] Avg messages sent per node: NaN
[HELPING] Min messages sent per node: Infinity
[HELPING] Max messages sent per node: -Infinity
[HELPING] Variance of messages sent per node: 0.0
[HELPING] StD of messages sent per node: 0.0
[HELPING] Nodes with incomplete playbacks: 0
[HELPING] Packet Loss: NaN
[HELPING] Min % of not played chunks: Infinity
[HELPING] Max % of not played chunks: -Infinity
[HELPING] Not played chunks [chunk-id/nodes]: {}
[HELPING] Avg distance between not played chunks: NaN
[HELPING] Min distance between not played chunks: Infinity
[HELPING] Max distance between not played chunks: -Infinity

