Total chunks: 100
Nodes x chunk: 2
Total nodes: 18
Active nodes: 18
Started playbacks: 18
Not started playbacks node-ids: []
Playbacks time-window: 213
Missing chunks distribution [missed-chunks/nodes]: {0=11, 1=3, 2=2, 3=1, 5=1}
Rejected chunks for ttl expiration [chunk-id/nodes]: 6 {1=3, 2=1, 3=1, 72=1, 88=3, 60=3}
Rejected chunks for capacity limit [chunk-id/nodes]: 0 {}
bandwidthUtilUp: 0.01043291056181846
bandwidthUtilDown: 0.005790203215699979
Avg # of unsent chunk for max-retries: 0.0
Min # of unsent chunk for max-retries: 0.0
Max # of unsent chunk for max-retries: 0.0
Avg # of unsent chunk-reqs for max-retries: 0.16666666666666666
Min # of unsent chunk-reqs for max-retries: 0.0
Max # of unsent chunk-reqs for max-retries: 1.0
Avg % of chunks received by Pastry: 7.777777777777778
Min % of chunks received by Pastry: 0.0
Max % of chunks received by Pastry: 16.0
StD of chunks received by Pastry: 4.929569311285849
Var of chunks received by Pastry: 24.300653594771244
Avg % of chunks received by StarStream: 91.5
Min % of chunks received by StarStream: 83.0
Max % of chunks received by StarStream: 100.0
StD of chunks received by StarStream: 5.2271913502151275
Var of chunks received by StarStream: 27.32352941176385
[NONMOJO] Startup Delay: 73.44444444444444
[MOJO] Startup Delay: 79.4
[MOJO] Latency: 8.060777579973895
Min of perceived avg chunk delivery-time: 7.27
Max of perceived avg chunk delivery-time: 9.421052631578947
Variance of perceived avg chunk delivery-time: 0.4424772100172464
StD of perceived avg chunk delivery-time: 0.6651896045619221
Avg messages sent per node: 4988.833333333333
Min messages sent per node: 3391.0
Max messages sent per node: 5855.0
Variance of messages sent per node: 470003.08823529456
StD of messages sent per node: 685.5677123634795
Nodes with incomplete playbacks: 12
[MOJO] Continuity Index: 81.66666666666667
[MOJO] Packet Loss: 18.333333333333332
Min % of not played chunks: 0.0
Max % of not played chunks: 99.0
Not played chunks [chunk-id/nodes]: {1=7, 2=4, 3=3, 4=3, 5=4, 6=3, 7=3, 8=3, 9=3, 10=3, 11=2, 12=4, 13=2, 14=4, 15=3, 17=3, 16=4, 19=4, 18=4, 21=4, 20=2, 23=3, 22=2, 25=3, 24=4, 27=2, 26=4, 29=3, 28=3, 31=3, 30=3, 34=3, 35=4, 32=3, 33=3, 38=2, 39=3, 36=2, 37=3, 42=4, 43=3, 40=3, 41=3, 46=2, 47=3, 44=2, 45=5, 51=3, 50=4, 49=4, 48=4, 55=2, 54=4, 53=3, 52=2, 59=3, 58=3, 57=4, 56=4, 63=3, 62=3, 61=2, 60=8, 68=3, 69=5, 70=3, 71=4, 64=4, 65=4, 66=3, 67=2, 76=3, 77=3, 78=3, 79=4, 72=5, 73=3, 74=4, 75=4, 85=2, 84=3, 87=3, 86=4, 81=3, 80=3, 83=3, 82=4, 93=4, 92=3, 95=3, 94=2, 89=3, 88=8, 91=3, 90=3, 98=4, 99=3, 96=2, 97=4}
Avg distance between not played chunks: 16.07858616139488
Min distance between not played chunks: 1.0
Max distance between not played chunks: 87.0

HELPING PEERS LOG

[HELPING] Active nodes: 0
[HELPING] Started playbacks: 0
[HELPING] Not started playbacks node-ids: []
[HELPING] Playbacks time-window: -9223372036854775807
[HELPING] Missing chunks distribution [missed-chunks/nodes]: {}
[HELPING] Rejected chunks for ttl expiration [chunk-id/nodes]: 0 {}
[HELPING] Rejected chunks for capacity limit [chunk-id/nodes]: 0 {}
[HELPING] bandwidthUtilUp: NaN
[HELPING] bandwidthUtilDown: NaN
[HELPING] Avg # of unsent chunk for max-retries: NaN
[HELPING] Min # of unsent chunk for max-retries: Infinity
[HELPING] Max # of unsent chunk for max-retries: -Infinity
[HELPING] Avg # of unsent chunk-reqs for max-retries: NaN
[HELPING] Min # of unsent chunk-reqs for max-retries: Infinity
[HELPING] Max # of unsent chunk-reqs for max-retries: -Infinity
[HELPING] Avg % of chunks received by Pastry: NaN
[HELPING] Min % of chunks received by Pastry: Infinity
[HELPING] Max % of chunks received by Pastry: -Infinity
[HELPING] StD of chunks received by Pastry: 0.0
[HELPING] Var of chunks received by Pastry: 0.0
[HELPING] Avg % of chunks received by StarStream: NaN
[HELPING] Min % of chunks received by StarStream: Infinity
[HELPING] Max % of chunks received by StarStream: -Infinity
[HELPING] StD of chunks received by StarStream: 0.0
[HELPING] Var of chunks received by StarStream: 0.0
[HELPING] Latency: NaN
[HELPING] Min of perceived avg chunk delivery-time: Infinity
[HELPING] Max of perceived avg chunk delivery-time: -Infinity
[HELPING] Variance of perceived avg chunk delivery-time: 0.0
[HELPING] StD of perceived avg chunk delivery-time: 0.0
[HELPING] Avg messages sent per node: NaN
[HELPING] Min messages sent per node: Infinity
[HELPING] Max messages sent per node: -Infinity
[HELPING] Variance of messages sent per node: 0.0
[HELPING] StD of messages sent per node: 0.0
[HELPING] Nodes with incomplete playbacks: 0
[HELPING] Packet Loss: NaN
[HELPING] Min % of not played chunks: Infinity
[HELPING] Max % of not played chunks: -Infinity
[HELPING] Not played chunks [chunk-id/nodes]: {}
[HELPING] Avg distance between not played chunks: NaN
[HELPING] Min distance between not played chunks: Infinity
[HELPING] Max distance between not played chunks: -Infinity

