Total chunks: 100
Nodes x chunk: 2
Total nodes: 36
Active nodes: 18
Started playbacks: 18
Not started playbacks node-ids: []
Playbacks time-window: 56
Missing chunks distribution [missed-chunks/nodes]: {0=18}
Rejected chunks for ttl expiration [chunk-id/nodes]: 1 {0=1}
Rejected chunks for capacity limit [chunk-id/nodes]: 0 {}
bandwidthUtilUp: 0.013259352520864895
bandwidthUtilDown: 0.008019911583932567
Avg # of unsent chunk for max-retries: 0.0
Min # of unsent chunk for max-retries: 0.0
Max # of unsent chunk for max-retries: 0.0
Avg # of unsent chunk-reqs for max-retries: 0.7222222222222222
Min # of unsent chunk-reqs for max-retries: 0.0
Max # of unsent chunk-reqs for max-retries: 4.0
Avg % of chunks received by Pastry: 13.833333333333334
Min % of chunks received by Pastry: 1.0
Max % of chunks received by Pastry: 20.0
StD of chunks received by Pastry: 4.755801410784888
Var of chunks received by Pastry: 22.617647058823533
Avg % of chunks received by StarStream: 85.27777777777777
Min % of chunks received by StarStream: 80.0
Max % of chunks received by StarStream: 98.0
StD of chunks received by StarStream: 4.612075653116126
Var of chunks received by StarStream: 21.271241830066547
[NONMOJO] Startup Delay: 66.22222222222223
[MOJO] Startup Delay: 88.2
[MOJO] Latency: 9.798333333333332
Min of perceived avg chunk delivery-time: 7.99
Max of perceived avg chunk delivery-time: 11.37
Variance of perceived avg chunk delivery-time: 0.6925323529412123
StD of perceived avg chunk delivery-time: 0.8321852876260264
Avg messages sent per node: 6565.055555555556
Min messages sent per node: 3824.0
Max messages sent per node: 8718.0
Variance of messages sent per node: 1680192.6437908446
StD of messages sent per node: 1296.2224515070106
Nodes with incomplete playbacks: 16
[MOJO] Continuity Index: 49.333333333333336
[MOJO] Packet Loss: 50.666666666666664
Min % of not played chunks: 0.0
Max % of not played chunks: 99.0
Not played chunks [chunk-id/nodes]: {1=7, 2=9, 3=13, 4=9, 5=10, 6=9, 7=8, 8=10, 9=8, 10=8, 11=12, 12=10, 13=9, 14=7, 15=8, 17=11, 16=11, 19=13, 18=9, 21=5, 20=7, 23=8, 22=4, 25=9, 24=9, 27=9, 26=8, 29=5, 28=7, 31=10, 30=8, 34=11, 35=5, 32=8, 33=8, 38=6, 39=13, 36=11, 37=7, 42=9, 43=10, 40=8, 41=11, 46=8, 47=8, 44=8, 45=10, 51=14, 50=10, 49=6, 48=9, 55=6, 54=7, 53=11, 52=11, 59=12, 58=9, 57=7, 56=10, 63=8, 62=11, 61=11, 60=7, 68=10, 69=10, 70=11, 71=9, 64=10, 65=11, 66=12, 67=7, 76=9, 77=11, 78=10, 79=8, 72=11, 73=10, 74=7, 75=14, 85=8, 84=11, 87=9, 86=12, 81=7, 80=10, 83=8, 82=12, 93=9, 92=6, 95=8, 94=9, 89=11, 88=11, 91=12, 90=6, 98=10, 99=9, 96=11, 97=13}
Avg distance between not played chunks: 2.731051071649454
Min distance between not played chunks: 1.0
Max distance between not played chunks: 11.75

HELPING PEERS LOG

[HELPING] Active nodes: 18
[HELPING] Started playbacks: 18
[HELPING] Not started playbacks node-ids: []
[HELPING] Playbacks time-window: 116
[HELPING] Missing chunks distribution [missed-chunks/nodes]: {0=17, 2=1}
[HELPING] Rejected chunks for ttl expiration [chunk-id/nodes]: 2 {0=6, 1=1}
[HELPING] Rejected chunks for capacity limit [chunk-id/nodes]: 0 {}
[HELPING] bandwidthUtilUp: 0.014065339245710289
[HELPING] bandwidthUtilDown: 0.008010382821501058
[HELPING] Avg # of unsent chunk for max-retries: 0.0
[HELPING] Min # of unsent chunk for max-retries: 0.0
[HELPING] Max # of unsent chunk for max-retries: 0.0
[HELPING] Avg # of unsent chunk-reqs for max-retries: 0.05555555555555555
[HELPING] Min # of unsent chunk-reqs for max-retries: 0.0
[HELPING] Max # of unsent chunk-reqs for max-retries: 1.0
[HELPING] Avg % of chunks received by Pastry: 6.611111111111111
[HELPING] Min % of chunks received by Pastry: 0.0
[HELPING] Max % of chunks received by Pastry: 21.0
[HELPING] StD of chunks received by Pastry: 6.21325801519611
[HELPING] Var of chunks received by Pastry: 38.60457516339871
[HELPING] Avg % of chunks received by StarStream: 92.72222222222223
[HELPING] Min % of chunks received by StarStream: 78.0
[HELPING] Max % of chunks received by StarStream: 100.0
[HELPING] StD of chunks received by StarStream: 6.560178939054689
[HELPING] Var of chunks received by StarStream: 43.03594771241671
[HELPING] Startup Delay: 94.05555555555556
[HELPING] Latency: 10.362768615863851
[HELPING] Min of perceived avg chunk delivery-time: 8.16
[HELPING] Max of perceived avg chunk delivery-time: 12.97
[HELPING] Variance of perceived avg chunk delivery-time: 0.9812453892712303
[HELPING] StD of perceived avg chunk delivery-time: 0.9905783105192796
[HELPING] Avg messages sent per node: 6438.0
[HELPING] Min messages sent per node: 4226.0
[HELPING] Max messages sent per node: 8680.0
[HELPING] Variance of messages sent per node: 1817753.0588235278
[HELPING] StD of messages sent per node: 1348.2407273271074
[HELPING] Nodes with incomplete playbacks: 7
[HELPING] Packet Loss: 18.833333333333332
[HELPING] Min % of not played chunks: 0.0
[HELPING] Max % of not played chunks: 99.0
[HELPING] Not played chunks [chunk-id/nodes]: {1=3, 2=3, 3=4, 4=4, 5=4, 6=2, 7=4, 8=6, 9=3, 10=2, 11=3, 12=2, 13=4, 14=4, 15=3, 17=2, 16=3, 19=5, 18=3, 21=3, 20=3, 23=2, 22=2, 25=3, 24=3, 27=4, 26=2, 29=5, 28=2, 31=3, 30=2, 34=3, 35=3, 32=4, 33=3, 38=4, 39=3, 36=2, 37=3, 42=2, 43=3, 40=5, 41=4, 46=3, 47=5, 44=5, 45=4, 51=2, 50=3, 49=3, 48=3, 55=3, 54=5, 53=3, 52=3, 59=3, 58=3, 57=2, 56=2, 63=4, 62=4, 61=4, 60=3, 68=4, 69=4, 70=4, 71=4, 64=3, 65=5, 66=4, 67=3, 76=4, 77=4, 78=4, 79=4, 72=4, 73=2, 74=3, 75=5, 85=4, 84=2, 87=3, 86=3, 81=4, 80=4, 83=5, 82=3, 93=3, 92=3, 95=3, 94=5, 89=4, 88=4, 91=4, 90=3, 98=4, 99=4, 96=5, 97=4}
[HELPING] Avg distance between not played chunks: 3.9870534614437054
[HELPING] Min distance between not played chunks: 1.0
[HELPING] Max distance between not played chunks: 14.333333333333334

