Total chunks: 100
Nodes x chunk: 2
Total nodes: 23
Active nodes: 18
Started playbacks: 18
Not started playbacks node-ids: []
Playbacks time-window: 66
Missing chunks distribution [missed-chunks/nodes]: {0=17, 1=1}
Rejected chunks for ttl expiration [chunk-id/nodes]: 1 {91=1}
Rejected chunks for capacity limit [chunk-id/nodes]: 0 {}
bandwidthUtilUp: 0.012020792487017528
bandwidthUtilDown: 0.006905705403497292
Avg # of unsent chunk for max-retries: 0.0
Min # of unsent chunk for max-retries: 0.0
Max # of unsent chunk for max-retries: 0.0
Avg # of unsent chunk-reqs for max-retries: 0.5
Min # of unsent chunk-reqs for max-retries: 0.0
Max # of unsent chunk-reqs for max-retries: 2.0
Avg % of chunks received by Pastry: 11.88888888888889
Min % of chunks received by Pastry: 3.0
Max % of chunks received by Pastry: 18.0
StD of chunks received by Pastry: 3.983626619771439
Var of chunks received by Pastry: 15.869281045751624
Avg % of chunks received by StarStream: 87.11111111111111
Min % of chunks received by StarStream: 81.0
Max % of chunks received by StarStream: 96.0
StD of chunks received by StarStream: 3.9836266197713033
Var of chunks received by StarStream: 15.86928104575054
[NONMOJO] Startup Delay: 49.55555555555556
[MOJO] Startup Delay: 62.0
[MOJO] Latency: 8.913658810325478
Min of perceived avg chunk delivery-time: 7.76
Max of perceived avg chunk delivery-time: 10.464646464646465
Variance of perceived avg chunk delivery-time: 0.5144996111507513
StD of perceived avg chunk delivery-time: 0.7172862825613991
Avg messages sent per node: 5938.944444444444
Min messages sent per node: 3612.0
Max messages sent per node: 7415.0
Variance of messages sent per node: 1405885.7026143766
StD of messages sent per node: 1185.7005113494624
Nodes with incomplete playbacks: 11
[MOJO] Continuity Index: 85.22222222222223
[MOJO] Packet Loss: 14.777777777777779
Min % of not played chunks: 0.0
Max % of not played chunks: 99.0
Not played chunks [chunk-id/nodes]: {1=3, 2=2, 3=3, 4=2, 5=3, 6=3, 7=1, 8=2, 9=2, 10=3, 11=1, 12=4, 13=1, 14=2, 15=2, 17=4, 16=2, 19=2, 18=2, 21=1, 20=2, 23=3, 22=2, 25=2, 24=1, 27=3, 26=3, 29=4, 28=1, 31=2, 30=1, 34=3, 35=2, 32=4, 33=2, 38=3, 39=2, 36=1, 37=2, 42=3, 43=4, 40=3, 41=2, 46=2, 47=2, 44=3, 45=3, 51=3, 50=2, 49=3, 48=4, 55=3, 54=4, 53=3, 52=3, 59=2, 58=2, 57=4, 56=3, 63=4, 62=4, 61=3, 60=4, 68=2, 69=2, 70=4, 71=3, 64=3, 65=3, 66=3, 67=4, 76=3, 77=3, 78=3, 79=1, 72=2, 73=1, 74=3, 75=4, 85=3, 84=4, 87=3, 86=5, 81=3, 80=5, 83=2, 82=2, 93=3, 92=2, 95=3, 94=3, 89=1, 88=2, 91=5, 90=1, 98=3, 99=4, 96=2, 97=5}
Avg distance between not played chunks: 11.673106060606061
Min distance between not played chunks: 1.0
Max distance between not played chunks: 43.0

HELPING PEERS LOG

[HELPING] Active nodes: 5
[HELPING] Started playbacks: 5
[HELPING] Not started playbacks node-ids: []
[HELPING] Playbacks time-window: 65
[HELPING] Missing chunks distribution [missed-chunks/nodes]: {0=5}
[HELPING] Rejected chunks for ttl expiration [chunk-id/nodes]: 0 {}
[HELPING] Rejected chunks for capacity limit [chunk-id/nodes]: 0 {}
[HELPING] bandwidthUtilUp: 0.012960842167275144
[HELPING] bandwidthUtilDown: 0.006426206747929708
[HELPING] Avg # of unsent chunk for max-retries: 0.0
[HELPING] Min # of unsent chunk for max-retries: 0.0
[HELPING] Max # of unsent chunk for max-retries: 0.0
[HELPING] Avg # of unsent chunk-reqs for max-retries: 0.0
[HELPING] Min # of unsent chunk-reqs for max-retries: 0.0
[HELPING] Max # of unsent chunk-reqs for max-retries: 0.0
[HELPING] Avg % of chunks received by Pastry: 5.0
[HELPING] Min % of chunks received by Pastry: 0.0
[HELPING] Max % of chunks received by Pastry: 16.0
[HELPING] StD of chunks received by Pastry: 6.557438524302
[HELPING] Var of chunks received by Pastry: 43.0
[HELPING] Avg % of chunks received by StarStream: 94.2
[HELPING] Min % of chunks received by StarStream: 83.0
[HELPING] Max % of chunks received by StarStream: 99.0
[HELPING] StD of chunks received by StarStream: 6.723094525588462
[HELPING] Var of chunks received by StarStream: 45.199999999997544
[HELPING] Startup Delay: 66.2
[HELPING] Latency: 9.305818181818182
[HELPING] Min of perceived avg chunk delivery-time: 8.57
[HELPING] Max of perceived avg chunk delivery-time: 9.94
[HELPING] Variance of perceived avg chunk delivery-time: 0.26389602387510536
[HELPING] StD of perceived avg chunk delivery-time: 0.5137081115527624
[HELPING] Avg messages sent per node: 5543.8
[HELPING] Min messages sent per node: 4264.0
[HELPING] Max messages sent per node: 6609.0
[HELPING] Variance of messages sent per node: 1284192.7000000002
[HELPING] StD of messages sent per node: 1133.2222641653314
[HELPING] Nodes with incomplete playbacks: 2
[HELPING] Packet Loss: 15.8
[HELPING] Min % of not played chunks: 0.0
[HELPING] Max % of not played chunks: 70.0
[HELPING] Not played chunks [chunk-id/nodes]: {1=1, 2=2, 6=1, 8=1, 9=1, 10=1, 12=1, 13=1, 15=1, 17=1, 18=1, 21=1, 25=1, 27=1, 29=1, 28=1, 31=1, 34=1, 32=1, 33=1, 38=1, 39=1, 36=1, 37=1, 42=1, 43=2, 41=1, 46=1, 47=1, 44=1, 45=1, 51=1, 49=1, 48=1, 55=1, 54=1, 53=1, 52=1, 57=1, 56=1, 63=1, 62=1, 60=2, 68=1, 69=1, 70=1, 71=1, 65=1, 66=1, 67=1, 76=1, 77=1, 78=1, 72=1, 73=1, 74=2, 75=1, 85=1, 84=2, 87=1, 86=2, 81=1, 83=1, 82=1, 95=1, 94=2, 89=1, 91=1, 90=1, 96=1, 97=2}
[HELPING] Avg distance between not played chunks: 6.633152173913043
[HELPING] Min distance between not played chunks: 1.391304347826087
[HELPING] Max distance between not played chunks: 11.875

