Total chunks: 100
Nodes x chunk: 2
Total nodes: 25
Active nodes: 18
Started playbacks: 18
Not started playbacks node-ids: []
Playbacks time-window: 160
Missing chunks distribution [missed-chunks/nodes]: {0=16, 2=1, 3=1}
Rejected chunks for ttl expiration [chunk-id/nodes]: 2 {1=2, 2=1}
Rejected chunks for capacity limit [chunk-id/nodes]: 0 {}
bandwidthUtilUp: 0.012622846665375309
bandwidthUtilDown: 0.007118019262418265
Avg # of unsent chunk for max-retries: 0.0
Min # of unsent chunk for max-retries: 0.0
Max # of unsent chunk for max-retries: 0.0
Avg # of unsent chunk-reqs for max-retries: 0.3333333333333333
Min # of unsent chunk-reqs for max-retries: 0.0
Max # of unsent chunk-reqs for max-retries: 2.0
Avg % of chunks received by Pastry: 9.444444444444445
Min % of chunks received by Pastry: 1.0
Max % of chunks received by Pastry: 21.0
StD of chunks received by Pastry: 5.873391867238537
Var of chunks received by Pastry: 34.49673202614378
Avg % of chunks received by StarStream: 89.72222222222223
Min % of chunks received by StarStream: 78.0
Max % of chunks received by StarStream: 99.0
StD of chunks received by StarStream: 6.114645442614609
Var of chunks received by StarStream: 37.388888888887614
[NONMOJO] Startup Delay: 70.83333333333333
[MOJO] Startup Delay: 64.4
[MOJO] Latency: 8.993015079613018
Min of perceived avg chunk delivery-time: 7.83
Max of perceived avg chunk delivery-time: 10.690721649484535
Variance of perceived avg chunk delivery-time: 0.6127632236946116
StD of perceived avg chunk delivery-time: 0.7827919415110324
Avg messages sent per node: 6212.944444444444
Min messages sent per node: 3791.0
Max messages sent per node: 7926.0
Variance of messages sent per node: 1409981.2320261493
StD of messages sent per node: 1187.4263059348775
Nodes with incomplete playbacks: 13
[MOJO] Continuity Index: 71.38888888888889
[MOJO] Packet Loss: 28.61111111111111
Min % of not played chunks: 0.0
Max % of not played chunks: 98.0
Not played chunks [chunk-id/nodes]: {1=6, 2=6, 3=5, 4=5, 5=5, 6=4, 7=6, 8=5, 9=5, 10=4, 11=5, 12=3, 13=3, 14=6, 15=5, 17=4, 16=4, 19=5, 18=4, 21=6, 20=7, 23=5, 22=4, 25=4, 24=6, 27=7, 26=3, 29=4, 28=4, 31=4, 30=6, 34=4, 35=5, 32=5, 33=6, 38=5, 39=5, 36=5, 37=6, 42=5, 43=5, 40=7, 41=5, 46=5, 47=4, 44=5, 45=5, 51=8, 50=5, 49=5, 48=6, 55=5, 54=4, 53=7, 52=4, 59=4, 58=5, 57=5, 56=5, 63=8, 62=6, 61=6, 60=5, 68=6, 69=7, 70=7, 71=6, 64=6, 65=5, 66=7, 67=7, 76=4, 77=6, 78=3, 79=5, 72=5, 73=6, 74=6, 75=3, 85=5, 84=6, 87=4, 86=5, 81=4, 80=4, 83=4, 82=4, 93=5, 92=5, 95=7, 94=8, 89=6, 88=6, 91=7, 90=6, 98=5, 99=5, 96=5, 97=5}
Avg distance between not played chunks: 3.047383472269411
Min distance between not played chunks: 1.0
Max distance between not played chunks: 8.333333333333334

HELPING PEERS LOG

[HELPING] Active nodes: 7
[HELPING] Started playbacks: 7
[HELPING] Not started playbacks node-ids: []
[HELPING] Playbacks time-window: 104
[HELPING] Missing chunks distribution [missed-chunks/nodes]: {0=5, 2=2}
[HELPING] Rejected chunks for ttl expiration [chunk-id/nodes]: 1 {1=2}
[HELPING] Rejected chunks for capacity limit [chunk-id/nodes]: 0 {}
[HELPING] bandwidthUtilUp: 0.013471309420560528
[HELPING] bandwidthUtilDown: 0.007239409223833692
[HELPING] Avg # of unsent chunk for max-retries: 0.0
[HELPING] Min # of unsent chunk for max-retries: 0.0
[HELPING] Max # of unsent chunk for max-retries: 0.0
[HELPING] Avg # of unsent chunk-reqs for max-retries: 0.14285714285714285
[HELPING] Min # of unsent chunk-reqs for max-retries: 0.0
[HELPING] Max # of unsent chunk-reqs for max-retries: 1.0
[HELPING] Avg % of chunks received by Pastry: 7.0
[HELPING] Min % of chunks received by Pastry: 2.0
[HELPING] Max % of chunks received by Pastry: 13.0
[HELPING] StD of chunks received by Pastry: 4.08248290463863
[HELPING] Var of chunks received by Pastry: 16.666666666666668
[HELPING] Avg % of chunks received by StarStream: 92.14285714285714
[HELPING] Min % of chunks received by StarStream: 86.0
[HELPING] Max % of chunks received by StarStream: 98.0
[HELPING] StD of chunks received by StarStream: 4.298393941484484
[HELPING] Var of chunks received by StarStream: 18.47619047619052
[HELPING] Startup Delay: 94.57142857142857
[HELPING] Latency: 9.075144447389345
[HELPING] Min of perceived avg chunk delivery-time: 8.37
[HELPING] Max of perceived avg chunk delivery-time: 10.090909090909092
[HELPING] Variance of perceived avg chunk delivery-time: 0.3599572362197918
[HELPING] StD of perceived avg chunk delivery-time: 0.5999643624581312
[HELPING] Avg messages sent per node: 5767.285714285715
[HELPING] Min messages sent per node: 4508.0
[HELPING] Max messages sent per node: 7531.0
[HELPING] Variance of messages sent per node: 1617434.5714285641
[HELPING] StD of messages sent per node: 1271.784011311891
[HELPING] Nodes with incomplete playbacks: 4
[HELPING] Packet Loss: 0.5714285714285714
[HELPING] Min % of not played chunks: 0.0
[HELPING] Max % of not played chunks: 1.0
[HELPING] Not played chunks [chunk-id/nodes]: {1=2, 94=2}
[HELPING] Avg distance between not played chunks: NaN
[HELPING] Min distance between not played chunks: Infinity
[HELPING] Max distance between not played chunks: -Infinity

