Total chunks: 100
Nodes x chunk: 2
Total nodes: 27
Active nodes: 18
Started playbacks: 18
Not started playbacks node-ids: []
Playbacks time-window: 244
Missing chunks distribution [missed-chunks/nodes]: {0=16, 2=1, 4=1}
Rejected chunks for ttl expiration [chunk-id/nodes]: 3 {0=3, 1=2, 3=1}
Rejected chunks for capacity limit [chunk-id/nodes]: 0 {}
bandwidthUtilUp: 0.013425518494619992
bandwidthUtilDown: 0.007722279118249674
Avg # of unsent chunk for max-retries: 0.0
Min # of unsent chunk for max-retries: 0.0
Max # of unsent chunk for max-retries: 0.0
Avg # of unsent chunk-reqs for max-retries: 0.2777777777777778
Min # of unsent chunk-reqs for max-retries: 0.0
Max # of unsent chunk-reqs for max-retries: 2.0
Avg % of chunks received by Pastry: 10.055555555555555
Min % of chunks received by Pastry: 0.0
Max % of chunks received by Pastry: 21.0
StD of chunks received by Pastry: 6.777750991053893
Var of chunks received by Pastry: 45.937908496732035
Avg % of chunks received by StarStream: 89.0
Min % of chunks received by StarStream: 78.0
Max % of chunks received by StarStream: 99.0
StD of chunks received by StarStream: 6.695037670675527
Var of chunks received by StarStream: 44.82352941176438
[NONMOJO] Startup Delay: 73.88888888888889
[MOJO] Startup Delay: 89.1
[MOJO] Latency: 9.189821414255938
Min of perceived avg chunk delivery-time: 8.27
Max of perceived avg chunk delivery-time: 10.885416666666666
Variance of perceived avg chunk delivery-time: 0.4978096069777327
StD of perceived avg chunk delivery-time: 0.7055562394152097
Avg messages sent per node: 6598.555555555556
Min messages sent per node: 3874.0
Max messages sent per node: 8593.0
Variance of messages sent per node: 1231773.0849673143
StD of messages sent per node: 1109.8527312068545
Nodes with incomplete playbacks: 10
[MOJO] Continuity Index: 73.72222222222223
[MOJO] Packet Loss: 26.27777777777778
Min % of not played chunks: 0.0
Max % of not played chunks: 99.0
Not played chunks [chunk-id/nodes]: {1=7, 2=6, 3=4, 4=3, 5=6, 6=5, 7=5, 8=4, 9=5, 10=4, 11=5, 12=5, 13=6, 14=5, 15=5, 17=4, 16=5, 19=6, 18=3, 21=5, 20=5, 23=5, 22=5, 25=5, 24=3, 27=3, 26=5, 29=4, 28=5, 31=3, 30=3, 34=3, 35=6, 32=4, 33=5, 38=5, 39=3, 36=4, 37=5, 42=6, 43=3, 40=5, 41=6, 46=6, 47=5, 44=6, 45=4, 51=4, 50=4, 49=6, 48=4, 55=5, 54=5, 53=5, 52=4, 59=4, 58=5, 57=4, 56=5, 63=6, 62=5, 61=5, 60=4, 68=5, 69=4, 70=5, 71=5, 64=4, 65=6, 66=6, 67=6, 76=5, 77=5, 78=3, 79=4, 72=3, 73=4, 74=6, 75=5, 85=5, 84=5, 87=4, 86=6, 81=4, 80=5, 83=5, 82=5, 93=6, 92=6, 95=3, 94=5, 89=4, 88=5, 91=6, 90=6, 98=6, 99=5, 96=6, 97=5}
Avg distance between not played chunks: 3.220075830602146
Min distance between not played chunks: 1.0
Max distance between not played chunks: 15.166666666666666

HELPING PEERS LOG

[HELPING] Active nodes: 9
[HELPING] Started playbacks: 9
[HELPING] Not started playbacks node-ids: []
[HELPING] Playbacks time-window: 196
[HELPING] Missing chunks distribution [missed-chunks/nodes]: {0=7, 2=1, 3=1}
[HELPING] Rejected chunks for ttl expiration [chunk-id/nodes]: 2 {0=2, 1=1}
[HELPING] Rejected chunks for capacity limit [chunk-id/nodes]: 0 {}
[HELPING] bandwidthUtilUp: 0.013535201639770986
[HELPING] bandwidthUtilDown: 0.007647580352524352
[HELPING] Avg # of unsent chunk for max-retries: 0.0
[HELPING] Min # of unsent chunk for max-retries: 0.0
[HELPING] Max # of unsent chunk for max-retries: 0.0
[HELPING] Avg # of unsent chunk-reqs for max-retries: 0.3333333333333333
[HELPING] Min # of unsent chunk-reqs for max-retries: 0.0
[HELPING] Max # of unsent chunk-reqs for max-retries: 1.0
[HELPING] Avg % of chunks received by Pastry: 8.555555555555555
[HELPING] Min % of chunks received by Pastry: 1.0
[HELPING] Max % of chunks received by Pastry: 15.0
[HELPING] StD of chunks received by Pastry: 5.341140119654022
[HELPING] Var of chunks received by Pastry: 28.52777777777778
[HELPING] Avg % of chunks received by StarStream: 90.55555555555556
[HELPING] Min % of chunks received by StarStream: 84.0
[HELPING] Max % of chunks received by StarStream: 99.0
[HELPING] StD of chunks received by StarStream: 5.525194818083638
[HELPING] Var of chunks received by StarStream: 30.527777777778283
[HELPING] Startup Delay: 93.66666666666667
[HELPING] Latency: 9.487174354763946
[HELPING] Min of perceived avg chunk delivery-time: 8.31
[HELPING] Max of perceived avg chunk delivery-time: 11.505154639175258
[HELPING] Variance of perceived avg chunk delivery-time: 0.8721955110178445
[HELPING] StD of perceived avg chunk delivery-time: 0.9339140811754819
[HELPING] Avg messages sent per node: 6246.888888888889
[HELPING] Min messages sent per node: 3888.0
[HELPING] Max messages sent per node: 8383.0
[HELPING] Variance of messages sent per node: 2185981.111111114
[HELPING] StD of messages sent per node: 1478.5063784478962
[HELPING] Nodes with incomplete playbacks: 5
[HELPING] Packet Loss: 2.111111111111111
[HELPING] Min % of not played chunks: 0.0
[HELPING] Max % of not played chunks: 10.0
[HELPING] Not played chunks [chunk-id/nodes]: {68=1, 1=2, 2=1, 3=1, 64=1, 66=1, 67=1, 47=1, 74=1, 15=1, 17=1, 51=1, 50=1, 53=1, 92=2, 58=1, 61=1}
[HELPING] Avg distance between not played chunks: 10.851851851851853
[HELPING] Min distance between not played chunks: 1.0
[HELPING] Max distance between not played chunks: 25.0

