Total chunks: 100
Nodes x chunk: 2
Total nodes: 28
Active nodes: 18
Started playbacks: 18
Not started playbacks node-ids: []
Playbacks time-window: 236
Missing chunks distribution [missed-chunks/nodes]: {0=16, 4=2}
Rejected chunks for ttl expiration [chunk-id/nodes]: 4 {0=5, 1=2, 2=2, 3=2}
Rejected chunks for capacity limit [chunk-id/nodes]: 0 {}
bandwidthUtilUp: 0.013740525291659318
bandwidthUtilDown: 0.007940232097071757
Avg # of unsent chunk for max-retries: 0.0
Min # of unsent chunk for max-retries: 0.0
Max # of unsent chunk for max-retries: 0.0
Avg # of unsent chunk-reqs for max-retries: 0.1111111111111111
Min # of unsent chunk-reqs for max-retries: 0.0
Max # of unsent chunk-reqs for max-retries: 1.0
Avg % of chunks received by Pastry: 10.333333333333334
Min % of chunks received by Pastry: 0.0
Max % of chunks received by Pastry: 17.0
StD of chunks received by Pastry: 5.144957554275264
Var of chunks received by Pastry: 26.4705882352941
Avg % of chunks received by StarStream: 88.72222222222223
Min % of chunks received by StarStream: 82.0
Max % of chunks received by StarStream: 100.0
StD of chunks received by StarStream: 5.267051363463052
Var of chunks received by StarStream: 27.74183006535799
[NONMOJO] Startup Delay: 82.0
[MOJO] Startup Delay: 51.3
[MOJO] Latency: 9.24248106060606
Min of perceived avg chunk delivery-time: 6.6
Max of perceived avg chunk delivery-time: 10.36
Variance of perceived avg chunk delivery-time: 0.9523881981627369
StD of perceived avg chunk delivery-time: 0.9759037852999326
Avg messages sent per node: 6825.888888888889
Min messages sent per node: 3385.0
Max messages sent per node: 9219.0
Variance of messages sent per node: 2273640.69281046
StD of messages sent per node: 1507.859639625141
Nodes with incomplete playbacks: 14
[MOJO] Continuity Index: 77.05555555555556
[MOJO] Packet Loss: 22.944444444444443
Min % of not played chunks: 0.0
Max % of not played chunks: 98.0
Not played chunks [chunk-id/nodes]: {1=8, 2=8, 3=5, 4=3, 5=2, 6=5, 7=4, 8=4, 9=3, 10=3, 11=5, 12=2, 13=3, 14=4, 15=3, 17=4, 16=5, 19=4, 18=4, 21=2, 20=4, 23=3, 22=2, 25=4, 24=4, 27=2, 26=3, 29=4, 28=2, 31=3, 30=3, 34=3, 35=4, 32=4, 33=2, 38=3, 39=3, 36=3, 37=5, 42=4, 43=2, 40=4, 41=4, 46=8, 47=3, 44=5, 45=6, 51=5, 50=5, 49=3, 48=5, 55=5, 54=4, 53=5, 52=5, 59=6, 58=4, 57=4, 56=5, 63=4, 62=6, 61=5, 60=4, 68=5, 69=3, 70=5, 71=4, 64=5, 65=2, 66=5, 67=3, 76=4, 77=5, 78=4, 79=3, 72=4, 73=8, 74=4, 75=4, 85=4, 84=4, 87=5, 86=4, 81=2, 80=4, 83=5, 82=7, 93=3, 92=6, 95=3, 94=3, 89=5, 88=5, 91=4, 90=8, 98=5, 99=5, 96=4, 97=6}
Avg distance between not played chunks: 5.879208267510215
Min distance between not played chunks: 1.0
Max distance between not played chunks: 35.5

HELPING PEERS LOG

[HELPING] Active nodes: 10
[HELPING] Started playbacks: 10
[HELPING] Not started playbacks node-ids: []
[HELPING] Playbacks time-window: 125
[HELPING] Missing chunks distribution [missed-chunks/nodes]: {0=9, 2=1}
[HELPING] Rejected chunks for ttl expiration [chunk-id/nodes]: 2 {0=5, 1=1}
[HELPING] Rejected chunks for capacity limit [chunk-id/nodes]: 0 {}
[HELPING] bandwidthUtilUp: 0.013855692712331214
[HELPING] bandwidthUtilDown: 0.007960569825053773
[HELPING] Avg # of unsent chunk for max-retries: 0.0
[HELPING] Min # of unsent chunk for max-retries: 0.0
[HELPING] Max # of unsent chunk for max-retries: 0.0
[HELPING] Avg # of unsent chunk-reqs for max-retries: 0.4
[HELPING] Min # of unsent chunk-reqs for max-retries: 0.0
[HELPING] Max # of unsent chunk-reqs for max-retries: 3.0
[HELPING] Avg % of chunks received by Pastry: 7.4
[HELPING] Min % of chunks received by Pastry: 0.0
[HELPING] Max % of chunks received by Pastry: 16.0
[HELPING] StD of chunks received by Pastry: 6.947421584060281
[HELPING] Var of chunks received by Pastry: 48.266666666666666
[HELPING] Avg % of chunks received by StarStream: 91.9
[HELPING] Min % of chunks received by StarStream: 83.0
[HELPING] Max % of chunks received by StarStream: 100.0
[HELPING] StD of chunks received by StarStream: 7.294594650226322
[HELPING] Var of chunks received by StarStream: 53.21111111111047
[HELPING] Startup Delay: 83.7
[HELPING] Latency: 9.18586332714904
[HELPING] Min of perceived avg chunk delivery-time: 8.04
[HELPING] Max of perceived avg chunk delivery-time: 10.23469387755102
[HELPING] Variance of perceived avg chunk delivery-time: 0.5307918551445331
[HELPING] StD of perceived avg chunk delivery-time: 0.7285546342893806
[HELPING] Avg messages sent per node: 6451.9
[HELPING] Min messages sent per node: 4374.0
[HELPING] Max messages sent per node: 7481.0
[HELPING] Variance of messages sent per node: 1216138.9888889012
[HELPING] StD of messages sent per node: 1102.7869190777071
[HELPING] Nodes with incomplete playbacks: 5
[HELPING] Packet Loss: 13.7
[HELPING] Min % of not played chunks: 0.0
[HELPING] Max % of not played chunks: 87.0
[HELPING] Not played chunks [chunk-id/nodes]: {1=2, 2=2, 4=1, 5=1, 6=1, 7=3, 8=1, 9=1, 10=2, 11=2, 12=1, 13=1, 14=1, 15=2, 17=2, 16=2, 19=2, 18=1, 21=1, 20=1, 23=3, 22=2, 25=2, 24=2, 27=2, 26=1, 29=1, 28=1, 31=1, 30=1, 34=2, 32=2, 33=2, 38=1, 36=1, 37=1, 42=1, 43=1, 40=1, 46=2, 47=1, 44=1, 45=1, 51=1, 50=2, 48=1, 55=2, 54=1, 53=1, 52=3, 59=1, 58=1, 57=2, 56=1, 63=1, 62=2, 61=2, 60=2, 68=1, 69=2, 70=2, 71=3, 64=1, 65=1, 66=2, 67=2, 76=2, 77=3, 78=1, 79=1, 72=1, 73=2, 74=1, 75=1, 85=1, 84=1, 87=1, 86=1, 81=1, 80=1, 83=1, 82=1, 93=1, 92=1, 95=2, 94=1, 89=2, 88=1, 91=1, 90=4, 99=2, 96=1, 97=1}
[HELPING] Avg distance between not played chunks: 4.567026578073089
[HELPING] Min distance between not played chunks: 1.1395348837209303
[HELPING] Max distance between not played chunks: 9.7

