Total chunks: 100
Nodes x chunk: 2
Total nodes: 30
Active nodes: 18
Started playbacks: 18
Not started playbacks node-ids: []
Playbacks time-window: 370
Missing chunks distribution [missed-chunks/nodes]: {0=15, 2=2, 7=1}
Rejected chunks for ttl expiration [chunk-id/nodes]: 6 {0=6, 1=3, 2=1, 3=1, 5=1, 6=1}
Rejected chunks for capacity limit [chunk-id/nodes]: 0 {}
bandwidthUtilUp: 0.013740149274096258
bandwidthUtilDown: 0.008095702292779849
Avg # of unsent chunk for max-retries: 0.0
Min # of unsent chunk for max-retries: 0.0
Max # of unsent chunk for max-retries: 0.0
Avg # of unsent chunk-reqs for max-retries: 0.0
Min # of unsent chunk-reqs for max-retries: 0.0
Max # of unsent chunk-reqs for max-retries: 0.0
Avg % of chunks received by Pastry: 11.61111111111111
Min % of chunks received by Pastry: 0.0
Max % of chunks received by Pastry: 20.0
StD of chunks received by Pastry: 7.539222060733174
Var of chunks received by Pastry: 56.83986928104576
Avg % of chunks received by StarStream: 87.55555555555556
Min % of chunks received by StarStream: 79.0
Max % of chunks received by StarStream: 100.0
StD of chunks received by StarStream: 7.656002813803447
Var of chunks received by StarStream: 58.6143790849663
[NONMOJO] Startup Delay: 92.94444444444444
[MOJO] Startup Delay: 63.5
[MOJO] Latency: 9.608079178885632
Min of perceived avg chunk delivery-time: 8.46
Max of perceived avg chunk delivery-time: 11.091836734693878
Variance of perceived avg chunk delivery-time: 0.8299839150033994
StD of perceived avg chunk delivery-time: 0.9110345300829159
Avg messages sent per node: 6822.777777777777
Min messages sent per node: 4231.0
Max messages sent per node: 9501.0
Variance of messages sent per node: 2032327.124183007
StD of messages sent per node: 1425.5971114529543
Nodes with incomplete playbacks: 14
[MOJO] Continuity Index: 62.55555555555556
[MOJO] Packet Loss: 37.44444444444444
Min % of not played chunks: 0.0
Max % of not played chunks: 99.0
Not played chunks [chunk-id/nodes]: {1=12, 2=8, 3=9, 4=8, 5=8, 6=7, 7=6, 8=8, 9=6, 10=7, 11=7, 12=6, 13=6, 14=4, 15=5, 17=6, 16=7, 19=4, 18=8, 21=8, 20=8, 23=5, 22=7, 25=6, 24=4, 27=3, 26=7, 29=3, 28=7, 31=6, 30=7, 34=7, 35=8, 32=6, 33=6, 38=5, 39=7, 36=5, 37=7, 42=5, 43=8, 40=6, 41=7, 46=8, 47=7, 44=5, 45=6, 51=6, 50=8, 49=7, 48=7, 55=8, 54=6, 53=4, 52=10, 59=7, 58=6, 57=10, 56=7, 63=8, 62=7, 61=4, 60=6, 68=8, 69=7, 70=6, 71=6, 64=7, 65=7, 66=8, 67=9, 76=6, 77=7, 78=7, 79=8, 72=8, 73=4, 74=7, 75=8, 85=6, 84=7, 87=7, 86=7, 81=5, 80=7, 83=6, 82=4, 93=7, 92=9, 95=8, 94=8, 89=8, 88=8, 91=7, 90=8, 98=10, 99=8, 96=4, 97=10}
Avg distance between not played chunks: 2.3349698547288598
Min distance between not played chunks: 1.0
Max distance between not played chunks: 8.272727272727273

HELPING PEERS LOG

[HELPING] Active nodes: 12
[HELPING] Started playbacks: 12
[HELPING] Not started playbacks node-ids: []
[HELPING] Playbacks time-window: 299
[HELPING] Missing chunks distribution [missed-chunks/nodes]: {0=9, 2=2, 5=1}
[HELPING] Rejected chunks for ttl expiration [chunk-id/nodes]: 2 {0=4, 1=2}
[HELPING] Rejected chunks for capacity limit [chunk-id/nodes]: 0 {}
[HELPING] bandwidthUtilUp: 0.013542166820547165
[HELPING] bandwidthUtilDown: 0.007487377765372742
[HELPING] Avg # of unsent chunk for max-retries: 0.0
[HELPING] Min # of unsent chunk for max-retries: 0.0
[HELPING] Max # of unsent chunk for max-retries: 0.0
[HELPING] Avg # of unsent chunk-reqs for max-retries: 0.3333333333333333
[HELPING] Min # of unsent chunk-reqs for max-retries: 0.0
[HELPING] Max # of unsent chunk-reqs for max-retries: 3.0
[HELPING] Avg % of chunks received by Pastry: 9.166666666666666
[HELPING] Min % of chunks received by Pastry: 1.0
[HELPING] Max % of chunks received by Pastry: 18.0
[HELPING] StD of chunks received by Pastry: 6.6172410253729455
[HELPING] Var of chunks received by Pastry: 43.787878787878796
[HELPING] Avg % of chunks received by StarStream: 90.0
[HELPING] Min % of chunks received by StarStream: 81.0
[HELPING] Max % of chunks received by StarStream: 99.0
[HELPING] StD of chunks received by StarStream: 6.795720578556614
[HELPING] Var of chunks received by StarStream: 46.181818181817846
[HELPING] Startup Delay: 106.25
[HELPING] Latency: 9.859285786616612
[HELPING] Min of perceived avg chunk delivery-time: 8.21
[HELPING] Max of perceived avg chunk delivery-time: 13.147368421052631
[HELPING] Variance of perceived avg chunk delivery-time: 1.5077854888132471
[HELPING] StD of perceived avg chunk delivery-time: 1.2279191703093681
[HELPING] Avg messages sent per node: 6233.75
[HELPING] Min messages sent per node: 3999.0
[HELPING] Max messages sent per node: 8003.0
[HELPING] Variance of messages sent per node: 1820256.7499999998
[HELPING] StD of messages sent per node: 1349.1689108484525
[HELPING] Nodes with incomplete playbacks: 8
[HELPING] Packet Loss: 15.25
[HELPING] Min % of not played chunks: 0.0
[HELPING] Max % of not played chunks: 99.0
[HELPING] Not played chunks [chunk-id/nodes]: {1=5, 2=3, 3=2, 4=3, 5=2, 6=1, 7=1, 8=2, 9=3, 10=1, 11=1, 12=1, 13=1, 14=2, 15=1, 17=1, 16=1, 19=2, 18=1, 21=2, 20=2, 23=1, 22=1, 25=2, 24=1, 27=1, 26=1, 29=2, 28=1, 31=2, 30=1, 34=2, 35=2, 32=2, 33=2, 38=1, 39=2, 36=2, 37=1, 42=2, 43=4, 40=2, 41=2, 46=2, 47=2, 44=2, 45=2, 51=1, 50=3, 49=1, 48=3, 55=1, 54=3, 53=1, 52=4, 59=4, 58=2, 57=1, 56=2, 63=2, 62=1, 61=2, 60=3, 68=2, 69=1, 70=3, 71=2, 64=2, 65=2, 66=2, 67=3, 76=1, 77=2, 78=2, 79=1, 72=3, 73=1, 74=1, 75=1, 85=2, 84=2, 87=3, 86=1, 81=2, 80=1, 83=1, 82=2, 93=1, 92=4, 95=1, 94=1, 89=1, 88=1, 91=5, 90=3, 98=1, 99=2, 96=2, 97=1}
[HELPING] Avg distance between not played chunks: 4.87058570198105
[HELPING] Min distance between not played chunks: 1.0
[HELPING] Max distance between not played chunks: 9.222222222222221

