Total chunks: 100
Nodes x chunk: 2
Total nodes: 32
Active nodes: 18
Started playbacks: 18
Not started playbacks node-ids: []
Playbacks time-window: 60
Missing chunks distribution [missed-chunks/nodes]: {0=18}
Rejected chunks for ttl expiration [chunk-id/nodes]: 1 {0=1}
Rejected chunks for capacity limit [chunk-id/nodes]: 0 {}
bandwidthUtilUp: 0.013885243854974402
bandwidthUtilDown: 0.008204151120328289
Avg # of unsent chunk for max-retries: 0.0
Min # of unsent chunk for max-retries: 0.0
Max # of unsent chunk for max-retries: 0.0
Avg # of unsent chunk-reqs for max-retries: 0.16666666666666666
Min # of unsent chunk-reqs for max-retries: 0.0
Max # of unsent chunk-reqs for max-retries: 1.0
Avg % of chunks received by Pastry: 12.222222222222221
Min % of chunks received by Pastry: 4.0
Max % of chunks received by Pastry: 19.0
StD of chunks received by Pastry: 3.9191168806483705
Var of chunks received by Pastry: 15.359477124183012
Avg % of chunks received by StarStream: 86.77777777777777
Min % of chunks received by StarStream: 80.0
Max % of chunks received by StarStream: 95.0
StD of chunks received by StarStream: 3.9191168806484393
Var of chunks received by StarStream: 15.359477124183554
[NONMOJO] Startup Delay: 59.44444444444444
[MOJO] Startup Delay: 60.2
[MOJO] Latency: 9.4056734006734
Min of perceived avg chunk delivery-time: 8.78
Max of perceived avg chunk delivery-time: 10.74
Variance of perceived avg chunk delivery-time: 0.20613053319892943
StD of perceived avg chunk delivery-time: 0.454016005443563
Avg messages sent per node: 6849.055555555556
Min messages sent per node: 4235.0
Max messages sent per node: 8687.0
Variance of messages sent per node: 1664423.8202614426
StD of messages sent per node: 1290.125505623946
Nodes with incomplete playbacks: 16
[MOJO] Continuity Index: 53.77777777777778
[MOJO] Packet Loss: 46.22222222222222
Min % of not played chunks: 0.0
Max % of not played chunks: 99.0
Not played chunks [chunk-id/nodes]: {1=7, 2=8, 3=7, 4=7, 5=8, 6=9, 7=7, 8=9, 9=9, 10=7, 11=5, 12=10, 13=9, 14=10, 15=8, 17=8, 16=7, 19=4, 18=10, 21=7, 20=7, 23=7, 22=9, 25=7, 24=10, 27=8, 26=8, 29=6, 28=6, 31=11, 30=8, 34=9, 35=7, 32=6, 33=7, 38=9, 39=6, 36=5, 37=10, 42=9, 43=10, 40=7, 41=8, 46=9, 47=9, 44=10, 45=8, 51=9, 50=6, 49=6, 48=6, 55=5, 54=10, 53=9, 52=9, 59=9, 58=9, 57=8, 56=12, 63=10, 62=6, 61=10, 60=8, 68=9, 69=14, 70=8, 71=8, 64=9, 65=10, 66=9, 67=11, 76=10, 77=9, 78=9, 79=9, 72=7, 73=6, 74=6, 75=8, 85=10, 84=10, 87=8, 86=10, 81=13, 80=11, 83=7, 82=5, 93=9, 92=9, 95=11, 94=10, 89=6, 88=7, 91=10, 90=8, 98=12, 99=11, 96=11, 97=8}
Avg distance between not played chunks: 3.8545213183668254
Min distance between not played chunks: 1.0
Max distance between not played chunks: 26.0

HELPING PEERS LOG

[HELPING] Active nodes: 14
[HELPING] Started playbacks: 14
[HELPING] Not started playbacks node-ids: []
[HELPING] Playbacks time-window: 182
[HELPING] Missing chunks distribution [missed-chunks/nodes]: {0=12, 2=1, 3=1}
[HELPING] Rejected chunks for ttl expiration [chunk-id/nodes]: 3 {0=3, 1=1, 3=1}
[HELPING] Rejected chunks for capacity limit [chunk-id/nodes]: 0 {}
[HELPING] bandwidthUtilUp: 0.014006750479830436
[HELPING] bandwidthUtilDown: 0.0075250076989920285
[HELPING] Avg # of unsent chunk for max-retries: 0.0
[HELPING] Min # of unsent chunk for max-retries: 0.0
[HELPING] Max # of unsent chunk for max-retries: 0.0
[HELPING] Avg # of unsent chunk-reqs for max-retries: 0.2857142857142857
[HELPING] Min # of unsent chunk-reqs for max-retries: 0.0
[HELPING] Max # of unsent chunk-reqs for max-retries: 1.0
[HELPING] Avg % of chunks received by Pastry: 9.0
[HELPING] Min % of chunks received by Pastry: 1.0
[HELPING] Max % of chunks received by Pastry: 15.0
[HELPING] StD of chunks received by Pastry: 5.233031185136907
[HELPING] Var of chunks received by Pastry: 27.384615384615387
[HELPING] Avg % of chunks received by StarStream: 90.07142857142857
[HELPING] Min % of chunks received by StarStream: 84.0
[HELPING] Max % of chunks received by StarStream: 99.0
[HELPING] StD of chunks received by StarStream: 5.35600720563498
[HELPING] Var of chunks received by StarStream: 28.686813186813826
[HELPING] Startup Delay: 87.21428571428571
[HELPING] Latency: 9.805215152334865
[HELPING] Min of perceived avg chunk delivery-time: 8.79
[HELPING] Max of perceived avg chunk delivery-time: 13.061855670103093
[HELPING] Variance of perceived avg chunk delivery-time: 1.2526798206456051
[HELPING] StD of perceived avg chunk delivery-time: 1.119231799336315
[HELPING] Avg messages sent per node: 6421.428571428572
[HELPING] Min messages sent per node: 4239.0
[HELPING] Max messages sent per node: 8630.0
[HELPING] Variance of messages sent per node: 2124758.7252747198
[HELPING] StD of messages sent per node: 1457.6552148140931
[HELPING] Nodes with incomplete playbacks: 11
[HELPING] Packet Loss: 28.285714285714285
[HELPING] Min % of not played chunks: 0.0
[HELPING] Max % of not played chunks: 99.0
[HELPING] Not played chunks [chunk-id/nodes]: {1=6, 2=7, 3=3, 4=3, 5=2, 6=4, 7=5, 8=3, 9=4, 10=5, 11=3, 12=3, 13=6, 14=5, 15=3, 17=2, 16=5, 19=5, 18=5, 21=3, 20=4, 23=2, 22=2, 25=6, 24=2, 27=4, 26=3, 29=3, 28=1, 31=4, 30=5, 34=3, 35=3, 32=3, 33=4, 38=3, 39=1, 36=2, 37=3, 42=3, 43=4, 40=3, 41=2, 46=2, 47=4, 44=3, 45=4, 51=6, 50=4, 49=3, 48=5, 55=3, 54=5, 53=3, 52=8, 59=5, 58=4, 57=6, 56=3, 63=5, 62=3, 61=3, 60=3, 68=5, 69=6, 70=6, 71=3, 64=3, 65=5, 66=5, 67=5, 76=5, 77=4, 78=5, 79=4, 72=2, 73=5, 74=5, 75=2, 85=5, 84=3, 87=4, 86=7, 81=5, 80=3, 83=5, 82=2, 93=6, 92=4, 95=4, 94=4, 89=7, 88=3, 91=5, 90=5, 98=8, 99=4, 96=6, 97=2}
[HELPING] Avg distance between not played chunks: 2.9780506781865475
[HELPING] Min distance between not played chunks: 1.0
[HELPING] Max distance between not played chunks: 8.5

