Total chunks: 100
Nodes x chunk: 2
Total nodes: 34
Active nodes: 18
Started playbacks: 18
Not started playbacks node-ids: []
Playbacks time-window: 114
Missing chunks distribution [missed-chunks/nodes]: {0=17, 2=1}
Rejected chunks for ttl expiration [chunk-id/nodes]: 1 {0=1}
Rejected chunks for capacity limit [chunk-id/nodes]: 0 {}
bandwidthUtilUp: 0.013592601370390834
bandwidthUtilDown: 0.008014459180301671
Avg # of unsent chunk for max-retries: 0.0
Min # of unsent chunk for max-retries: 0.0
Max # of unsent chunk for max-retries: 0.0
Avg # of unsent chunk-reqs for max-retries: 0.3888888888888889
Min # of unsent chunk-reqs for max-retries: 0.0
Max # of unsent chunk-reqs for max-retries: 2.0
Avg % of chunks received by Pastry: 11.61111111111111
Min % of chunks received by Pastry: 1.0
Max % of chunks received by Pastry: 21.0
StD of chunks received by Pastry: 5.112141129517512
Var of chunks received by Pastry: 26.13398692810458
Avg % of chunks received by StarStream: 87.44444444444444
Min % of chunks received by StarStream: 78.0
Max % of chunks received by StarStream: 99.0
StD of chunks received by StarStream: 5.238120702764692
Var of chunks received by StarStream: 27.437908496732074
[NONMOJO] Startup Delay: 68.33333333333333
[MOJO] Startup Delay: 83.1
[MOJO] Latency: 9.631155546393641
Min of perceived avg chunk delivery-time: 8.19
Max of perceived avg chunk delivery-time: 10.459183673469388
Variance of perceived avg chunk delivery-time: 0.3413845454391532
StD of perceived avg chunk delivery-time: 0.5842812211933165
Avg messages sent per node: 6746.944444444444
Min messages sent per node: 3993.0
Max messages sent per node: 9134.0
Variance of messages sent per node: 1826320.2908496717
StD of messages sent per node: 1351.4141818294167
Nodes with incomplete playbacks: 17
[MOJO] Continuity Index: 51.666666666666664
[MOJO] Packet Loss: 48.333333333333336
Min % of not played chunks: 0.0
Max % of not played chunks: 99.0
Not played chunks [chunk-id/nodes]: {1=12, 2=9, 3=8, 4=11, 5=7, 6=9, 7=8, 8=6, 9=8, 10=9, 11=9, 12=10, 13=9, 14=8, 15=9, 17=7, 16=12, 19=7, 18=6, 21=8, 20=7, 23=8, 22=10, 25=9, 24=8, 27=7, 26=6, 29=10, 28=7, 31=5, 30=5, 34=9, 35=7, 32=9, 33=7, 38=7, 39=9, 36=7, 37=8, 42=11, 43=10, 40=8, 41=4, 46=10, 47=11, 44=8, 45=7, 51=10, 50=8, 49=10, 48=11, 55=9, 54=11, 53=12, 52=6, 59=10, 58=9, 57=9, 56=11, 63=9, 62=8, 61=9, 60=9, 68=9, 69=11, 70=14, 71=9, 64=10, 65=9, 66=8, 67=7, 76=7, 77=6, 78=9, 79=8, 72=11, 73=11, 74=12, 75=11, 85=5, 84=7, 87=10, 86=8, 81=12, 80=11, 83=8, 82=7, 93=11, 92=10, 95=10, 94=12, 89=10, 88=9, 91=6, 90=8, 98=7, 99=9, 96=11, 97=10}
Avg distance between not played chunks: 2.562726033610423
Min distance between not played chunks: 1.0
Max distance between not played chunks: 8.571428571428571

HELPING PEERS LOG

[HELPING] Active nodes: 16
[HELPING] Started playbacks: 16
[HELPING] Not started playbacks node-ids: []
[HELPING] Playbacks time-window: 384
[HELPING] Missing chunks distribution [missed-chunks/nodes]: {0=14, 2=1, 7=1}
[HELPING] Rejected chunks for ttl expiration [chunk-id/nodes]: 6 {0=4, 2=1, 3=1, 4=1, 5=1, 6=1}
[HELPING] Rejected chunks for capacity limit [chunk-id/nodes]: 0 {}
[HELPING] bandwidthUtilUp: 0.014152886040933827
[HELPING] bandwidthUtilDown: 0.00800985899812152
[HELPING] Avg # of unsent chunk for max-retries: 0.0
[HELPING] Min # of unsent chunk for max-retries: 0.0
[HELPING] Max # of unsent chunk for max-retries: 0.0
[HELPING] Avg # of unsent chunk-reqs for max-retries: 0.1875
[HELPING] Min # of unsent chunk-reqs for max-retries: 0.0
[HELPING] Max # of unsent chunk-reqs for max-retries: 2.0
[HELPING] Avg % of chunks received by Pastry: 6.8125
[HELPING] Min % of chunks received by Pastry: 0.0
[HELPING] Max % of chunks received by Pastry: 18.0
[HELPING] StD of chunks received by Pastry: 6.057708587686712
[HELPING] Var of chunks received by Pastry: 36.69583333333333
[HELPING] Avg % of chunks received by StarStream: 92.4375
[HELPING] Min % of chunks received by StarStream: 81.0
[HELPING] Max % of chunks received by StarStream: 100.0
[HELPING] StD of chunks received by StarStream: 6.345273831758563
[HELPING] Var of chunks received by StarStream: 40.2625
[HELPING] Startup Delay: 112.0625
[HELPING] Latency: 10.07909829865475
[HELPING] Min of perceived avg chunk delivery-time: 9.262626262626263
[HELPING] Max of perceived avg chunk delivery-time: 11.279569892473118
[HELPING] Variance of perceived avg chunk delivery-time: 0.3794265318696944
[HELPING] StD of perceived avg chunk delivery-time: 0.615976080598666
[HELPING] Avg messages sent per node: 6472.875
[HELPING] Min messages sent per node: 4438.0
[HELPING] Max messages sent per node: 9525.0
[HELPING] Variance of messages sent per node: 2308239.3166666664
[HELPING] StD of messages sent per node: 1519.2890826523656
[HELPING] Nodes with incomplete playbacks: 9
[HELPING] Packet Loss: 23.9375
[HELPING] Min % of not played chunks: 0.0
[HELPING] Max % of not played chunks: 99.0
[HELPING] Not played chunks [chunk-id/nodes]: {1=5, 2=3, 3=3, 4=5, 5=4, 6=3, 7=4, 8=4, 9=3, 10=5, 11=4, 12=4, 13=3, 14=3, 15=4, 17=3, 16=2, 19=3, 18=3, 21=4, 20=4, 23=4, 22=4, 25=3, 24=4, 27=4, 26=2, 29=4, 28=3, 31=3, 30=5, 34=7, 35=3, 32=5, 33=3, 38=5, 39=3, 36=4, 37=1, 42=3, 43=2, 40=4, 41=4, 46=6, 47=6, 44=6, 45=3, 51=1, 50=4, 49=2, 48=5, 55=3, 54=3, 53=3, 52=4, 59=4, 58=2, 57=4, 56=6, 63=3, 62=5, 61=3, 60=4, 68=1, 69=6, 70=5, 71=2, 64=4, 65=4, 66=4, 67=6, 76=5, 77=4, 78=5, 79=2, 72=5, 73=5, 74=5, 75=1, 85=3, 84=5, 87=6, 86=5, 81=4, 80=6, 83=3, 82=4, 93=4, 92=4, 95=4, 94=4, 89=3, 88=4, 91=3, 90=5, 98=5, 99=5, 96=3, 97=6}
[HELPING] Avg distance between not played chunks: 3.770763872722809
[HELPING] Min distance between not played chunks: 1.0
[HELPING] Max distance between not played chunks: 18.0

