Total chunks: 100
Nodes x chunk: 3
Total nodes: 20
Active nodes: 20
Started playbacks: 20
Not started playbacks node-ids: []
Playbacks time-window: 258
Missing chunks distribution [missed-chunks/nodes]: {0=17, 1=1, 2=1, 5=1}
Rejected chunks for ttl expiration [chunk-id/nodes]: 5 {0=10, 1=3, 2=1, 3=1, 4=1}
Rejected chunks for capacity limit [chunk-id/nodes]: 0 {}
bandwidthUtilUp: 0.01450893094289515
bandwidthUtilDown: 0.008513625498008149
Avg # of unsent chunk for max-retries: 0.0
Min # of unsent chunk for max-retries: 0.0
Max # of unsent chunk for max-retries: 0.0
Avg # of unsent chunk-reqs for max-retries: 0.0
Min # of unsent chunk-reqs for max-retries: 0.0
Max # of unsent chunk-reqs for max-retries: 0.0
Avg % of chunks received by Pastry: 5.5
Min % of chunks received by Pastry: 0.0
Max % of chunks received by Pastry: 13.0
StD of chunks received by Pastry: 3.120391338480345
Var of chunks received by Pastry: 9.736842105263158
Avg % of chunks received by StarStream: 93.55
Min % of chunks received by StarStream: 86.0
Max % of chunks received by StarStream: 100.0
StD of chunks received by StarStream: 3.2195946132527262
Var of chunks received by StarStream: 10.365789473685972
[MOJO] Startup Delay: 82.45
[MOJO] Latency: 6.830526820297497
Min of perceived avg chunk delivery-time: 5.98
Max of perceived avg chunk delivery-time: 7.94949494949495
Variance of perceived avg chunk delivery-time: 0.2911305426440504
StD of perceived avg chunk delivery-time: 0.5395651421691827
Avg messages sent per node: 6925.15
Min messages sent per node: 6234.0
Max messages sent per node: 7663.0
Variance of messages sent per node: 166223.9236842174
StD of messages sent per node: 407.705682673442
Nodes with incomplete playbacks: 7
[MOJO] Packet Loss: 13.9
Min % of not played chunks: 0.0
Max % of not played chunks: 99.0
Not played chunks [chunk-id/nodes]: {1=6, 2=4, 3=4, 4=3, 5=3, 6=2, 7=2, 8=3, 9=3, 10=3, 11=3, 12=2, 13=3, 14=3, 15=2, 17=3, 16=2, 19=2, 18=3, 21=3, 20=3, 23=2, 22=3, 25=3, 24=3, 27=3, 26=3, 29=2, 28=2, 31=3, 30=3, 34=3, 35=3, 32=3, 33=2, 38=3, 39=3, 36=3, 37=3, 42=2, 43=3, 40=3, 41=3, 46=3, 47=3, 44=3, 45=4, 51=2, 50=3, 49=2, 48=2, 55=3, 54=2, 53=3, 52=3, 59=3, 58=3, 57=3, 56=3, 63=3, 62=3, 61=2, 60=2, 68=3, 69=3, 70=3, 71=3, 64=3, 65=3, 66=3, 67=3, 76=3, 77=2, 78=3, 79=3, 72=2, 73=2, 74=3, 75=3, 85=2, 84=3, 87=3, 86=3, 81=2, 80=3, 83=3, 82=3, 93=2, 92=3, 95=3, 94=3, 89=3, 88=2, 91=3, 90=3, 98=3, 99=3, 96=2, 97=3}
Avg distance between not played chunks: 1.0902777777777777
Min distance between not played chunks: 1.0
Max distance between not played chunks: 1.3611111111111112

