Total chunks: 100
Nodes x chunk: 3
Total nodes: 20
Active nodes: 20
Started playbacks: 20
Not started playbacks node-ids: []
Playbacks time-window: 184
Missing chunks distribution [missed-chunks/nodes]: {0=18, 2=2}
Rejected chunks for ttl expiration [chunk-id/nodes]: 3 {0=9, 1=2, 2=1}
Rejected chunks for capacity limit [chunk-id/nodes]: 0 {}
bandwidthUtilUp: 0.014521580345285593
bandwidthUtilDown: 0.00853077689243046
Avg # of unsent chunk for max-retries: 0.0
Min # of unsent chunk for max-retries: 0.0
Max # of unsent chunk for max-retries: 0.0
Avg # of unsent chunk-reqs for max-retries: 0.0
Min # of unsent chunk-reqs for max-retries: 0.0
Max # of unsent chunk-reqs for max-retries: 0.0
Avg % of chunks received by Pastry: 5.7
Min % of chunks received by Pastry: 0.0
Max % of chunks received by Pastry: 14.0
StD of chunks received by Pastry: 3.1136372367546707
Var of chunks received by Pastry: 9.694736842105263
Avg % of chunks received by StarStream: 93.4
Min % of chunks received by StarStream: 85.0
Max % of chunks received by StarStream: 100.0
StD of chunks received by StarStream: 3.267060484675131
Var of chunks received by StarStream: 10.673684210525703
[MOJO] Startup Delay: 77.3
[MOJO] Latency: 6.7989048681640725
Min of perceived avg chunk delivery-time: 6.01
Max of perceived avg chunk delivery-time: 7.555555555555555
Variance of perceived avg chunk delivery-time: 0.2325492849995962
StD of perceived avg chunk delivery-time: 0.48223364150543896
Avg messages sent per node: 6933.9
Min messages sent per node: 6203.0
Max messages sent per node: 7763.0
Variance of messages sent per node: 179613.5684210611
StD of messages sent per node: 423.80841004050535
Nodes with incomplete playbacks: 5
[MOJO] Packet Loss: 13.85
Min % of not played chunks: 0.0
Max % of not played chunks: 99.0
Not played chunks [chunk-id/nodes]: {1=5, 2=4, 3=3, 4=2, 5=3, 6=3, 7=3, 8=3, 9=2, 10=3, 11=3, 12=3, 13=3, 14=3, 15=3, 17=3, 16=3, 19=3, 18=3, 21=3, 20=3, 23=3, 22=3, 25=2, 24=2, 27=3, 26=2, 29=3, 28=3, 31=2, 30=3, 34=3, 35=3, 32=3, 33=3, 38=2, 39=3, 36=3, 37=3, 42=3, 43=2, 40=2, 41=3, 46=3, 47=3, 44=3, 45=3, 51=3, 50=2, 49=3, 48=3, 55=2, 54=3, 53=3, 52=3, 59=2, 58=3, 57=3, 56=3, 63=3, 62=3, 61=3, 60=2, 68=3, 69=3, 70=3, 71=3, 64=2, 65=2, 66=2, 67=2, 76=3, 77=2, 78=3, 79=3, 72=3, 73=3, 74=3, 75=3, 85=3, 84=3, 87=2, 86=2, 81=3, 80=3, 83=3, 82=3, 93=3, 92=3, 95=2, 94=2, 89=3, 88=3, 91=3, 90=2, 98=3, 99=3, 96=3, 97=3}
Avg distance between not played chunks: 1.0749457406402605
Min distance between not played chunks: 1.0
Max distance between not played chunks: 1.2894736842105263

