Total chunks: 100
Nodes x chunk: 3
Total nodes: 20
Active nodes: 20
Started playbacks: 20
Not started playbacks node-ids: []
Playbacks time-window: 119
Missing chunks distribution [missed-chunks/nodes]: {0=12, 1=2, 2=2, 3=4}
Rejected chunks for ttl expiration [chunk-id/nodes]: 12 {68=2, 0=8, 1=3, 50=1, 53=1, 83=1, 52=1, 78=1, 41=1, 56=1, 73=1, 91=1}
Rejected chunks for capacity limit [chunk-id/nodes]: 0 {}
bandwidthUtilUp: 0.010451170071478055
bandwidthUtilDown: 0.006357069903600378
Avg # of unsent chunk for max-retries: 0.0
Min # of unsent chunk for max-retries: 0.0
Max # of unsent chunk for max-retries: 0.0
Avg # of unsent chunk-reqs for max-retries: 0.0
Min # of unsent chunk-reqs for max-retries: 0.0
Max # of unsent chunk-reqs for max-retries: 0.0
Avg % of chunks received by Pastry: 7.95
Min % of chunks received by Pastry: 0.0
Max % of chunks received by Pastry: 20.0
StD of chunks received by Pastry: 6.476475649773205
Var of chunks received by Pastry: 41.94473684210526
Avg % of chunks received by StarStream: 91.15
Min % of chunks received by StarStream: 79.0
Max % of chunks received by StarStream: 100.0
StD of chunks received by StarStream: 6.61159268971834
Var of chunks received by StarStream: 43.713157894736995
[NONMOJO] Startup Delay: 63.05
[MOJO] Startup Delay: 69.2
[MOJO] Latency: 8.10028039056141
Min of perceived avg chunk delivery-time: 6.94949494949495
Max of perceived avg chunk delivery-time: 9.587628865979381
Variance of perceived avg chunk delivery-time: 0.6315189926433623
StD of perceived avg chunk delivery-time: 0.7946816926564764
Avg messages sent per node: 3593.75
Min messages sent per node: 2072.0
Max messages sent per node: 5681.0
Variance of messages sent per node: 1170412.8289473683
StD of messages sent per node: 1081.8561960572063
Nodes with incomplete playbacks: 15
[MOJO] Continuity Index: 76.5
[MOJO] Packet Loss: 23.5
Min % of not played chunks: 0.0
Max % of not played chunks: 99.0
Not played chunks [chunk-id/nodes]: {1=7, 2=5, 3=5, 4=4, 5=5, 6=5, 7=3, 8=5, 9=5, 10=4, 11=5, 12=5, 13=4, 14=5, 15=3, 17=5, 16=5, 19=5, 18=4, 21=5, 20=4, 23=3, 22=5, 25=5, 24=5, 27=5, 26=4, 29=5, 28=6, 31=5, 30=5, 34=5, 35=4, 32=5, 33=5, 38=5, 39=5, 36=4, 37=5, 42=5, 43=5, 40=5, 41=6, 46=5, 47=5, 44=4, 45=4, 51=4, 50=6, 49=5, 48=4, 55=5, 54=4, 53=7, 52=7, 59=5, 58=5, 57=5, 56=6, 63=5, 62=6, 61=5, 60=5, 68=7, 69=4, 70=4, 71=3, 64=3, 65=4, 66=5, 67=5, 76=5, 77=4, 78=7, 79=3, 72=3, 73=5, 74=5, 75=4, 85=4, 84=4, 87=4, 86=5, 81=5, 80=5, 83=4, 82=5, 93=5, 92=4, 95=5, 94=4, 89=5, 88=5, 91=6, 90=5, 98=3, 99=4, 96=5, 97=5}
Avg distance between not played chunks: 12.755653647009973
Min distance between not played chunks: 1.0
Max distance between not played chunks: 51.0

HELPING PEERS LOG

[HELPING] Active nodes: 0
[HELPING] Started playbacks: 0
[HELPING] Not started playbacks node-ids: []
[HELPING] Playbacks time-window: -9223372036854775807
[HELPING] Missing chunks distribution [missed-chunks/nodes]: {}
[HELPING] Rejected chunks for ttl expiration [chunk-id/nodes]: 0 {}
[HELPING] Rejected chunks for capacity limit [chunk-id/nodes]: 0 {}
[HELPING] bandwidthUtilUp: NaN
[HELPING] bandwidthUtilDown: NaN
[HELPING] Avg # of unsent chunk for max-retries: NaN
[HELPING] Min # of unsent chunk for max-retries: Infinity
[HELPING] Max # of unsent chunk for max-retries: -Infinity
[HELPING] Avg # of unsent chunk-reqs for max-retries: NaN
[HELPING] Min # of unsent chunk-reqs for max-retries: Infinity
[HELPING] Max # of unsent chunk-reqs for max-retries: -Infinity
[HELPING] Avg % of chunks received by Pastry: NaN
[HELPING] Min % of chunks received by Pastry: Infinity
[HELPING] Max % of chunks received by Pastry: -Infinity
[HELPING] StD of chunks received by Pastry: 0.0
[HELPING] Var of chunks received by Pastry: 0.0
[HELPING] Avg % of chunks received by StarStream: NaN
[HELPING] Min % of chunks received by StarStream: Infinity
[HELPING] Max % of chunks received by StarStream: -Infinity
[HELPING] StD of chunks received by StarStream: 0.0
[HELPING] Var of chunks received by StarStream: 0.0
[HELPING] Latency: NaN
[HELPING] Min of perceived avg chunk delivery-time: Infinity
[HELPING] Max of perceived avg chunk delivery-time: -Infinity
[HELPING] Variance of perceived avg chunk delivery-time: 0.0
[HELPING] StD of perceived avg chunk delivery-time: 0.0
[HELPING] Avg messages sent per node: NaN
[HELPING] Min messages sent per node: Infinity
[HELPING] Max messages sent per node: -Infinity
[HELPING] Variance of messages sent per node: 0.0
[HELPING] StD of messages sent per node: 0.0
[HELPING] Nodes with incomplete playbacks: 0
[HELPING] Packet Loss: NaN
[HELPING] Min % of not played chunks: Infinity
[HELPING] Max % of not played chunks: -Infinity
[HELPING] Not played chunks [chunk-id/nodes]: {}
[HELPING] Avg distance between not played chunks: NaN
[HELPING] Min distance between not played chunks: Infinity
[HELPING] Max distance between not played chunks: -Infinity

