Total chunks: 100
Nodes x chunk: 3
Total nodes: 20
Active nodes: 20
Started playbacks: 20
Not started playbacks node-ids: []
Playbacks time-window: 308
Missing chunks distribution [missed-chunks/nodes]: {0=17, 1=1, 2=1, 6=1}
Rejected chunks for ttl expiration [chunk-id/nodes]: 5 {0=10, 1=3, 2=1, 3=1, 4=1}
Rejected chunks for capacity limit [chunk-id/nodes]: 0 {}
bandwidthUtilUp: 0.014236852589641505
bandwidthUtilDown: 0.00836571713147428
Avg # of unsent chunk for max-retries: 0.0
Min # of unsent chunk for max-retries: 0.0
Max # of unsent chunk for max-retries: 0.0
Avg # of unsent chunk-reqs for max-retries: 0.0
Min # of unsent chunk-reqs for max-retries: 0.0
Max # of unsent chunk-reqs for max-retries: 0.0
Avg % of chunks received by Pastry: 5.45
Min % of chunks received by Pastry: 1.0
Max % of chunks received by Pastry: 14.0
StD of chunks received by Pastry: 3.268268493769816
Var of chunks received by Pastry: 10.681578947368422
Avg % of chunks received by StarStream: 93.65
Min % of chunks received by StarStream: 85.0
Max % of chunks received by StarStream: 99.0
StD of chunks received by StarStream: 3.422449107691359
Var of chunks received by StarStream: 11.713157894737378
[MOJO] Startup Delay: 85.5
[MOJO] Latency: 6.863177986991057
Min of perceived avg chunk delivery-time: 6.0
Max of perceived avg chunk delivery-time: 8.07
Variance of perceived avg chunk delivery-time: 0.40379049334703154
StD of perceived avg chunk delivery-time: 0.6354451143466535
Avg messages sent per node: 6797.4
Min messages sent per node: 5977.0
Max messages sent per node: 7652.0
Variance of messages sent per node: 244746.77894737374
StD of messages sent per node: 494.7188888119936
Nodes with incomplete playbacks: 6
[MOJO] Packet Loss: 13.8
Min % of not played chunks: 0.0
Max % of not played chunks: 99.0
Not played chunks [chunk-id/nodes]: {1=6, 2=4, 3=4, 4=4, 5=3, 6=3, 7=3, 8=2, 9=3, 10=3, 11=2, 12=2, 13=2, 14=3, 15=2, 17=3, 16=2, 19=3, 18=2, 21=3, 20=3, 23=3, 22=2, 25=3, 24=3, 27=3, 26=2, 29=2, 28=3, 31=3, 30=3, 34=3, 35=2, 32=2, 33=3, 38=3, 39=2, 36=3, 37=3, 42=3, 43=2, 40=3, 41=3, 46=2, 47=3, 44=3, 45=3, 51=3, 50=2, 49=2, 48=3, 55=3, 54=3, 53=2, 52=3, 59=3, 58=2, 57=2, 56=3, 63=3, 62=3, 61=3, 60=3, 68=3, 69=3, 70=3, 71=2, 64=2, 65=3, 66=3, 67=3, 76=3, 77=3, 78=3, 79=2, 72=3, 73=3, 74=3, 75=3, 85=2, 84=2, 87=3, 86=3, 81=3, 80=3, 83=3, 82=3, 93=2, 92=3, 95=3, 94=3, 89=3, 88=3, 91=3, 90=3, 98=3, 99=2, 96=3, 97=3}
Avg distance between not played chunks: 1.0941266153622768
Min distance between not played chunks: 1.0
Max distance between not played chunks: 1.3661971830985915

