Total chunks: 100
Nodes x chunk: 3
Total nodes: 28
Active nodes: 20
Started playbacks: 20
Not started playbacks node-ids: []
Playbacks time-window: 151
Missing chunks distribution [missed-chunks/nodes]: {1=18, 3=1, 4=1}
Rejected chunks for ttl expiration [chunk-id/nodes]: 4 {1=1, 2=1, 58=1, 73=1}
Rejected chunks for capacity limit [chunk-id/nodes]: 0 {}
bandwidthUtilUp: 0.011259932911421616
bandwidthUtilDown: 0.005557179856627301
Avg # of unsent chunk for max-retries: 0.0
Min # of unsent chunk for max-retries: 0.0
Max # of unsent chunk for max-retries: 0.0
Avg # of unsent chunk-reqs for max-retries: 0.0
Min # of unsent chunk-reqs for max-retries: 0.0
Max # of unsent chunk-reqs for max-retries: 0.0
Avg % of chunks received by Pastry: 9.4
Min % of chunks received by Pastry: 1.0
Max % of chunks received by Pastry: 18.0
StD of chunks received by Pastry: 5.743646375275076
Var of chunks received by Pastry: 32.989473684210516
Avg % of chunks received by StarStream: 89.75
Min % of chunks received by StarStream: 81.0
Max % of chunks received by StarStream: 99.0
StD of chunks received by StarStream: 5.8926805624033705
Var of chunks received by StarStream: 34.72368421052651
[NONMOJO] Startup Delay: 68.55
[MOJO] Startup Delay: 74.8
[MOJO] Latency: 30.461206075942822
Min of perceived avg chunk delivery-time: 7.0
Max of perceived avg chunk delivery-time: 201.0
Variance of perceived avg chunk delivery-time: 1847.849340310696
StD of perceived avg chunk delivery-time: 42.98661815391734
Avg messages sent per node: 6787.25
Min messages sent per node: 4192.0
Max messages sent per node: 9661.0
Variance of messages sent per node: 2796069.355263161
StD of messages sent per node: 1672.145135824986
Nodes with incomplete playbacks: 20
[MOJO] Continuity Index: 65.8
[MOJO] Packet Loss: 34.2
Min % of not played chunks: 1.0
Max % of not played chunks: 99.0
Not played chunks [chunk-id/nodes]: {1=8, 2=8, 3=6, 4=5, 5=5, 6=8, 7=6, 8=4, 9=6, 10=4, 11=8, 12=7, 13=7, 14=7, 15=5, 17=6, 16=6, 19=5, 18=20, 21=6, 20=8, 23=7, 22=5, 25=6, 24=6, 27=5, 26=8, 29=7, 28=7, 31=7, 30=8, 34=8, 35=6, 32=7, 33=7, 38=7, 39=7, 36=6, 37=9, 42=6, 43=4, 40=7, 41=6, 46=6, 47=7, 44=7, 45=7, 51=6, 50=7, 49=10, 48=6, 55=7, 54=8, 53=9, 52=9, 59=8, 58=8, 57=6, 56=5, 63=8, 62=9, 61=7, 60=7, 68=9, 69=8, 70=9, 71=6, 64=7, 65=5, 66=6, 67=7, 76=8, 77=4, 78=5, 79=5, 72=6, 73=8, 74=7, 75=7, 85=10, 84=7, 87=7, 86=7, 81=6, 80=6, 83=8, 82=7, 93=8, 92=7, 95=6, 94=6, 89=7, 88=8, 91=6, 90=6, 98=6, 99=6, 96=8, 97=7}
Avg distance between not played chunks: 4.641665943586916
Min distance between not played chunks: 1.0
Max distance between not played chunks: 27.5

HELPING PEERS LOG

[HELPING] Active nodes: 8
[HELPING] Started playbacks: 8
[HELPING] Not started playbacks node-ids: []
[HELPING] Playbacks time-window: 941
[HELPING] Missing chunks distribution [missed-chunks/nodes]: {1=4, 3=1, 6=1, 97=1, 89=1}
[HELPING] Rejected chunks for ttl expiration [chunk-id/nodes]: 97 {1=3, 2=2, 3=2, 4=1, 5=1, 6=1, 7=1, 8=1, 9=1, 10=1, 11=2, 12=2, 13=1, 14=2, 15=2, 17=2, 16=2, 19=1, 21=2, 20=1, 23=2, 22=2, 25=2, 24=2, 27=1, 26=2, 29=2, 28=2, 31=2, 30=2, 34=2, 35=2, 32=2, 33=1, 38=2, 39=2, 36=1, 37=2, 42=2, 43=2, 40=2, 41=2, 46=1, 47=2, 44=2, 45=2, 51=2, 50=2, 49=1, 48=2, 55=2, 54=2, 53=2, 52=2, 59=2, 58=2, 57=2, 56=2, 63=2, 62=2, 61=2, 60=1, 68=2, 69=2, 70=3, 71=2, 64=2, 65=2, 66=2, 67=2, 76=2, 77=2, 78=1, 79=2, 72=2, 73=2, 74=2, 75=2, 85=1, 84=2, 87=2, 86=2, 81=2, 80=1, 83=2, 82=2, 93=2, 92=2, 95=2, 94=2, 89=2, 88=2, 91=2, 90=2, 99=2, 96=1, 97=2}
[HELPING] Rejected chunks for capacity limit [chunk-id/nodes]: 0 {}
[HELPING] bandwidthUtilUp: 0.011628347366393725
[HELPING] bandwidthUtilDown: NaN
[HELPING] Avg # of unsent chunk for max-retries: 0.0
[HELPING] Min # of unsent chunk for max-retries: 0.0
[HELPING] Max # of unsent chunk for max-retries: 0.0
[HELPING] Avg # of unsent chunk-reqs for max-retries: 0.0
[HELPING] Min # of unsent chunk-reqs for max-retries: 0.0
[HELPING] Max # of unsent chunk-reqs for max-retries: 0.0
[HELPING] Avg % of chunks received by Pastry: 14.25
[HELPING] Min % of chunks received by Pastry: 2.0
[HELPING] Max % of chunks received by Pastry: 50.0
[HELPING] StD of chunks received by Pastry: 14.945137766415632
[HELPING] Var of chunks received by Pastry: 223.35714285714283
[HELPING] Avg % of chunks received by StarStream: 84.875
[HELPING] Min % of chunks received by StarStream: 50.0
[HELPING] Max % of chunks received by StarStream: 97.0
[HELPING] StD of chunks received by StarStream: 14.603693270637299
[HELPING] Var of chunks received by StarStream: 213.26785714285714
[HELPING] Latency: 8.044236148499694
[HELPING] Min of perceived avg chunk delivery-time: 4.333333333333333
[HELPING] Max of perceived avg chunk delivery-time: 10.053191489361701
[HELPING] Variance of perceived avg chunk delivery-time: 3.065322284421492
[HELPING] StD of perceived avg chunk delivery-time: 1.7508061812837798
[HELPING] Avg messages sent per node: 2867.625
[HELPING] Min messages sent per node: 105.0
[HELPING] Max messages sent per node: 4892.0
[HELPING] Variance of messages sent per node: 2758301.982142857
[HELPING] StD of messages sent per node: 1660.813650637198
[HELPING] Nodes with incomplete playbacks: 8
[HELPING] Packet Loss: 26.125
[HELPING] Min % of not played chunks: 1.0
[HELPING] Max % of not played chunks: 96.0
[HELPING] Not played chunks [chunk-id/nodes]: {1=3, 2=3, 3=2, 4=1, 5=1, 6=1, 7=1, 8=2, 9=1, 10=1, 11=2, 12=3, 13=2, 14=2, 15=2, 17=2, 16=2, 19=1, 18=8, 21=2, 20=2, 23=2, 22=2, 25=2, 24=2, 27=2, 26=3, 29=2, 28=2, 31=3, 30=2, 34=2, 35=2, 32=2, 33=2, 38=2, 39=2, 36=2, 37=2, 42=2, 43=2, 40=2, 41=2, 46=2, 47=2, 44=2, 45=2, 51=2, 50=2, 49=2, 48=2, 55=2, 54=2, 53=2, 52=3, 59=2, 58=2, 57=2, 56=2, 63=3, 62=3, 61=2, 60=2, 68=3, 69=2, 70=3, 71=2, 64=2, 65=2, 66=2, 67=2, 76=2, 77=2, 78=1, 79=2, 72=3, 73=2, 74=2, 75=2, 85=2, 84=2, 87=2, 86=2, 81=2, 80=2, 83=3, 82=2, 93=2, 92=2, 95=2, 94=2, 89=2, 88=2, 91=2, 90=3, 98=2, 99=2, 96=2, 97=2}
[HELPING] Avg distance between not played chunks: 9.880263157894737
[HELPING] Min distance between not played chunks: 1.0
[HELPING] Max distance between not played chunks: 17.25

