Total chunks: 100
Nodes x chunk: 3
Total nodes: 20
Active nodes: 20
Started playbacks: 20
Not started playbacks node-ids: []
Playbacks time-window: 299
Missing chunks distribution [missed-chunks/nodes]: {34=1, 68=1, 69=1, 42=1, 40=1, 79=4, 73=1, 45=2, 85=1, 50=1, 80=2, 53=1, 52=1, 58=1, 90=1}
Rejected chunks for ttl expiration [chunk-id/nodes]: 98 {2=2, 3=3, 4=3, 5=3, 6=4, 7=4, 8=2, 9=7, 10=9, 11=7, 12=9, 13=12, 14=12, 15=12, 17=11, 16=4, 19=14, 18=12, 21=14, 20=5, 23=11, 22=14, 25=11, 24=12, 27=12, 26=13, 29=15, 28=16, 31=11, 30=11, 34=12, 35=14, 32=14, 33=12, 38=13, 39=13, 36=13, 37=14, 42=11, 43=12, 40=13, 41=11, 46=3, 47=11, 44=14, 45=6, 51=12, 50=8, 49=12, 48=15, 55=15, 54=14, 53=12, 52=11, 59=12, 58=17, 57=15, 56=11, 63=13, 62=12, 61=14, 60=11, 68=14, 69=12, 70=14, 71=13, 64=16, 65=11, 66=13, 67=12, 76=9, 77=12, 78=15, 79=14, 72=12, 73=14, 74=11, 75=12, 85=13, 84=13, 87=13, 86=14, 81=10, 80=13, 83=14, 82=12, 93=12, 92=15, 95=12, 94=12, 89=11, 88=15, 91=12, 90=14, 98=11, 99=12, 96=15, 97=11}
Rejected chunks for capacity limit [chunk-id/nodes]: 0 {}
Avg # of unsent chunk for max-retries: 0.0
Min # of unsent chunk for max-retries: 0.0
Max # of unsent chunk for max-retries: 0.0
Avg # of unsent chunk-reqs for max-retries: 0.0
Min # of unsent chunk-reqs for max-retries: 0.0
Max # of unsent chunk-reqs for max-retries: 0.0
Avg % of chunks received by Pastry: 29.75
Min % of chunks received by Pastry: 5.0
Max % of chunks received by Pastry: 44.0
StD of chunks received by Pastry: 11.701889186209026
Var of chunks received by Pastry: 136.93421052631575
Avg % of chunks received by StarStream: 69.4
Min % of chunks received by StarStream: 55.0
Max % of chunks received by StarStream: 94.0
StD of chunks received by StarStream: 11.704250240156775
Var of chunks received by StarStream: 136.9894736842099
[MOJO] Startup Delay: 133.85
[MOJO] Latency: 3.1844899573251513
Min of perceived avg chunk delivery-time: 0.17647058823529413
Max of perceived avg chunk delivery-time: 7.36734693877551
Variance of perceived avg chunk delivery-time: 7.019675396726032
StD of perceived avg chunk delivery-time: 2.6494670023848252
Avg messages sent per node: 0.0
Min messages sent per node: 0.0
Max messages sent per node: 0.0
Variance of messages sent per node: 0.0
StD of messages sent per node: 0.0
Nodes with incomplete playbacks: 20
[MOJO] Packet Loss: 76.5
Min % of not played chunks: 41.0
Max % of not played chunks: 99.0
Not played chunks [chunk-id/nodes]: {1=17, 2=17, 3=17, 4=17, 5=18, 6=17, 7=16, 8=18, 9=17, 10=16, 11=16, 12=15, 13=15, 14=16, 15=15, 17=12, 16=15, 19=16, 18=16, 21=15, 20=16, 23=14, 22=16, 25=15, 24=15, 27=16, 26=17, 29=17, 28=17, 31=16, 30=14, 34=14, 35=15, 32=16, 33=14, 38=15, 39=16, 36=15, 37=14, 42=14, 43=15, 40=15, 41=14, 46=16, 47=13, 44=15, 45=16, 51=16, 50=18, 49=15, 48=17, 55=17, 54=16, 53=14, 52=14, 59=15, 58=19, 57=15, 56=16, 63=15, 62=15, 61=15, 60=12, 68=15, 69=15, 70=15, 71=14, 64=17, 65=15, 66=16, 67=16, 76=13, 77=15, 78=16, 79=16, 72=14, 73=16, 74=14, 75=13, 85=16, 84=16, 87=13, 86=17, 81=15, 80=16, 83=16, 82=16, 93=15, 92=17, 95=16, 94=14, 89=14, 88=16, 91=16, 90=16, 98=14, 99=15, 96=18, 97=14}
Avg distance between not played chunks: 1.3806714375791875
Min distance between not played chunks: 1.0
Max distance between not played chunks: 2.3902439024390243

