Total chunks: 100
Nodes x chunk: 3
Total nodes: 20
Active nodes: 20
Started playbacks: 20
Not started playbacks node-ids: []
Playbacks time-window: 38
Missing chunks distribution [missed-chunks/nodes]: {17=3, 16=4, 33=1, 18=3, 21=1, 26=1, 11=1, 12=1, 13=1, 14=1, 15=3}
Rejected chunks for ttl expiration [chunk-id/nodes]: 90 {0=1, 3=1, 4=2, 5=1, 6=1, 7=2, 8=1, 9=1, 10=1, 11=3, 12=1, 13=1, 15=4, 17=3, 16=1, 19=1, 18=1, 21=13, 20=1, 23=4, 22=1, 25=1, 24=3, 27=2, 26=3, 29=2, 28=1, 30=1, 34=1, 35=3, 32=3, 33=1, 38=2, 39=4, 36=1, 37=5, 42=4, 43=6, 40=5, 41=3, 46=7, 47=2, 44=1, 45=3, 51=6, 50=2, 49=4, 48=2, 55=3, 54=2, 53=4, 59=2, 58=2, 57=1, 56=5, 63=1, 61=2, 60=2, 68=1, 69=2, 70=4, 64=4, 65=3, 66=3, 67=14, 76=4, 77=14, 78=1, 79=1, 72=2, 73=2, 75=4, 85=1, 84=7, 87=4, 86=3, 81=2, 80=5, 83=1, 82=3, 93=1, 92=2, 94=1, 89=1, 88=2, 91=1, 90=5, 99=1, 96=1, 97=4}
Rejected chunks for capacity limit [chunk-id/nodes]: 0 {}
Avg # of unsent chunk for max-retries: 0.0
Min # of unsent chunk for max-retries: 0.0
Max # of unsent chunk for max-retries: 0.0
Avg # of unsent chunk-reqs for max-retries: 0.0
Min # of unsent chunk-reqs for max-retries: 0.0
Max # of unsent chunk-reqs for max-retries: 0.0
Avg % of chunks received by Pastry: 27.1
Min % of chunks received by Pastry: 14.0
Max % of chunks received by Pastry: 39.0
StD of chunks received by Pastry: 5.802903084709084
Var of chunks received by Pastry: 33.673684210526204
Avg % of chunks received by StarStream: 71.95
Min % of chunks received by StarStream: 60.0
Max % of chunks received by StarStream: 85.0
StD of chunks received by StarStream: 5.762629151424006
Var of chunks received by StarStream: 33.20789473684176
[MOJO] Startup Delay: 95.2
[MOJO] Latency: 8.84802951451623
Min of perceived avg chunk delivery-time: 6.4
Max of perceived avg chunk delivery-time: 11.621951219512194
Variance of perceived avg chunk delivery-time: 1.5655961724673255
StD of perceived avg chunk delivery-time: 1.2512378560718684
Avg messages sent per node: 585.0
Min messages sent per node: 311.0
Max messages sent per node: 774.0
Variance of messages sent per node: 12979.684210526328
StD of messages sent per node: 113.92841704564462
Nodes with incomplete playbacks: 20
[MOJO] Packet Loss: 49.75
Min % of not played chunks: 17.0
Max % of not played chunks: 99.0
Not played chunks [chunk-id/nodes]: {1=17, 2=9, 3=13, 4=12, 5=11, 6=11, 7=16, 8=14, 9=16, 10=13, 11=14, 12=13, 13=8, 14=7, 15=8, 17=7, 16=11, 19=10, 18=10, 21=17, 20=9, 23=10, 22=9, 25=4, 24=10, 27=6, 26=12, 29=8, 28=9, 31=8, 30=10, 34=12, 35=10, 32=11, 33=8, 38=10, 39=11, 36=7, 37=10, 42=10, 43=12, 40=15, 41=7, 46=12, 47=9, 44=9, 45=9, 51=11, 50=9, 49=11, 48=7, 55=9, 54=10, 53=8, 52=10, 59=9, 58=10, 57=9, 56=8, 63=10, 62=8, 61=8, 60=10, 68=10, 69=9, 70=10, 71=9, 64=10, 65=6, 66=10, 67=17, 76=8, 77=18, 78=7, 79=9, 72=10, 73=10, 74=7, 75=10, 85=9, 84=12, 87=11, 86=10, 81=12, 80=12, 83=7, 82=9, 93=12, 92=9, 95=10, 94=8, 89=6, 88=10, 91=9, 90=11, 98=8, 99=8, 96=11, 97=10}
Avg distance between not played chunks: 2.778139992390978
Min distance between not played chunks: 1.0
Max distance between not played chunks: 5.75

