Total chunks: 100
Nodes x chunk: 3
Total nodes: 40
Active nodes: 20
Started playbacks: 20
Not started playbacks node-ids: []
Playbacks time-window: 100
Missing chunks distribution [missed-chunks/nodes]: {34=1, 0=19}
Rejected chunks for ttl expiration [chunk-id/nodes]: 32 {1=1, 3=1, 4=1, 5=1, 7=1, 8=1, 9=1, 10=1, 11=1, 12=1, 13=1, 14=1, 16=1, 19=1, 18=1, 21=1, 20=1, 23=1, 22=1, 25=1, 24=1, 26=1, 29=1, 28=1, 31=1, 30=1, 35=1, 32=1, 33=1, 38=1, 36=1, 37=1}
Rejected chunks for capacity limit [chunk-id/nodes]: 0 {}
bandwidthUtilUp: 0.007042928597799568
bandwidthUtilDown: 0.003492850874497561
Avg # of unsent chunk for max-retries: 0.0
Min # of unsent chunk for max-retries: 0.0
Max # of unsent chunk for max-retries: 0.0
Avg # of unsent chunk-reqs for max-retries: 0.0
Min # of unsent chunk-reqs for max-retries: 0.0
Max # of unsent chunk-reqs for max-retries: 0.0
Avg % of chunks received by Pastry: 8.15
Min % of chunks received by Pastry: 0.0
Max % of chunks received by Pastry: 16.0
StD of chunks received by Pastry: 3.8835008622850107
Var of chunks received by Pastry: 15.08157894736842
Avg % of chunks received by StarStream: 90.9
Min % of chunks received by StarStream: 83.0
Max % of chunks received by StarStream: 100.0
StD of chunks received by StarStream: 3.998683994042183
Var of chunks received by StarStream: 15.989473684209146
[MOJO] Startup Delay: 68.5
[MOJO] Latency: 27.996973063973055
Min of perceived avg chunk delivery-time: 7.06
Max of perceived avg chunk delivery-time: 123.0
Variance of perceived avg chunk delivery-time: 1332.46335445819
StD of perceived avg chunk delivery-time: 36.502922546806985
Avg messages sent per node: 15336.55
Min messages sent per node: 11475.0
Max messages sent per node: 17623.0
Variance of messages sent per node: 2014551.7342105664
StD of messages sent per node: 1419.349052985405
Nodes with incomplete playbacks: 17
[MOJO] Packet Loss: 43.55
Min % of not played chunks: 0.0
Max % of not played chunks: 99.0
Not played chunks [chunk-id/nodes]: {1=11, 2=7, 3=9, 4=7, 5=10, 6=7, 7=11, 8=8, 9=9, 10=9, 11=8, 12=7, 13=8, 14=8, 15=7, 17=11, 16=8, 19=5, 18=7, 21=11, 20=9, 23=9, 22=11, 25=10, 24=8, 27=9, 26=9, 29=7, 28=6, 31=9, 30=8, 34=7, 35=9, 32=9, 33=9, 38=9, 39=6, 36=10, 37=10, 42=8, 43=5, 40=7, 41=9, 46=9, 47=9, 44=12, 45=9, 51=10, 50=8, 49=8, 48=8, 55=8, 54=8, 53=10, 52=11, 59=8, 58=8, 57=11, 56=8, 63=8, 62=6, 61=9, 60=11, 68=9, 69=10, 70=11, 71=11, 64=7, 65=11, 66=8, 67=5, 76=11, 77=12, 78=12, 79=10, 72=11, 73=7, 74=11, 75=8, 85=6, 84=8, 87=11, 86=10, 81=10, 80=10, 83=9, 82=9, 93=7, 92=9, 95=8, 94=8, 89=8, 88=9, 91=10, 90=10, 98=7, 99=9, 96=11, 97=8}
Avg distance between not played chunks: 2.7633723049344625
Min distance between not played chunks: 1.0
Max distance between not played chunks: 8.2

HELPING PEERS LOG

[HELPING] Active nodes: 20
[HELPING] Started playbacks: 20
[HELPING] Not started playbacks node-ids: []
[HELPING] Playbacks time-window: 109
[HELPING] Missing chunks distribution [missed-chunks/nodes]: {0=19, 2=1}
[HELPING] Rejected chunks for ttl expiration [chunk-id/nodes]: 1 {1=1}
[HELPING] Rejected chunks for capacity limit [chunk-id/nodes]: 0 {}
[HELPING] bandwidthUtilUp: 0.007689895078125411
[HELPING] bandwidthUtilDown: 0.0034854400809847088
[HELPING] Avg # of unsent chunk for max-retries: 0.0
[HELPING] Min # of unsent chunk for max-retries: 0.0
[HELPING] Max # of unsent chunk for max-retries: 0.0
[HELPING] Avg # of unsent chunk-reqs for max-retries: 0.0
[HELPING] Min # of unsent chunk-reqs for max-retries: 0.0
[HELPING] Max # of unsent chunk-reqs for max-retries: 0.0
[HELPING] Avg % of chunks received by Pastry: 5.55
[HELPING] Min % of chunks received by Pastry: 0.0
[HELPING] Max % of chunks received by Pastry: 13.0
[HELPING] StD of chunks received by Pastry: 3.6342667399135835
[HELPING] Var of chunks received by Pastry: 13.207894736842107
[HELPING] Avg % of chunks received by StarStream: 93.5
[HELPING] Min % of chunks received by StarStream: 86.0
[HELPING] Max % of chunks received by StarStream: 100.0
[HELPING] StD of chunks received by StarStream: 3.7204979859096166
[HELPING] Var of chunks received by StarStream: 13.842105263157512
[HELPING] Startup Delay: 90.5
[HELPING] Latency: 8.055998144712431
[HELPING] Min of perceived avg chunk delivery-time: 7.35
[HELPING] Max of perceived avg chunk delivery-time: 9.18
[HELPING] Variance of perceived avg chunk delivery-time: 0.19019663108842247
[HELPING] StD of perceived avg chunk delivery-time: 0.4361153873557117
[HELPING] Avg messages sent per node: 16772.95
[HELPING] Min messages sent per node: 12915.0
[HELPING] Max messages sent per node: 21390.0
[HELPING] Variance of messages sent per node: 3838876.997368398
[HELPING] StD of messages sent per node: 1959.305233333591
[HELPING] Nodes with incomplete playbacks: 10
[HELPING] Packet Loss: 21.15
[HELPING] Min % of not played chunks: 0.0
[HELPING] Max % of not played chunks: 98.0
[HELPING] Not played chunks [chunk-id/nodes]: {1=5, 2=5, 3=3, 4=2, 5=3, 6=5, 7=4, 8=4, 9=3, 10=5, 11=4, 12=4, 13=4, 14=2, 15=4, 17=4, 16=3, 19=4, 18=3, 21=4, 20=5, 23=5, 22=4, 25=5, 24=4, 27=3, 26=5, 29=6, 28=4, 31=4, 30=5, 34=2, 35=4, 32=3, 33=6, 38=4, 39=6, 36=5, 37=5, 42=5, 43=2, 40=5, 41=5, 46=4, 47=4, 44=4, 45=7, 51=5, 50=3, 49=1, 48=3, 55=3, 54=4, 53=4, 52=5, 59=4, 58=5, 57=4, 56=5, 63=4, 62=4, 61=4, 60=5, 68=5, 69=3, 70=4, 71=5, 64=6, 65=4, 66=7, 67=3, 76=3, 77=4, 78=5, 79=3, 72=5, 73=3, 74=7, 75=4, 85=4, 84=4, 87=5, 86=4, 81=5, 80=5, 83=4, 82=4, 93=4, 92=5, 95=6, 94=5, 89=3, 88=4, 91=6, 90=6, 98=5, 99=6, 96=3, 97=5}
[HELPING] Avg distance between not played chunks: 5.056200328629939
[HELPING] Min distance between not played chunks: 1.0103092783505154
[HELPING] Max distance between not played chunks: 15.25

