Total chunks: 100
Nodes x chunk: 3
Total nodes: 22
Active nodes: 20
Started playbacks: 20
Not started playbacks node-ids: []
Playbacks time-window: 294
Missing chunks distribution [missed-chunks/nodes]: {0=19, 5=1}
Rejected chunks for ttl expiration [chunk-id/nodes]: 2 {0=6, 5=1}
Rejected chunks for capacity limit [chunk-id/nodes]: 0 {}
bandwidthUtilUp: 0.012644587892576265
bandwidthUtilDown: 0.007255473648182799
Avg # of unsent chunk for max-retries: 0.0
Min # of unsent chunk for max-retries: 0.0
Max # of unsent chunk for max-retries: 0.0
Avg # of unsent chunk-reqs for max-retries: 0.0
Min # of unsent chunk-reqs for max-retries: 0.0
Max # of unsent chunk-reqs for max-retries: 0.0
Avg % of chunks received by Pastry: 7.15
Min % of chunks received by Pastry: 0.0
Max % of chunks received by Pastry: 15.0
StD of chunks received by Pastry: 4.380278770268298
Var of chunks received by Pastry: 19.18684210526315
Avg % of chunks received by StarStream: 91.95
Min % of chunks received by StarStream: 84.0
Max % of chunks received by StarStream: 100.0
StD of chunks received by StarStream: 4.547700402111975
Var of chunks received by StarStream: 20.681578947369417
[NONMOJO] Startup Delay: 70.25
[MOJO] Startup Delay: 78.5
[MOJO] Latency: 7.719327219564062
Min of perceived avg chunk delivery-time: 6.41
Max of perceived avg chunk delivery-time: 11.789473684210526
Variance of perceived avg chunk delivery-time: 1.2881839309757181
StD of perceived avg chunk delivery-time: 1.134981907774621
Avg messages sent per node: 6151.5
Min messages sent per node: 3264.0
Max messages sent per node: 9332.0
Variance of messages sent per node: 2635205.2105263188
StD of messages sent per node: 1623.3315159037352
Nodes with incomplete playbacks: 9
[MOJO] Continuity Index: 78.35
[MOJO] Packet Loss: 21.65
Min % of not played chunks: 0.0
Max % of not played chunks: 99.0
Not played chunks [chunk-id/nodes]: {1=5, 2=5, 3=5, 4=5, 5=5, 6=3, 7=4, 8=5, 9=5, 10=4, 11=4, 12=4, 13=4, 14=3, 15=4, 17=5, 16=4, 19=4, 18=4, 21=4, 20=3, 23=5, 22=5, 25=3, 24=4, 27=4, 26=4, 29=5, 28=5, 31=5, 30=4, 34=4, 35=4, 32=4, 33=4, 38=5, 39=4, 36=4, 37=5, 42=4, 43=5, 40=5, 41=4, 46=4, 47=5, 44=4, 45=4, 51=5, 50=4, 49=5, 48=4, 55=4, 54=4, 53=4, 52=5, 59=4, 58=4, 57=4, 56=4, 63=5, 62=4, 61=5, 60=5, 68=4, 69=5, 70=5, 71=5, 64=4, 65=4, 66=4, 67=4, 76=5, 77=5, 78=5, 79=4, 72=4, 73=7, 74=4, 75=4, 85=4, 84=3, 87=5, 86=4, 81=5, 80=4, 83=6, 82=5, 93=4, 92=4, 95=4, 94=6, 89=5, 88=5, 91=3, 90=4, 98=4, 99=5, 96=4, 97=4}
Avg distance between not played chunks: 3.943535072108417
Min distance between not played chunks: 1.0
Max distance between not played chunks: 10.5

HELPING PEERS LOG

[HELPING] Active nodes: 2
[HELPING] Started playbacks: 2
[HELPING] Not started playbacks node-ids: []
[HELPING] Playbacks time-window: 15
[HELPING] Missing chunks distribution [missed-chunks/nodes]: {0=2}
[HELPING] Rejected chunks for ttl expiration [chunk-id/nodes]: 1 {0=1}
[HELPING] Rejected chunks for capacity limit [chunk-id/nodes]: 0 {}
[HELPING] bandwidthUtilUp: 0.013372356670902696
[HELPING] bandwidthUtilDown: 0.006108464228139636
[HELPING] Avg # of unsent chunk for max-retries: 0.0
[HELPING] Min # of unsent chunk for max-retries: 0.0
[HELPING] Max # of unsent chunk for max-retries: 0.0
[HELPING] Avg # of unsent chunk-reqs for max-retries: 0.0
[HELPING] Min # of unsent chunk-reqs for max-retries: 0.0
[HELPING] Max # of unsent chunk-reqs for max-retries: 0.0
[HELPING] Avg % of chunks received by Pastry: 8.5
[HELPING] Min % of chunks received by Pastry: 7.0
[HELPING] Max % of chunks received by Pastry: 10.0
[HELPING] StD of chunks received by Pastry: 2.1213203435596424
[HELPING] Var of chunks received by Pastry: 4.5
[HELPING] Avg % of chunks received by StarStream: 90.5
[HELPING] Min % of chunks received by StarStream: 89.0
[HELPING] Max % of chunks received by StarStream: 92.0
[HELPING] StD of chunks received by StarStream: 2.1213203435596424
[HELPING] Var of chunks received by StarStream: 4.5
[HELPING] Startup Delay: 66.5
[HELPING] Latency: 7.272979797979798
[HELPING] Min of perceived avg chunk delivery-time: 6.595959595959596
[HELPING] Max of perceived avg chunk delivery-time: 7.95
[HELPING] Variance of perceived avg chunk delivery-time: 0.9167127078869441
[HELPING] StD of perceived avg chunk delivery-time: 0.9574511516975391
[HELPING] Avg messages sent per node: 6149.0
[HELPING] Min messages sent per node: 5597.0
[HELPING] Max messages sent per node: 6701.0
[HELPING] Variance of messages sent per node: 609408.0
[HELPING] StD of messages sent per node: 780.6458864299485
[HELPING] Nodes with incomplete playbacks: 0
[HELPING] Packet Loss: 0.0
[HELPING] Min % of not played chunks: 0.0
[HELPING] Max % of not played chunks: 0.0
[HELPING] Not played chunks [chunk-id/nodes]: {}
[HELPING] Avg distance between not played chunks: NaN
[HELPING] Min distance between not played chunks: Infinity
[HELPING] Max distance between not played chunks: -Infinity

