Total chunks: 100
Nodes x chunk: 3
Total nodes: 24
Active nodes: 20
Started playbacks: 20
Not started playbacks node-ids: []
Playbacks time-window: 164
Missing chunks distribution [missed-chunks/nodes]: {0=17, 2=2, 3=1}
Rejected chunks for ttl expiration [chunk-id/nodes]: 2 {1=3, 2=1}
Rejected chunks for capacity limit [chunk-id/nodes]: 0 {}
bandwidthUtilUp: 0.013093058703066183
bandwidthUtilDown: 0.007328190894819513
Avg # of unsent chunk for max-retries: 0.0
Min # of unsent chunk for max-retries: 0.0
Max # of unsent chunk for max-retries: 0.0
Avg # of unsent chunk-reqs for max-retries: 0.0
Min # of unsent chunk-reqs for max-retries: 0.0
Max # of unsent chunk-reqs for max-retries: 0.0
Avg % of chunks received by Pastry: 7.0
Min % of chunks received by Pastry: 0.0
Max % of chunks received by Pastry: 26.0
StD of chunks received by Pastry: 6.973634557916584
Var of chunks received by Pastry: 48.631578947368425
Avg % of chunks received by StarStream: 92.35
Min % of chunks received by StarStream: 73.0
Max % of chunks received by StarStream: 100.0
StD of chunks received by StarStream: 7.307350300967756
Var of chunks received by StarStream: 53.39736842105355
[NONMOJO] Startup Delay: 73.35
[MOJO] Startup Delay: 73.6
[MOJO] Latency: 7.768590187590187
Min of perceived avg chunk delivery-time: 6.12
Max of perceived avg chunk delivery-time: 9.83838383838384
Variance of perceived avg chunk delivery-time: 0.5566290975403152
StD of perceived avg chunk delivery-time: 0.7460757987901198
Avg messages sent per node: 6251.6
Min messages sent per node: 3930.0
Max messages sent per node: 8493.0
Variance of messages sent per node: 2023669.3052631537
StD of messages sent per node: 1422.5573117674921
Nodes with incomplete playbacks: 12
[MOJO] Continuity Index: 71.35
[MOJO] Packet Loss: 28.65
Min % of not played chunks: 0.0
Max % of not played chunks: 99.0
Not played chunks [chunk-id/nodes]: {1=9, 2=7, 3=7, 4=6, 5=5, 6=6, 7=6, 8=6, 9=5, 10=6, 11=5, 12=6, 13=7, 14=6, 15=4, 17=5, 16=6, 19=6, 18=5, 21=5, 20=6, 23=5, 22=6, 25=5, 24=4, 27=5, 26=6, 29=6, 28=6, 31=6, 30=5, 34=7, 35=6, 32=6, 33=5, 38=5, 39=6, 36=5, 37=6, 42=7, 43=7, 40=7, 41=8, 46=6, 47=6, 44=5, 45=5, 51=6, 50=6, 49=6, 48=5, 55=6, 54=6, 53=5, 52=7, 59=6, 58=5, 57=5, 56=6, 63=7, 62=6, 61=7, 60=6, 68=6, 69=5, 70=6, 71=8, 64=4, 65=5, 66=6, 67=7, 76=5, 77=4, 78=6, 79=7, 72=5, 73=7, 74=6, 75=5, 85=6, 84=6, 87=4, 86=6, 81=5, 80=6, 83=4, 82=6, 93=4, 92=3, 95=6, 94=7, 89=5, 88=4, 91=6, 90=6, 98=7, 99=6, 96=7, 97=7}
Avg distance between not played chunks: 4.7830096529315735
Min distance between not played chunks: 1.0
Max distance between not played chunks: 30.0

HELPING PEERS LOG

[HELPING] Active nodes: 4
[HELPING] Started playbacks: 4
[HELPING] Not started playbacks node-ids: []
[HELPING] Playbacks time-window: 48
[HELPING] Missing chunks distribution [missed-chunks/nodes]: {0=4}
[HELPING] Rejected chunks for ttl expiration [chunk-id/nodes]: 0 {}
[HELPING] Rejected chunks for capacity limit [chunk-id/nodes]: 0 {}
[HELPING] bandwidthUtilUp: 0.012096905568596548
[HELPING] bandwidthUtilDown: 0.0060683105647042004
[HELPING] Avg # of unsent chunk for max-retries: 0.0
[HELPING] Min # of unsent chunk for max-retries: 0.0
[HELPING] Max # of unsent chunk for max-retries: 0.0
[HELPING] Avg # of unsent chunk-reqs for max-retries: 0.0
[HELPING] Min # of unsent chunk-reqs for max-retries: 0.0
[HELPING] Max # of unsent chunk-reqs for max-retries: 0.0
[HELPING] Avg % of chunks received by Pastry: 6.75
[HELPING] Min % of chunks received by Pastry: 3.0
[HELPING] Max % of chunks received by Pastry: 10.0
[HELPING] StD of chunks received by Pastry: 3.304037933599835
[HELPING] Var of chunks received by Pastry: 10.916666666666666
[HELPING] Avg % of chunks received by StarStream: 92.25
[HELPING] Min % of chunks received by StarStream: 89.0
[HELPING] Max % of chunks received by StarStream: 96.0
[HELPING] StD of chunks received by StarStream: 3.304037933599835
[HELPING] Var of chunks received by StarStream: 10.916666666666666
[HELPING] Startup Delay: 73.5
[HELPING] Latency: 7.8830050505050515
[HELPING] Min of perceived avg chunk delivery-time: 6.8686868686868685
[HELPING] Max of perceived avg chunk delivery-time: 8.33
[HELPING] Variance of perceived avg chunk delivery-time: 0.4670173681257002
[HELPING] StD of perceived avg chunk delivery-time: 0.6833866900413705
[HELPING] Avg messages sent per node: 5107.25
[HELPING] Min messages sent per node: 4533.0
[HELPING] Max messages sent per node: 6456.0
[HELPING] Variance of messages sent per node: 818671.5833333333
[HELPING] StD of messages sent per node: 904.8047211046886
[HELPING] Nodes with incomplete playbacks: 1
[HELPING] Packet Loss: 3.0
[HELPING] Min % of not played chunks: 0.0
[HELPING] Max % of not played chunks: 12.0
[HELPING] Not played chunks [chunk-id/nodes]: {85=1, 49=1, 2=1, 71=1, 3=1, 96=1, 97=1, 92=1, 78=1, 10=1, 62=1, 60=1}
[HELPING] Avg distance between not played chunks: 8.636363636363637
[HELPING] Min distance between not played chunks: 8.636363636363637
[HELPING] Max distance between not played chunks: 8.636363636363637

