Total chunks: 100
Nodes x chunk: 3
Total nodes: 26
Active nodes: 20
Started playbacks: 20
Not started playbacks node-ids: []
Playbacks time-window: 111
Missing chunks distribution [missed-chunks/nodes]: {0=19, 2=1}
Rejected chunks for ttl expiration [chunk-id/nodes]: 2 {0=1, 1=1}
Rejected chunks for capacity limit [chunk-id/nodes]: 0 {}
bandwidthUtilUp: 0.005824731615562574
bandwidthUtilDown: 0.002853147876239559
Avg # of unsent chunk for max-retries: 0.0
Min # of unsent chunk for max-retries: 0.0
Max # of unsent chunk for max-retries: 0.0
Avg # of unsent chunk-reqs for max-retries: 0.0
Min # of unsent chunk-reqs for max-retries: 0.0
Max # of unsent chunk-reqs for max-retries: 0.0
Avg % of chunks received by Pastry: 7.4
Min % of chunks received by Pastry: 1.0
Max % of chunks received by Pastry: 16.0
StD of chunks received by Pastry: 3.8168601038853347
Var of chunks received by Pastry: 14.568421052631567
Avg % of chunks received by StarStream: 91.65
Min % of chunks received by StarStream: 83.0
Max % of chunks received by StarStream: 99.0
StD of chunks received by StarStream: 3.9105121484475833
Var of chunks received by StarStream: 15.292105263156133
[MOJO] Startup Delay: 83.0
[MOJO] Latency: 32.354252319109456
Min of perceived avg chunk delivery-time: 5.81
Max of perceived avg chunk delivery-time: 243.0
Variance of perceived avg chunk delivery-time: 2573.3142413762744
StD of perceived avg chunk delivery-time: 50.727844832757036
Avg messages sent per node: 12885.5
Min messages sent per node: 10432.0
Max messages sent per node: 14791.0
Variance of messages sent per node: 1505618.1578947369
StD of messages sent per node: 1227.03633112257
Nodes with incomplete playbacks: 9
[MOJO] Packet Loss: 25.2
Min % of not played chunks: 0.0
Max % of not played chunks: 99.0
Not played chunks [chunk-id/nodes]: {1=6, 2=6, 3=5, 4=4, 5=6, 6=4, 7=6, 8=5, 9=5, 10=5, 11=5, 12=5, 13=4, 14=5, 15=5, 17=5, 16=4, 19=6, 18=5, 21=6, 20=6, 23=5, 22=5, 25=5, 24=6, 27=5, 26=6, 29=5, 28=5, 31=5, 30=5, 34=4, 35=5, 32=5, 33=5, 38=5, 39=4, 36=5, 37=5, 42=5, 43=5, 40=5, 41=5, 46=6, 47=5, 44=4, 45=4, 51=7, 50=5, 49=5, 48=6, 55=4, 54=5, 53=6, 52=6, 59=7, 58=6, 57=5, 56=5, 63=5, 62=4, 61=5, 60=4, 68=6, 69=5, 70=5, 71=6, 64=4, 65=5, 66=7, 67=5, 76=5, 77=5, 78=5, 79=5, 72=5, 73=5, 74=5, 75=5, 85=5, 84=5, 87=4, 86=5, 81=5, 80=6, 83=7, 82=5, 93=5, 92=5, 95=5, 94=4, 89=5, 88=4, 91=5, 90=4, 98=6, 99=4, 96=5, 97=5}
Avg distance between not played chunks: 3.357316468253968
Min distance between not played chunks: 1.0
Max distance between not played chunks: 9.5

HELPING PEERS LOG

[HELPING] Active nodes: 6
[HELPING] Started playbacks: 6
[HELPING] Not started playbacks node-ids: []
[HELPING] Playbacks time-window: 93
[HELPING] Missing chunks distribution [missed-chunks/nodes]: {0=5, 2=1}
[HELPING] Rejected chunks for ttl expiration [chunk-id/nodes]: 2 {0=1, 1=1}
[HELPING] Rejected chunks for capacity limit [chunk-id/nodes]: 0 {}
[HELPING] bandwidthUtilUp: 0.00643016618116165
[HELPING] bandwidthUtilDown: 0.002871422068766775
[HELPING] Avg # of unsent chunk for max-retries: 0.0
[HELPING] Min # of unsent chunk for max-retries: 0.0
[HELPING] Max # of unsent chunk for max-retries: 0.0
[HELPING] Avg # of unsent chunk-reqs for max-retries: 0.0
[HELPING] Min # of unsent chunk-reqs for max-retries: 0.0
[HELPING] Max # of unsent chunk-reqs for max-retries: 0.0
[HELPING] Avg % of chunks received by Pastry: 2.8333333333333335
[HELPING] Min % of chunks received by Pastry: 1.0
[HELPING] Max % of chunks received by Pastry: 6.0
[HELPING] StD of chunks received by Pastry: 2.136976056643281
[HELPING] Var of chunks received by Pastry: 4.566666666666666
[HELPING] Avg % of chunks received by StarStream: 96.33333333333333
[HELPING] Min % of chunks received by StarStream: 93.0
[HELPING] Max % of chunks received by StarStream: 99.0
[HELPING] StD of chunks received by StarStream: 2.3380903889002838
[HELPING] Var of chunks received by StarStream: 5.466666666667879
[HELPING] Startup Delay: 79.83333333333333
[HELPING] Latency: 7.558071188071188
[HELPING] Min of perceived avg chunk delivery-time: 6.92
[HELPING] Max of perceived avg chunk delivery-time: 8.0
[HELPING] Variance of perceived avg chunk delivery-time: 0.15556745285605303
[HELPING] StD of perceived avg chunk delivery-time: 0.3944204011661327
[HELPING] Avg messages sent per node: 14319.666666666666
[HELPING] Min messages sent per node: 12465.0
[HELPING] Max messages sent per node: 16073.0
[HELPING] Variance of messages sent per node: 1717065.4666667103
[HELPING] StD of messages sent per node: 1310.368446913581
[HELPING] Nodes with incomplete playbacks: 2
[HELPING] Packet Loss: 0.3333333333333333
[HELPING] Min % of not played chunks: 0.0
[HELPING] Max % of not played chunks: 1.0
[HELPING] Not played chunks [chunk-id/nodes]: {51=1, 1=1}
[HELPING] Avg distance between not played chunks: NaN
[HELPING] Min distance between not played chunks: Infinity
[HELPING] Max distance between not played chunks: -Infinity

