Total chunks: 100
Nodes x chunk: 3
Total nodes: 28
Active nodes: 20
Started playbacks: 20
Not started playbacks node-ids: []
Playbacks time-window: 85
Missing chunks distribution [missed-chunks/nodes]: {0=20}
Rejected chunks for ttl expiration [chunk-id/nodes]: 1 {0=5}
Rejected chunks for capacity limit [chunk-id/nodes]: 0 {}
bandwidthUtilUp: 0.01405217885317894
bandwidthUtilDown: 0.008113694059351924
Avg # of unsent chunk for max-retries: 0.0
Min # of unsent chunk for max-retries: 0.0
Max # of unsent chunk for max-retries: 0.0
Avg # of unsent chunk-reqs for max-retries: 0.0
Min # of unsent chunk-reqs for max-retries: 0.0
Max # of unsent chunk-reqs for max-retries: 0.0
Avg % of chunks received by Pastry: 7.05
Min % of chunks received by Pastry: 1.0
Max % of chunks received by Pastry: 15.0
StD of chunks received by Pastry: 4.605203007125972
Var of chunks received by Pastry: 21.207894736842096
Avg % of chunks received by StarStream: 92.0
Min % of chunks received by StarStream: 84.0
Max % of chunks received by StarStream: 99.0
StD of chunks received by StarStream: 4.679181214924733
Var of chunks received by StarStream: 21.894736842104496
[NONMOJO] Startup Delay: 64.55
[MOJO] Startup Delay: 52.2
[MOJO] Latency: 8.015914141414143
Min of perceived avg chunk delivery-time: 6.3
Max of perceived avg chunk delivery-time: 9.444444444444445
Variance of perceived avg chunk delivery-time: 0.4845258770318663
StD of perceived avg chunk delivery-time: 0.6960789301737744
Avg messages sent per node: 6803.8
Min messages sent per node: 4526.0
Max messages sent per node: 9758.0
Variance of messages sent per node: 2646546.9052631524
StD of messages sent per node: 1626.821104259209
Nodes with incomplete playbacks: 12
[MOJO] Continuity Index: 82.35
[MOJO] Packet Loss: 17.65
Min % of not played chunks: 0.0
Max % of not played chunks: 99.0
Not played chunks [chunk-id/nodes]: {1=2, 2=3, 3=4, 4=3, 5=3, 6=1, 7=5, 8=1, 9=3, 10=5, 11=2, 12=3, 13=3, 14=4, 15=4, 17=2, 16=5, 19=2, 18=4, 21=2, 20=2, 23=3, 22=3, 25=5, 24=5, 27=2, 26=5, 29=2, 28=1, 31=2, 30=5, 34=3, 35=3, 32=1, 33=3, 38=3, 39=4, 36=2, 37=4, 42=6, 43=1, 40=2, 41=4, 46=10, 47=4, 44=3, 45=3, 51=5, 50=3, 49=3, 48=2, 55=4, 54=2, 53=3, 52=3, 59=7, 58=1, 57=4, 56=3, 63=4, 62=3, 61=5, 60=6, 68=2, 69=3, 70=5, 71=6, 64=4, 65=3, 66=4, 67=5, 76=8, 77=2, 78=2, 79=3, 72=4, 73=1, 74=5, 75=3, 85=3, 84=4, 87=4, 86=5, 81=3, 80=9, 83=4, 82=5, 93=5, 92=4, 95=5, 94=4, 89=3, 88=4, 91=3, 90=7, 98=6, 99=1, 96=3, 97=1}
Avg distance between not played chunks: 6.236884740651745
Min distance between not played chunks: 1.0
Max distance between not played chunks: 19.5

HELPING PEERS LOG

[HELPING] Active nodes: 8
[HELPING] Started playbacks: 8
[HELPING] Not started playbacks node-ids: []
[HELPING] Playbacks time-window: 90
[HELPING] Missing chunks distribution [missed-chunks/nodes]: {0=8}
[HELPING] Rejected chunks for ttl expiration [chunk-id/nodes]: 1 {0=2}
[HELPING] Rejected chunks for capacity limit [chunk-id/nodes]: 0 {}
[HELPING] bandwidthUtilUp: 0.013753915926313302
[HELPING] bandwidthUtilDown: 0.007287929792241931
[HELPING] Avg # of unsent chunk for max-retries: 0.0
[HELPING] Min # of unsent chunk for max-retries: 0.0
[HELPING] Max # of unsent chunk for max-retries: 0.0
[HELPING] Avg # of unsent chunk-reqs for max-retries: 0.0
[HELPING] Min # of unsent chunk-reqs for max-retries: 0.0
[HELPING] Max # of unsent chunk-reqs for max-retries: 0.0
[HELPING] Avg % of chunks received by Pastry: 9.625
[HELPING] Min % of chunks received by Pastry: 3.0
[HELPING] Max % of chunks received by Pastry: 18.0
[HELPING] StD of chunks received by Pastry: 5.423164600647327
[HELPING] Var of chunks received by Pastry: 29.410714285714285
[HELPING] Avg % of chunks received by StarStream: 89.375
[HELPING] Min % of chunks received by StarStream: 81.0
[HELPING] Max % of chunks received by StarStream: 96.0
[HELPING] StD of chunks received by StarStream: 5.423164600647327
[HELPING] Var of chunks received by StarStream: 29.410714285714285
[HELPING] Startup Delay: 68.625
[HELPING] Latency: 7.864520202020202
[HELPING] Min of perceived avg chunk delivery-time: 7.13
[HELPING] Max of perceived avg chunk delivery-time: 9.090909090909092
[HELPING] Variance of perceived avg chunk delivery-time: 0.3855756577317249
[HELPING] StD of perceived avg chunk delivery-time: 0.6209473872492942
[HELPING] Avg messages sent per node: 6648.125
[HELPING] Min messages sent per node: 5396.0
[HELPING] Max messages sent per node: 7319.0
[HELPING] Variance of messages sent per node: 431206.6964285714
[HELPING] StD of messages sent per node: 656.6633052246573
[HELPING] Nodes with incomplete playbacks: 4
[HELPING] Packet Loss: 14.0
[HELPING] Min % of not played chunks: 0.0
[HELPING] Max % of not played chunks: 99.0
[HELPING] Not played chunks [chunk-id/nodes]: {1=1, 2=1, 3=1, 4=1, 5=1, 6=1, 7=1, 8=1, 9=1, 10=1, 11=1, 12=1, 13=1, 14=1, 15=1, 17=1, 16=1, 19=1, 18=1, 21=3, 20=1, 23=1, 22=1, 25=2, 24=1, 27=1, 26=1, 29=1, 28=1, 31=1, 30=1, 34=1, 35=1, 32=1, 33=1, 38=1, 39=1, 36=1, 37=1, 42=1, 43=1, 40=1, 41=1, 46=2, 47=1, 44=1, 45=2, 51=1, 50=1, 49=1, 48=1, 55=1, 54=1, 53=2, 52=1, 59=1, 58=1, 57=1, 56=1, 63=1, 62=1, 61=2, 60=1, 68=1, 69=1, 70=2, 71=2, 64=1, 65=1, 66=1, 67=1, 76=1, 77=1, 78=1, 79=1, 72=1, 73=1, 74=2, 75=1, 85=2, 84=1, 87=2, 86=1, 81=1, 80=1, 83=1, 82=1, 93=2, 92=1, 95=1, 94=1, 89=1, 88=1, 91=1, 90=1, 98=1, 99=1, 96=1, 97=1}
[HELPING] Avg distance between not played chunks: 24.94642857142857
[HELPING] Min distance between not played chunks: 1.0
[HELPING] Max distance between not played chunks: 62.0

