Total chunks: 100
Nodes x chunk: 3
Total nodes: 34
Active nodes: 20
Started playbacks: 20
Not started playbacks node-ids: []
Playbacks time-window: 108
Missing chunks distribution [missed-chunks/nodes]: {0=19, 2=1}
Rejected chunks for ttl expiration [chunk-id/nodes]: 2 {0=3, 1=1}
Rejected chunks for capacity limit [chunk-id/nodes]: 0 {}
bandwidthUtilUp: 0.01377480040156832
bandwidthUtilDown: 0.0076491267791350594
Avg # of unsent chunk for max-retries: 0.0
Min # of unsent chunk for max-retries: 0.0
Max # of unsent chunk for max-retries: 0.0
Avg # of unsent chunk-reqs for max-retries: 0.0
Min # of unsent chunk-reqs for max-retries: 0.0
Max # of unsent chunk-reqs for max-retries: 0.0
Avg % of chunks received by Pastry: 9.85
Min % of chunks received by Pastry: 0.0
Max % of chunks received by Pastry: 18.0
StD of chunks received by Pastry: 5.431632496676056
Var of chunks received by Pastry: 29.50263157894737
Avg % of chunks received by StarStream: 89.25
Min % of chunks received by StarStream: 81.0
Max % of chunks received by StarStream: 100.0
StD of chunks received by StarStream: 5.618344015249013
Var of chunks received by StarStream: 31.5657894736844
[NONMOJO] Startup Delay: 70.15
[MOJO] Startup Delay: 57.5
[MOJO] Latency: 8.626249330035044
Min of perceived avg chunk delivery-time: 7.5
Max of perceived avg chunk delivery-time: 9.696969696969697
Variance of perceived avg chunk delivery-time: 0.461723111800558
StD of perceived avg chunk delivery-time: 0.6795021058102454
Avg messages sent per node: 6563.25
Min messages sent per node: 4114.0
Max messages sent per node: 8887.0
Variance of messages sent per node: 1897210.7236842103
StD of messages sent per node: 1377.3927267428887
Nodes with incomplete playbacks: 15
[MOJO] Continuity Index: 62.1
[MOJO] Packet Loss: 37.9
Min % of not played chunks: 0.0
Max % of not played chunks: 99.0
Not played chunks [chunk-id/nodes]: {1=8, 2=5, 3=7, 4=7, 5=7, 6=7, 7=8, 8=6, 9=10, 10=7, 11=5, 12=7, 13=9, 14=6, 15=8, 17=9, 16=7, 19=7, 18=8, 21=6, 20=8, 23=9, 22=8, 25=7, 24=8, 27=5, 26=10, 29=6, 28=8, 31=9, 30=8, 34=7, 35=7, 32=8, 33=7, 38=7, 39=6, 36=9, 37=5, 42=8, 43=7, 40=6, 41=8, 46=7, 47=8, 44=9, 45=8, 51=10, 50=7, 49=7, 48=9, 55=8, 54=7, 53=9, 52=8, 59=7, 58=6, 57=8, 56=8, 63=9, 62=7, 61=8, 60=9, 68=8, 69=7, 70=9, 71=10, 64=6, 65=6, 66=7, 67=7, 76=6, 77=8, 78=10, 79=9, 72=7, 73=8, 74=7, 75=8, 85=10, 84=10, 87=9, 86=9, 81=6, 80=6, 83=6, 82=8, 93=9, 92=10, 95=7, 94=5, 89=8, 88=8, 91=7, 90=10, 98=8, 99=9, 96=9, 97=7}
Avg distance between not played chunks: 4.090558676813986
Min distance between not played chunks: 1.0
Max distance between not played chunks: 14.333333333333334

HELPING PEERS LOG

[HELPING] Active nodes: 14
[HELPING] Started playbacks: 14
[HELPING] Not started playbacks node-ids: []
[HELPING] Playbacks time-window: 109
[HELPING] Missing chunks distribution [missed-chunks/nodes]: {0=13, 2=1}
[HELPING] Rejected chunks for ttl expiration [chunk-id/nodes]: 2 {0=3, 1=1}
[HELPING] Rejected chunks for capacity limit [chunk-id/nodes]: 0 {}
[HELPING] bandwidthUtilUp: 0.014032625954282311
[HELPING] bandwidthUtilDown: 0.007761936200812379
[HELPING] Avg # of unsent chunk for max-retries: 0.0
[HELPING] Min # of unsent chunk for max-retries: 0.0
[HELPING] Max # of unsent chunk for max-retries: 0.0
[HELPING] Avg # of unsent chunk-reqs for max-retries: 0.0
[HELPING] Min # of unsent chunk-reqs for max-retries: 0.0
[HELPING] Max # of unsent chunk-reqs for max-retries: 0.0
[HELPING] Avg % of chunks received by Pastry: 8.642857142857142
[HELPING] Min % of chunks received by Pastry: 0.0
[HELPING] Max % of chunks received by Pastry: 24.0
[HELPING] StD of chunks received by Pastry: 7.344355685801202
[HELPING] Var of chunks received by Pastry: 53.939560439560445
[HELPING] Avg % of chunks received by StarStream: 90.5
[HELPING] Min % of chunks received by StarStream: 75.0
[HELPING] Max % of chunks received by StarStream: 100.0
[HELPING] StD of chunks received by StarStream: 7.521763295725445
[HELPING] Var of chunks received by StarStream: 56.57692307692251
[HELPING] Startup Delay: 81.57142857142857
[HELPING] Latency: 8.61165061695674
[HELPING] Min of perceived avg chunk delivery-time: 7.5
[HELPING] Max of perceived avg chunk delivery-time: 9.92
[HELPING] Variance of perceived avg chunk delivery-time: 0.6381406269479769
[HELPING] StD of perceived avg chunk delivery-time: 0.7988370465545379
[HELPING] Avg messages sent per node: 6555.071428571428
[HELPING] Min messages sent per node: 4666.0
[HELPING] Max messages sent per node: 10179.0
[HELPING] Variance of messages sent per node: 3000014.8406593385
[HELPING] StD of messages sent per node: 1732.055091692911
[HELPING] Nodes with incomplete playbacks: 9
[HELPING] Packet Loss: 31.357142857142858
[HELPING] Min % of not played chunks: 0.0
[HELPING] Max % of not played chunks: 81.0
[HELPING] Not played chunks [chunk-id/nodes]: {1=4, 2=5, 3=5, 4=5, 5=3, 6=5, 7=4, 8=4, 9=6, 10=6, 11=5, 12=4, 13=4, 14=4, 15=5, 17=6, 19=4, 18=5, 21=3, 20=4, 23=4, 22=5, 25=1, 24=4, 27=5, 26=5, 29=4, 28=5, 31=7, 30=3, 34=5, 35=5, 32=3, 33=2, 38=4, 39=4, 36=3, 37=5, 42=4, 43=2, 40=5, 41=5, 46=4, 47=5, 44=5, 45=4, 51=6, 50=3, 49=4, 48=5, 55=4, 54=3, 53=3, 52=5, 59=3, 58=4, 57=3, 56=6, 63=7, 62=2, 61=5, 60=5, 68=5, 69=5, 70=5, 71=6, 64=5, 65=6, 66=3, 67=5, 76=4, 77=6, 78=6, 79=5, 72=4, 73=4, 74=5, 75=5, 85=4, 84=5, 87=3, 86=6, 81=4, 80=5, 83=3, 82=4, 93=5, 92=5, 95=4, 94=5, 89=6, 88=3, 91=5, 90=6, 98=4, 99=4, 96=6, 97=6}
[HELPING] Avg distance between not played chunks: 8.105321954252465
[HELPING] Min distance between not played chunks: 1.225
[HELPING] Max distance between not played chunks: 44.0

