Total chunks: 100
Nodes x chunk: 3
Total nodes: 36
Active nodes: 20
Started playbacks: 20
Not started playbacks node-ids: []
Playbacks time-window: 207
Missing chunks distribution [missed-chunks/nodes]: {0=18, 2=1, 3=1}
Rejected chunks for ttl expiration [chunk-id/nodes]: 2 {0=1, 1=1}
Rejected chunks for capacity limit [chunk-id/nodes]: 0 {}
bandwidthUtilUp: 0.013461541610137679
bandwidthUtilDown: 0.007493519054510657
Avg # of unsent chunk for max-retries: 0.0
Min # of unsent chunk for max-retries: 0.0
Max # of unsent chunk for max-retries: 0.0
Avg # of unsent chunk-reqs for max-retries: 0.0
Min # of unsent chunk-reqs for max-retries: 0.0
Max # of unsent chunk-reqs for max-retries: 0.0
Avg % of chunks received by Pastry: 11.5
Min % of chunks received by Pastry: 0.0
Max % of chunks received by Pastry: 19.0
StD of chunks received by Pastry: 4.9894625804895325
Var of chunks received by Pastry: 24.894736842105267
Avg % of chunks received by StarStream: 87.55
Min % of chunks received by StarStream: 80.0
Max % of chunks received by StarStream: 100.0
StD of chunks received by StarStream: 5.11422165709461
Var of chunks received by StarStream: 26.15526315789554
[NONMOJO] Startup Delay: 75.75
[MOJO] Startup Delay: 65.0
[MOJO] Latency: 8.827343362087102
Min of perceived avg chunk delivery-time: 7.72
Max of perceived avg chunk delivery-time: 10.43298969072165
Variance of perceived avg chunk delivery-time: 0.3530021929577144
StD of perceived avg chunk delivery-time: 0.5941398765928058
Avg messages sent per node: 6528.95
Min messages sent per node: 4231.0
Max messages sent per node: 8701.0
Variance of messages sent per node: 2376448.0500000007
StD of messages sent per node: 1541.573238610479
Nodes with incomplete playbacks: 19
[MOJO] Continuity Index: 47.35
[MOJO] Packet Loss: 52.65
Min % of not played chunks: 0.0
Max % of not played chunks: 99.0
Not played chunks [chunk-id/nodes]: {1=13, 2=11, 3=12, 4=10, 5=8, 6=13, 7=12, 8=11, 9=8, 10=10, 11=11, 12=16, 13=7, 14=9, 15=7, 17=10, 16=9, 19=10, 18=10, 21=9, 20=8, 23=11, 22=15, 25=9, 24=8, 27=13, 26=9, 29=11, 28=10, 31=12, 30=11, 34=11, 35=11, 32=6, 33=9, 38=9, 39=8, 36=11, 37=11, 42=8, 43=7, 40=12, 41=10, 46=12, 47=9, 44=14, 45=13, 51=10, 50=14, 49=11, 48=9, 55=13, 54=10, 53=12, 52=10, 59=12, 58=10, 57=13, 56=8, 63=10, 62=11, 61=11, 60=13, 68=10, 69=11, 70=10, 71=11, 64=10, 65=11, 66=9, 67=12, 76=10, 77=10, 78=10, 79=11, 72=11, 73=8, 74=10, 75=14, 85=13, 84=11, 87=12, 86=14, 81=10, 80=9, 83=13, 82=11, 93=11, 92=12, 95=9, 94=14, 89=9, 88=12, 91=10, 90=13, 98=11, 99=10, 96=10, 97=10}
Avg distance between not played chunks: 2.29019588071397
Min distance between not played chunks: 1.0
Max distance between not played chunks: 9.375

HELPING PEERS LOG

[HELPING] Active nodes: 16
[HELPING] Started playbacks: 16
[HELPING] Not started playbacks node-ids: []
[HELPING] Playbacks time-window: 341
[HELPING] Missing chunks distribution [missed-chunks/nodes]: {0=15, 6=1}
[HELPING] Rejected chunks for ttl expiration [chunk-id/nodes]: 2 {0=4, 6=1}
[HELPING] Rejected chunks for capacity limit [chunk-id/nodes]: 0 {}
[HELPING] bandwidthUtilUp: 0.013960600934980284
[HELPING] bandwidthUtilDown: 0.007932603150545173
[HELPING] Avg # of unsent chunk for max-retries: 0.0
[HELPING] Min # of unsent chunk for max-retries: 0.0
[HELPING] Max # of unsent chunk for max-retries: 0.0
[HELPING] Avg # of unsent chunk-reqs for max-retries: 0.0
[HELPING] Min # of unsent chunk-reqs for max-retries: 0.0
[HELPING] Max # of unsent chunk-reqs for max-retries: 0.0
[HELPING] Avg % of chunks received by Pastry: 7.9375
[HELPING] Min % of chunks received by Pastry: 1.0
[HELPING] Max % of chunks received by Pastry: 16.0
[HELPING] StD of chunks received by Pastry: 4.508787715857409
[HELPING] Var of chunks received by Pastry: 20.329166666666666
[HELPING] Avg % of chunks received by StarStream: 91.125
[HELPING] Min % of chunks received by StarStream: 83.0
[HELPING] Max % of chunks received by StarStream: 99.0
[HELPING] StD of chunks received by StarStream: 4.6169975814014315
[HELPING] Var of chunks received by StarStream: 21.316666666666666
[HELPING] Startup Delay: 100.5
[HELPING] Latency: 9.165860197721901
[HELPING] Min of perceived avg chunk delivery-time: 8.12
[HELPING] Max of perceived avg chunk delivery-time: 12.808510638297872
[HELPING] Variance of perceived avg chunk delivery-time: 1.292817302111598
[HELPING] StD of perceived avg chunk delivery-time: 1.137021240835719
[HELPING] Avg messages sent per node: 6436.75
[HELPING] Min messages sent per node: 3900.0
[HELPING] Max messages sent per node: 8142.0
[HELPING] Variance of messages sent per node: 1719629.1333333333
[HELPING] StD of messages sent per node: 1311.3463056467324
[HELPING] Nodes with incomplete playbacks: 10
[HELPING] Packet Loss: 31.0
[HELPING] Min % of not played chunks: 0.0
[HELPING] Max % of not played chunks: 99.0
[HELPING] Not played chunks [chunk-id/nodes]: {1=5, 2=8, 3=8, 4=6, 5=5, 6=5, 7=4, 8=3, 9=3, 10=5, 11=4, 12=7, 13=5, 14=5, 15=4, 17=6, 16=5, 19=7, 18=4, 21=5, 20=4, 23=5, 22=5, 25=3, 24=5, 27=5, 26=6, 29=6, 28=5, 31=5, 30=3, 34=5, 35=5, 32=5, 33=5, 38=4, 39=6, 36=5, 37=5, 42=2, 43=5, 40=4, 41=6, 46=6, 47=5, 44=5, 45=4, 51=6, 50=4, 49=4, 48=4, 55=3, 54=4, 53=5, 52=5, 59=5, 58=4, 57=7, 56=5, 63=6, 62=5, 61=7, 60=7, 68=5, 69=8, 70=7, 71=5, 64=3, 65=5, 66=5, 67=6, 76=5, 77=5, 78=4, 79=4, 72=6, 73=5, 74=2, 75=6, 85=5, 84=6, 87=5, 86=4, 81=4, 80=5, 83=5, 82=5, 93=4, 92=6, 95=4, 94=5, 89=6, 88=6, 91=6, 90=5, 98=5, 99=5, 96=5, 97=5}
[HELPING] Avg distance between not played chunks: 4.124106114015235
[HELPING] Min distance between not played chunks: 1.0
[HELPING] Max distance between not played chunks: 13.833333333333334

