Total chunks: 100
Nodes x chunk: 30
Total nodes: 200
Active nodes: 200
Started playbacks: 200
Not started playbacks node-ids: []
Playbacks time-window: 411
Missing chunks distribution [missed-chunks/nodes]: {0=195, 1=3, 2=1, 3=1}
Rejected chunks for ttl expiration [chunk-id/nodes]: 1 {14=1}
Rejected chunks for capacity limit [chunk-id/nodes]: 0 {}
Avg # of unsent chunk for max-retries: 0.0
Min # of unsent chunk for max-retries: 0.0
Max # of unsent chunk for max-retries: 0.0
Avg # of unsent chunk-reqs for max-retries: 0.0
Min # of unsent chunk-reqs for max-retries: 0.0
Max # of unsent chunk-reqs for max-retries: 0.0
Avg % of chunks received by Pastry: 1.085
Min % of chunks received by Pastry: 0.0
Max % of chunks received by Pastry: 9.0
StD of chunks received by Pastry: 1.6496611499176848
Var of chunks received by Pastry: 2.721381909547738
Avg % of chunks received by StarStream: 98.21
Min % of chunks received by StarStream: 90.0
Max % of chunks received by StarStream: 100.0
StD of chunks received by StarStream: 1.8771035101825924
Var of chunks received by StarStream: 3.5235175879398093
[MOJO] avg playback start:227.49
Perceived avg chunk delivery-time: 6.630465232823729
Min of perceived avg chunk delivery-time: 5.33
Max of perceived avg chunk delivery-time: 20.63855421686747
Variance of perceived avg chunk delivery-time: 2.3916949315268443
StD of perceived avg chunk delivery-time: 1.5465105662512766
Avg messages sent per node: 18430.58
Min messages sent per node: 12804.0
Max messages sent per node: 23343.0
Variance of messages sent per node: 3747817.1694472204
StD of messages sent per node: 1935.9279866377315
Nodes with incomplete playbacks: 162
Avg % of not played chunks: 39.475
Min % of not played chunks: 0.0
Max % of not played chunks: 99.0
Not played chunks [chunk-id/nodes]: {1=97, 2=90, 3=85, 4=93, 5=87, 6=82, 7=79, 8=80, 9=82, 10=91, 11=89, 12=94, 13=84, 14=88, 15=80, 17=85, 16=79, 19=86, 18=75, 21=91, 20=81, 23=75, 22=77, 25=85, 24=78, 27=83, 26=91, 29=73, 28=81, 31=88, 30=82, 34=85, 35=72, 32=77, 33=62, 38=82, 39=79, 36=78, 37=82, 42=80, 43=70, 40=83, 41=75, 46=81, 47=82, 44=75, 45=73, 51=76, 50=80, 49=81, 48=73, 55=77, 54=63, 53=75, 52=87, 59=82, 58=79, 57=72, 56=90, 63=76, 62=76, 61=78, 60=83, 68=83, 69=79, 70=75, 71=76, 64=78, 65=72, 66=81, 67=78, 76=81, 77=73, 78=77, 79=77, 72=71, 73=82, 74=75, 75=78, 85=80, 84=74, 87=75, 86=83, 81=71, 80=66, 83=88, 82=82, 93=72, 92=82, 95=79, 94=80, 89=77, 88=75, 91=78, 90=81, 98=87, 99=87, 96=73, 97=74}
Avg distance between not played chunks: 3.6470426418731248
Min distance between not played chunks: 1.0
Max distance between not played chunks: 71.0

