Total chunks: 100
Nodes x chunk: 3
Total nodes: 22
Active nodes: 22
Started playbacks: 22
Not started playbacks node-ids: []
Playbacks time-window: 109
Missing chunks distribution [missed-chunks/nodes]: {0=10, 1=6, 2=4, 4=1, 6=1}
Rejected chunks for ttl expiration [chunk-id/nodes]: 20 {0=10, 71=1, 64=1, 66=1, 42=1, 77=2, 46=1, 12=1, 74=1, 75=1, 87=1, 86=1, 54=1, 80=2, 22=1, 52=2, 93=1, 95=1, 57=1, 27=2}
Rejected chunks for capacity limit [chunk-id/nodes]: 0 {}
bandwidthUtilUp: 0.009819893879659354
bandwidthUtilDown: 0.006079241232638896
Avg # of unsent chunk for max-retries: 0.0
Min # of unsent chunk for max-retries: 0.0
Max # of unsent chunk for max-retries: 0.0
Avg # of unsent chunk-reqs for max-retries: 0.0
Min # of unsent chunk-reqs for max-retries: 0.0
Max # of unsent chunk-reqs for max-retries: 0.0
Avg % of chunks received by Pastry: 8.818181818181818
Min % of chunks received by Pastry: 0.0
Max % of chunks received by Pastry: 21.0
StD of chunks received by Pastry: 6.973667229803458
Var of chunks received by Pastry: 48.63203463203464
Avg % of chunks received by StarStream: 90.36363636363636
Min % of chunks received by StarStream: 78.0
Max % of chunks received by StarStream: 100.0
StD of chunks received by StarStream: 7.16835276652052
Var of chunks received by StarStream: 51.38528138528238
[NONMOJO] Startup Delay: 66.4090909090909
[MOJO] Startup Delay: 76.6
[MOJO] Latency: 9.113197505411675
Min of perceived avg chunk delivery-time: 7.16
Max of perceived avg chunk delivery-time: 11.391752577319588
Variance of perceived avg chunk delivery-time: 0.9664965566812945
StD of perceived avg chunk delivery-time: 0.9831055674144534
Avg messages sent per node: 2666.0
Min messages sent per node: 1369.0
Max messages sent per node: 5503.0
Variance of messages sent per node: 678056.7619047619
StD of messages sent per node: 823.4420209734028
Nodes with incomplete playbacks: 17
[MOJO] Continuity Index: 85.68181818181819
[MOJO] Packet Loss: 14.318181818181818
Min % of not played chunks: 0.0
Max % of not played chunks: 99.0
Not played chunks [chunk-id/nodes]: {1=4, 2=2, 3=2, 4=3, 5=3, 6=2, 7=4, 8=3, 9=3, 10=2, 11=2, 12=4, 13=2, 14=3, 15=2, 17=2, 16=3, 19=2, 18=3, 21=2, 20=3, 23=3, 22=3, 25=3, 24=4, 27=5, 26=3, 29=3, 28=2, 31=2, 30=3, 34=3, 35=3, 32=3, 33=3, 38=3, 39=3, 36=3, 37=3, 42=5, 43=3, 40=3, 41=3, 46=4, 47=4, 44=3, 45=3, 51=3, 50=4, 49=5, 48=4, 55=4, 54=4, 53=3, 52=5, 59=3, 58=4, 57=4, 56=4, 63=2, 62=4, 61=4, 60=3, 68=3, 69=3, 70=3, 71=7, 64=4, 65=3, 66=3, 67=3, 76=2, 77=5, 78=2, 79=3, 72=3, 73=4, 74=4, 75=3, 85=2, 84=3, 87=4, 86=4, 81=3, 80=5, 83=2, 82=3, 93=5, 92=3, 95=4, 94=3, 89=2, 88=3, 91=3, 90=3, 98=2, 99=3, 96=2, 97=2}
Avg distance between not played chunks: 14.349348648270068
Min distance between not played chunks: 1.0
Max distance between not played chunks: 53.0

HELPING PEERS LOG

[HELPING] Active nodes: 0
[HELPING] Started playbacks: 0
[HELPING] Not started playbacks node-ids: []
[HELPING] Playbacks time-window: -9223372036854775807
[HELPING] Missing chunks distribution [missed-chunks/nodes]: {}
[HELPING] Rejected chunks for ttl expiration [chunk-id/nodes]: 0 {}
[HELPING] Rejected chunks for capacity limit [chunk-id/nodes]: 0 {}
[HELPING] bandwidthUtilUp: NaN
[HELPING] bandwidthUtilDown: NaN
[HELPING] Avg # of unsent chunk for max-retries: NaN
[HELPING] Min # of unsent chunk for max-retries: Infinity
[HELPING] Max # of unsent chunk for max-retries: -Infinity
[HELPING] Avg # of unsent chunk-reqs for max-retries: NaN
[HELPING] Min # of unsent chunk-reqs for max-retries: Infinity
[HELPING] Max # of unsent chunk-reqs for max-retries: -Infinity
[HELPING] Avg % of chunks received by Pastry: NaN
[HELPING] Min % of chunks received by Pastry: Infinity
[HELPING] Max % of chunks received by Pastry: -Infinity
[HELPING] StD of chunks received by Pastry: 0.0
[HELPING] Var of chunks received by Pastry: 0.0
[HELPING] Avg % of chunks received by StarStream: NaN
[HELPING] Min % of chunks received by StarStream: Infinity
[HELPING] Max % of chunks received by StarStream: -Infinity
[HELPING] StD of chunks received by StarStream: 0.0
[HELPING] Var of chunks received by StarStream: 0.0
[HELPING] Latency: NaN
[HELPING] Min of perceived avg chunk delivery-time: Infinity
[HELPING] Max of perceived avg chunk delivery-time: -Infinity
[HELPING] Variance of perceived avg chunk delivery-time: 0.0
[HELPING] StD of perceived avg chunk delivery-time: 0.0
[HELPING] Avg messages sent per node: NaN
[HELPING] Min messages sent per node: Infinity
[HELPING] Max messages sent per node: -Infinity
[HELPING] Variance of messages sent per node: 0.0
[HELPING] StD of messages sent per node: 0.0
[HELPING] Nodes with incomplete playbacks: 0
[HELPING] Packet Loss: NaN
[HELPING] Min % of not played chunks: Infinity
[HELPING] Max % of not played chunks: -Infinity
[HELPING] Not played chunks [chunk-id/nodes]: {}
[HELPING] Avg distance between not played chunks: NaN
[HELPING] Min distance between not played chunks: Infinity
[HELPING] Max distance between not played chunks: -Infinity

