Total chunks: 100
Nodes x chunk: 3
Total nodes: 22
Active nodes: 22
Started playbacks: 22
Not started playbacks node-ids: []
Playbacks time-window: 179
Missing chunks distribution [missed-chunks/nodes]: {0=21, 3=1}
Rejected chunks for ttl expiration [chunk-id/nodes]: 2 {0=3, 3=1}
Rejected chunks for capacity limit [chunk-id/nodes]: 0 {}
bandwidthUtilUp: 0.012589724505332507
bandwidthUtilDown: 0.007462741898051695
Avg # of unsent chunk for max-retries: 0.0
Min # of unsent chunk for max-retries: 0.0
Max # of unsent chunk for max-retries: 0.0
Avg # of unsent chunk-reqs for max-retries: 0.0
Min # of unsent chunk-reqs for max-retries: 0.0
Max # of unsent chunk-reqs for max-retries: 0.0
Avg % of chunks received by Pastry: 8.5
Min % of chunks received by Pastry: 1.0
Max % of chunks received by Pastry: 21.0
StD of chunks received by Pastry: 5.087332540826517
Var of chunks received by Pastry: 25.88095238095238
Avg % of chunks received by StarStream: 90.54545454545455
Min % of chunks received by StarStream: 78.0
Max % of chunks received by StarStream: 98.0
StD of chunks received by StarStream: 4.983088282497973
Var of chunks received by StarStream: 24.831168831168597
[NONMOJO] Startup Delay: 57.09090909090909
[MOJO] Startup Delay: 79.6
[MOJO] Latency: 7.509610301704958
Min of perceived avg chunk delivery-time: 6.48
Max of perceived avg chunk delivery-time: 10.02061855670103
Variance of perceived avg chunk delivery-time: 0.6084692802251619
StD of perceived avg chunk delivery-time: 0.7800444091365324
Avg messages sent per node: 5830.181818181818
Min messages sent per node: 2718.0
Max messages sent per node: 7450.0
Variance of messages sent per node: 1902278.632034636
StD of messages sent per node: 1379.231174254206
Nodes with incomplete playbacks: 9
[MOJO] Continuity Index: 81.72727272727273
[MOJO] Packet Loss: 18.272727272727273
Min % of not played chunks: 0.0
Max % of not played chunks: 99.0
Not played chunks [chunk-id/nodes]: {1=6, 2=4, 3=4, 4=4, 5=4, 6=3, 7=4, 8=3, 9=3, 10=3, 11=3, 12=4, 13=4, 14=3, 15=3, 17=3, 16=4, 19=4, 18=5, 21=4, 20=3, 23=4, 22=3, 25=4, 24=3, 27=3, 26=3, 29=3, 28=4, 31=4, 30=5, 34=4, 35=4, 32=4, 33=4, 38=3, 39=4, 36=4, 37=4, 42=5, 43=4, 40=3, 41=4, 46=4, 47=5, 44=4, 45=3, 51=5, 50=5, 49=5, 48=4, 55=5, 54=5, 53=5, 52=4, 59=3, 58=6, 57=3, 56=4, 63=3, 62=5, 61=4, 60=4, 68=3, 69=5, 70=3, 71=5, 64=4, 65=4, 66=5, 67=3, 76=4, 77=4, 78=4, 79=6, 72=4, 73=5, 74=5, 75=4, 85=3, 84=4, 87=5, 86=4, 81=3, 80=5, 83=4, 82=6, 93=7, 92=4, 95=4, 94=4, 89=4, 88=3, 91=4, 90=5, 98=4, 99=4, 96=5, 97=5}
Avg distance between not played chunks: 3.3460064420115967
Min distance between not played chunks: 1.0
Max distance between not played chunks: 7.833333333333333

HELPING PEERS LOG

[HELPING] Active nodes: 0
[HELPING] Started playbacks: 0
[HELPING] Not started playbacks node-ids: []
[HELPING] Playbacks time-window: -9223372036854775807
[HELPING] Missing chunks distribution [missed-chunks/nodes]: {}
[HELPING] Rejected chunks for ttl expiration [chunk-id/nodes]: 0 {}
[HELPING] Rejected chunks for capacity limit [chunk-id/nodes]: 0 {}
[HELPING] bandwidthUtilUp: NaN
[HELPING] bandwidthUtilDown: NaN
[HELPING] Avg # of unsent chunk for max-retries: NaN
[HELPING] Min # of unsent chunk for max-retries: Infinity
[HELPING] Max # of unsent chunk for max-retries: -Infinity
[HELPING] Avg # of unsent chunk-reqs for max-retries: NaN
[HELPING] Min # of unsent chunk-reqs for max-retries: Infinity
[HELPING] Max # of unsent chunk-reqs for max-retries: -Infinity
[HELPING] Avg % of chunks received by Pastry: NaN
[HELPING] Min % of chunks received by Pastry: Infinity
[HELPING] Max % of chunks received by Pastry: -Infinity
[HELPING] StD of chunks received by Pastry: 0.0
[HELPING] Var of chunks received by Pastry: 0.0
[HELPING] Avg % of chunks received by StarStream: NaN
[HELPING] Min % of chunks received by StarStream: Infinity
[HELPING] Max % of chunks received by StarStream: -Infinity
[HELPING] StD of chunks received by StarStream: 0.0
[HELPING] Var of chunks received by StarStream: 0.0
[HELPING] Latency: NaN
[HELPING] Min of perceived avg chunk delivery-time: Infinity
[HELPING] Max of perceived avg chunk delivery-time: -Infinity
[HELPING] Variance of perceived avg chunk delivery-time: 0.0
[HELPING] StD of perceived avg chunk delivery-time: 0.0
[HELPING] Avg messages sent per node: NaN
[HELPING] Min messages sent per node: Infinity
[HELPING] Max messages sent per node: -Infinity
[HELPING] Variance of messages sent per node: 0.0
[HELPING] StD of messages sent per node: 0.0
[HELPING] Nodes with incomplete playbacks: 0
[HELPING] Packet Loss: NaN
[HELPING] Min % of not played chunks: Infinity
[HELPING] Max % of not played chunks: -Infinity
[HELPING] Not played chunks [chunk-id/nodes]: {}
[HELPING] Avg distance between not played chunks: NaN
[HELPING] Min distance between not played chunks: Infinity
[HELPING] Max distance between not played chunks: -Infinity

