Total chunks: 100
Nodes x chunk: 3
Total nodes: 22
Active nodes: 22
Started playbacks: 22
Not started playbacks node-ids: []
Playbacks time-window: 161
Missing chunks distribution [missed-chunks/nodes]: {0=18, 2=3, 3=1}
Rejected chunks for ttl expiration [chunk-id/nodes]: 2 {1=4, 2=1}
Rejected chunks for capacity limit [chunk-id/nodes]: 0 {}
bandwidthUtilUp: 0.011831068675168088
bandwidthUtilDown: 0.007168015480332887
Avg # of unsent chunk for max-retries: 0.0
Min # of unsent chunk for max-retries: 0.0
Max # of unsent chunk for max-retries: 0.0
Avg # of unsent chunk-reqs for max-retries: 0.0
Min # of unsent chunk-reqs for max-retries: 0.0
Max # of unsent chunk-reqs for max-retries: 0.0
Avg % of chunks received by Pastry: 6.318181818181818
Min % of chunks received by Pastry: 0.0
Max % of chunks received by Pastry: 16.0
StD of chunks received by Pastry: 4.814525280819873
Var of chunks received by Pastry: 23.17965367965368
Avg % of chunks received by StarStream: 92.77272727272727
Min % of chunks received by StarStream: 83.0
Max % of chunks received by StarStream: 100.0
StD of chunks received by StarStream: 4.927394928278243
Var of chunks received by StarStream: 24.27922077922215
[NONMOJO] Startup Delay: 75.5909090909091
[MOJO] Startup Delay: 77.5
[MOJO] Latency: 7.746883744779046
Min of perceived avg chunk delivery-time: 7.01
Max of perceived avg chunk delivery-time: 8.816326530612244
Variance of perceived avg chunk delivery-time: 0.3529276565868727
StD of perceived avg chunk delivery-time: 0.5940771469993377
Avg messages sent per node: 5199.954545454545
Min messages sent per node: 2482.0
Max messages sent per node: 7218.0
Variance of messages sent per node: 2044833.7597402672
StD of messages sent per node: 1429.976838882458
Nodes with incomplete playbacks: 9
[MOJO] Continuity Index: 82.9090909090909
[MOJO] Packet Loss: 17.09090909090909
Min % of not played chunks: 0.0
Max % of not played chunks: 99.0
Not played chunks [chunk-id/nodes]: {1=9, 2=5, 3=4, 4=4, 5=4, 6=3, 7=4, 8=3, 9=5, 10=3, 11=4, 12=4, 13=3, 14=3, 15=3, 17=4, 16=4, 19=4, 18=4, 21=3, 20=4, 23=4, 22=4, 25=3, 24=4, 27=3, 26=3, 29=3, 28=4, 31=4, 30=4, 34=4, 35=3, 32=3, 33=4, 38=3, 39=3, 36=3, 37=4, 42=4, 43=4, 40=4, 41=4, 46=3, 47=5, 44=4, 45=3, 51=4, 50=3, 49=4, 48=4, 55=4, 54=4, 53=3, 52=4, 59=4, 58=4, 57=3, 56=4, 63=4, 62=4, 61=3, 60=4, 68=4, 69=4, 70=3, 71=4, 64=4, 65=3, 66=3, 67=5, 76=5, 77=4, 78=4, 79=4, 72=4, 73=3, 74=3, 75=4, 85=3, 84=3, 87=4, 86=4, 81=4, 80=3, 83=3, 82=4, 93=5, 92=4, 95=4, 94=5, 89=3, 88=3, 91=4, 90=4, 98=5, 99=4, 96=4, 97=4}
Avg distance between not played chunks: 2.0219298245614037
Min distance between not played chunks: 1.0
Max distance between not played chunks: 6.466666666666667

HELPING PEERS LOG

[HELPING] Active nodes: 0
[HELPING] Started playbacks: 0
[HELPING] Not started playbacks node-ids: []
[HELPING] Playbacks time-window: -9223372036854775807
[HELPING] Missing chunks distribution [missed-chunks/nodes]: {}
[HELPING] Rejected chunks for ttl expiration [chunk-id/nodes]: 0 {}
[HELPING] Rejected chunks for capacity limit [chunk-id/nodes]: 0 {}
[HELPING] bandwidthUtilUp: NaN
[HELPING] bandwidthUtilDown: NaN
[HELPING] Avg # of unsent chunk for max-retries: NaN
[HELPING] Min # of unsent chunk for max-retries: Infinity
[HELPING] Max # of unsent chunk for max-retries: -Infinity
[HELPING] Avg # of unsent chunk-reqs for max-retries: NaN
[HELPING] Min # of unsent chunk-reqs for max-retries: Infinity
[HELPING] Max # of unsent chunk-reqs for max-retries: -Infinity
[HELPING] Avg % of chunks received by Pastry: NaN
[HELPING] Min % of chunks received by Pastry: Infinity
[HELPING] Max % of chunks received by Pastry: -Infinity
[HELPING] StD of chunks received by Pastry: 0.0
[HELPING] Var of chunks received by Pastry: 0.0
[HELPING] Avg % of chunks received by StarStream: NaN
[HELPING] Min % of chunks received by StarStream: Infinity
[HELPING] Max % of chunks received by StarStream: -Infinity
[HELPING] StD of chunks received by StarStream: 0.0
[HELPING] Var of chunks received by StarStream: 0.0
[HELPING] Latency: NaN
[HELPING] Min of perceived avg chunk delivery-time: Infinity
[HELPING] Max of perceived avg chunk delivery-time: -Infinity
[HELPING] Variance of perceived avg chunk delivery-time: 0.0
[HELPING] StD of perceived avg chunk delivery-time: 0.0
[HELPING] Avg messages sent per node: NaN
[HELPING] Min messages sent per node: Infinity
[HELPING] Max messages sent per node: -Infinity
[HELPING] Variance of messages sent per node: 0.0
[HELPING] StD of messages sent per node: 0.0
[HELPING] Nodes with incomplete playbacks: 0
[HELPING] Packet Loss: NaN
[HELPING] Min % of not played chunks: Infinity
[HELPING] Max % of not played chunks: -Infinity
[HELPING] Not played chunks [chunk-id/nodes]: {}
[HELPING] Avg distance between not played chunks: NaN
[HELPING] Min distance between not played chunks: Infinity
[HELPING] Max distance between not played chunks: -Infinity

