Total chunks: 100
Nodes x chunk: 3
Total nodes: 22
Active nodes: 22
Started playbacks: 22
Not started playbacks node-ids: []
Playbacks time-window: 170
Missing chunks distribution [missed-chunks/nodes]: {0=18, 1=3, 5=1}
Rejected chunks for ttl expiration [chunk-id/nodes]: 6 {2=1, 4=1, 59=1, 92=1, 26=1, 72=1}
Rejected chunks for capacity limit [chunk-id/nodes]: 0 {}
bandwidthUtilUp: 0.010724879497829878
bandwidthUtilDown: 0.0067644513062152245
Avg # of unsent chunk for max-retries: 0.0
Min # of unsent chunk for max-retries: 0.0
Max # of unsent chunk for max-retries: 0.0
Avg # of unsent chunk-reqs for max-retries: 0.0
Min # of unsent chunk-reqs for max-retries: 0.0
Max # of unsent chunk-reqs for max-retries: 0.0
Avg % of chunks received by Pastry: 6.909090909090909
Min % of chunks received by Pastry: 0.0
Max % of chunks received by Pastry: 14.0
StD of chunks received by Pastry: 4.38513822238675
Var of chunks received by Pastry: 19.22943722943723
Avg % of chunks received by StarStream: 92.18181818181819
Min % of chunks received by StarStream: 85.0
Max % of chunks received by StarStream: 100.0
StD of chunks received by StarStream: 4.43617556907447
Var of chunks received by StarStream: 19.679653679653192
[NONMOJO] Startup Delay: 71.0
[MOJO] Startup Delay: 64.8
[MOJO] Latency: 8.39280767838526
Min of perceived avg chunk delivery-time: 6.68
Max of perceived avg chunk delivery-time: 10.857142857142858
Variance of perceived avg chunk delivery-time: 1.01918392006434
StD of perceived avg chunk delivery-time: 1.0095463932204107
Avg messages sent per node: 3731.2272727272725
Min messages sent per node: 2062.0
Max messages sent per node: 5350.0
Variance of messages sent per node: 1164019.7077922097
StD of messages sent per node: 1078.897450081429
Nodes with incomplete playbacks: 7
[MOJO] Continuity Index: 85.0
[MOJO] Packet Loss: 15.0
Min % of not played chunks: 0.0
Max % of not played chunks: 99.0
Not played chunks [chunk-id/nodes]: {1=4, 2=4, 3=3, 4=4, 5=3, 6=3, 7=3, 8=3, 9=4, 10=3, 11=3, 12=3, 13=3, 14=3, 15=3, 17=3, 16=3, 19=4, 18=3, 21=3, 20=3, 23=3, 22=3, 25=4, 24=4, 27=3, 26=4, 29=3, 28=3, 31=4, 30=3, 34=4, 35=4, 32=3, 33=3, 38=3, 39=3, 36=3, 37=3, 42=3, 43=3, 40=3, 41=4, 46=4, 47=3, 44=3, 45=4, 51=3, 50=3, 49=4, 48=3, 55=3, 54=4, 53=4, 52=2, 59=4, 58=3, 57=3, 56=3, 63=4, 62=4, 61=3, 60=4, 68=3, 69=3, 70=4, 71=3, 64=4, 65=4, 66=3, 67=3, 76=3, 77=3, 78=4, 79=3, 72=3, 73=3, 74=3, 75=4, 85=3, 84=3, 87=3, 86=3, 81=3, 80=3, 83=3, 82=3, 93=4, 92=4, 95=4, 94=4, 89=4, 88=4, 91=4, 90=3, 98=3, 99=3, 96=3, 97=4}
Avg distance between not played chunks: 2.9205803741886216
Min distance between not played chunks: 1.0
Max distance between not played chunks: 8.333333333333334

HELPING PEERS LOG

[HELPING] Active nodes: 0
[HELPING] Started playbacks: 0
[HELPING] Not started playbacks node-ids: []
[HELPING] Playbacks time-window: -9223372036854775807
[HELPING] Missing chunks distribution [missed-chunks/nodes]: {}
[HELPING] Rejected chunks for ttl expiration [chunk-id/nodes]: 0 {}
[HELPING] Rejected chunks for capacity limit [chunk-id/nodes]: 0 {}
[HELPING] bandwidthUtilUp: NaN
[HELPING] bandwidthUtilDown: NaN
[HELPING] Avg # of unsent chunk for max-retries: NaN
[HELPING] Min # of unsent chunk for max-retries: Infinity
[HELPING] Max # of unsent chunk for max-retries: -Infinity
[HELPING] Avg # of unsent chunk-reqs for max-retries: NaN
[HELPING] Min # of unsent chunk-reqs for max-retries: Infinity
[HELPING] Max # of unsent chunk-reqs for max-retries: -Infinity
[HELPING] Avg % of chunks received by Pastry: NaN
[HELPING] Min % of chunks received by Pastry: Infinity
[HELPING] Max % of chunks received by Pastry: -Infinity
[HELPING] StD of chunks received by Pastry: 0.0
[HELPING] Var of chunks received by Pastry: 0.0
[HELPING] Avg % of chunks received by StarStream: NaN
[HELPING] Min % of chunks received by StarStream: Infinity
[HELPING] Max % of chunks received by StarStream: -Infinity
[HELPING] StD of chunks received by StarStream: 0.0
[HELPING] Var of chunks received by StarStream: 0.0
[HELPING] Latency: NaN
[HELPING] Min of perceived avg chunk delivery-time: Infinity
[HELPING] Max of perceived avg chunk delivery-time: -Infinity
[HELPING] Variance of perceived avg chunk delivery-time: 0.0
[HELPING] StD of perceived avg chunk delivery-time: 0.0
[HELPING] Avg messages sent per node: NaN
[HELPING] Min messages sent per node: Infinity
[HELPING] Max messages sent per node: -Infinity
[HELPING] Variance of messages sent per node: 0.0
[HELPING] StD of messages sent per node: 0.0
[HELPING] Nodes with incomplete playbacks: 0
[HELPING] Packet Loss: NaN
[HELPING] Min % of not played chunks: Infinity
[HELPING] Max % of not played chunks: -Infinity
[HELPING] Not played chunks [chunk-id/nodes]: {}
[HELPING] Avg distance between not played chunks: NaN
[HELPING] Min distance between not played chunks: Infinity
[HELPING] Max distance between not played chunks: -Infinity

