Total chunks: 100
Nodes x chunk: 3
Total nodes: 22
Active nodes: 22
Started playbacks: 22
Not started playbacks node-ids: []
Playbacks time-window: 140
Missing chunks distribution [missed-chunks/nodes]: {0=15, 84=1, 2=5, 88=1}
Rejected chunks for ttl expiration [chunk-id/nodes]: 95 {0=8, 1=5, 4=2, 5=2, 7=2, 8=1, 9=2, 10=1, 11=2, 12=1, 13=2, 14=2, 15=2, 17=1, 16=2, 19=2, 18=1, 21=2, 20=2, 23=2, 22=2, 25=2, 24=2, 27=2, 26=1, 29=2, 28=2, 31=1, 30=2, 34=2, 35=2, 32=2, 33=2, 38=1, 39=2, 36=2, 37=2, 42=2, 43=1, 40=2, 41=1, 46=2, 47=2, 44=2, 45=1, 51=2, 50=2, 49=1, 48=2, 55=2, 54=1, 52=2, 59=2, 58=2, 57=2, 56=2, 63=1, 62=1, 61=1, 60=2, 68=1, 69=2, 70=2, 71=1, 64=2, 65=1, 66=2, 67=1, 76=2, 77=2, 78=1, 79=2, 72=2, 73=2, 74=2, 75=2, 85=2, 84=1, 87=2, 86=2, 81=2, 80=1, 83=2, 82=1, 93=2, 92=1, 95=2, 94=1, 89=2, 88=1, 91=1, 90=2, 99=2, 96=2, 97=2}
Rejected chunks for capacity limit [chunk-id/nodes]: 0 {}
bandwidthUtilUp: 0.010773545361340224
bandwidthUtilDown: 0.006551395168466961
Avg # of unsent chunk for max-retries: 0.0
Min # of unsent chunk for max-retries: 0.0
Max # of unsent chunk for max-retries: 0.0
Avg # of unsent chunk-reqs for max-retries: 0.0
Min # of unsent chunk-reqs for max-retries: 0.0
Max # of unsent chunk-reqs for max-retries: 0.0
Avg % of chunks received by Pastry: 8.454545454545455
Min % of chunks received by Pastry: 0.0
Max % of chunks received by Pastry: 18.0
StD of chunks received by Pastry: 4.636575837602087
Var of chunks received by Pastry: 21.497835497835496
Avg % of chunks received by StarStream: 90.63636363636364
Min % of chunks received by StarStream: 81.0
Max % of chunks received by StarStream: 100.0
StD of chunks received by StarStream: 4.796282831978034
Var of chunks received by StarStream: 23.004329004327225
[NONMOJO] Startup Delay: 73.81818181818181
[MOJO] Startup Delay: 101.6
[MOJO] Latency: 7.561630591630592
Min of perceived avg chunk delivery-time: 0.0
Max of perceived avg chunk delivery-time: 13.416666666666666
Variance of perceived avg chunk delivery-time: 4.753212696060106
StD of perceived avg chunk delivery-time: 2.180186390210733
Avg messages sent per node: 4577.363636363636
Min messages sent per node: 250.0
Max messages sent per node: 7381.0
Variance of messages sent per node: 3798690.6233766256
StD of messages sent per node: 1949.0229920082077
Nodes with incomplete playbacks: 14
[MOJO] Continuity Index: 71.86363636363636
[MOJO] Packet Loss: 28.136363636363637
Min % of not played chunks: 0.0
Max % of not played chunks: 99.0
Not played chunks [chunk-id/nodes]: {1=11, 2=6, 3=5, 4=7, 5=7, 6=6, 7=6, 8=6, 9=6, 10=5, 11=6, 12=4, 13=7, 14=6, 15=6, 17=6, 16=7, 19=7, 18=5, 21=6, 20=6, 23=7, 22=7, 25=5, 24=6, 27=7, 26=6, 29=7, 28=6, 31=5, 30=6, 34=6, 35=7, 32=7, 33=6, 38=6, 39=6, 36=5, 37=5, 42=7, 43=6, 40=7, 41=5, 46=7, 47=6, 44=5, 45=5, 51=7, 50=6, 49=7, 48=6, 55=5, 54=5, 53=5, 52=7, 59=7, 58=7, 57=6, 56=6, 63=5, 62=6, 61=5, 60=7, 68=7, 69=7, 70=5, 71=6, 64=7, 65=6, 66=7, 67=7, 76=7, 77=7, 78=6, 79=6, 72=7, 73=6, 74=6, 75=7, 85=6, 84=4, 87=6, 86=6, 81=7, 80=6, 83=7, 82=6, 93=7, 92=7, 95=7, 94=5, 89=8, 88=7, 91=5, 90=6, 98=7, 99=7, 96=8, 97=7}
Avg distance between not played chunks: 6.870374729553756
Min distance between not played chunks: 1.0
Max distance between not played chunks: 37.0

HELPING PEERS LOG

[HELPING] Active nodes: 0
[HELPING] Started playbacks: 0
[HELPING] Not started playbacks node-ids: []
[HELPING] Playbacks time-window: -9223372036854775807
[HELPING] Missing chunks distribution [missed-chunks/nodes]: {}
[HELPING] Rejected chunks for ttl expiration [chunk-id/nodes]: 0 {}
[HELPING] Rejected chunks for capacity limit [chunk-id/nodes]: 0 {}
[HELPING] bandwidthUtilUp: NaN
[HELPING] bandwidthUtilDown: NaN
[HELPING] Avg # of unsent chunk for max-retries: NaN
[HELPING] Min # of unsent chunk for max-retries: Infinity
[HELPING] Max # of unsent chunk for max-retries: -Infinity
[HELPING] Avg # of unsent chunk-reqs for max-retries: NaN
[HELPING] Min # of unsent chunk-reqs for max-retries: Infinity
[HELPING] Max # of unsent chunk-reqs for max-retries: -Infinity
[HELPING] Avg % of chunks received by Pastry: NaN
[HELPING] Min % of chunks received by Pastry: Infinity
[HELPING] Max % of chunks received by Pastry: -Infinity
[HELPING] StD of chunks received by Pastry: 0.0
[HELPING] Var of chunks received by Pastry: 0.0
[HELPING] Avg % of chunks received by StarStream: NaN
[HELPING] Min % of chunks received by StarStream: Infinity
[HELPING] Max % of chunks received by StarStream: -Infinity
[HELPING] StD of chunks received by StarStream: 0.0
[HELPING] Var of chunks received by StarStream: 0.0
[HELPING] Latency: NaN
[HELPING] Min of perceived avg chunk delivery-time: Infinity
[HELPING] Max of perceived avg chunk delivery-time: -Infinity
[HELPING] Variance of perceived avg chunk delivery-time: 0.0
[HELPING] StD of perceived avg chunk delivery-time: 0.0
[HELPING] Avg messages sent per node: NaN
[HELPING] Min messages sent per node: Infinity
[HELPING] Max messages sent per node: -Infinity
[HELPING] Variance of messages sent per node: 0.0
[HELPING] StD of messages sent per node: 0.0
[HELPING] Nodes with incomplete playbacks: 0
[HELPING] Packet Loss: NaN
[HELPING] Min % of not played chunks: Infinity
[HELPING] Max % of not played chunks: -Infinity
[HELPING] Not played chunks [chunk-id/nodes]: {}
[HELPING] Avg distance between not played chunks: NaN
[HELPING] Min distance between not played chunks: Infinity
[HELPING] Max distance between not played chunks: -Infinity

