Total chunks: 100
Nodes x chunk: 3
Total nodes: 22
Active nodes: 22
Started playbacks: 22
Not started playbacks node-ids: []
Playbacks time-window: 218
Missing chunks distribution [missed-chunks/nodes]: {0=18, 1=1, 2=2, 4=1}
Rejected chunks for ttl expiration [chunk-id/nodes]: 4 {0=6, 1=2, 3=1, 59=1}
Rejected chunks for capacity limit [chunk-id/nodes]: 0 {}
bandwidthUtilUp: 0.011841375849267404
bandwidthUtilDown: 0.007345513927314448
Avg # of unsent chunk for max-retries: 0.0
Min # of unsent chunk for max-retries: 0.0
Max # of unsent chunk for max-retries: 0.0
Avg # of unsent chunk-reqs for max-retries: 0.0
Min # of unsent chunk-reqs for max-retries: 0.0
Max # of unsent chunk-reqs for max-retries: 0.0
Avg % of chunks received by Pastry: 7.818181818181818
Min % of chunks received by Pastry: 0.0
Max % of chunks received by Pastry: 17.0
StD of chunks received by Pastry: 5.395203898670106
Var of chunks received by Pastry: 29.108225108225106
Avg % of chunks received by StarStream: 91.18181818181819
Min % of chunks received by StarStream: 82.0
Max % of chunks received by StarStream: 99.0
StD of chunks received by StarStream: 5.395203898669884
Var of chunks received by StarStream: 29.108225108222715
[NONMOJO] Startup Delay: 74.18181818181819
[MOJO] Startup Delay: 73.3
[MOJO] Latency: 8.446332656340774
Min of perceived avg chunk delivery-time: 7.26
Max of perceived avg chunk delivery-time: 10.408163265306122
Variance of perceived avg chunk delivery-time: 0.6674178238002504
StD of perceived avg chunk delivery-time: 0.81695643935295
Avg messages sent per node: 4612.454545454545
Min messages sent per node: 2347.0
Max messages sent per node: 6695.0
Variance of messages sent per node: 2114315.497835505
StD of messages sent per node: 1454.0686014887692
Nodes with incomplete playbacks: 9
[MOJO] Continuity Index: 86.81818181818181
[MOJO] Packet Loss: 13.181818181818182
Min % of not played chunks: 0.0
Max % of not played chunks: 98.0
Not played chunks [chunk-id/nodes]: {1=7, 2=5, 3=4, 4=2, 5=2, 6=3, 7=3, 8=1, 9=3, 10=3, 11=2, 12=3, 13=2, 14=3, 15=3, 17=3, 16=3, 19=3, 18=3, 21=3, 20=2, 23=2, 22=3, 25=2, 24=2, 27=2, 26=3, 29=3, 28=3, 31=3, 30=2, 34=2, 35=2, 32=3, 33=3, 38=2, 39=3, 36=3, 37=3, 42=3, 43=3, 40=5, 41=3, 46=3, 47=3, 44=3, 45=3, 51=3, 50=3, 49=4, 48=2, 55=4, 54=2, 53=3, 52=2, 59=4, 58=3, 57=4, 56=2, 63=4, 62=4, 61=3, 60=4, 68=3, 69=3, 70=3, 71=3, 64=3, 65=3, 66=4, 67=3, 76=3, 77=1, 78=3, 79=2, 72=3, 73=3, 74=4, 75=3, 85=2, 84=3, 87=3, 86=3, 81=3, 80=3, 83=3, 82=3, 93=2, 92=3, 95=3, 94=2, 89=3, 88=3, 91=3, 90=4, 98=2, 99=4, 96=3, 97=2}
Avg distance between not played chunks: 3.6921079441759264
Min distance between not played chunks: 1.0
Max distance between not played chunks: 14.833333333333334

HELPING PEERS LOG

[HELPING] Active nodes: 0
[HELPING] Started playbacks: 0
[HELPING] Not started playbacks node-ids: []
[HELPING] Playbacks time-window: -9223372036854775807
[HELPING] Missing chunks distribution [missed-chunks/nodes]: {}
[HELPING] Rejected chunks for ttl expiration [chunk-id/nodes]: 0 {}
[HELPING] Rejected chunks for capacity limit [chunk-id/nodes]: 0 {}
[HELPING] bandwidthUtilUp: NaN
[HELPING] bandwidthUtilDown: NaN
[HELPING] Avg # of unsent chunk for max-retries: NaN
[HELPING] Min # of unsent chunk for max-retries: Infinity
[HELPING] Max # of unsent chunk for max-retries: -Infinity
[HELPING] Avg # of unsent chunk-reqs for max-retries: NaN
[HELPING] Min # of unsent chunk-reqs for max-retries: Infinity
[HELPING] Max # of unsent chunk-reqs for max-retries: -Infinity
[HELPING] Avg % of chunks received by Pastry: NaN
[HELPING] Min % of chunks received by Pastry: Infinity
[HELPING] Max % of chunks received by Pastry: -Infinity
[HELPING] StD of chunks received by Pastry: 0.0
[HELPING] Var of chunks received by Pastry: 0.0
[HELPING] Avg % of chunks received by StarStream: NaN
[HELPING] Min % of chunks received by StarStream: Infinity
[HELPING] Max % of chunks received by StarStream: -Infinity
[HELPING] StD of chunks received by StarStream: 0.0
[HELPING] Var of chunks received by StarStream: 0.0
[HELPING] Latency: NaN
[HELPING] Min of perceived avg chunk delivery-time: Infinity
[HELPING] Max of perceived avg chunk delivery-time: -Infinity
[HELPING] Variance of perceived avg chunk delivery-time: 0.0
[HELPING] StD of perceived avg chunk delivery-time: 0.0
[HELPING] Avg messages sent per node: NaN
[HELPING] Min messages sent per node: Infinity
[HELPING] Max messages sent per node: -Infinity
[HELPING] Variance of messages sent per node: 0.0
[HELPING] StD of messages sent per node: 0.0
[HELPING] Nodes with incomplete playbacks: 0
[HELPING] Packet Loss: NaN
[HELPING] Min % of not played chunks: Infinity
[HELPING] Max % of not played chunks: -Infinity
[HELPING] Not played chunks [chunk-id/nodes]: {}
[HELPING] Avg distance between not played chunks: NaN
[HELPING] Min distance between not played chunks: Infinity
[HELPING] Max distance between not played chunks: -Infinity

