Total chunks: 100
Nodes x chunk: 3
Total nodes: 22
Active nodes: 22
Started playbacks: 22
Not started playbacks node-ids: []
Playbacks time-window: 263
Missing chunks distribution [missed-chunks/nodes]: {0=10, 1=3, 2=5, 3=3, 6=1}
Rejected chunks for ttl expiration [chunk-id/nodes]: 13 {0=3, 2=2, 3=1, 86=1, 52=1, 59=1, 76=1, 43=3, 92=1, 89=2, 73=5, 91=1, 75=1}
Rejected chunks for capacity limit [chunk-id/nodes]: 0 {}
bandwidthUtilUp: 0.01055193057756617
bandwidthUtilDown: 0.006442473114357611
Avg # of unsent chunk for max-retries: 0.0
Min # of unsent chunk for max-retries: 0.0
Max # of unsent chunk for max-retries: 0.0
Avg # of unsent chunk-reqs for max-retries: 0.0
Min # of unsent chunk-reqs for max-retries: 0.0
Max # of unsent chunk-reqs for max-retries: 0.0
Avg % of chunks received by Pastry: 7.7272727272727275
Min % of chunks received by Pastry: 1.0
Max % of chunks received by Pastry: 19.0
StD of chunks received by Pastry: 5.8812196514621515
Var of chunks received by Pastry: 34.588744588744596
Avg % of chunks received by StarStream: 91.31818181818181
Min % of chunks received by StarStream: 80.0
Max % of chunks received by StarStream: 98.0
StD of chunks received by StarStream: 5.915165043274664
Var of chunks received by StarStream: 34.98917748917856
[NONMOJO] Startup Delay: 79.31818181818181
[MOJO] Startup Delay: 81.5
[MOJO] Latency: 8.60272298577296
Min of perceived avg chunk delivery-time: 7.06
Max of perceived avg chunk delivery-time: 10.989690721649485
Variance of perceived avg chunk delivery-time: 1.072954189115485
StD of perceived avg chunk delivery-time: 1.035835020220636
Avg messages sent per node: 3300.590909090909
Min messages sent per node: 1941.0
Max messages sent per node: 5645.0
Variance of messages sent per node: 1128653.7770562775
StD of messages sent per node: 1062.381182559385
Nodes with incomplete playbacks: 15
[MOJO] Continuity Index: 77.36363636363636
[MOJO] Packet Loss: 22.636363636363637
Min % of not played chunks: 0.0
Max % of not played chunks: 99.0
Not played chunks [chunk-id/nodes]: {1=7, 2=7, 3=6, 4=6, 5=5, 6=6, 7=5, 8=4, 9=5, 10=5, 11=3, 12=5, 13=5, 14=5, 15=4, 17=4, 16=5, 19=4, 18=5, 21=5, 20=5, 23=4, 22=5, 25=5, 24=5, 27=4, 26=5, 29=4, 28=5, 31=3, 30=5, 34=5, 35=5, 32=5, 33=5, 38=5, 39=5, 36=5, 37=5, 42=5, 43=8, 40=5, 41=5, 46=5, 47=4, 44=5, 45=5, 51=5, 50=5, 49=5, 48=5, 55=5, 54=5, 53=5, 52=5, 59=6, 58=5, 57=4, 56=5, 63=5, 62=5, 61=5, 60=5, 68=5, 69=5, 70=5, 71=5, 64=5, 65=5, 66=5, 67=5, 76=5, 77=4, 78=4, 79=5, 72=4, 73=8, 74=5, 75=6, 85=5, 84=5, 87=6, 86=4, 81=6, 80=6, 83=5, 82=5, 93=5, 92=6, 95=5, 94=5, 89=7, 88=5, 91=6, 90=5, 98=4, 99=4, 96=5, 97=5}
Avg distance between not played chunks: 6.9574705791576905
Min distance between not played chunks: 1.0
Max distance between not played chunks: 23.0

HELPING PEERS LOG

[HELPING] Active nodes: 0
[HELPING] Started playbacks: 0
[HELPING] Not started playbacks node-ids: []
[HELPING] Playbacks time-window: -9223372036854775807
[HELPING] Missing chunks distribution [missed-chunks/nodes]: {}
[HELPING] Rejected chunks for ttl expiration [chunk-id/nodes]: 0 {}
[HELPING] Rejected chunks for capacity limit [chunk-id/nodes]: 0 {}
[HELPING] bandwidthUtilUp: NaN
[HELPING] bandwidthUtilDown: NaN
[HELPING] Avg # of unsent chunk for max-retries: NaN
[HELPING] Min # of unsent chunk for max-retries: Infinity
[HELPING] Max # of unsent chunk for max-retries: -Infinity
[HELPING] Avg # of unsent chunk-reqs for max-retries: NaN
[HELPING] Min # of unsent chunk-reqs for max-retries: Infinity
[HELPING] Max # of unsent chunk-reqs for max-retries: -Infinity
[HELPING] Avg % of chunks received by Pastry: NaN
[HELPING] Min % of chunks received by Pastry: Infinity
[HELPING] Max % of chunks received by Pastry: -Infinity
[HELPING] StD of chunks received by Pastry: 0.0
[HELPING] Var of chunks received by Pastry: 0.0
[HELPING] Avg % of chunks received by StarStream: NaN
[HELPING] Min % of chunks received by StarStream: Infinity
[HELPING] Max % of chunks received by StarStream: -Infinity
[HELPING] StD of chunks received by StarStream: 0.0
[HELPING] Var of chunks received by StarStream: 0.0
[HELPING] Latency: NaN
[HELPING] Min of perceived avg chunk delivery-time: Infinity
[HELPING] Max of perceived avg chunk delivery-time: -Infinity
[HELPING] Variance of perceived avg chunk delivery-time: 0.0
[HELPING] StD of perceived avg chunk delivery-time: 0.0
[HELPING] Avg messages sent per node: NaN
[HELPING] Min messages sent per node: Infinity
[HELPING] Max messages sent per node: -Infinity
[HELPING] Variance of messages sent per node: 0.0
[HELPING] StD of messages sent per node: 0.0
[HELPING] Nodes with incomplete playbacks: 0
[HELPING] Packet Loss: NaN
[HELPING] Min % of not played chunks: Infinity
[HELPING] Max % of not played chunks: -Infinity
[HELPING] Not played chunks [chunk-id/nodes]: {}
[HELPING] Avg distance between not played chunks: NaN
[HELPING] Min distance between not played chunks: Infinity
[HELPING] Max distance between not played chunks: -Infinity

