Total chunks: 100
Nodes x chunk: 3
Total nodes: 22
Active nodes: 22
Started playbacks: 22
Not started playbacks node-ids: []
Playbacks time-window: 620
Missing chunks distribution [missed-chunks/nodes]: {0=14, 1=5, 2=1, 11=1, 12=1}
Rejected chunks for ttl expiration [chunk-id/nodes]: 15 {1=1, 2=2, 3=2, 4=2, 5=2, 6=2, 7=2, 67=1, 8=2, 9=1, 10=2, 11=2, 79=1, 50=1, 57=2}
Rejected chunks for capacity limit [chunk-id/nodes]: 0 {}
bandwidthUtilUp: 0.010840617018350268
bandwidthUtilDown: 0.00681127486044795
Avg # of unsent chunk for max-retries: 0.0
Min # of unsent chunk for max-retries: 0.0
Max # of unsent chunk for max-retries: 0.0
Avg # of unsent chunk-reqs for max-retries: 0.0
Min # of unsent chunk-reqs for max-retries: 0.0
Max # of unsent chunk-reqs for max-retries: 0.0
Avg % of chunks received by Pastry: 7.2727272727272725
Min % of chunks received by Pastry: 1.0
Max % of chunks received by Pastry: 16.0
StD of chunks received by Pastry: 4.94909148162635
Var of chunks received by Pastry: 24.493506493506494
Avg % of chunks received by StarStream: 91.77272727272727
Min % of chunks received by StarStream: 83.0
Max % of chunks received by StarStream: 98.0
StD of chunks received by StarStream: 4.92739492827805
Var of chunks received by StarStream: 24.279220779220246
[NONMOJO] Startup Delay: 108.4090909090909
[MOJO] Startup Delay: 72.6
[MOJO] Latency: 8.490573441466847
Min of perceived avg chunk delivery-time: 7.404040404040404
Max of perceived avg chunk delivery-time: 10.16326530612245
Variance of perceived avg chunk delivery-time: 0.7018738133368662
StD of perceived avg chunk delivery-time: 0.8377790957865123
Avg messages sent per node: 3575.0
Min messages sent per node: 1966.0
Max messages sent per node: 5899.0
Variance of messages sent per node: 1470896.2857142854
StD of messages sent per node: 1212.805130972938
Nodes with incomplete playbacks: 12
[MOJO] Continuity Index: 79.77272727272727
[MOJO] Packet Loss: 20.227272727272727
Min % of not played chunks: 0.0
Max % of not played chunks: 99.0
Not played chunks [chunk-id/nodes]: {1=8, 2=5, 3=7, 4=7, 5=5, 6=5, 7=6, 8=7, 9=6, 10=7, 11=6, 12=4, 13=3, 14=5, 15=4, 17=4, 16=4, 19=4, 18=4, 21=4, 20=5, 23=5, 22=4, 25=4, 24=4, 27=3, 26=5, 29=4, 28=5, 31=5, 30=3, 34=4, 35=4, 32=3, 33=4, 38=4, 39=4, 36=4, 37=3, 42=5, 43=4, 40=4, 41=4, 46=3, 47=5, 44=5, 45=4, 51=4, 50=7, 49=5, 48=4, 55=4, 54=4, 53=4, 52=5, 59=4, 58=4, 57=6, 56=3, 63=5, 62=5, 61=5, 60=5, 68=5, 69=4, 70=4, 71=4, 64=4, 65=5, 66=4, 67=5, 76=5, 77=3, 78=3, 79=5, 72=5, 73=4, 74=4, 75=4, 85=4, 84=5, 87=3, 86=5, 81=6, 80=4, 83=3, 82=4, 93=3, 92=4, 95=4, 94=5, 89=5, 88=4, 91=3, 90=4, 98=4, 99=5, 96=6, 97=6}
Avg distance between not played chunks: 2.0813961988304093
Min distance between not played chunks: 1.0
Max distance between not played chunks: 7.6

HELPING PEERS LOG

[HELPING] Active nodes: 0
[HELPING] Started playbacks: 0
[HELPING] Not started playbacks node-ids: []
[HELPING] Playbacks time-window: -9223372036854775807
[HELPING] Missing chunks distribution [missed-chunks/nodes]: {}
[HELPING] Rejected chunks for ttl expiration [chunk-id/nodes]: 0 {}
[HELPING] Rejected chunks for capacity limit [chunk-id/nodes]: 0 {}
[HELPING] bandwidthUtilUp: NaN
[HELPING] bandwidthUtilDown: NaN
[HELPING] Avg # of unsent chunk for max-retries: NaN
[HELPING] Min # of unsent chunk for max-retries: Infinity
[HELPING] Max # of unsent chunk for max-retries: -Infinity
[HELPING] Avg # of unsent chunk-reqs for max-retries: NaN
[HELPING] Min # of unsent chunk-reqs for max-retries: Infinity
[HELPING] Max # of unsent chunk-reqs for max-retries: -Infinity
[HELPING] Avg % of chunks received by Pastry: NaN
[HELPING] Min % of chunks received by Pastry: Infinity
[HELPING] Max % of chunks received by Pastry: -Infinity
[HELPING] StD of chunks received by Pastry: 0.0
[HELPING] Var of chunks received by Pastry: 0.0
[HELPING] Avg % of chunks received by StarStream: NaN
[HELPING] Min % of chunks received by StarStream: Infinity
[HELPING] Max % of chunks received by StarStream: -Infinity
[HELPING] StD of chunks received by StarStream: 0.0
[HELPING] Var of chunks received by StarStream: 0.0
[HELPING] Latency: NaN
[HELPING] Min of perceived avg chunk delivery-time: Infinity
[HELPING] Max of perceived avg chunk delivery-time: -Infinity
[HELPING] Variance of perceived avg chunk delivery-time: 0.0
[HELPING] StD of perceived avg chunk delivery-time: 0.0
[HELPING] Avg messages sent per node: NaN
[HELPING] Min messages sent per node: Infinity
[HELPING] Max messages sent per node: -Infinity
[HELPING] Variance of messages sent per node: 0.0
[HELPING] StD of messages sent per node: 0.0
[HELPING] Nodes with incomplete playbacks: 0
[HELPING] Packet Loss: NaN
[HELPING] Min % of not played chunks: Infinity
[HELPING] Max % of not played chunks: -Infinity
[HELPING] Not played chunks [chunk-id/nodes]: {}
[HELPING] Avg distance between not played chunks: NaN
[HELPING] Min distance between not played chunks: Infinity
[HELPING] Max distance between not played chunks: -Infinity

