Total chunks: 100
Nodes x chunk: 3
Total nodes: 22
Active nodes: 22
Started playbacks: 22
Not started playbacks node-ids: []
Playbacks time-window: 189
Missing chunks distribution [missed-chunks/nodes]: {0=13, 1=1, 2=4, 4=2, 5=1, 12=1}
Rejected chunks for ttl expiration [chunk-id/nodes]: 24 {0=5, 1=3, 69=1, 2=1, 71=1, 99=1, 97=1, 8=1, 42=1, 43=1, 79=1, 87=1, 80=1, 54=1, 83=4, 53=1, 25=1, 93=1, 58=1, 92=2, 95=2, 56=1, 63=1, 61=1}
Rejected chunks for capacity limit [chunk-id/nodes]: 0 {}
bandwidthUtilUp: 0.010174635827406514
bandwidthUtilDown: 0.006295660201300852
Avg # of unsent chunk for max-retries: 0.0
Min # of unsent chunk for max-retries: 0.0
Max # of unsent chunk for max-retries: 0.0
Avg # of unsent chunk-reqs for max-retries: 0.0
Min # of unsent chunk-reqs for max-retries: 0.0
Max # of unsent chunk-reqs for max-retries: 0.0
Avg % of chunks received by Pastry: 10.545454545454545
Min % of chunks received by Pastry: 1.0
Max % of chunks received by Pastry: 18.0
StD of chunks received by Pastry: 6.17774248123877
Var of chunks received by Pastry: 38.16450216450216
Avg % of chunks received by StarStream: 88.54545454545455
Min % of chunks received by StarStream: 81.0
Max % of chunks received by StarStream: 98.0
StD of chunks received by StarStream: 6.299866005583871
Var of chunks received by StarStream: 39.68831168831128
[NONMOJO] Startup Delay: 60.68181818181818
[MOJO] Startup Delay: 78.2
[MOJO] Latency: 8.76843125270877
Min of perceived avg chunk delivery-time: 7.23
Max of perceived avg chunk delivery-time: 11.25531914893617
Variance of perceived avg chunk delivery-time: 1.041386342375569
StD of perceived avg chunk delivery-time: 1.0204833866239906
Avg messages sent per node: 2997.909090909091
Min messages sent per node: 1785.0
Max messages sent per node: 6791.0
Variance of messages sent per node: 1327990.9437229445
StD of messages sent per node: 1152.3848939147651
Nodes with incomplete playbacks: 18
[MOJO] Continuity Index: 71.5909090909091
[MOJO] Packet Loss: 28.40909090909091
Min % of not played chunks: 0.0
Max % of not played chunks: 99.0
Not played chunks [chunk-id/nodes]: {1=11, 2=6, 3=8, 4=5, 5=6, 6=7, 7=5, 8=5, 9=4, 10=6, 11=4, 12=7, 13=6, 14=6, 15=5, 17=7, 16=4, 19=5, 18=8, 21=4, 20=6, 23=6, 22=6, 25=9, 24=8, 27=3, 26=6, 29=7, 28=5, 31=5, 30=5, 34=6, 35=7, 32=6, 33=5, 38=8, 39=4, 36=5, 37=7, 42=7, 43=8, 40=5, 41=8, 46=8, 47=6, 44=7, 45=6, 51=7, 50=6, 49=6, 48=7, 55=6, 54=5, 53=7, 52=7, 59=6, 58=7, 57=7, 56=9, 63=8, 62=5, 61=6, 60=8, 68=6, 69=7, 70=6, 71=6, 64=7, 65=5, 66=6, 67=5, 76=4, 77=7, 78=8, 79=7, 72=7, 73=5, 74=7, 75=6, 85=6, 84=4, 87=6, 86=5, 81=6, 80=9, 83=11, 82=4, 93=7, 92=8, 95=8, 94=8, 89=6, 88=4, 91=8, 90=4, 98=6, 99=8, 96=7, 97=6}
Avg distance between not played chunks: 13.210432922023227
Min distance between not played chunks: 1.0
Max distance between not played chunks: 75.0

HELPING PEERS LOG

[HELPING] Active nodes: 0
[HELPING] Started playbacks: 0
[HELPING] Not started playbacks node-ids: []
[HELPING] Playbacks time-window: -9223372036854775807
[HELPING] Missing chunks distribution [missed-chunks/nodes]: {}
[HELPING] Rejected chunks for ttl expiration [chunk-id/nodes]: 0 {}
[HELPING] Rejected chunks for capacity limit [chunk-id/nodes]: 0 {}
[HELPING] bandwidthUtilUp: NaN
[HELPING] bandwidthUtilDown: NaN
[HELPING] Avg # of unsent chunk for max-retries: NaN
[HELPING] Min # of unsent chunk for max-retries: Infinity
[HELPING] Max # of unsent chunk for max-retries: -Infinity
[HELPING] Avg # of unsent chunk-reqs for max-retries: NaN
[HELPING] Min # of unsent chunk-reqs for max-retries: Infinity
[HELPING] Max # of unsent chunk-reqs for max-retries: -Infinity
[HELPING] Avg % of chunks received by Pastry: NaN
[HELPING] Min % of chunks received by Pastry: Infinity
[HELPING] Max % of chunks received by Pastry: -Infinity
[HELPING] StD of chunks received by Pastry: 0.0
[HELPING] Var of chunks received by Pastry: 0.0
[HELPING] Avg % of chunks received by StarStream: NaN
[HELPING] Min % of chunks received by StarStream: Infinity
[HELPING] Max % of chunks received by StarStream: -Infinity
[HELPING] StD of chunks received by StarStream: 0.0
[HELPING] Var of chunks received by StarStream: 0.0
[HELPING] Latency: NaN
[HELPING] Min of perceived avg chunk delivery-time: Infinity
[HELPING] Max of perceived avg chunk delivery-time: -Infinity
[HELPING] Variance of perceived avg chunk delivery-time: 0.0
[HELPING] StD of perceived avg chunk delivery-time: 0.0
[HELPING] Avg messages sent per node: NaN
[HELPING] Min messages sent per node: Infinity
[HELPING] Max messages sent per node: -Infinity
[HELPING] Variance of messages sent per node: 0.0
[HELPING] StD of messages sent per node: 0.0
[HELPING] Nodes with incomplete playbacks: 0
[HELPING] Packet Loss: NaN
[HELPING] Min % of not played chunks: Infinity
[HELPING] Max % of not played chunks: -Infinity
[HELPING] Not played chunks [chunk-id/nodes]: {}
[HELPING] Avg distance between not played chunks: NaN
[HELPING] Min distance between not played chunks: Infinity
[HELPING] Max distance between not played chunks: -Infinity

