Total chunks: 100
Nodes x chunk: 3
Total nodes: 22
Active nodes: 22
Started playbacks: 22
Not started playbacks node-ids: []
Playbacks time-window: 131
Missing chunks distribution [missed-chunks/nodes]: {0=19, 2=3}
Rejected chunks for ttl expiration [chunk-id/nodes]: 1 {1=3}
Rejected chunks for capacity limit [chunk-id/nodes]: 0 {}
bandwidthUtilUp: 0.012504106539016872
bandwidthUtilDown: 0.007044705734615305
Avg # of unsent chunk for max-retries: 0.0
Min # of unsent chunk for max-retries: 0.0
Max # of unsent chunk for max-retries: 0.0
Avg # of unsent chunk-reqs for max-retries: 0.0
Min # of unsent chunk-reqs for max-retries: 0.0
Max # of unsent chunk-reqs for max-retries: 0.0
Avg % of chunks received by Pastry: 5.818181818181818
Min % of chunks received by Pastry: 0.0
Max % of chunks received by Pastry: 18.0
StD of chunks received by Pastry: 4.787248574886092
Var of chunks received by Pastry: 22.917748917748916
Avg % of chunks received by StarStream: 93.27272727272727
Min % of chunks received by StarStream: 81.0
Max % of chunks received by StarStream: 100.0
StD of chunks received by StarStream: 4.9007464755195596
Var of chunks received by StarStream: 24.017316017317388
[NONMOJO] Startup Delay: 74.0
[MOJO] Startup Delay: 52.7
[MOJO] Latency: 7.528198778133842
Min of perceived avg chunk delivery-time: 6.42
Max of perceived avg chunk delivery-time: 8.858585858585858
Variance of perceived avg chunk delivery-time: 0.40123992031658623
StD of perceived avg chunk delivery-time: 0.6334350166485795
Avg messages sent per node: 6066.090909090909
Min messages sent per node: 3853.0
Max messages sent per node: 7689.0
Variance of messages sent per node: 1310340.1818181782
StD of messages sent per node: 1144.7009136967517
Nodes with incomplete playbacks: 10
[MOJO] Continuity Index: 87.0909090909091
[MOJO] Packet Loss: 12.909090909090908
Min % of not played chunks: 0.0
Max % of not played chunks: 98.0
Not played chunks [chunk-id/nodes]: {1=7, 2=4, 3=3, 4=2, 5=2, 6=2, 7=2, 8=2, 9=2, 10=3, 11=3, 12=2, 13=2, 14=2, 15=2, 17=2, 16=2, 19=3, 18=4, 21=2, 20=2, 23=3, 22=3, 25=2, 24=3, 27=4, 26=2, 29=3, 28=2, 31=2, 30=3, 34=3, 35=3, 32=2, 33=2, 38=2, 39=4, 36=3, 37=2, 42=3, 43=3, 40=4, 41=3, 46=2, 47=2, 44=2, 45=4, 51=3, 50=4, 49=5, 48=4, 55=3, 54=2, 53=4, 52=5, 59=3, 58=3, 57=4, 56=4, 63=2, 62=3, 61=4, 60=2, 68=4, 69=3, 70=2, 71=3, 64=3, 65=2, 66=4, 67=3, 76=2, 77=4, 78=4, 79=3, 72=2, 73=2, 74=3, 75=3, 85=4, 84=3, 87=2, 86=3, 81=3, 80=4, 83=2, 82=3, 93=3, 92=3, 95=3, 94=2, 89=2, 88=2, 91=2, 90=4, 98=2, 99=2, 96=4, 97=3}
Avg distance between not played chunks: 4.333828582979584
Min distance between not played chunks: 1.0103092783505154
Max distance between not played chunks: 9.5

HELPING PEERS LOG

[HELPING] Active nodes: 0
[HELPING] Started playbacks: 0
[HELPING] Not started playbacks node-ids: []
[HELPING] Playbacks time-window: -9223372036854775807
[HELPING] Missing chunks distribution [missed-chunks/nodes]: {}
[HELPING] Rejected chunks for ttl expiration [chunk-id/nodes]: 0 {}
[HELPING] Rejected chunks for capacity limit [chunk-id/nodes]: 0 {}
[HELPING] bandwidthUtilUp: NaN
[HELPING] bandwidthUtilDown: NaN
[HELPING] Avg # of unsent chunk for max-retries: NaN
[HELPING] Min # of unsent chunk for max-retries: Infinity
[HELPING] Max # of unsent chunk for max-retries: -Infinity
[HELPING] Avg # of unsent chunk-reqs for max-retries: NaN
[HELPING] Min # of unsent chunk-reqs for max-retries: Infinity
[HELPING] Max # of unsent chunk-reqs for max-retries: -Infinity
[HELPING] Avg % of chunks received by Pastry: NaN
[HELPING] Min % of chunks received by Pastry: Infinity
[HELPING] Max % of chunks received by Pastry: -Infinity
[HELPING] StD of chunks received by Pastry: 0.0
[HELPING] Var of chunks received by Pastry: 0.0
[HELPING] Avg % of chunks received by StarStream: NaN
[HELPING] Min % of chunks received by StarStream: Infinity
[HELPING] Max % of chunks received by StarStream: -Infinity
[HELPING] StD of chunks received by StarStream: 0.0
[HELPING] Var of chunks received by StarStream: 0.0
[HELPING] Latency: NaN
[HELPING] Min of perceived avg chunk delivery-time: Infinity
[HELPING] Max of perceived avg chunk delivery-time: -Infinity
[HELPING] Variance of perceived avg chunk delivery-time: 0.0
[HELPING] StD of perceived avg chunk delivery-time: 0.0
[HELPING] Avg messages sent per node: NaN
[HELPING] Min messages sent per node: Infinity
[HELPING] Max messages sent per node: -Infinity
[HELPING] Variance of messages sent per node: 0.0
[HELPING] StD of messages sent per node: 0.0
[HELPING] Nodes with incomplete playbacks: 0
[HELPING] Packet Loss: NaN
[HELPING] Min % of not played chunks: Infinity
[HELPING] Max % of not played chunks: -Infinity
[HELPING] Not played chunks [chunk-id/nodes]: {}
[HELPING] Avg distance between not played chunks: NaN
[HELPING] Min distance between not played chunks: Infinity
[HELPING] Max distance between not played chunks: -Infinity

