Total chunks: 100
Nodes x chunk: 3
Total nodes: 44
Active nodes: 22
Started playbacks: 22
Not started playbacks node-ids: []
Playbacks time-window: 187
Missing chunks distribution [missed-chunks/nodes]: {0=21, 3=1}
Rejected chunks for ttl expiration [chunk-id/nodes]: 3 {0=1, 1=1, 2=1}
Rejected chunks for capacity limit [chunk-id/nodes]: 0 {}
bandwidthUtilUp: 0.014501586347527491
bandwidthUtilDown: 0.008677570430950339
Avg # of unsent chunk for max-retries: 0.0
Min # of unsent chunk for max-retries: 0.0
Max # of unsent chunk for max-retries: 0.0
Avg # of unsent chunk-reqs for max-retries: 0.0
Min # of unsent chunk-reqs for max-retries: 0.0
Max # of unsent chunk-reqs for max-retries: 0.0
Avg % of chunks received by Pastry: 11.727272727272727
Min % of chunks received by Pastry: 1.0
Max % of chunks received by Pastry: 17.0
StD of chunks received by Pastry: 4.2782040978698435
Var of chunks received by Pastry: 18.303030303030322
Avg % of chunks received by StarStream: 87.27272727272727
Min % of chunks received by StarStream: 82.0
Max % of chunks received by StarStream: 98.0
StD of chunks received by StarStream: 4.278204097869941
Var of chunks received by StarStream: 18.303030303031154
[NONMOJO] Startup Delay: 83.54545454545455
[MOJO] Startup Delay: 65.9
[MOJO] Latency: 9.178015582251758
Min of perceived avg chunk delivery-time: 8.05
Max of perceived avg chunk delivery-time: 10.6
Variance of perceived avg chunk delivery-time: 0.6178795539748849
StD of perceived avg chunk delivery-time: 0.7860531495865181
Avg messages sent per node: 7249.318181818182
Min messages sent per node: 4786.0
Max messages sent per node: 9635.0
Variance of messages sent per node: 2013086.322510818
StD of messages sent per node: 1418.8327323933636
Nodes with incomplete playbacks: 21
[MOJO] Continuity Index: 37.68181818181818
[MOJO] Packet Loss: 62.31818181818182
Min % of not played chunks: 0.0
Max % of not played chunks: 99.0
Not played chunks [chunk-id/nodes]: {1=13, 2=13, 3=12, 4=16, 5=14, 6=16, 7=14, 8=17, 9=16, 10=10, 11=15, 12=13, 13=12, 14=12, 15=12, 17=14, 16=13, 19=16, 18=13, 21=10, 20=13, 23=16, 22=12, 25=13, 24=15, 27=12, 26=12, 29=17, 28=13, 31=16, 30=11, 34=13, 35=11, 32=16, 33=13, 38=13, 39=9, 36=11, 37=15, 42=14, 43=17, 40=16, 41=12, 46=16, 47=17, 44=14, 45=16, 51=11, 50=14, 49=13, 48=15, 55=14, 54=14, 53=14, 52=12, 59=15, 58=13, 57=12, 56=12, 63=16, 62=19, 61=16, 60=16, 68=14, 69=13, 70=13, 71=11, 64=15, 65=14, 66=15, 67=13, 76=13, 77=14, 78=17, 79=12, 72=11, 73=15, 74=15, 75=12, 85=15, 84=14, 87=13, 86=14, 81=14, 80=14, 83=15, 82=13, 93=14, 92=16, 95=15, 94=14, 89=13, 88=16, 91=13, 90=15, 98=14, 99=15, 96=15, 97=12}
Avg distance between not played chunks: 1.9989465441385927
Min distance between not played chunks: 1.0
Max distance between not played chunks: 10.875

HELPING PEERS LOG

[HELPING] Active nodes: 22
[HELPING] Started playbacks: 22
[HELPING] Not started playbacks node-ids: []
[HELPING] Playbacks time-window: 74
[HELPING] Missing chunks distribution [missed-chunks/nodes]: {0=22}
[HELPING] Rejected chunks for ttl expiration [chunk-id/nodes]: 1 {0=2}
[HELPING] Rejected chunks for capacity limit [chunk-id/nodes]: 0 {}
[HELPING] bandwidthUtilUp: 0.014062690891172076
[HELPING] bandwidthUtilDown: 0.007955197527393128
[HELPING] Avg # of unsent chunk for max-retries: 0.0
[HELPING] Min # of unsent chunk for max-retries: 0.0
[HELPING] Max # of unsent chunk for max-retries: 0.0
[HELPING] Avg # of unsent chunk-reqs for max-retries: 0.0
[HELPING] Min # of unsent chunk-reqs for max-retries: 0.0
[HELPING] Max # of unsent chunk-reqs for max-retries: 0.0
[HELPING] Avg % of chunks received by Pastry: 8.045454545454545
[HELPING] Min % of chunks received by Pastry: 0.0
[HELPING] Max % of chunks received by Pastry: 18.0
[HELPING] StD of chunks received by Pastry: 6.244824697126054
[HELPING] Var of chunks received by Pastry: 38.99783549783551
[HELPING] Avg % of chunks received by StarStream: 91.04545454545455
[HELPING] Min % of chunks received by StarStream: 81.0
[HELPING] Max % of chunks received by StarStream: 100.0
[HELPING] StD of chunks received by StarStream: 6.3656613970306335
[HELPING] Var of chunks received by StarStream: 40.521645021646
[HELPING] Startup Delay: 95.13636363636364
[HELPING] Latency: 9.387171717171716
[HELPING] Min of perceived avg chunk delivery-time: 7.78
[HELPING] Max of perceived avg chunk delivery-time: 11.0
[HELPING] Variance of perceived avg chunk delivery-time: 0.5609657887193578
[HELPING] StD of perceived avg chunk delivery-time: 0.7489764941033582
[HELPING] Avg messages sent per node: 6502.318181818182
[HELPING] Min messages sent per node: 4130.0
[HELPING] Max messages sent per node: 9331.0
[HELPING] Variance of messages sent per node: 2159354.7987012994
[HELPING] StD of messages sent per node: 1469.4743273365818
[HELPING] Nodes with incomplete playbacks: 10
[HELPING] Packet Loss: 30.181818181818183
[HELPING] Min % of not played chunks: 0.0
[HELPING] Max % of not played chunks: 92.0
[HELPING] Not played chunks [chunk-id/nodes]: {1=7, 2=8, 3=7, 4=8, 5=7, 6=4, 7=6, 8=6, 9=5, 10=5, 11=7, 12=6, 13=6, 14=9, 15=8, 17=8, 16=6, 19=6, 18=6, 21=5, 20=8, 23=6, 22=8, 25=7, 24=8, 27=7, 26=7, 29=8, 28=6, 31=6, 30=6, 34=8, 35=7, 32=8, 33=5, 38=5, 39=7, 36=6, 37=8, 42=6, 43=8, 40=7, 41=7, 46=8, 47=6, 44=7, 45=6, 51=6, 50=6, 49=8, 48=7, 55=6, 54=8, 53=5, 52=6, 59=7, 58=6, 57=9, 56=6, 63=7, 62=6, 61=7, 60=5, 68=8, 69=6, 70=7, 71=8, 64=5, 65=7, 66=5, 67=6, 76=6, 77=7, 78=7, 79=6, 72=8, 73=6, 74=6, 75=6, 85=6, 84=9, 87=5, 86=4, 81=8, 80=9, 83=7, 82=7, 93=7, 92=8, 95=9, 94=6, 89=6, 88=7, 91=6, 90=7, 98=5, 99=8, 96=7, 97=8}
[HELPING] Avg distance between not played chunks: 3.6408569906078276
[HELPING] Min distance between not played chunks: 1.0769230769230769
[HELPING] Max distance between not played chunks: 23.0

