Total chunks: 100
Nodes x chunk: 3
Total nodes: 26
Active nodes: 22
Started playbacks: 22
Not started playbacks node-ids: []
Playbacks time-window: 114
Missing chunks distribution [missed-chunks/nodes]: {0=21, 2=1}
Rejected chunks for ttl expiration [chunk-id/nodes]: 2 {0=1, 1=1}
Rejected chunks for capacity limit [chunk-id/nodes]: 0 {}
bandwidthUtilUp: 0.013239254495727966
bandwidthUtilDown: 0.007443270680150879
Avg # of unsent chunk for max-retries: 0.0
Min # of unsent chunk for max-retries: 0.0
Max # of unsent chunk for max-retries: 0.0
Avg # of unsent chunk-reqs for max-retries: 0.0
Min # of unsent chunk-reqs for max-retries: 0.0
Max # of unsent chunk-reqs for max-retries: 0.0
Avg % of chunks received by Pastry: 7.409090909090909
Min % of chunks received by Pastry: 0.0
Max % of chunks received by Pastry: 15.0
StD of chunks received by Pastry: 4.727418412673545
Var of chunks received by Pastry: 22.34848484848486
Avg % of chunks received by StarStream: 91.68181818181819
Min % of chunks received by StarStream: 84.0
Max % of chunks received by StarStream: 100.0
StD of chunks received by StarStream: 4.87350820775755
Var of chunks received by StarStream: 23.751082251080206
[NONMOJO] Startup Delay: 67.81818181818181
[MOJO] Startup Delay: 130.5
[MOJO] Latency: 7.732753321714359
Min of perceived avg chunk delivery-time: 6.69
Max of perceived avg chunk delivery-time: 8.83673469387755
Variance of perceived avg chunk delivery-time: 0.337773206176441
StD of perceived avg chunk delivery-time: 0.5811825928023318
Avg messages sent per node: 6402.318181818182
Min messages sent per node: 4319.0
Max messages sent per node: 7958.0
Variance of messages sent per node: 1064198.0367965323
StD of messages sent per node: 1031.5997464116267
Nodes with incomplete playbacks: 8
[MOJO] Continuity Index: 86.86363636363636
[MOJO] Packet Loss: 13.136363636363637
Min % of not played chunks: 0.0
Max % of not played chunks: 99.0
Not played chunks [chunk-id/nodes]: {1=4, 2=2, 3=2, 4=2, 5=2, 6=2, 7=2, 8=2, 9=4, 10=3, 11=2, 12=2, 13=2, 14=5, 15=3, 17=4, 16=3, 19=3, 18=1, 21=2, 20=2, 23=2, 22=4, 25=2, 24=2, 27=2, 26=3, 29=4, 28=2, 31=2, 30=4, 34=3, 35=3, 32=2, 33=3, 38=2, 39=3, 36=3, 37=2, 42=4, 43=2, 40=2, 41=3, 46=3, 47=3, 44=3, 45=2, 51=4, 50=4, 49=2, 48=3, 55=4, 54=4, 53=2, 52=3, 59=3, 58=3, 57=2, 56=3, 63=4, 62=3, 61=3, 60=3, 68=2, 69=2, 70=3, 71=3, 64=3, 65=2, 66=6, 67=4, 76=3, 77=5, 78=5, 79=3, 72=4, 73=2, 74=4, 75=2, 85=3, 84=3, 87=2, 86=3, 81=4, 80=4, 83=3, 82=2, 93=3, 92=4, 95=5, 94=2, 89=2, 88=2, 91=3, 90=2, 98=3, 99=4, 96=4, 97=4}
Avg distance between not played chunks: 4.7135868999271056
Min distance between not played chunks: 1.0
Max distance between not played chunks: 16.0

HELPING PEERS LOG

[HELPING] Active nodes: 4
[HELPING] Started playbacks: 4
[HELPING] Not started playbacks node-ids: []
[HELPING] Playbacks time-window: 42
[HELPING] Missing chunks distribution [missed-chunks/nodes]: {0=4}
[HELPING] Rejected chunks for ttl expiration [chunk-id/nodes]: 1 {0=2}
[HELPING] Rejected chunks for capacity limit [chunk-id/nodes]: 0 {}
[HELPING] bandwidthUtilUp: 0.01360473114958445
[HELPING] bandwidthUtilDown: 0.007443825675028386
[HELPING] Avg # of unsent chunk for max-retries: 0.0
[HELPING] Min # of unsent chunk for max-retries: 0.0
[HELPING] Max # of unsent chunk for max-retries: 0.0
[HELPING] Avg # of unsent chunk-reqs for max-retries: 0.0
[HELPING] Min # of unsent chunk-reqs for max-retries: 0.0
[HELPING] Max # of unsent chunk-reqs for max-retries: 0.0
[HELPING] Avg % of chunks received by Pastry: 5.0
[HELPING] Min % of chunks received by Pastry: 2.0
[HELPING] Max % of chunks received by Pastry: 13.0
[HELPING] StD of chunks received by Pastry: 5.354126134736337
[HELPING] Var of chunks received by Pastry: 28.666666666666664
[HELPING] Avg % of chunks received by StarStream: 94.0
[HELPING] Min % of chunks received by StarStream: 86.0
[HELPING] Max % of chunks received by StarStream: 97.0
[HELPING] StD of chunks received by StarStream: 5.354126134736337
[HELPING] Var of chunks received by StarStream: 28.666666666666664
[HELPING] Startup Delay: 81.5
[HELPING] Latency: 8.545126262626264
[HELPING] Min of perceived avg chunk delivery-time: 7.98989898989899
[HELPING] Max of perceived avg chunk delivery-time: 9.242424242424242
[HELPING] Variance of perceived avg chunk delivery-time: 0.3471303157840945
[HELPING] StD of perceived avg chunk delivery-time: 0.5891776606288586
[HELPING] Avg messages sent per node: 5953.5
[HELPING] Min messages sent per node: 3509.0
[HELPING] Max messages sent per node: 7985.0
[HELPING] Variance of messages sent per node: 4041456.333333333
[HELPING] StD of messages sent per node: 2010.3373680388406
[HELPING] Nodes with incomplete playbacks: 0
[HELPING] Packet Loss: 0.0
[HELPING] Min % of not played chunks: 0.0
[HELPING] Max % of not played chunks: 0.0
[HELPING] Not played chunks [chunk-id/nodes]: {}
[HELPING] Avg distance between not played chunks: NaN
[HELPING] Min distance between not played chunks: Infinity
[HELPING] Max distance between not played chunks: -Infinity

