Total chunks: 100
Nodes x chunk: 3
Total nodes: 33
Active nodes: 22
Started playbacks: 22
Not started playbacks node-ids: []
Playbacks time-window: 68
Missing chunks distribution [missed-chunks/nodes]: {0=22}
Rejected chunks for ttl expiration [chunk-id/nodes]: 1 {0=2}
Rejected chunks for capacity limit [chunk-id/nodes]: 0 {}
bandwidthUtilUp: 0.013601910102170024
bandwidthUtilDown: 0.007752704912508673
Avg # of unsent chunk for max-retries: 0.0
Min # of unsent chunk for max-retries: 0.0
Max # of unsent chunk for max-retries: 0.0
Avg # of unsent chunk-reqs for max-retries: 0.0
Min # of unsent chunk-reqs for max-retries: 0.0
Max # of unsent chunk-reqs for max-retries: 0.0
Avg % of chunks received by Pastry: 10.727272727272727
Min % of chunks received by Pastry: 0.0
Max % of chunks received by Pastry: 19.0
StD of chunks received by Pastry: 4.300407712474074
Var of chunks received by Pastry: 18.4935064935065
Avg % of chunks received by StarStream: 88.31818181818181
Min % of chunks received by StarStream: 80.0
Max % of chunks received by StarStream: 100.0
StD of chunks received by StarStream: 4.422737394488494
Var of chunks received by StarStream: 19.560606060606872
[NONMOJO] Startup Delay: 56.77272727272727
[MOJO] Startup Delay: 71.5
[MOJO] Latency: 8.596932966023877
Min of perceived avg chunk delivery-time: 7.08
Max of perceived avg chunk delivery-time: 10.45
Variance of perceived avg chunk delivery-time: 0.6291751653576769
StD of perceived avg chunk delivery-time: 0.7932056261510485
Avg messages sent per node: 6659.681818181818
Min messages sent per node: 4389.0
Max messages sent per node: 8991.0
Variance of messages sent per node: 1207036.7034632068
StD of messages sent per node: 1098.652221343591
Nodes with incomplete playbacks: 20
[MOJO] Continuity Index: 44.45454545454545
[MOJO] Packet Loss: 55.54545454545455
Min % of not played chunks: 0.0
Max % of not played chunks: 99.0
Not played chunks [chunk-id/nodes]: {1=17, 2=12, 3=9, 4=12, 5=13, 6=13, 7=11, 8=14, 9=16, 10=13, 11=11, 12=9, 13=13, 14=8, 15=13, 17=13, 16=10, 19=11, 18=12, 21=13, 20=11, 23=10, 22=14, 25=10, 24=12, 27=15, 26=14, 29=10, 28=13, 31=11, 30=14, 34=13, 35=15, 32=10, 33=9, 38=12, 39=14, 36=13, 37=13, 42=15, 43=13, 40=14, 41=9, 46=11, 47=9, 44=12, 45=11, 51=14, 50=9, 49=13, 48=12, 55=11, 54=10, 53=11, 52=11, 59=15, 58=12, 57=14, 56=11, 63=15, 62=11, 61=17, 60=13, 68=12, 69=14, 70=11, 71=9, 64=15, 65=15, 66=12, 67=15, 76=12, 77=11, 78=14, 79=9, 72=11, 73=13, 74=11, 75=10, 85=9, 84=14, 87=13, 86=13, 81=12, 80=17, 83=13, 82=12, 93=12, 92=11, 95=12, 94=16, 89=14, 88=13, 91=12, 90=7, 98=11, 99=16, 96=16, 97=16}
Avg distance between not played chunks: 2.1639524227220606
Min distance between not played chunks: 1.0
Max distance between not played chunks: 6.333333333333333

HELPING PEERS LOG

[HELPING] Active nodes: 11
[HELPING] Started playbacks: 11
[HELPING] Not started playbacks node-ids: []
[HELPING] Playbacks time-window: 133
[HELPING] Missing chunks distribution [missed-chunks/nodes]: {0=7, 2=4}
[HELPING] Rejected chunks for ttl expiration [chunk-id/nodes]: 2 {0=5, 1=3}
[HELPING] Rejected chunks for capacity limit [chunk-id/nodes]: 0 {}
[HELPING] bandwidthUtilUp: 0.013797726191021698
[HELPING] bandwidthUtilDown: 0.008102681548972064
[HELPING] Avg # of unsent chunk for max-retries: 0.0
[HELPING] Min # of unsent chunk for max-retries: 0.0
[HELPING] Max # of unsent chunk for max-retries: 0.0
[HELPING] Avg # of unsent chunk-reqs for max-retries: 0.0
[HELPING] Min # of unsent chunk-reqs for max-retries: 0.0
[HELPING] Max # of unsent chunk-reqs for max-retries: 0.0
[HELPING] Avg % of chunks received by Pastry: 5.454545454545454
[HELPING] Min % of chunks received by Pastry: 0.0
[HELPING] Max % of chunks received by Pastry: 16.0
[HELPING] StD of chunks received by Pastry: 5.52021079966402
[HELPING] Var of chunks received by Pastry: 30.472727272727276
[HELPING] Avg % of chunks received by StarStream: 93.63636363636364
[HELPING] Min % of chunks received by StarStream: 83.0
[HELPING] Max % of chunks received by StarStream: 100.0
[HELPING] StD of chunks received by StarStream: 5.626237237669931
[HELPING] Var of chunks received by StarStream: 31.654545454543772
[HELPING] Startup Delay: 109.72727272727273
[HELPING] Latency: 8.866554787204139
[HELPING] Min of perceived avg chunk delivery-time: 7.424242424242424
[HELPING] Max of perceived avg chunk delivery-time: 10.459183673469388
[HELPING] Variance of perceived avg chunk delivery-time: 1.0615414080179306
[HELPING] StD of perceived avg chunk delivery-time: 1.030311316068076
[HELPING] Avg messages sent per node: 6258.363636363636
[HELPING] Min messages sent per node: 4019.0
[HELPING] Max messages sent per node: 8481.0
[HELPING] Variance of messages sent per node: 3028998.454545464
[HELPING] StD of messages sent per node: 1740.4018083607773
[HELPING] Nodes with incomplete playbacks: 7
[HELPING] Packet Loss: 5.363636363636363
[HELPING] Min % of not played chunks: 0.0
[HELPING] Max % of not played chunks: 34.0
[HELPING] Not played chunks [chunk-id/nodes]: {68=1, 69=1, 1=5, 2=1, 70=1, 3=1, 65=1, 5=1, 6=1, 67=1, 10=1, 79=2, 72=1, 73=1, 13=1, 74=2, 15=1, 84=1, 86=2, 21=1, 23=1, 83=1, 22=1, 82=2, 93=2, 26=1, 89=1, 34=1, 35=2, 32=1, 38=1, 39=1, 99=2, 37=1, 97=2, 42=1, 51=1, 48=1, 55=1, 53=1, 59=1, 58=1, 57=1, 56=2, 61=1, 60=1}
[HELPING] Avg distance between not played chunks: 6.635281385281385
[HELPING] Min distance between not played chunks: 1.0
[HELPING] Max distance between not played chunks: 16.0

