Total chunks: 100
Nodes x chunk: 3
Total nodes: 35
Active nodes: 22
Started playbacks: 22
Not started playbacks node-ids: []
Playbacks time-window: 81
Missing chunks distribution [missed-chunks/nodes]: {0=22}
Rejected chunks for ttl expiration [chunk-id/nodes]: 0 {}
Rejected chunks for capacity limit [chunk-id/nodes]: 0 {}
bandwidthUtilUp: 0.013080704475010295
bandwidthUtilDown: 0.007361325418806256
Avg # of unsent chunk for max-retries: 0.0
Min # of unsent chunk for max-retries: 0.0
Max # of unsent chunk for max-retries: 0.0
Avg # of unsent chunk-reqs for max-retries: 0.0
Min # of unsent chunk-reqs for max-retries: 0.0
Max # of unsent chunk-reqs for max-retries: 0.0
Avg % of chunks received by Pastry: 10.636363636363637
Min % of chunks received by Pastry: 0.0
Max % of chunks received by Pastry: 18.0
StD of chunks received by Pastry: 6.237715199421252
Var of chunks received by Pastry: 38.90909090909091
Avg % of chunks received by StarStream: 88.5
Min % of chunks received by StarStream: 81.0
Max % of chunks received by StarStream: 100.0
StD of chunks received by StarStream: 6.47890349335369
Var of chunks received by StarStream: 41.97619047619065
[NONMOJO] Startup Delay: 72.45454545454545
[MOJO] Startup Delay: 64.4
[MOJO] Latency: 8.977759412304868
Min of perceived avg chunk delivery-time: 7.77
Max of perceived avg chunk delivery-time: 9.85
Variance of perceived avg chunk delivery-time: 0.3812926481129845
StD of perceived avg chunk delivery-time: 0.617488986228082
Avg messages sent per node: 6483.318181818182
Min messages sent per node: 3148.0
Max messages sent per node: 9254.0
Variance of messages sent per node: 2844294.5129870083
StD of messages sent per node: 1686.503635628162
Nodes with incomplete playbacks: 15
[MOJO] Continuity Index: 60.63636363636363
[MOJO] Packet Loss: 39.36363636363637
Min % of not played chunks: 0.0
Max % of not played chunks: 99.0
Not played chunks [chunk-id/nodes]: {1=7, 2=9, 3=10, 4=8, 5=6, 6=6, 7=9, 8=8, 9=9, 10=7, 11=8, 12=8, 13=12, 14=9, 15=7, 17=11, 16=8, 19=9, 18=13, 21=6, 20=8, 23=12, 22=7, 25=6, 24=7, 27=12, 26=7, 29=4, 28=9, 31=9, 30=7, 34=7, 35=8, 32=7, 33=11, 38=5, 39=7, 36=8, 37=6, 42=8, 43=9, 40=11, 41=9, 46=9, 47=8, 44=8, 45=6, 51=8, 50=12, 49=9, 48=6, 55=10, 54=11, 53=7, 52=9, 59=8, 58=9, 57=5, 56=10, 63=9, 62=10, 61=7, 60=9, 68=11, 69=10, 70=11, 71=10, 64=9, 65=13, 66=11, 67=8, 76=10, 77=7, 78=10, 79=10, 72=10, 73=11, 74=11, 75=7, 85=6, 84=7, 87=10, 86=10, 81=12, 80=10, 83=8, 82=9, 93=9, 92=8, 95=10, 94=10, 89=10, 88=9, 91=10, 90=9, 98=10, 99=9, 96=10, 97=7}
Avg distance between not played chunks: 2.092898539395546
Min distance between not played chunks: 1.0
Max distance between not played chunks: 5.571428571428571

HELPING PEERS LOG

[HELPING] Active nodes: 13
[HELPING] Started playbacks: 13
[HELPING] Not started playbacks node-ids: []
[HELPING] Playbacks time-window: 150
[HELPING] Missing chunks distribution [missed-chunks/nodes]: {0=10, 2=3}
[HELPING] Rejected chunks for ttl expiration [chunk-id/nodes]: 1 {1=3}
[HELPING] Rejected chunks for capacity limit [chunk-id/nodes]: 0 {}
[HELPING] bandwidthUtilUp: 0.013739413383951522
[HELPING] bandwidthUtilDown: 0.008463015568550907
[HELPING] Avg # of unsent chunk for max-retries: 0.0
[HELPING] Min # of unsent chunk for max-retries: 0.0
[HELPING] Max # of unsent chunk for max-retries: 0.0
[HELPING] Avg # of unsent chunk-reqs for max-retries: 0.0
[HELPING] Min # of unsent chunk-reqs for max-retries: 0.0
[HELPING] Max # of unsent chunk-reqs for max-retries: 0.0
[HELPING] Avg % of chunks received by Pastry: 8.384615384615385
[HELPING] Min % of chunks received by Pastry: 1.0
[HELPING] Max % of chunks received by Pastry: 15.0
[HELPING] StD of chunks received by Pastry: 4.610467466148117
[HELPING] Var of chunks received by Pastry: 21.256410256410238
[HELPING] Avg % of chunks received by StarStream: 90.61538461538461
[HELPING] Min % of chunks received by StarStream: 84.0
[HELPING] Max % of chunks received by StarStream: 98.0
[HELPING] StD of chunks received by StarStream: 4.610467466148224
[HELPING] Var of chunks received by StarStream: 21.256410256411222
[HELPING] Startup Delay: 96.76923076923077
[HELPING] Latency: 8.736699015270444
[HELPING] Min of perceived avg chunk delivery-time: 7.82
[HELPING] Max of perceived avg chunk delivery-time: 9.581632653061224
[HELPING] Variance of perceived avg chunk delivery-time: 0.39849240608318104
[HELPING] StD of perceived avg chunk delivery-time: 0.6312625492480771
[HELPING] Avg messages sent per node: 6150.0
[HELPING] Min messages sent per node: 4520.0
[HELPING] Max messages sent per node: 7717.0
[HELPING] Variance of messages sent per node: 1444947.166666666
[HELPING] StD of messages sent per node: 1202.0595520466804
[HELPING] Nodes with incomplete playbacks: 7
[HELPING] Packet Loss: 11.384615384615385
[HELPING] Min % of not played chunks: 0.0
[HELPING] Max % of not played chunks: 99.0
[HELPING] Not played chunks [chunk-id/nodes]: {1=4, 2=1, 3=2, 4=1, 5=2, 6=1, 7=2, 8=1, 9=1, 10=1, 11=1, 12=1, 13=1, 14=1, 15=1, 17=1, 16=1, 19=1, 18=1, 21=1, 20=1, 23=1, 22=1, 25=1, 24=2, 27=1, 26=2, 29=1, 28=1, 31=1, 30=1, 34=1, 35=2, 32=1, 33=2, 38=1, 39=1, 36=2, 37=1, 42=2, 43=3, 40=2, 41=1, 46=1, 47=1, 44=2, 45=2, 51=1, 50=1, 49=1, 48=1, 55=1, 54=3, 53=1, 52=2, 59=1, 58=1, 57=2, 56=2, 63=1, 62=1, 61=2, 60=2, 68=2, 69=2, 70=1, 71=1, 64=2, 65=3, 66=3, 67=1, 76=1, 77=1, 78=2, 79=2, 72=1, 73=2, 74=3, 75=2, 85=1, 84=1, 87=2, 86=1, 81=2, 80=2, 83=2, 82=1, 93=2, 92=1, 95=1, 94=1, 89=2, 88=2, 91=2, 90=3, 98=1, 99=2, 96=2, 97=1}
[HELPING] Avg distance between not played chunks: 5.344230769230769
[HELPING] Min distance between not played chunks: 1.0
[HELPING] Max distance between not played chunks: 8.8

