Total chunks: 100
Nodes x chunk: 3
Total nodes: 39
Active nodes: 22
Started playbacks: 22
Not started playbacks node-ids: []
Playbacks time-window: 110
Missing chunks distribution [missed-chunks/nodes]: {0=21, 2=1}
Rejected chunks for ttl expiration [chunk-id/nodes]: 1 {1=1}
Rejected chunks for capacity limit [chunk-id/nodes]: 0 {}
bandwidthUtilUp: 0.013828689676482708
bandwidthUtilDown: 0.00821579649240639
Avg # of unsent chunk for max-retries: 0.0
Min # of unsent chunk for max-retries: 0.0
Max # of unsent chunk for max-retries: 0.0
Avg # of unsent chunk-reqs for max-retries: 0.0
Min # of unsent chunk-reqs for max-retries: 0.0
Max # of unsent chunk-reqs for max-retries: 0.0
Avg % of chunks received by Pastry: 10.727272727272727
Min % of chunks received by Pastry: 0.0
Max % of chunks received by Pastry: 18.0
StD of chunks received by Pastry: 4.610359124342841
Var of chunks received by Pastry: 21.255411255411282
Avg % of chunks received by StarStream: 88.31818181818181
Min % of chunks received by StarStream: 81.0
Max % of chunks received by StarStream: 100.0
StD of chunks received by StarStream: 4.724670445915988
Var of chunks received by StarStream: 22.32251082251198
[NONMOJO] Startup Delay: 72.22727272727273
[MOJO] Startup Delay: 56.2
[MOJO] Latency: 8.750343040797587
Min of perceived avg chunk delivery-time: 7.81
Max of perceived avg chunk delivery-time: 9.39
Variance of perceived avg chunk delivery-time: 0.1535038830140915
StD of perceived avg chunk delivery-time: 0.39179571592105433
Avg messages sent per node: 6865.136363636364
Min messages sent per node: 3875.0
Max messages sent per node: 8898.0
Variance of messages sent per node: 2158836.3138528047
StD of messages sent per node: 1469.297898267334
Nodes with incomplete playbacks: 20
[MOJO] Continuity Index: 40.13636363636363
[MOJO] Packet Loss: 59.86363636363637
Min % of not played chunks: 0.0
Max % of not played chunks: 99.0
Not played chunks [chunk-id/nodes]: {1=14, 2=15, 3=17, 4=14, 5=14, 6=13, 7=13, 8=14, 9=10, 10=11, 11=13, 12=16, 13=9, 14=12, 15=9, 17=13, 16=9, 19=14, 18=10, 21=18, 20=11, 23=7, 22=13, 25=12, 24=14, 27=13, 26=11, 29=14, 28=16, 31=13, 30=12, 34=14, 35=13, 32=12, 33=12, 38=8, 39=11, 36=12, 37=12, 42=11, 43=14, 40=14, 41=14, 46=15, 47=15, 44=13, 45=15, 51=14, 50=13, 49=17, 48=15, 55=13, 54=11, 53=14, 52=13, 59=11, 58=17, 57=11, 56=11, 63=16, 62=14, 61=13, 60=13, 68=11, 69=16, 70=17, 71=14, 64=10, 65=11, 66=13, 67=12, 76=15, 77=13, 78=13, 79=17, 72=16, 73=10, 74=9, 75=14, 85=10, 84=17, 87=15, 86=14, 81=13, 80=17, 83=14, 82=15, 93=13, 92=12, 95=17, 94=16, 89=14, 88=15, 91=16, 90=13, 98=18, 99=13, 96=15, 97=14}
Avg distance between not played chunks: 1.6145406020929955
Min distance between not played chunks: 1.0
Max distance between not played chunks: 3.096774193548387

HELPING PEERS LOG

[HELPING] Active nodes: 17
[HELPING] Started playbacks: 17
[HELPING] Not started playbacks node-ids: []
[HELPING] Playbacks time-window: 421
[HELPING] Missing chunks distribution [missed-chunks/nodes]: {0=13, 2=2, 3=1, 8=1}
[HELPING] Rejected chunks for ttl expiration [chunk-id/nodes]: 7 {1=3, 2=2, 3=1, 4=1, 5=1, 6=1, 7=1}
[HELPING] Rejected chunks for capacity limit [chunk-id/nodes]: 0 {}
[HELPING] bandwidthUtilUp: 0.013318393430801444
[HELPING] bandwidthUtilDown: 0.007649344543826336
[HELPING] Avg # of unsent chunk for max-retries: 0.0
[HELPING] Min # of unsent chunk for max-retries: 0.0
[HELPING] Max # of unsent chunk for max-retries: 0.0
[HELPING] Avg # of unsent chunk-reqs for max-retries: 0.0
[HELPING] Min # of unsent chunk-reqs for max-retries: 0.0
[HELPING] Max # of unsent chunk-reqs for max-retries: 0.0
[HELPING] Avg % of chunks received by Pastry: 7.352941176470588
[HELPING] Min % of chunks received by Pastry: 0.0
[HELPING] Max % of chunks received by Pastry: 19.0
[HELPING] StD of chunks received by Pastry: 5.465130104473592
[HELPING] Var of chunks received by Pastry: 29.867647058823533
[HELPING] Avg % of chunks received by StarStream: 91.76470588235294
[HELPING] Min % of chunks received by StarStream: 80.0
[HELPING] Max % of chunks received by StarStream: 100.0
[HELPING] StD of chunks received by StarStream: 5.640582990311101
[HELPING] Var of chunks received by StarStream: 31.816176470586925
[HELPING] Startup Delay: 119.70588235294117
[HELPING] Latency: 9.234642758180383
[HELPING] Min of perceived avg chunk delivery-time: 8.27
[HELPING] Max of perceived avg chunk delivery-time: 10.923913043478262
[HELPING] Variance of perceived avg chunk delivery-time: 0.4721753243496858
[HELPING] StD of perceived avg chunk delivery-time: 0.6871501468745282
[HELPING] Avg messages sent per node: 6188.058823529412
[HELPING] Min messages sent per node: 4248.0
[HELPING] Max messages sent per node: 8161.0
[HELPING] Variance of messages sent per node: 1394781.6838235338
[HELPING] StD of messages sent per node: 1181.0087568784297
[HELPING] Nodes with incomplete playbacks: 12
[HELPING] Packet Loss: 24.176470588235293
[HELPING] Min % of not played chunks: 0.0
[HELPING] Max % of not played chunks: 85.0
[HELPING] Not played chunks [chunk-id/nodes]: {1=8, 2=3, 3=6, 4=3, 5=5, 6=5, 7=5, 8=5, 9=5, 10=3, 11=4, 12=5, 13=3, 14=3, 15=4, 17=4, 16=2, 19=3, 18=3, 21=4, 20=3, 23=1, 22=5, 25=3, 24=5, 27=2, 26=4, 29=4, 28=5, 31=3, 30=4, 34=4, 35=4, 32=3, 33=3, 38=3, 36=4, 37=4, 42=4, 43=5, 40=4, 41=3, 46=6, 47=3, 44=5, 45=4, 51=6, 50=6, 49=7, 48=3, 55=6, 54=3, 53=2, 52=4, 59=2, 58=7, 57=3, 56=4, 63=6, 62=5, 61=5, 60=4, 68=4, 69=4, 70=5, 71=7, 64=3, 65=4, 66=5, 67=7, 76=4, 77=3, 78=3, 79=4, 72=5, 73=5, 74=5, 75=5, 85=5, 84=5, 87=5, 86=4, 81=4, 80=5, 83=4, 82=3, 93=4, 92=4, 95=5, 94=4, 89=4, 88=2, 91=6, 90=4, 98=4, 99=3, 96=4, 97=5}
[HELPING] Avg distance between not played chunks: 2.8885426790950985
[HELPING] Min distance between not played chunks: 1.0
[HELPING] Max distance between not played chunks: 11.5

