Total chunks: 100
Nodes x chunk: 3
Total nodes: 41
Active nodes: 22
Started playbacks: 22
Not started playbacks node-ids: []
Playbacks time-window: 89
Missing chunks distribution [missed-chunks/nodes]: {0=22}
Rejected chunks for ttl expiration [chunk-id/nodes]: 1 {0=2}
Rejected chunks for capacity limit [chunk-id/nodes]: 0 {}
bandwidthUtilUp: 0.013745444418346886
bandwidthUtilDown: 0.008156931436398064
Avg # of unsent chunk for max-retries: 0.0
Min # of unsent chunk for max-retries: 0.0
Max # of unsent chunk for max-retries: 0.0
Avg # of unsent chunk-reqs for max-retries: 0.0
Min # of unsent chunk-reqs for max-retries: 0.0
Max # of unsent chunk-reqs for max-retries: 0.0
Avg % of chunks received by Pastry: 11.727272727272727
Min % of chunks received by Pastry: 0.0
Max % of chunks received by Pastry: 23.0
StD of chunks received by Pastry: 5.683575485821432
Var of chunks received by Pastry: 32.30303030303033
Avg % of chunks received by StarStream: 87.31818181818181
Min % of chunks received by StarStream: 76.0
Max % of chunks received by StarStream: 100.0
StD of chunks received by StarStream: 5.784925925659677
Var of chunks received by StarStream: 33.465367965369474
[NONMOJO] Startup Delay: 80.54545454545455
[MOJO] Startup Delay: 42.0
[MOJO] Latency: 9.093884297520662
Min of perceived avg chunk delivery-time: 7.91
Max of perceived avg chunk delivery-time: 11.01010101010101
Variance of perceived avg chunk delivery-time: 0.6213819238340811
StD of perceived avg chunk delivery-time: 0.788277821477987
Avg messages sent per node: 6879.136363636364
Min messages sent per node: 3541.0
Max messages sent per node: 9863.0
Variance of messages sent per node: 3108523.456709957
StD of messages sent per node: 1763.100523710987
Nodes with incomplete playbacks: 17
[MOJO] Continuity Index: 44.90909090909091
[MOJO] Packet Loss: 55.09090909090909
Min % of not played chunks: 0.0
Max % of not played chunks: 99.0
Not played chunks [chunk-id/nodes]: {1=10, 2=12, 3=14, 4=13, 5=12, 6=13, 7=9, 8=10, 9=13, 10=12, 11=14, 12=14, 13=12, 14=11, 15=14, 17=13, 16=11, 19=13, 18=13, 21=11, 20=14, 23=13, 22=12, 25=13, 24=11, 27=11, 26=13, 29=9, 28=13, 31=10, 30=12, 34=14, 35=13, 32=13, 33=11, 38=13, 39=12, 36=9, 37=11, 42=8, 43=12, 40=11, 41=13, 46=10, 47=13, 44=14, 45=13, 51=14, 50=10, 49=11, 48=13, 55=12, 54=14, 53=16, 52=12, 59=11, 58=13, 57=12, 56=13, 63=12, 62=14, 61=13, 60=10, 68=13, 69=15, 70=13, 71=13, 64=14, 65=15, 66=11, 67=12, 76=10, 77=16, 78=12, 79=13, 72=12, 73=9, 74=10, 75=8, 85=13, 84=14, 87=10, 86=12, 81=12, 80=12, 83=14, 82=15, 93=14, 92=13, 95=14, 94=10, 89=11, 88=12, 91=14, 90=11, 98=13, 99=14, 96=13, 97=10}
Avg distance between not played chunks: 1.492513044742513
Min distance between not played chunks: 1.0
Max distance between not played chunks: 2.742857142857143

HELPING PEERS LOG

[HELPING] Active nodes: 19
[HELPING] Started playbacks: 19
[HELPING] Not started playbacks node-ids: []
[HELPING] Playbacks time-window: 132
[HELPING] Missing chunks distribution [missed-chunks/nodes]: {0=16, 2=3}
[HELPING] Rejected chunks for ttl expiration [chunk-id/nodes]: 1 {0=4}
[HELPING] Rejected chunks for capacity limit [chunk-id/nodes]: 0 {}
[HELPING] bandwidthUtilUp: 0.013922014162944354
[HELPING] bandwidthUtilDown: 0.00803870374040574
[HELPING] Avg # of unsent chunk for max-retries: 0.0
[HELPING] Min # of unsent chunk for max-retries: 0.0
[HELPING] Max # of unsent chunk for max-retries: 0.0
[HELPING] Avg # of unsent chunk-reqs for max-retries: 0.0
[HELPING] Min # of unsent chunk-reqs for max-retries: 0.0
[HELPING] Max # of unsent chunk-reqs for max-retries: 0.0
[HELPING] Avg % of chunks received by Pastry: 9.736842105263158
[HELPING] Min % of chunks received by Pastry: 0.0
[HELPING] Max % of chunks received by Pastry: 20.0
[HELPING] StD of chunks received by Pastry: 6.974892315083979
[HELPING] Var of chunks received by Pastry: 48.64912280701755
[HELPING] Avg % of chunks received by StarStream: 89.36842105263158
[HELPING] Min % of chunks received by StarStream: 79.0
[HELPING] Max % of chunks received by StarStream: 100.0
[HELPING] StD of chunks received by StarStream: 7.127493920772139
[HELPING] Var of chunks received by StarStream: 50.801169590643795
[HELPING] Startup Delay: 102.10526315789474
[HELPING] Latency: 9.409180201586219
[HELPING] Min of perceived avg chunk delivery-time: 8.21
[HELPING] Max of perceived avg chunk delivery-time: 12.285714285714286
[HELPING] Variance of perceived avg chunk delivery-time: 1.1897324479384956
[HELPING] StD of perceived avg chunk delivery-time: 1.0907485722835009
[HELPING] Avg messages sent per node: 6433.684210526316
[HELPING] Min messages sent per node: 3876.0
[HELPING] Max messages sent per node: 8695.0
[HELPING] Variance of messages sent per node: 1830243.0058479526
[HELPING] StD of messages sent per node: 1352.8647404112328
[HELPING] Nodes with incomplete playbacks: 13
[HELPING] Packet Loss: 27.57894736842105
[HELPING] Min % of not played chunks: 0.0
[HELPING] Max % of not played chunks: 99.0
[HELPING] Not played chunks [chunk-id/nodes]: {1=9, 2=5, 3=3, 4=6, 5=3, 6=5, 7=6, 8=4, 9=6, 10=6, 11=4, 12=4, 13=4, 14=3, 15=8, 17=3, 16=5, 19=4, 18=5, 21=6, 20=8, 23=4, 22=7, 25=5, 24=5, 27=3, 26=4, 29=3, 28=4, 31=5, 30=6, 34=5, 35=3, 32=4, 33=3, 38=5, 39=6, 36=5, 37=6, 42=5, 43=6, 40=7, 41=3, 46=3, 47=4, 44=7, 45=5, 51=5, 50=5, 49=5, 48=7, 55=3, 54=6, 53=5, 52=6, 59=8, 58=6, 57=6, 56=6, 63=4, 62=6, 61=6, 60=7, 68=6, 69=8, 70=7, 71=4, 64=8, 65=5, 66=7, 67=7, 76=4, 77=7, 78=5, 79=7, 72=6, 73=6, 74=6, 75=7, 85=4, 84=8, 87=5, 86=6, 81=8, 80=6, 83=4, 82=4, 93=3, 92=6, 95=4, 94=4, 89=5, 88=5, 91=7, 90=6, 98=5, 99=7, 96=4, 97=2}
[HELPING] Avg distance between not played chunks: 2.864551768889447
[HELPING] Min distance between not played chunks: 1.0
[HELPING] Max distance between not played chunks: 6.6

