Total chunks: 100
Nodes x chunk: 3
Total nodes: 24
Active nodes: 24
Started playbacks: 24
Not started playbacks node-ids: []
Playbacks time-window: 135
Missing chunks distribution [missed-chunks/nodes]: {0=22, 2=2}
Rejected chunks for ttl expiration [chunk-id/nodes]: 2 {0=3, 1=2}
Rejected chunks for capacity limit [chunk-id/nodes]: 0 {}
bandwidthUtilUp: 0.012716001056832108
bandwidthUtilDown: 0.007744452846959657
Avg # of unsent chunk for max-retries: 0.0
Min # of unsent chunk for max-retries: 0.0
Max # of unsent chunk for max-retries: 0.0
Avg # of unsent chunk-reqs for max-retries: 0.0
Min # of unsent chunk-reqs for max-retries: 0.0
Max # of unsent chunk-reqs for max-retries: 0.0
Avg % of chunks received by Pastry: 7.541666666666667
Min % of chunks received by Pastry: 0.0
Max % of chunks received by Pastry: 16.0
StD of chunks received by Pastry: 5.225182889802428
Var of chunks received by Pastry: 27.30253623188406
Avg % of chunks received by StarStream: 91.58333333333333
Min % of chunks received by StarStream: 83.0
Max % of chunks received by StarStream: 100.0
StD of chunks received by StarStream: 5.323587109284993
Var of chunks received by StarStream: 28.34057971014535
[NONMOJO] Startup Delay: 64.70833333333333
[MOJO] Startup Delay: 77.8
[MOJO] Latency: 8.087062633134062
Min of perceived avg chunk delivery-time: 6.85
Max of perceived avg chunk delivery-time: 10.510204081632653
Variance of perceived avg chunk delivery-time: 0.6638213522087723
StD of perceived avg chunk delivery-time: 0.8147523256847888
Avg messages sent per node: 5507.833333333333
Min messages sent per node: 2222.0
Max messages sent per node: 8270.0
Variance of messages sent per node: 2655491.014492754
StD of messages sent per node: 1629.5677385407314
Nodes with incomplete playbacks: 13
[MOJO] Continuity Index: 78.83333333333333
[MOJO] Packet Loss: 21.166666666666668
Min % of not played chunks: 0.0
Max % of not played chunks: 99.0
Not played chunks [chunk-id/nodes]: {1=7, 2=5, 3=5, 4=5, 5=5, 6=5, 7=6, 8=5, 9=5, 10=6, 11=4, 12=4, 13=5, 14=5, 15=4, 17=6, 16=4, 19=5, 18=4, 21=4, 20=5, 23=4, 22=5, 25=5, 24=5, 27=6, 26=7, 29=5, 28=5, 31=4, 30=4, 34=4, 35=3, 32=6, 33=5, 38=7, 39=5, 36=5, 37=4, 42=6, 43=7, 40=5, 41=4, 46=6, 47=5, 44=6, 45=6, 51=5, 50=5, 49=6, 48=4, 55=4, 54=5, 53=5, 52=6, 59=5, 58=5, 57=5, 56=7, 63=7, 62=4, 61=4, 60=5, 68=6, 69=4, 70=6, 71=4, 64=4, 65=4, 66=4, 67=4, 76=5, 77=6, 78=6, 79=5, 72=6, 73=5, 74=6, 75=5, 85=6, 84=5, 87=8, 86=6, 81=5, 80=6, 83=6, 82=5, 93=5, 92=4, 95=4, 94=6, 89=6, 88=4, 91=5, 90=6, 98=6, 99=4, 96=6, 97=5}
Avg distance between not played chunks: 2.732044037164312
Min distance between not played chunks: 1.0
Max distance between not played chunks: 5.6

HELPING PEERS LOG

[HELPING] Active nodes: 0
[HELPING] Started playbacks: 0
[HELPING] Not started playbacks node-ids: []
[HELPING] Playbacks time-window: -9223372036854775807
[HELPING] Missing chunks distribution [missed-chunks/nodes]: {}
[HELPING] Rejected chunks for ttl expiration [chunk-id/nodes]: 0 {}
[HELPING] Rejected chunks for capacity limit [chunk-id/nodes]: 0 {}
[HELPING] bandwidthUtilUp: NaN
[HELPING] bandwidthUtilDown: NaN
[HELPING] Avg # of unsent chunk for max-retries: NaN
[HELPING] Min # of unsent chunk for max-retries: Infinity
[HELPING] Max # of unsent chunk for max-retries: -Infinity
[HELPING] Avg # of unsent chunk-reqs for max-retries: NaN
[HELPING] Min # of unsent chunk-reqs for max-retries: Infinity
[HELPING] Max # of unsent chunk-reqs for max-retries: -Infinity
[HELPING] Avg % of chunks received by Pastry: NaN
[HELPING] Min % of chunks received by Pastry: Infinity
[HELPING] Max % of chunks received by Pastry: -Infinity
[HELPING] StD of chunks received by Pastry: 0.0
[HELPING] Var of chunks received by Pastry: 0.0
[HELPING] Avg % of chunks received by StarStream: NaN
[HELPING] Min % of chunks received by StarStream: Infinity
[HELPING] Max % of chunks received by StarStream: -Infinity
[HELPING] StD of chunks received by StarStream: 0.0
[HELPING] Var of chunks received by StarStream: 0.0
[HELPING] Latency: NaN
[HELPING] Min of perceived avg chunk delivery-time: Infinity
[HELPING] Max of perceived avg chunk delivery-time: -Infinity
[HELPING] Variance of perceived avg chunk delivery-time: 0.0
[HELPING] StD of perceived avg chunk delivery-time: 0.0
[HELPING] Avg messages sent per node: NaN
[HELPING] Min messages sent per node: Infinity
[HELPING] Max messages sent per node: -Infinity
[HELPING] Variance of messages sent per node: 0.0
[HELPING] StD of messages sent per node: 0.0
[HELPING] Nodes with incomplete playbacks: 0
[HELPING] Packet Loss: NaN
[HELPING] Min % of not played chunks: Infinity
[HELPING] Max % of not played chunks: -Infinity
[HELPING] Not played chunks [chunk-id/nodes]: {}
[HELPING] Avg distance between not played chunks: NaN
[HELPING] Min distance between not played chunks: Infinity
[HELPING] Max distance between not played chunks: -Infinity

