Total chunks: 100
Nodes x chunk: 3
Total nodes: 24
Active nodes: 24
Started playbacks: 24
Not started playbacks node-ids: []
Playbacks time-window: 209
Missing chunks distribution [missed-chunks/nodes]: {0=19, 1=1, 2=1, 3=2, 4=1}
Rejected chunks for ttl expiration [chunk-id/nodes]: 4 {1=4, 2=3, 3=1, 80=1}
Rejected chunks for capacity limit [chunk-id/nodes]: 0 {}
bandwidthUtilUp: 0.011513002457261159
bandwidthUtilDown: 0.007120406920785208
Avg # of unsent chunk for max-retries: 0.0
Min # of unsent chunk for max-retries: 0.0
Max # of unsent chunk for max-retries: 0.0
Avg # of unsent chunk-reqs for max-retries: 0.0
Min # of unsent chunk-reqs for max-retries: 0.0
Max # of unsent chunk-reqs for max-retries: 0.0
Avg % of chunks received by Pastry: 7.875
Min % of chunks received by Pastry: 1.0
Max % of chunks received by Pastry: 19.0
StD of chunks received by Pastry: 5.7051654702977945
Var of chunks received by Pastry: 32.54891304347826
Avg % of chunks received by StarStream: 91.29166666666667
Min % of chunks received by StarStream: 80.0
Max % of chunks received by StarStream: 99.0
StD of chunks received by StarStream: 5.908572745093056
Var of chunks received by StarStream: 34.91123188405649
[NONMOJO] Startup Delay: 79.125
[MOJO] Startup Delay: 128.7
[MOJO] Latency: 8.538417789561935
Min of perceived avg chunk delivery-time: 7.34
Max of perceived avg chunk delivery-time: 10.090909090909092
Variance of perceived avg chunk delivery-time: 0.5301395508049708
StD of perceived avg chunk delivery-time: 0.7281068265062283
Avg messages sent per node: 4009.75
Min messages sent per node: 1955.0
Max messages sent per node: 6883.0
Variance of messages sent per node: 2000205.9347826072
StD of messages sent per node: 1414.2863694395867
Nodes with incomplete playbacks: 15
[MOJO] Continuity Index: 72.20833333333333
[MOJO] Packet Loss: 27.791666666666668
Min % of not played chunks: 0.0
Max % of not played chunks: 99.0
Not played chunks [chunk-id/nodes]: {1=8, 2=9, 3=5, 4=7, 5=6, 6=6, 7=6, 8=5, 9=7, 10=8, 11=6, 12=8, 13=7, 14=8, 15=4, 17=7, 16=7, 19=6, 18=6, 21=6, 20=8, 23=6, 22=8, 25=6, 24=7, 27=5, 26=6, 29=5, 28=7, 31=7, 30=7, 34=7, 35=7, 32=7, 33=6, 38=6, 39=6, 36=6, 37=6, 42=8, 43=7, 40=6, 41=6, 46=6, 47=6, 44=6, 45=7, 51=7, 50=8, 49=7, 48=7, 55=5, 54=7, 53=5, 52=9, 59=8, 58=8, 57=7, 56=9, 63=7, 62=5, 61=7, 60=7, 68=7, 69=6, 70=6, 71=7, 64=6, 65=6, 66=6, 67=7, 76=8, 77=7, 78=7, 79=8, 72=7, 73=6, 74=7, 75=8, 85=7, 84=6, 87=7, 86=7, 81=7, 80=8, 83=7, 82=6, 93=7, 92=8, 95=6, 94=7, 89=6, 88=10, 91=7, 90=6, 98=6, 99=7, 96=7, 97=6}
Avg distance between not played chunks: 3.090697812077203
Min distance between not played chunks: 1.0
Max distance between not played chunks: 15.2

HELPING PEERS LOG

[HELPING] Active nodes: 0
[HELPING] Started playbacks: 0
[HELPING] Not started playbacks node-ids: []
[HELPING] Playbacks time-window: -9223372036854775807
[HELPING] Missing chunks distribution [missed-chunks/nodes]: {}
[HELPING] Rejected chunks for ttl expiration [chunk-id/nodes]: 0 {}
[HELPING] Rejected chunks for capacity limit [chunk-id/nodes]: 0 {}
[HELPING] bandwidthUtilUp: NaN
[HELPING] bandwidthUtilDown: NaN
[HELPING] Avg # of unsent chunk for max-retries: NaN
[HELPING] Min # of unsent chunk for max-retries: Infinity
[HELPING] Max # of unsent chunk for max-retries: -Infinity
[HELPING] Avg # of unsent chunk-reqs for max-retries: NaN
[HELPING] Min # of unsent chunk-reqs for max-retries: Infinity
[HELPING] Max # of unsent chunk-reqs for max-retries: -Infinity
[HELPING] Avg % of chunks received by Pastry: NaN
[HELPING] Min % of chunks received by Pastry: Infinity
[HELPING] Max % of chunks received by Pastry: -Infinity
[HELPING] StD of chunks received by Pastry: 0.0
[HELPING] Var of chunks received by Pastry: 0.0
[HELPING] Avg % of chunks received by StarStream: NaN
[HELPING] Min % of chunks received by StarStream: Infinity
[HELPING] Max % of chunks received by StarStream: -Infinity
[HELPING] StD of chunks received by StarStream: 0.0
[HELPING] Var of chunks received by StarStream: 0.0
[HELPING] Latency: NaN
[HELPING] Min of perceived avg chunk delivery-time: Infinity
[HELPING] Max of perceived avg chunk delivery-time: -Infinity
[HELPING] Variance of perceived avg chunk delivery-time: 0.0
[HELPING] StD of perceived avg chunk delivery-time: 0.0
[HELPING] Avg messages sent per node: NaN
[HELPING] Min messages sent per node: Infinity
[HELPING] Max messages sent per node: -Infinity
[HELPING] Variance of messages sent per node: 0.0
[HELPING] StD of messages sent per node: 0.0
[HELPING] Nodes with incomplete playbacks: 0
[HELPING] Packet Loss: NaN
[HELPING] Min % of not played chunks: Infinity
[HELPING] Max % of not played chunks: -Infinity
[HELPING] Not played chunks [chunk-id/nodes]: {}
[HELPING] Avg distance between not played chunks: NaN
[HELPING] Min distance between not played chunks: Infinity
[HELPING] Max distance between not played chunks: -Infinity

