Total chunks: 100
Nodes x chunk: 3
Total nodes: 24
Active nodes: 24
Started playbacks: 24
Not started playbacks node-ids: []
Playbacks time-window: 249
Missing chunks distribution [missed-chunks/nodes]: {0=23, 4=1}
Rejected chunks for ttl expiration [chunk-id/nodes]: 2 {0=4, 4=1}
Rejected chunks for capacity limit [chunk-id/nodes]: 0 {}
bandwidthUtilUp: 0.012456714452842063
bandwidthUtilDown: 0.007982616398812294
Avg # of unsent chunk for max-retries: 0.0
Min # of unsent chunk for max-retries: 0.0
Max # of unsent chunk for max-retries: 0.0
Avg # of unsent chunk-reqs for max-retries: 0.0
Min # of unsent chunk-reqs for max-retries: 0.0
Max # of unsent chunk-reqs for max-retries: 0.0
Avg % of chunks received by Pastry: 8.75
Min % of chunks received by Pastry: 1.0
Max % of chunks received by Pastry: 16.0
StD of chunks received by Pastry: 4.838702664791552
Var of chunks received by Pastry: 23.413043478260867
Avg % of chunks received by StarStream: 90.33333333333333
Min % of chunks received by StarStream: 83.0
Max % of chunks received by StarStream: 99.0
StD of chunks received by StarStream: 4.957792870313219
Var of chunks received by StarStream: 24.57971014492859
[NONMOJO] Startup Delay: 69.54166666666667
[MOJO] Startup Delay: 66.0
[MOJO] Latency: 8.484576494107744
Min of perceived avg chunk delivery-time: 7.29
Max of perceived avg chunk delivery-time: 11.14
Variance of perceived avg chunk delivery-time: 1.078336105510259
StD of perceived avg chunk delivery-time: 1.0384296343567334
Avg messages sent per node: 4727.666666666667
Min messages sent per node: 2139.0
Max messages sent per node: 7284.0
Variance of messages sent per node: 2376381.536231879
StD of messages sent per node: 1541.5516651192327
Nodes with incomplete playbacks: 7
[MOJO] Continuity Index: 88.66666666666667
[MOJO] Packet Loss: 11.333333333333334
Min % of not played chunks: 0.0
Max % of not played chunks: 99.0
Not played chunks [chunk-id/nodes]: {1=4, 2=5, 3=5, 4=4, 5=3, 6=3, 7=2, 8=2, 9=3, 10=2, 11=3, 12=2, 13=2, 14=3, 15=3, 17=2, 16=3, 19=3, 18=3, 21=2, 20=2, 23=3, 22=3, 25=3, 24=2, 27=3, 26=3, 29=2, 28=2, 31=3, 30=3, 34=4, 35=2, 32=4, 33=3, 38=3, 39=2, 36=2, 37=4, 42=2, 43=4, 40=4, 41=3, 46=3, 47=3, 44=4, 45=2, 51=2, 50=2, 49=2, 48=3, 55=4, 54=3, 53=2, 52=2, 59=3, 58=3, 57=3, 56=3, 63=3, 62=2, 61=2, 60=2, 68=2, 69=3, 70=3, 71=3, 64=2, 65=2, 66=2, 67=3, 76=2, 77=4, 78=2, 79=2, 72=2, 73=3, 74=2, 75=2, 85=3, 84=4, 87=2, 86=3, 81=3, 80=3, 83=2, 82=3, 93=2, 92=3, 95=3, 94=3, 89=3, 88=4, 91=2, 90=3, 98=2, 99=2, 96=2, 97=3}
Avg distance between not played chunks: 3.961947278911565
Min distance between not played chunks: 1.0
Max distance between not played chunks: 13.0

HELPING PEERS LOG

[HELPING] Active nodes: 0
[HELPING] Started playbacks: 0
[HELPING] Not started playbacks node-ids: []
[HELPING] Playbacks time-window: -9223372036854775807
[HELPING] Missing chunks distribution [missed-chunks/nodes]: {}
[HELPING] Rejected chunks for ttl expiration [chunk-id/nodes]: 0 {}
[HELPING] Rejected chunks for capacity limit [chunk-id/nodes]: 0 {}
[HELPING] bandwidthUtilUp: NaN
[HELPING] bandwidthUtilDown: NaN
[HELPING] Avg # of unsent chunk for max-retries: NaN
[HELPING] Min # of unsent chunk for max-retries: Infinity
[HELPING] Max # of unsent chunk for max-retries: -Infinity
[HELPING] Avg # of unsent chunk-reqs for max-retries: NaN
[HELPING] Min # of unsent chunk-reqs for max-retries: Infinity
[HELPING] Max # of unsent chunk-reqs for max-retries: -Infinity
[HELPING] Avg % of chunks received by Pastry: NaN
[HELPING] Min % of chunks received by Pastry: Infinity
[HELPING] Max % of chunks received by Pastry: -Infinity
[HELPING] StD of chunks received by Pastry: 0.0
[HELPING] Var of chunks received by Pastry: 0.0
[HELPING] Avg % of chunks received by StarStream: NaN
[HELPING] Min % of chunks received by StarStream: Infinity
[HELPING] Max % of chunks received by StarStream: -Infinity
[HELPING] StD of chunks received by StarStream: 0.0
[HELPING] Var of chunks received by StarStream: 0.0
[HELPING] Latency: NaN
[HELPING] Min of perceived avg chunk delivery-time: Infinity
[HELPING] Max of perceived avg chunk delivery-time: -Infinity
[HELPING] Variance of perceived avg chunk delivery-time: 0.0
[HELPING] StD of perceived avg chunk delivery-time: 0.0
[HELPING] Avg messages sent per node: NaN
[HELPING] Min messages sent per node: Infinity
[HELPING] Max messages sent per node: -Infinity
[HELPING] Variance of messages sent per node: 0.0
[HELPING] StD of messages sent per node: 0.0
[HELPING] Nodes with incomplete playbacks: 0
[HELPING] Packet Loss: NaN
[HELPING] Min % of not played chunks: Infinity
[HELPING] Max % of not played chunks: -Infinity
[HELPING] Not played chunks [chunk-id/nodes]: {}
[HELPING] Avg distance between not played chunks: NaN
[HELPING] Min distance between not played chunks: Infinity
[HELPING] Max distance between not played chunks: -Infinity

