Total chunks: 100
Nodes x chunk: 3
Total nodes: 24
Active nodes: 24
Started playbacks: 24
Not started playbacks node-ids: []
Playbacks time-window: 74
Missing chunks distribution [missed-chunks/nodes]: {0=23, 24=1}
Rejected chunks for ttl expiration [chunk-id/nodes]: 21 {0=9, 68=1, 33=1, 98=1, 36=1, 67=1, 8=1, 10=1, 40=1, 41=1, 13=1, 14=1, 74=1, 75=1, 87=1, 80=1, 24=1, 92=1, 95=1, 56=1, 26=1}
Rejected chunks for capacity limit [chunk-id/nodes]: 0 {}
bandwidthUtilUp: 0.012558766175586681
bandwidthUtilDown: 0.00730811553149945
Avg # of unsent chunk for max-retries: 0.0
Min # of unsent chunk for max-retries: 0.0
Max # of unsent chunk for max-retries: 0.0
Avg # of unsent chunk-reqs for max-retries: 0.0
Min # of unsent chunk-reqs for max-retries: 0.0
Max # of unsent chunk-reqs for max-retries: 0.0
Avg % of chunks received by Pastry: 8.083333333333334
Min % of chunks received by Pastry: 1.0
Max % of chunks received by Pastry: 35.0
StD of chunks received by Pastry: 7.306439486577199
Var of chunks received by Pastry: 53.384057971014485
Avg % of chunks received by StarStream: 90.91666666666667
Min % of chunks received by StarStream: 64.0
Max % of chunks received by StarStream: 98.0
StD of chunks received by StarStream: 7.306439486577099
Var of chunks received by StarStream: 53.384057971013014
[NONMOJO] Startup Delay: 61.291666666666664
[MOJO] Startup Delay: 79.0
[MOJO] Latency: 8.015032340953393
Min of perceived avg chunk delivery-time: 6.93
Max of perceived avg chunk delivery-time: 9.282828282828282
Variance of perceived avg chunk delivery-time: 0.4580885277700922
StD of perceived avg chunk delivery-time: 0.6768223753468056
Avg messages sent per node: 5621.833333333333
Min messages sent per node: 1644.0
Max messages sent per node: 8154.0
Variance of messages sent per node: 2730870.579710149
StD of messages sent per node: 1652.5345925910747
Nodes with incomplete playbacks: 7
[MOJO] Continuity Index: 82.45833333333333
[MOJO] Packet Loss: 17.541666666666668
Min % of not played chunks: 0.0
Max % of not played chunks: 99.0
Not played chunks [chunk-id/nodes]: {1=6, 2=5, 3=4, 4=5, 5=4, 6=3, 7=4, 8=5, 9=4, 10=3, 11=4, 12=4, 13=5, 14=4, 15=4, 17=4, 16=4, 19=4, 18=5, 21=5, 20=6, 23=4, 22=5, 25=4, 24=4, 27=3, 26=4, 29=4, 28=4, 31=6, 30=3, 34=4, 35=4, 32=5, 33=3, 38=4, 39=3, 36=4, 37=4, 42=5, 43=5, 40=3, 41=5, 46=5, 47=5, 44=4, 45=5, 51=4, 50=4, 49=4, 48=4, 55=4, 54=3, 53=4, 52=3, 59=4, 58=3, 57=5, 56=4, 63=4, 62=5, 61=4, 60=4, 68=4, 69=5, 70=4, 71=5, 64=5, 65=3, 66=5, 67=3, 76=3, 77=4, 78=4, 79=3, 72=5, 73=3, 74=4, 75=5, 85=4, 84=6, 87=4, 86=5, 81=4, 80=6, 83=4, 82=5, 93=5, 92=5, 95=4, 94=5, 89=5, 88=4, 91=5, 90=5, 98=4, 99=3, 96=5, 97=4}
Avg distance between not played chunks: 2.1152777777777776
Min distance between not played chunks: 1.0
Max distance between not played chunks: 5.277777777777778

HELPING PEERS LOG

[HELPING] Active nodes: 0
[HELPING] Started playbacks: 0
[HELPING] Not started playbacks node-ids: []
[HELPING] Playbacks time-window: -9223372036854775807
[HELPING] Missing chunks distribution [missed-chunks/nodes]: {}
[HELPING] Rejected chunks for ttl expiration [chunk-id/nodes]: 0 {}
[HELPING] Rejected chunks for capacity limit [chunk-id/nodes]: 0 {}
[HELPING] bandwidthUtilUp: NaN
[HELPING] bandwidthUtilDown: NaN
[HELPING] Avg # of unsent chunk for max-retries: NaN
[HELPING] Min # of unsent chunk for max-retries: Infinity
[HELPING] Max # of unsent chunk for max-retries: -Infinity
[HELPING] Avg # of unsent chunk-reqs for max-retries: NaN
[HELPING] Min # of unsent chunk-reqs for max-retries: Infinity
[HELPING] Max # of unsent chunk-reqs for max-retries: -Infinity
[HELPING] Avg % of chunks received by Pastry: NaN
[HELPING] Min % of chunks received by Pastry: Infinity
[HELPING] Max % of chunks received by Pastry: -Infinity
[HELPING] StD of chunks received by Pastry: 0.0
[HELPING] Var of chunks received by Pastry: 0.0
[HELPING] Avg % of chunks received by StarStream: NaN
[HELPING] Min % of chunks received by StarStream: Infinity
[HELPING] Max % of chunks received by StarStream: -Infinity
[HELPING] StD of chunks received by StarStream: 0.0
[HELPING] Var of chunks received by StarStream: 0.0
[HELPING] Latency: NaN
[HELPING] Min of perceived avg chunk delivery-time: Infinity
[HELPING] Max of perceived avg chunk delivery-time: -Infinity
[HELPING] Variance of perceived avg chunk delivery-time: 0.0
[HELPING] StD of perceived avg chunk delivery-time: 0.0
[HELPING] Avg messages sent per node: NaN
[HELPING] Min messages sent per node: Infinity
[HELPING] Max messages sent per node: -Infinity
[HELPING] Variance of messages sent per node: 0.0
[HELPING] StD of messages sent per node: 0.0
[HELPING] Nodes with incomplete playbacks: 0
[HELPING] Packet Loss: NaN
[HELPING] Min % of not played chunks: Infinity
[HELPING] Max % of not played chunks: -Infinity
[HELPING] Not played chunks [chunk-id/nodes]: {}
[HELPING] Avg distance between not played chunks: NaN
[HELPING] Min distance between not played chunks: Infinity
[HELPING] Max distance between not played chunks: -Infinity

