Total chunks: 100
Nodes x chunk: 3
Total nodes: 24
Active nodes: 24
Started playbacks: 24
Not started playbacks node-ids: []
Playbacks time-window: 268
Missing chunks distribution [missed-chunks/nodes]: {0=7, 1=9, 3=3, 4=2, 6=2, 13=1}
Rejected chunks for ttl expiration [chunk-id/nodes]: 28 {69=1, 70=1, 3=1, 4=1, 64=3, 65=1, 66=1, 77=1, 79=2, 73=1, 17=1, 87=2, 81=1, 83=1, 92=1, 95=1, 26=1, 94=1, 90=1, 98=1, 99=1, 39=1, 96=1, 42=1, 54=1, 53=2, 58=1, 62=1}
Rejected chunks for capacity limit [chunk-id/nodes]: 0 {}
bandwidthUtilUp: 0.009739349087725406
bandwidthUtilDown: 0.005748117383280152
Avg # of unsent chunk for max-retries: 0.0
Min # of unsent chunk for max-retries: 0.0
Max # of unsent chunk for max-retries: 0.0
Avg # of unsent chunk-reqs for max-retries: 0.0
Min # of unsent chunk-reqs for max-retries: 0.0
Max # of unsent chunk-reqs for max-retries: 0.0
Avg % of chunks received by Pastry: 11.291666666666666
Min % of chunks received by Pastry: 1.0
Max % of chunks received by Pastry: 24.0
StD of chunks received by Pastry: 8.115895121500056
Var of chunks received by Pastry: 65.86775362318842
Avg % of chunks received by StarStream: 87.75
Min % of chunks received by StarStream: 75.0
Max % of chunks received by StarStream: 99.0
StD of chunks received by StarStream: 8.173392675388026
Var of chunks received by StarStream: 66.80434782608664
[NONMOJO] Startup Delay: 91.45833333333333
[MOJO] Startup Delay: 68.2
[MOJO] Latency: 10.054601035022793
Min of perceived avg chunk delivery-time: 7.787878787878788
Max of perceived avg chunk delivery-time: 12.701149425287356
Variance of perceived avg chunk delivery-time: 1.400391720034641
StD of perceived avg chunk delivery-time: 1.1833814769695532
Avg messages sent per node: 2274.7083333333335
Min messages sent per node: 1515.0
Max messages sent per node: 3193.0
Variance of messages sent per node: 194270.30253623068
StD of messages sent per node: 440.76104925030603
Nodes with incomplete playbacks: 20
[MOJO] Continuity Index: 83.66666666666667
[MOJO] Packet Loss: 16.333333333333332
Min % of not played chunks: 0.0
Max % of not played chunks: 99.0
Not played chunks [chunk-id/nodes]: {1=8, 2=11, 3=4, 4=5, 5=3, 6=3, 7=4, 8=3, 9=2, 10=3, 11=4, 12=4, 13=3, 14=2, 15=2, 17=5, 16=2, 19=4, 18=2, 21=3, 20=2, 23=4, 22=3, 25=3, 24=5, 27=4, 26=4, 29=3, 28=4, 31=4, 30=3, 34=4, 35=3, 32=4, 33=3, 38=3, 39=5, 36=3, 37=4, 42=3, 43=4, 40=4, 41=4, 46=4, 47=3, 44=4, 45=3, 51=4, 50=5, 49=3, 48=3, 55=4, 54=3, 53=6, 52=4, 59=3, 58=4, 57=4, 56=4, 63=3, 62=3, 61=5, 60=2, 68=3, 69=3, 70=4, 71=4, 64=7, 65=6, 66=4, 67=3, 76=3, 77=7, 78=3, 79=6, 72=4, 73=6, 74=5, 75=4, 85=5, 84=4, 87=8, 86=4, 81=3, 80=3, 83=5, 82=3, 93=5, 92=5, 95=4, 94=4, 89=3, 88=3, 91=6, 90=6, 98=4, 99=4, 96=4, 97=3}
Avg distance between not played chunks: 9.40046449576723
Min distance between not played chunks: 1.0
Max distance between not played chunks: 37.0

HELPING PEERS LOG

[HELPING] Active nodes: 0
[HELPING] Started playbacks: 0
[HELPING] Not started playbacks node-ids: []
[HELPING] Playbacks time-window: -9223372036854775807
[HELPING] Missing chunks distribution [missed-chunks/nodes]: {}
[HELPING] Rejected chunks for ttl expiration [chunk-id/nodes]: 0 {}
[HELPING] Rejected chunks for capacity limit [chunk-id/nodes]: 0 {}
[HELPING] bandwidthUtilUp: NaN
[HELPING] bandwidthUtilDown: NaN
[HELPING] Avg # of unsent chunk for max-retries: NaN
[HELPING] Min # of unsent chunk for max-retries: Infinity
[HELPING] Max # of unsent chunk for max-retries: -Infinity
[HELPING] Avg # of unsent chunk-reqs for max-retries: NaN
[HELPING] Min # of unsent chunk-reqs for max-retries: Infinity
[HELPING] Max # of unsent chunk-reqs for max-retries: -Infinity
[HELPING] Avg % of chunks received by Pastry: NaN
[HELPING] Min % of chunks received by Pastry: Infinity
[HELPING] Max % of chunks received by Pastry: -Infinity
[HELPING] StD of chunks received by Pastry: 0.0
[HELPING] Var of chunks received by Pastry: 0.0
[HELPING] Avg % of chunks received by StarStream: NaN
[HELPING] Min % of chunks received by StarStream: Infinity
[HELPING] Max % of chunks received by StarStream: -Infinity
[HELPING] StD of chunks received by StarStream: 0.0
[HELPING] Var of chunks received by StarStream: 0.0
[HELPING] Latency: NaN
[HELPING] Min of perceived avg chunk delivery-time: Infinity
[HELPING] Max of perceived avg chunk delivery-time: -Infinity
[HELPING] Variance of perceived avg chunk delivery-time: 0.0
[HELPING] StD of perceived avg chunk delivery-time: 0.0
[HELPING] Avg messages sent per node: NaN
[HELPING] Min messages sent per node: Infinity
[HELPING] Max messages sent per node: -Infinity
[HELPING] Variance of messages sent per node: 0.0
[HELPING] StD of messages sent per node: 0.0
[HELPING] Nodes with incomplete playbacks: 0
[HELPING] Packet Loss: NaN
[HELPING] Min % of not played chunks: Infinity
[HELPING] Max % of not played chunks: -Infinity
[HELPING] Not played chunks [chunk-id/nodes]: {}
[HELPING] Avg distance between not played chunks: NaN
[HELPING] Min distance between not played chunks: Infinity
[HELPING] Max distance between not played chunks: -Infinity

