Total chunks: 100
Nodes x chunk: 3
Total nodes: 24
Active nodes: 24
Started playbacks: 24
Not started playbacks node-ids: []
Playbacks time-window: 320
Missing chunks distribution [missed-chunks/nodes]: {0=15, 1=3, 2=3, 4=1, 5=1, 7=1}
Rejected chunks for ttl expiration [chunk-id/nodes]: 12 {0=7, 1=4, 2=2, 3=1, 4=1, 80=1, 99=1, 5=1, 52=2, 44=1, 91=1, 75=1}
Rejected chunks for capacity limit [chunk-id/nodes]: 0 {}
bandwidthUtilUp: 0.010398432627787111
bandwidthUtilDown: 0.006258963957928243
Avg # of unsent chunk for max-retries: 0.0
Min # of unsent chunk for max-retries: 0.0
Max # of unsent chunk for max-retries: 0.0
Avg # of unsent chunk-reqs for max-retries: 0.0
Min # of unsent chunk-reqs for max-retries: 0.0
Max # of unsent chunk-reqs for max-retries: 0.0
Avg % of chunks received by Pastry: 9.875
Min % of chunks received by Pastry: 0.0
Max % of chunks received by Pastry: 22.0
StD of chunks received by Pastry: 6.930164061048156
Var of chunks received by Pastry: 48.02717391304347
Avg % of chunks received by StarStream: 89.20833333333333
Min % of chunks received by StarStream: 77.0
Max % of chunks received by StarStream: 100.0
StD of chunks received by StarStream: 7.04630132188803
Var of chunks received by StarStream: 49.650362318841
[NONMOJO] Startup Delay: 84.0
[MOJO] Startup Delay: 72.2
[MOJO] Latency: 9.75017964498099
Min of perceived avg chunk delivery-time: 7.25
Max of perceived avg chunk delivery-time: 11.989473684210527
Variance of perceived avg chunk delivery-time: 1.6851750594262036
StD of perceived avg chunk delivery-time: 1.2981429271949232
Avg messages sent per node: 2892.6666666666665
Min messages sent per node: 1754.0
Max messages sent per node: 5292.0
Variance of messages sent per node: 662608.579710146
StD of messages sent per node: 814.0077270580089
Nodes with incomplete playbacks: 17
[MOJO] Continuity Index: 73.54166666666667
[MOJO] Packet Loss: 26.458333333333332
Min % of not played chunks: 0.0
Max % of not played chunks: 99.0
Not played chunks [chunk-id/nodes]: {1=12, 2=8, 3=9, 4=6, 5=7, 6=7, 7=5, 8=7, 9=6, 10=7, 11=5, 12=6, 13=7, 14=6, 15=6, 17=5, 16=7, 19=5, 18=8, 21=5, 20=5, 23=5, 22=7, 25=7, 24=7, 27=5, 26=7, 29=6, 28=6, 31=7, 30=5, 34=7, 35=6, 32=7, 33=4, 38=7, 39=7, 36=6, 37=6, 42=6, 43=7, 40=7, 41=6, 46=6, 47=6, 44=7, 45=7, 51=5, 50=6, 49=5, 48=7, 55=7, 54=8, 53=6, 52=7, 59=7, 58=7, 57=8, 56=7, 63=5, 62=7, 61=7, 60=8, 68=6, 69=5, 70=7, 71=8, 64=7, 65=6, 66=6, 67=6, 76=7, 77=6, 78=5, 79=4, 72=6, 73=6, 74=6, 75=8, 85=7, 84=7, 87=8, 86=6, 81=6, 80=8, 83=6, 82=7, 93=7, 92=5, 95=6, 94=6, 89=7, 88=8, 91=6, 90=4, 98=4, 99=7, 96=5, 97=6}
Avg distance between not played chunks: 10.337698313861544
Min distance between not played chunks: 1.0
Max distance between not played chunks: 47.0

HELPING PEERS LOG

[HELPING] Active nodes: 0
[HELPING] Started playbacks: 0
[HELPING] Not started playbacks node-ids: []
[HELPING] Playbacks time-window: -9223372036854775807
[HELPING] Missing chunks distribution [missed-chunks/nodes]: {}
[HELPING] Rejected chunks for ttl expiration [chunk-id/nodes]: 0 {}
[HELPING] Rejected chunks for capacity limit [chunk-id/nodes]: 0 {}
[HELPING] bandwidthUtilUp: NaN
[HELPING] bandwidthUtilDown: NaN
[HELPING] Avg # of unsent chunk for max-retries: NaN
[HELPING] Min # of unsent chunk for max-retries: Infinity
[HELPING] Max # of unsent chunk for max-retries: -Infinity
[HELPING] Avg # of unsent chunk-reqs for max-retries: NaN
[HELPING] Min # of unsent chunk-reqs for max-retries: Infinity
[HELPING] Max # of unsent chunk-reqs for max-retries: -Infinity
[HELPING] Avg % of chunks received by Pastry: NaN
[HELPING] Min % of chunks received by Pastry: Infinity
[HELPING] Max % of chunks received by Pastry: -Infinity
[HELPING] StD of chunks received by Pastry: 0.0
[HELPING] Var of chunks received by Pastry: 0.0
[HELPING] Avg % of chunks received by StarStream: NaN
[HELPING] Min % of chunks received by StarStream: Infinity
[HELPING] Max % of chunks received by StarStream: -Infinity
[HELPING] StD of chunks received by StarStream: 0.0
[HELPING] Var of chunks received by StarStream: 0.0
[HELPING] Latency: NaN
[HELPING] Min of perceived avg chunk delivery-time: Infinity
[HELPING] Max of perceived avg chunk delivery-time: -Infinity
[HELPING] Variance of perceived avg chunk delivery-time: 0.0
[HELPING] StD of perceived avg chunk delivery-time: 0.0
[HELPING] Avg messages sent per node: NaN
[HELPING] Min messages sent per node: Infinity
[HELPING] Max messages sent per node: -Infinity
[HELPING] Variance of messages sent per node: 0.0
[HELPING] StD of messages sent per node: 0.0
[HELPING] Nodes with incomplete playbacks: 0
[HELPING] Packet Loss: NaN
[HELPING] Min % of not played chunks: Infinity
[HELPING] Max % of not played chunks: -Infinity
[HELPING] Not played chunks [chunk-id/nodes]: {}
[HELPING] Avg distance between not played chunks: NaN
[HELPING] Min distance between not played chunks: Infinity
[HELPING] Max distance between not played chunks: -Infinity

