Total chunks: 100
Nodes x chunk: 3
Total nodes: 24
Active nodes: 24
Started playbacks: 24
Not started playbacks node-ids: []
Playbacks time-window: 168
Missing chunks distribution [missed-chunks/nodes]: {0=21, 2=2, 3=1}
Rejected chunks for ttl expiration [chunk-id/nodes]: 3 {0=5, 1=2, 2=2}
Rejected chunks for capacity limit [chunk-id/nodes]: 0 {}
bandwidthUtilUp: 0.012515166130527658
bandwidthUtilDown: 0.00753687168061432
Avg # of unsent chunk for max-retries: 0.0
Min # of unsent chunk for max-retries: 0.0
Max # of unsent chunk for max-retries: 0.0
Avg # of unsent chunk-reqs for max-retries: 0.0
Min # of unsent chunk-reqs for max-retries: 0.0
Max # of unsent chunk-reqs for max-retries: 0.0
Avg % of chunks received by Pastry: 9.625
Min % of chunks received by Pastry: 0.0
Max % of chunks received by Pastry: 18.0
StD of chunks received by Pastry: 4.9590716171827784
Var of chunks received by Pastry: 24.59239130434782
Avg % of chunks received by StarStream: 89.41666666666667
Min % of chunks received by StarStream: 81.0
Max % of chunks received by StarStream: 100.0
StD of chunks received by StarStream: 5.046881660268358
Var of chunks received by StarStream: 25.471014492753095
[NONMOJO] Startup Delay: 66.33333333333333
[MOJO] Startup Delay: 71.3
[MOJO] Latency: 8.297137089033262
Min of perceived avg chunk delivery-time: 7.2
Max of perceived avg chunk delivery-time: 10.051020408163266
Variance of perceived avg chunk delivery-time: 0.5504416666158397
StD of perceived avg chunk delivery-time: 0.7419175605253185
Avg messages sent per node: 4980.25
Min messages sent per node: 2249.0
Max messages sent per node: 7650.0
Variance of messages sent per node: 2654791.93478261
StD of messages sent per node: 1629.353225909781
Nodes with incomplete playbacks: 12
[MOJO] Continuity Index: 83.45833333333333
[MOJO] Packet Loss: 16.541666666666668
Min % of not played chunks: 0.0
Max % of not played chunks: 99.0
Not played chunks [chunk-id/nodes]: {1=8, 2=5, 3=4, 4=4, 5=4, 6=3, 7=4, 8=3, 9=4, 10=4, 11=4, 12=3, 13=4, 14=5, 15=5, 17=3, 16=4, 19=3, 18=4, 21=4, 20=4, 23=3, 22=3, 25=5, 24=4, 27=4, 26=3, 29=3, 28=4, 31=3, 30=5, 34=4, 35=3, 32=4, 33=5, 38=4, 39=4, 36=4, 37=5, 42=4, 43=4, 40=3, 41=3, 46=3, 47=5, 44=5, 45=5, 51=3, 50=4, 49=3, 48=5, 55=5, 54=3, 53=5, 52=6, 59=4, 58=4, 57=4, 56=3, 63=3, 62=5, 61=4, 60=4, 68=4, 69=4, 70=3, 71=4, 64=4, 65=4, 66=4, 67=4, 76=4, 77=4, 78=3, 79=4, 72=4, 73=5, 74=5, 75=5, 85=5, 84=4, 87=4, 86=4, 81=4, 80=4, 83=4, 82=5, 93=3, 92=4, 95=4, 94=4, 89=3, 88=4, 91=3, 90=4, 98=4, 99=3, 96=4, 97=5}
Avg distance between not played chunks: 3.5674374460742015
Min distance between not played chunks: 1.0
Max distance between not played chunks: 9.4

HELPING PEERS LOG

[HELPING] Active nodes: 0
[HELPING] Started playbacks: 0
[HELPING] Not started playbacks node-ids: []
[HELPING] Playbacks time-window: -9223372036854775807
[HELPING] Missing chunks distribution [missed-chunks/nodes]: {}
[HELPING] Rejected chunks for ttl expiration [chunk-id/nodes]: 0 {}
[HELPING] Rejected chunks for capacity limit [chunk-id/nodes]: 0 {}
[HELPING] bandwidthUtilUp: NaN
[HELPING] bandwidthUtilDown: NaN
[HELPING] Avg # of unsent chunk for max-retries: NaN
[HELPING] Min # of unsent chunk for max-retries: Infinity
[HELPING] Max # of unsent chunk for max-retries: -Infinity
[HELPING] Avg # of unsent chunk-reqs for max-retries: NaN
[HELPING] Min # of unsent chunk-reqs for max-retries: Infinity
[HELPING] Max # of unsent chunk-reqs for max-retries: -Infinity
[HELPING] Avg % of chunks received by Pastry: NaN
[HELPING] Min % of chunks received by Pastry: Infinity
[HELPING] Max % of chunks received by Pastry: -Infinity
[HELPING] StD of chunks received by Pastry: 0.0
[HELPING] Var of chunks received by Pastry: 0.0
[HELPING] Avg % of chunks received by StarStream: NaN
[HELPING] Min % of chunks received by StarStream: Infinity
[HELPING] Max % of chunks received by StarStream: -Infinity
[HELPING] StD of chunks received by StarStream: 0.0
[HELPING] Var of chunks received by StarStream: 0.0
[HELPING] Latency: NaN
[HELPING] Min of perceived avg chunk delivery-time: Infinity
[HELPING] Max of perceived avg chunk delivery-time: -Infinity
[HELPING] Variance of perceived avg chunk delivery-time: 0.0
[HELPING] StD of perceived avg chunk delivery-time: 0.0
[HELPING] Avg messages sent per node: NaN
[HELPING] Min messages sent per node: Infinity
[HELPING] Max messages sent per node: -Infinity
[HELPING] Variance of messages sent per node: 0.0
[HELPING] StD of messages sent per node: 0.0
[HELPING] Nodes with incomplete playbacks: 0
[HELPING] Packet Loss: NaN
[HELPING] Min % of not played chunks: Infinity
[HELPING] Max % of not played chunks: -Infinity
[HELPING] Not played chunks [chunk-id/nodes]: {}
[HELPING] Avg distance between not played chunks: NaN
[HELPING] Min distance between not played chunks: Infinity
[HELPING] Max distance between not played chunks: -Infinity

