Total chunks: 100
Nodes x chunk: 3
Total nodes: 24
Active nodes: 24
Started playbacks: 24
Not started playbacks node-ids: []
Playbacks time-window: 150
Missing chunks distribution [missed-chunks/nodes]: {0=18, 1=4, 3=2}
Rejected chunks for ttl expiration [chunk-id/nodes]: 7 {0=9, 1=2, 2=1, 81=1, 96=1, 66=2, 52=1}
Rejected chunks for capacity limit [chunk-id/nodes]: 0 {}
bandwidthUtilUp: 0.010358743797483467
bandwidthUtilDown: 0.006289195638684999
Avg # of unsent chunk for max-retries: 0.0
Min # of unsent chunk for max-retries: 0.0
Max # of unsent chunk for max-retries: 0.0
Avg # of unsent chunk-reqs for max-retries: 0.0
Min # of unsent chunk-reqs for max-retries: 0.0
Max # of unsent chunk-reqs for max-retries: 0.0
Avg % of chunks received by Pastry: 8.041666666666666
Min % of chunks received by Pastry: 0.0
Max % of chunks received by Pastry: 18.0
StD of chunks received by Pastry: 6.590369565850823
Var of chunks received by Pastry: 43.432971014492765
Avg % of chunks received by StarStream: 91.20833333333333
Min % of chunks received by StarStream: 81.0
Max % of chunks received by StarStream: 100.0
StD of chunks received by StarStream: 6.826923469467932
Var of chunks received by StarStream: 46.60688405797207
[NONMOJO] Startup Delay: 76.08333333333333
[MOJO] Startup Delay: 63.0
[MOJO] Latency: 9.288802461107322
Min of perceived avg chunk delivery-time: 7.63
Max of perceived avg chunk delivery-time: 11.131313131313131
Variance of perceived avg chunk delivery-time: 0.8826590698515256
StD of perceived avg chunk delivery-time: 0.9394993719271587
Avg messages sent per node: 3148.2083333333335
Min messages sent per node: 1669.0
Max messages sent per node: 5232.0
Variance of messages sent per node: 912318.3460144906
StD of messages sent per node: 955.153571952956
Nodes with incomplete playbacks: 10
[MOJO] Continuity Index: 85.0
[MOJO] Packet Loss: 15.0
Min % of not played chunks: 0.0
Max % of not played chunks: 99.0
Not played chunks [chunk-id/nodes]: {1=6, 2=5, 3=4, 4=4, 5=3, 6=4, 7=3, 8=3, 9=3, 10=4, 11=3, 12=3, 13=3, 14=4, 15=3, 17=3, 16=4, 19=4, 18=3, 21=3, 20=4, 23=3, 22=3, 25=4, 24=4, 27=3, 26=3, 29=4, 28=3, 31=3, 30=4, 34=4, 35=3, 32=3, 33=4, 38=3, 39=3, 36=3, 37=4, 42=4, 43=3, 40=3, 41=4, 46=3, 47=4, 44=4, 45=4, 51=3, 50=3, 49=3, 48=4, 55=3, 54=4, 53=4, 52=5, 59=4, 58=3, 57=3, 56=4, 63=3, 62=5, 61=4, 60=4, 68=4, 69=3, 70=4, 71=4, 64=3, 65=3, 66=6, 67=4, 76=3, 77=2, 78=5, 79=3, 72=3, 73=4, 74=3, 75=3, 85=4, 84=3, 87=4, 86=4, 81=5, 80=3, 83=4, 82=5, 93=3, 92=4, 95=4, 94=4, 89=4, 88=3, 91=3, 90=4, 98=4, 99=4, 96=5, 97=4}
Avg distance between not played chunks: 8.843604848759488
Min distance between not played chunks: 1.0
Max distance between not played chunks: 51.0

HELPING PEERS LOG

[HELPING] Active nodes: 0
[HELPING] Started playbacks: 0
[HELPING] Not started playbacks node-ids: []
[HELPING] Playbacks time-window: -9223372036854775807
[HELPING] Missing chunks distribution [missed-chunks/nodes]: {}
[HELPING] Rejected chunks for ttl expiration [chunk-id/nodes]: 0 {}
[HELPING] Rejected chunks for capacity limit [chunk-id/nodes]: 0 {}
[HELPING] bandwidthUtilUp: NaN
[HELPING] bandwidthUtilDown: NaN
[HELPING] Avg # of unsent chunk for max-retries: NaN
[HELPING] Min # of unsent chunk for max-retries: Infinity
[HELPING] Max # of unsent chunk for max-retries: -Infinity
[HELPING] Avg # of unsent chunk-reqs for max-retries: NaN
[HELPING] Min # of unsent chunk-reqs for max-retries: Infinity
[HELPING] Max # of unsent chunk-reqs for max-retries: -Infinity
[HELPING] Avg % of chunks received by Pastry: NaN
[HELPING] Min % of chunks received by Pastry: Infinity
[HELPING] Max % of chunks received by Pastry: -Infinity
[HELPING] StD of chunks received by Pastry: 0.0
[HELPING] Var of chunks received by Pastry: 0.0
[HELPING] Avg % of chunks received by StarStream: NaN
[HELPING] Min % of chunks received by StarStream: Infinity
[HELPING] Max % of chunks received by StarStream: -Infinity
[HELPING] StD of chunks received by StarStream: 0.0
[HELPING] Var of chunks received by StarStream: 0.0
[HELPING] Latency: NaN
[HELPING] Min of perceived avg chunk delivery-time: Infinity
[HELPING] Max of perceived avg chunk delivery-time: -Infinity
[HELPING] Variance of perceived avg chunk delivery-time: 0.0
[HELPING] StD of perceived avg chunk delivery-time: 0.0
[HELPING] Avg messages sent per node: NaN
[HELPING] Min messages sent per node: Infinity
[HELPING] Max messages sent per node: -Infinity
[HELPING] Variance of messages sent per node: 0.0
[HELPING] StD of messages sent per node: 0.0
[HELPING] Nodes with incomplete playbacks: 0
[HELPING] Packet Loss: NaN
[HELPING] Min % of not played chunks: Infinity
[HELPING] Max % of not played chunks: -Infinity
[HELPING] Not played chunks [chunk-id/nodes]: {}
[HELPING] Avg distance between not played chunks: NaN
[HELPING] Min distance between not played chunks: Infinity
[HELPING] Max distance between not played chunks: -Infinity

