Total chunks: 100
Nodes x chunk: 3
Total nodes: 24
Active nodes: 24
Started playbacks: 24
Not started playbacks node-ids: []
Playbacks time-window: 116
Missing chunks distribution [missed-chunks/nodes]: {0=18, 1=2, 2=3, 3=1}
Rejected chunks for ttl expiration [chunk-id/nodes]: 7 {51=1, 0=4, 68=1, 84=2, 1=2, 64=1, 78=2}
Rejected chunks for capacity limit [chunk-id/nodes]: 0 {}
bandwidthUtilUp: 0.011039557507109955
bandwidthUtilDown: 0.006822702853700984
Avg # of unsent chunk for max-retries: 0.0
Min # of unsent chunk for max-retries: 0.0
Max # of unsent chunk for max-retries: 0.0
Avg # of unsent chunk-reqs for max-retries: 0.0
Min # of unsent chunk-reqs for max-retries: 0.0
Max # of unsent chunk-reqs for max-retries: 0.0
Avg % of chunks received by Pastry: 9.583333333333334
Min % of chunks received by Pastry: 0.0
Max % of chunks received by Pastry: 19.0
StD of chunks received by Pastry: 5.970337305063414
Var of chunks received by Pastry: 35.644927536231876
Avg % of chunks received by StarStream: 89.58333333333333
Min % of chunks received by StarStream: 80.0
Max % of chunks received by StarStream: 100.0
StD of chunks received by StarStream: 6.2269866162407155
Var of chunks received by StarStream: 38.775362318841
[NONMOJO] Startup Delay: 60.0
[MOJO] Startup Delay: 91.3
[MOJO] Latency: 9.080128831445105
Min of perceived avg chunk delivery-time: 7.13
Max of perceived avg chunk delivery-time: 11.535353535353535
Variance of perceived avg chunk delivery-time: 1.0771958898489045
StD of perceived avg chunk delivery-time: 1.0378804795586554
Avg messages sent per node: 3560.375
Min messages sent per node: 1754.0
Max messages sent per node: 5973.0
Variance of messages sent per node: 1383813.9836956528
StD of messages sent per node: 1176.3562316303905
Nodes with incomplete playbacks: 12
[MOJO] Continuity Index: 79.5
[MOJO] Packet Loss: 20.5
Min % of not played chunks: 0.0
Max % of not played chunks: 99.0
Not played chunks [chunk-id/nodes]: {1=7, 2=6, 3=5, 4=4, 5=4, 6=5, 7=4, 8=5, 9=5, 10=4, 11=4, 12=3, 13=6, 14=6, 15=5, 17=5, 16=3, 19=4, 18=6, 21=4, 20=5, 23=3, 22=4, 25=7, 24=4, 27=4, 26=4, 29=4, 28=5, 31=4, 30=4, 34=4, 35=5, 32=5, 33=4, 38=5, 39=6, 36=5, 37=4, 42=5, 43=6, 40=4, 41=5, 46=4, 47=5, 44=4, 45=6, 51=7, 50=4, 49=4, 48=7, 55=6, 54=7, 53=5, 52=5, 59=6, 58=6, 57=4, 56=4, 63=4, 62=4, 61=5, 60=4, 68=6, 69=4, 70=4, 71=4, 64=6, 65=6, 66=6, 67=5, 76=7, 77=3, 78=9, 79=5, 72=5, 73=5, 74=5, 75=5, 85=6, 84=7, 87=4, 86=5, 81=4, 80=5, 83=6, 82=7, 93=5, 92=5, 95=6, 94=5, 89=5, 88=5, 91=5, 90=5, 98=4, 99=6, 96=5, 97=5}
Avg distance between not played chunks: 11.945398148148149
Min distance between not played chunks: 1.0
Max distance between not played chunks: 77.0

HELPING PEERS LOG

[HELPING] Active nodes: 0
[HELPING] Started playbacks: 0
[HELPING] Not started playbacks node-ids: []
[HELPING] Playbacks time-window: -9223372036854775807
[HELPING] Missing chunks distribution [missed-chunks/nodes]: {}
[HELPING] Rejected chunks for ttl expiration [chunk-id/nodes]: 0 {}
[HELPING] Rejected chunks for capacity limit [chunk-id/nodes]: 0 {}
[HELPING] bandwidthUtilUp: NaN
[HELPING] bandwidthUtilDown: NaN
[HELPING] Avg # of unsent chunk for max-retries: NaN
[HELPING] Min # of unsent chunk for max-retries: Infinity
[HELPING] Max # of unsent chunk for max-retries: -Infinity
[HELPING] Avg # of unsent chunk-reqs for max-retries: NaN
[HELPING] Min # of unsent chunk-reqs for max-retries: Infinity
[HELPING] Max # of unsent chunk-reqs for max-retries: -Infinity
[HELPING] Avg % of chunks received by Pastry: NaN
[HELPING] Min % of chunks received by Pastry: Infinity
[HELPING] Max % of chunks received by Pastry: -Infinity
[HELPING] StD of chunks received by Pastry: 0.0
[HELPING] Var of chunks received by Pastry: 0.0
[HELPING] Avg % of chunks received by StarStream: NaN
[HELPING] Min % of chunks received by StarStream: Infinity
[HELPING] Max % of chunks received by StarStream: -Infinity
[HELPING] StD of chunks received by StarStream: 0.0
[HELPING] Var of chunks received by StarStream: 0.0
[HELPING] Latency: NaN
[HELPING] Min of perceived avg chunk delivery-time: Infinity
[HELPING] Max of perceived avg chunk delivery-time: -Infinity
[HELPING] Variance of perceived avg chunk delivery-time: 0.0
[HELPING] StD of perceived avg chunk delivery-time: 0.0
[HELPING] Avg messages sent per node: NaN
[HELPING] Min messages sent per node: Infinity
[HELPING] Max messages sent per node: -Infinity
[HELPING] Variance of messages sent per node: 0.0
[HELPING] StD of messages sent per node: 0.0
[HELPING] Nodes with incomplete playbacks: 0
[HELPING] Packet Loss: NaN
[HELPING] Min % of not played chunks: Infinity
[HELPING] Max % of not played chunks: -Infinity
[HELPING] Not played chunks [chunk-id/nodes]: {}
[HELPING] Avg distance between not played chunks: NaN
[HELPING] Min distance between not played chunks: Infinity
[HELPING] Max distance between not played chunks: -Infinity

