Total chunks: 100
Nodes x chunk: 3
Total nodes: 24
Active nodes: 24
Started playbacks: 24
Not started playbacks node-ids: []
Playbacks time-window: 168
Missing chunks distribution [missed-chunks/nodes]: {0=11, 1=10, 2=2, 3=1}
Rejected chunks for ttl expiration [chunk-id/nodes]: 11 {0=4, 84=1, 2=1, 81=1, 54=2, 83=2, 92=1, 95=1, 56=1, 41=4, 62=1}
Rejected chunks for capacity limit [chunk-id/nodes]: 0 {}
bandwidthUtilUp: 0.01002723934903727
bandwidthUtilDown: 0.005815692210925992
Avg # of unsent chunk for max-retries: 0.0
Min # of unsent chunk for max-retries: 0.0
Max # of unsent chunk for max-retries: 0.0
Avg # of unsent chunk-reqs for max-retries: 0.0
Min # of unsent chunk-reqs for max-retries: 0.0
Max # of unsent chunk-reqs for max-retries: 0.0
Avg % of chunks received by Pastry: 10.041666666666666
Min % of chunks received by Pastry: 1.0
Max % of chunks received by Pastry: 24.0
StD of chunks received by Pastry: 7.220015456244246
Var of chunks received by Pastry: 52.128623188405804
Avg % of chunks received by StarStream: 89.125
Min % of chunks received by StarStream: 75.0
Max % of chunks received by StarStream: 98.0
StD of chunks received by StarStream: 7.261048552857695
Var of chunks received by StarStream: 52.722826086956836
[NONMOJO] Startup Delay: 65.29166666666667
[MOJO] Startup Delay: 90.1
[MOJO] Latency: 9.695278827088474
Min of perceived avg chunk delivery-time: 7.232323232323233
Max of perceived avg chunk delivery-time: 12.072164948453608
Variance of perceived avg chunk delivery-time: 1.2100626568747814
StD of perceived avg chunk delivery-time: 1.1000284800289406
Avg messages sent per node: 2594.75
Min messages sent per node: 1824.0
Max messages sent per node: 3824.0
Variance of messages sent per node: 327947.84782608727
StD of messages sent per node: 572.6673098982403
Nodes with incomplete playbacks: 17
[MOJO] Continuity Index: 75.625
[MOJO] Packet Loss: 24.375
Min % of not played chunks: 0.0
Max % of not played chunks: 99.0
Not played chunks [chunk-id/nodes]: {1=6, 2=7, 3=6, 4=5, 5=5, 6=6, 7=6, 8=6, 9=6, 10=5, 11=5, 12=4, 13=6, 14=6, 15=4, 17=6, 16=5, 19=5, 18=6, 21=4, 20=4, 23=5, 22=5, 25=5, 24=7, 27=6, 26=3, 29=6, 28=6, 31=5, 30=7, 34=3, 35=4, 32=7, 33=4, 38=6, 39=6, 36=5, 37=7, 42=6, 43=8, 40=5, 41=10, 46=7, 47=5, 44=4, 45=4, 51=7, 50=8, 49=6, 48=4, 55=6, 54=10, 53=6, 52=8, 59=6, 58=6, 57=6, 56=9, 63=5, 62=8, 61=5, 60=6, 68=3, 69=6, 70=5, 71=8, 64=7, 65=6, 66=5, 67=5, 76=6, 77=6, 78=5, 79=6, 72=6, 73=8, 74=6, 75=6, 85=7, 84=8, 87=5, 86=6, 81=9, 80=4, 83=7, 82=7, 93=7, 92=5, 95=7, 94=8, 89=5, 88=6, 91=5, 90=5, 98=7, 99=7, 96=4, 97=7}
Avg distance between not played chunks: 5.599185865846764
Min distance between not played chunks: 1.0
Max distance between not played chunks: 27.5

HELPING PEERS LOG

[HELPING] Active nodes: 0
[HELPING] Started playbacks: 0
[HELPING] Not started playbacks node-ids: []
[HELPING] Playbacks time-window: -9223372036854775807
[HELPING] Missing chunks distribution [missed-chunks/nodes]: {}
[HELPING] Rejected chunks for ttl expiration [chunk-id/nodes]: 0 {}
[HELPING] Rejected chunks for capacity limit [chunk-id/nodes]: 0 {}
[HELPING] bandwidthUtilUp: NaN
[HELPING] bandwidthUtilDown: NaN
[HELPING] Avg # of unsent chunk for max-retries: NaN
[HELPING] Min # of unsent chunk for max-retries: Infinity
[HELPING] Max # of unsent chunk for max-retries: -Infinity
[HELPING] Avg # of unsent chunk-reqs for max-retries: NaN
[HELPING] Min # of unsent chunk-reqs for max-retries: Infinity
[HELPING] Max # of unsent chunk-reqs for max-retries: -Infinity
[HELPING] Avg % of chunks received by Pastry: NaN
[HELPING] Min % of chunks received by Pastry: Infinity
[HELPING] Max % of chunks received by Pastry: -Infinity
[HELPING] StD of chunks received by Pastry: 0.0
[HELPING] Var of chunks received by Pastry: 0.0
[HELPING] Avg % of chunks received by StarStream: NaN
[HELPING] Min % of chunks received by StarStream: Infinity
[HELPING] Max % of chunks received by StarStream: -Infinity
[HELPING] StD of chunks received by StarStream: 0.0
[HELPING] Var of chunks received by StarStream: 0.0
[HELPING] Latency: NaN
[HELPING] Min of perceived avg chunk delivery-time: Infinity
[HELPING] Max of perceived avg chunk delivery-time: -Infinity
[HELPING] Variance of perceived avg chunk delivery-time: 0.0
[HELPING] StD of perceived avg chunk delivery-time: 0.0
[HELPING] Avg messages sent per node: NaN
[HELPING] Min messages sent per node: Infinity
[HELPING] Max messages sent per node: -Infinity
[HELPING] Variance of messages sent per node: 0.0
[HELPING] StD of messages sent per node: 0.0
[HELPING] Nodes with incomplete playbacks: 0
[HELPING] Packet Loss: NaN
[HELPING] Min % of not played chunks: Infinity
[HELPING] Max % of not played chunks: -Infinity
[HELPING] Not played chunks [chunk-id/nodes]: {}
[HELPING] Avg distance between not played chunks: NaN
[HELPING] Min distance between not played chunks: Infinity
[HELPING] Max distance between not played chunks: -Infinity

