Total chunks: 100
Nodes x chunk: 3
Total nodes: 24
Active nodes: 24
Started playbacks: 24
Not started playbacks node-ids: []
Playbacks time-window: 119
Missing chunks distribution [missed-chunks/nodes]: {0=19, 1=2, 2=3}
Rejected chunks for ttl expiration [chunk-id/nodes]: 2 {1=3, 91=2}
Rejected chunks for capacity limit [chunk-id/nodes]: 0 {}
bandwidthUtilUp: 0.012473775873039257
bandwidthUtilDown: 0.006906260508327259
Avg # of unsent chunk for max-retries: 0.0
Min # of unsent chunk for max-retries: 0.0
Max # of unsent chunk for max-retries: 0.0
Avg # of unsent chunk-reqs for max-retries: 0.0
Min # of unsent chunk-reqs for max-retries: 0.0
Max # of unsent chunk-reqs for max-retries: 0.0
Avg % of chunks received by Pastry: 7.166666666666667
Min % of chunks received by Pastry: 0.0
Max % of chunks received by Pastry: 18.0
StD of chunks received by Pastry: 5.813527453214215
Var of chunks received by Pastry: 33.79710144927536
Avg % of chunks received by StarStream: 92.04166666666667
Min % of chunks received by StarStream: 81.0
Max % of chunks received by StarStream: 100.0
StD of chunks received by StarStream: 6.05395427128736
Var of chunks received by StarStream: 36.65036231883847
[NONMOJO] Startup Delay: 66.125
[MOJO] Startup Delay: 93.1
[MOJO] Latency: 7.936695698481415
Min of perceived avg chunk delivery-time: 6.84
Max of perceived avg chunk delivery-time: 9.591836734693878
Variance of perceived avg chunk delivery-time: 0.5034691765690992
StD of perceived avg chunk delivery-time: 0.7095556190807731
Avg messages sent per node: 5861.0
Min messages sent per node: 3704.0
Max messages sent per node: 7484.0
Variance of messages sent per node: 971627.6521739104
StD of messages sent per node: 985.7117490290508
Nodes with incomplete playbacks: 10
[MOJO] Continuity Index: 85.75
[MOJO] Packet Loss: 14.25
Min % of not played chunks: 0.0
Max % of not played chunks: 99.0
Not played chunks [chunk-id/nodes]: {1=7, 2=3, 3=3, 4=3, 5=3, 6=3, 7=3, 8=3, 9=3, 10=3, 11=3, 12=3, 13=4, 14=3, 15=4, 17=3, 16=3, 19=3, 18=3, 21=3, 20=3, 23=3, 22=3, 25=4, 24=3, 27=4, 26=3, 29=4, 28=4, 31=4, 30=3, 34=3, 35=4, 32=3, 33=4, 38=3, 39=3, 36=3, 37=3, 42=3, 43=3, 40=3, 41=3, 46=4, 47=4, 44=3, 45=3, 51=4, 50=3, 49=3, 48=3, 55=3, 54=4, 53=3, 52=3, 59=4, 58=4, 57=3, 56=4, 63=5, 62=3, 61=3, 60=4, 68=4, 69=3, 70=3, 71=4, 64=4, 65=3, 66=3, 67=3, 76=3, 77=4, 78=4, 79=3, 72=3, 73=3, 74=3, 75=3, 85=4, 84=4, 87=4, 86=3, 81=4, 80=4, 83=3, 82=4, 93=4, 92=3, 95=4, 94=3, 89=3, 88=4, 91=7, 90=4, 98=4, 99=4, 96=3, 97=4}
Avg distance between not played chunks: 6.717851329354313
Min distance between not played chunks: 1.0
Max distance between not played chunks: 28.0

HELPING PEERS LOG

[HELPING] Active nodes: 0
[HELPING] Started playbacks: 0
[HELPING] Not started playbacks node-ids: []
[HELPING] Playbacks time-window: -9223372036854775807
[HELPING] Missing chunks distribution [missed-chunks/nodes]: {}
[HELPING] Rejected chunks for ttl expiration [chunk-id/nodes]: 0 {}
[HELPING] Rejected chunks for capacity limit [chunk-id/nodes]: 0 {}
[HELPING] bandwidthUtilUp: NaN
[HELPING] bandwidthUtilDown: NaN
[HELPING] Avg # of unsent chunk for max-retries: NaN
[HELPING] Min # of unsent chunk for max-retries: Infinity
[HELPING] Max # of unsent chunk for max-retries: -Infinity
[HELPING] Avg # of unsent chunk-reqs for max-retries: NaN
[HELPING] Min # of unsent chunk-reqs for max-retries: Infinity
[HELPING] Max # of unsent chunk-reqs for max-retries: -Infinity
[HELPING] Avg % of chunks received by Pastry: NaN
[HELPING] Min % of chunks received by Pastry: Infinity
[HELPING] Max % of chunks received by Pastry: -Infinity
[HELPING] StD of chunks received by Pastry: 0.0
[HELPING] Var of chunks received by Pastry: 0.0
[HELPING] Avg % of chunks received by StarStream: NaN
[HELPING] Min % of chunks received by StarStream: Infinity
[HELPING] Max % of chunks received by StarStream: -Infinity
[HELPING] StD of chunks received by StarStream: 0.0
[HELPING] Var of chunks received by StarStream: 0.0
[HELPING] Latency: NaN
[HELPING] Min of perceived avg chunk delivery-time: Infinity
[HELPING] Max of perceived avg chunk delivery-time: -Infinity
[HELPING] Variance of perceived avg chunk delivery-time: 0.0
[HELPING] StD of perceived avg chunk delivery-time: 0.0
[HELPING] Avg messages sent per node: NaN
[HELPING] Min messages sent per node: Infinity
[HELPING] Max messages sent per node: -Infinity
[HELPING] Variance of messages sent per node: 0.0
[HELPING] StD of messages sent per node: 0.0
[HELPING] Nodes with incomplete playbacks: 0
[HELPING] Packet Loss: NaN
[HELPING] Min % of not played chunks: Infinity
[HELPING] Max % of not played chunks: -Infinity
[HELPING] Not played chunks [chunk-id/nodes]: {}
[HELPING] Avg distance between not played chunks: NaN
[HELPING] Min distance between not played chunks: Infinity
[HELPING] Max distance between not played chunks: -Infinity

