Total chunks: 100
Nodes x chunk: 3
Total nodes: 26
Active nodes: 24
Started playbacks: 24
Not started playbacks node-ids: []
Playbacks time-window: 113
Missing chunks distribution [missed-chunks/nodes]: {0=21, 2=3}
Rejected chunks for ttl expiration [chunk-id/nodes]: 2 {0=7, 1=3}
Rejected chunks for capacity limit [chunk-id/nodes]: 0 {}
bandwidthUtilUp: 0.013293528113073003
bandwidthUtilDown: 0.007311067418135495
Avg # of unsent chunk for max-retries: 0.0
Min # of unsent chunk for max-retries: 0.0
Max # of unsent chunk for max-retries: 0.0
Avg # of unsent chunk-reqs for max-retries: 0.0
Min # of unsent chunk-reqs for max-retries: 0.0
Max # of unsent chunk-reqs for max-retries: 0.0
Avg % of chunks received by Pastry: 6.833333333333333
Min % of chunks received by Pastry: 1.0
Max % of chunks received by Pastry: 16.0
StD of chunks received by Pastry: 4.659414655032994
Var of chunks received by Pastry: 21.710144927536234
Avg % of chunks received by StarStream: 92.20833333333333
Min % of chunks received by StarStream: 83.0
Max % of chunks received by StarStream: 99.0
StD of chunks received by StarStream: 4.717950611337174
Var of chunks received by StarStream: 22.259057971016812
[NONMOJO] Startup Delay: 64.33333333333333
[MOJO] Startup Delay: 78.6
[MOJO] Latency: 7.976801089122517
Min of perceived avg chunk delivery-time: 6.838383838383838
Max of perceived avg chunk delivery-time: 9.303030303030303
Variance of perceived avg chunk delivery-time: 0.4194046294507208
StD of perceived avg chunk delivery-time: 0.6476145685905474
Avg messages sent per node: 6248.25
Min messages sent per node: 4076.0
Max messages sent per node: 8085.0
Variance of messages sent per node: 1240409.2391304374
StD of messages sent per node: 1113.7366112014265
Nodes with incomplete playbacks: 13
[MOJO] Continuity Index: 75.0
[MOJO] Packet Loss: 25.0
Min % of not played chunks: 0.0
Max % of not played chunks: 99.0
Not played chunks [chunk-id/nodes]: {1=9, 2=8, 3=6, 4=4, 5=7, 6=5, 7=6, 8=6, 9=5, 10=7, 11=6, 12=6, 13=7, 14=6, 15=3, 17=6, 16=6, 19=5, 18=2, 21=6, 20=6, 23=8, 22=7, 25=5, 24=5, 27=7, 26=5, 29=5, 28=7, 31=5, 30=5, 34=6, 35=5, 32=3, 33=4, 38=6, 39=6, 36=4, 37=7, 42=8, 43=7, 40=5, 41=6, 46=10, 47=7, 44=8, 45=6, 51=4, 50=4, 49=7, 48=4, 55=3, 54=6, 53=6, 52=4, 59=7, 58=6, 57=6, 56=6, 63=5, 62=7, 61=7, 60=6, 68=8, 69=6, 70=6, 71=7, 64=7, 65=6, 66=7, 67=6, 76=6, 77=6, 78=4, 79=7, 72=5, 73=7, 74=9, 75=7, 85=5, 84=6, 87=7, 86=7, 81=6, 80=6, 83=6, 82=8, 93=6, 92=7, 95=8, 94=7, 89=5, 88=6, 91=6, 90=5, 98=7, 99=7, 96=7, 97=7}
Avg distance between not played chunks: 3.0648294725029688
Min distance between not played chunks: 1.0
Max distance between not played chunks: 12.0

HELPING PEERS LOG

[HELPING] Active nodes: 2
[HELPING] Started playbacks: 2
[HELPING] Not started playbacks node-ids: []
[HELPING] Playbacks time-window: 78
[HELPING] Missing chunks distribution [missed-chunks/nodes]: {0=1, 2=1}
[HELPING] Rejected chunks for ttl expiration [chunk-id/nodes]: 2 {0=1, 1=1}
[HELPING] Rejected chunks for capacity limit [chunk-id/nodes]: 0 {}
[HELPING] bandwidthUtilUp: 0.013222138077290259
[HELPING] bandwidthUtilDown: 0.00807564821916182
[HELPING] Avg # of unsent chunk for max-retries: 0.0
[HELPING] Min # of unsent chunk for max-retries: 0.0
[HELPING] Max # of unsent chunk for max-retries: 0.0
[HELPING] Avg # of unsent chunk-reqs for max-retries: 0.0
[HELPING] Min # of unsent chunk-reqs for max-retries: 0.0
[HELPING] Max # of unsent chunk-reqs for max-retries: 0.0
[HELPING] Avg % of chunks received by Pastry: 5.0
[HELPING] Min % of chunks received by Pastry: 0.0
[HELPING] Max % of chunks received by Pastry: 10.0
[HELPING] StD of chunks received by Pastry: 7.0710678118654755
[HELPING] Var of chunks received by Pastry: 50.0
[HELPING] Avg % of chunks received by StarStream: 94.5
[HELPING] Min % of chunks received by StarStream: 89.0
[HELPING] Max % of chunks received by StarStream: 100.0
[HELPING] StD of chunks received by StarStream: 7.7781745930520225
[HELPING] Var of chunks received by StarStream: 60.5
[HELPING] Startup Delay: 104.0
[HELPING] Latency: 7.825204081632654
[HELPING] Min of perceived avg chunk delivery-time: 7.520408163265306
[HELPING] Max of perceived avg chunk delivery-time: 8.13
[HELPING] Variance of perceived avg chunk delivery-time: 0.1858011037067797
[HELPING] StD of perceived avg chunk delivery-time: 0.4310465215110542
[HELPING] Avg messages sent per node: 6842.5
[HELPING] Min messages sent per node: 6455.0
[HELPING] Max messages sent per node: 7230.0
[HELPING] Variance of messages sent per node: 300312.5
[HELPING] StD of messages sent per node: 548.0077554195743
[HELPING] Nodes with incomplete playbacks: 1
[HELPING] Packet Loss: 0.5
[HELPING] Min % of not played chunks: 0.0
[HELPING] Max % of not played chunks: 1.0
[HELPING] Not played chunks [chunk-id/nodes]: {1=1}
[HELPING] Avg distance between not played chunks: NaN
[HELPING] Min distance between not played chunks: Infinity
[HELPING] Max distance between not played chunks: -Infinity

