Total chunks: 100
Nodes x chunk: 3
Total nodes: 48
Active nodes: 24
Started playbacks: 24
Not started playbacks node-ids: []
Playbacks time-window: 400
Missing chunks distribution [missed-chunks/nodes]: {0=22, 2=1, 96=1}
Rejected chunks for ttl expiration [chunk-id/nodes]: 84 {1=2, 2=1, 3=1, 4=1, 6=1, 7=1, 9=1, 10=1, 11=1, 12=1, 14=1, 15=1, 17=1, 16=1, 19=1, 18=1, 21=1, 20=1, 23=1, 22=1, 25=1, 24=1, 27=1, 26=1, 28=1, 31=1, 34=1, 35=1, 32=1, 38=1, 39=1, 36=1, 42=1, 40=1, 41=1, 46=1, 47=1, 44=1, 45=1, 51=1, 50=1, 48=1, 55=1, 54=1, 53=1, 52=1, 59=1, 57=1, 56=1, 63=1, 62=1, 61=1, 60=1, 68=1, 69=1, 70=1, 71=1, 64=1, 65=1, 66=1, 76=1, 77=1, 78=1, 72=1, 73=1, 74=1, 75=1, 85=1, 84=1, 86=1, 81=1, 80=1, 83=1, 93=1, 92=1, 95=1, 94=1, 89=1, 88=1, 91=1, 98=1, 99=1, 96=1, 97=1}
Rejected chunks for capacity limit [chunk-id/nodes]: 0 {}
bandwidthUtilUp: 0.013653041661314315
bandwidthUtilDown: 0.008250838244304056
Avg # of unsent chunk for max-retries: 0.0
Min # of unsent chunk for max-retries: 0.0
Max # of unsent chunk for max-retries: 0.0
Avg # of unsent chunk-reqs for max-retries: 0.0
Min # of unsent chunk-reqs for max-retries: 0.0
Max # of unsent chunk-reqs for max-retries: 0.0
Avg % of chunks received by Pastry: 8.458333333333334
Min % of chunks received by Pastry: 0.0
Max % of chunks received by Pastry: 15.0
StD of chunks received by Pastry: 4.423053899411745
Var of chunks received by Pastry: 19.563405797101446
Avg % of chunks received by StarStream: 90.58333333333333
Min % of chunks received by StarStream: 84.0
Max % of chunks received by StarStream: 100.0
StD of chunks received by StarStream: 4.510053182629444
Var of chunks received by StarStream: 20.34057971014598
[NONMOJO] Startup Delay: 106.20833333333333
[MOJO] Startup Delay: 90.3
[MOJO] Latency: 9.127395468288325
Min of perceived avg chunk delivery-time: 0.0
Max of perceived avg chunk delivery-time: 10.76
Variance of perceived avg chunk delivery-time: 4.170648534676591
StD of perceived avg chunk delivery-time: 2.0422165738913662
Avg messages sent per node: 6566.416666666667
Min messages sent per node: 242.0
Max messages sent per node: 9283.0
Variance of messages sent per node: 3666161.0362318754
StD of messages sent per node: 1914.7221825194054
Nodes with incomplete playbacks: 22
[MOJO] Continuity Index: 58.25
[MOJO] Packet Loss: 41.75
Min % of not played chunks: 0.0
Max % of not played chunks: 99.0
Not played chunks [chunk-id/nodes]: {1=13, 2=11, 3=11, 4=8, 5=12, 6=7, 7=11, 8=6, 9=9, 10=9, 11=11, 12=10, 13=5, 14=8, 15=10, 17=10, 16=10, 19=12, 18=9, 21=13, 20=8, 23=13, 22=9, 25=10, 24=8, 27=13, 26=10, 29=10, 28=8, 31=9, 30=8, 34=9, 35=11, 32=11, 33=8, 38=12, 39=11, 36=9, 37=7, 42=13, 43=12, 40=9, 41=8, 46=12, 47=9, 44=10, 45=6, 51=10, 50=10, 49=10, 48=13, 55=11, 54=10, 53=11, 52=12, 59=11, 58=11, 57=11, 56=11, 63=13, 62=11, 61=9, 60=15, 68=10, 69=11, 70=10, 71=9, 64=8, 65=11, 66=8, 67=11, 76=10, 77=9, 78=10, 79=13, 72=8, 73=11, 74=12, 75=11, 85=10, 84=9, 87=12, 86=5, 81=7, 80=11, 83=10, 82=8, 93=12, 92=10, 95=10, 94=9, 89=13, 88=11, 91=5, 90=8, 98=15, 99=11, 96=12, 97=15}
Avg distance between not played chunks: 5.506952362089081
Min distance between not played chunks: 1.0
Max distance between not played chunks: 49.0

HELPING PEERS LOG

[HELPING] Active nodes: 24
[HELPING] Started playbacks: 24
[HELPING] Not started playbacks node-ids: []
[HELPING] Playbacks time-window: 106
[HELPING] Missing chunks distribution [missed-chunks/nodes]: {0=23, 2=1}
[HELPING] Rejected chunks for ttl expiration [chunk-id/nodes]: 1 {1=1}
[HELPING] Rejected chunks for capacity limit [chunk-id/nodes]: 0 {}
[HELPING] bandwidthUtilUp: 0.014021807494119074
[HELPING] bandwidthUtilDown: 0.007848713229035305
[HELPING] Avg # of unsent chunk for max-retries: 0.0
[HELPING] Min # of unsent chunk for max-retries: 0.0
[HELPING] Max # of unsent chunk for max-retries: 0.0
[HELPING] Avg # of unsent chunk-reqs for max-retries: 0.0
[HELPING] Min # of unsent chunk-reqs for max-retries: 0.0
[HELPING] Max # of unsent chunk-reqs for max-retries: 0.0
[HELPING] Avg % of chunks received by Pastry: 8.125
[HELPING] Min % of chunks received by Pastry: 0.0
[HELPING] Max % of chunks received by Pastry: 19.0
[HELPING] StD of chunks received by Pastry: 5.202946489626147
[HELPING] Var of chunks received by Pastry: 27.07065217391304
[HELPING] Avg % of chunks received by StarStream: 91.0
[HELPING] Min % of chunks received by StarStream: 80.0
[HELPING] Max % of chunks received by StarStream: 100.0
[HELPING] StD of chunks received by StarStream: 5.413349039743104
[HELPING] Var of chunks received by StarStream: 29.30434782608759
[HELPING] Startup Delay: 96.58333333333333
[HELPING] Latency: 9.822678056070915
[HELPING] Min of perceived avg chunk delivery-time: 7.96
[HELPING] Max of perceived avg chunk delivery-time: 10.88888888888889
[HELPING] Variance of perceived avg chunk delivery-time: 0.5291740566953808
[HELPING] StD of perceived avg chunk delivery-time: 0.7274435075628765
[HELPING] Avg messages sent per node: 6635.166666666667
[HELPING] Min messages sent per node: 3981.0
[HELPING] Max messages sent per node: 10041.0
[HELPING] Variance of messages sent per node: 2593452.7536231824
[HELPING] StD of messages sent per node: 1610.4200550239004
[HELPING] Nodes with incomplete playbacks: 18
[HELPING] Packet Loss: 31.791666666666668
[HELPING] Min % of not played chunks: 0.0
[HELPING] Max % of not played chunks: 99.0
[HELPING] Not played chunks [chunk-id/nodes]: {1=12, 2=10, 3=8, 4=6, 5=7, 6=2, 7=6, 8=7, 9=5, 10=7, 11=7, 12=8, 13=4, 14=7, 15=7, 17=7, 16=10, 19=7, 18=7, 21=11, 20=5, 23=10, 22=8, 25=9, 24=6, 27=7, 26=9, 29=6, 28=8, 31=7, 30=6, 34=6, 35=6, 32=6, 33=4, 38=7, 39=7, 36=7, 37=5, 42=5, 43=5, 40=8, 41=6, 46=8, 47=8, 44=11, 45=9, 51=8, 50=6, 49=7, 48=9, 55=11, 54=5, 53=10, 52=6, 59=8, 58=11, 57=4, 56=10, 63=8, 62=9, 61=8, 60=8, 68=9, 69=9, 70=7, 71=6, 64=7, 65=10, 66=8, 67=6, 76=6, 77=6, 78=8, 79=11, 72=9, 73=11, 74=11, 75=8, 85=12, 84=9, 87=10, 86=5, 81=9, 80=10, 83=7, 82=6, 93=9, 92=8, 95=9, 94=10, 89=12, 88=6, 91=6, 90=6, 98=9, 99=8, 96=6, 97=12}
[HELPING] Avg distance between not played chunks: 5.261718220520915
[HELPING] Min distance between not played chunks: 1.0
[HELPING] Max distance between not played chunks: 22.0

