Total chunks: 100
Nodes x chunk: 3
Total nodes: 28
Active nodes: 24
Started playbacks: 24
Not started playbacks node-ids: []
Playbacks time-window: 164
Missing chunks distribution [missed-chunks/nodes]: {0=20, 2=3, 3=1}
Rejected chunks for ttl expiration [chunk-id/nodes]: 3 {0=5, 1=4, 2=1}
Rejected chunks for capacity limit [chunk-id/nodes]: 0 {}
bandwidthUtilUp: 0.013707172745677426
bandwidthUtilDown: 0.007990172900233747
Avg # of unsent chunk for max-retries: 0.0
Min # of unsent chunk for max-retries: 0.0
Max # of unsent chunk for max-retries: 0.0
Avg # of unsent chunk-reqs for max-retries: 0.0
Min # of unsent chunk-reqs for max-retries: 0.0
Max # of unsent chunk-reqs for max-retries: 0.0
Avg % of chunks received by Pastry: 9.416666666666666
Min % of chunks received by Pastry: 1.0
Max % of chunks received by Pastry: 20.0
StD of chunks received by Pastry: 5.555386470856885
Var of chunks received by Pastry: 30.86231884057972
Avg % of chunks received by StarStream: 89.625
Min % of chunks received by StarStream: 79.0
Max % of chunks received by StarStream: 98.0
StD of chunks received by StarStream: 5.616841910137605
Var of chunks received by StarStream: 31.54891304347826
[NONMOJO] Startup Delay: 66.625
[MOJO] Startup Delay: 71.4
[MOJO] Latency: 7.801970439899381
Min of perceived avg chunk delivery-time: 6.77
Max of perceived avg chunk delivery-time: 9.76530612244898
Variance of perceived avg chunk delivery-time: 0.6349754446600434
StD of perceived avg chunk delivery-time: 0.7968534649859053
Avg messages sent per node: 6497.541666666667
Min messages sent per node: 3825.0
Max messages sent per node: 8500.0
Variance of messages sent per node: 1736865.3894927527
StD of messages sent per node: 1317.901889175652
Nodes with incomplete playbacks: 18
[MOJO] Continuity Index: 65.91666666666667
[MOJO] Packet Loss: 34.083333333333336
Min % of not played chunks: 0.0
Max % of not played chunks: 99.0
Not played chunks [chunk-id/nodes]: {1=10, 2=9, 3=7, 4=8, 5=7, 6=8, 7=8, 8=9, 9=7, 10=6, 11=8, 12=6, 13=6, 14=9, 15=8, 17=6, 16=6, 19=8, 18=11, 21=7, 20=5, 23=7, 22=7, 25=7, 24=9, 27=6, 26=9, 29=8, 28=9, 31=6, 30=4, 34=10, 35=9, 32=8, 33=8, 38=7, 39=6, 36=10, 37=7, 42=8, 43=9, 40=8, 41=8, 46=9, 47=6, 44=8, 45=11, 51=8, 50=9, 49=10, 48=9, 55=9, 54=10, 53=12, 52=9, 59=9, 58=9, 57=9, 56=11, 63=8, 62=10, 61=11, 60=6, 68=6, 69=9, 70=6, 71=8, 64=7, 65=10, 66=9, 67=8, 76=8, 77=11, 78=12, 79=7, 72=6, 73=8, 74=7, 75=9, 85=9, 84=8, 87=10, 86=8, 81=9, 80=10, 83=8, 82=8, 93=9, 92=10, 95=12, 94=6, 89=10, 88=8, 91=8, 90=9, 98=7, 99=8, 96=8, 97=10}
Avg distance between not played chunks: 3.6381654028183408
Min distance between not played chunks: 1.0
Max distance between not played chunks: 21.0

HELPING PEERS LOG

[HELPING] Active nodes: 4
[HELPING] Started playbacks: 4
[HELPING] Not started playbacks node-ids: []
[HELPING] Playbacks time-window: 148
[HELPING] Missing chunks distribution [missed-chunks/nodes]: {0=3, 3=1}
[HELPING] Rejected chunks for ttl expiration [chunk-id/nodes]: 2 {0=2, 2=1}
[HELPING] Rejected chunks for capacity limit [chunk-id/nodes]: 0 {}
[HELPING] bandwidthUtilUp: 0.01403544201822075
[HELPING] bandwidthUtilDown: 0.008046205033907848
[HELPING] Avg # of unsent chunk for max-retries: 0.0
[HELPING] Min # of unsent chunk for max-retries: 0.0
[HELPING] Max # of unsent chunk for max-retries: 0.0
[HELPING] Avg # of unsent chunk-reqs for max-retries: 0.0
[HELPING] Min # of unsent chunk-reqs for max-retries: 0.0
[HELPING] Max # of unsent chunk-reqs for max-retries: 0.0
[HELPING] Avg % of chunks received by Pastry: 3.75
[HELPING] Min % of chunks received by Pastry: 2.0
[HELPING] Max % of chunks received by Pastry: 8.0
[HELPING] StD of chunks received by Pastry: 2.8722813232690143
[HELPING] Var of chunks received by Pastry: 8.25
[HELPING] Avg % of chunks received by StarStream: 95.25
[HELPING] Min % of chunks received by StarStream: 91.0
[HELPING] Max % of chunks received by StarStream: 97.0
[HELPING] StD of chunks received by StarStream: 2.8722813232690143
[HELPING] Var of chunks received by StarStream: 8.25
[HELPING] Startup Delay: 108.25
[HELPING] Latency: 8.404254920337396
[HELPING] Min of perceived avg chunk delivery-time: 8.05
[HELPING] Max of perceived avg chunk delivery-time: 9.03
[HELPING] Variance of perceived avg chunk delivery-time: 0.2077084686222861
[HELPING] StD of perceived avg chunk delivery-time: 0.45575044555357935
[HELPING] Avg messages sent per node: 7697.75
[HELPING] Min messages sent per node: 7084.0
[HELPING] Max messages sent per node: 8660.0
[HELPING] Variance of messages sent per node: 461046.9166666666
[HELPING] StD of messages sent per node: 679.0043568834199
[HELPING] Nodes with incomplete playbacks: 1
[HELPING] Packet Loss: 0.5
[HELPING] Min % of not played chunks: 0.0
[HELPING] Max % of not played chunks: 2.0
[HELPING] Not played chunks [chunk-id/nodes]: {1=1, 2=1}
[HELPING] Avg distance between not played chunks: 1.0
[HELPING] Min distance between not played chunks: 1.0
[HELPING] Max distance between not played chunks: 1.0

