Total chunks: 100
Nodes x chunk: 3
Total nodes: 31
Active nodes: 24
Started playbacks: 24
Not started playbacks node-ids: []
Playbacks time-window: 211
Missing chunks distribution [missed-chunks/nodes]: {0=23, 4=1}
Rejected chunks for ttl expiration [chunk-id/nodes]: 4 {0=4, 1=1, 2=1, 3=1}
Rejected chunks for capacity limit [chunk-id/nodes]: 0 {}
bandwidthUtilUp: 0.013081532722799669
bandwidthUtilDown: 0.007477629017806375
Avg # of unsent chunk for max-retries: 0.0
Min # of unsent chunk for max-retries: 0.0
Max # of unsent chunk for max-retries: 0.0
Avg # of unsent chunk-reqs for max-retries: 0.0
Min # of unsent chunk-reqs for max-retries: 0.0
Max # of unsent chunk-reqs for max-retries: 0.0
Avg % of chunks received by Pastry: 9.541666666666666
Min % of chunks received by Pastry: 0.0
Max % of chunks received by Pastry: 19.0
StD of chunks received by Pastry: 5.090307641396341
Var of chunks received by Pastry: 25.911231884057976
Avg % of chunks received by StarStream: 89.54166666666667
Min % of chunks received by StarStream: 80.0
Max % of chunks received by StarStream: 100.0
StD of chunks received by StarStream: 5.2500862656817935
Var of chunks received by StarStream: 27.563405797100604
[NONMOJO] Startup Delay: 64.0
[MOJO] Startup Delay: 60.7
[MOJO] Latency: 8.262303766835018
Min of perceived avg chunk delivery-time: 7.37
Max of perceived avg chunk delivery-time: 9.96
Variance of perceived avg chunk delivery-time: 0.2932406757514924
StD of perceived avg chunk delivery-time: 0.5415170133536825
Avg messages sent per node: 6191.916666666667
Min messages sent per node: 3778.0
Max messages sent per node: 8442.0
Variance of messages sent per node: 1573760.427536231
StD of messages sent per node: 1254.4960851019946
Nodes with incomplete playbacks: 18
[MOJO] Continuity Index: 59.541666666666664
[MOJO] Packet Loss: 40.458333333333336
Min % of not played chunks: 0.0
Max % of not played chunks: 99.0
Not played chunks [chunk-id/nodes]: {1=10, 2=9, 3=10, 4=9, 5=9, 6=9, 7=10, 8=11, 9=7, 10=9, 11=12, 12=9, 13=8, 14=10, 15=9, 17=9, 16=10, 19=10, 18=11, 21=6, 20=9, 23=10, 22=6, 25=10, 24=11, 27=10, 26=8, 29=11, 28=9, 31=9, 30=9, 34=7, 35=6, 32=13, 33=10, 38=11, 39=7, 36=8, 37=11, 42=10, 43=10, 40=10, 41=11, 46=10, 47=13, 44=11, 45=9, 51=9, 50=10, 49=7, 48=11, 55=9, 54=9, 53=7, 52=10, 59=10, 58=11, 57=11, 56=12, 63=11, 62=10, 61=7, 60=12, 68=11, 69=12, 70=9, 71=11, 64=10, 65=9, 66=10, 67=8, 76=11, 77=13, 78=10, 79=11, 72=11, 73=7, 74=12, 75=11, 85=10, 84=11, 87=10, 86=12, 81=11, 80=8, 83=12, 82=11, 93=10, 92=11, 95=10, 94=8, 89=9, 88=11, 91=12, 90=10, 98=7, 99=8, 96=12, 97=10}
Avg distance between not played chunks: 4.750787020327375
Min distance between not played chunks: 1.0
Max distance between not played chunks: 28.0

HELPING PEERS LOG

[HELPING] Active nodes: 7
[HELPING] Started playbacks: 7
[HELPING] Not started playbacks node-ids: []
[HELPING] Playbacks time-window: 112
[HELPING] Missing chunks distribution [missed-chunks/nodes]: {0=6, 2=1}
[HELPING] Rejected chunks for ttl expiration [chunk-id/nodes]: 2 {0=3, 1=1}
[HELPING] Rejected chunks for capacity limit [chunk-id/nodes]: 0 {}
[HELPING] bandwidthUtilUp: 0.014294120360846235
[HELPING] bandwidthUtilDown: 0.007432810115471168
[HELPING] Avg # of unsent chunk for max-retries: 0.0
[HELPING] Min # of unsent chunk for max-retries: 0.0
[HELPING] Max # of unsent chunk for max-retries: 0.0
[HELPING] Avg # of unsent chunk-reqs for max-retries: 0.0
[HELPING] Min # of unsent chunk-reqs for max-retries: 0.0
[HELPING] Max # of unsent chunk-reqs for max-retries: 0.0
[HELPING] Avg % of chunks received by Pastry: 8.714285714285714
[HELPING] Min % of chunks received by Pastry: 1.0
[HELPING] Max % of chunks received by Pastry: 18.0
[HELPING] StD of chunks received by Pastry: 6.550172662209899
[HELPING] Var of chunks received by Pastry: 42.90476190476192
[HELPING] Avg % of chunks received by StarStream: 90.42857142857143
[HELPING] Min % of chunks received by StarStream: 81.0
[HELPING] Max % of chunks received by StarStream: 99.0
[HELPING] StD of chunks received by StarStream: 6.754187413675075
[HELPING] Var of chunks received by StarStream: 45.619047619046796
[HELPING] Startup Delay: 79.28571428571429
[HELPING] Latency: 8.761696557410843
[HELPING] Min of perceived avg chunk delivery-time: 8.285714285714286
[HELPING] Max of perceived avg chunk delivery-time: 9.424242424242424
[HELPING] Variance of perceived avg chunk delivery-time: 0.27379982952297155
[HELPING] StD of perceived avg chunk delivery-time: 0.5232588551787457
[HELPING] Avg messages sent per node: 6752.0
[HELPING] Min messages sent per node: 3902.0
[HELPING] Max messages sent per node: 8809.0
[HELPING] Variance of messages sent per node: 2539016.666666667
[HELPING] StD of messages sent per node: 1593.429216082932
[HELPING] Nodes with incomplete playbacks: 5
[HELPING] Packet Loss: 18.428571428571427
[HELPING] Min % of not played chunks: 0.0
[HELPING] Max % of not played chunks: 99.0
[HELPING] Not played chunks [chunk-id/nodes]: {1=2, 2=1, 3=1, 4=1, 5=1, 6=1, 7=1, 8=1, 9=1, 10=1, 11=1, 12=1, 13=1, 14=2, 15=1, 17=1, 16=1, 19=1, 18=1, 21=2, 20=2, 23=1, 22=1, 25=2, 24=3, 27=2, 26=1, 29=1, 28=1, 31=1, 30=1, 34=1, 35=1, 32=1, 33=2, 38=1, 39=1, 36=2, 37=2, 42=2, 43=1, 40=1, 41=1, 46=3, 47=2, 44=1, 45=1, 51=1, 50=1, 49=2, 48=2, 55=1, 54=2, 53=1, 52=1, 59=2, 58=1, 57=1, 56=1, 63=1, 62=1, 61=1, 60=3, 68=1, 69=1, 70=1, 71=1, 64=1, 65=1, 66=1, 67=1, 76=1, 77=2, 78=1, 79=1, 72=2, 73=1, 74=1, 75=2, 85=2, 84=1, 87=1, 86=1, 81=1, 80=1, 83=2, 82=1, 93=1, 92=2, 95=1, 94=2, 89=1, 88=2, 91=2, 90=1, 98=1, 99=1, 96=1, 97=1}
[HELPING] Avg distance between not played chunks: 5.287878787878788
[HELPING] Min distance between not played chunks: 1.0
[HELPING] Max distance between not played chunks: 11.5

