Total chunks: 100
Nodes x chunk: 3
Total nodes: 33
Active nodes: 24
Started playbacks: 24
Not started playbacks node-ids: []
Playbacks time-window: 128
Missing chunks distribution [missed-chunks/nodes]: {0=22, 2=2}
Rejected chunks for ttl expiration [chunk-id/nodes]: 2 {0=1, 1=2}
Rejected chunks for capacity limit [chunk-id/nodes]: 0 {}
bandwidthUtilUp: 0.013692150618130478
bandwidthUtilDown: 0.007992742013523327
Avg # of unsent chunk for max-retries: 0.0
Min # of unsent chunk for max-retries: 0.0
Max # of unsent chunk for max-retries: 0.0
Avg # of unsent chunk-reqs for max-retries: 0.0
Min # of unsent chunk-reqs for max-retries: 0.0
Max # of unsent chunk-reqs for max-retries: 0.0
Avg % of chunks received by Pastry: 8.375
Min % of chunks received by Pastry: 0.0
Max % of chunks received by Pastry: 21.0
StD of chunks received by Pastry: 5.784631061851665
Var of chunks received by Pastry: 33.461956521739125
Avg % of chunks received by StarStream: 90.75
Min % of chunks received by StarStream: 78.0
Max % of chunks received by StarStream: 100.0
StD of chunks received by StarStream: 5.832815712024009
Var of chunks received by StarStream: 34.02173913043415
[NONMOJO] Startup Delay: 70.0
[MOJO] Startup Delay: 76.2
[MOJO] Latency: 8.50846535078678
Min of perceived avg chunk delivery-time: 7.32
Max of perceived avg chunk delivery-time: 10.26
Variance of perceived avg chunk delivery-time: 0.5701803394945619
StD of perceived avg chunk delivery-time: 0.7551028668297862
Avg messages sent per node: 6569.666666666667
Min messages sent per node: 4043.0
Max messages sent per node: 8835.0
Variance of messages sent per node: 1984578.5797101415
StD of messages sent per node: 1408.7507159572774
Nodes with incomplete playbacks: 17
[MOJO] Continuity Index: 65.75
[MOJO] Packet Loss: 34.25
Min % of not played chunks: 0.0
Max % of not played chunks: 99.0
Not played chunks [chunk-id/nodes]: {1=11, 2=11, 3=11, 4=8, 5=8, 6=10, 7=11, 8=9, 9=9, 10=10, 11=7, 12=9, 13=7, 14=8, 15=9, 17=5, 16=10, 19=6, 18=7, 21=10, 20=7, 23=5, 22=8, 25=9, 24=8, 27=9, 26=7, 29=9, 28=9, 31=10, 30=11, 34=8, 35=8, 32=5, 33=6, 38=9, 39=7, 36=9, 37=7, 42=8, 43=11, 40=7, 41=11, 46=9, 47=10, 44=8, 45=7, 51=6, 50=8, 49=8, 48=7, 55=10, 54=8, 53=7, 52=9, 59=9, 58=7, 57=8, 56=7, 63=6, 62=7, 61=7, 60=9, 68=6, 69=9, 70=10, 71=8, 64=7, 65=7, 66=5, 67=8, 76=9, 77=7, 78=8, 79=9, 72=10, 73=10, 74=9, 75=5, 85=8, 84=7, 87=9, 86=7, 81=6, 80=12, 83=10, 82=11, 93=12, 92=11, 95=8, 94=7, 89=9, 88=10, 91=10, 90=10, 98=8, 99=5, 96=7, 97=7}
Avg distance between not played chunks: 2.434938342685618
Min distance between not played chunks: 1.0
Max distance between not played chunks: 7.5

HELPING PEERS LOG

[HELPING] Active nodes: 9
[HELPING] Started playbacks: 9
[HELPING] Not started playbacks node-ids: []
[HELPING] Playbacks time-window: 251
[HELPING] Missing chunks distribution [missed-chunks/nodes]: {0=8, 4=1}
[HELPING] Rejected chunks for ttl expiration [chunk-id/nodes]: 2 {3=1, 4=1}
[HELPING] Rejected chunks for capacity limit [chunk-id/nodes]: 0 {}
[HELPING] bandwidthUtilUp: 0.014339756506243131
[HELPING] bandwidthUtilDown: 0.008101858303073892
[HELPING] Avg # of unsent chunk for max-retries: 0.0
[HELPING] Min # of unsent chunk for max-retries: 0.0
[HELPING] Max # of unsent chunk for max-retries: 0.0
[HELPING] Avg # of unsent chunk-reqs for max-retries: 0.0
[HELPING] Min # of unsent chunk-reqs for max-retries: 0.0
[HELPING] Max # of unsent chunk-reqs for max-retries: 0.0
[HELPING] Avg % of chunks received by Pastry: 5.777777777777778
[HELPING] Min % of chunks received by Pastry: 1.0
[HELPING] Max % of chunks received by Pastry: 14.0
[HELPING] StD of chunks received by Pastry: 4.918784854457902
[HELPING] Var of chunks received by Pastry: 24.194444444444443
[HELPING] Avg % of chunks received by StarStream: 93.33333333333333
[HELPING] Min % of chunks received by StarStream: 85.0
[HELPING] Max % of chunks received by StarStream: 99.0
[HELPING] StD of chunks received by StarStream: 5.049752469181174
[HELPING] Var of chunks received by StarStream: 25.500000000001364
[HELPING] Startup Delay: 104.77777777777777
[HELPING] Latency: 9.343758417508417
[HELPING] Min of perceived avg chunk delivery-time: 8.34
[HELPING] Max of perceived avg chunk delivery-time: 10.572916666666666
[HELPING] Variance of perceived avg chunk delivery-time: 0.718404952779089
[HELPING] StD of perceived avg chunk delivery-time: 0.8475877257128545
[HELPING] Avg messages sent per node: 6831.666666666667
[HELPING] Min messages sent per node: 4061.0
[HELPING] Max messages sent per node: 9275.0
[HELPING] Variance of messages sent per node: 2426452.9999999925
[HELPING] StD of messages sent per node: 1557.7076105611068
[HELPING] Nodes with incomplete playbacks: 3
[HELPING] Packet Loss: 3.5555555555555554
[HELPING] Min % of not played chunks: 0.0
[HELPING] Max % of not played chunks: 22.0
[HELPING] Not played chunks [chunk-id/nodes]: {1=2, 69=1, 2=1, 3=1, 4=1, 8=1, 72=1, 74=2, 85=2, 84=2, 87=1, 86=1, 82=1, 94=1, 89=1, 88=1, 99=1, 97=1, 37=1, 42=1, 43=2, 46=1, 44=1, 49=1, 48=1, 52=1, 59=1}
[HELPING] Avg distance between not played chunks: 7.222222222222222
[HELPING] Min distance between not played chunks: 1.0
[HELPING] Max distance between not played chunks: 16.0

