Total chunks: 100
Nodes x chunk: 3
Total nodes: 38
Active nodes: 24
Started playbacks: 24
Not started playbacks node-ids: []
Playbacks time-window: 610
Missing chunks distribution [missed-chunks/nodes]: {0=21, 2=2, 12=1}
Rejected chunks for ttl expiration [chunk-id/nodes]: 11 {1=3, 2=1, 3=1, 4=1, 5=1, 6=1, 7=1, 8=1, 9=1, 10=1, 11=1}
Rejected chunks for capacity limit [chunk-id/nodes]: 0 {}
bandwidthUtilUp: 0.013642131117320586
bandwidthUtilDown: 0.008450298068341735
Avg # of unsent chunk for max-retries: 0.0
Min # of unsent chunk for max-retries: 0.0
Max # of unsent chunk for max-retries: 0.0
Avg # of unsent chunk-reqs for max-retries: 0.0
Min # of unsent chunk-reqs for max-retries: 0.0
Max # of unsent chunk-reqs for max-retries: 0.0
Avg % of chunks received by Pastry: 11.0
Min % of chunks received by Pastry: 0.0
Max % of chunks received by Pastry: 21.0
StD of chunks received by Pastry: 5.778520948116921
Var of chunks received by Pastry: 33.391304347826086
Avg % of chunks received by StarStream: 88.08333333333333
Min % of chunks received by StarStream: 78.0
Max % of chunks received by StarStream: 100.0
StD of chunks received by StarStream: 5.9411363769295935
Var of chunks received by StarStream: 35.2971014492761
[NONMOJO] Startup Delay: 102.04166666666667
[MOJO] Startup Delay: 68.7
[MOJO] Latency: 8.7597674878032
Min of perceived avg chunk delivery-time: 7.22
Max of perceived avg chunk delivery-time: 10.979591836734693
Variance of perceived avg chunk delivery-time: 0.9390212349803584
StD of perceived avg chunk delivery-time: 0.9690310805027661
Avg messages sent per node: 6516.791666666667
Min messages sent per node: 3149.0
Max messages sent per node: 9661.0
Variance of messages sent per node: 1991816.3460144917
StD of messages sent per node: 1411.3172379073712
Nodes with incomplete playbacks: 20
[MOJO] Continuity Index: 63.958333333333336
[MOJO] Packet Loss: 36.041666666666664
Min % of not played chunks: 0.0
Max % of not played chunks: 99.0
Not played chunks [chunk-id/nodes]: {1=14, 2=9, 3=12, 4=10, 5=10, 6=9, 7=9, 8=11, 9=11, 10=6, 11=9, 12=5, 13=8, 14=7, 15=9, 17=12, 16=8, 19=7, 18=9, 21=9, 20=10, 23=5, 22=9, 25=9, 24=8, 27=9, 26=8, 29=11, 28=6, 31=8, 30=8, 34=9, 35=7, 32=6, 33=8, 38=10, 39=9, 36=6, 37=9, 42=10, 43=9, 40=9, 41=9, 46=9, 47=10, 44=8, 45=7, 51=7, 50=9, 49=10, 48=8, 55=10, 54=10, 53=8, 52=11, 59=8, 58=7, 57=10, 56=9, 63=10, 62=7, 61=11, 60=11, 68=10, 69=10, 70=9, 71=10, 64=5, 65=5, 66=8, 67=9, 76=9, 77=8, 78=13, 79=7, 72=9, 73=8, 74=7, 75=6, 85=9, 84=12, 87=8, 86=9, 81=12, 80=9, 83=8, 82=8, 93=6, 92=11, 95=6, 94=6, 89=10, 88=9, 91=9, 90=7, 98=7, 99=9, 96=11, 97=10}
Avg distance between not played chunks: 7.879578883320513
Min distance between not played chunks: 1.0
Max distance between not played chunks: 54.0

HELPING PEERS LOG

[HELPING] Active nodes: 14
[HELPING] Started playbacks: 14
[HELPING] Not started playbacks node-ids: []
[HELPING] Playbacks time-window: 624
[HELPING] Missing chunks distribution [missed-chunks/nodes]: {0=10, 3=2, 5=1, 12=1}
[HELPING] Rejected chunks for ttl expiration [chunk-id/nodes]: 11 {1=4, 2=4, 3=2, 4=2, 5=1, 6=1, 7=1, 8=1, 9=1, 10=1, 11=1}
[HELPING] Rejected chunks for capacity limit [chunk-id/nodes]: 0 {}
[HELPING] bandwidthUtilUp: 0.01363781165942555
[HELPING] bandwidthUtilDown: 0.0074143591641585805
[HELPING] Avg # of unsent chunk for max-retries: 0.0
[HELPING] Min # of unsent chunk for max-retries: 0.0
[HELPING] Max # of unsent chunk for max-retries: 0.0
[HELPING] Avg # of unsent chunk-reqs for max-retries: 0.0
[HELPING] Min # of unsent chunk-reqs for max-retries: 0.0
[HELPING] Max # of unsent chunk-reqs for max-retries: 0.0
[HELPING] Avg % of chunks received by Pastry: 6.285714285714286
[HELPING] Min % of chunks received by Pastry: 0.0
[HELPING] Max % of chunks received by Pastry: 18.0
[HELPING] StD of chunks received by Pastry: 5.4551115257382
[HELPING] Var of chunks received by Pastry: 29.758241758241756
[HELPING] Avg % of chunks received by StarStream: 92.85714285714286
[HELPING] Min % of chunks received by StarStream: 81.0
[HELPING] Max % of chunks received by StarStream: 100.0
[HELPING] StD of chunks received by StarStream: 5.572696389984218
[HELPING] Var of chunks received by StarStream: 31.054945054943136
[HELPING] Startup Delay: 159.78571428571428
[HELPING] Latency: 9.266839313998839
[HELPING] Min of perceived avg chunk delivery-time: 8.27
[HELPING] Max of perceived avg chunk delivery-time: 11.222222222222221
[HELPING] Variance of perceived avg chunk delivery-time: 0.6267557589128107
[HELPING] StD of perceived avg chunk delivery-time: 0.791679075707329
[HELPING] Avg messages sent per node: 6477.428571428572
[HELPING] Min messages sent per node: 4811.0
[HELPING] Max messages sent per node: 8901.0
[HELPING] Variance of messages sent per node: 1426196.7252747174
[HELPING] StD of messages sent per node: 1194.234786494983
[HELPING] Nodes with incomplete playbacks: 9
[HELPING] Packet Loss: 23.142857142857142
[HELPING] Min % of not played chunks: 0.0
[HELPING] Max % of not played chunks: 99.0
[HELPING] Not played chunks [chunk-id/nodes]: {1=7, 2=8, 3=6, 4=5, 5=3, 6=4, 7=3, 8=4, 9=4, 10=4, 11=4, 12=4, 13=4, 14=4, 15=4, 17=3, 16=1, 19=3, 18=3, 21=3, 20=2, 23=4, 22=2, 25=3, 24=2, 27=1, 26=3, 29=2, 28=2, 31=2, 30=5, 34=2, 35=2, 32=3, 33=2, 38=4, 39=3, 36=3, 37=3, 42=3, 43=3, 40=2, 41=3, 46=3, 47=2, 44=3, 45=3, 51=3, 50=4, 49=3, 48=3, 55=3, 54=3, 53=4, 52=3, 59=3, 58=3, 57=4, 56=3, 63=4, 62=2, 61=4, 60=4, 68=3, 69=3, 70=3, 71=4, 64=4, 65=3, 66=3, 67=3, 76=4, 77=3, 78=4, 79=4, 72=4, 73=4, 74=4, 75=2, 85=3, 84=3, 87=5, 86=3, 81=4, 80=4, 83=3, 82=4, 93=2, 92=3, 95=3, 94=4, 89=3, 88=3, 91=3, 90=2, 98=3, 99=3, 96=2, 97=3}
[HELPING] Avg distance between not played chunks: 3.183815664517419
[HELPING] Min distance between not played chunks: 1.0
[HELPING] Max distance between not played chunks: 19.0

