Total chunks: 100
Nodes x chunk: 3
Total nodes: 40
Active nodes: 24
Started playbacks: 24
Not started playbacks node-ids: []
Playbacks time-window: 93
Missing chunks distribution [missed-chunks/nodes]: {0=24}
Rejected chunks for ttl expiration [chunk-id/nodes]: 1 {0=2}
Rejected chunks for capacity limit [chunk-id/nodes]: 0 {}
bandwidthUtilUp: 0.013252371126463207
bandwidthUtilDown: 0.008009001246045838
Avg # of unsent chunk for max-retries: 0.0
Min # of unsent chunk for max-retries: 0.0
Max # of unsent chunk for max-retries: 0.0
Avg # of unsent chunk-reqs for max-retries: 0.0
Min # of unsent chunk-reqs for max-retries: 0.0
Max # of unsent chunk-reqs for max-retries: 0.0
Avg % of chunks received by Pastry: 13.041666666666666
Min % of chunks received by Pastry: 1.0
Max % of chunks received by Pastry: 21.0
StD of chunks received by Pastry: 4.70410705537255
Var of chunks received by Pastry: 22.128623188405804
Avg % of chunks received by StarStream: 86.0
Min % of chunks received by StarStream: 78.0
Max % of chunks received by StarStream: 99.0
StD of chunks received by StarStream: 4.818442829830798
Var of chunks received by StarStream: 23.217391304347824
[NONMOJO] Startup Delay: 69.91666666666667
[MOJO] Startup Delay: 63.2
[MOJO] Latency: 8.907163299663301
Min of perceived avg chunk delivery-time: 7.92
Max of perceived avg chunk delivery-time: 9.99
Variance of perceived avg chunk delivery-time: 0.2335358857939127
StD of perceived avg chunk delivery-time: 0.48325550777400633
Avg messages sent per node: 6354.958333333333
Min messages sent per node: 3761.0
Max messages sent per node: 7959.0
Variance of messages sent per node: 1756367.4329710163
StD of messages sent per node: 1325.280133772108
Nodes with incomplete playbacks: 20
[MOJO] Continuity Index: 45.125
[MOJO] Packet Loss: 54.875
Min % of not played chunks: 0.0
Max % of not played chunks: 99.0
Not played chunks [chunk-id/nodes]: {1=12, 2=18, 3=11, 4=12, 5=12, 6=11, 7=17, 8=13, 9=11, 10=14, 11=12, 12=14, 13=16, 14=13, 15=13, 17=15, 16=9, 19=10, 18=10, 21=12, 20=13, 23=12, 22=12, 25=17, 24=14, 27=14, 26=11, 29=9, 28=11, 31=14, 30=12, 34=13, 35=16, 32=12, 33=12, 38=12, 39=14, 36=14, 37=13, 42=12, 43=14, 40=11, 41=10, 46=16, 47=10, 44=16, 45=12, 51=14, 50=15, 49=13, 48=11, 55=11, 54=12, 53=16, 52=12, 59=15, 58=13, 57=17, 56=15, 63=15, 62=12, 61=15, 60=12, 68=15, 69=13, 70=12, 71=14, 64=14, 65=14, 66=12, 67=14, 76=16, 77=12, 78=17, 79=13, 72=16, 73=12, 74=17, 75=14, 85=14, 84=13, 87=13, 86=10, 81=14, 80=18, 83=15, 82=12, 93=15, 92=13, 95=12, 94=16, 89=14, 88=13, 91=16, 90=13, 98=11, 99=14, 96=12, 97=15}
Avg distance between not played chunks: 1.7213591161771895
Min distance between not played chunks: 1.0
Max distance between not played chunks: 3.6538461538461537

HELPING PEERS LOG

[HELPING] Active nodes: 16
[HELPING] Started playbacks: 16
[HELPING] Not started playbacks node-ids: []
[HELPING] Playbacks time-window: 225
[HELPING] Missing chunks distribution [missed-chunks/nodes]: {0=12, 2=2, 3=1, 4=1}
[HELPING] Rejected chunks for ttl expiration [chunk-id/nodes]: 4 {0=6, 1=3, 2=1, 3=1}
[HELPING] Rejected chunks for capacity limit [chunk-id/nodes]: 0 {}
[HELPING] bandwidthUtilUp: 0.01392386100578053
[HELPING] bandwidthUtilDown: 0.007501390561251408
[HELPING] Avg # of unsent chunk for max-retries: 0.0
[HELPING] Min # of unsent chunk for max-retries: 0.0
[HELPING] Max # of unsent chunk for max-retries: 0.0
[HELPING] Avg # of unsent chunk-reqs for max-retries: 0.0
[HELPING] Min # of unsent chunk-reqs for max-retries: 0.0
[HELPING] Max # of unsent chunk-reqs for max-retries: 0.0
[HELPING] Avg % of chunks received by Pastry: 7.625
[HELPING] Min % of chunks received by Pastry: 0.0
[HELPING] Max % of chunks received by Pastry: 23.0
[HELPING] StD of chunks received by Pastry: 7.1449282711585
[HELPING] Var of chunks received by Pastry: 51.05
[HELPING] Avg % of chunks received by StarStream: 91.625
[HELPING] Min % of chunks received by StarStream: 76.0
[HELPING] Max % of chunks received by StarStream: 100.0
[HELPING] StD of chunks received by StarStream: 7.22841614740048
[HELPING] Var of chunks received by StarStream: 52.25
[HELPING] Startup Delay: 126.8125
[HELPING] Latency: 9.878354595821461
[HELPING] Min of perceived avg chunk delivery-time: 8.806122448979592
[HELPING] Max of perceived avg chunk delivery-time: 13.010309278350515
[HELPING] Variance of perceived avg chunk delivery-time: 1.2837282830411065
[HELPING] StD of perceived avg chunk delivery-time: 1.133017335719585
[HELPING] Avg messages sent per node: 6648.0
[HELPING] Min messages sent per node: 4050.0
[HELPING] Max messages sent per node: 9389.0
[HELPING] Variance of messages sent per node: 2370285.2
[HELPING] StD of messages sent per node: 1539.5730577013876
[HELPING] Nodes with incomplete playbacks: 7
[HELPING] Packet Loss: 12.6875
[HELPING] Min % of not played chunks: 0.0
[HELPING] Max % of not played chunks: 90.0
[HELPING] Not played chunks [chunk-id/nodes]: {1=6, 2=4, 3=4, 4=1, 5=3, 6=3, 7=3, 8=2, 9=2, 10=1, 11=1, 12=1, 13=3, 14=1, 15=3, 17=3, 16=1, 19=1, 18=3, 21=3, 20=1, 23=3, 22=3, 25=1, 24=2, 27=2, 26=2, 29=1, 28=1, 31=2, 30=2, 34=2, 35=1, 32=3, 33=2, 38=2, 39=3, 36=2, 37=1, 42=3, 43=1, 40=3, 41=1, 46=3, 47=2, 44=2, 45=2, 51=1, 50=2, 49=1, 48=3, 55=3, 54=2, 53=1, 52=3, 59=1, 58=2, 57=2, 56=1, 63=1, 62=2, 61=2, 60=2, 68=2, 69=3, 70=3, 71=3, 64=3, 65=2, 66=1, 67=3, 76=2, 77=1, 78=1, 79=1, 72=1, 73=1, 74=3, 75=3, 85=2, 84=3, 87=1, 86=1, 81=2, 80=3, 83=2, 82=1, 93=3, 92=1, 95=1, 94=3, 89=3, 88=2, 91=3, 90=1, 98=1, 99=3, 96=2, 97=1}
[HELPING] Avg distance between not played chunks: 1.3792143305031606
[HELPING] Min distance between not played chunks: 1.0
[HELPING] Max distance between not played chunks: 1.9215686274509804

