Total chunks: 100
Nodes x chunk: 3
Total nodes: 43
Active nodes: 24
Started playbacks: 24
Not started playbacks node-ids: []
Playbacks time-window: 58
Missing chunks distribution [missed-chunks/nodes]: {0=24}
Rejected chunks for ttl expiration [chunk-id/nodes]: 0 {}
Rejected chunks for capacity limit [chunk-id/nodes]: 0 {}
bandwidthUtilUp: 0.013582266875447122
bandwidthUtilDown: 0.008153013245532989
Avg # of unsent chunk for max-retries: 0.0
Min # of unsent chunk for max-retries: 0.0
Max # of unsent chunk for max-retries: 0.0
Avg # of unsent chunk-reqs for max-retries: 0.0
Min # of unsent chunk-reqs for max-retries: 0.0
Max # of unsent chunk-reqs for max-retries: 0.0
Avg % of chunks received by Pastry: 11.458333333333334
Min % of chunks received by Pastry: 1.0
Max % of chunks received by Pastry: 17.0
StD of chunks received by Pastry: 3.659165581607802
Var of chunks received by Pastry: 13.389492753623164
Avg % of chunks received by StarStream: 87.54166666666667
Min % of chunks received by StarStream: 82.0
Max % of chunks received by StarStream: 98.0
StD of chunks received by StarStream: 3.6591655816077333
Var of chunks received by StarStream: 13.38949275362266
[NONMOJO] Startup Delay: 72.70833333333333
[MOJO] Startup Delay: 53.9
[MOJO] Latency: 9.03377946127946
Min of perceived avg chunk delivery-time: 8.12
Max of perceived avg chunk delivery-time: 10.61
Variance of perceived avg chunk delivery-time: 0.4299055818764729
StD of perceived avg chunk delivery-time: 0.655671855333499
Avg messages sent per node: 6593.375
Min messages sent per node: 4101.0
Max messages sent per node: 9239.0
Variance of messages sent per node: 2102554.940217391
StD of messages sent per node: 1450.0189447787884
Nodes with incomplete playbacks: 22
[MOJO] Continuity Index: 41.541666666666664
[MOJO] Packet Loss: 58.458333333333336
Min % of not played chunks: 0.0
Max % of not played chunks: 99.0
Not played chunks [chunk-id/nodes]: {1=16, 2=16, 3=14, 4=15, 5=13, 6=13, 7=15, 8=14, 9=14, 10=13, 11=13, 12=13, 13=14, 14=14, 15=8, 17=15, 16=10, 19=15, 18=12, 21=14, 20=14, 23=12, 22=12, 25=16, 24=15, 27=15, 26=14, 29=13, 28=12, 31=15, 30=18, 34=14, 35=12, 32=14, 33=14, 38=12, 39=13, 36=15, 37=14, 42=12, 43=17, 40=14, 41=13, 46=14, 47=16, 44=14, 45=16, 51=15, 50=12, 49=15, 48=16, 55=13, 54=16, 53=15, 52=14, 59=14, 58=15, 57=11, 56=14, 63=11, 62=14, 61=13, 60=14, 68=14, 69=14, 70=13, 71=13, 64=14, 65=16, 66=13, 67=15, 76=12, 77=17, 78=15, 79=14, 72=15, 73=17, 74=13, 75=14, 85=19, 84=17, 87=16, 86=13, 81=14, 80=12, 83=16, 82=17, 93=13, 92=17, 95=16, 94=19, 89=15, 88=13, 91=14, 90=14, 98=16, 99=17, 96=11, 97=12}
Avg distance between not played chunks: 1.9869117607217441
Min distance between not played chunks: 1.0
Max distance between not played chunks: 7.444444444444445

HELPING PEERS LOG

[HELPING] Active nodes: 19
[HELPING] Started playbacks: 19
[HELPING] Not started playbacks node-ids: []
[HELPING] Playbacks time-window: 252
[HELPING] Missing chunks distribution [missed-chunks/nodes]: {0=17, 3=1, 5=1}
[HELPING] Rejected chunks for ttl expiration [chunk-id/nodes]: 5 {0=5, 1=2, 2=2, 3=1, 4=1}
[HELPING] Rejected chunks for capacity limit [chunk-id/nodes]: 0 {}
[HELPING] bandwidthUtilUp: 0.014118884323538078
[HELPING] bandwidthUtilDown: 0.0076997691202181934
[HELPING] Avg # of unsent chunk for max-retries: 0.0
[HELPING] Min # of unsent chunk for max-retries: 0.0
[HELPING] Max # of unsent chunk for max-retries: 0.0
[HELPING] Avg # of unsent chunk-reqs for max-retries: 0.0
[HELPING] Min # of unsent chunk-reqs for max-retries: 0.0
[HELPING] Max # of unsent chunk-reqs for max-retries: 0.0
[HELPING] Avg % of chunks received by Pastry: 9.578947368421053
[HELPING] Min % of chunks received by Pastry: 0.0
[HELPING] Max % of chunks received by Pastry: 17.0
[HELPING] StD of chunks received by Pastry: 5.19952764386326
[HELPING] Var of chunks received by Pastry: 27.035087719298225
[HELPING] Avg % of chunks received by StarStream: 89.52631578947368
[HELPING] Min % of chunks received by StarStream: 82.0
[HELPING] Max % of chunks received by StarStream: 100.0
[HELPING] StD of chunks received by StarStream: 5.357947586453362
[HELPING] Var of chunks received by StarStream: 28.7076023391814
[HELPING] Startup Delay: 108.47368421052632
[HELPING] Latency: 9.479173697162388
[HELPING] Min of perceived avg chunk delivery-time: 8.16
[HELPING] Max of perceived avg chunk delivery-time: 11.494949494949495
[HELPING] Variance of perceived avg chunk delivery-time: 0.7141982714788198
[HELPING] StD of perceived avg chunk delivery-time: 0.8451025212829623
[HELPING] Avg messages sent per node: 6662.368421052632
[HELPING] Min messages sent per node: 4351.0
[HELPING] Max messages sent per node: 9866.0
[HELPING] Variance of messages sent per node: 2365649.801169589
[HELPING] StD of messages sent per node: 1538.0669039965685
[HELPING] Nodes with incomplete playbacks: 12
[HELPING] Packet Loss: 20.36842105263158
[HELPING] Min % of not played chunks: 0.0
[HELPING] Max % of not played chunks: 81.0
[HELPING] Not played chunks [chunk-id/nodes]: {1=5, 2=8, 3=5, 4=4, 5=4, 6=3, 7=5, 8=2, 9=5, 10=2, 11=2, 12=2, 13=2, 14=5, 15=2, 17=4, 16=5, 19=5, 18=3, 21=3, 20=4, 23=2, 22=4, 25=3, 24=5, 27=3, 26=4, 29=4, 28=2, 31=5, 30=5, 34=3, 35=5, 32=2, 33=3, 38=3, 39=3, 36=2, 37=5, 42=5, 43=4, 40=2, 41=5, 46=4, 47=6, 44=8, 45=2, 51=8, 50=4, 49=3, 48=4, 55=3, 54=3, 53=4, 52=6, 59=2, 58=6, 57=5, 56=6, 63=5, 62=1, 61=3, 60=4, 68=2, 69=5, 70=4, 71=3, 64=5, 65=4, 66=3, 67=5, 76=3, 77=3, 78=2, 79=3, 72=2, 73=6, 74=4, 75=4, 85=6, 84=6, 87=5, 86=4, 81=3, 80=4, 83=3, 82=4, 93=7, 92=3, 95=3, 94=4, 89=3, 88=6, 91=3, 90=3, 98=4, 99=5, 96=4, 97=3}
[HELPING] Avg distance between not played chunks: 4.974200002169272
[HELPING] Min distance between not played chunks: 1.0
[HELPING] Max distance between not played chunks: 27.5

