Total chunks: 100
Nodes x chunk: 3
Total nodes: 45
Active nodes: 24
Started playbacks: 24
Not started playbacks node-ids: []
Playbacks time-window: 114
Missing chunks distribution [missed-chunks/nodes]: {0=23, 2=1}
Rejected chunks for ttl expiration [chunk-id/nodes]: 2 {0=2, 1=1}
Rejected chunks for capacity limit [chunk-id/nodes]: 0 {}
bandwidthUtilUp: 0.014339265875435834
bandwidthUtilDown: 0.008388992130268154
Avg # of unsent chunk for max-retries: 0.0
Min # of unsent chunk for max-retries: 0.0
Max # of unsent chunk for max-retries: 0.0
Avg # of unsent chunk-reqs for max-retries: 0.0
Min # of unsent chunk-reqs for max-retries: 0.0
Max # of unsent chunk-reqs for max-retries: 0.0
Avg % of chunks received by Pastry: 10.791666666666666
Min % of chunks received by Pastry: 0.0
Max % of chunks received by Pastry: 22.0
StD of chunks received by Pastry: 5.081759081491257
Var of chunks received by Pastry: 25.824275362318865
Avg % of chunks received by StarStream: 88.25
Min % of chunks received by StarStream: 77.0
Max % of chunks received by StarStream: 100.0
StD of chunks received by StarStream: 5.177291553127654
Var of chunks received by StarStream: 26.804347826086957
[NONMOJO] Startup Delay: 85.29166666666667
[MOJO] Startup Delay: 71.5
[MOJO] Latency: 9.671375403696834
Min of perceived avg chunk delivery-time: 8.09
Max of perceived avg chunk delivery-time: 10.89795918367347
Variance of perceived avg chunk delivery-time: 0.44329582570778414
StD of perceived avg chunk delivery-time: 0.6658046453035485
Avg messages sent per node: 7000.083333333333
Min messages sent per node: 4365.0
Max messages sent per node: 9648.0
Variance of messages sent per node: 2378279.6449275455
StD of messages sent per node: 1542.1671909775364
Nodes with incomplete playbacks: 22
[MOJO] Continuity Index: 50.125
[MOJO] Packet Loss: 49.875
Min % of not played chunks: 0.0
Max % of not played chunks: 99.0
Not played chunks [chunk-id/nodes]: {1=10, 2=13, 3=15, 4=18, 5=12, 6=15, 7=9, 8=11, 9=10, 10=7, 11=13, 12=8, 13=12, 14=10, 15=16, 17=15, 16=9, 19=10, 18=11, 21=9, 20=6, 23=10, 22=11, 25=13, 24=8, 27=10, 26=13, 29=10, 28=14, 31=9, 30=13, 34=13, 35=10, 32=15, 33=11, 38=10, 39=13, 36=10, 37=9, 42=15, 43=14, 40=13, 41=15, 46=9, 47=16, 44=9, 45=13, 51=17, 50=13, 49=14, 48=10, 55=17, 54=12, 53=12, 52=13, 59=9, 58=10, 57=9, 56=14, 63=16, 62=13, 61=13, 60=12, 68=14, 69=9, 70=13, 71=11, 64=10, 65=11, 66=10, 67=14, 76=18, 77=11, 78=10, 79=17, 72=14, 73=13, 74=15, 75=11, 85=13, 84=14, 87=11, 86=14, 81=14, 80=10, 83=10, 82=10, 93=16, 92=13, 95=15, 94=10, 89=11, 88=11, 91=13, 90=13, 98=11, 99=15, 96=12, 97=11}
Avg distance between not played chunks: 3.2411694400213173
Min distance between not played chunks: 1.0
Max distance between not played chunks: 24.333333333333332

HELPING PEERS LOG

[HELPING] Active nodes: 21
[HELPING] Started playbacks: 21
[HELPING] Not started playbacks node-ids: []
[HELPING] Playbacks time-window: 114
[HELPING] Missing chunks distribution [missed-chunks/nodes]: {0=20, 2=1}
[HELPING] Rejected chunks for ttl expiration [chunk-id/nodes]: 2 {0=3, 1=1}
[HELPING] Rejected chunks for capacity limit [chunk-id/nodes]: 0 {}
[HELPING] bandwidthUtilUp: 0.014305454909125052
[HELPING] bandwidthUtilDown: 0.008055795439029576
[HELPING] Avg # of unsent chunk for max-retries: 0.0
[HELPING] Min # of unsent chunk for max-retries: 0.0
[HELPING] Max # of unsent chunk for max-retries: 0.0
[HELPING] Avg # of unsent chunk-reqs for max-retries: 0.0
[HELPING] Min # of unsent chunk-reqs for max-retries: 0.0
[HELPING] Max # of unsent chunk-reqs for max-retries: 0.0
[HELPING] Avg % of chunks received by Pastry: 10.380952380952381
[HELPING] Min % of chunks received by Pastry: 0.0
[HELPING] Max % of chunks received by Pastry: 21.0
[HELPING] StD of chunks received by Pastry: 5.5360291769118275
[HELPING] Var of chunks received by Pastry: 30.64761904761905
[HELPING] Avg % of chunks received by StarStream: 88.71428571428571
[HELPING] Min % of chunks received by StarStream: 78.0
[HELPING] Max % of chunks received by StarStream: 100.0
[HELPING] StD of chunks received by StarStream: 5.728375486495916
[HELPING] Var of chunks received by StarStream: 32.81428571428733
[HELPING] Startup Delay: 88.38095238095238
[HELPING] Latency: 9.51181612038755
[HELPING] Min of perceived avg chunk delivery-time: 8.56
[HELPING] Max of perceived avg chunk delivery-time: 10.63
[HELPING] Variance of perceived avg chunk delivery-time: 0.48154037891353885
[HELPING] StD of perceived avg chunk delivery-time: 0.6939311053076803
[HELPING] Avg messages sent per node: 6861.952380952381
[HELPING] Min messages sent per node: 4553.0
[HELPING] Max messages sent per node: 9084.0
[HELPING] Variance of messages sent per node: 1771950.147619048
[HELPING] StD of messages sent per node: 1331.1461781558958
[HELPING] Nodes with incomplete playbacks: 18
[HELPING] Packet Loss: 33.80952380952381
[HELPING] Min % of not played chunks: 0.0
[HELPING] Max % of not played chunks: 93.0
[HELPING] Not played chunks [chunk-id/nodes]: {1=6, 2=6, 3=5, 4=6, 5=7, 6=8, 7=6, 8=8, 9=7, 10=7, 11=9, 12=4, 13=11, 14=5, 15=8, 17=9, 16=6, 19=3, 18=4, 21=6, 20=8, 23=6, 22=6, 25=8, 24=6, 27=6, 26=6, 29=7, 28=8, 31=5, 30=5, 34=9, 35=5, 32=6, 33=7, 38=4, 39=5, 36=7, 37=6, 42=9, 43=7, 40=6, 41=8, 46=9, 47=9, 44=5, 45=7, 51=8, 50=7, 49=7, 48=5, 55=14, 54=7, 53=7, 52=9, 59=8, 58=5, 57=7, 56=7, 63=7, 62=8, 61=9, 60=8, 68=5, 69=8, 70=8, 71=9, 64=9, 65=8, 66=9, 67=6, 76=7, 77=9, 78=8, 79=3, 72=8, 73=10, 74=8, 75=6, 85=8, 84=6, 87=6, 86=10, 81=8, 80=11, 83=7, 82=5, 93=9, 92=6, 95=11, 94=8, 89=7, 88=7, 91=7, 90=6, 98=7, 99=9, 96=7, 97=10}
[HELPING] Avg distance between not played chunks: 5.886062646584959
[HELPING] Min distance between not played chunks: 1.065217391304348
[HELPING] Max distance between not played chunks: 37.0

