Total chunks: 100
Nodes x chunk: 3
Total nodes: 25
Active nodes: 25
Started playbacks: 25
Not started playbacks node-ids: []
Playbacks time-window: 450
Missing chunks distribution [missed-chunks/nodes]: {0=1, 1=1, 3=2, 4=1, 67=1, 78=2, 79=1, 72=1, 47=1, 85=1, 51=1, 19=1, 81=2, 80=4, 59=1, 58=1, 24=1, 63=1, 60=1}
Rejected chunks for ttl expiration [chunk-id/nodes]: 100 {0=10, 1=16, 2=12, 3=16, 4=13, 5=16, 6=15, 7=12, 8=15, 9=14, 10=15, 11=17, 12=11, 13=17, 14=12, 15=14, 17=14, 16=16, 19=16, 18=14, 21=12, 20=11, 23=15, 22=17, 25=10, 24=14, 27=10, 26=15, 29=14, 28=14, 31=11, 30=14, 34=14, 35=15, 32=14, 33=12, 38=11, 39=12, 36=11, 37=14, 42=11, 43=12, 40=10, 41=12, 46=14, 47=14, 44=10, 45=11, 51=12, 50=12, 49=15, 48=9, 55=12, 54=13, 53=16, 52=11, 59=13, 58=12, 57=13, 56=10, 63=14, 62=13, 61=13, 60=15, 68=13, 69=17, 70=12, 71=11, 64=14, 65=12, 66=13, 67=11, 76=13, 77=14, 78=7, 79=14, 72=15, 73=14, 74=11, 75=11, 85=13, 84=10, 87=13, 86=14, 81=12, 80=16, 83=15, 82=13, 93=13, 92=14, 95=13, 94=14, 89=13, 88=12, 91=14, 90=15, 98=7, 99=10, 96=11, 97=13}
Rejected chunks for capacity limit [chunk-id/nodes]: 0 {}
Avg # of unsent chunk for max-retries: 0.0
Min # of unsent chunk for max-retries: 0.0
Max # of unsent chunk for max-retries: 0.0
Avg # of unsent chunk-reqs for max-retries: 0.0
Min # of unsent chunk-reqs for max-retries: 0.0
Max # of unsent chunk-reqs for max-retries: 0.0
Avg % of chunks received by Pastry: 19.36
Min % of chunks received by Pastry: 0.0
Max % of chunks received by Pastry: 38.0
StD of chunks received by Pastry: 13.24411819135826
Var of chunks received by Pastry: 175.40666666666675
Avg % of chunks received by StarStream: 79.88
Min % of chunks received by StarStream: 61.0
Max % of chunks received by StarStream: 100.0
StD of chunks received by StarStream: 13.270644294833648
Var of chunks received by StarStream: 176.11000000000087
[MOJO] Startup Delay: 165.12
[MOJO] Latency: 3.624071331183946
Min of perceived avg chunk delivery-time: 0.09523809523809523
Max of perceived avg chunk delivery-time: 12.475
Variance of perceived avg chunk delivery-time: 12.461283531379562
StD of perceived avg chunk delivery-time: 3.530054324140007
Avg messages sent per node: 235.2
Min messages sent per node: 114.0
Max messages sent per node: 447.0
Variance of messages sent per node: 10876.166666666677
StD of messages sent per node: 104.28886166157284
Nodes with incomplete playbacks: 24
[MOJO] Packet Loss: 65.6
Min % of not played chunks: 0.0
Max % of not played chunks: 99.0
Not played chunks [chunk-id/nodes]: {1=20, 2=16, 3=18, 4=17, 5=19, 6=19, 7=16, 8=18, 9=17, 10=18, 11=19, 12=15, 13=20, 14=15, 15=17, 17=18, 16=19, 19=19, 18=17, 21=15, 20=14, 23=18, 22=19, 25=14, 24=17, 27=13, 26=19, 29=17, 28=17, 31=14, 30=18, 34=17, 35=19, 32=17, 33=15, 38=15, 39=15, 36=14, 37=17, 42=15, 43=15, 40=15, 41=16, 46=18, 47=18, 44=15, 45=15, 51=15, 50=16, 49=18, 48=12, 55=16, 54=16, 53=18, 52=15, 59=17, 58=15, 57=17, 56=14, 63=18, 62=16, 61=16, 60=18, 68=16, 69=19, 70=16, 71=14, 64=17, 65=16, 66=17, 67=15, 76=16, 77=17, 78=17, 79=17, 72=18, 73=18, 74=16, 75=14, 85=17, 84=14, 87=17, 86=18, 81=15, 80=20, 83=18, 82=16, 93=16, 92=17, 95=17, 94=16, 89=16, 88=17, 91=17, 90=19, 98=18, 99=16, 96=14, 97=14}
Avg distance between not played chunks: 1.683173424514764
Min distance between not played chunks: 1.0
Max distance between not played chunks: 5.333333333333333

