Total chunks: 100
Nodes x chunk: 3
Total nodes: 25
Active nodes: 25
Started playbacks: 25
Not started playbacks node-ids: []
Playbacks time-window: 288
Missing chunks distribution [missed-chunks/nodes]: {0=7, 1=6, 2=5, 3=2, 4=4, 5=1}
Rejected chunks for ttl expiration [chunk-id/nodes]: 21 {0=4, 1=3, 2=1, 3=2, 98=1, 4=1, 96=1, 7=1, 8=2, 73=1, 17=1, 85=6, 87=1, 49=2, 18=4, 53=2, 25=1, 92=1, 62=1, 88=3, 30=1}
Rejected chunks for capacity limit [chunk-id/nodes]: 0 {}
Avg # of unsent chunk for max-retries: 0.0
Min # of unsent chunk for max-retries: 0.0
Max # of unsent chunk for max-retries: 0.0
Avg # of unsent chunk-reqs for max-retries: 0.0
Min # of unsent chunk-reqs for max-retries: 0.0
Max # of unsent chunk-reqs for max-retries: 0.0
Avg % of chunks received by Pastry: 17.36
Min % of chunks received by Pastry: 2.0
Max % of chunks received by Pastry: 28.0
StD of chunks received by Pastry: 6.688796603276257
Var of chunks received by Pastry: 44.74
Avg % of chunks received by StarStream: 81.68
Min % of chunks received by StarStream: 71.0
Max % of chunks received by StarStream: 97.0
StD of chunks received by StarStream: 6.6753277073113395
Var of chunks received by StarStream: 44.55999999999847
[MOJO] avg playback start:91.64
Perceived avg chunk delivery-time: 10.046291294972846
Min of perceived avg chunk delivery-time: 8.489795918367347
Max of perceived avg chunk delivery-time: 13.778947368421052
Variance of perceived avg chunk delivery-time: 1.317424206112176
StD of perceived avg chunk delivery-time: 1.1477910115139323
Avg messages sent per node: 1745.92
Min messages sent per node: 1194.0
Max messages sent per node: 2194.0
Variance of messages sent per node: 78094.40999999933
StD of messages sent per node: 279.4537707743435
Nodes with incomplete playbacks: 22
Avg % of not played chunks: 29.08
Min % of not played chunks: 0.0
Max % of not played chunks: 99.0
Not played chunks [chunk-id/nodes]: {1=11, 2=9, 3=9, 4=10, 5=6, 6=7, 7=7, 8=8, 9=8, 10=7, 11=6, 12=7, 13=8, 14=5, 15=6, 17=6, 16=5, 19=6, 18=11, 21=6, 20=6, 23=6, 22=7, 25=7, 24=7, 27=7, 26=7, 29=8, 28=5, 31=9, 30=7, 34=6, 35=11, 32=9, 33=8, 38=12, 39=8, 36=6, 37=8, 42=6, 43=5, 40=8, 41=6, 46=6, 47=7, 44=6, 45=7, 51=7, 50=10, 49=9, 48=7, 55=7, 54=4, 53=11, 52=8, 59=6, 58=5, 57=6, 56=8, 63=7, 62=10, 61=5, 60=4, 68=10, 69=6, 70=10, 71=5, 64=6, 65=11, 66=7, 67=7, 76=8, 77=8, 78=8, 79=6, 72=8, 73=9, 74=7, 75=8, 85=11, 84=6, 87=9, 86=5, 81=7, 80=7, 83=5, 82=5, 93=5, 92=11, 95=7, 94=5, 89=6, 88=9, 91=8, 90=10, 98=7, 99=9, 96=9, 97=5}
Avg distance between not played chunks: 6.523226529628175
Min distance between not played chunks: 1.0
Max distance between not played chunks: 32.333333333333336

