Total chunks: 100
Nodes x chunk: 3
Total nodes: 25
Active nodes: 25
Started playbacks: 25
Not started playbacks node-ids: []
Playbacks time-window: 1101
Missing chunks distribution [missed-chunks/nodes]: {34=1, 2=1, 70=2, 3=2, 64=1, 4=3, 5=1, 43=1, 46=1, 13=2, 74=1, 45=1, 50=2, 18=1, 21=1, 54=1, 23=1, 82=1, 59=1}
Rejected chunks for ttl expiration [chunk-id/nodes]: 100 {0=9, 1=16, 2=9, 3=6, 4=12, 5=11, 6=12, 7=9, 8=7, 9=6, 10=9, 11=14, 12=14, 13=16, 14=11, 15=8, 17=9, 16=10, 19=9, 18=8, 21=9, 20=14, 23=2, 22=4, 25=7, 24=6, 27=6, 26=6, 29=9, 28=4, 31=11, 30=4, 34=7, 35=6, 32=9, 33=11, 38=8, 39=6, 36=13, 37=6, 42=11, 43=8, 40=7, 41=7, 46=7, 47=8, 44=9, 45=8, 51=12, 50=2, 49=9, 48=7, 55=9, 54=10, 53=9, 52=6, 59=5, 58=12, 57=8, 56=8, 63=5, 62=9, 61=5, 60=14, 68=6, 69=14, 70=8, 71=7, 64=8, 65=4, 66=6, 67=7, 76=9, 77=5, 78=8, 79=12, 72=6, 73=7, 74=10, 75=8, 85=12, 84=7, 87=7, 86=14, 81=10, 80=6, 83=8, 82=8, 93=9, 92=5, 95=10, 94=11, 89=13, 88=5, 91=3, 90=6, 98=7, 99=4, 96=5, 97=6}
Rejected chunks for capacity limit [chunk-id/nodes]: 0 {}
Avg # of unsent chunk for max-retries: 0.0
Min # of unsent chunk for max-retries: 0.0
Max # of unsent chunk for max-retries: 0.0
Avg # of unsent chunk-reqs for max-retries: 0.0
Min # of unsent chunk-reqs for max-retries: 0.0
Max # of unsent chunk-reqs for max-retries: 0.0
Avg % of chunks received by Pastry: 17.96
Min % of chunks received by Pastry: 1.0
Max % of chunks received by Pastry: 41.0
StD of chunks received by Pastry: 12.771974527587084
Var of chunks received by Pastry: 163.1233333333333
Avg % of chunks received by StarStream: 81.08
Min % of chunks received by StarStream: 58.0
Max % of chunks received by StarStream: 98.0
StD of chunks received by StarStream: 12.773409881468655
Var of chunks received by StarStream: 163.16000000000108
[MOJO] Startup Delay: 182.36
[MOJO] Latency: 5.578888647426567
Min of perceived avg chunk delivery-time: 0.9230769230769231
Max of perceived avg chunk delivery-time: 9.578947368421053
Variance of perceived avg chunk delivery-time: 5.634423549061174
StD of perceived avg chunk delivery-time: 2.373694072339815
Avg messages sent per node: 343.56
Min messages sent per node: 132.0
Max messages sent per node: 562.0
Variance of messages sent per node: 14421.339999999995
StD of messages sent per node: 120.0888837486634
Nodes with incomplete playbacks: 25
[MOJO] Packet Loss: 50.76
Min % of not played chunks: 3.0
Max % of not played chunks: 98.0
Not played chunks [chunk-id/nodes]: {1=21, 2=15, 3=11, 4=18, 5=16, 6=16, 7=14, 8=13, 9=11, 10=14, 11=17, 12=19, 13=19, 14=14, 15=14, 17=14, 16=16, 19=14, 18=13, 21=14, 20=18, 23=7, 22=8, 25=12, 24=10, 27=11, 26=12, 29=12, 28=9, 31=14, 30=8, 34=13, 35=12, 32=12, 33=15, 38=11, 39=11, 36=16, 37=10, 42=14, 43=13, 40=10, 41=12, 46=11, 47=13, 44=14, 45=13, 51=16, 50=7, 49=15, 48=10, 55=13, 54=15, 53=13, 52=11, 59=9, 58=16, 57=12, 56=12, 63=8, 62=14, 61=10, 60=16, 68=10, 69=18, 70=13, 71=11, 64=14, 65=9, 66=18, 67=13, 76=14, 77=10, 78=14, 79=16, 72=11, 73=10, 74=14, 75=12, 85=16, 84=13, 87=11, 86=17, 81=13, 80=12, 83=12, 82=13, 93=14, 92=11, 95=12, 94=14, 89=15, 88=10, 91=8, 90=10, 98=11, 99=8, 96=11, 97=10}
Avg distance between not played chunks: 3.7569789929239397
Min distance between not played chunks: 1.0103092783505154
Max distance between not played chunks: 32.5

