Total chunks: 100
Nodes x chunk: 3
Total nodes: 25
Active nodes: 25
Started playbacks: 25
Not started playbacks node-ids: []
Playbacks time-window: 372
Missing chunks distribution [missed-chunks/nodes]: {51=1, 16=1, 19=3, 18=2, 3=1, 5=1, 6=4, 7=2, 8=1, 24=1, 9=3, 10=2, 11=1, 29=1, 28=1}
Rejected chunks for ttl expiration [chunk-id/nodes]: 93 {0=5, 1=11, 2=7, 3=7, 4=4, 5=5, 6=5, 7=1, 9=4, 10=7, 11=2, 12=3, 13=4, 14=5, 15=7, 17=2, 16=4, 19=1, 18=1, 21=1, 20=2, 22=2, 25=2, 24=3, 27=5, 26=5, 29=3, 28=4, 31=3, 30=1, 34=3, 35=3, 32=4, 33=3, 38=5, 39=6, 36=5, 37=8, 42=2, 43=5, 40=4, 41=1, 46=7, 47=5, 44=1, 45=6, 51=4, 50=4, 48=3, 55=2, 54=4, 53=5, 52=4, 59=8, 58=4, 57=1, 63=2, 62=9, 61=1, 60=5, 68=7, 69=2, 70=4, 71=3, 64=5, 65=5, 66=1, 77=1, 78=8, 79=1, 72=2, 74=6, 75=1, 85=4, 84=5, 87=5, 86=3, 81=1, 80=1, 83=6, 82=3, 93=5, 92=5, 95=2, 94=3, 89=3, 88=1, 91=3, 90=1, 98=4, 99=4, 96=2, 97=4}
Rejected chunks for capacity limit [chunk-id/nodes]: 0 {}
bandwidthUtilUp: 0.008263832835820929
bandwidthUtilDown: 0.00133124245439468
Avg # of unsent chunk for max-retries: 0.0
Min # of unsent chunk for max-retries: 0.0
Max # of unsent chunk for max-retries: 0.0
Avg # of unsent chunk-reqs for max-retries: 0.0
Min # of unsent chunk-reqs for max-retries: 0.0
Max # of unsent chunk-reqs for max-retries: 0.0
Avg % of chunks received by Pastry: 15.52
Min % of chunks received by Pastry: 0.0
Max % of chunks received by Pastry: 32.0
StD of chunks received by Pastry: 11.057124400132253
Var of chunks received by Pastry: 122.26000000000003
Avg % of chunks received by StarStream: 83.6
Min % of chunks received by StarStream: 67.0
Max % of chunks received by StarStream: 100.0
StD of chunks received by StarStream: 11.23610252712215
Var of chunks received by StarStream: 126.25000000000077
[MOJO] Startup Delay: 105.16
[MOJO] Latency: 11.213896940024283
Min of perceived avg chunk delivery-time: 7.956989247311828
Max of perceived avg chunk delivery-time: 14.652777777777779
Variance of perceived avg chunk delivery-time: 2.893164663620966
StD of perceived avg chunk delivery-time: 1.7009305287462406
Avg messages sent per node: 773.28
Min messages sent per node: 394.0
Max messages sent per node: 1017.0
Variance of messages sent per node: 18705.54333333336
StD of messages sent per node: 136.7682102439502
Nodes with incomplete playbacks: 25
[MOJO] Packet Loss: 28.44
Min % of not played chunks: 6.0
Max % of not played chunks: 99.0
Not played chunks [chunk-id/nodes]: {1=15, 2=11, 3=10, 4=8, 5=9, 6=9, 7=5, 8=5, 9=8, 10=9, 11=5, 12=8, 13=8, 14=9, 15=11, 17=5, 16=8, 19=5, 18=4, 21=4, 20=7, 23=3, 22=5, 25=7, 24=5, 27=7, 26=10, 29=8, 28=8, 31=6, 30=4, 34=6, 35=7, 32=7, 33=6, 38=9, 39=11, 36=11, 37=11, 42=4, 43=7, 40=7, 41=5, 46=13, 47=11, 44=4, 45=9, 51=7, 50=9, 49=3, 48=7, 55=6, 54=10, 53=8, 52=6, 59=11, 58=7, 57=5, 56=3, 63=4, 62=14, 61=6, 60=9, 68=9, 69=6, 70=7, 71=6, 64=9, 65=8, 66=6, 67=3, 76=3, 77=6, 78=11, 79=4, 72=6, 73=4, 74=8, 75=5, 85=8, 84=9, 87=9, 86=5, 81=5, 80=5, 83=10, 82=4, 93=10, 92=10, 95=6, 94=7, 89=6, 88=5, 91=8, 90=5, 98=8, 99=8, 96=6, 97=7}
Avg distance between not played chunks: 5.794754376812343
Min distance between not played chunks: 1.0
Max distance between not played chunks: 18.0

