Total chunks: 100
Nodes x chunk: 3
Total nodes: 32
Active nodes: 25
Started playbacks: 25
Not started playbacks node-ids: []
Playbacks time-window: 321
Missing chunks distribution [missed-chunks/nodes]: {0=3, 16=1, 1=3, 2=3, 3=5, 4=3, 6=2, 8=3, 9=1, 11=1}
Rejected chunks for ttl expiration [chunk-id/nodes]: 54 {0=2, 1=3, 2=3, 3=2, 4=1, 7=2, 11=2, 13=1, 16=1, 18=4, 20=1, 23=3, 27=1, 30=3, 32=1, 36=1, 42=1, 43=1, 40=1, 46=1, 44=5, 51=1, 50=2, 48=1, 55=1, 53=1, 52=1, 59=1, 58=1, 57=2, 56=2, 63=2, 62=3, 60=1, 68=1, 70=1, 65=3, 66=4, 76=1, 79=4, 72=3, 73=2, 85=4, 84=2, 87=2, 86=1, 82=3, 93=1, 92=1, 94=2, 90=2, 98=1, 96=2, 97=1}
Rejected chunks for capacity limit [chunk-id/nodes]: 0 {}
bandwidthUtilUp: 0.009548147211626995
bandwidthUtilDown: 0.005577178808586467
Avg # of unsent chunk for max-retries: 0.0
Min # of unsent chunk for max-retries: 0.0
Max # of unsent chunk for max-retries: 0.0
Avg # of unsent chunk-reqs for max-retries: 0.0
Min # of unsent chunk-reqs for max-retries: 0.0
Max # of unsent chunk-reqs for max-retries: 0.0
Avg % of chunks received by Pastry: 13.56
Min % of chunks received by Pastry: 0.0
Max % of chunks received by Pastry: 28.0
StD of chunks received by Pastry: 10.352455425324628
Var of chunks received by Pastry: 107.17333333333332
Avg % of chunks received by StarStream: 85.48
Min % of chunks received by StarStream: 71.0
Max % of chunks received by StarStream: 100.0
StD of chunks received by StarStream: 10.408810370706766
Var of chunks received by StarStream: 108.34333333333272
[MOJO] Startup Delay: 63.6
[MOJO] Latency: 12.016363068784075
Min of perceived avg chunk delivery-time: 8.98
Max of perceived avg chunk delivery-time: 14.72289156626506
Variance of perceived avg chunk delivery-time: 2.1166340823740213
StD of perceived avg chunk delivery-time: 1.454865657844057
Avg messages sent per node: 1263.72
Min messages sent per node: 466.0
Max messages sent per node: 2151.0
Variance of messages sent per node: 235381.45999999982
StD of messages sent per node: 485.16127215597066
Nodes with incomplete playbacks: 25
[MOJO] Packet Loss: 27.72
Min % of not played chunks: 1.0
Max % of not played chunks: 99.0
Not played chunks [chunk-id/nodes]: {1=9, 2=7, 3=9, 4=10, 5=8, 6=6, 7=8, 8=5, 9=4, 10=7, 11=9, 12=6, 13=8, 14=6, 15=7, 17=8, 16=8, 19=5, 18=9, 21=6, 20=8, 23=7, 22=5, 25=7, 24=5, 27=6, 26=8, 29=4, 28=6, 31=5, 30=6, 34=5, 35=4, 32=9, 33=6, 38=8, 39=6, 36=7, 37=6, 42=9, 43=7, 40=8, 41=4, 46=7, 47=6, 44=9, 45=8, 51=6, 50=8, 49=5, 48=6, 55=7, 54=7, 53=6, 52=7, 59=8, 58=7, 57=7, 56=8, 63=8, 62=9, 61=5, 60=9, 68=6, 69=7, 70=8, 71=4, 64=7, 65=8, 66=11, 67=4, 76=6, 77=7, 78=6, 79=10, 72=11, 73=7, 74=6, 75=6, 85=8, 84=9, 87=8, 86=8, 81=5, 80=5, 83=5, 82=9, 93=8, 92=5, 95=7, 94=9, 89=7, 88=6, 91=6, 90=12, 98=7, 99=5, 96=10, 97=6}
Avg distance between not played chunks: 8.515470487018357
Min distance between not played chunks: 1.0
Max distance between not played chunks: 31.0

HELPING PEERS LOG

[HELPING] Active nodes: 2
[HELPING] Started playbacks: 2
[HELPING] Not started playbacks node-ids: []
[HELPING] Playbacks time-window: 400
[HELPING] Missing chunks distribution [missed-chunks/nodes]: {3=1, 11=1}
[HELPING] Rejected chunks for ttl expiration [chunk-id/nodes]: 11 {1=1, 2=1, 3=1, 71=1, 6=1, 66=1, 7=1, 9=1, 12=1, 13=1, 62=1}
[HELPING] Rejected chunks for capacity limit [chunk-id/nodes]: 0 {}
[HELPING] bandwidthUtilUp: 0.009493336487751428
[HELPING] bandwidthUtilDown: 0.0021609590145030885
[HELPING] Avg # of unsent chunk for max-retries: 0.0
[HELPING] Min # of unsent chunk for max-retries: 0.0
[HELPING] Max # of unsent chunk for max-retries: 0.0
[HELPING] Avg # of unsent chunk-reqs for max-retries: 0.0
[HELPING] Min # of unsent chunk-reqs for max-retries: 0.0
[HELPING] Max # of unsent chunk-reqs for max-retries: 0.0
[HELPING] Avg % of chunks received by Pastry: 13.0
[HELPING] Min % of chunks received by Pastry: 2.0
[HELPING] Max % of chunks received by Pastry: 24.0
[HELPING] StD of chunks received by Pastry: 15.556349186104045
[HELPING] Var of chunks received by Pastry: 242.0
[HELPING] Avg % of chunks received by StarStream: 86.0
[HELPING] Min % of chunks received by StarStream: 75.0
[HELPING] Max % of chunks received by StarStream: 97.0
[HELPING] StD of chunks received by StarStream: 15.556349186104045
[HELPING] Var of chunks received by StarStream: 242.0
[HELPING] Startup Delay: 269.0
[HELPING] Latency: 12.445173383317712
[HELPING] Min of perceived avg chunk delivery-time: 12.072164948453608
[HELPING] Max of perceived avg chunk delivery-time: 12.818181818181818
[HELPING] Variance of perceived avg chunk delivery-time: 0.27827058495955725
[HELPING] StD of perceived avg chunk delivery-time: 0.5275135874643962
[HELPING] Avg messages sent per node: 818.5
[HELPING] Min messages sent per node: 560.0
[HELPING] Max messages sent per node: 1077.0
[HELPING] Variance of messages sent per node: 133644.5
[HELPING] StD of messages sent per node: 365.57420587344507
[HELPING] Nodes with incomplete playbacks: 2
[HELPING] Packet Loss: 7.0
[HELPING] Min % of not played chunks: 3.0
[HELPING] Max % of not played chunks: 11.0
[HELPING] Not played chunks [chunk-id/nodes]: {1=1, 2=1, 71=1, 3=1, 4=2, 5=1, 66=1, 6=1, 7=1, 9=1, 12=1, 13=1, 62=1}
[HELPING] Avg distance between not played chunks: 19.0
[HELPING] Min distance between not played chunks: 7.0
[HELPING] Max distance between not played chunks: 31.0

