Total chunks: 100
Nodes x chunk: 3
Total nodes: 50
Active nodes: 25
Started playbacks: 25
Not started playbacks node-ids: []
Playbacks time-window: 483
Missing chunks distribution [missed-chunks/nodes]: {0=1, 2=2, 3=1, 4=1, 5=3, 39=1, 6=1, 37=1, 42=1, 9=1, 74=1, 15=1, 50=1, 16=1, 18=1, 81=2, 82=2, 52=1, 59=1, 62=1}
Rejected chunks for ttl expiration [chunk-id/nodes]: 100 {0=7, 1=12, 2=11, 3=6, 4=10, 5=6, 6=10, 7=6, 8=6, 9=8, 10=8, 11=11, 12=8, 13=10, 14=6, 15=8, 17=5, 16=8, 19=6, 18=9, 21=9, 20=5, 23=8, 22=9, 25=12, 24=9, 27=8, 26=9, 29=7, 28=9, 31=6, 30=9, 34=8, 35=7, 32=7, 33=4, 38=8, 39=6, 36=11, 37=6, 42=9, 43=10, 40=7, 41=9, 46=4, 47=10, 44=3, 45=4, 51=8, 50=8, 49=8, 48=8, 55=7, 54=8, 53=6, 52=13, 59=10, 58=8, 57=7, 56=6, 63=13, 62=4, 61=8, 60=8, 68=11, 69=9, 70=7, 71=6, 64=7, 65=11, 66=8, 67=9, 76=7, 77=5, 78=7, 79=8, 72=13, 73=6, 74=12, 75=10, 85=9, 84=11, 87=10, 86=8, 81=8, 80=8, 83=9, 82=7, 93=6, 92=7, 95=5, 94=6, 89=12, 88=11, 91=9, 90=14, 98=6, 99=6, 96=3, 97=8}
Rejected chunks for capacity limit [chunk-id/nodes]: 0 {}
bandwidthUtilUp: 0.007605917081260389
bandwidthUtilDown: 0.004356330348258706
Avg # of unsent chunk for max-retries: 0.0
Min # of unsent chunk for max-retries: 0.0
Max # of unsent chunk for max-retries: 0.0
Avg # of unsent chunk-reqs for max-retries: 0.0
Min # of unsent chunk-reqs for max-retries: 0.0
Max # of unsent chunk-reqs for max-retries: 0.0
Avg % of chunks received by Pastry: 19.76
Min % of chunks received by Pastry: 0.0
Max % of chunks received by Pastry: 46.0
StD of chunks received by Pastry: 14.95905522863437
Var of chunks received by Pastry: 223.77333333333326
Avg % of chunks received by StarStream: 79.44
Min % of chunks received by StarStream: 53.0
Max % of chunks received by StarStream: 100.0
StD of chunks received by StarStream: 15.141224080855116
Var of chunks received by StarStream: 229.25666666666683
[MOJO] Startup Delay: 200.92
[MOJO] Latency: 17.800688053063126
Min of perceived avg chunk delivery-time: 1.0
Max of perceived avg chunk delivery-time: 26.408602150537636
Variance of perceived avg chunk delivery-time: 45.723599132385516
StD of perceived avg chunk delivery-time: 6.761922739309102
Avg messages sent per node: 426.36
Min messages sent per node: 140.0
Max messages sent per node: 694.0
Variance of messages sent per node: 26487.573333333334
StD of messages sent per node: 162.75003328212665
Nodes with incomplete playbacks: 24
[MOJO] Packet Loss: 42.56
Min % of not played chunks: 0.0
Max % of not played chunks: 99.0
Not played chunks [chunk-id/nodes]: {1=16, 2=15, 3=10, 4=13, 5=8, 6=13, 7=9, 8=8, 9=12, 10=11, 11=13, 12=11, 13=11, 14=9, 15=10, 17=9, 16=11, 19=8, 18=11, 21=11, 20=7, 23=11, 22=11, 25=14, 24=13, 27=10, 26=11, 29=9, 28=11, 31=9, 30=11, 34=10, 35=10, 32=10, 33=7, 38=11, 39=9, 36=13, 37=9, 42=12, 43=12, 40=10, 41=12, 46=10, 47=12, 44=6, 45=6, 51=12, 50=11, 49=14, 48=12, 55=10, 54=10, 53=8, 52=14, 59=13, 58=11, 57=9, 56=8, 63=15, 62=8, 61=12, 60=10, 68=13, 69=12, 70=9, 71=8, 64=9, 65=13, 66=10, 67=12, 76=9, 77=8, 78=10, 79=11, 72=16, 73=8, 74=13, 75=13, 85=11, 84=14, 87=13, 86=10, 81=10, 80=11, 83=12, 82=10, 93=8, 92=9, 95=7, 94=9, 89=14, 88=14, 91=12, 90=15, 98=14, 99=10, 96=5, 97=10}
Avg distance between not played chunks: 6.115726910927506
Min distance between not played chunks: 1.0
Max distance between not played chunks: 26.5

