Total chunks: 100
Nodes x chunk: 3
Total nodes: 30
Active nodes: 25
Started playbacks: 25
Not started playbacks node-ids: []
Playbacks time-window: 51
Missing chunks distribution [missed-chunks/nodes]: {35=1, 5=1, 9=1, 10=1, 11=2, 12=1, 14=2, 15=3, 16=4, 19=2, 18=1, 21=1, 20=2, 22=1, 29=2}
Rejected chunks for ttl expiration [chunk-id/nodes]: 82 {0=1, 1=1, 4=1, 5=2, 7=2, 9=1, 11=1, 12=1, 14=2, 15=1, 17=5, 16=7, 18=2, 21=1, 20=11, 23=4, 22=5, 25=2, 24=1, 26=1, 29=6, 28=1, 31=3, 30=1, 34=3, 35=3, 32=8, 33=2, 36=2, 37=2, 42=4, 43=1, 40=1, 41=4, 46=1, 47=1, 44=11, 45=6, 51=3, 50=3, 49=3, 55=4, 54=6, 53=3, 52=2, 59=3, 58=3, 57=1, 56=3, 63=2, 62=2, 61=3, 60=2, 68=4, 69=1, 64=10, 66=1, 67=1, 76=1, 77=7, 78=1, 79=2, 73=2, 74=1, 75=12, 85=9, 84=1, 87=4, 86=5, 80=3, 82=1, 93=7, 92=6, 95=8, 94=1, 88=1, 91=1, 90=2, 98=1, 99=5, 96=1, 97=1}
Rejected chunks for capacity limit [chunk-id/nodes]: 0 {}
Avg # of unsent chunk for max-retries: 0.0
Min # of unsent chunk for max-retries: 0.0
Max # of unsent chunk for max-retries: 0.0
Avg # of unsent chunk-reqs for max-retries: 0.0
Min # of unsent chunk-reqs for max-retries: 0.0
Max # of unsent chunk-reqs for max-retries: 0.0
Avg % of chunks received by Pastry: 30.04
Min % of chunks received by Pastry: 3.0
Max % of chunks received by Pastry: 41.0
StD of chunks received by Pastry: 6.9790161675315465
Var of chunks received by Pastry: 48.70666666666672
Avg % of chunks received by StarStream: 69.0
Min % of chunks received by StarStream: 58.0
Max % of chunks received by StarStream: 96.0
StD of chunks received by StarStream: 6.9821200218844846
Var of chunks received by StarStream: 48.75000000000019
[MOJO] Startup Delay: 142.92
[MOJO] Latency: 11.255420706294583
Min of perceived avg chunk delivery-time: 9.686046511627907
Max of perceived avg chunk delivery-time: 13.934065934065934
Variance of perceived avg chunk delivery-time: 0.6691346315160995
StD of perceived avg chunk delivery-time: 0.8180064984559106
Avg messages sent per node: 564.44
Min messages sent per node: 297.0
Max messages sent per node: 1041.0
Variance of messages sent per node: 18365.006666666584
StD of messages sent per node: 135.51755113883436
Nodes with incomplete playbacks: 25
[MOJO] Packet Loss: 49.24
Min % of not played chunks: 8.0
Max % of not played chunks: 99.0
Not played chunks [chunk-id/nodes]: {1=17, 2=14, 3=16, 4=17, 5=18, 6=18, 7=18, 8=19, 9=20, 10=17, 11=19, 12=19, 13=12, 14=11, 15=10, 17=14, 16=13, 19=9, 18=12, 21=12, 20=16, 23=12, 22=13, 25=12, 24=11, 27=9, 26=9, 29=17, 28=15, 31=10, 30=13, 34=11, 35=12, 32=13, 33=12, 38=8, 39=10, 36=7, 37=12, 42=12, 43=12, 40=9, 41=12, 46=7, 47=12, 44=15, 45=13, 51=12, 50=14, 49=11, 48=11, 55=10, 54=13, 53=13, 52=11, 59=14, 58=13, 57=10, 56=11, 63=15, 62=12, 61=16, 60=13, 68=11, 69=9, 70=9, 71=9, 64=20, 65=5, 66=10, 67=9, 76=9, 77=15, 78=12, 79=7, 72=9, 73=12, 74=8, 75=17, 85=12, 84=15, 87=14, 86=13, 81=13, 80=11, 83=12, 82=12, 93=14, 92=12, 95=17, 94=10, 89=11, 88=10, 91=8, 90=13, 98=7, 99=12, 96=14, 97=12}
Avg distance between not played chunks: 3.096698798940864
Min distance between not played chunks: 1.0
Max distance between not played chunks: 10.571428571428571

