Total chunks: 100
Nodes x chunk: 3
Total nodes: 42
Active nodes: 25
Started playbacks: 25
Not started playbacks node-ids: []
Playbacks time-window: 110
Missing chunks distribution [missed-chunks/nodes]: {0=9, 1=7, 2=5, 3=3, 5=1}
Rejected chunks for ttl expiration [chunk-id/nodes]: 13 {0=1, 34=3, 1=3, 2=2, 86=1, 98=1, 80=1, 36=1, 52=2, 93=1, 24=13, 73=1, 14=1}
Rejected chunks for capacity limit [chunk-id/nodes]: 0 {}
bandwidthUtilUp: 0.01006229402188498
bandwidthUtilDown: 0.006880634895038408
Avg # of unsent chunk for max-retries: 0.0
Min # of unsent chunk for max-retries: 0.0
Max # of unsent chunk for max-retries: 0.0
Avg # of unsent chunk-reqs for max-retries: 0.0
Min # of unsent chunk-reqs for max-retries: 0.0
Max # of unsent chunk-reqs for max-retries: 0.0
Avg % of chunks received by Pastry: 20.64
Min % of chunks received by Pastry: 1.0
Max % of chunks received by Pastry: 28.0
StD of chunks received by Pastry: 8.717224328879
Var of chunks received by Pastry: 75.98999999999995
Avg % of chunks received by StarStream: 78.52
Min % of chunks received by StarStream: 71.0
Max % of chunks received by StarStream: 99.0
StD of chunks received by StarStream: 8.780280937039183
Var of chunks received by StarStream: 77.09333333333367
[MOJO] Startup Delay: 79.8
[MOJO] Latency: 14.003327752576235
Min of perceived avg chunk delivery-time: 12.03061224489796
Max of perceived avg chunk delivery-time: 19.127659574468087
Variance of perceived avg chunk delivery-time: 3.6351682531182488
StD of perceived avg chunk delivery-time: 1.9066117205971038
Avg messages sent per node: 1277.36
Min messages sent per node: 774.0
Max messages sent per node: 1938.0
Variance of messages sent per node: 115245.65666666678
StD of messages sent per node: 339.4785069288876
Nodes with incomplete playbacks: 22
[MOJO] Packet Loss: 35.56
Min % of not played chunks: 0.0
Max % of not played chunks: 99.0
Not played chunks [chunk-id/nodes]: {1=14, 2=11, 3=8, 4=10, 5=9, 6=7, 7=8, 8=9, 9=6, 10=8, 11=6, 12=9, 13=8, 14=10, 15=8, 17=11, 16=13, 19=8, 18=8, 21=10, 20=7, 23=9, 22=10, 25=7, 24=18, 27=7, 26=8, 29=10, 28=8, 31=10, 30=7, 34=12, 35=7, 32=7, 33=8, 38=11, 39=7, 36=11, 37=8, 42=9, 43=8, 40=7, 41=8, 46=10, 47=8, 44=9, 45=9, 51=7, 50=6, 49=7, 48=8, 55=7, 54=7, 53=7, 52=13, 59=10, 58=10, 57=10, 56=9, 63=9, 62=10, 61=8, 60=8, 68=10, 69=8, 70=8, 71=7, 64=10, 65=13, 66=8, 67=9, 76=9, 77=12, 78=10, 79=7, 72=7, 73=10, 74=10, 75=10, 85=8, 84=7, 87=8, 86=13, 81=8, 80=11, 83=10, 82=8, 93=10, 92=9, 95=10, 94=11, 89=9, 88=10, 91=8, 90=8, 98=11, 99=8, 96=11, 97=6}
Avg distance between not played chunks: 8.466554840033332
Min distance between not played chunks: 1.0
Max distance between not played chunks: 46.0

HELPING PEERS LOG

[HELPING] Active nodes: 12
[HELPING] Started playbacks: 12
[HELPING] Not started playbacks node-ids: []
[HELPING] Playbacks time-window: 273
[HELPING] Missing chunks distribution [missed-chunks/nodes]: {0=5, 1=3, 2=1, 3=1, 5=2}
[HELPING] Rejected chunks for ttl expiration [chunk-id/nodes]: 10 {34=1, 0=3, 1=2, 2=3, 3=2, 98=1, 4=2, 52=1, 24=3, 62=1}
[HELPING] Rejected chunks for capacity limit [chunk-id/nodes]: 0 {}
[HELPING] bandwidthUtilUp: 0.010620014169573309
[HELPING] bandwidthUtilDown: 0.005829499961665659
[HELPING] Avg # of unsent chunk for max-retries: 0.0
[HELPING] Min # of unsent chunk for max-retries: 0.0
[HELPING] Max # of unsent chunk for max-retries: 0.0
[HELPING] Avg # of unsent chunk-reqs for max-retries: 0.0
[HELPING] Min # of unsent chunk-reqs for max-retries: 0.0
[HELPING] Max # of unsent chunk-reqs for max-retries: 0.0
[HELPING] Avg % of chunks received by Pastry: 14.916666666666666
[HELPING] Min % of chunks received by Pastry: 1.0
[HELPING] Max % of chunks received by Pastry: 27.0
[HELPING] StD of chunks received by Pastry: 9.567542985943613
[HELPING] Var of chunks received by Pastry: 91.53787878787882
[HELPING] Avg % of chunks received by StarStream: 84.16666666666667
[HELPING] Min % of chunks received by StarStream: 72.0
[HELPING] Max % of chunks received by StarStream: 99.0
[HELPING] StD of chunks received by StarStream: 9.703170365994522
[HELPING] Var of chunks received by StarStream: 94.15151515151426
[HELPING] Startup Delay: 123.66666666666667
[HELPING] Latency: 14.264706293299037
[HELPING] Min of perceived avg chunk delivery-time: 11.79
[HELPING] Max of perceived avg chunk delivery-time: 16.273684210526316
[HELPING] Variance of perceived avg chunk delivery-time: 1.6050116078387604
[HELPING] StD of perceived avg chunk delivery-time: 1.2668905271722417
[HELPING] Avg messages sent per node: 1510.0
[HELPING] Min messages sent per node: 1014.0
[HELPING] Max messages sent per node: 2106.0
[HELPING] Variance of messages sent per node: 123437.81818181834
[HELPING] StD of messages sent per node: 351.3371858796309
[HELPING] Nodes with incomplete playbacks: 9
[HELPING] Packet Loss: 17.833333333333332
[HELPING] Min % of not played chunks: 0.0
[HELPING] Max % of not played chunks: 99.0
[HELPING] Not played chunks [chunk-id/nodes]: {1=4, 2=5, 3=5, 4=4, 5=1, 6=2, 7=1, 8=2, 9=1, 10=2, 11=1, 12=1, 13=2, 14=2, 15=2, 17=2, 16=2, 19=3, 18=2, 21=3, 20=2, 23=2, 22=3, 25=3, 24=6, 27=1, 26=2, 29=2, 28=2, 31=3, 30=1, 34=3, 35=2, 32=1, 33=1, 38=3, 39=2, 36=2, 37=1, 42=2, 43=2, 40=1, 41=1, 46=1, 47=3, 44=3, 45=3, 51=1, 50=3, 49=3, 48=1, 55=1, 54=1, 53=2, 52=2, 59=2, 58=2, 57=1, 56=2, 63=2, 62=3, 61=3, 60=2, 68=3, 69=3, 70=2, 71=1, 64=1, 65=3, 66=1, 67=1, 76=2, 77=3, 78=2, 79=2, 72=2, 73=2, 74=3, 75=1, 85=2, 84=3, 87=2, 86=1, 81=2, 80=2, 83=2, 82=2, 93=1, 92=2, 95=4, 94=3, 89=2, 88=3, 91=2, 90=2, 98=4, 99=1, 96=3, 97=3}
[HELPING] Avg distance between not played chunks: 8.84670053366174
[HELPING] Min distance between not played chunks: 1.0
[HELPING] Max distance between not played chunks: 38.0

