Total chunks: 100
Nodes x chunk: 3
Total nodes: 31
Active nodes: 25
Started playbacks: 25
Not started playbacks node-ids: []
Playbacks time-window: 196
Missing chunks distribution [missed-chunks/nodes]: {17=3, 16=1, 3=2, 21=2, 6=1, 22=1, 7=2, 8=1, 9=3, 10=1, 11=4, 12=4}
Rejected chunks for ttl expiration [chunk-id/nodes]: 82 {0=1, 1=8, 2=4, 3=1, 5=1, 6=4, 8=1, 10=1, 12=8, 13=4, 14=2, 15=7, 16=1, 18=1, 20=1, 23=1, 22=3, 25=5, 27=3, 26=2, 31=3, 30=1, 35=2, 33=2, 38=1, 39=5, 36=5, 37=4, 42=5, 43=7, 40=2, 41=3, 46=7, 44=1, 45=1, 51=3, 50=8, 49=3, 48=3, 55=3, 54=1, 53=1, 52=3, 59=5, 58=6, 57=4, 56=5, 63=1, 62=3, 61=1, 60=1, 68=2, 69=1, 70=1, 71=8, 64=5, 65=3, 66=2, 67=1, 76=3, 77=1, 79=4, 72=2, 73=6, 74=9, 84=1, 86=1, 81=1, 80=5, 83=7, 93=6, 92=6, 95=2, 94=1, 89=9, 88=9, 91=4, 90=7, 98=3, 99=2, 96=6, 97=3}
Rejected chunks for capacity limit [chunk-id/nodes]: 0 {}
bandwidthUtilUp: 0.008259090785502785
bandwidthUtilDown: 0.004133564852285525
Avg # of unsent chunk for max-retries: 0.0
Min # of unsent chunk for max-retries: 0.0
Max # of unsent chunk for max-retries: 0.0
Avg # of unsent chunk-reqs for max-retries: 0.0
Min # of unsent chunk-reqs for max-retries: 0.0
Max # of unsent chunk-reqs for max-retries: 0.0
Avg % of chunks received by Pastry: 12.0
Min % of chunks received by Pastry: 1.0
Max % of chunks received by Pastry: 35.0
StD of chunks received by Pastry: 12.439855304624729
Var of chunks received by Pastry: 154.75
Avg % of chunks received by StarStream: 87.0
Min % of chunks received by StarStream: 64.0
Max % of chunks received by StarStream: 98.0
StD of chunks received by StarStream: 12.439855304624746
Var of chunks received by StarStream: 154.75000000000043
[MOJO] Startup Delay: 89.2
[MOJO] Latency: 12.098070142912496
Min of perceived avg chunk delivery-time: 9.175257731958762
Max of perceived avg chunk delivery-time: 15.021978021978022
Variance of perceived avg chunk delivery-time: 2.7990163277736775
StD of perceived avg chunk delivery-time: 1.67302609895174
Avg messages sent per node: 872.84
Min messages sent per node: 336.0
Max messages sent per node: 1481.0
Variance of messages sent per node: 90755.13999999991
StD of messages sent per node: 301.2559377008193
Nodes with incomplete playbacks: 25
[MOJO] Packet Loss: 29.08
Min % of not played chunks: 6.0
Max % of not played chunks: 99.0
Not played chunks [chunk-id/nodes]: {1=12, 2=8, 3=4, 4=5, 5=5, 6=8, 7=5, 8=7, 9=4, 10=7, 11=5, 12=14, 13=7, 14=5, 15=9, 17=3, 16=6, 19=6, 18=7, 21=5, 20=6, 23=6, 22=8, 25=7, 24=6, 27=6, 26=8, 29=8, 28=6, 31=8, 30=5, 34=5, 35=9, 32=5, 33=7, 38=6, 39=10, 36=11, 37=8, 42=8, 43=11, 40=7, 41=9, 46=12, 47=4, 44=5, 45=7, 51=8, 50=11, 49=8, 48=8, 55=6, 54=6, 53=6, 52=7, 59=8, 58=9, 57=8, 56=10, 63=4, 62=7, 61=7, 60=8, 68=5, 69=5, 70=6, 71=11, 64=11, 65=7, 66=5, 67=6, 76=11, 77=5, 78=6, 79=9, 72=7, 73=9, 74=11, 75=5, 85=4, 84=7, 87=5, 86=5, 81=4, 80=7, 83=11, 82=6, 93=11, 92=9, 95=6, 94=5, 89=14, 88=12, 91=8, 90=10, 98=9, 99=8, 96=10, 97=6}
Avg distance between not played chunks: 6.661237641485147
Min distance between not played chunks: 1.0
Max distance between not played chunks: 14.166666666666666

HELPING PEERS LOG

[HELPING] Active nodes: 1
[HELPING] Started playbacks: 1
[HELPING] Not started playbacks node-ids: []
[HELPING] Playbacks time-window: 0
[HELPING] Missing chunks distribution [missed-chunks/nodes]: {7=1}
[HELPING] Rejected chunks for ttl expiration [chunk-id/nodes]: 5 {76=1, 43=1, 56=1, 79=1, 45=1}
[HELPING] Rejected chunks for capacity limit [chunk-id/nodes]: 0 {}
[HELPING] bandwidthUtilUp: 0.007200157602616565
[HELPING] bandwidthUtilDown: 0.004994163168913673
[HELPING] Avg # of unsent chunk for max-retries: 0.0
[HELPING] Min # of unsent chunk for max-retries: 0.0
[HELPING] Max # of unsent chunk for max-retries: 0.0
[HELPING] Avg # of unsent chunk-reqs for max-retries: 0.0
[HELPING] Min # of unsent chunk-reqs for max-retries: 0.0
[HELPING] Max # of unsent chunk-reqs for max-retries: 0.0
[HELPING] Avg % of chunks received by Pastry: 10.0
[HELPING] Min % of chunks received by Pastry: 10.0
[HELPING] Max % of chunks received by Pastry: 10.0
[HELPING] StD of chunks received by Pastry: 0.0
[HELPING] Var of chunks received by Pastry: 0.0
[HELPING] Avg % of chunks received by StarStream: 89.0
[HELPING] Min % of chunks received by StarStream: 89.0
[HELPING] Max % of chunks received by StarStream: 89.0
[HELPING] StD of chunks received by StarStream: 0.0
[HELPING] Var of chunks received by StarStream: 0.0
[HELPING] Startup Delay: 77.0
[HELPING] Latency: 13.130434782608695
[HELPING] Min of perceived avg chunk delivery-time: 13.130434782608695
[HELPING] Max of perceived avg chunk delivery-time: 13.130434782608695
[HELPING] Variance of perceived avg chunk delivery-time: 0.0
[HELPING] StD of perceived avg chunk delivery-time: 0.0
[HELPING] Avg messages sent per node: 1423.0
[HELPING] Min messages sent per node: 1423.0
[HELPING] Max messages sent per node: 1423.0
[HELPING] Variance of messages sent per node: 0.0
[HELPING] StD of messages sent per node: 0.0
[HELPING] Nodes with incomplete playbacks: 1
[HELPING] Packet Loss: 7.0
[HELPING] Min % of not played chunks: 7.0
[HELPING] Max % of not played chunks: 7.0
[HELPING] Not played chunks [chunk-id/nodes]: {76=1, 43=1, 79=1, 56=1, 28=1, 60=1, 45=1}
[HELPING] Avg distance between not played chunks: 8.5
[HELPING] Min distance between not played chunks: 8.5
[HELPING] Max distance between not played chunks: 8.5

