Total chunks: 100
Nodes x chunk: 3
Total nodes: 26
Active nodes: 26
Started playbacks: 26
Not started playbacks node-ids: []
Playbacks time-window: 212
Missing chunks distribution [missed-chunks/nodes]: {0=20, 1=2, 3=3, 4=1}
Rejected chunks for ttl expiration [chunk-id/nodes]: 3 {1=6, 2=4, 3=1}
Rejected chunks for capacity limit [chunk-id/nodes]: 0 {}
bandwidthUtilUp: 0.012772759400373377
bandwidthUtilDown: 0.008111189704921463
Avg # of unsent chunk for max-retries: 0.0
Min # of unsent chunk for max-retries: 0.0
Max # of unsent chunk for max-retries: 0.0
Avg # of unsent chunk-reqs for max-retries: 0.0
Min # of unsent chunk-reqs for max-retries: 0.0
Max # of unsent chunk-reqs for max-retries: 0.0
Avg % of chunks received by Pastry: 9.961538461538462
Min % of chunks received by Pastry: 1.0
Max % of chunks received by Pastry: 20.0
StD of chunks received by Pastry: 5.422034815312563
Var of chunks received by Pastry: 29.39846153846154
Avg % of chunks received by StarStream: 89.15384615384616
Min % of chunks received by StarStream: 79.0
Max % of chunks received by StarStream: 99.0
StD of chunks received by StarStream: 5.612074893957087
Var of chunks received by StarStream: 31.495384615383447
[NONMOJO] Startup Delay: 76.26923076923077
[MOJO] Startup Delay: 115.9
[MOJO] Latency: 8.649165542157071
Min of perceived avg chunk delivery-time: 7.15
Max of perceived avg chunk delivery-time: 9.59
Variance of perceived avg chunk delivery-time: 0.37053743454728194
StD of perceived avg chunk delivery-time: 0.6087178612027759
Avg messages sent per node: 4845.961538461538
Min messages sent per node: 2149.0
Max messages sent per node: 8032.0
Variance of messages sent per node: 3006174.598461542
StD of messages sent per node: 1733.8323443924853
Nodes with incomplete playbacks: 16
[MOJO] Continuity Index: 73.46153846153847
[MOJO] Packet Loss: 26.53846153846154
Min % of not played chunks: 0.0
Max % of not played chunks: 99.0
Not played chunks [chunk-id/nodes]: {1=14, 2=12, 3=7, 4=8, 5=8, 6=6, 7=6, 8=7, 9=5, 10=6, 11=7, 12=6, 13=6, 14=7, 15=3, 17=6, 16=6, 19=7, 18=8, 21=7, 20=9, 23=6, 22=6, 25=6, 24=5, 27=6, 26=4, 29=6, 28=8, 31=7, 30=8, 34=7, 35=5, 32=7, 33=6, 38=6, 39=5, 36=8, 37=8, 42=9, 43=7, 40=9, 41=8, 46=7, 47=6, 44=9, 45=7, 51=6, 50=8, 49=7, 48=7, 55=7, 54=6, 53=7, 52=7, 59=8, 58=8, 57=6, 56=8, 63=8, 62=6, 61=10, 60=6, 68=6, 69=8, 70=6, 71=7, 64=7, 65=6, 66=6, 67=8, 76=5, 77=6, 78=5, 79=7, 72=8, 73=8, 74=7, 75=10, 85=7, 84=7, 87=6, 86=8, 81=8, 80=8, 83=6, 82=5, 93=6, 92=8, 95=7, 94=6, 89=8, 88=7, 91=6, 90=7, 98=7, 99=6, 96=9, 97=6}
Avg distance between not played chunks: 1.755020042989375
Min distance between not played chunks: 1.0
Max distance between not played chunks: 7.333333333333333

HELPING PEERS LOG

[HELPING] Active nodes: 0
[HELPING] Started playbacks: 0
[HELPING] Not started playbacks node-ids: []
[HELPING] Playbacks time-window: -9223372036854775807
[HELPING] Missing chunks distribution [missed-chunks/nodes]: {}
[HELPING] Rejected chunks for ttl expiration [chunk-id/nodes]: 0 {}
[HELPING] Rejected chunks for capacity limit [chunk-id/nodes]: 0 {}
[HELPING] bandwidthUtilUp: NaN
[HELPING] bandwidthUtilDown: NaN
[HELPING] Avg # of unsent chunk for max-retries: NaN
[HELPING] Min # of unsent chunk for max-retries: Infinity
[HELPING] Max # of unsent chunk for max-retries: -Infinity
[HELPING] Avg # of unsent chunk-reqs for max-retries: NaN
[HELPING] Min # of unsent chunk-reqs for max-retries: Infinity
[HELPING] Max # of unsent chunk-reqs for max-retries: -Infinity
[HELPING] Avg % of chunks received by Pastry: NaN
[HELPING] Min % of chunks received by Pastry: Infinity
[HELPING] Max % of chunks received by Pastry: -Infinity
[HELPING] StD of chunks received by Pastry: 0.0
[HELPING] Var of chunks received by Pastry: 0.0
[HELPING] Avg % of chunks received by StarStream: NaN
[HELPING] Min % of chunks received by StarStream: Infinity
[HELPING] Max % of chunks received by StarStream: -Infinity
[HELPING] StD of chunks received by StarStream: 0.0
[HELPING] Var of chunks received by StarStream: 0.0
[HELPING] Latency: NaN
[HELPING] Min of perceived avg chunk delivery-time: Infinity
[HELPING] Max of perceived avg chunk delivery-time: -Infinity
[HELPING] Variance of perceived avg chunk delivery-time: 0.0
[HELPING] StD of perceived avg chunk delivery-time: 0.0
[HELPING] Avg messages sent per node: NaN
[HELPING] Min messages sent per node: Infinity
[HELPING] Max messages sent per node: -Infinity
[HELPING] Variance of messages sent per node: 0.0
[HELPING] StD of messages sent per node: 0.0
[HELPING] Nodes with incomplete playbacks: 0
[HELPING] Packet Loss: NaN
[HELPING] Min % of not played chunks: Infinity
[HELPING] Max % of not played chunks: -Infinity
[HELPING] Not played chunks [chunk-id/nodes]: {}
[HELPING] Avg distance between not played chunks: NaN
[HELPING] Min distance between not played chunks: Infinity
[HELPING] Max distance between not played chunks: -Infinity

