Total chunks: 100
Nodes x chunk: 3
Total nodes: 26
Active nodes: 26
Started playbacks: 26
Not started playbacks node-ids: []
Playbacks time-window: 76
Missing chunks distribution [missed-chunks/nodes]: {0=24, 1=2}
Rejected chunks for ttl expiration [chunk-id/nodes]: 3 {0=1, 93=1, 78=1}
Rejected chunks for capacity limit [chunk-id/nodes]: 0 {}
bandwidthUtilUp: 0.011823913419627697
bandwidthUtilDown: 0.007521686896741718
Avg # of unsent chunk for max-retries: 0.0
Min # of unsent chunk for max-retries: 0.0
Max # of unsent chunk for max-retries: 0.0
Avg # of unsent chunk-reqs for max-retries: 0.0
Min # of unsent chunk-reqs for max-retries: 0.0
Max # of unsent chunk-reqs for max-retries: 0.0
Avg % of chunks received by Pastry: 11.73076923076923
Min % of chunks received by Pastry: 1.0
Max % of chunks received by Pastry: 23.0
StD of chunks received by Pastry: 6.6726767780715575
Var of chunks received by Pastry: 44.52461538461542
Avg % of chunks received by StarStream: 87.34615384615384
Min % of chunks received by StarStream: 76.0
Max % of chunks received by StarStream: 98.0
StD of chunks received by StarStream: 6.63892947811511
Var of chunks received by StarStream: 44.07538461538577
[NONMOJO] Startup Delay: 52.92307692307692
[MOJO] Startup Delay: 57.2
[MOJO] Latency: 9.03888888888889
Min of perceived avg chunk delivery-time: 6.61
Max of perceived avg chunk delivery-time: 11.06
Variance of perceived avg chunk delivery-time: 1.237947785736135
StD of perceived avg chunk delivery-time: 1.1126310195820244
Avg messages sent per node: 3615.3846153846152
Min messages sent per node: 1964.0
Max messages sent per node: 6518.0
Variance of messages sent per node: 1384858.6461538482
StD of messages sent per node: 1176.800172567054
Nodes with incomplete playbacks: 15
[MOJO] Continuity Index: 76.53846153846153
[MOJO] Packet Loss: 23.46153846153846
Min % of not played chunks: 0.0
Max % of not played chunks: 99.0
Not played chunks [chunk-id/nodes]: {1=7, 2=4, 3=5, 4=6, 5=5, 6=6, 7=7, 8=7, 9=6, 10=6, 11=5, 12=7, 13=4, 14=5, 15=5, 17=7, 16=4, 19=5, 18=5, 21=6, 20=6, 23=5, 22=7, 25=7, 24=7, 27=5, 26=4, 29=5, 28=5, 31=6, 30=5, 34=6, 35=7, 32=5, 33=7, 38=5, 39=6, 36=7, 37=5, 42=5, 43=6, 40=7, 41=7, 46=5, 47=5, 44=6, 45=5, 51=6, 50=8, 49=7, 48=8, 55=6, 54=5, 53=5, 52=7, 59=5, 58=6, 57=6, 56=5, 63=5, 62=8, 61=7, 60=5, 68=6, 69=7, 70=5, 71=5, 64=6, 65=7, 66=7, 67=8, 76=5, 77=8, 78=11, 79=7, 72=7, 73=5, 74=7, 75=6, 85=6, 84=6, 87=7, 86=8, 81=8, 80=10, 83=7, 82=6, 93=5, 92=5, 95=7, 94=5, 89=9, 88=7, 91=6, 90=5, 98=8, 99=7, 96=8, 97=6}
Avg distance between not played chunks: 9.692397063237472
Min distance between not played chunks: 1.0
Max distance between not played chunks: 86.0

HELPING PEERS LOG

[HELPING] Active nodes: 0
[HELPING] Started playbacks: 0
[HELPING] Not started playbacks node-ids: []
[HELPING] Playbacks time-window: -9223372036854775807
[HELPING] Missing chunks distribution [missed-chunks/nodes]: {}
[HELPING] Rejected chunks for ttl expiration [chunk-id/nodes]: 0 {}
[HELPING] Rejected chunks for capacity limit [chunk-id/nodes]: 0 {}
[HELPING] bandwidthUtilUp: NaN
[HELPING] bandwidthUtilDown: NaN
[HELPING] Avg # of unsent chunk for max-retries: NaN
[HELPING] Min # of unsent chunk for max-retries: Infinity
[HELPING] Max # of unsent chunk for max-retries: -Infinity
[HELPING] Avg # of unsent chunk-reqs for max-retries: NaN
[HELPING] Min # of unsent chunk-reqs for max-retries: Infinity
[HELPING] Max # of unsent chunk-reqs for max-retries: -Infinity
[HELPING] Avg % of chunks received by Pastry: NaN
[HELPING] Min % of chunks received by Pastry: Infinity
[HELPING] Max % of chunks received by Pastry: -Infinity
[HELPING] StD of chunks received by Pastry: 0.0
[HELPING] Var of chunks received by Pastry: 0.0
[HELPING] Avg % of chunks received by StarStream: NaN
[HELPING] Min % of chunks received by StarStream: Infinity
[HELPING] Max % of chunks received by StarStream: -Infinity
[HELPING] StD of chunks received by StarStream: 0.0
[HELPING] Var of chunks received by StarStream: 0.0
[HELPING] Latency: NaN
[HELPING] Min of perceived avg chunk delivery-time: Infinity
[HELPING] Max of perceived avg chunk delivery-time: -Infinity
[HELPING] Variance of perceived avg chunk delivery-time: 0.0
[HELPING] StD of perceived avg chunk delivery-time: 0.0
[HELPING] Avg messages sent per node: NaN
[HELPING] Min messages sent per node: Infinity
[HELPING] Max messages sent per node: -Infinity
[HELPING] Variance of messages sent per node: 0.0
[HELPING] StD of messages sent per node: 0.0
[HELPING] Nodes with incomplete playbacks: 0
[HELPING] Packet Loss: NaN
[HELPING] Min % of not played chunks: Infinity
[HELPING] Max % of not played chunks: -Infinity
[HELPING] Not played chunks [chunk-id/nodes]: {}
[HELPING] Avg distance between not played chunks: NaN
[HELPING] Min distance between not played chunks: Infinity
[HELPING] Max distance between not played chunks: -Infinity

