Total chunks: 100
Nodes x chunk: 3
Total nodes: 26
Active nodes: 26
Started playbacks: 26
Not started playbacks node-ids: []
Playbacks time-window: 119
Missing chunks distribution [missed-chunks/nodes]: {0=24, 1=2}
Rejected chunks for ttl expiration [chunk-id/nodes]: 1 {1=2}
Rejected chunks for capacity limit [chunk-id/nodes]: 0 {}
bandwidthUtilUp: 0.013337884728097948
bandwidthUtilDown: 0.008044117498495588
Avg # of unsent chunk for max-retries: 0.0
Min # of unsent chunk for max-retries: 0.0
Max # of unsent chunk for max-retries: 0.0
Avg # of unsent chunk-reqs for max-retries: 0.0
Min # of unsent chunk-reqs for max-retries: 0.0
Max # of unsent chunk-reqs for max-retries: 0.0
Avg % of chunks received by Pastry: 8.0
Min % of chunks received by Pastry: 0.0
Max % of chunks received by Pastry: 20.0
StD of chunks received by Pastry: 5.628498911788116
Var of chunks received by Pastry: 31.680000000000007
Avg % of chunks received by StarStream: 91.1923076923077
Min % of chunks received by StarStream: 79.0
Max % of chunks received by StarStream: 100.0
StD of chunks received by StarStream: 5.89928287688752
Var of chunks received by StarStream: 34.80153846153829
[NONMOJO] Startup Delay: 60.23076923076923
[MOJO] Startup Delay: 129.3
[MOJO] Latency: 8.161554318697174
Min of perceived avg chunk delivery-time: 6.76
Max of perceived avg chunk delivery-time: 9.83673469387755
Variance of perceived avg chunk delivery-time: 0.7708713787709178
StD of perceived avg chunk delivery-time: 0.8779928124824928
Avg messages sent per node: 6087.538461538462
Min messages sent per node: 2526.0
Max messages sent per node: 8580.0
Variance of messages sent per node: 2156245.1384615297
StD of messages sent per node: 1468.4158601913593
Nodes with incomplete playbacks: 14
[MOJO] Continuity Index: 75.07692307692308
[MOJO] Packet Loss: 24.923076923076923
Min % of not played chunks: 0.0
Max % of not played chunks: 99.0
Not played chunks [chunk-id/nodes]: {1=7, 2=5, 3=7, 4=8, 5=6, 6=7, 7=7, 8=7, 9=7, 10=7, 11=7, 12=6, 13=6, 14=6, 15=6, 17=6, 16=8, 19=7, 18=8, 21=5, 20=7, 23=6, 22=6, 25=5, 24=5, 27=7, 26=8, 29=6, 28=8, 31=7, 30=6, 34=8, 35=5, 32=7, 33=6, 38=5, 39=6, 36=5, 37=7, 42=5, 43=5, 40=6, 41=5, 46=7, 47=5, 44=7, 45=9, 51=7, 50=8, 49=7, 48=7, 55=7, 54=7, 53=5, 52=9, 59=7, 58=6, 57=8, 56=6, 63=5, 62=7, 61=7, 60=7, 68=8, 69=7, 70=7, 71=5, 64=6, 65=8, 66=7, 67=7, 76=4, 77=8, 78=5, 79=8, 72=5, 73=6, 74=8, 75=8, 85=6, 84=5, 87=7, 86=8, 81=4, 80=6, 83=6, 82=5, 93=6, 92=7, 95=8, 94=9, 89=6, 88=7, 91=7, 90=7, 98=6, 99=4, 96=8, 97=7}
Avg distance between not played chunks: 3.359622982296102
Min distance between not played chunks: 1.0
Max distance between not played chunks: 11.142857142857142

HELPING PEERS LOG

[HELPING] Active nodes: 0
[HELPING] Started playbacks: 0
[HELPING] Not started playbacks node-ids: []
[HELPING] Playbacks time-window: -9223372036854775807
[HELPING] Missing chunks distribution [missed-chunks/nodes]: {}
[HELPING] Rejected chunks for ttl expiration [chunk-id/nodes]: 0 {}
[HELPING] Rejected chunks for capacity limit [chunk-id/nodes]: 0 {}
[HELPING] bandwidthUtilUp: NaN
[HELPING] bandwidthUtilDown: NaN
[HELPING] Avg # of unsent chunk for max-retries: NaN
[HELPING] Min # of unsent chunk for max-retries: Infinity
[HELPING] Max # of unsent chunk for max-retries: -Infinity
[HELPING] Avg # of unsent chunk-reqs for max-retries: NaN
[HELPING] Min # of unsent chunk-reqs for max-retries: Infinity
[HELPING] Max # of unsent chunk-reqs for max-retries: -Infinity
[HELPING] Avg % of chunks received by Pastry: NaN
[HELPING] Min % of chunks received by Pastry: Infinity
[HELPING] Max % of chunks received by Pastry: -Infinity
[HELPING] StD of chunks received by Pastry: 0.0
[HELPING] Var of chunks received by Pastry: 0.0
[HELPING] Avg % of chunks received by StarStream: NaN
[HELPING] Min % of chunks received by StarStream: Infinity
[HELPING] Max % of chunks received by StarStream: -Infinity
[HELPING] StD of chunks received by StarStream: 0.0
[HELPING] Var of chunks received by StarStream: 0.0
[HELPING] Latency: NaN
[HELPING] Min of perceived avg chunk delivery-time: Infinity
[HELPING] Max of perceived avg chunk delivery-time: -Infinity
[HELPING] Variance of perceived avg chunk delivery-time: 0.0
[HELPING] StD of perceived avg chunk delivery-time: 0.0
[HELPING] Avg messages sent per node: NaN
[HELPING] Min messages sent per node: Infinity
[HELPING] Max messages sent per node: -Infinity
[HELPING] Variance of messages sent per node: 0.0
[HELPING] StD of messages sent per node: 0.0
[HELPING] Nodes with incomplete playbacks: 0
[HELPING] Packet Loss: NaN
[HELPING] Min % of not played chunks: Infinity
[HELPING] Max % of not played chunks: -Infinity
[HELPING] Not played chunks [chunk-id/nodes]: {}
[HELPING] Avg distance between not played chunks: NaN
[HELPING] Min distance between not played chunks: Infinity
[HELPING] Max distance between not played chunks: -Infinity

