Total chunks: 100
Nodes x chunk: 3
Total nodes: 26
Active nodes: 26
Started playbacks: 26
Not started playbacks node-ids: []
Playbacks time-window: 207
Missing chunks distribution [missed-chunks/nodes]: {0=20, 1=3, 3=2, 4=1}
Rejected chunks for ttl expiration [chunk-id/nodes]: 3 {1=6, 2=3, 3=1}
Rejected chunks for capacity limit [chunk-id/nodes]: 0 {}
bandwidthUtilUp: 0.012621242647928625
bandwidthUtilDown: 0.007969536048136027
Avg # of unsent chunk for max-retries: 0.0
Min # of unsent chunk for max-retries: 0.0
Max # of unsent chunk for max-retries: 0.0
Avg # of unsent chunk-reqs for max-retries: 0.0
Min # of unsent chunk-reqs for max-retries: 0.0
Max # of unsent chunk-reqs for max-retries: 0.0
Avg % of chunks received by Pastry: 8.692307692307692
Min % of chunks received by Pastry: 0.0
Max % of chunks received by Pastry: 17.0
StD of chunks received by Pastry: 5.605491812636826
Var of chunks received by Pastry: 31.421538461538486
Avg % of chunks received by StarStream: 90.38461538461539
Min % of chunks received by StarStream: 82.0
Max % of chunks received by StarStream: 100.0
StD of chunks received by StarStream: 5.734645049709165
Var of chunks received by StarStream: 32.88615384615383
[NONMOJO] Startup Delay: 80.03846153846153
[MOJO] Startup Delay: 54.0
[MOJO] Latency: 8.552858433907772
Min of perceived avg chunk delivery-time: 7.14
Max of perceived avg chunk delivery-time: 10.291666666666666
Variance of perceived avg chunk delivery-time: 0.8093450819549344
StD of perceived avg chunk delivery-time: 0.8996360830663332
Avg messages sent per node: 5149.5
Min messages sent per node: 2238.0
Max messages sent per node: 7186.0
Variance of messages sent per node: 2162153.8600000017
StD of messages sent per node: 1470.426421144561
Nodes with incomplete playbacks: 15
[MOJO] Continuity Index: 79.57692307692308
[MOJO] Packet Loss: 20.423076923076923
Min % of not played chunks: 0.0
Max % of not played chunks: 99.0
Not played chunks [chunk-id/nodes]: {1=10, 2=9, 3=6, 4=5, 5=4, 6=5, 7=6, 8=3, 9=7, 10=4, 11=5, 12=4, 13=6, 14=5, 15=5, 17=5, 16=7, 19=5, 18=4, 21=4, 20=5, 23=5, 22=6, 25=6, 24=5, 27=6, 26=5, 29=4, 28=4, 31=6, 30=5, 34=4, 35=4, 32=4, 33=5, 38=6, 39=4, 36=6, 37=3, 42=6, 43=6, 40=4, 41=5, 46=5, 47=5, 44=4, 45=5, 51=5, 50=5, 49=5, 48=6, 55=7, 54=5, 53=2, 52=6, 59=4, 58=4, 57=7, 56=3, 63=7, 62=6, 61=6, 60=6, 68=6, 69=5, 70=6, 71=4, 64=6, 65=6, 66=5, 67=4, 76=5, 77=7, 78=6, 79=5, 72=6, 73=7, 74=6, 75=4, 85=7, 84=6, 87=6, 86=7, 81=8, 80=6, 83=7, 82=5, 93=8, 92=4, 95=5, 94=5, 89=5, 88=7, 91=5, 90=3, 98=6, 99=7, 96=3, 97=7}
Avg distance between not played chunks: 1.8284046510827217
Min distance between not played chunks: 1.0
Max distance between not played chunks: 5.733333333333333

HELPING PEERS LOG

[HELPING] Active nodes: 0
[HELPING] Started playbacks: 0
[HELPING] Not started playbacks node-ids: []
[HELPING] Playbacks time-window: -9223372036854775807
[HELPING] Missing chunks distribution [missed-chunks/nodes]: {}
[HELPING] Rejected chunks for ttl expiration [chunk-id/nodes]: 0 {}
[HELPING] Rejected chunks for capacity limit [chunk-id/nodes]: 0 {}
[HELPING] bandwidthUtilUp: NaN
[HELPING] bandwidthUtilDown: NaN
[HELPING] Avg # of unsent chunk for max-retries: NaN
[HELPING] Min # of unsent chunk for max-retries: Infinity
[HELPING] Max # of unsent chunk for max-retries: -Infinity
[HELPING] Avg # of unsent chunk-reqs for max-retries: NaN
[HELPING] Min # of unsent chunk-reqs for max-retries: Infinity
[HELPING] Max # of unsent chunk-reqs for max-retries: -Infinity
[HELPING] Avg % of chunks received by Pastry: NaN
[HELPING] Min % of chunks received by Pastry: Infinity
[HELPING] Max % of chunks received by Pastry: -Infinity
[HELPING] StD of chunks received by Pastry: 0.0
[HELPING] Var of chunks received by Pastry: 0.0
[HELPING] Avg % of chunks received by StarStream: NaN
[HELPING] Min % of chunks received by StarStream: Infinity
[HELPING] Max % of chunks received by StarStream: -Infinity
[HELPING] StD of chunks received by StarStream: 0.0
[HELPING] Var of chunks received by StarStream: 0.0
[HELPING] Latency: NaN
[HELPING] Min of perceived avg chunk delivery-time: Infinity
[HELPING] Max of perceived avg chunk delivery-time: -Infinity
[HELPING] Variance of perceived avg chunk delivery-time: 0.0
[HELPING] StD of perceived avg chunk delivery-time: 0.0
[HELPING] Avg messages sent per node: NaN
[HELPING] Min messages sent per node: Infinity
[HELPING] Max messages sent per node: -Infinity
[HELPING] Variance of messages sent per node: 0.0
[HELPING] StD of messages sent per node: 0.0
[HELPING] Nodes with incomplete playbacks: 0
[HELPING] Packet Loss: NaN
[HELPING] Min % of not played chunks: Infinity
[HELPING] Max % of not played chunks: -Infinity
[HELPING] Not played chunks [chunk-id/nodes]: {}
[HELPING] Avg distance between not played chunks: NaN
[HELPING] Min distance between not played chunks: Infinity
[HELPING] Max distance between not played chunks: -Infinity

