Total chunks: 100
Nodes x chunk: 3
Total nodes: 26
Active nodes: 26
Started playbacks: 26
Not started playbacks node-ids: []
Playbacks time-window: 140
Missing chunks distribution [missed-chunks/nodes]: {0=14, 1=5, 2=2, 3=3, 4=2}
Rejected chunks for ttl expiration [chunk-id/nodes]: 14 {0=7, 69=1, 1=3, 71=4, 65=1, 9=1, 41=1, 79=2, 47=2, 44=4, 52=1, 56=1, 62=2, 91=1}
Rejected chunks for capacity limit [chunk-id/nodes]: 0 {}
bandwidthUtilUp: 0.01019493459712362
bandwidthUtilDown: 0.005895658791216473
Avg # of unsent chunk for max-retries: 0.0
Min # of unsent chunk for max-retries: 0.0
Max # of unsent chunk for max-retries: 0.0
Avg # of unsent chunk-reqs for max-retries: 0.0
Min # of unsent chunk-reqs for max-retries: 0.0
Max # of unsent chunk-reqs for max-retries: 0.0
Avg % of chunks received by Pastry: 13.884615384615385
Min % of chunks received by Pastry: 0.0
Max % of chunks received by Pastry: 24.0
StD of chunks received by Pastry: 7.072916926286766
Var of chunks received by Pastry: 50.026153846153825
Avg % of chunks received by StarStream: 85.1923076923077
Min % of chunks received by StarStream: 75.0
Max % of chunks received by StarStream: 100.0
StD of chunks received by StarStream: 7.121905535847717
Var of chunks received by StarStream: 50.721538461538366
[NONMOJO] Startup Delay: 59.42307692307692
[MOJO] Startup Delay: 90.2
[MOJO] Latency: 9.6824751105256
Min of perceived avg chunk delivery-time: 7.85
Max of perceived avg chunk delivery-time: 12.02061855670103
Variance of perceived avg chunk delivery-time: 1.1845438127519072
StD of perceived avg chunk delivery-time: 1.0883674989413765
Avg messages sent per node: 2376.5384615384614
Min messages sent per node: 1626.0
Max messages sent per node: 3542.0
Variance of messages sent per node: 182104.338461539
StD of messages sent per node: 426.73684919577664
Nodes with incomplete playbacks: 21
[MOJO] Continuity Index: 64.1923076923077
[MOJO] Packet Loss: 35.80769230769231
Min % of not played chunks: 0.0
Max % of not played chunks: 99.0
Not played chunks [chunk-id/nodes]: {1=13, 2=9, 3=7, 4=9, 5=9, 6=9, 7=9, 8=9, 9=10, 10=7, 11=8, 12=8, 13=7, 14=11, 15=9, 17=6, 16=9, 19=10, 18=10, 21=12, 20=9, 23=7, 22=10, 25=6, 24=8, 27=9, 26=9, 29=9, 28=9, 31=8, 30=9, 34=10, 35=9, 32=8, 33=10, 38=9, 39=8, 36=10, 37=10, 42=8, 43=7, 40=9, 41=11, 46=10, 47=13, 44=13, 45=9, 51=8, 50=9, 49=9, 48=8, 55=10, 54=12, 53=12, 52=11, 59=9, 58=12, 57=10, 56=10, 63=9, 62=13, 61=9, 60=11, 68=9, 69=13, 70=8, 71=13, 64=9, 65=11, 66=10, 67=9, 76=6, 77=11, 78=7, 79=14, 72=9, 73=10, 74=10, 75=10, 85=9, 84=8, 87=10, 86=9, 81=9, 80=8, 83=10, 82=8, 93=9, 92=8, 95=12, 94=10, 89=10, 88=11, 91=12, 90=7, 98=9, 99=7, 96=7, 97=9}
Avg distance between not played chunks: 8.520789988950234
Min distance between not played chunks: 1.0
Max distance between not played chunks: 61.0

HELPING PEERS LOG

[HELPING] Active nodes: 0
[HELPING] Started playbacks: 0
[HELPING] Not started playbacks node-ids: []
[HELPING] Playbacks time-window: -9223372036854775807
[HELPING] Missing chunks distribution [missed-chunks/nodes]: {}
[HELPING] Rejected chunks for ttl expiration [chunk-id/nodes]: 0 {}
[HELPING] Rejected chunks for capacity limit [chunk-id/nodes]: 0 {}
[HELPING] bandwidthUtilUp: NaN
[HELPING] bandwidthUtilDown: NaN
[HELPING] Avg # of unsent chunk for max-retries: NaN
[HELPING] Min # of unsent chunk for max-retries: Infinity
[HELPING] Max # of unsent chunk for max-retries: -Infinity
[HELPING] Avg # of unsent chunk-reqs for max-retries: NaN
[HELPING] Min # of unsent chunk-reqs for max-retries: Infinity
[HELPING] Max # of unsent chunk-reqs for max-retries: -Infinity
[HELPING] Avg % of chunks received by Pastry: NaN
[HELPING] Min % of chunks received by Pastry: Infinity
[HELPING] Max % of chunks received by Pastry: -Infinity
[HELPING] StD of chunks received by Pastry: 0.0
[HELPING] Var of chunks received by Pastry: 0.0
[HELPING] Avg % of chunks received by StarStream: NaN
[HELPING] Min % of chunks received by StarStream: Infinity
[HELPING] Max % of chunks received by StarStream: -Infinity
[HELPING] StD of chunks received by StarStream: 0.0
[HELPING] Var of chunks received by StarStream: 0.0
[HELPING] Latency: NaN
[HELPING] Min of perceived avg chunk delivery-time: Infinity
[HELPING] Max of perceived avg chunk delivery-time: -Infinity
[HELPING] Variance of perceived avg chunk delivery-time: 0.0
[HELPING] StD of perceived avg chunk delivery-time: 0.0
[HELPING] Avg messages sent per node: NaN
[HELPING] Min messages sent per node: Infinity
[HELPING] Max messages sent per node: -Infinity
[HELPING] Variance of messages sent per node: 0.0
[HELPING] StD of messages sent per node: 0.0
[HELPING] Nodes with incomplete playbacks: 0
[HELPING] Packet Loss: NaN
[HELPING] Min % of not played chunks: Infinity
[HELPING] Max % of not played chunks: -Infinity
[HELPING] Not played chunks [chunk-id/nodes]: {}
[HELPING] Avg distance between not played chunks: NaN
[HELPING] Min distance between not played chunks: Infinity
[HELPING] Max distance between not played chunks: -Infinity

