Total chunks: 100
Nodes x chunk: 3
Total nodes: 26
Active nodes: 26
Started playbacks: 26
Not started playbacks node-ids: []
Playbacks time-window: 118
Missing chunks distribution [missed-chunks/nodes]: {0=21, 1=3, 2=2}
Rejected chunks for ttl expiration [chunk-id/nodes]: 3 {1=4, 48=2, 59=1}
Rejected chunks for capacity limit [chunk-id/nodes]: 0 {}
bandwidthUtilUp: 0.010451032243999025
bandwidthUtilDown: 0.006231393471529368
Avg # of unsent chunk for max-retries: 0.0
Min # of unsent chunk for max-retries: 0.0
Max # of unsent chunk for max-retries: 0.0
Avg # of unsent chunk-reqs for max-retries: 0.0
Min # of unsent chunk-reqs for max-retries: 0.0
Max # of unsent chunk-reqs for max-retries: 0.0
Avg % of chunks received by Pastry: 12.115384615384615
Min % of chunks received by Pastry: 0.0
Max % of chunks received by Pastry: 27.0
StD of chunks received by Pastry: 8.353810737989809
Var of chunks received by Pastry: 69.78615384615385
Avg % of chunks received by StarStream: 86.96153846153847
Min % of chunks received by StarStream: 72.0
Max % of chunks received by StarStream: 100.0
StD of chunks received by StarStream: 8.378452216159044
Var of chunks received by StarStream: 70.19846153846039
[NONMOJO] Startup Delay: 65.26923076923077
[MOJO] Startup Delay: 84.6
[MOJO] Latency: 9.808907166307758
Min of perceived avg chunk delivery-time: 8.09
Max of perceived avg chunk delivery-time: 11.4
Variance of perceived avg chunk delivery-time: 0.6730530955392863
StD of perceived avg chunk delivery-time: 0.8203981323353231
Avg messages sent per node: 2767.423076923077
Min messages sent per node: 1541.0
Max messages sent per node: 5140.0
Variance of messages sent per node: 753075.853846153
StD of messages sent per node: 867.7994318079225
Nodes with incomplete playbacks: 18
[MOJO] Continuity Index: 75.23076923076923
[MOJO] Packet Loss: 24.76923076923077
Min % of not played chunks: 0.0
Max % of not played chunks: 99.0
Not played chunks [chunk-id/nodes]: {1=9, 2=6, 3=6, 4=6, 5=5, 6=6, 7=4, 8=6, 9=6, 10=6, 11=7, 12=6, 13=6, 14=5, 15=3, 17=6, 16=5, 19=4, 18=6, 21=7, 20=6, 23=6, 22=4, 25=6, 24=6, 27=7, 26=6, 29=6, 28=4, 31=6, 30=4, 34=5, 35=5, 32=7, 33=8, 38=6, 39=4, 36=6, 37=7, 42=6, 43=5, 40=6, 41=6, 46=8, 47=7, 44=7, 45=8, 51=5, 50=6, 49=8, 48=9, 55=5, 54=6, 53=7, 52=5, 59=7, 58=5, 57=9, 56=8, 63=8, 62=9, 61=7, 60=6, 68=8, 69=7, 70=8, 71=8, 64=7, 65=7, 66=9, 67=8, 76=7, 77=6, 78=7, 79=7, 72=8, 73=4, 74=8, 75=10, 85=9, 84=9, 87=5, 86=7, 81=7, 80=7, 83=8, 82=8, 93=6, 92=8, 95=6, 94=6, 89=7, 88=6, 91=8, 90=5, 98=6, 99=7, 96=8, 97=5}
Avg distance between not played chunks: 10.688183160793455
Min distance between not played chunks: 1.0
Max distance between not played chunks: 58.0

HELPING PEERS LOG

[HELPING] Active nodes: 0
[HELPING] Started playbacks: 0
[HELPING] Not started playbacks node-ids: []
[HELPING] Playbacks time-window: -9223372036854775807
[HELPING] Missing chunks distribution [missed-chunks/nodes]: {}
[HELPING] Rejected chunks for ttl expiration [chunk-id/nodes]: 0 {}
[HELPING] Rejected chunks for capacity limit [chunk-id/nodes]: 0 {}
[HELPING] bandwidthUtilUp: NaN
[HELPING] bandwidthUtilDown: NaN
[HELPING] Avg # of unsent chunk for max-retries: NaN
[HELPING] Min # of unsent chunk for max-retries: Infinity
[HELPING] Max # of unsent chunk for max-retries: -Infinity
[HELPING] Avg # of unsent chunk-reqs for max-retries: NaN
[HELPING] Min # of unsent chunk-reqs for max-retries: Infinity
[HELPING] Max # of unsent chunk-reqs for max-retries: -Infinity
[HELPING] Avg % of chunks received by Pastry: NaN
[HELPING] Min % of chunks received by Pastry: Infinity
[HELPING] Max % of chunks received by Pastry: -Infinity
[HELPING] StD of chunks received by Pastry: 0.0
[HELPING] Var of chunks received by Pastry: 0.0
[HELPING] Avg % of chunks received by StarStream: NaN
[HELPING] Min % of chunks received by StarStream: Infinity
[HELPING] Max % of chunks received by StarStream: -Infinity
[HELPING] StD of chunks received by StarStream: 0.0
[HELPING] Var of chunks received by StarStream: 0.0
[HELPING] Latency: NaN
[HELPING] Min of perceived avg chunk delivery-time: Infinity
[HELPING] Max of perceived avg chunk delivery-time: -Infinity
[HELPING] Variance of perceived avg chunk delivery-time: 0.0
[HELPING] StD of perceived avg chunk delivery-time: 0.0
[HELPING] Avg messages sent per node: NaN
[HELPING] Min messages sent per node: Infinity
[HELPING] Max messages sent per node: -Infinity
[HELPING] Variance of messages sent per node: 0.0
[HELPING] StD of messages sent per node: 0.0
[HELPING] Nodes with incomplete playbacks: 0
[HELPING] Packet Loss: NaN
[HELPING] Min % of not played chunks: Infinity
[HELPING] Max % of not played chunks: -Infinity
[HELPING] Not played chunks [chunk-id/nodes]: {}
[HELPING] Avg distance between not played chunks: NaN
[HELPING] Min distance between not played chunks: Infinity
[HELPING] Max distance between not played chunks: -Infinity

