Total chunks: 100
Nodes x chunk: 3
Total nodes: 26
Active nodes: 26
Started playbacks: 26
Not started playbacks node-ids: []
Playbacks time-window: 121
Missing chunks distribution [missed-chunks/nodes]: {0=21, 1=5}
Rejected chunks for ttl expiration [chunk-id/nodes]: 2 {0=12, 1=5}
Rejected chunks for capacity limit [chunk-id/nodes]: 0 {}
bandwidthUtilUp: 0.01214387350435552
bandwidthUtilDown: 0.007606073204539822
Avg # of unsent chunk for max-retries: 0.0
Min # of unsent chunk for max-retries: 0.0
Max # of unsent chunk for max-retries: 0.0
Avg # of unsent chunk-reqs for max-retries: 0.0
Min # of unsent chunk-reqs for max-retries: 0.0
Max # of unsent chunk-reqs for max-retries: 0.0
Avg % of chunks received by Pastry: 8.923076923076923
Min % of chunks received by Pastry: 0.0
Max % of chunks received by Pastry: 21.0
StD of chunks received by Pastry: 6.032731235008415
Var of chunks received by Pastry: 36.393846153846155
Avg % of chunks received by StarStream: 90.15384615384616
Min % of chunks received by StarStream: 78.0
Max % of chunks received by StarStream: 100.0
StD of chunks received by StarStream: 6.024565097613569
Var of chunks received by StarStream: 36.29538461538359
[NONMOJO] Startup Delay: 75.88461538461539
[MOJO] Startup Delay: 71.4
[MOJO] Latency: 8.903721437292866
Min of perceived avg chunk delivery-time: 7.2
Max of perceived avg chunk delivery-time: 10.98989898989899
Variance of perceived avg chunk delivery-time: 0.8857702657190748
StD of perceived avg chunk delivery-time: 0.9411536886816493
Avg messages sent per node: 4248.076923076923
Min messages sent per node: 2445.0
Max messages sent per node: 7401.0
Variance of messages sent per node: 2160328.3138461546
StD of messages sent per node: 1469.8055360646028
Nodes with incomplete playbacks: 13
[MOJO] Continuity Index: 81.11538461538461
[MOJO] Packet Loss: 18.884615384615383
Min % of not played chunks: 0.0
Max % of not played chunks: 99.0
Not played chunks [chunk-id/nodes]: {1=10, 2=4, 3=4, 4=4, 5=6, 6=5, 7=4, 8=5, 9=5, 10=5, 11=6, 12=5, 13=3, 14=4, 15=7, 17=5, 16=6, 19=6, 18=5, 21=4, 20=5, 23=6, 22=4, 25=4, 24=5, 27=4, 26=6, 29=6, 28=6, 31=4, 30=6, 34=5, 35=5, 32=7, 33=5, 38=3, 39=5, 36=2, 37=5, 42=5, 43=5, 40=3, 41=7, 46=5, 47=5, 44=6, 45=5, 51=4, 50=4, 49=4, 48=4, 55=4, 54=5, 53=4, 52=6, 59=4, 58=5, 57=5, 56=5, 63=3, 62=5, 61=4, 60=5, 68=5, 69=7, 70=5, 71=4, 64=5, 65=6, 66=5, 67=4, 76=6, 77=5, 78=6, 79=4, 72=6, 73=4, 74=4, 75=5, 85=5, 84=4, 87=5, 86=4, 81=5, 80=5, 83=6, 82=5, 93=5, 92=6, 95=6, 94=6, 89=4, 88=6, 91=6, 90=5, 98=4, 99=4, 96=7, 97=4}
Avg distance between not played chunks: 5.111506983613397
Min distance between not played chunks: 1.0
Max distance between not played chunks: 26.0

HELPING PEERS LOG

[HELPING] Active nodes: 0
[HELPING] Started playbacks: 0
[HELPING] Not started playbacks node-ids: []
[HELPING] Playbacks time-window: -9223372036854775807
[HELPING] Missing chunks distribution [missed-chunks/nodes]: {}
[HELPING] Rejected chunks for ttl expiration [chunk-id/nodes]: 0 {}
[HELPING] Rejected chunks for capacity limit [chunk-id/nodes]: 0 {}
[HELPING] bandwidthUtilUp: NaN
[HELPING] bandwidthUtilDown: NaN
[HELPING] Avg # of unsent chunk for max-retries: NaN
[HELPING] Min # of unsent chunk for max-retries: Infinity
[HELPING] Max # of unsent chunk for max-retries: -Infinity
[HELPING] Avg # of unsent chunk-reqs for max-retries: NaN
[HELPING] Min # of unsent chunk-reqs for max-retries: Infinity
[HELPING] Max # of unsent chunk-reqs for max-retries: -Infinity
[HELPING] Avg % of chunks received by Pastry: NaN
[HELPING] Min % of chunks received by Pastry: Infinity
[HELPING] Max % of chunks received by Pastry: -Infinity
[HELPING] StD of chunks received by Pastry: 0.0
[HELPING] Var of chunks received by Pastry: 0.0
[HELPING] Avg % of chunks received by StarStream: NaN
[HELPING] Min % of chunks received by StarStream: Infinity
[HELPING] Max % of chunks received by StarStream: -Infinity
[HELPING] StD of chunks received by StarStream: 0.0
[HELPING] Var of chunks received by StarStream: 0.0
[HELPING] Latency: NaN
[HELPING] Min of perceived avg chunk delivery-time: Infinity
[HELPING] Max of perceived avg chunk delivery-time: -Infinity
[HELPING] Variance of perceived avg chunk delivery-time: 0.0
[HELPING] StD of perceived avg chunk delivery-time: 0.0
[HELPING] Avg messages sent per node: NaN
[HELPING] Min messages sent per node: Infinity
[HELPING] Max messages sent per node: -Infinity
[HELPING] Variance of messages sent per node: 0.0
[HELPING] StD of messages sent per node: 0.0
[HELPING] Nodes with incomplete playbacks: 0
[HELPING] Packet Loss: NaN
[HELPING] Min % of not played chunks: Infinity
[HELPING] Max % of not played chunks: -Infinity
[HELPING] Not played chunks [chunk-id/nodes]: {}
[HELPING] Avg distance between not played chunks: NaN
[HELPING] Min distance between not played chunks: Infinity
[HELPING] Max distance between not played chunks: -Infinity

