Total chunks: 100
Nodes x chunk: 3
Total nodes: 26
Active nodes: 26
Started playbacks: 26
Not started playbacks node-ids: []
Playbacks time-window: 126
Missing chunks distribution [missed-chunks/nodes]: {0=23, 1=2, 2=1}
Rejected chunks for ttl expiration [chunk-id/nodes]: 2 {1=2, 89=1}
Rejected chunks for capacity limit [chunk-id/nodes]: 0 {}
bandwidthUtilUp: 0.011443393415545868
bandwidthUtilDown: 0.007068764998173247
Avg # of unsent chunk for max-retries: 0.0
Min # of unsent chunk for max-retries: 0.0
Max # of unsent chunk for max-retries: 0.0
Avg # of unsent chunk-reqs for max-retries: 0.0
Min # of unsent chunk-reqs for max-retries: 0.0
Max # of unsent chunk-reqs for max-retries: 0.0
Avg % of chunks received by Pastry: 15.653846153846153
Min % of chunks received by Pastry: 2.0
Max % of chunks received by Pastry: 25.0
StD of chunks received by Pastry: 5.844260827117884
Var of chunks received by Pastry: 34.15538461538461
Avg % of chunks received by StarStream: 83.42307692307692
Min % of chunks received by StarStream: 74.0
Max % of chunks received by StarStream: 98.0
StD of chunks received by StarStream: 5.91386896657739
Var of chunks received by StarStream: 34.97384615384712
[NONMOJO] Startup Delay: 53.30769230769231
[MOJO] Startup Delay: 68.2
[MOJO] Latency: 9.04688668474383
Min of perceived avg chunk delivery-time: 7.46
Max of perceived avg chunk delivery-time: 11.58
Variance of perceived avg chunk delivery-time: 0.6908289177935979
StD of perceived avg chunk delivery-time: 0.8311611864094701
Avg messages sent per node: 3314.8846153846152
Min messages sent per node: 1840.0
Max messages sent per node: 5833.0
Variance of messages sent per node: 1217324.186153847
StD of messages sent per node: 1103.3241528009105
Nodes with incomplete playbacks: 18
[MOJO] Continuity Index: 74.96153846153847
[MOJO] Packet Loss: 25.03846153846154
Min % of not played chunks: 0.0
Max % of not played chunks: 99.0
Not played chunks [chunk-id/nodes]: {1=8, 2=7, 3=7, 4=7, 5=8, 6=6, 7=6, 8=8, 9=6, 10=5, 11=7, 12=6, 13=6, 14=6, 15=6, 17=4, 16=6, 19=5, 18=7, 21=6, 20=6, 23=7, 22=5, 25=8, 24=8, 27=5, 26=9, 29=8, 28=6, 31=6, 30=6, 34=7, 35=5, 32=5, 33=5, 38=6, 39=6, 36=5, 37=6, 42=8, 43=6, 40=6, 41=8, 46=7, 47=6, 44=7, 45=7, 51=6, 50=9, 49=6, 48=7, 55=10, 54=8, 53=7, 52=5, 59=9, 58=5, 57=6, 56=8, 63=6, 62=7, 61=6, 60=6, 68=5, 69=8, 70=8, 71=7, 64=6, 65=5, 66=6, 67=7, 76=7, 77=5, 78=5, 79=7, 72=7, 73=11, 74=8, 75=6, 85=8, 84=5, 87=6, 86=6, 81=7, 80=9, 83=8, 82=6, 93=7, 92=6, 95=7, 94=8, 89=7, 88=8, 91=7, 90=3, 98=6, 99=7, 96=4, 97=6}
Avg distance between not played chunks: 4.045611715870336
Min distance between not played chunks: 1.0
Max distance between not played chunks: 13.0

HELPING PEERS LOG

[HELPING] Active nodes: 0
[HELPING] Started playbacks: 0
[HELPING] Not started playbacks node-ids: []
[HELPING] Playbacks time-window: -9223372036854775807
[HELPING] Missing chunks distribution [missed-chunks/nodes]: {}
[HELPING] Rejected chunks for ttl expiration [chunk-id/nodes]: 0 {}
[HELPING] Rejected chunks for capacity limit [chunk-id/nodes]: 0 {}
[HELPING] bandwidthUtilUp: NaN
[HELPING] bandwidthUtilDown: NaN
[HELPING] Avg # of unsent chunk for max-retries: NaN
[HELPING] Min # of unsent chunk for max-retries: Infinity
[HELPING] Max # of unsent chunk for max-retries: -Infinity
[HELPING] Avg # of unsent chunk-reqs for max-retries: NaN
[HELPING] Min # of unsent chunk-reqs for max-retries: Infinity
[HELPING] Max # of unsent chunk-reqs for max-retries: -Infinity
[HELPING] Avg % of chunks received by Pastry: NaN
[HELPING] Min % of chunks received by Pastry: Infinity
[HELPING] Max % of chunks received by Pastry: -Infinity
[HELPING] StD of chunks received by Pastry: 0.0
[HELPING] Var of chunks received by Pastry: 0.0
[HELPING] Avg % of chunks received by StarStream: NaN
[HELPING] Min % of chunks received by StarStream: Infinity
[HELPING] Max % of chunks received by StarStream: -Infinity
[HELPING] StD of chunks received by StarStream: 0.0
[HELPING] Var of chunks received by StarStream: 0.0
[HELPING] Latency: NaN
[HELPING] Min of perceived avg chunk delivery-time: Infinity
[HELPING] Max of perceived avg chunk delivery-time: -Infinity
[HELPING] Variance of perceived avg chunk delivery-time: 0.0
[HELPING] StD of perceived avg chunk delivery-time: 0.0
[HELPING] Avg messages sent per node: NaN
[HELPING] Min messages sent per node: Infinity
[HELPING] Max messages sent per node: -Infinity
[HELPING] Variance of messages sent per node: 0.0
[HELPING] StD of messages sent per node: 0.0
[HELPING] Nodes with incomplete playbacks: 0
[HELPING] Packet Loss: NaN
[HELPING] Min % of not played chunks: Infinity
[HELPING] Max % of not played chunks: -Infinity
[HELPING] Not played chunks [chunk-id/nodes]: {}
[HELPING] Avg distance between not played chunks: NaN
[HELPING] Min distance between not played chunks: Infinity
[HELPING] Max distance between not played chunks: -Infinity

