Total chunks: 100
Nodes x chunk: 3
Total nodes: 26
Active nodes: 26
Started playbacks: 26
Not started playbacks node-ids: []
Playbacks time-window: 159
Missing chunks distribution [missed-chunks/nodes]: {0=22, 1=2, 3=2}
Rejected chunks for ttl expiration [chunk-id/nodes]: 2 {1=4, 2=2}
Rejected chunks for capacity limit [chunk-id/nodes]: 0 {}
bandwidthUtilUp: 0.012872685930937608
bandwidthUtilDown: 0.0070716961473325565
Avg # of unsent chunk for max-retries: 0.0
Min # of unsent chunk for max-retries: 0.0
Max # of unsent chunk for max-retries: 0.0
Avg # of unsent chunk-reqs for max-retries: 0.0
Min # of unsent chunk-reqs for max-retries: 0.0
Max # of unsent chunk-reqs for max-retries: 0.0
Avg % of chunks received by Pastry: 7.8076923076923075
Min % of chunks received by Pastry: 0.0
Max % of chunks received by Pastry: 21.0
StD of chunks received by Pastry: 5.230825791549406
Var of chunks received by Pastry: 27.361538461538473
Avg % of chunks received by StarStream: 91.34615384615384
Min % of chunks received by StarStream: 78.0
Max % of chunks received by StarStream: 100.0
StD of chunks received by StarStream: 5.373582102786425
Var of chunks received by StarStream: 28.875384615386576
[NONMOJO] Startup Delay: 68.11538461538461
[MOJO] Startup Delay: 74.2
[MOJO] Latency: 7.744585533922796
Min of perceived avg chunk delivery-time: 6.67
Max of perceived avg chunk delivery-time: 9.244897959183673
Variance of perceived avg chunk delivery-time: 0.350375715990802
StD of perceived avg chunk delivery-time: 0.5919254311066572
Avg messages sent per node: 6148.153846153846
Min messages sent per node: 4197.0
Max messages sent per node: 8028.0
Variance of messages sent per node: 1368602.1353846157
StD of messages sent per node: 1169.8727005040403
Nodes with incomplete playbacks: 12
[MOJO] Continuity Index: 85.3076923076923
[MOJO] Packet Loss: 14.692307692307692
Min % of not played chunks: 0.0
Max % of not played chunks: 99.0
Not played chunks [chunk-id/nodes]: {1=9, 2=6, 3=5, 4=4, 5=3, 6=3, 7=4, 8=4, 9=3, 10=4, 11=4, 12=4, 13=4, 14=4, 15=3, 17=4, 16=4, 19=5, 18=4, 21=3, 20=4, 23=3, 22=3, 25=4, 24=3, 27=3, 26=5, 29=3, 28=3, 31=4, 30=4, 34=3, 35=4, 32=5, 33=3, 38=3, 39=3, 36=4, 37=4, 42=4, 43=4, 40=3, 41=3, 46=3, 47=3, 44=4, 45=4, 51=5, 50=5, 49=5, 48=3, 55=4, 54=4, 53=4, 52=4, 59=4, 58=4, 57=4, 56=4, 63=4, 62=5, 61=5, 60=5, 68=5, 69=5, 70=5, 71=4, 64=3, 65=4, 66=4, 67=3, 76=3, 77=3, 78=4, 79=4, 72=3, 73=4, 74=3, 75=4, 85=3, 84=3, 87=3, 86=3, 81=3, 80=4, 83=5, 82=4, 93=3, 92=5, 95=5, 94=4, 89=3, 88=3, 91=5, 90=3, 98=4, 99=3, 96=3, 97=3}
Avg distance between not played chunks: 4.4755097680097675
Min distance between not played chunks: 1.0
Max distance between not played chunks: 13.0

HELPING PEERS LOG

[HELPING] Active nodes: 0
[HELPING] Started playbacks: 0
[HELPING] Not started playbacks node-ids: []
[HELPING] Playbacks time-window: -9223372036854775807
[HELPING] Missing chunks distribution [missed-chunks/nodes]: {}
[HELPING] Rejected chunks for ttl expiration [chunk-id/nodes]: 0 {}
[HELPING] Rejected chunks for capacity limit [chunk-id/nodes]: 0 {}
[HELPING] bandwidthUtilUp: NaN
[HELPING] bandwidthUtilDown: NaN
[HELPING] Avg # of unsent chunk for max-retries: NaN
[HELPING] Min # of unsent chunk for max-retries: Infinity
[HELPING] Max # of unsent chunk for max-retries: -Infinity
[HELPING] Avg # of unsent chunk-reqs for max-retries: NaN
[HELPING] Min # of unsent chunk-reqs for max-retries: Infinity
[HELPING] Max # of unsent chunk-reqs for max-retries: -Infinity
[HELPING] Avg % of chunks received by Pastry: NaN
[HELPING] Min % of chunks received by Pastry: Infinity
[HELPING] Max % of chunks received by Pastry: -Infinity
[HELPING] StD of chunks received by Pastry: 0.0
[HELPING] Var of chunks received by Pastry: 0.0
[HELPING] Avg % of chunks received by StarStream: NaN
[HELPING] Min % of chunks received by StarStream: Infinity
[HELPING] Max % of chunks received by StarStream: -Infinity
[HELPING] StD of chunks received by StarStream: 0.0
[HELPING] Var of chunks received by StarStream: 0.0
[HELPING] Latency: NaN
[HELPING] Min of perceived avg chunk delivery-time: Infinity
[HELPING] Max of perceived avg chunk delivery-time: -Infinity
[HELPING] Variance of perceived avg chunk delivery-time: 0.0
[HELPING] StD of perceived avg chunk delivery-time: 0.0
[HELPING] Avg messages sent per node: NaN
[HELPING] Min messages sent per node: Infinity
[HELPING] Max messages sent per node: -Infinity
[HELPING] Variance of messages sent per node: 0.0
[HELPING] StD of messages sent per node: 0.0
[HELPING] Nodes with incomplete playbacks: 0
[HELPING] Packet Loss: NaN
[HELPING] Min % of not played chunks: Infinity
[HELPING] Max % of not played chunks: -Infinity
[HELPING] Not played chunks [chunk-id/nodes]: {}
[HELPING] Avg distance between not played chunks: NaN
[HELPING] Min distance between not played chunks: Infinity
[HELPING] Max distance between not played chunks: -Infinity

