Total chunks: 100
Nodes x chunk: 3
Total nodes: 28
Active nodes: 26
Started playbacks: 26
Not started playbacks node-ids: []
Playbacks time-window: 114
Missing chunks distribution [missed-chunks/nodes]: {0=25, 1=1}
Rejected chunks for ttl expiration [chunk-id/nodes]: 1 {1=1}
Rejected chunks for capacity limit [chunk-id/nodes]: 0 {}
bandwidthUtilUp: 0.0136016063144849
bandwidthUtilDown: 0.0077040869559140005
Avg # of unsent chunk for max-retries: 0.0
Min # of unsent chunk for max-retries: 0.0
Max # of unsent chunk for max-retries: 0.0
Avg # of unsent chunk-reqs for max-retries: 0.0
Min # of unsent chunk-reqs for max-retries: 0.0
Max # of unsent chunk-reqs for max-retries: 0.0
Avg % of chunks received by Pastry: 8.692307692307692
Min % of chunks received by Pastry: 1.0
Max % of chunks received by Pastry: 22.0
StD of chunks received by Pastry: 5.357381679658309
Var of chunks received by Pastry: 28.70153846153849
Avg % of chunks received by StarStream: 90.38461538461539
Min % of chunks received by StarStream: 77.0
Max % of chunks received by StarStream: 99.0
StD of chunks received by StarStream: 5.477787312971737
Var of chunks received by StarStream: 30.00615384615412
[NONMOJO] Startup Delay: 56.5
[MOJO] Startup Delay: 69.9
[MOJO] Latency: 8.090534306962878
Min of perceived avg chunk delivery-time: 6.6
Max of perceived avg chunk delivery-time: 9.626262626262626
Variance of perceived avg chunk delivery-time: 0.46814467218394384
StD of perceived avg chunk delivery-time: 0.6842109851383152
Avg messages sent per node: 6540.7307692307695
Min messages sent per node: 3604.0
Max messages sent per node: 8533.0
Variance of messages sent per node: 2131231.8846153757
StD of messages sent per node: 1459.873927644225
Nodes with incomplete playbacks: 16
[MOJO] Continuity Index: 70.6923076923077
[MOJO] Packet Loss: 29.307692307692307
Min % of not played chunks: 0.0
Max % of not played chunks: 99.0
Not played chunks [chunk-id/nodes]: {1=8, 2=6, 3=7, 4=7, 5=7, 6=7, 7=6, 8=8, 9=7, 10=5, 11=7, 12=6, 13=6, 14=9, 15=9, 17=8, 16=8, 19=6, 18=7, 21=6, 20=5, 23=8, 22=7, 25=6, 24=4, 27=8, 26=10, 29=10, 28=6, 31=7, 30=6, 34=8, 35=9, 32=7, 33=8, 38=7, 39=8, 36=5, 37=8, 42=7, 43=9, 40=9, 41=7, 46=7, 47=7, 44=8, 45=7, 51=9, 50=8, 49=11, 48=8, 55=7, 54=6, 53=9, 52=7, 59=8, 58=8, 57=9, 56=9, 63=7, 62=8, 61=10, 60=9, 68=9, 69=9, 70=7, 71=7, 64=8, 65=9, 66=8, 67=6, 76=9, 77=9, 78=9, 79=9, 72=9, 73=8, 74=7, 75=9, 85=9, 84=10, 87=8, 86=8, 81=6, 80=11, 83=7, 82=9, 93=7, 92=9, 95=8, 94=7, 89=6, 88=7, 91=7, 90=8, 98=7, 99=8, 96=8, 97=9}
Avg distance between not played chunks: 3.59645637165877
Min distance between not played chunks: 1.0
Max distance between not played chunks: 11.5

HELPING PEERS LOG

[HELPING] Active nodes: 2
[HELPING] Started playbacks: 2
[HELPING] Not started playbacks node-ids: []
[HELPING] Playbacks time-window: 33
[HELPING] Missing chunks distribution [missed-chunks/nodes]: {0=2}
[HELPING] Rejected chunks for ttl expiration [chunk-id/nodes]: 0 {}
[HELPING] Rejected chunks for capacity limit [chunk-id/nodes]: 0 {}
[HELPING] bandwidthUtilUp: 0.012331746250081765
[HELPING] bandwidthUtilDown: 0.007868357766231408
[HELPING] Avg # of unsent chunk for max-retries: 0.0
[HELPING] Min # of unsent chunk for max-retries: 0.0
[HELPING] Max # of unsent chunk for max-retries: 0.0
[HELPING] Avg # of unsent chunk-reqs for max-retries: 0.0
[HELPING] Min # of unsent chunk-reqs for max-retries: 0.0
[HELPING] Max # of unsent chunk-reqs for max-retries: 0.0
[HELPING] Avg % of chunks received by Pastry: 8.5
[HELPING] Min % of chunks received by Pastry: 8.0
[HELPING] Max % of chunks received by Pastry: 9.0
[HELPING] StD of chunks received by Pastry: 0.7071067811865476
[HELPING] Var of chunks received by Pastry: 0.5
[HELPING] Avg % of chunks received by StarStream: 90.5
[HELPING] Min % of chunks received by StarStream: 90.0
[HELPING] Max % of chunks received by StarStream: 91.0
[HELPING] StD of chunks received by StarStream: 0.7071067811865476
[HELPING] Var of chunks received by StarStream: 0.5
[HELPING] Startup Delay: 63.5
[HELPING] Latency: 8.306262626262626
[HELPING] Min of perceived avg chunk delivery-time: 8.252525252525253
[HELPING] Max of perceived avg chunk delivery-time: 8.36
[HELPING] Variance of perceived avg chunk delivery-time: 0.005775410672384851
[HELPING] StD of perceived avg chunk delivery-time: 0.0759961227457352
[HELPING] Avg messages sent per node: 7096.0
[HELPING] Min messages sent per node: 6914.0
[HELPING] Max messages sent per node: 7278.0
[HELPING] Variance of messages sent per node: 66248.0
[HELPING] StD of messages sent per node: 257.3868683519033
[HELPING] Nodes with incomplete playbacks: 1
[HELPING] Packet Loss: 0.5
[HELPING] Min % of not played chunks: 0.0
[HELPING] Max % of not played chunks: 1.0
[HELPING] Not played chunks [chunk-id/nodes]: {53=1}
[HELPING] Avg distance between not played chunks: NaN
[HELPING] Min distance between not played chunks: Infinity
[HELPING] Max distance between not played chunks: -Infinity

