Total chunks: 100
Nodes x chunk: 3
Total nodes: 33
Active nodes: 26
Started playbacks: 26
Not started playbacks node-ids: []
Playbacks time-window: 82
Missing chunks distribution [missed-chunks/nodes]: {0=26}
Rejected chunks for ttl expiration [chunk-id/nodes]: 0 {}
Rejected chunks for capacity limit [chunk-id/nodes]: 0 {}
bandwidthUtilUp: 0.013580120104135455
bandwidthUtilDown: 0.007976572242827348
Avg # of unsent chunk for max-retries: 0.0
Min # of unsent chunk for max-retries: 0.0
Max # of unsent chunk for max-retries: 0.0
Avg # of unsent chunk-reqs for max-retries: 0.0
Min # of unsent chunk-reqs for max-retries: 0.0
Max # of unsent chunk-reqs for max-retries: 0.0
Avg % of chunks received by Pastry: 10.923076923076923
Min % of chunks received by Pastry: 0.0
Max % of chunks received by Pastry: 18.0
StD of chunks received by Pastry: 4.603677459797345
Var of chunks received by Pastry: 21.193846153846142
Avg % of chunks received by StarStream: 88.1923076923077
Min % of chunks received by StarStream: 81.0
Max % of chunks received by StarStream: 100.0
StD of chunks received by StarStream: 4.874580849830901
Var of chunks received by StarStream: 23.761538461538148
[NONMOJO] Startup Delay: 55.84615384615385
[MOJO] Startup Delay: 74.3
[MOJO] Latency: 8.382571872571871
Min of perceived avg chunk delivery-time: 7.47
Max of perceived avg chunk delivery-time: 9.47
Variance of perceived avg chunk delivery-time: 0.28259111538073056
StD of perceived avg chunk delivery-time: 0.5315929978665357
Avg messages sent per node: 6571.615384615385
Min messages sent per node: 4148.0
Max messages sent per node: 8153.0
Variance of messages sent per node: 1805772.8061538404
StD of messages sent per node: 1343.7904621457321
Nodes with incomplete playbacks: 22
[MOJO] Continuity Index: 50.46153846153846
[MOJO] Packet Loss: 49.53846153846154
Min % of not played chunks: 0.0
Max % of not played chunks: 99.0
Not played chunks [chunk-id/nodes]: {1=13, 2=15, 3=10, 4=13, 5=13, 6=13, 7=15, 8=14, 9=10, 10=13, 11=11, 12=10, 13=10, 14=14, 15=10, 17=13, 16=11, 19=12, 18=13, 21=14, 20=9, 23=13, 22=13, 25=11, 24=14, 27=11, 26=12, 29=14, 28=11, 31=12, 30=13, 34=15, 35=11, 32=12, 33=12, 38=14, 39=14, 36=11, 37=14, 42=14, 43=14, 40=14, 41=14, 46=10, 47=11, 44=12, 45=13, 51=13, 50=12, 49=11, 48=13, 55=14, 54=16, 53=15, 52=15, 59=14, 58=15, 57=13, 56=14, 63=14, 62=14, 61=12, 60=16, 68=16, 69=16, 70=14, 71=14, 64=15, 65=14, 66=13, 67=10, 76=10, 77=16, 78=16, 79=17, 72=14, 73=14, 74=11, 75=11, 85=11, 84=11, 87=11, 86=14, 81=13, 80=13, 83=13, 82=15, 93=16, 92=11, 95=12, 94=12, 89=13, 88=13, 91=11, 90=12, 98=15, 99=14, 96=16, 97=15}
Avg distance between not played chunks: 2.301293433953568
Min distance between not played chunks: 1.0
Max distance between not played chunks: 8.636363636363637

HELPING PEERS LOG

[HELPING] Active nodes: 7
[HELPING] Started playbacks: 7
[HELPING] Not started playbacks node-ids: []
[HELPING] Playbacks time-window: 93
[HELPING] Missing chunks distribution [missed-chunks/nodes]: {0=6, 1=1}
[HELPING] Rejected chunks for ttl expiration [chunk-id/nodes]: 2 {0=2, 1=1}
[HELPING] Rejected chunks for capacity limit [chunk-id/nodes]: 0 {}
[HELPING] bandwidthUtilUp: 0.01443918772951207
[HELPING] bandwidthUtilDown: 0.008165622402200935
[HELPING] Avg # of unsent chunk for max-retries: 0.0
[HELPING] Min # of unsent chunk for max-retries: 0.0
[HELPING] Max # of unsent chunk for max-retries: 0.0
[HELPING] Avg # of unsent chunk-reqs for max-retries: 0.0
[HELPING] Min # of unsent chunk-reqs for max-retries: 0.0
[HELPING] Max # of unsent chunk-reqs for max-retries: 0.0
[HELPING] Avg % of chunks received by Pastry: 5.428571428571429
[HELPING] Min % of chunks received by Pastry: 1.0
[HELPING] Max % of chunks received by Pastry: 13.0
[HELPING] StD of chunks received by Pastry: 4.237025012007948
[HELPING] Var of chunks received by Pastry: 17.952380952380945
[HELPING] Avg % of chunks received by StarStream: 93.57142857142857
[HELPING] Min % of chunks received by StarStream: 86.0
[HELPING] Max % of chunks received by StarStream: 98.0
[HELPING] StD of chunks received by StarStream: 4.23702501200803
[HELPING] Var of chunks received by StarStream: 17.952380952381645
[HELPING] Startup Delay: 100.0
[HELPING] Latency: 8.702908089642785
[HELPING] Min of perceived avg chunk delivery-time: 7.838383838383838
[HELPING] Max of perceived avg chunk delivery-time: 9.11111111111111
[HELPING] Variance of perceived avg chunk delivery-time: 0.16888548234635437
[HELPING] StD of perceived avg chunk delivery-time: 0.41095678890408216
[HELPING] Avg messages sent per node: 6751.428571428572
[HELPING] Min messages sent per node: 4541.0
[HELPING] Max messages sent per node: 10236.0
[HELPING] Variance of messages sent per node: 4464302.285714284
[HELPING] StD of messages sent per node: 2112.889558333394
[HELPING] Nodes with incomplete playbacks: 2
[HELPING] Packet Loss: 0.42857142857142855
[HELPING] Min % of not played chunks: 0.0
[HELPING] Max % of not played chunks: 2.0
[HELPING] Not played chunks [chunk-id/nodes]: {1=1, 2=1, 91=1}
[HELPING] Avg distance between not played chunks: 89.0
[HELPING] Min distance between not played chunks: 89.0
[HELPING] Max distance between not played chunks: 89.0

