Total chunks: 100
Nodes x chunk: 3
Total nodes: 36
Active nodes: 26
Started playbacks: 26
Not started playbacks node-ids: []
Playbacks time-window: 160
Missing chunks distribution [missed-chunks/nodes]: {0=25, 3=1}
Rejected chunks for ttl expiration [chunk-id/nodes]: 3 {0=2, 1=1, 2=1}
Rejected chunks for capacity limit [chunk-id/nodes]: 0 {}
bandwidthUtilUp: 0.01389040892927074
bandwidthUtilDown: 0.008079077499035497
Avg # of unsent chunk for max-retries: 0.0
Min # of unsent chunk for max-retries: 0.0
Max # of unsent chunk for max-retries: 0.0
Avg # of unsent chunk-reqs for max-retries: 0.0
Min # of unsent chunk-reqs for max-retries: 0.0
Max # of unsent chunk-reqs for max-retries: 0.0
Avg % of chunks received by Pastry: 11.884615384615385
Min % of chunks received by Pastry: 1.0
Max % of chunks received by Pastry: 21.0
StD of chunks received by Pastry: 5.062228150345837
Var of chunks received by Pastry: 25.626153846153834
Avg % of chunks received by StarStream: 87.11538461538461
Min % of chunks received by StarStream: 78.0
Max % of chunks received by StarStream: 98.0
StD of chunks received by StarStream: 5.062228150345901
Var of chunks received by StarStream: 25.626153846154484
[NONMOJO] Startup Delay: 68.07692307692308
[MOJO] Startup Delay: 56.1
[MOJO] Latency: 8.503101034131962
Min of perceived avg chunk delivery-time: 7.22
Max of perceived avg chunk delivery-time: 9.95959595959596
Variance of perceived avg chunk delivery-time: 0.5670313508993979
StD of perceived avg chunk delivery-time: 0.7530148410884064
Avg messages sent per node: 6687.384615384615
Min messages sent per node: 3839.0
Max messages sent per node: 8994.0
Variance of messages sent per node: 1998334.0061538483
StD of messages sent per node: 1413.6244218864672
Nodes with incomplete playbacks: 19
[MOJO] Continuity Index: 68.38461538461539
[MOJO] Packet Loss: 31.615384615384617
Min % of not played chunks: 0.0
Max % of not played chunks: 99.0
Not played chunks [chunk-id/nodes]: {1=8, 2=10, 3=5, 4=6, 5=8, 6=7, 7=7, 8=9, 9=5, 10=3, 11=7, 12=5, 13=7, 14=8, 15=9, 17=7, 16=7, 19=7, 18=11, 21=10, 20=10, 23=9, 22=6, 25=7, 24=9, 27=12, 26=8, 29=7, 28=9, 31=8, 30=7, 34=8, 35=7, 32=8, 33=6, 38=9, 39=7, 36=7, 37=5, 42=11, 43=7, 40=13, 41=7, 46=9, 47=10, 44=6, 45=10, 51=5, 50=9, 49=10, 48=9, 55=7, 54=11, 53=11, 52=12, 59=7, 58=5, 57=9, 56=8, 63=6, 62=8, 61=6, 60=11, 68=9, 69=11, 70=9, 71=8, 64=10, 65=7, 66=7, 67=10, 76=9, 77=4, 78=9, 79=9, 72=11, 73=8, 74=14, 75=7, 85=10, 84=7, 87=9, 86=8, 81=7, 80=8, 83=9, 82=12, 93=9, 92=9, 95=9, 94=10, 89=8, 88=11, 91=7, 90=11, 98=8, 99=11, 96=8, 97=7}
Avg distance between not played chunks: 3.2643210161840717
Min distance between not played chunks: 1.0
Max distance between not played chunks: 9.5

HELPING PEERS LOG

[HELPING] Active nodes: 10
[HELPING] Started playbacks: 10
[HELPING] Not started playbacks node-ids: []
[HELPING] Playbacks time-window: 271
[HELPING] Missing chunks distribution [missed-chunks/nodes]: {0=9, 5=1}
[HELPING] Rejected chunks for ttl expiration [chunk-id/nodes]: 5 {0=1, 1=1, 2=1, 3=1, 4=1}
[HELPING] Rejected chunks for capacity limit [chunk-id/nodes]: 0 {}
[HELPING] bandwidthUtilUp: 0.013555960727267913
[HELPING] bandwidthUtilDown: 0.007670146738490602
[HELPING] Avg # of unsent chunk for max-retries: 0.0
[HELPING] Min # of unsent chunk for max-retries: 0.0
[HELPING] Max # of unsent chunk for max-retries: 0.0
[HELPING] Avg # of unsent chunk-reqs for max-retries: 0.0
[HELPING] Min # of unsent chunk-reqs for max-retries: 0.0
[HELPING] Max # of unsent chunk-reqs for max-retries: 0.0
[HELPING] Avg % of chunks received by Pastry: 9.4
[HELPING] Min % of chunks received by Pastry: 1.0
[HELPING] Max % of chunks received by Pastry: 17.0
[HELPING] StD of chunks received by Pastry: 5.378971401051815
[HELPING] Var of chunks received by Pastry: 28.933333333333326
[HELPING] Avg % of chunks received by StarStream: 89.7
[HELPING] Min % of chunks received by StarStream: 82.0
[HELPING] Max % of chunks received by StarStream: 99.0
[HELPING] StD of chunks received by StarStream: 5.558776843874868
[HELPING] Var of chunks received by StarStream: 30.899999999999434
[HELPING] Startup Delay: 99.8
[HELPING] Latency: 8.992666666666665
[HELPING] Min of perceived avg chunk delivery-time: 7.42
[HELPING] Max of perceived avg chunk delivery-time: 9.81
[HELPING] Variance of perceived avg chunk delivery-time: 0.5371211694952017
[HELPING] StD of perceived avg chunk delivery-time: 0.7328855091316799
[HELPING] Avg messages sent per node: 6285.5
[HELPING] Min messages sent per node: 4482.0
[HELPING] Max messages sent per node: 8734.0
[HELPING] Variance of messages sent per node: 1396469.1666666667
[HELPING] StD of messages sent per node: 1181.7229652785236
[HELPING] Nodes with incomplete playbacks: 6
[HELPING] Packet Loss: 13.0
[HELPING] Min % of not played chunks: 0.0
[HELPING] Max % of not played chunks: 59.0
[HELPING] Not played chunks [chunk-id/nodes]: {1=1, 2=2, 3=1, 4=2, 5=1, 6=1, 7=1, 8=1, 10=1, 11=1, 12=1, 13=2, 14=2, 15=1, 16=1, 19=1, 18=1, 21=2, 20=2, 22=2, 25=1, 24=1, 27=2, 29=2, 31=2, 30=3, 34=2, 35=1, 33=1, 38=2, 39=2, 36=1, 42=1, 43=2, 40=1, 41=2, 46=2, 47=1, 45=2, 51=2, 50=1, 49=1, 48=2, 55=2, 54=1, 52=2, 58=1, 57=1, 56=2, 63=1, 62=2, 61=1, 60=1, 68=2, 69=1, 70=1, 71=3, 64=1, 66=1, 67=2, 76=2, 77=2, 78=1, 79=3, 72=1, 73=1, 74=1, 75=2, 85=1, 84=2, 86=2, 81=2, 80=1, 83=2, 82=1, 93=1, 92=1, 95=2, 94=2, 88=2, 91=1, 90=1, 98=2, 99=2, 96=2, 97=1}
[HELPING] Avg distance between not played chunks: 9.762523818304752
[HELPING] Min distance between not played chunks: 1.0
[HELPING] Max distance between not played chunks: 37.0

