Total chunks: 100
Nodes x chunk: 3
Total nodes: 39
Active nodes: 26
Started playbacks: 26
Not started playbacks node-ids: []
Playbacks time-window: 71
Missing chunks distribution [missed-chunks/nodes]: {0=26}
Rejected chunks for ttl expiration [chunk-id/nodes]: 0 {}
Rejected chunks for capacity limit [chunk-id/nodes]: 0 {}
bandwidthUtilUp: 0.014005909639727218
bandwidthUtilDown: 0.008405643365098232
Avg # of unsent chunk for max-retries: 0.0
Min # of unsent chunk for max-retries: 0.0
Max # of unsent chunk for max-retries: 0.0
Avg # of unsent chunk-reqs for max-retries: 0.0
Min # of unsent chunk-reqs for max-retries: 0.0
Max # of unsent chunk-reqs for max-retries: 0.0
Avg % of chunks received by Pastry: 11.461538461538462
Min % of chunks received by Pastry: 1.0
Max % of chunks received by Pastry: 20.0
StD of chunks received by Pastry: 4.768486294251198
Var of chunks received by Pastry: 22.738461538461518
Avg % of chunks received by StarStream: 87.61538461538461
Min % of chunks received by StarStream: 79.0
Max % of chunks received by StarStream: 99.0
StD of chunks received by StarStream: 4.792301518702096
Var of chunks received by StarStream: 22.966153846154413
[NONMOJO] Startup Delay: 68.07692307692308
[MOJO] Startup Delay: 73.9
[MOJO] Latency: 8.966728826728827
Min of perceived avg chunk delivery-time: 7.69
Max of perceived avg chunk delivery-time: 10.303030303030303
Variance of perceived avg chunk delivery-time: 0.38303758806402244
StD of perceived avg chunk delivery-time: 0.6189003054321612
Avg messages sent per node: 6794.2692307692305
Min messages sent per node: 4249.0
Max messages sent per node: 9351.0
Variance of messages sent per node: 1979224.7646153874
StD of messages sent per node: 1406.8492330791482
Nodes with incomplete playbacks: 19
[MOJO] Continuity Index: 57.03846153846154
[MOJO] Packet Loss: 42.96153846153846
Min % of not played chunks: 0.0
Max % of not played chunks: 99.0
Not played chunks [chunk-id/nodes]: {1=14, 2=14, 3=10, 4=8, 5=14, 6=11, 7=12, 8=13, 9=11, 10=11, 11=9, 12=10, 13=10, 14=9, 15=8, 17=11, 16=9, 19=10, 18=14, 21=10, 20=9, 23=8, 22=9, 25=10, 24=7, 27=10, 26=13, 29=10, 28=9, 31=11, 30=10, 34=15, 35=12, 32=15, 33=10, 38=11, 39=9, 36=9, 37=11, 42=14, 43=12, 40=7, 41=13, 46=11, 47=11, 44=13, 45=14, 51=15, 50=12, 49=14, 48=12, 55=10, 54=11, 53=11, 52=8, 59=12, 58=13, 57=10, 56=12, 63=10, 62=12, 61=8, 60=14, 68=12, 69=13, 70=13, 71=12, 64=11, 65=10, 66=10, 67=12, 76=11, 77=11, 78=11, 79=11, 72=11, 73=12, 74=12, 75=11, 85=16, 84=11, 87=12, 86=12, 81=15, 80=10, 83=9, 82=10, 93=14, 92=14, 95=11, 94=12, 89=14, 88=10, 91=12, 90=12, 98=10, 99=12, 96=11, 97=12}
Avg distance between not played chunks: 2.3687309647303407
Min distance between not played chunks: 1.0
Max distance between not played chunks: 6.642857142857143

HELPING PEERS LOG

[HELPING] Active nodes: 13
[HELPING] Started playbacks: 13
[HELPING] Not started playbacks node-ids: []
[HELPING] Playbacks time-window: 381
[HELPING] Missing chunks distribution [missed-chunks/nodes]: {0=10, 2=1, 3=1, 7=1}
[HELPING] Rejected chunks for ttl expiration [chunk-id/nodes]: 5 {1=3, 2=2, 3=1, 4=1, 6=1}
[HELPING] Rejected chunks for capacity limit [chunk-id/nodes]: 0 {}
[HELPING] bandwidthUtilUp: 0.013644109174712142
[HELPING] bandwidthUtilDown: 0.007500072416579178
[HELPING] Avg # of unsent chunk for max-retries: 0.0
[HELPING] Min # of unsent chunk for max-retries: 0.0
[HELPING] Max # of unsent chunk for max-retries: 0.0
[HELPING] Avg # of unsent chunk-reqs for max-retries: 0.0
[HELPING] Min # of unsent chunk-reqs for max-retries: 0.0
[HELPING] Max # of unsent chunk-reqs for max-retries: 0.0
[HELPING] Avg % of chunks received by Pastry: 7.3076923076923075
[HELPING] Min % of chunks received by Pastry: 0.0
[HELPING] Max % of chunks received by Pastry: 17.0
[HELPING] StD of chunks received by Pastry: 6.5113313460025894
[HELPING] Var of chunks received by Pastry: 42.39743589743589
[HELPING] Avg % of chunks received by StarStream: 91.92307692307692
[HELPING] Min % of chunks received by StarStream: 82.0
[HELPING] Max % of chunks received by StarStream: 100.0
[HELPING] StD of chunks received by StarStream: 6.787998458818595
[HELPING] Var of chunks received by StarStream: 46.07692307692362
[HELPING] Startup Delay: 125.92307692307692
[HELPING] Latency: 9.421843939602503
[HELPING] Min of perceived avg chunk delivery-time: 7.87
[HELPING] Max of perceived avg chunk delivery-time: 11.285714285714286
[HELPING] Variance of perceived avg chunk delivery-time: 1.0155007814918804
[HELPING] StD of perceived avg chunk delivery-time: 1.0077205870140196
[HELPING] Avg messages sent per node: 6511.461538461538
[HELPING] Min messages sent per node: 4513.0
[HELPING] Max messages sent per node: 8363.0
[HELPING] Variance of messages sent per node: 1331600.1025641132
[HELPING] StD of messages sent per node: 1153.949783380591
[HELPING] Nodes with incomplete playbacks: 9
[HELPING] Packet Loss: 23.307692307692307
[HELPING] Min % of not played chunks: 0.0
[HELPING] Max % of not played chunks: 99.0
[HELPING] Not played chunks [chunk-id/nodes]: {1=6, 2=6, 3=4, 4=4, 5=2, 6=3, 7=3, 8=1, 9=2, 10=2, 11=2, 12=2, 13=4, 14=3, 15=2, 17=3, 16=1, 19=3, 18=3, 21=3, 20=1, 23=4, 22=2, 25=3, 24=2, 27=5, 26=4, 29=3, 28=4, 31=2, 30=3, 34=3, 35=2, 32=3, 33=2, 38=4, 39=2, 36=4, 37=4, 42=4, 43=2, 40=3, 41=3, 46=2, 47=3, 44=4, 45=5, 51=3, 50=4, 49=2, 48=4, 55=3, 54=2, 53=4, 52=2, 59=2, 58=2, 57=3, 56=3, 63=3, 62=3, 61=3, 60=4, 68=1, 69=4, 70=2, 71=4, 64=2, 65=3, 66=3, 67=4, 76=3, 77=3, 78=3, 79=4, 72=4, 73=4, 74=3, 75=2, 85=2, 84=2, 87=3, 86=4, 81=4, 80=2, 83=3, 82=4, 93=4, 92=2, 95=1, 94=3, 89=4, 88=5, 91=3, 90=4, 98=2, 99=4, 96=4, 97=5}
[HELPING] Avg distance between not played chunks: 2.6995435967737818
[HELPING] Min distance between not played chunks: 1.0
[HELPING] Max distance between not played chunks: 6.166666666666667

