Total chunks: 100
Nodes x chunk: 3
Total nodes: 41
Active nodes: 26
Started playbacks: 26
Not started playbacks node-ids: []
Playbacks time-window: 214
Missing chunks distribution [missed-chunks/nodes]: {0=25, 4=1}
Rejected chunks for ttl expiration [chunk-id/nodes]: 4 {0=2, 1=1, 2=1, 3=1}
Rejected chunks for capacity limit [chunk-id/nodes]: 0 {}
bandwidthUtilUp: 0.01372092406508514
bandwidthUtilDown: 0.008073491096419689
Avg # of unsent chunk for max-retries: 0.0
Min # of unsent chunk for max-retries: 0.0
Max # of unsent chunk for max-retries: 0.0
Avg # of unsent chunk-reqs for max-retries: 0.0
Min # of unsent chunk-reqs for max-retries: 0.0
Max # of unsent chunk-reqs for max-retries: 0.0
Avg % of chunks received by Pastry: 11.5
Min % of chunks received by Pastry: 1.0
Max % of chunks received by Pastry: 22.0
StD of chunks received by Pastry: 5.5803225713214815
Var of chunks received by Pastry: 31.139999999999986
Avg % of chunks received by StarStream: 87.57692307692308
Min % of chunks received by StarStream: 77.0
Max % of chunks received by StarStream: 99.0
StD of chunks received by StarStream: 5.735315697836185
Var of chunks received by StarStream: 32.89384615384617
[NONMOJO] Startup Delay: 80.73076923076923
[MOJO] Startup Delay: 88.1
[MOJO] Latency: 9.433581487956486
Min of perceived avg chunk delivery-time: 8.81
Max of perceived avg chunk delivery-time: 10.46
Variance of perceived avg chunk delivery-time: 0.20886593871724246
StD of perceived avg chunk delivery-time: 0.4570185321376393
Avg messages sent per node: 6728.807692307692
Min messages sent per node: 3697.0
Max messages sent per node: 9194.0
Variance of messages sent per node: 2552449.4415384587
StD of messages sent per node: 1597.638708074657
Nodes with incomplete playbacks: 20
[MOJO] Continuity Index: 63.73076923076923
[MOJO] Packet Loss: 36.26923076923077
Min % of not played chunks: 0.0
Max % of not played chunks: 99.0
Not played chunks [chunk-id/nodes]: {1=8, 2=8, 3=10, 4=8, 5=10, 6=10, 7=8, 8=11, 9=12, 10=10, 11=8, 12=13, 13=7, 14=7, 15=6, 17=11, 16=9, 19=9, 18=7, 21=8, 20=9, 23=7, 22=7, 25=11, 24=10, 27=8, 26=16, 29=7, 28=7, 31=8, 30=6, 34=10, 35=6, 32=10, 33=10, 38=6, 39=10, 36=9, 37=13, 42=10, 43=13, 40=14, 41=9, 46=9, 47=9, 44=10, 45=12, 51=9, 50=6, 49=13, 48=11, 55=9, 54=10, 53=7, 52=10, 59=8, 58=12, 57=12, 56=6, 63=8, 62=12, 61=14, 60=4, 68=8, 69=8, 70=10, 71=8, 64=8, 65=10, 66=11, 67=12, 76=8, 77=10, 78=11, 79=8, 72=10, 73=10, 74=11, 75=10, 85=12, 84=13, 87=4, 86=11, 81=7, 80=13, 83=9, 82=11, 93=11, 92=9, 95=11, 94=10, 89=9, 88=11, 91=9, 90=9, 98=10, 99=13, 96=11, 97=10}
Avg distance between not played chunks: 2.7821802763218235
Min distance between not played chunks: 1.0
Max distance between not played chunks: 10.11111111111111

HELPING PEERS LOG

[HELPING] Active nodes: 15
[HELPING] Started playbacks: 15
[HELPING] Not started playbacks node-ids: []
[HELPING] Playbacks time-window: 106
[HELPING] Missing chunks distribution [missed-chunks/nodes]: {0=14, 1=1}
[HELPING] Rejected chunks for ttl expiration [chunk-id/nodes]: 2 {0=4, 1=1}
[HELPING] Rejected chunks for capacity limit [chunk-id/nodes]: 0 {}
[HELPING] bandwidthUtilUp: 0.013716509710388926
[HELPING] bandwidthUtilDown: 0.008030720314419534
[HELPING] Avg # of unsent chunk for max-retries: 0.0
[HELPING] Min # of unsent chunk for max-retries: 0.0
[HELPING] Max # of unsent chunk for max-retries: 0.0
[HELPING] Avg # of unsent chunk-reqs for max-retries: 0.0
[HELPING] Min # of unsent chunk-reqs for max-retries: 0.0
[HELPING] Max # of unsent chunk-reqs for max-retries: 0.0
[HELPING] Avg % of chunks received by Pastry: 10.2
[HELPING] Min % of chunks received by Pastry: 0.0
[HELPING] Max % of chunks received by Pastry: 20.0
[HELPING] StD of chunks received by Pastry: 6.427618977061857
[HELPING] Var of chunks received by Pastry: 41.31428571428572
[HELPING] Avg % of chunks received by StarStream: 89.06666666666666
[HELPING] Min % of chunks received by StarStream: 80.0
[HELPING] Max % of chunks received by StarStream: 100.0
[HELPING] StD of chunks received by StarStream: 6.670475102662346
[HELPING] Var of chunks received by StarStream: 44.49523809523823
[HELPING] Startup Delay: 87.0
[HELPING] Latency: 9.45634632034632
[HELPING] Min of perceived avg chunk delivery-time: 8.46
[HELPING] Max of perceived avg chunk delivery-time: 11.214285714285714
[HELPING] Variance of perceived avg chunk delivery-time: 0.6468995886717366
[HELPING] StD of perceived avg chunk delivery-time: 0.8043006829984273
[HELPING] Avg messages sent per node: 6438.733333333334
[HELPING] Min messages sent per node: 3928.0
[HELPING] Max messages sent per node: 9081.0
[HELPING] Variance of messages sent per node: 1783651.0666666606
[HELPING] StD of messages sent per node: 1335.5340005655642
[HELPING] Nodes with incomplete playbacks: 9
[HELPING] Packet Loss: 13.333333333333334
[HELPING] Min % of not played chunks: 0.0
[HELPING] Max % of not played chunks: 91.0
[HELPING] Not played chunks [chunk-id/nodes]: {1=3, 2=2, 3=3, 4=1, 5=3, 6=3, 7=1, 8=2, 9=4, 10=1, 11=2, 12=2, 13=2, 14=2, 15=1, 17=1, 16=1, 19=2, 18=2, 20=2, 22=1, 25=3, 24=2, 27=2, 26=1, 29=2, 28=2, 31=2, 30=1, 34=2, 35=1, 32=1, 33=2, 38=1, 39=1, 36=1, 37=2, 42=4, 43=1, 40=3, 41=3, 46=2, 47=1, 44=2, 45=2, 51=2, 50=2, 49=4, 48=2, 55=3, 54=1, 53=2, 52=2, 59=2, 58=1, 57=4, 56=1, 63=1, 62=2, 61=4, 60=2, 68=2, 69=3, 70=6, 71=2, 64=3, 65=1, 66=3, 67=1, 76=1, 77=2, 78=2, 79=3, 72=3, 73=1, 74=2, 75=3, 85=3, 84=3, 87=2, 86=2, 81=1, 80=3, 83=2, 82=4, 93=2, 92=1, 95=2, 94=1, 89=1, 88=3, 91=2, 90=2, 98=2, 99=1, 96=3, 97=2}
[HELPING] Avg distance between not played chunks: 10.984426089783232
[HELPING] Min distance between not played chunks: 1.0888888888888888
[HELPING] Max distance between not played chunks: 36.5

