Total chunks: 100
Nodes x chunk: 3
Total nodes: 49
Active nodes: 26
Started playbacks: 26
Not started playbacks node-ids: []
Playbacks time-window: 112
Missing chunks distribution [missed-chunks/nodes]: {0=25, 1=1}
Rejected chunks for ttl expiration [chunk-id/nodes]: 2 {0=1, 1=1}
Rejected chunks for capacity limit [chunk-id/nodes]: 0 {}
bandwidthUtilUp: 0.01424360929093341
bandwidthUtilDown: 0.008439374573605237
Avg # of unsent chunk for max-retries: 0.0
Min # of unsent chunk for max-retries: 0.0
Max # of unsent chunk for max-retries: 0.0
Avg # of unsent chunk-reqs for max-retries: 0.0
Min # of unsent chunk-reqs for max-retries: 0.0
Max # of unsent chunk-reqs for max-retries: 0.0
Avg % of chunks received by Pastry: 12.461538461538462
Min % of chunks received by Pastry: 0.0
Max % of chunks received by Pastry: 20.0
StD of chunks received by Pastry: 4.263620707621815
Var of chunks received by Pastry: 18.178461538461544
Avg % of chunks received by StarStream: 86.61538461538461
Min % of chunks received by StarStream: 79.0
Max % of chunks received by StarStream: 100.0
StD of chunks received by StarStream: 4.318119248718579
Var of chunks received by StarStream: 18.646153846153904
[NONMOJO] Startup Delay: 85.65384615384616
[MOJO] Startup Delay: 91.5
[MOJO] Latency: 9.817543171114599
Min of perceived avg chunk delivery-time: 8.63
Max of perceived avg chunk delivery-time: 11.806122448979592
Variance of perceived avg chunk delivery-time: 0.4676730178451453
StD of perceived avg chunk delivery-time: 0.6838662280337766
Avg messages sent per node: 6942.153846153846
Min messages sent per node: 4376.0
Max messages sent per node: 9133.0
Variance of messages sent per node: 1895237.1753846253
StD of messages sent per node: 1376.6761330772845
Nodes with incomplete playbacks: 24
[MOJO] Continuity Index: 44.15384615384615
[MOJO] Packet Loss: 55.84615384615385
Min % of not played chunks: 0.0
Max % of not played chunks: 99.0
Not played chunks [chunk-id/nodes]: {1=16, 2=14, 3=12, 4=18, 5=13, 6=17, 7=16, 8=9, 9=13, 10=14, 11=15, 12=14, 13=16, 14=14, 15=13, 17=12, 16=14, 19=16, 18=17, 21=14, 20=13, 23=14, 22=16, 25=15, 24=13, 27=17, 26=14, 29=15, 28=12, 31=14, 30=13, 34=13, 35=12, 32=12, 33=12, 38=16, 39=11, 36=15, 37=12, 42=16, 43=16, 40=14, 41=12, 46=16, 47=13, 44=14, 45=15, 51=13, 50=14, 49=15, 48=15, 55=18, 54=16, 53=15, 52=18, 59=15, 58=15, 57=17, 56=16, 63=14, 62=16, 61=15, 60=18, 68=17, 69=15, 70=14, 71=12, 64=17, 65=14, 66=16, 67=14, 76=14, 77=10, 78=16, 79=17, 72=14, 73=16, 74=17, 75=14, 85=14, 84=18, 87=15, 86=14, 81=17, 80=21, 83=19, 82=12, 93=18, 92=14, 95=16, 94=15, 89=14, 88=15, 91=14, 90=14, 98=12, 99=13, 96=11, 97=17}
Avg distance between not played chunks: 2.151848012528616
Min distance between not played chunks: 1.0
Max distance between not played chunks: 10.11111111111111

HELPING PEERS LOG

[HELPING] Active nodes: 23
[HELPING] Started playbacks: 23
[HELPING] Not started playbacks node-ids: []
[HELPING] Playbacks time-window: 100
[HELPING] Missing chunks distribution [missed-chunks/nodes]: {0=22, 1=1}
[HELPING] Rejected chunks for ttl expiration [chunk-id/nodes]: 2 {0=1, 1=1}
[HELPING] Rejected chunks for capacity limit [chunk-id/nodes]: 0 {}
[HELPING] bandwidthUtilUp: 0.01455170633379372
[HELPING] bandwidthUtilDown: 0.008291688003684614
[HELPING] Avg # of unsent chunk for max-retries: 0.0
[HELPING] Min # of unsent chunk for max-retries: 0.0
[HELPING] Max # of unsent chunk for max-retries: 0.0
[HELPING] Avg # of unsent chunk-reqs for max-retries: 0.0
[HELPING] Min # of unsent chunk-reqs for max-retries: 0.0
[HELPING] Max # of unsent chunk-reqs for max-retries: 0.0
[HELPING] Avg % of chunks received by Pastry: 10.478260869565217
[HELPING] Min % of chunks received by Pastry: 1.0
[HELPING] Max % of chunks received by Pastry: 15.0
[HELPING] StD of chunks received by Pastry: 4.176444390511573
[HELPING] Var of chunks received by Pastry: 17.442687747035585
[HELPING] Avg % of chunks received by StarStream: 88.56521739130434
[HELPING] Min % of chunks received by StarStream: 84.0
[HELPING] Max % of chunks received by StarStream: 99.0
[HELPING] StD of chunks received by StarStream: 4.283436247565425
[HELPING] Var of chunks received by StarStream: 18.34782608695737
[HELPING] Startup Delay: 95.47826086956522
[HELPING] Latency: 9.94668020040691
[HELPING] Min of perceived avg chunk delivery-time: 8.81
[HELPING] Max of perceived avg chunk delivery-time: 11.46
[HELPING] Variance of perceived avg chunk delivery-time: 0.45486221756451134
[HELPING] StD of perceived avg chunk delivery-time: 0.674434739292477
[HELPING] Avg messages sent per node: 6755.086956521739
[HELPING] Min messages sent per node: 4310.0
[HELPING] Max messages sent per node: 9877.0
[HELPING] Variance of messages sent per node: 2661732.3557312256
[HELPING] StD of messages sent per node: 1631.4816443132988
[HELPING] Nodes with incomplete playbacks: 17
[HELPING] Packet Loss: 29.73913043478261
[HELPING] Min % of not played chunks: 0.0
[HELPING] Max % of not played chunks: 82.0
[HELPING] Not played chunks [chunk-id/nodes]: {1=6, 2=5, 3=6, 4=7, 5=6, 6=7, 7=7, 8=6, 9=6, 10=5, 11=6, 12=8, 13=6, 14=7, 15=3, 17=6, 16=10, 19=10, 18=7, 21=6, 20=7, 23=5, 22=3, 25=6, 24=4, 27=7, 26=7, 29=9, 28=4, 31=8, 30=7, 34=7, 35=5, 32=8, 33=7, 38=8, 39=7, 36=5, 37=5, 42=6, 43=5, 40=4, 41=9, 46=9, 47=7, 44=3, 45=7, 51=7, 50=4, 49=7, 48=8, 55=9, 54=6, 53=7, 52=8, 59=9, 58=8, 57=6, 56=11, 63=5, 62=11, 61=5, 60=7, 68=10, 69=7, 70=6, 71=3, 64=9, 65=3, 66=9, 67=6, 76=10, 77=3, 78=7, 79=9, 72=7, 73=7, 74=10, 75=5, 85=7, 84=9, 87=7, 86=11, 81=8, 80=14, 83=10, 82=7, 93=5, 92=8, 95=9, 94=4, 89=4, 88=8, 91=9, 90=9, 98=8, 99=8, 96=5, 97=6}
[HELPING] Avg distance between not played chunks: 3.773344287928613
[HELPING] Min distance between not played chunks: 1.2098765432098766
[HELPING] Max distance between not played chunks: 17.5

