Total chunks: 100
Nodes x chunk: 4
Total nodes: 38
Active nodes: 28
Started playbacks: 28
Not started playbacks node-ids: []
Playbacks time-window: 112
Missing chunks distribution [missed-chunks/nodes]: {0=27, 1=1}
Rejected chunks for ttl expiration [chunk-id/nodes]: 1 {1=1}
Rejected chunks for capacity limit [chunk-id/nodes]: 0 {}
bandwidthUtilUp: 0.013539965989285538
bandwidthUtilDown: 0.009216097693904902
Avg # of unsent chunk for max-retries: 0.0
Min # of unsent chunk for max-retries: 0.0
Max # of unsent chunk for max-retries: 0.0
Avg # of unsent chunk-reqs for max-retries: 0.0
Min # of unsent chunk-reqs for max-retries: 0.0
Max # of unsent chunk-reqs for max-retries: 0.0
Avg % of chunks received by Pastry: 10.142857142857142
Min % of chunks received by Pastry: 0.0
Max % of chunks received by Pastry: 20.0
StD of chunks received by Pastry: 6.311155823673492
Var of chunks received by Pastry: 39.830687830687836
Avg % of chunks received by StarStream: 89.0
Min % of chunks received by StarStream: 79.0
Max % of chunks received by StarStream: 100.0
StD of chunks received by StarStream: 6.548960901462854
Var of chunks received by StarStream: 42.888888888889156
[NONMOJO] Startup Delay: 57.17857142857143
[MOJO] Startup Delay: -109.2
[MOJO] Latency: 8.441398386194304
Min of perceived avg chunk delivery-time: 7.1
Max of perceived avg chunk delivery-time: 10.343434343434344
Variance of perceived avg chunk delivery-time: 0.52899722061798
StD of perceived avg chunk delivery-time: 0.7273219511454195
Avg messages sent per node: 4770.107142857143
Min messages sent per node: 2667.0
Max messages sent per node: 8073.0
Variance of messages sent per node: 2292206.2473544953
StD of messages sent per node: 1514.0033841951924
Nodes with incomplete playbacks: 16
[MOJO] Continuity Index: 74.5
[MOJO] Packet Loss: 25.5
Min % of not played chunks: 0.0
Max % of not played chunks: 99.0
Not played chunks [chunk-id/nodes]: {1=8, 2=5, 3=7, 4=6, 5=7, 6=7, 7=7, 8=8, 9=6, 10=5, 11=6, 12=8, 13=8, 14=6, 15=7, 17=6, 16=5, 19=7, 18=7, 21=7, 20=7, 23=5, 22=8, 25=9, 24=5, 27=5, 26=7, 29=6, 28=6, 31=6, 30=8, 34=6, 35=8, 32=7, 33=6, 38=6, 39=7, 36=6, 37=6, 42=12, 43=7, 40=6, 41=8, 46=10, 47=7, 44=10, 45=7, 51=9, 50=7, 49=8, 48=7, 55=6, 54=9, 53=7, 52=7, 59=10, 58=7, 57=6, 56=11, 63=7, 62=7, 61=7, 60=9, 68=6, 69=8, 70=7, 71=6, 64=7, 65=7, 66=9, 67=10, 76=9, 77=7, 78=8, 79=8, 72=7, 73=6, 74=6, 75=7, 85=8, 84=8, 87=7, 86=7, 81=7, 80=7, 83=7, 82=9, 93=10, 92=5, 95=10, 94=5, 89=9, 88=8, 91=8, 90=9, 98=6, 99=4, 96=6, 97=8}
Avg distance between not played chunks: 6.100515625467868
Min distance between not played chunks: 1.0
Max distance between not played chunks: 38.0

HELPING PEERS LOG

[HELPING] Active nodes: 0
[HELPING] Started playbacks: 0
[HELPING] Not started playbacks node-ids: []
[HELPING] Playbacks time-window: -9223372036854775807
[HELPING] Missing chunks distribution [missed-chunks/nodes]: {}
[HELPING] Rejected chunks for ttl expiration [chunk-id/nodes]: 0 {}
[HELPING] Rejected chunks for capacity limit [chunk-id/nodes]: 0 {}
[HELPING] bandwidthUtilUp: NaN
[HELPING] bandwidthUtilDown: NaN
[HELPING] Avg # of unsent chunk for max-retries: NaN
[HELPING] Min # of unsent chunk for max-retries: Infinity
[HELPING] Max # of unsent chunk for max-retries: -Infinity
[HELPING] Avg # of unsent chunk-reqs for max-retries: NaN
[HELPING] Min # of unsent chunk-reqs for max-retries: Infinity
[HELPING] Max # of unsent chunk-reqs for max-retries: -Infinity
[HELPING] Avg % of chunks received by Pastry: NaN
[HELPING] Min % of chunks received by Pastry: Infinity
[HELPING] Max % of chunks received by Pastry: -Infinity
[HELPING] StD of chunks received by Pastry: 0.0
[HELPING] Var of chunks received by Pastry: 0.0
[HELPING] Avg % of chunks received by StarStream: NaN
[HELPING] Min % of chunks received by StarStream: Infinity
[HELPING] Max % of chunks received by StarStream: -Infinity
[HELPING] StD of chunks received by StarStream: 0.0
[HELPING] Var of chunks received by StarStream: 0.0
[HELPING] Latency: NaN
[HELPING] Min of perceived avg chunk delivery-time: Infinity
[HELPING] Max of perceived avg chunk delivery-time: -Infinity
[HELPING] Variance of perceived avg chunk delivery-time: 0.0
[HELPING] StD of perceived avg chunk delivery-time: 0.0
[HELPING] Avg messages sent per node: NaN
[HELPING] Min messages sent per node: Infinity
[HELPING] Max messages sent per node: -Infinity
[HELPING] Variance of messages sent per node: 0.0
[HELPING] StD of messages sent per node: 0.0
[HELPING] Nodes with incomplete playbacks: 0
[HELPING] Packet Loss: NaN
[HELPING] Min % of not played chunks: Infinity
[HELPING] Max % of not played chunks: -Infinity
[HELPING] Not played chunks [chunk-id/nodes]: {}
[HELPING] Avg distance between not played chunks: NaN
[HELPING] Min distance between not played chunks: Infinity
[HELPING] Max distance between not played chunks: -Infinity

