Total chunks: 100
Nodes x chunk: 4
Total nodes: 28
Active nodes: 28
Started playbacks: 28
Not started playbacks node-ids: []
Playbacks time-window: 174
Missing chunks distribution [missed-chunks/nodes]: {0=26, 1=1, 3=1}
Rejected chunks for ttl expiration [chunk-id/nodes]: 3 {0=5, 1=2, 2=1}
Rejected chunks for capacity limit [chunk-id/nodes]: 0 {}
bandwidthUtilUp: 0.011572329892290982
bandwidthUtilDown: 0.007107781255243044
Avg # of unsent chunk for max-retries: 0.0
Min # of unsent chunk for max-retries: 0.0
Max # of unsent chunk for max-retries: 0.0
Avg # of unsent chunk-reqs for max-retries: 0.0
Min # of unsent chunk-reqs for max-retries: 0.0
Max # of unsent chunk-reqs for max-retries: 0.0
Avg % of chunks received by Pastry: 11.0
Min % of chunks received by Pastry: 0.0
Max % of chunks received by Pastry: 20.0
StD of chunks received by Pastry: 6.27753195192246
Var of chunks received by Pastry: 39.407407407407405
Avg % of chunks received by StarStream: 88.17857142857143
Min % of chunks received by StarStream: 79.0
Max % of chunks received by StarStream: 100.0
StD of chunks received by StarStream: 6.2423498153284305
Var of chunks received by StarStream: 38.96693121693089
[NONMOJO] Startup Delay: 61.357142857142854
[MOJO] Startup Delay: 51.2
[MOJO] Latency: 8.565485602015164
Min of perceived avg chunk delivery-time: 7.01
Max of perceived avg chunk delivery-time: 10.56
Variance of perceived avg chunk delivery-time: 0.9232953832238413
StD of perceived avg chunk delivery-time: 0.960882606369707
Avg messages sent per node: 3327.714285714286
Min messages sent per node: 1887.0
Max messages sent per node: 6179.0
Variance of messages sent per node: 1258544.8783068785
StD of messages sent per node: 1121.8488660719315
Nodes with incomplete playbacks: 16
[MOJO] Continuity Index: 80.89285714285714
[MOJO] Packet Loss: 19.107142857142858
Min % of not played chunks: 0.0
Max % of not played chunks: 99.0
Not played chunks [chunk-id/nodes]: {1=6, 2=5, 3=4, 4=4, 5=6, 6=5, 7=6, 8=5, 9=5, 10=4, 11=6, 12=4, 13=3, 14=6, 15=5, 17=5, 16=4, 19=6, 18=3, 21=8, 20=5, 23=7, 22=6, 25=5, 24=7, 27=5, 26=4, 29=4, 28=5, 31=5, 30=4, 34=7, 35=4, 32=5, 33=4, 38=4, 39=4, 36=5, 37=5, 42=6, 43=4, 40=4, 41=8, 46=4, 47=5, 44=6, 45=6, 51=5, 50=5, 49=8, 48=9, 55=4, 54=6, 53=6, 52=6, 59=5, 58=6, 57=7, 56=5, 63=6, 62=6, 61=5, 60=6, 68=7, 69=5, 70=5, 71=4, 64=6, 65=6, 66=6, 67=6, 76=6, 77=5, 78=4, 79=5, 72=5, 73=6, 74=5, 75=7, 85=5, 84=5, 87=6, 86=6, 81=7, 80=7, 83=6, 82=6, 93=4, 92=4, 95=4, 94=6, 89=5, 88=7, 91=7, 90=4, 98=7, 99=6, 96=5, 97=7}
Avg distance between not played chunks: 6.091308458789916
Min distance between not played chunks: 1.0
Max distance between not played chunks: 30.5

HELPING PEERS LOG

[HELPING] Active nodes: 0
[HELPING] Started playbacks: 0
[HELPING] Not started playbacks node-ids: []
[HELPING] Playbacks time-window: -9223372036854775807
[HELPING] Missing chunks distribution [missed-chunks/nodes]: {}
[HELPING] Rejected chunks for ttl expiration [chunk-id/nodes]: 0 {}
[HELPING] Rejected chunks for capacity limit [chunk-id/nodes]: 0 {}
[HELPING] bandwidthUtilUp: NaN
[HELPING] bandwidthUtilDown: NaN
[HELPING] Avg # of unsent chunk for max-retries: NaN
[HELPING] Min # of unsent chunk for max-retries: Infinity
[HELPING] Max # of unsent chunk for max-retries: -Infinity
[HELPING] Avg # of unsent chunk-reqs for max-retries: NaN
[HELPING] Min # of unsent chunk-reqs for max-retries: Infinity
[HELPING] Max # of unsent chunk-reqs for max-retries: -Infinity
[HELPING] Avg % of chunks received by Pastry: NaN
[HELPING] Min % of chunks received by Pastry: Infinity
[HELPING] Max % of chunks received by Pastry: -Infinity
[HELPING] StD of chunks received by Pastry: 0.0
[HELPING] Var of chunks received by Pastry: 0.0
[HELPING] Avg % of chunks received by StarStream: NaN
[HELPING] Min % of chunks received by StarStream: Infinity
[HELPING] Max % of chunks received by StarStream: -Infinity
[HELPING] StD of chunks received by StarStream: 0.0
[HELPING] Var of chunks received by StarStream: 0.0
[HELPING] Latency: NaN
[HELPING] Min of perceived avg chunk delivery-time: Infinity
[HELPING] Max of perceived avg chunk delivery-time: -Infinity
[HELPING] Variance of perceived avg chunk delivery-time: 0.0
[HELPING] StD of perceived avg chunk delivery-time: 0.0
[HELPING] Avg messages sent per node: NaN
[HELPING] Min messages sent per node: Infinity
[HELPING] Max messages sent per node: -Infinity
[HELPING] Variance of messages sent per node: 0.0
[HELPING] StD of messages sent per node: 0.0
[HELPING] Nodes with incomplete playbacks: 0
[HELPING] Packet Loss: NaN
[HELPING] Min % of not played chunks: Infinity
[HELPING] Max % of not played chunks: -Infinity
[HELPING] Not played chunks [chunk-id/nodes]: {}
[HELPING] Avg distance between not played chunks: NaN
[HELPING] Min distance between not played chunks: Infinity
[HELPING] Max distance between not played chunks: -Infinity

