Total chunks: 100
Nodes x chunk: 4
Total nodes: 28
Active nodes: 28
Started playbacks: 28
Not started playbacks node-ids: []
Playbacks time-window: 112
Missing chunks distribution [missed-chunks/nodes]: {0=25, 1=3}
Rejected chunks for ttl expiration [chunk-id/nodes]: 2 {0=2, 1=3}
Rejected chunks for capacity limit [chunk-id/nodes]: 0 {}
bandwidthUtilUp: 0.012579502410145398
bandwidthUtilDown: 0.008171026394792674
Avg # of unsent chunk for max-retries: 0.0
Min # of unsent chunk for max-retries: 0.0
Max # of unsent chunk for max-retries: 0.0
Avg # of unsent chunk-reqs for max-retries: 0.0
Min # of unsent chunk-reqs for max-retries: 0.0
Max # of unsent chunk-reqs for max-retries: 0.0
Avg % of chunks received by Pastry: 10.035714285714286
Min % of chunks received by Pastry: 0.0
Max % of chunks received by Pastry: 16.0
StD of chunks received by Pastry: 4.780222704072382
Var of chunks received by Pastry: 22.850529100529076
Avg % of chunks received by StarStream: 89.10714285714286
Min % of chunks received by StarStream: 83.0
Max % of chunks received by StarStream: 100.0
StD of chunks received by StarStream: 4.99880938205231
Var of chunks received by StarStream: 24.988095238094196
[NONMOJO] Startup Delay: 56.42857142857143
[MOJO] Startup Delay: 79.0
[MOJO] Latency: 7.69011772241364
Min of perceived avg chunk delivery-time: 6.45
Max of perceived avg chunk delivery-time: 9.686868686868687
Variance of perceived avg chunk delivery-time: 0.6545287354461766
StD of perceived avg chunk delivery-time: 0.80902950221001
Avg messages sent per node: 4883.642857142857
Min messages sent per node: 2137.0
Max messages sent per node: 8499.0
Variance of messages sent per node: 2905647.2751322743
StD of messages sent per node: 1704.59592723093
Nodes with incomplete playbacks: 20
[MOJO] Continuity Index: 69.07142857142857
[MOJO] Packet Loss: 30.928571428571427
Min % of not played chunks: 0.0
Max % of not played chunks: 99.0
Not played chunks [chunk-id/nodes]: {1=10, 2=9, 3=8, 4=6, 5=11, 6=9, 7=8, 8=9, 9=8, 10=10, 11=8, 12=8, 13=7, 14=8, 15=9, 17=7, 16=9, 19=10, 18=10, 21=6, 20=12, 23=10, 22=7, 25=8, 24=7, 27=8, 26=11, 29=7, 28=8, 31=7, 30=9, 34=7, 35=7, 32=6, 33=7, 38=9, 39=7, 36=10, 37=8, 42=10, 43=9, 40=11, 41=11, 46=8, 47=8, 44=8, 45=12, 51=9, 50=9, 49=8, 48=9, 55=10, 54=9, 53=8, 52=10, 59=9, 58=11, 57=7, 56=9, 63=10, 62=9, 61=9, 60=10, 68=8, 69=12, 70=10, 71=8, 64=9, 65=9, 66=11, 67=9, 76=7, 77=8, 78=11, 79=7, 72=9, 73=9, 74=9, 75=9, 85=7, 84=11, 87=8, 86=10, 81=7, 80=8, 83=8, 82=8, 93=8, 92=7, 95=8, 94=14, 89=8, 88=8, 91=8, 90=8, 98=8, 99=8, 96=12, 97=9}
Avg distance between not played chunks: 6.323041180137963
Min distance between not played chunks: 1.0
Max distance between not played chunks: 49.0

HELPING PEERS LOG

[HELPING] Active nodes: 0
[HELPING] Started playbacks: 0
[HELPING] Not started playbacks node-ids: []
[HELPING] Playbacks time-window: -9223372036854775807
[HELPING] Missing chunks distribution [missed-chunks/nodes]: {}
[HELPING] Rejected chunks for ttl expiration [chunk-id/nodes]: 0 {}
[HELPING] Rejected chunks for capacity limit [chunk-id/nodes]: 0 {}
[HELPING] bandwidthUtilUp: NaN
[HELPING] bandwidthUtilDown: NaN
[HELPING] Avg # of unsent chunk for max-retries: NaN
[HELPING] Min # of unsent chunk for max-retries: Infinity
[HELPING] Max # of unsent chunk for max-retries: -Infinity
[HELPING] Avg # of unsent chunk-reqs for max-retries: NaN
[HELPING] Min # of unsent chunk-reqs for max-retries: Infinity
[HELPING] Max # of unsent chunk-reqs for max-retries: -Infinity
[HELPING] Avg % of chunks received by Pastry: NaN
[HELPING] Min % of chunks received by Pastry: Infinity
[HELPING] Max % of chunks received by Pastry: -Infinity
[HELPING] StD of chunks received by Pastry: 0.0
[HELPING] Var of chunks received by Pastry: 0.0
[HELPING] Avg % of chunks received by StarStream: NaN
[HELPING] Min % of chunks received by StarStream: Infinity
[HELPING] Max % of chunks received by StarStream: -Infinity
[HELPING] StD of chunks received by StarStream: 0.0
[HELPING] Var of chunks received by StarStream: 0.0
[HELPING] Latency: NaN
[HELPING] Min of perceived avg chunk delivery-time: Infinity
[HELPING] Max of perceived avg chunk delivery-time: -Infinity
[HELPING] Variance of perceived avg chunk delivery-time: 0.0
[HELPING] StD of perceived avg chunk delivery-time: 0.0
[HELPING] Avg messages sent per node: NaN
[HELPING] Min messages sent per node: Infinity
[HELPING] Max messages sent per node: -Infinity
[HELPING] Variance of messages sent per node: 0.0
[HELPING] StD of messages sent per node: 0.0
[HELPING] Nodes with incomplete playbacks: 0
[HELPING] Packet Loss: NaN
[HELPING] Min % of not played chunks: Infinity
[HELPING] Max % of not played chunks: -Infinity
[HELPING] Not played chunks [chunk-id/nodes]: {}
[HELPING] Avg distance between not played chunks: NaN
[HELPING] Min distance between not played chunks: Infinity
[HELPING] Max distance between not played chunks: -Infinity

