Total chunks: 100
Nodes x chunk: 4
Total nodes: 28
Active nodes: 28
Started playbacks: 28
Not started playbacks node-ids: []
Playbacks time-window: 163
Missing chunks distribution [missed-chunks/nodes]: {0=26, 1=1, 3=1}
Rejected chunks for ttl expiration [chunk-id/nodes]: 3 {0=3, 1=2, 2=1}
Rejected chunks for capacity limit [chunk-id/nodes]: 0 {}
bandwidthUtilUp: 0.012294915093131562
bandwidthUtilDown: 0.008287632015946763
Avg # of unsent chunk for max-retries: 0.0
Min # of unsent chunk for max-retries: 0.0
Max # of unsent chunk for max-retries: 0.0
Avg # of unsent chunk-reqs for max-retries: 0.0
Min # of unsent chunk-reqs for max-retries: 0.0
Max # of unsent chunk-reqs for max-retries: 0.0
Avg % of chunks received by Pastry: 10.678571428571429
Min % of chunks received by Pastry: 0.0
Max % of chunks received by Pastry: 19.0
StD of chunks received by Pastry: 5.551466749317973
Var of chunks received by Pastry: 30.81878306878306
Avg % of chunks received by StarStream: 88.39285714285714
Min % of chunks received by StarStream: 80.0
Max % of chunks received by StarStream: 100.0
StD of chunks received by StarStream: 5.6982082025473675
Var of chunks received by StarStream: 32.4695767195781
[NONMOJO] Startup Delay: 55.67857142857143
[MOJO] Startup Delay: 56.4
[MOJO] Latency: 8.09435821045962
Min of perceived avg chunk delivery-time: 6.51
Max of perceived avg chunk delivery-time: 9.56701030927835
Variance of perceived avg chunk delivery-time: 0.6831472489064072
StD of perceived avg chunk delivery-time: 0.826527222120607
Avg messages sent per node: 4277.571428571428
Min messages sent per node: 2084.0
Max messages sent per node: 8930.0
Variance of messages sent per node: 3084622.994708996
StD of messages sent per node: 1756.3094814721567
Nodes with incomplete playbacks: 19
[MOJO] Continuity Index: 73.07142857142857
[MOJO] Packet Loss: 26.928571428571427
Min % of not played chunks: 0.0
Max % of not played chunks: 99.0
Not played chunks [chunk-id/nodes]: {1=9, 2=5, 3=5, 4=9, 5=7, 6=6, 7=6, 8=10, 9=5, 10=11, 11=9, 12=5, 13=5, 14=5, 15=5, 17=6, 16=7, 19=11, 18=7, 21=5, 20=7, 23=6, 22=6, 25=8, 24=6, 27=6, 26=7, 29=8, 28=8, 31=7, 30=5, 34=6, 35=8, 32=7, 33=6, 38=9, 39=8, 36=8, 37=6, 42=8, 43=9, 40=6, 41=9, 46=6, 47=8, 44=7, 45=6, 51=6, 50=11, 49=6, 48=9, 55=9, 54=9, 53=11, 52=8, 59=7, 58=9, 57=10, 56=9, 63=7, 62=10, 61=9, 60=8, 68=10, 69=9, 70=10, 71=8, 64=6, 65=6, 66=7, 67=8, 76=8, 77=9, 78=6, 79=8, 72=7, 73=9, 74=7, 75=11, 85=7, 84=8, 87=9, 86=5, 81=9, 80=10, 83=10, 82=8, 93=7, 92=6, 95=8, 94=8, 89=8, 88=7, 91=9, 90=10, 98=8, 99=8, 96=5, 97=8}
Avg distance between not played chunks: 3.1204615259777864
Min distance between not played chunks: 1.0
Max distance between not played chunks: 9.5

HELPING PEERS LOG

[HELPING] Active nodes: 0
[HELPING] Started playbacks: 0
[HELPING] Not started playbacks node-ids: []
[HELPING] Playbacks time-window: -9223372036854775807
[HELPING] Missing chunks distribution [missed-chunks/nodes]: {}
[HELPING] Rejected chunks for ttl expiration [chunk-id/nodes]: 0 {}
[HELPING] Rejected chunks for capacity limit [chunk-id/nodes]: 0 {}
[HELPING] bandwidthUtilUp: NaN
[HELPING] bandwidthUtilDown: NaN
[HELPING] Avg # of unsent chunk for max-retries: NaN
[HELPING] Min # of unsent chunk for max-retries: Infinity
[HELPING] Max # of unsent chunk for max-retries: -Infinity
[HELPING] Avg # of unsent chunk-reqs for max-retries: NaN
[HELPING] Min # of unsent chunk-reqs for max-retries: Infinity
[HELPING] Max # of unsent chunk-reqs for max-retries: -Infinity
[HELPING] Avg % of chunks received by Pastry: NaN
[HELPING] Min % of chunks received by Pastry: Infinity
[HELPING] Max % of chunks received by Pastry: -Infinity
[HELPING] StD of chunks received by Pastry: 0.0
[HELPING] Var of chunks received by Pastry: 0.0
[HELPING] Avg % of chunks received by StarStream: NaN
[HELPING] Min % of chunks received by StarStream: Infinity
[HELPING] Max % of chunks received by StarStream: -Infinity
[HELPING] StD of chunks received by StarStream: 0.0
[HELPING] Var of chunks received by StarStream: 0.0
[HELPING] Latency: NaN
[HELPING] Min of perceived avg chunk delivery-time: Infinity
[HELPING] Max of perceived avg chunk delivery-time: -Infinity
[HELPING] Variance of perceived avg chunk delivery-time: 0.0
[HELPING] StD of perceived avg chunk delivery-time: 0.0
[HELPING] Avg messages sent per node: NaN
[HELPING] Min messages sent per node: Infinity
[HELPING] Max messages sent per node: -Infinity
[HELPING] Variance of messages sent per node: 0.0
[HELPING] StD of messages sent per node: 0.0
[HELPING] Nodes with incomplete playbacks: 0
[HELPING] Packet Loss: NaN
[HELPING] Min % of not played chunks: Infinity
[HELPING] Max % of not played chunks: -Infinity
[HELPING] Not played chunks [chunk-id/nodes]: {}
[HELPING] Avg distance between not played chunks: NaN
[HELPING] Min distance between not played chunks: Infinity
[HELPING] Max distance between not played chunks: -Infinity

