Total chunks: 100
Nodes x chunk: 4
Total nodes: 28
Active nodes: 28
Started playbacks: 28
Not started playbacks node-ids: []
Playbacks time-window: 89
Missing chunks distribution [missed-chunks/nodes]: {0=28}
Rejected chunks for ttl expiration [chunk-id/nodes]: 1 {0=2}
Rejected chunks for capacity limit [chunk-id/nodes]: 0 {}
bandwidthUtilUp: 0.013247750011132558
bandwidthUtilDown: 0.00861644065814564
Avg # of unsent chunk for max-retries: 0.0
Min # of unsent chunk for max-retries: 0.0
Max # of unsent chunk for max-retries: 0.0
Avg # of unsent chunk-reqs for max-retries: 0.0
Min # of unsent chunk-reqs for max-retries: 0.0
Max # of unsent chunk-reqs for max-retries: 0.0
Avg % of chunks received by Pastry: 6.785714285714286
Min % of chunks received by Pastry: 1.0
Max % of chunks received by Pastry: 17.0
StD of chunks received by Pastry: 5.050538239429191
Var of chunks received by Pastry: 25.507936507936506
Avg % of chunks received by StarStream: 92.32142857142857
Min % of chunks received by StarStream: 82.0
Max % of chunks received by StarStream: 99.0
StD of chunks received by StarStream: 5.185832348124661
Var of chunks received by StarStream: 26.89285714285614
[NONMOJO] Startup Delay: 63.107142857142854
[MOJO] Startup Delay: 75.4
[MOJO] Latency: 7.719978354978354
Min of perceived avg chunk delivery-time: 6.44
Max of perceived avg chunk delivery-time: 9.545454545454545
Variance of perceived avg chunk delivery-time: 0.6121595962295305
StD of perceived avg chunk delivery-time: 0.7824062859087537
Avg messages sent per node: 5565.892857142857
Min messages sent per node: 2050.0
Max messages sent per node: 8512.0
Variance of messages sent per node: 3934941.7288359813
StD of messages sent per node: 1983.668754816686
Nodes with incomplete playbacks: 11
[MOJO] Continuity Index: 73.35714285714286
[MOJO] Packet Loss: 26.642857142857142
Min % of not played chunks: 0.0
Max % of not played chunks: 99.0
Not played chunks [chunk-id/nodes]: {1=8, 2=7, 3=6, 4=7, 5=6, 6=8, 7=8, 8=7, 9=7, 10=6, 11=5, 12=6, 13=7, 14=7, 15=7, 17=8, 16=8, 19=8, 18=7, 21=7, 20=8, 23=7, 22=8, 25=7, 24=7, 27=5, 26=6, 29=8, 28=8, 31=8, 30=6, 34=8, 35=7, 32=5, 33=5, 38=6, 39=8, 36=9, 37=8, 42=8, 43=6, 40=9, 41=8, 46=10, 47=10, 44=9, 45=7, 51=7, 50=8, 49=8, 48=9, 55=8, 54=7, 53=9, 52=7, 59=7, 58=9, 57=8, 56=9, 63=7, 62=7, 61=7, 60=9, 68=8, 69=10, 70=8, 71=9, 64=7, 65=6, 66=8, 67=8, 76=6, 77=9, 78=7, 79=8, 72=6, 73=8, 74=6, 75=8, 85=6, 84=5, 87=8, 86=9, 81=6, 80=8, 83=8, 82=7, 93=6, 92=9, 95=10, 94=9, 89=9, 88=10, 91=8, 90=8, 98=8, 99=8, 96=7, 97=8}
Avg distance between not played chunks: 3.357144089544026
Min distance between not played chunks: 1.0
Max distance between not played chunks: 21.5

HELPING PEERS LOG

[HELPING] Active nodes: 0
[HELPING] Started playbacks: 0
[HELPING] Not started playbacks node-ids: []
[HELPING] Playbacks time-window: -9223372036854775807
[HELPING] Missing chunks distribution [missed-chunks/nodes]: {}
[HELPING] Rejected chunks for ttl expiration [chunk-id/nodes]: 0 {}
[HELPING] Rejected chunks for capacity limit [chunk-id/nodes]: 0 {}
[HELPING] bandwidthUtilUp: NaN
[HELPING] bandwidthUtilDown: NaN
[HELPING] Avg # of unsent chunk for max-retries: NaN
[HELPING] Min # of unsent chunk for max-retries: Infinity
[HELPING] Max # of unsent chunk for max-retries: -Infinity
[HELPING] Avg # of unsent chunk-reqs for max-retries: NaN
[HELPING] Min # of unsent chunk-reqs for max-retries: Infinity
[HELPING] Max # of unsent chunk-reqs for max-retries: -Infinity
[HELPING] Avg % of chunks received by Pastry: NaN
[HELPING] Min % of chunks received by Pastry: Infinity
[HELPING] Max % of chunks received by Pastry: -Infinity
[HELPING] StD of chunks received by Pastry: 0.0
[HELPING] Var of chunks received by Pastry: 0.0
[HELPING] Avg % of chunks received by StarStream: NaN
[HELPING] Min % of chunks received by StarStream: Infinity
[HELPING] Max % of chunks received by StarStream: -Infinity
[HELPING] StD of chunks received by StarStream: 0.0
[HELPING] Var of chunks received by StarStream: 0.0
[HELPING] Latency: NaN
[HELPING] Min of perceived avg chunk delivery-time: Infinity
[HELPING] Max of perceived avg chunk delivery-time: -Infinity
[HELPING] Variance of perceived avg chunk delivery-time: 0.0
[HELPING] StD of perceived avg chunk delivery-time: 0.0
[HELPING] Avg messages sent per node: NaN
[HELPING] Min messages sent per node: Infinity
[HELPING] Max messages sent per node: -Infinity
[HELPING] Variance of messages sent per node: 0.0
[HELPING] StD of messages sent per node: 0.0
[HELPING] Nodes with incomplete playbacks: 0
[HELPING] Packet Loss: NaN
[HELPING] Min % of not played chunks: Infinity
[HELPING] Max % of not played chunks: -Infinity
[HELPING] Not played chunks [chunk-id/nodes]: {}
[HELPING] Avg distance between not played chunks: NaN
[HELPING] Min distance between not played chunks: Infinity
[HELPING] Max distance between not played chunks: -Infinity

