Total chunks: 100
Nodes x chunk: 4
Total nodes: 28
Active nodes: 28
Started playbacks: 28
Not started playbacks node-ids: []
Playbacks time-window: 165
Missing chunks distribution [missed-chunks/nodes]: {0=23, 1=1, 2=2, 3=2}
Rejected chunks for ttl expiration [chunk-id/nodes]: 6 {68=1, 0=6, 1=3, 2=2, 79=1, 72=1}
Rejected chunks for capacity limit [chunk-id/nodes]: 0 {}
bandwidthUtilUp: 0.01072444917934964
bandwidthUtilDown: 0.006749142155473218
Avg # of unsent chunk for max-retries: 0.0
Min # of unsent chunk for max-retries: 0.0
Max # of unsent chunk for max-retries: 0.0
Avg # of unsent chunk-reqs for max-retries: 0.0
Min # of unsent chunk-reqs for max-retries: 0.0
Max # of unsent chunk-reqs for max-retries: 0.0
Avg % of chunks received by Pastry: 11.857142857142858
Min % of chunks received by Pastry: 0.0
Max % of chunks received by Pastry: 22.0
StD of chunks received by Pastry: 7.158079018709924
Var of chunks received by Pastry: 51.23809523809523
Avg % of chunks received by StarStream: 87.21428571428571
Min % of chunks received by StarStream: 77.0
Max % of chunks received by StarStream: 100.0
StD of chunks received by StarStream: 7.182061722236269
Var of chunks received by StarStream: 51.58201058201141
[NONMOJO] Startup Delay: 68.35714285714286
[MOJO] Startup Delay: 70.7
[MOJO] Latency: 9.282445897123072
Min of perceived avg chunk delivery-time: 7.32
Max of perceived avg chunk delivery-time: 12.676767676767676
Variance of perceived avg chunk delivery-time: 2.307764112620404
StD of perceived avg chunk delivery-time: 1.5191326843368238
Avg messages sent per node: 2821.6785714285716
Min messages sent per node: 1687.0
Max messages sent per node: 5834.0
Variance of messages sent per node: 763551.0410052892
StD of messages sent per node: 873.8140769095502
Nodes with incomplete playbacks: 20
[MOJO] Continuity Index: 70.71428571428571
[MOJO] Packet Loss: 29.285714285714285
Min % of not played chunks: 0.0
Max % of not played chunks: 99.0
Not played chunks [chunk-id/nodes]: {1=14, 2=7, 3=6, 4=10, 5=6, 6=10, 7=9, 8=9, 9=9, 10=8, 11=8, 12=7, 13=7, 14=7, 15=8, 17=7, 16=7, 19=8, 18=6, 21=10, 20=8, 23=11, 22=6, 25=7, 24=9, 27=9, 26=9, 29=7, 28=9, 31=9, 30=6, 34=10, 35=8, 32=11, 33=9, 38=8, 39=9, 36=8, 37=6, 42=7, 43=10, 40=7, 41=8, 46=10, 47=9, 44=7, 45=8, 51=8, 50=8, 49=9, 48=10, 55=8, 54=6, 53=8, 52=7, 59=8, 58=8, 57=9, 56=8, 63=11, 62=9, 61=6, 60=9, 68=8, 69=9, 70=9, 71=10, 64=8, 65=10, 66=7, 67=8, 76=8, 77=9, 78=8, 79=10, 72=8, 73=9, 74=10, 75=10, 85=10, 84=8, 87=7, 86=11, 81=9, 80=6, 83=10, 82=8, 93=6, 92=6, 95=9, 94=10, 89=7, 88=7, 91=8, 90=8, 98=6, 99=8, 96=7, 97=8}
Avg distance between not played chunks: 2.807829803236616
Min distance between not played chunks: 1.0
Max distance between not played chunks: 9.0

HELPING PEERS LOG

[HELPING] Active nodes: 0
[HELPING] Started playbacks: 0
[HELPING] Not started playbacks node-ids: []
[HELPING] Playbacks time-window: -9223372036854775807
[HELPING] Missing chunks distribution [missed-chunks/nodes]: {}
[HELPING] Rejected chunks for ttl expiration [chunk-id/nodes]: 0 {}
[HELPING] Rejected chunks for capacity limit [chunk-id/nodes]: 0 {}
[HELPING] bandwidthUtilUp: NaN
[HELPING] bandwidthUtilDown: NaN
[HELPING] Avg # of unsent chunk for max-retries: NaN
[HELPING] Min # of unsent chunk for max-retries: Infinity
[HELPING] Max # of unsent chunk for max-retries: -Infinity
[HELPING] Avg # of unsent chunk-reqs for max-retries: NaN
[HELPING] Min # of unsent chunk-reqs for max-retries: Infinity
[HELPING] Max # of unsent chunk-reqs for max-retries: -Infinity
[HELPING] Avg % of chunks received by Pastry: NaN
[HELPING] Min % of chunks received by Pastry: Infinity
[HELPING] Max % of chunks received by Pastry: -Infinity
[HELPING] StD of chunks received by Pastry: 0.0
[HELPING] Var of chunks received by Pastry: 0.0
[HELPING] Avg % of chunks received by StarStream: NaN
[HELPING] Min % of chunks received by StarStream: Infinity
[HELPING] Max % of chunks received by StarStream: -Infinity
[HELPING] StD of chunks received by StarStream: 0.0
[HELPING] Var of chunks received by StarStream: 0.0
[HELPING] Latency: NaN
[HELPING] Min of perceived avg chunk delivery-time: Infinity
[HELPING] Max of perceived avg chunk delivery-time: -Infinity
[HELPING] Variance of perceived avg chunk delivery-time: 0.0
[HELPING] StD of perceived avg chunk delivery-time: 0.0
[HELPING] Avg messages sent per node: NaN
[HELPING] Min messages sent per node: Infinity
[HELPING] Max messages sent per node: -Infinity
[HELPING] Variance of messages sent per node: 0.0
[HELPING] StD of messages sent per node: 0.0
[HELPING] Nodes with incomplete playbacks: 0
[HELPING] Packet Loss: NaN
[HELPING] Min % of not played chunks: Infinity
[HELPING] Max % of not played chunks: -Infinity
[HELPING] Not played chunks [chunk-id/nodes]: {}
[HELPING] Avg distance between not played chunks: NaN
[HELPING] Min distance between not played chunks: Infinity
[HELPING] Max distance between not played chunks: -Infinity

