Total chunks: 100
Nodes x chunk: 4
Total nodes: 28
Active nodes: 28
Started playbacks: 28
Not started playbacks node-ids: []
Playbacks time-window: 76
Missing chunks distribution [missed-chunks/nodes]: {0=28}
Rejected chunks for ttl expiration [chunk-id/nodes]: 1 {0=1}
Rejected chunks for capacity limit [chunk-id/nodes]: 0 {}
bandwidthUtilUp: 0.013747618519748955
bandwidthUtilDown: 0.009014433059198123
Avg # of unsent chunk for max-retries: 0.0
Min # of unsent chunk for max-retries: 0.0
Max # of unsent chunk for max-retries: 0.0
Avg # of unsent chunk-reqs for max-retries: 0.0
Min # of unsent chunk-reqs for max-retries: 0.0
Max # of unsent chunk-reqs for max-retries: 0.0
Avg % of chunks received by Pastry: 9.428571428571429
Min % of chunks received by Pastry: 0.0
Max % of chunks received by Pastry: 20.0
StD of chunks received by Pastry: 5.109385491996087
Var of chunks received by Pastry: 26.105820105820094
Avg % of chunks received by StarStream: 89.67857142857143
Min % of chunks received by StarStream: 80.0
Max % of chunks received by StarStream: 100.0
StD of chunks received by StarStream: 5.106666459447089
Var of chunks received by StarStream: 26.078042328041864
[NONMOJO] Startup Delay: 54.92857142857143
[MOJO] Startup Delay: 73.8
[MOJO] Latency: 7.18172077922078
Min of perceived avg chunk delivery-time: 6.3
Max of perceived avg chunk delivery-time: 8.71
Variance of perceived avg chunk delivery-time: 0.3452450071097278
StD of perceived avg chunk delivery-time: 0.5875755331101932
Avg messages sent per node: 6066.321428571428
Min messages sent per node: 2318.0
Max messages sent per node: 8395.0
Variance of messages sent per node: 2556312.4484126996
StD of messages sent per node: 1598.8472248506735
Nodes with incomplete playbacks: 9
[MOJO] Continuity Index: 74.25
[MOJO] Packet Loss: 25.75
Min % of not played chunks: 0.0
Max % of not played chunks: 99.0
Not played chunks [chunk-id/nodes]: {1=7, 2=6, 3=6, 4=8, 5=7, 6=8, 7=7, 8=7, 9=7, 10=7, 11=8, 12=7, 13=7, 14=7, 15=8, 17=7, 16=8, 19=8, 18=6, 21=7, 20=8, 23=7, 22=7, 25=8, 24=8, 27=5, 26=7, 29=8, 28=7, 31=6, 30=7, 34=8, 35=9, 32=8, 33=7, 38=8, 39=8, 36=7, 37=7, 42=7, 43=8, 40=5, 41=7, 46=6, 47=8, 44=7, 45=8, 51=7, 50=8, 49=7, 48=8, 55=7, 54=8, 53=7, 52=8, 59=8, 58=6, 57=8, 56=7, 63=8, 62=8, 61=7, 60=8, 68=5, 69=7, 70=8, 71=8, 64=8, 65=8, 66=7, 67=9, 76=7, 77=7, 78=7, 79=6, 72=7, 73=7, 74=8, 75=6, 85=8, 84=8, 87=7, 86=7, 81=6, 80=8, 83=7, 82=9, 93=7, 92=5, 95=7, 94=8, 89=8, 88=7, 91=7, 90=8, 98=7, 99=8, 96=8, 97=7}
Avg distance between not played chunks: 1.7032563887827046
Min distance between not played chunks: 1.0
Max distance between not played chunks: 6.230769230769231

HELPING PEERS LOG

[HELPING] Active nodes: 0
[HELPING] Started playbacks: 0
[HELPING] Not started playbacks node-ids: []
[HELPING] Playbacks time-window: -9223372036854775807
[HELPING] Missing chunks distribution [missed-chunks/nodes]: {}
[HELPING] Rejected chunks for ttl expiration [chunk-id/nodes]: 0 {}
[HELPING] Rejected chunks for capacity limit [chunk-id/nodes]: 0 {}
[HELPING] bandwidthUtilUp: NaN
[HELPING] bandwidthUtilDown: NaN
[HELPING] Avg # of unsent chunk for max-retries: NaN
[HELPING] Min # of unsent chunk for max-retries: Infinity
[HELPING] Max # of unsent chunk for max-retries: -Infinity
[HELPING] Avg # of unsent chunk-reqs for max-retries: NaN
[HELPING] Min # of unsent chunk-reqs for max-retries: Infinity
[HELPING] Max # of unsent chunk-reqs for max-retries: -Infinity
[HELPING] Avg % of chunks received by Pastry: NaN
[HELPING] Min % of chunks received by Pastry: Infinity
[HELPING] Max % of chunks received by Pastry: -Infinity
[HELPING] StD of chunks received by Pastry: 0.0
[HELPING] Var of chunks received by Pastry: 0.0
[HELPING] Avg % of chunks received by StarStream: NaN
[HELPING] Min % of chunks received by StarStream: Infinity
[HELPING] Max % of chunks received by StarStream: -Infinity
[HELPING] StD of chunks received by StarStream: 0.0
[HELPING] Var of chunks received by StarStream: 0.0
[HELPING] Latency: NaN
[HELPING] Min of perceived avg chunk delivery-time: Infinity
[HELPING] Max of perceived avg chunk delivery-time: -Infinity
[HELPING] Variance of perceived avg chunk delivery-time: 0.0
[HELPING] StD of perceived avg chunk delivery-time: 0.0
[HELPING] Avg messages sent per node: NaN
[HELPING] Min messages sent per node: Infinity
[HELPING] Max messages sent per node: -Infinity
[HELPING] Variance of messages sent per node: 0.0
[HELPING] StD of messages sent per node: 0.0
[HELPING] Nodes with incomplete playbacks: 0
[HELPING] Packet Loss: NaN
[HELPING] Min % of not played chunks: Infinity
[HELPING] Max % of not played chunks: -Infinity
[HELPING] Not played chunks [chunk-id/nodes]: {}
[HELPING] Avg distance between not played chunks: NaN
[HELPING] Min distance between not played chunks: Infinity
[HELPING] Max distance between not played chunks: -Infinity

