Total chunks: 100
Nodes x chunk: 4
Total nodes: 28
Active nodes: 28
Started playbacks: 28
Not started playbacks node-ids: []
Playbacks time-window: 157
Missing chunks distribution [missed-chunks/nodes]: {0=25, 1=2, 3=1}
Rejected chunks for ttl expiration [chunk-id/nodes]: 3 {0=1, 1=3, 2=1}
Rejected chunks for capacity limit [chunk-id/nodes]: 0 {}
bandwidthUtilUp: 0.011678242870944629
bandwidthUtilDown: 0.0074271396063159065
Avg # of unsent chunk for max-retries: 0.0
Min # of unsent chunk for max-retries: 0.0
Max # of unsent chunk for max-retries: 0.0
Avg # of unsent chunk-reqs for max-retries: 0.0
Min # of unsent chunk-reqs for max-retries: 0.0
Max # of unsent chunk-reqs for max-retries: 0.0
Avg % of chunks received by Pastry: 12.0
Min % of chunks received by Pastry: 0.0
Max % of chunks received by Pastry: 21.0
StD of chunks received by Pastry: 7.45852730970596
Var of chunks received by Pastry: 55.62962962962962
Avg % of chunks received by StarStream: 87.21428571428571
Min % of chunks received by StarStream: 78.0
Max % of chunks received by StarStream: 100.0
StD of chunks received by StarStream: 7.70933605661753
Var of chunks received by StarStream: 59.433862433863126
[NONMOJO] Startup Delay: 61.42857142857143
[MOJO] Startup Delay: 76.4
[MOJO] Latency: 8.369521288901156
Min of perceived avg chunk delivery-time: 7.09
Max of perceived avg chunk delivery-time: 10.693877551020408
Variance of perceived avg chunk delivery-time: 0.7036944027502411
StD of perceived avg chunk delivery-time: 0.8388649490533271
Avg messages sent per node: 3727.0714285714284
Min messages sent per node: 2110.0
Max messages sent per node: 6585.0
Variance of messages sent per node: 1750353.4761904757
StD of messages sent per node: 1323.0092502286127
Nodes with incomplete playbacks: 17
[MOJO] Continuity Index: 69.75
[MOJO] Packet Loss: 30.25
Min % of not played chunks: 0.0
Max % of not played chunks: 99.0
Not played chunks [chunk-id/nodes]: {1=13, 2=10, 3=7, 4=7, 5=9, 6=6, 7=10, 8=8, 9=8, 10=9, 11=8, 12=8, 13=9, 14=6, 15=7, 17=7, 16=7, 19=10, 18=8, 21=9, 20=8, 23=8, 22=9, 25=8, 24=9, 27=6, 26=10, 29=9, 28=7, 31=7, 30=9, 34=8, 35=9, 32=6, 33=9, 38=7, 39=9, 36=8, 37=9, 42=9, 43=10, 40=9, 41=9, 46=9, 47=9, 44=9, 45=10, 51=7, 50=10, 49=9, 48=9, 55=9, 54=9, 53=9, 52=8, 59=8, 58=10, 57=6, 56=8, 63=10, 62=8, 61=9, 60=10, 68=7, 69=8, 70=7, 71=8, 64=9, 65=7, 66=6, 67=9, 76=9, 77=9, 78=10, 79=10, 72=9, 73=9, 74=9, 75=10, 85=9, 84=8, 87=10, 86=8, 81=8, 80=9, 83=9, 82=9, 93=9, 92=7, 95=9, 94=8, 89=10, 88=10, 91=9, 90=10, 98=8, 99=10, 96=9, 97=8}
Avg distance between not played chunks: 2.5864981439086128
Min distance between not played chunks: 1.0
Max distance between not played chunks: 9.25

HELPING PEERS LOG

[HELPING] Active nodes: 0
[HELPING] Started playbacks: 0
[HELPING] Not started playbacks node-ids: []
[HELPING] Playbacks time-window: -9223372036854775807
[HELPING] Missing chunks distribution [missed-chunks/nodes]: {}
[HELPING] Rejected chunks for ttl expiration [chunk-id/nodes]: 0 {}
[HELPING] Rejected chunks for capacity limit [chunk-id/nodes]: 0 {}
[HELPING] bandwidthUtilUp: NaN
[HELPING] bandwidthUtilDown: NaN
[HELPING] Avg # of unsent chunk for max-retries: NaN
[HELPING] Min # of unsent chunk for max-retries: Infinity
[HELPING] Max # of unsent chunk for max-retries: -Infinity
[HELPING] Avg # of unsent chunk-reqs for max-retries: NaN
[HELPING] Min # of unsent chunk-reqs for max-retries: Infinity
[HELPING] Max # of unsent chunk-reqs for max-retries: -Infinity
[HELPING] Avg % of chunks received by Pastry: NaN
[HELPING] Min % of chunks received by Pastry: Infinity
[HELPING] Max % of chunks received by Pastry: -Infinity
[HELPING] StD of chunks received by Pastry: 0.0
[HELPING] Var of chunks received by Pastry: 0.0
[HELPING] Avg % of chunks received by StarStream: NaN
[HELPING] Min % of chunks received by StarStream: Infinity
[HELPING] Max % of chunks received by StarStream: -Infinity
[HELPING] StD of chunks received by StarStream: 0.0
[HELPING] Var of chunks received by StarStream: 0.0
[HELPING] Latency: NaN
[HELPING] Min of perceived avg chunk delivery-time: Infinity
[HELPING] Max of perceived avg chunk delivery-time: -Infinity
[HELPING] Variance of perceived avg chunk delivery-time: 0.0
[HELPING] StD of perceived avg chunk delivery-time: 0.0
[HELPING] Avg messages sent per node: NaN
[HELPING] Min messages sent per node: Infinity
[HELPING] Max messages sent per node: -Infinity
[HELPING] Variance of messages sent per node: 0.0
[HELPING] StD of messages sent per node: 0.0
[HELPING] Nodes with incomplete playbacks: 0
[HELPING] Packet Loss: NaN
[HELPING] Min % of not played chunks: Infinity
[HELPING] Max % of not played chunks: -Infinity
[HELPING] Not played chunks [chunk-id/nodes]: {}
[HELPING] Avg distance between not played chunks: NaN
[HELPING] Min distance between not played chunks: Infinity
[HELPING] Max distance between not played chunks: -Infinity

