Total chunks: 100
Nodes x chunk: 4
Total nodes: 28
Active nodes: 28
Started playbacks: 28
Not started playbacks node-ids: []
Playbacks time-window: 167
Missing chunks distribution [missed-chunks/nodes]: {0=24, 1=2, 3=2}
Rejected chunks for ttl expiration [chunk-id/nodes]: 3 {0=9, 1=4, 2=2}
Rejected chunks for capacity limit [chunk-id/nodes]: 0 {}
bandwidthUtilUp: 0.013106301196785448
bandwidthUtilDown: 0.007558162049023077
Avg # of unsent chunk for max-retries: 0.0
Min # of unsent chunk for max-retries: 0.0
Max # of unsent chunk for max-retries: 0.0
Avg # of unsent chunk-reqs for max-retries: 0.0
Min # of unsent chunk-reqs for max-retries: 0.0
Max # of unsent chunk-reqs for max-retries: 0.0
Avg % of chunks received by Pastry: 6.321428571428571
Min % of chunks received by Pastry: 0.0
Max % of chunks received by Pastry: 16.0
StD of chunks received by Pastry: 5.055642769176222
Var of chunks received by Pastry: 25.559523809523817
Avg % of chunks received by StarStream: 92.92857142857143
Min % of chunks received by StarStream: 83.0
Max % of chunks received by StarStream: 100.0
StD of chunks received by StarStream: 5.304984179322099
Var of chunks received by StarStream: 28.142857142857757
[NONMOJO] Startup Delay: 79.71428571428571
[MOJO] Startup Delay: 57.0
[MOJO] Latency: 7.4110484181176375
Min of perceived avg chunk delivery-time: 6.5
Max of perceived avg chunk delivery-time: 8.34
Variance of perceived avg chunk delivery-time: 0.2032720495673459
StD of perceived avg chunk delivery-time: 0.45085701676623147
Avg messages sent per node: 6374.464285714285
Min messages sent per node: 3357.0
Max messages sent per node: 8863.0
Variance of messages sent per node: 1868961.146825403
StD of messages sent per node: 1367.099538009359
Nodes with incomplete playbacks: 11
[MOJO] Continuity Index: 85.07142857142857
[MOJO] Packet Loss: 14.928571428571429
Min % of not played chunks: 0.0
Max % of not played chunks: 99.0
Not played chunks [chunk-id/nodes]: {1=7, 2=5, 3=4, 4=4, 5=4, 6=3, 7=4, 8=5, 9=5, 10=4, 11=4, 12=4, 13=4, 14=4, 15=3, 17=5, 16=5, 19=4, 18=4, 21=4, 20=4, 23=5, 22=5, 25=3, 24=3, 27=4, 26=4, 29=4, 28=4, 31=4, 30=4, 34=4, 35=3, 32=5, 33=5, 38=4, 39=5, 36=3, 37=4, 42=4, 43=4, 40=3, 41=5, 46=5, 47=4, 44=4, 45=5, 51=3, 50=4, 49=4, 48=5, 55=4, 54=5, 53=4, 52=5, 59=4, 58=4, 57=5, 56=4, 63=5, 62=4, 61=3, 60=4, 68=4, 69=4, 70=4, 71=3, 64=5, 65=6, 66=5, 67=4, 76=4, 77=5, 78=4, 79=4, 72=5, 73=5, 74=5, 75=4, 85=5, 84=4, 87=3, 86=3, 81=4, 80=4, 83=4, 82=3, 93=5, 92=4, 95=4, 94=3, 89=6, 88=6, 91=4, 90=4, 98=4, 99=4, 96=5, 97=4}
Avg distance between not played chunks: 3.3091504383637655
Min distance between not played chunks: 1.0
Max distance between not played chunks: 11.5

HELPING PEERS LOG

[HELPING] Active nodes: 0
[HELPING] Started playbacks: 0
[HELPING] Not started playbacks node-ids: []
[HELPING] Playbacks time-window: -9223372036854775807
[HELPING] Missing chunks distribution [missed-chunks/nodes]: {}
[HELPING] Rejected chunks for ttl expiration [chunk-id/nodes]: 0 {}
[HELPING] Rejected chunks for capacity limit [chunk-id/nodes]: 0 {}
[HELPING] bandwidthUtilUp: NaN
[HELPING] bandwidthUtilDown: NaN
[HELPING] Avg # of unsent chunk for max-retries: NaN
[HELPING] Min # of unsent chunk for max-retries: Infinity
[HELPING] Max # of unsent chunk for max-retries: -Infinity
[HELPING] Avg # of unsent chunk-reqs for max-retries: NaN
[HELPING] Min # of unsent chunk-reqs for max-retries: Infinity
[HELPING] Max # of unsent chunk-reqs for max-retries: -Infinity
[HELPING] Avg % of chunks received by Pastry: NaN
[HELPING] Min % of chunks received by Pastry: Infinity
[HELPING] Max % of chunks received by Pastry: -Infinity
[HELPING] StD of chunks received by Pastry: 0.0
[HELPING] Var of chunks received by Pastry: 0.0
[HELPING] Avg % of chunks received by StarStream: NaN
[HELPING] Min % of chunks received by StarStream: Infinity
[HELPING] Max % of chunks received by StarStream: -Infinity
[HELPING] StD of chunks received by StarStream: 0.0
[HELPING] Var of chunks received by StarStream: 0.0
[HELPING] Latency: NaN
[HELPING] Min of perceived avg chunk delivery-time: Infinity
[HELPING] Max of perceived avg chunk delivery-time: -Infinity
[HELPING] Variance of perceived avg chunk delivery-time: 0.0
[HELPING] StD of perceived avg chunk delivery-time: 0.0
[HELPING] Avg messages sent per node: NaN
[HELPING] Min messages sent per node: Infinity
[HELPING] Max messages sent per node: -Infinity
[HELPING] Variance of messages sent per node: 0.0
[HELPING] StD of messages sent per node: 0.0
[HELPING] Nodes with incomplete playbacks: 0
[HELPING] Packet Loss: NaN
[HELPING] Min % of not played chunks: Infinity
[HELPING] Max % of not played chunks: -Infinity
[HELPING] Not played chunks [chunk-id/nodes]: {}
[HELPING] Avg distance between not played chunks: NaN
[HELPING] Min distance between not played chunks: Infinity
[HELPING] Max distance between not played chunks: -Infinity

