Total chunks: 100
Nodes x chunk: 4
Total nodes: 56
Active nodes: 28
Started playbacks: 28
Not started playbacks node-ids: []
Playbacks time-window: 133
Missing chunks distribution [missed-chunks/nodes]: {0=27, 2=1}
Rejected chunks for ttl expiration [chunk-id/nodes]: 2 {0=1, 1=1}
Rejected chunks for capacity limit [chunk-id/nodes]: 0 {}
bandwidthUtilUp: 0.01412076894623213
bandwidthUtilDown: 0.008364945204365393
Avg # of unsent chunk for max-retries: 0.0
Min # of unsent chunk for max-retries: 0.0
Max # of unsent chunk for max-retries: 0.0
Avg # of unsent chunk-reqs for max-retries: 0.0
Min # of unsent chunk-reqs for max-retries: 0.0
Max # of unsent chunk-reqs for max-retries: 0.0
Avg % of chunks received by Pastry: 12.642857142857142
Min % of chunks received by Pastry: 1.0
Max % of chunks received by Pastry: 20.0
StD of chunks received by Pastry: 3.96479214077822
Var of chunks received by Pastry: 15.71957671957674
Avg % of chunks received by StarStream: 86.39285714285714
Min % of chunks received by StarStream: 80.0
Max % of chunks received by StarStream: 98.0
StD of chunks received by StarStream: 3.9000406998284225
Var of chunks received by StarStream: 15.210317460318171
[NONMOJO] Startup Delay: 98.46428571428571
[MOJO] Startup Delay: 78.3
[MOJO] Latency: 9.367602040816328
Min of perceived avg chunk delivery-time: 7.93
Max of perceived avg chunk delivery-time: 11.16
Variance of perceived avg chunk delivery-time: 0.4243313762012235
StD of perceived avg chunk delivery-time: 0.651407227624336
Avg messages sent per node: 6871.0
Min messages sent per node: 4110.0
Max messages sent per node: 9006.0
Variance of messages sent per node: 1918412.7407407407
StD of messages sent per node: 1385.0677747824259
Nodes with incomplete playbacks: 27
[MOJO] Continuity Index: 47.75
[MOJO] Packet Loss: 52.25
Min % of not played chunks: 0.0
Max % of not played chunks: 98.0
Not played chunks [chunk-id/nodes]: {1=15, 2=17, 3=14, 4=14, 5=12, 6=13, 7=13, 8=15, 9=15, 10=12, 11=16, 12=19, 13=16, 14=17, 15=17, 17=10, 16=19, 19=16, 18=17, 21=18, 20=15, 23=16, 22=10, 25=12, 24=18, 27=14, 26=16, 29=16, 28=14, 31=14, 30=9, 34=15, 35=18, 32=13, 33=13, 38=16, 39=17, 36=16, 37=10, 42=17, 43=17, 40=16, 41=12, 46=16, 47=12, 44=19, 45=14, 51=17, 50=19, 49=18, 48=16, 55=16, 54=13, 53=11, 52=16, 59=12, 58=20, 57=12, 56=18, 63=14, 62=16, 61=13, 60=15, 68=18, 69=13, 70=17, 71=13, 64=14, 65=15, 66=13, 67=14, 76=12, 77=15, 78=16, 79=13, 72=11, 73=13, 74=15, 75=17, 85=16, 84=14, 87=16, 86=13, 81=16, 80=15, 83=12, 82=19, 93=17, 92=15, 95=10, 94=12, 89=13, 88=18, 91=15, 90=10, 98=16, 99=15, 96=10, 97=16}
Avg distance between not played chunks: 2.5676749895443627
Min distance between not played chunks: 1.0103092783505154
Max distance between not played chunks: 10.0

HELPING PEERS LOG

[HELPING] Active nodes: 28
[HELPING] Started playbacks: 28
[HELPING] Not started playbacks node-ids: []
[HELPING] Playbacks time-window: 155
[HELPING] Missing chunks distribution [missed-chunks/nodes]: {0=25, 1=2, 2=1}
[HELPING] Rejected chunks for ttl expiration [chunk-id/nodes]: 2 {0=6, 1=2}
[HELPING] Rejected chunks for capacity limit [chunk-id/nodes]: 0 {}
[HELPING] bandwidthUtilUp: 0.013936283618773897
[HELPING] bandwidthUtilDown: 0.007561513434804243
[HELPING] Avg # of unsent chunk for max-retries: 0.0
[HELPING] Min # of unsent chunk for max-retries: 0.0
[HELPING] Max # of unsent chunk for max-retries: 0.0
[HELPING] Avg # of unsent chunk-reqs for max-retries: 0.0
[HELPING] Min # of unsent chunk-reqs for max-retries: 0.0
[HELPING] Max # of unsent chunk-reqs for max-retries: 0.0
[HELPING] Avg % of chunks received by Pastry: 9.607142857142858
[HELPING] Min % of chunks received by Pastry: 0.0
[HELPING] Max % of chunks received by Pastry: 21.0
[HELPING] StD of chunks received by Pastry: 6.51686862838102
[HELPING] Var of chunks received by Pastry: 42.469576719576715
[HELPING] Avg % of chunks received by StarStream: 89.5
[HELPING] Min % of chunks received by StarStream: 78.0
[HELPING] Max % of chunks received by StarStream: 100.0
[HELPING] StD of chunks received by StarStream: 6.680541118025547
[HELPING] Var of chunks received by StarStream: 44.62962962963003
[HELPING] Startup Delay: 120.75
[HELPING] Latency: 9.60100008834703
[HELPING] Min of perceived avg chunk delivery-time: 8.44
[HELPING] Max of perceived avg chunk delivery-time: 12.39795918367347
[HELPING] Variance of perceived avg chunk delivery-time: 0.7274737647836526
[HELPING] StD of perceived avg chunk delivery-time: 0.8529207259667527
[HELPING] Avg messages sent per node: 6154.035714285715
[HELPING] Min messages sent per node: 3931.0
[HELPING] Max messages sent per node: 8715.0
[HELPING] Variance of messages sent per node: 2193338.332010578
[HELPING] StD of messages sent per node: 1480.9923470465935
[HELPING] Nodes with incomplete playbacks: 21
[HELPING] Packet Loss: 39.07142857142857
[HELPING] Min % of not played chunks: 0.0
[HELPING] Max % of not played chunks: 99.0
[HELPING] Not played chunks [chunk-id/nodes]: {1=14, 2=16, 3=10, 4=11, 5=12, 6=9, 7=11, 8=10, 9=9, 10=10, 11=8, 12=10, 13=8, 14=9, 15=12, 17=6, 16=12, 19=12, 18=11, 21=13, 20=13, 23=11, 22=11, 25=13, 24=9, 27=6, 26=10, 29=11, 28=15, 31=9, 30=8, 34=11, 35=12, 32=10, 33=8, 38=13, 39=9, 36=10, 37=12, 42=11, 43=12, 40=13, 41=13, 46=12, 47=12, 44=12, 45=11, 51=12, 50=10, 49=14, 48=15, 55=14, 54=11, 53=8, 52=11, 59=12, 58=12, 57=13, 56=12, 63=11, 62=7, 61=10, 60=13, 68=11, 69=11, 70=8, 71=12, 64=12, 65=14, 66=9, 67=13, 76=9, 77=12, 78=9, 79=12, 72=11, 73=10, 74=13, 75=8, 85=11, 84=14, 87=7, 86=15, 81=10, 80=11, 83=11, 82=10, 93=10, 92=9, 95=10, 94=15, 89=12, 88=12, 91=13, 90=10, 98=11, 99=12, 96=10, 97=12}
[HELPING] Avg distance between not played chunks: 2.294485594987489
[HELPING] Min distance between not played chunks: 1.0
[HELPING] Max distance between not played chunks: 9.88888888888889

