Total chunks: 100
Nodes x chunk: 4
Total nodes: 36
Active nodes: 28
Started playbacks: 28
Not started playbacks node-ids: []
Playbacks time-window: 130
Missing chunks distribution [missed-chunks/nodes]: {0=23, 1=4, 2=1}
Rejected chunks for ttl expiration [chunk-id/nodes]: 1 {1=5}
Rejected chunks for capacity limit [chunk-id/nodes]: 0 {}
bandwidthUtilUp: 0.013810115331643733
bandwidthUtilDown: 0.008307599461254016
Avg # of unsent chunk for max-retries: 0.0
Min # of unsent chunk for max-retries: 0.0
Max # of unsent chunk for max-retries: 0.0
Avg # of unsent chunk-reqs for max-retries: 0.0
Min # of unsent chunk-reqs for max-retries: 0.0
Max # of unsent chunk-reqs for max-retries: 0.0
Avg % of chunks received by Pastry: 9.428571428571429
Min % of chunks received by Pastry: 1.0
Max % of chunks received by Pastry: 16.0
StD of chunks received by Pastry: 4.417377900205901
Var of chunks received by Pastry: 19.513227513227495
Avg % of chunks received by StarStream: 89.57142857142857
Min % of chunks received by StarStream: 83.0
Max % of chunks received by StarStream: 98.0
StD of chunks received by StarStream: 4.417377900205988
Var of chunks received by StarStream: 19.513227513228262
[NONMOJO] Startup Delay: 75.5
[MOJO] Startup Delay: 75.7
[MOJO] Latency: 7.924186691992816
Min of perceived avg chunk delivery-time: 6.6
Max of perceived avg chunk delivery-time: 9.377551020408163
Variance of perceived avg chunk delivery-time: 0.514228389473762
StD of perceived avg chunk delivery-time: 0.7170971966712476
Avg messages sent per node: 6765.785714285715
Min messages sent per node: 3965.0
Max messages sent per node: 9105.0
Variance of messages sent per node: 2062386.2486772393
StD of messages sent per node: 1436.1010579611866
Nodes with incomplete playbacks: 23
[MOJO] Continuity Index: 68.5
[MOJO] Packet Loss: 31.5
Min % of not played chunks: 0.0
Max % of not played chunks: 99.0
Not played chunks [chunk-id/nodes]: {1=12, 2=9, 3=9, 4=9, 5=8, 6=9, 7=8, 8=9, 9=10, 10=8, 11=9, 12=8, 13=6, 14=7, 15=8, 17=9, 16=8, 19=11, 18=8, 21=9, 20=8, 23=10, 22=8, 25=12, 24=9, 27=11, 26=9, 29=9, 28=8, 31=7, 30=8, 34=8, 35=7, 32=8, 33=7, 38=8, 39=8, 36=10, 37=8, 42=7, 43=9, 40=9, 41=8, 46=8, 47=9, 44=9, 45=10, 51=6, 50=11, 49=10, 48=7, 55=8, 54=9, 53=11, 52=9, 59=10, 58=8, 57=8, 56=10, 63=11, 62=11, 61=10, 60=7, 68=9, 69=10, 70=10, 71=9, 64=9, 65=9, 66=8, 67=6, 76=11, 77=7, 78=14, 79=9, 72=7, 73=10, 74=10, 75=12, 85=10, 84=13, 87=7, 86=8, 81=9, 80=10, 83=10, 82=8, 93=10, 92=9, 95=10, 94=12, 89=8, 88=8, 91=8, 90=9, 98=5, 99=6, 96=11, 97=9}
Avg distance between not played chunks: 4.308722676251142
Min distance between not played chunks: 1.0
Max distance between not played chunks: 21.0

HELPING PEERS LOG

[HELPING] Active nodes: 8
[HELPING] Started playbacks: 8
[HELPING] Not started playbacks node-ids: []
[HELPING] Playbacks time-window: 178
[HELPING] Missing chunks distribution [missed-chunks/nodes]: {0=6, 3=2}
[HELPING] Rejected chunks for ttl expiration [chunk-id/nodes]: 2 {1=2, 2=2}
[HELPING] Rejected chunks for capacity limit [chunk-id/nodes]: 0 {}
[HELPING] bandwidthUtilUp: 0.014020642780637041
[HELPING] bandwidthUtilDown: 0.007652137477090445
[HELPING] Avg # of unsent chunk for max-retries: 0.0
[HELPING] Min # of unsent chunk for max-retries: 0.0
[HELPING] Max # of unsent chunk for max-retries: 0.0
[HELPING] Avg # of unsent chunk-reqs for max-retries: 0.0
[HELPING] Min # of unsent chunk-reqs for max-retries: 0.0
[HELPING] Max # of unsent chunk-reqs for max-retries: 0.0
[HELPING] Avg % of chunks received by Pastry: 4.875
[HELPING] Min % of chunks received by Pastry: 1.0
[HELPING] Max % of chunks received by Pastry: 11.0
[HELPING] StD of chunks received by Pastry: 3.7961446607992015
[HELPING] Var of chunks received by Pastry: 14.410714285714285
[HELPING] Avg % of chunks received by StarStream: 94.125
[HELPING] Min % of chunks received by StarStream: 88.0
[HELPING] Max % of chunks received by StarStream: 98.0
[HELPING] StD of chunks received by StarStream: 3.7961446607992015
[HELPING] Var of chunks received by StarStream: 14.410714285714285
[HELPING] Startup Delay: 102.0
[HELPING] Latency: 8.48459309590753
[HELPING] Min of perceived avg chunk delivery-time: 7.42
[HELPING] Max of perceived avg chunk delivery-time: 9.618556701030927
[HELPING] Variance of perceived avg chunk delivery-time: 0.48745747031357817
[HELPING] StD of perceived avg chunk delivery-time: 0.6981815453831318
[HELPING] Avg messages sent per node: 6180.875
[HELPING] Min messages sent per node: 4138.0
[HELPING] Max messages sent per node: 9368.0
[HELPING] Variance of messages sent per node: 2442678.4107142854
[HELPING] StD of messages sent per node: 1562.9070384108857
[HELPING] Nodes with incomplete playbacks: 5
[HELPING] Packet Loss: 29.125
[HELPING] Min % of not played chunks: 0.0
[HELPING] Max % of not played chunks: 99.0
[HELPING] Not played chunks [chunk-id/nodes]: {1=3, 2=4, 3=3, 4=3, 5=3, 6=2, 7=2, 8=1, 9=2, 10=2, 11=2, 12=3, 13=3, 14=1, 15=2, 17=3, 16=2, 19=3, 18=2, 21=2, 20=2, 23=2, 22=1, 25=3, 24=3, 27=2, 26=2, 29=2, 28=3, 31=1, 30=3, 34=3, 35=1, 32=3, 33=2, 38=2, 39=2, 36=2, 37=2, 42=2, 43=3, 40=2, 41=3, 46=3, 47=2, 44=2, 45=2, 51=2, 50=3, 49=2, 48=2, 55=3, 54=3, 53=3, 52=3, 59=1, 58=1, 57=2, 56=2, 63=3, 62=3, 61=3, 60=2, 68=2, 69=2, 70=3, 71=3, 64=2, 65=1, 66=2, 67=2, 76=2, 77=3, 78=2, 79=3, 72=2, 73=3, 74=3, 75=1, 85=3, 84=2, 87=3, 86=3, 81=3, 80=2, 83=3, 82=2, 93=3, 92=3, 95=2, 94=2, 89=2, 88=3, 91=3, 90=3, 98=3, 99=2, 96=3, 97=1}
[HELPING] Avg distance between not played chunks: 1.2244970715558952
[HELPING] Min distance between not played chunks: 1.0
[HELPING] Max distance between not played chunks: 1.8627450980392157

