Total chunks: 100
Nodes x chunk: 4
Total nodes: 39
Active nodes: 28
Started playbacks: 28
Not started playbacks node-ids: []
Playbacks time-window: 217
Missing chunks distribution [missed-chunks/nodes]: {0=27, 4=1}
Rejected chunks for ttl expiration [chunk-id/nodes]: 4 {0=4, 1=1, 2=1, 3=1}
Rejected chunks for capacity limit [chunk-id/nodes]: 0 {}
bandwidthUtilUp: 0.013639562968942994
bandwidthUtilDown: 0.008175763396134319
Avg # of unsent chunk for max-retries: 0.0
Min # of unsent chunk for max-retries: 0.0
Max # of unsent chunk for max-retries: 0.0
Avg # of unsent chunk-reqs for max-retries: 0.0
Min # of unsent chunk-reqs for max-retries: 0.0
Max # of unsent chunk-reqs for max-retries: 0.0
Avg % of chunks received by Pastry: 9.107142857142858
Min % of chunks received by Pastry: 0.0
Max % of chunks received by Pastry: 20.0
StD of chunks received by Pastry: 5.756408896720538
Var of chunks received by Pastry: 33.136243386243365
Avg % of chunks received by StarStream: 90.03571428571429
Min % of chunks received by StarStream: 79.0
Max % of chunks received by StarStream: 100.0
StD of chunks received by StarStream: 5.99062318440788
Var of chunks received by StarStream: 35.88756613756521
[NONMOJO] Startup Delay: 75.14285714285714
[MOJO] Startup Delay: 55.4
[MOJO] Latency: 8.226155303030302
Min of perceived avg chunk delivery-time: 6.92
Max of perceived avg chunk delivery-time: 10.090909090909092
Variance of perceived avg chunk delivery-time: 0.4795760749860004
StD of perceived avg chunk delivery-time: 0.6925143139213805
Avg messages sent per node: 6715.107142857143
Min messages sent per node: 3878.0
Max messages sent per node: 8888.0
Variance of messages sent per node: 1758712.025132272
StD of messages sent per node: 1326.1644035082045
Nodes with incomplete playbacks: 20
[MOJO] Continuity Index: 60.57142857142857
[MOJO] Packet Loss: 39.42857142857143
Min % of not played chunks: 0.0
Max % of not played chunks: 99.0
Not played chunks [chunk-id/nodes]: {1=11, 2=11, 3=10, 4=13, 5=12, 6=11, 7=12, 8=11, 9=10, 10=9, 11=9, 12=13, 13=8, 14=12, 15=10, 17=12, 16=13, 19=9, 18=10, 21=12, 20=8, 23=9, 22=10, 25=7, 24=10, 27=10, 26=11, 29=11, 28=16, 31=11, 30=12, 34=8, 35=6, 32=10, 33=11, 38=12, 39=9, 36=9, 37=11, 42=12, 43=9, 40=12, 41=13, 46=9, 47=11, 44=10, 45=11, 51=12, 50=12, 49=12, 48=13, 55=8, 54=10, 53=13, 52=13, 59=14, 58=8, 57=12, 56=11, 63=10, 62=14, 61=11, 60=10, 68=13, 69=13, 70=14, 71=10, 64=12, 65=13, 66=10, 67=11, 76=11, 77=12, 78=10, 79=12, 72=12, 73=10, 74=10, 75=12, 85=12, 84=12, 87=11, 86=15, 81=12, 80=11, 83=11, 82=16, 93=12, 92=10, 95=11, 94=11, 89=12, 88=11, 91=9, 90=13, 98=13, 99=15, 96=14, 97=9}
Avg distance between not played chunks: 2.838415716682858
Min distance between not played chunks: 1.0
Max distance between not played chunks: 17.75

HELPING PEERS LOG

[HELPING] Active nodes: 11
[HELPING] Started playbacks: 11
[HELPING] Not started playbacks node-ids: []
[HELPING] Playbacks time-window: 100
[HELPING] Missing chunks distribution [missed-chunks/nodes]: {0=10, 1=1}
[HELPING] Rejected chunks for ttl expiration [chunk-id/nodes]: 1 {1=1}
[HELPING] Rejected chunks for capacity limit [chunk-id/nodes]: 0 {}
[HELPING] bandwidthUtilUp: 0.01379157296419059
[HELPING] bandwidthUtilDown: 0.007505871056846674
[HELPING] Avg # of unsent chunk for max-retries: 0.0
[HELPING] Min # of unsent chunk for max-retries: 0.0
[HELPING] Max # of unsent chunk for max-retries: 0.0
[HELPING] Avg # of unsent chunk-reqs for max-retries: 0.0
[HELPING] Min # of unsent chunk-reqs for max-retries: 0.0
[HELPING] Max # of unsent chunk-reqs for max-retries: 0.0
[HELPING] Avg % of chunks received by Pastry: 9.636363636363637
[HELPING] Min % of chunks received by Pastry: 1.0
[HELPING] Max % of chunks received by Pastry: 16.0
[HELPING] StD of chunks received by Pastry: 4.945153734166963
[HELPING] Var of chunks received by Pastry: 24.454545454545457
[HELPING] Avg % of chunks received by StarStream: 89.36363636363636
[HELPING] Min % of chunks received by StarStream: 83.0
[HELPING] Max % of chunks received by StarStream: 98.0
[HELPING] StD of chunks received by StarStream: 4.94515373416705
[HELPING] Var of chunks received by StarStream: 24.454545454546317
[HELPING] Startup Delay: 74.27272727272727
[HELPING] Latency: 8.626041678379343
[HELPING] Min of perceived avg chunk delivery-time: 7.969387755102041
[HELPING] Max of perceived avg chunk delivery-time: 9.76
[HELPING] Variance of perceived avg chunk delivery-time: 0.24867760805865802
[HELPING] StD of perceived avg chunk delivery-time: 0.4986758546978769
[HELPING] Avg messages sent per node: 6353.181818181818
[HELPING] Min messages sent per node: 4592.0
[HELPING] Max messages sent per node: 8665.0
[HELPING] Variance of messages sent per node: 1736121.7636363627
[HELPING] StD of messages sent per node: 1317.6197340797391
[HELPING] Nodes with incomplete playbacks: 9
[HELPING] Packet Loss: 35.72727272727273
[HELPING] Min % of not played chunks: 0.0
[HELPING] Max % of not played chunks: 99.0
[HELPING] Not played chunks [chunk-id/nodes]: {1=3, 2=4, 3=4, 4=2, 5=3, 6=2, 7=4, 8=3, 9=3, 10=2, 11=3, 12=4, 13=3, 14=2, 15=2, 17=4, 16=4, 19=5, 18=4, 21=4, 20=4, 23=4, 22=3, 25=2, 24=4, 27=3, 26=5, 29=5, 28=5, 31=2, 30=2, 34=2, 35=4, 32=3, 33=2, 38=6, 39=4, 36=5, 37=3, 42=5, 43=5, 40=5, 41=4, 46=5, 47=4, 44=2, 45=5, 51=5, 50=7, 49=3, 48=5, 55=6, 54=3, 53=3, 52=5, 59=5, 58=4, 57=3, 56=5, 63=5, 62=4, 61=4, 60=5, 68=4, 69=4, 70=4, 71=6, 64=4, 65=3, 66=3, 67=4, 76=7, 77=4, 78=3, 79=3, 72=6, 73=6, 74=3, 75=5, 85=3, 84=5, 87=3, 86=4, 81=5, 80=5, 83=3, 82=7, 93=5, 92=5, 95=4, 94=4, 89=3, 88=2, 91=4, 90=4, 98=4, 99=4, 96=5, 97=5}
[HELPING] Avg distance between not played chunks: 4.650247898776856
[HELPING] Min distance between not played chunks: 1.0
[HELPING] Max distance between not played chunks: 20.666666666666668

