Total chunks: 100
Nodes x chunk: 4
Total nodes: 42
Active nodes: 28
Started playbacks: 28
Not started playbacks node-ids: []
Playbacks time-window: 92
Missing chunks distribution [missed-chunks/nodes]: {0=28}
Rejected chunks for ttl expiration [chunk-id/nodes]: 0 {}
Rejected chunks for capacity limit [chunk-id/nodes]: 0 {}
bandwidthUtilUp: 0.01412789466261451
bandwidthUtilDown: 0.008707093178317705
Avg # of unsent chunk for max-retries: 0.0
Min # of unsent chunk for max-retries: 0.0
Max # of unsent chunk for max-retries: 0.0
Avg # of unsent chunk-reqs for max-retries: 0.0
Min # of unsent chunk-reqs for max-retries: 0.0
Max # of unsent chunk-reqs for max-retries: 0.0
Avg % of chunks received by Pastry: 9.285714285714286
Min % of chunks received by Pastry: 4.0
Max % of chunks received by Pastry: 16.0
StD of chunks received by Pastry: 3.3759184523363963
Var of chunks received by Pastry: 11.396825396825369
Avg % of chunks received by StarStream: 89.71428571428571
Min % of chunks received by StarStream: 83.0
Max % of chunks received by StarStream: 95.0
StD of chunks received by StarStream: 3.375918452336523
Var of chunks received by StarStream: 11.396825396826223
[NONMOJO] Startup Delay: 69.57142857142857
[MOJO] Startup Delay: 39.7
[MOJO] Latency: 8.263358585858585
Min of perceived avg chunk delivery-time: 7.15
Max of perceived avg chunk delivery-time: 10.2
Variance of perceived avg chunk delivery-time: 0.36040488130463977
StD of perceived avg chunk delivery-time: 0.6003373062742643
Avg messages sent per node: 6987.607142857143
Min messages sent per node: 3920.0
Max messages sent per node: 9157.0
Variance of messages sent per node: 2049424.1732804156
StD of messages sent per node: 1431.5810047917007
Nodes with incomplete playbacks: 23
[MOJO] Continuity Index: 49.5
[MOJO] Packet Loss: 50.5
Min % of not played chunks: 0.0
Max % of not played chunks: 99.0
Not played chunks [chunk-id/nodes]: {1=14, 2=12, 3=16, 4=14, 5=14, 6=15, 7=12, 8=14, 9=11, 10=19, 11=13, 12=11, 13=12, 14=12, 15=12, 17=10, 16=18, 19=14, 18=13, 21=13, 20=12, 23=13, 22=16, 25=13, 24=13, 27=14, 26=14, 29=14, 28=17, 31=10, 30=18, 34=15, 35=12, 32=12, 33=14, 38=14, 39=14, 36=15, 37=13, 42=13, 43=11, 40=15, 41=15, 46=17, 47=13, 44=16, 45=14, 51=17, 50=12, 49=17, 48=11, 55=14, 54=14, 53=10, 52=13, 59=15, 58=15, 57=15, 56=18, 63=15, 62=17, 61=13, 60=13, 68=16, 69=15, 70=12, 71=18, 64=15, 65=15, 66=16, 67=13, 76=15, 77=14, 78=12, 79=14, 72=15, 73=15, 74=15, 75=14, 85=18, 84=14, 87=16, 86=14, 81=16, 80=12, 83=15, 82=17, 93=15, 92=14, 95=16, 94=14, 89=16, 88=19, 91=16, 90=18, 98=12, 99=17, 96=13, 97=13}
Avg distance between not played chunks: 2.3495426901389775
Min distance between not played chunks: 1.0
Max distance between not played chunks: 13.8

HELPING PEERS LOG

[HELPING] Active nodes: 14
[HELPING] Started playbacks: 14
[HELPING] Not started playbacks node-ids: []
[HELPING] Playbacks time-window: 144
[HELPING] Missing chunks distribution [missed-chunks/nodes]: {0=12, 2=2}
[HELPING] Rejected chunks for ttl expiration [chunk-id/nodes]: 2 {0=5, 1=1}
[HELPING] Rejected chunks for capacity limit [chunk-id/nodes]: 0 {}
[HELPING] bandwidthUtilUp: 0.01419750208840013
[HELPING] bandwidthUtilDown: 0.007522819308259302
[HELPING] Avg # of unsent chunk for max-retries: 0.0
[HELPING] Min # of unsent chunk for max-retries: 0.0
[HELPING] Max # of unsent chunk for max-retries: 0.0
[HELPING] Avg # of unsent chunk-reqs for max-retries: 0.0
[HELPING] Min # of unsent chunk-reqs for max-retries: 0.0
[HELPING] Max # of unsent chunk-reqs for max-retries: 0.0
[HELPING] Avg % of chunks received by Pastry: 5.928571428571429
[HELPING] Min % of chunks received by Pastry: 0.0
[HELPING] Max % of chunks received by Pastry: 14.0
[HELPING] StD of chunks received by Pastry: 4.763067623581801
[HELPING] Var of chunks received by Pastry: 22.686813186813186
[HELPING] Avg % of chunks received by StarStream: 93.28571428571429
[HELPING] Min % of chunks received by StarStream: 85.0
[HELPING] Max % of chunks received by StarStream: 100.0
[HELPING] StD of chunks received by StarStream: 5.044853759084504
[HELPING] Var of chunks received by StarStream: 25.45054945054905
[HELPING] Startup Delay: 107.21428571428571
[HELPING] Latency: 8.657081308713963
[HELPING] Min of perceived avg chunk delivery-time: 6.67
[HELPING] Max of perceived avg chunk delivery-time: 11.122448979591837
[HELPING] Variance of perceived avg chunk delivery-time: 1.2136218157159466
[HELPING] StD of perceived avg chunk delivery-time: 1.1016450497850687
[HELPING] Avg messages sent per node: 6393.428571428572
[HELPING] Min messages sent per node: 4552.0
[HELPING] Max messages sent per node: 8624.0
[HELPING] Variance of messages sent per node: 2083716.1098901043
[HELPING] StD of messages sent per node: 1443.5082645728442
[HELPING] Nodes with incomplete playbacks: 6
[HELPING] Packet Loss: 9.928571428571429
[HELPING] Min % of not played chunks: 0.0
[HELPING] Max % of not played chunks: 98.0
[HELPING] Not played chunks [chunk-id/nodes]: {1=3, 2=3, 3=1, 4=2, 5=2, 6=1, 7=1, 8=1, 9=1, 10=2, 11=1, 12=1, 13=2, 14=1, 15=1, 17=1, 16=1, 19=1, 18=1, 21=1, 20=2, 23=1, 22=1, 25=1, 24=1, 27=1, 26=1, 29=2, 28=2, 31=1, 30=2, 34=1, 35=1, 32=1, 33=2, 38=1, 39=1, 36=2, 37=1, 42=2, 43=2, 40=1, 41=1, 46=1, 47=1, 44=2, 45=1, 51=1, 50=1, 49=2, 48=2, 55=1, 54=1, 53=2, 52=1, 59=1, 58=1, 57=2, 56=1, 63=1, 62=1, 61=1, 60=1, 68=1, 69=2, 70=2, 71=1, 64=3, 65=2, 66=1, 67=1, 76=2, 77=2, 78=1, 79=1, 72=1, 73=2, 74=2, 75=1, 85=1, 84=2, 87=1, 86=2, 81=1, 80=1, 83=2, 82=1, 93=1, 92=1, 95=2, 94=2, 89=1, 88=2, 91=2, 90=1, 98=1, 99=1, 96=2, 97=3}
[HELPING] Avg distance between not played chunks: 7.3634411660149315
[HELPING] Min distance between not played chunks: 1.0
[HELPING] Max distance between not played chunks: 18.6

