Total chunks: 100
Nodes x chunk: 4
Total nodes: 44
Active nodes: 28
Started playbacks: 28
Not started playbacks node-ids: []
Playbacks time-window: 117
Missing chunks distribution [missed-chunks/nodes]: {0=25, 1=3}
Rejected chunks for ttl expiration [chunk-id/nodes]: 2 {0=5, 1=3}
Rejected chunks for capacity limit [chunk-id/nodes]: 0 {}
bandwidthUtilUp: 0.014641344321662175
bandwidthUtilDown: 0.009051149817862482
Avg # of unsent chunk for max-retries: 0.0
Min # of unsent chunk for max-retries: 0.0
Max # of unsent chunk for max-retries: 0.0
Avg # of unsent chunk-reqs for max-retries: 0.0
Min # of unsent chunk-reqs for max-retries: 0.0
Max # of unsent chunk-reqs for max-retries: 0.0
Avg % of chunks received by Pastry: 9.0
Min % of chunks received by Pastry: 0.0
Max % of chunks received by Pastry: 18.0
StD of chunks received by Pastry: 5.277485372016852
Var of chunks received by Pastry: 27.851851851851855
Avg % of chunks received by StarStream: 90.10714285714286
Min % of chunks received by StarStream: 81.0
Max % of chunks received by StarStream: 100.0
StD of chunks received by StarStream: 5.472755996849993
Var of chunks received by StarStream: 29.951058201057563
[NONMOJO] Startup Delay: 84.75
[MOJO] Startup Delay: 76.2
[MOJO] Latency: 8.513290705892747
Min of perceived avg chunk delivery-time: 6.47
Max of perceived avg chunk delivery-time: 9.877551020408163
Variance of perceived avg chunk delivery-time: 0.5734461536211357
StD of perceived avg chunk delivery-time: 0.7572622753188856
Avg messages sent per node: 7284.285714285715
Min messages sent per node: 4637.0
Max messages sent per node: 10381.0
Variance of messages sent per node: 2349315.1005290975
StD of messages sent per node: 1532.7475658206401
Nodes with incomplete playbacks: 24
[MOJO] Continuity Index: 50.964285714285715
[MOJO] Packet Loss: 49.035714285714285
Min % of not played chunks: 0.0
Max % of not played chunks: 99.0
Not played chunks [chunk-id/nodes]: {1=14, 2=16, 3=15, 4=12, 5=12, 6=13, 7=15, 8=13, 9=7, 10=13, 11=10, 12=11, 13=13, 14=13, 15=13, 17=12, 16=10, 19=16, 18=10, 21=11, 20=15, 23=16, 22=10, 25=11, 24=17, 27=10, 26=14, 29=16, 28=13, 31=16, 30=12, 34=16, 35=13, 32=13, 33=16, 38=13, 39=10, 36=13, 37=14, 42=16, 43=14, 40=17, 41=13, 46=16, 47=17, 44=13, 45=15, 51=14, 50=11, 49=13, 48=16, 55=16, 54=14, 53=18, 52=13, 59=15, 58=14, 57=16, 56=13, 63=17, 62=18, 61=14, 60=12, 68=19, 69=14, 70=16, 71=13, 64=12, 65=13, 66=16, 67=20, 76=15, 77=9, 78=14, 79=12, 72=13, 73=13, 74=15, 75=16, 85=13, 84=16, 87=17, 86=14, 81=19, 80=16, 83=12, 82=13, 93=15, 92=14, 95=13, 94=13, 89=14, 88=13, 91=15, 90=14, 98=11, 99=12, 96=10, 97=17}
Avg distance between not played chunks: 1.7613188191561708
Min distance between not played chunks: 1.0
Max distance between not played chunks: 4.0

HELPING PEERS LOG

[HELPING] Active nodes: 16
[HELPING] Started playbacks: 16
[HELPING] Not started playbacks node-ids: []
[HELPING] Playbacks time-window: 109
[HELPING] Missing chunks distribution [missed-chunks/nodes]: {0=15, 1=1}
[HELPING] Rejected chunks for ttl expiration [chunk-id/nodes]: 2 {0=3, 1=1}
[HELPING] Rejected chunks for capacity limit [chunk-id/nodes]: 0 {}
[HELPING] bandwidthUtilUp: 0.013957774299289393
[HELPING] bandwidthUtilDown: 0.007321069228094193
[HELPING] Avg # of unsent chunk for max-retries: 0.0
[HELPING] Min # of unsent chunk for max-retries: 0.0
[HELPING] Max # of unsent chunk for max-retries: 0.0
[HELPING] Avg # of unsent chunk-reqs for max-retries: 0.0
[HELPING] Min # of unsent chunk-reqs for max-retries: 0.0
[HELPING] Max # of unsent chunk-reqs for max-retries: 0.0
[HELPING] Avg % of chunks received by Pastry: 7.625
[HELPING] Min % of chunks received by Pastry: 1.0
[HELPING] Max % of chunks received by Pastry: 15.0
[HELPING] StD of chunks received by Pastry: 5.213763835592607
[HELPING] Var of chunks received by Pastry: 27.183333333333334
[HELPING] Avg % of chunks received by StarStream: 91.5625
[HELPING] Min % of chunks received by StarStream: 84.0
[HELPING] Max % of chunks received by StarStream: 99.0
[HELPING] StD of chunks received by StarStream: 5.464659184249279
[HELPING] Var of chunks received by StarStream: 29.8625
[HELPING] Startup Delay: 94.4375
[HELPING] Latency: 8.920407390228819
[HELPING] Min of perceived avg chunk delivery-time: 7.43
[HELPING] Max of perceived avg chunk delivery-time: 10.69
[HELPING] Variance of perceived avg chunk delivery-time: 0.8316564100835725
[HELPING] StD of perceived avg chunk delivery-time: 0.9119519779481662
[HELPING] Avg messages sent per node: 6380.6875
[HELPING] Min messages sent per node: 4458.0
[HELPING] Max messages sent per node: 10050.0
[HELPING] Variance of messages sent per node: 2200052.8958333335
[HELPING] StD of messages sent per node: 1483.2575284937318
[HELPING] Nodes with incomplete playbacks: 8
[HELPING] Packet Loss: 28.25
[HELPING] Min % of not played chunks: 0.0
[HELPING] Max % of not played chunks: 99.0
[HELPING] Not played chunks [chunk-id/nodes]: {1=4, 2=6, 3=4, 4=3, 5=3, 6=3, 7=5, 8=4, 9=4, 10=4, 11=4, 12=3, 13=5, 14=4, 15=4, 17=5, 16=4, 19=6, 18=4, 21=5, 20=6, 23=4, 22=6, 25=4, 24=4, 27=5, 26=4, 29=5, 28=4, 31=1, 30=4, 34=4, 35=4, 32=6, 33=4, 38=6, 39=6, 36=6, 37=5, 42=4, 43=4, 40=4, 41=3, 46=5, 47=4, 44=4, 45=4, 51=4, 50=5, 49=5, 48=5, 55=4, 54=5, 53=4, 52=4, 59=5, 58=5, 57=6, 56=4, 63=4, 62=3, 61=3, 60=6, 68=6, 69=4, 70=5, 71=6, 64=6, 65=4, 66=6, 67=5, 76=6, 77=4, 78=6, 79=6, 72=5, 73=4, 74=5, 75=5, 85=4, 84=5, 87=4, 86=5, 81=4, 80=4, 83=5, 82=5, 93=4, 92=4, 95=5, 94=5, 89=3, 88=5, 91=5, 90=4, 98=7, 99=5, 96=5, 97=5}
[HELPING] Avg distance between not played chunks: 2.382013387831029
[HELPING] Min distance between not played chunks: 1.0
[HELPING] Max distance between not played chunks: 7.090909090909091

