Total chunks: 100
Nodes x chunk: 4
Total nodes: 47
Active nodes: 28
Started playbacks: 28
Not started playbacks node-ids: []
Playbacks time-window: 85
Missing chunks distribution [missed-chunks/nodes]: {0=28}
Rejected chunks for ttl expiration [chunk-id/nodes]: 1 {0=2}
Rejected chunks for capacity limit [chunk-id/nodes]: 0 {}
bandwidthUtilUp: 0.014231154282094982
bandwidthUtilDown: 0.008772357013469713
Avg # of unsent chunk for max-retries: 0.0
Min # of unsent chunk for max-retries: 0.0
Max # of unsent chunk for max-retries: 0.0
Avg # of unsent chunk-reqs for max-retries: 0.0
Min # of unsent chunk-reqs for max-retries: 0.0
Max # of unsent chunk-reqs for max-retries: 0.0
Avg % of chunks received by Pastry: 9.928571428571429
Min % of chunks received by Pastry: 0.0
Max % of chunks received by Pastry: 22.0
StD of chunks received by Pastry: 5.213434010313565
Var of chunks received by Pastry: 27.179894179894173
Avg % of chunks received by StarStream: 89.10714285714286
Min % of chunks received by StarStream: 77.0
Max % of chunks received by StarStream: 100.0
StD of chunks received by StarStream: 5.28687603420559
Var of chunks received by StarStream: 27.951058201057428
[NONMOJO] Startup Delay: 80.85714285714286
[MOJO] Startup Delay: 49.7
[MOJO] Latency: 8.521255411255412
Min of perceived avg chunk delivery-time: 7.71
Max of perceived avg chunk delivery-time: 9.83838383838384
Variance of perceived avg chunk delivery-time: 0.32479879183043286
StD of perceived avg chunk delivery-time: 0.569911213989015
Avg messages sent per node: 7052.214285714285
Min messages sent per node: 4558.0
Max messages sent per node: 9095.0
Variance of messages sent per node: 1561362.693121706
StD of messages sent per node: 1249.5449944366574
Nodes with incomplete playbacks: 24
[MOJO] Continuity Index: 42.92857142857143
[MOJO] Packet Loss: 57.07142857142857
Min % of not played chunks: 0.0
Max % of not played chunks: 99.0
Not played chunks [chunk-id/nodes]: {1=14, 2=15, 3=15, 4=16, 5=16, 6=17, 7=18, 8=17, 9=17, 10=15, 11=17, 12=17, 13=15, 14=13, 15=19, 17=17, 16=14, 19=19, 18=16, 21=13, 20=14, 23=17, 22=16, 25=16, 24=15, 27=17, 26=18, 29=18, 28=14, 31=17, 30=12, 34=15, 35=19, 32=12, 33=18, 38=20, 39=17, 36=16, 37=15, 42=15, 43=18, 40=17, 41=13, 46=19, 47=15, 44=14, 45=15, 51=19, 50=15, 49=14, 48=15, 55=16, 54=17, 53=16, 52=16, 59=18, 58=14, 57=19, 56=19, 63=14, 62=16, 61=14, 60=16, 68=17, 69=16, 70=17, 71=16, 64=14, 65=13, 66=22, 67=18, 76=18, 77=18, 78=16, 79=16, 72=15, 73=12, 74=17, 75=17, 85=18, 84=15, 87=16, 86=17, 81=15, 80=12, 83=17, 82=21, 93=18, 92=14, 95=16, 94=14, 89=18, 88=17, 91=16, 90=15, 98=18, 99=17, 96=17, 97=15}
Avg distance between not played chunks: 2.3736959989372255
Min distance between not played chunks: 1.0
Max distance between not played chunks: 11.571428571428571

HELPING PEERS LOG

[HELPING] Active nodes: 19
[HELPING] Started playbacks: 19
[HELPING] Not started playbacks node-ids: []
[HELPING] Playbacks time-window: 244
[HELPING] Missing chunks distribution [missed-chunks/nodes]: {0=18, 4=1}
[HELPING] Rejected chunks for ttl expiration [chunk-id/nodes]: 4 {0=2, 1=1, 2=1, 3=1}
[HELPING] Rejected chunks for capacity limit [chunk-id/nodes]: 0 {}
[HELPING] bandwidthUtilUp: 0.014684430098486934
[HELPING] bandwidthUtilDown: 0.007620319986231002
[HELPING] Avg # of unsent chunk for max-retries: 0.0
[HELPING] Min # of unsent chunk for max-retries: 0.0
[HELPING] Max # of unsent chunk for max-retries: 0.0
[HELPING] Avg # of unsent chunk-reqs for max-retries: 0.0
[HELPING] Min # of unsent chunk-reqs for max-retries: 0.0
[HELPING] Max # of unsent chunk-reqs for max-retries: 0.0
[HELPING] Avg % of chunks received by Pastry: 8.631578947368421
[HELPING] Min % of chunks received by Pastry: 0.0
[HELPING] Max % of chunks received by Pastry: 20.0
[HELPING] StD of chunks received by Pastry: 5.785139259975506
[HELPING] Var of chunks received by Pastry: 33.46783625730994
[HELPING] Avg % of chunks received by StarStream: 90.42105263157895
[HELPING] Min % of chunks received by StarStream: 79.0
[HELPING] Max % of chunks received by StarStream: 100.0
[HELPING] StD of chunks received by StarStream: 5.8719274658108125
[HELPING] Var of chunks received by StarStream: 34.47953216374339
[HELPING] Startup Delay: 102.26315789473684
[HELPING] Latency: 8.972950558213718
[HELPING] Min of perceived avg chunk delivery-time: 7.84
[HELPING] Max of perceived avg chunk delivery-time: 11.313131313131313
[HELPING] Variance of perceived avg chunk delivery-time: 0.687959316599133
[HELPING] StD of perceived avg chunk delivery-time: 0.8294331296729912
[HELPING] Avg messages sent per node: 6639.894736842105
[HELPING] Min messages sent per node: 4430.0
[HELPING] Max messages sent per node: 9175.0
[HELPING] Variance of messages sent per node: 2768732.4327485436
[HELPING] StD of messages sent per node: 1663.950850460597
[HELPING] Nodes with incomplete playbacks: 10
[HELPING] Packet Loss: 22.0
[HELPING] Min % of not played chunks: 0.0
[HELPING] Max % of not played chunks: 95.0
[HELPING] Not played chunks [chunk-id/nodes]: {1=3, 2=5, 3=3, 4=7, 5=4, 6=4, 7=6, 8=5, 9=3, 10=6, 11=2, 12=3, 13=4, 14=4, 15=1, 17=3, 16=3, 19=6, 18=2, 21=3, 20=3, 23=3, 22=2, 25=3, 24=4, 27=5, 26=5, 29=1, 28=2, 31=2, 30=2, 34=5, 35=7, 32=5, 33=4, 38=2, 39=3, 36=4, 37=2, 42=4, 43=3, 40=7, 41=5, 46=5, 47=3, 44=4, 45=5, 51=3, 50=4, 49=5, 48=1, 55=6, 54=5, 53=4, 52=5, 59=4, 58=5, 57=4, 56=5, 63=5, 62=4, 61=5, 60=4, 68=5, 69=5, 70=4, 71=4, 64=5, 65=6, 66=5, 67=6, 76=3, 77=6, 78=5, 79=5, 72=4, 73=8, 74=5, 75=4, 85=4, 84=2, 87=5, 86=7, 81=5, 80=3, 83=6, 82=5, 93=5, 92=4, 95=4, 94=6, 89=5, 88=6, 91=4, 90=4, 98=4, 99=2, 96=6, 97=5}
[HELPING] Avg distance between not played chunks: 2.251412771076703
[HELPING] Min distance between not played chunks: 1.0
[HELPING] Max distance between not played chunks: 5.294117647058823

