Total chunks: 100
Nodes x chunk: 4
Total nodes: 50
Active nodes: 28
Started playbacks: 28
Not started playbacks node-ids: []
Playbacks time-window: 45
Missing chunks distribution [missed-chunks/nodes]: {0=28}
Rejected chunks for ttl expiration [chunk-id/nodes]: 0 {}
Rejected chunks for capacity limit [chunk-id/nodes]: 0 {}
bandwidthUtilUp: 0.01428269367162589
bandwidthUtilDown: 0.008580193714967155
Avg # of unsent chunk for max-retries: 0.0
Min # of unsent chunk for max-retries: 0.0
Max # of unsent chunk for max-retries: 0.0
Avg # of unsent chunk-reqs for max-retries: 0.0
Min # of unsent chunk-reqs for max-retries: 0.0
Max # of unsent chunk-reqs for max-retries: 0.0
Avg % of chunks received by Pastry: 9.892857142857142
Min % of chunks received by Pastry: 0.0
Max % of chunks received by Pastry: 17.0
StD of chunks received by Pastry: 3.8329882522385796
Var of chunks received by Pastry: 14.691798941798961
Avg % of chunks received by StarStream: 89.10714285714286
Min % of chunks received by StarStream: 82.0
Max % of chunks received by StarStream: 99.0
StD of chunks received by StarStream: 3.8329882522384238
Var of chunks received by StarStream: 14.691798941797767
[NONMOJO] Startup Delay: 82.53571428571429
[MOJO] Startup Delay: 98.5
[MOJO] Latency: 8.843214285714286
Min of perceived avg chunk delivery-time: 7.77
Max of perceived avg chunk delivery-time: 10.65
Variance of perceived avg chunk delivery-time: 0.3968522486772717
StD of perceived avg chunk delivery-time: 0.6299621009848702
Avg messages sent per node: 7014.0
Min messages sent per node: 4375.0
Max messages sent per node: 9464.0
Variance of messages sent per node: 1653314.22222222
StD of messages sent per node: 1285.8126699571053
Nodes with incomplete playbacks: 25
[MOJO] Continuity Index: 49.535714285714285
[MOJO] Packet Loss: 50.464285714285715
Min % of not played chunks: 0.0
Max % of not played chunks: 99.0
Not played chunks [chunk-id/nodes]: {1=12, 2=11, 3=16, 4=14, 5=14, 6=15, 7=12, 8=11, 9=14, 10=17, 11=15, 12=15, 13=12, 14=15, 15=13, 17=15, 16=13, 19=15, 18=12, 21=14, 20=11, 23=11, 22=16, 25=16, 24=10, 27=16, 26=12, 29=11, 28=13, 31=13, 30=12, 34=13, 35=14, 32=11, 33=11, 38=13, 39=16, 36=15, 37=13, 42=14, 43=11, 40=16, 41=15, 46=15, 47=15, 44=16, 45=16, 51=17, 50=15, 49=16, 48=19, 55=17, 54=13, 53=10, 52=18, 59=17, 58=13, 57=15, 56=18, 63=14, 62=15, 61=14, 60=12, 68=17, 69=13, 70=16, 71=9, 64=17, 65=14, 66=18, 67=13, 76=16, 77=14, 78=16, 79=13, 72=17, 73=13, 74=15, 75=15, 85=14, 84=15, 87=14, 86=15, 81=16, 80=16, 83=17, 82=13, 93=15, 92=15, 95=11, 94=17, 89=13, 88=14, 91=17, 90=17, 98=15, 99=13, 96=13, 97=14}
Avg distance between not played chunks: 3.180001139315993
Min distance between not played chunks: 1.0
Max distance between not played chunks: 21.0

HELPING PEERS LOG

[HELPING] Active nodes: 22
[HELPING] Started playbacks: 22
[HELPING] Not started playbacks node-ids: []
[HELPING] Playbacks time-window: 160
[HELPING] Missing chunks distribution [missed-chunks/nodes]: {0=20, 2=1, 3=1}
[HELPING] Rejected chunks for ttl expiration [chunk-id/nodes]: 2 {1=2, 2=1}
[HELPING] Rejected chunks for capacity limit [chunk-id/nodes]: 0 {}
[HELPING] bandwidthUtilUp: 0.014481668844641521
[HELPING] bandwidthUtilDown: 0.007653457179826324
[HELPING] Avg # of unsent chunk for max-retries: 0.0
[HELPING] Min # of unsent chunk for max-retries: 0.0
[HELPING] Max # of unsent chunk for max-retries: 0.0
[HELPING] Avg # of unsent chunk-reqs for max-retries: 0.0
[HELPING] Min # of unsent chunk-reqs for max-retries: 0.0
[HELPING] Max # of unsent chunk-reqs for max-retries: 0.0
[HELPING] Avg % of chunks received by Pastry: 8.0
[HELPING] Min % of chunks received by Pastry: 0.0
[HELPING] Max % of chunks received by Pastry: 15.0
[HELPING] StD of chunks received by Pastry: 4.928053803045812
[HELPING] Var of chunks received by Pastry: 24.285714285714292
[HELPING] Avg % of chunks received by StarStream: 91.18181818181819
[HELPING] Min % of chunks received by StarStream: 84.0
[HELPING] Max % of chunks received by StarStream: 100.0
[HELPING] StD of chunks received by StarStream: 5.233921989668795
[HELPING] Var of chunks received by StarStream: 27.39393939393856
[HELPING] Startup Delay: 105.22727272727273
[HELPING] Latency: 9.182938670796482
[HELPING] Min of perceived avg chunk delivery-time: 7.57
[HELPING] Max of perceived avg chunk delivery-time: 10.606060606060606
[HELPING] Variance of perceived avg chunk delivery-time: 0.7058481254143176
[HELPING] StD of perceived avg chunk delivery-time: 0.8401476807170972
[HELPING] Avg messages sent per node: 6445.045454545455
[HELPING] Min messages sent per node: 4517.0
[HELPING] Max messages sent per node: 8681.0
[HELPING] Variance of messages sent per node: 1612740.426406923
[HELPING] StD of messages sent per node: 1269.937174196788
[HELPING] Nodes with incomplete playbacks: 17
[HELPING] Packet Loss: 37.45454545454545
[HELPING] Min % of not played chunks: 0.0
[HELPING] Max % of not played chunks: 99.0
[HELPING] Not played chunks [chunk-id/nodes]: {1=10, 2=8, 3=10, 4=7, 5=9, 6=8, 7=6, 8=8, 9=7, 10=6, 11=7, 12=10, 13=7, 14=6, 15=7, 17=7, 16=10, 19=7, 18=9, 21=8, 20=6, 23=5, 22=10, 25=9, 24=8, 27=8, 26=7, 29=8, 28=8, 31=9, 30=11, 34=8, 35=7, 32=6, 33=9, 38=6, 39=10, 36=8, 37=9, 42=9, 43=9, 40=11, 41=7, 46=8, 47=11, 44=11, 45=7, 51=7, 50=9, 49=8, 48=8, 55=7, 54=9, 53=9, 52=12, 59=9, 58=8, 57=9, 56=11, 63=9, 62=7, 61=10, 60=7, 68=10, 69=10, 70=9, 71=9, 64=8, 65=9, 66=8, 67=7, 76=7, 77=11, 78=7, 79=7, 72=8, 73=6, 74=11, 75=10, 85=8, 84=10, 87=10, 86=7, 81=9, 80=8, 83=8, 82=9, 93=9, 92=9, 95=6, 94=6, 89=8, 88=7, 91=9, 90=9, 98=11, 99=8, 96=7, 97=8}
[HELPING] Avg distance between not played chunks: 3.196981026964933
[HELPING] Min distance between not played chunks: 1.0
[HELPING] Max distance between not played chunks: 15.0

