Total chunks: 100
Nodes x chunk: 4
Total nodes: 53
Active nodes: 28
Started playbacks: 28
Not started playbacks node-ids: []
Playbacks time-window: 145
Missing chunks distribution [missed-chunks/nodes]: {0=27, 2=1}
Rejected chunks for ttl expiration [chunk-id/nodes]: 2 {0=3, 1=1}
Rejected chunks for capacity limit [chunk-id/nodes]: 0 {}
bandwidthUtilUp: 0.013790834778639677
bandwidthUtilDown: 0.008349355567334647
Avg # of unsent chunk for max-retries: 0.0
Min # of unsent chunk for max-retries: 0.0
Max # of unsent chunk for max-retries: 0.0
Avg # of unsent chunk-reqs for max-retries: 0.0
Min # of unsent chunk-reqs for max-retries: 0.0
Max # of unsent chunk-reqs for max-retries: 0.0
Avg % of chunks received by Pastry: 11.0
Min % of chunks received by Pastry: 0.0
Max % of chunks received by Pastry: 18.0
StD of chunks received by Pastry: 4.480410034145767
Var of chunks received by Pastry: 20.074074074074076
Avg % of chunks received by StarStream: 88.07142857142857
Min % of chunks received by StarStream: 81.0
Max % of chunks received by StarStream: 100.0
StD of chunks received by StarStream: 4.666099738806139
Var of chunks received by StarStream: 21.772486772486715
[NONMOJO] Startup Delay: 97.71428571428571
[MOJO] Startup Delay: 58.3
[MOJO] Latency: 9.104147745678357
Min of perceived avg chunk delivery-time: 8.04
Max of perceived avg chunk delivery-time: 10.43
Variance of perceived avg chunk delivery-time: 0.3692833662409919
StD of perceived avg chunk delivery-time: 0.6076868981975767
Avg messages sent per node: 6783.071428571428
Min messages sent per node: 3657.0
Max messages sent per node: 9379.0
Variance of messages sent per node: 1931038.7354497411
StD of messages sent per node: 1389.6181977254548
Nodes with incomplete playbacks: 24
[MOJO] Continuity Index: 53.357142857142854
[MOJO] Packet Loss: 46.642857142857146
Min % of not played chunks: 0.0
Max % of not played chunks: 99.0
Not played chunks [chunk-id/nodes]: {1=11, 2=17, 3=14, 4=8, 5=12, 6=15, 7=16, 8=14, 9=11, 10=15, 11=12, 12=15, 13=11, 14=13, 15=15, 17=12, 16=16, 19=11, 18=10, 21=14, 20=11, 23=14, 22=12, 25=13, 24=13, 27=15, 26=13, 29=11, 28=13, 31=11, 30=12, 34=11, 35=15, 32=18, 33=12, 38=11, 39=11, 36=17, 37=12, 42=14, 43=13, 40=15, 41=13, 46=14, 47=14, 44=9, 45=14, 51=16, 50=14, 49=11, 48=15, 55=14, 54=13, 53=14, 52=12, 59=16, 58=12, 57=11, 56=13, 63=11, 62=15, 61=15, 60=10, 68=14, 69=11, 70=15, 71=14, 64=12, 65=14, 66=14, 67=14, 76=12, 77=11, 78=14, 79=16, 72=17, 73=12, 74=14, 75=15, 85=16, 84=15, 87=10, 86=12, 81=16, 80=14, 83=10, 82=11, 93=14, 92=10, 95=14, 94=12, 89=12, 88=12, 91=16, 90=15, 98=11, 99=14, 96=14, 97=14}
Avg distance between not played chunks: 4.970223834611826
Min distance between not played chunks: 1.0
Max distance between not played chunks: 59.0

HELPING PEERS LOG

[HELPING] Active nodes: 25
[HELPING] Started playbacks: 25
[HELPING] Not started playbacks node-ids: []
[HELPING] Playbacks time-window: 123
[HELPING] Missing chunks distribution [missed-chunks/nodes]: {0=23, 1=1, 2=1}
[HELPING] Rejected chunks for ttl expiration [chunk-id/nodes]: 2 {0=4, 1=2}
[HELPING] Rejected chunks for capacity limit [chunk-id/nodes]: 0 {}
[HELPING] bandwidthUtilUp: 0.014311110213193519
[HELPING] bandwidthUtilDown: 0.0076683676316818775
[HELPING] Avg # of unsent chunk for max-retries: 0.0
[HELPING] Min # of unsent chunk for max-retries: 0.0
[HELPING] Max # of unsent chunk for max-retries: 0.0
[HELPING] Avg # of unsent chunk-reqs for max-retries: 0.0
[HELPING] Min # of unsent chunk-reqs for max-retries: 0.0
[HELPING] Max # of unsent chunk-reqs for max-retries: 0.0
[HELPING] Avg % of chunks received by Pastry: 8.84
[HELPING] Min % of chunks received by Pastry: 0.0
[HELPING] Max % of chunks received by Pastry: 15.0
[HELPING] StD of chunks received by Pastry: 4.298061578587879
[HELPING] Var of chunks received by Pastry: 18.47333333333333
[HELPING] Avg % of chunks received by StarStream: 90.2
[HELPING] Min % of chunks received by StarStream: 84.0
[HELPING] Max % of chunks received by StarStream: 100.0
[HELPING] StD of chunks received by StarStream: 4.387482193696009
[HELPING] Var of chunks received by StarStream: 19.249999999999545
[HELPING] Startup Delay: 106.36
[HELPING] Latency: 9.401295485466914
[HELPING] Min of perceived avg chunk delivery-time: 8.55
[HELPING] Max of perceived avg chunk delivery-time: 10.71
[HELPING] Variance of perceived avg chunk delivery-time: 0.38467664091892395
[HELPING] StD of perceived avg chunk delivery-time: 0.6202230573905843
[HELPING] Avg messages sent per node: 6393.4
[HELPING] Min messages sent per node: 4075.0
[HELPING] Max messages sent per node: 8919.0
[HELPING] Variance of messages sent per node: 2085825.2500000023
[HELPING] StD of messages sent per node: 1444.238640253058
[HELPING] Nodes with incomplete playbacks: 18
[HELPING] Packet Loss: 30.68
[HELPING] Min % of not played chunks: 0.0
[HELPING] Max % of not played chunks: 85.0
[HELPING] Not played chunks [chunk-id/nodes]: {1=11, 2=9, 3=7, 4=6, 5=8, 6=7, 7=5, 8=5, 9=6, 10=6, 11=9, 12=9, 13=6, 14=6, 15=8, 17=7, 16=6, 19=9, 18=5, 21=7, 20=6, 23=6, 22=8, 25=7, 24=6, 27=7, 26=8, 29=8, 28=10, 31=8, 30=6, 34=7, 35=10, 32=9, 33=8, 38=5, 39=5, 36=9, 37=9, 42=9, 43=6, 40=4, 41=5, 46=7, 47=10, 44=5, 45=7, 51=8, 50=8, 49=8, 48=9, 55=8, 54=7, 53=11, 52=8, 59=12, 58=8, 57=8, 56=10, 63=9, 62=7, 61=12, 60=8, 68=7, 69=10, 70=7, 71=5, 64=8, 65=7, 66=6, 67=8, 76=4, 77=10, 78=11, 79=10, 72=9, 73=8, 74=8, 75=10, 85=5, 84=9, 87=7, 86=9, 81=10, 80=10, 83=5, 82=6, 93=9, 92=8, 95=7, 94=6, 89=10, 88=9, 91=8, 90=8, 98=9, 99=9, 96=10, 97=7}
[HELPING] Avg distance between not played chunks: 2.7997238871513717
[HELPING] Min distance between not played chunks: 1.1666666666666667
[HELPING] Max distance between not played chunks: 6.777777777777778

