Total chunks: 100
Nodes x chunk: 4
Total nodes: 30
Active nodes: 30
Started playbacks: 30
Not started playbacks node-ids: []
Playbacks time-window: 174
Missing chunks distribution [missed-chunks/nodes]: {0=23, 1=5, 3=2}
Rejected chunks for ttl expiration [chunk-id/nodes]: 3 {1=1, 2=2, 55=1}
Rejected chunks for capacity limit [chunk-id/nodes]: 0 {}
bandwidthUtilUp: 0.010280637437770017
bandwidthUtilDown: 0.005865354136291283
Avg # of unsent chunk for max-retries: 0.0
Min # of unsent chunk for max-retries: 0.0
Max # of unsent chunk for max-retries: 0.0
Avg # of unsent chunk-reqs for max-retries: 0.0
Min # of unsent chunk-reqs for max-retries: 0.0
Max # of unsent chunk-reqs for max-retries: 0.0
Avg % of chunks received by Pastry: 8.933333333333334
Min % of chunks received by Pastry: 0.0
Max % of chunks received by Pastry: 23.0
StD of chunks received by Pastry: 7.785633689946053
Var of chunks received by Pastry: 60.616091954023
Avg % of chunks received by StarStream: 90.33333333333333
Min % of chunks received by StarStream: 76.0
Max % of chunks received by StarStream: 100.0
StD of chunks received by StarStream: 8.031546994598116
Var of chunks received by StarStream: 64.50574712643802
[NONMOJO] Startup Delay: 83.03333333333333
[MOJO] Startup Delay: 103.5
[MOJO] Latency: 9.652375968819266
Min of perceived avg chunk delivery-time: 7.04
Max of perceived avg chunk delivery-time: 12.387755102040817
Variance of perceived avg chunk delivery-time: 1.1812751518196714
StD of perceived avg chunk delivery-time: 1.086864826838955
Avg messages sent per node: 2602.733333333333
Min messages sent per node: 1501.0
Max messages sent per node: 5477.0
Variance of messages sent per node: 687787.581609197
StD of messages sent per node: 829.329597692737
Nodes with incomplete playbacks: 17
[MOJO] Continuity Index: 76.83333333333333
[MOJO] Packet Loss: 23.166666666666668
Min % of not played chunks: 0.0
Max % of not played chunks: 99.0
Not played chunks [chunk-id/nodes]: {1=12, 2=9, 3=8, 4=5, 5=8, 6=8, 7=8, 8=9, 9=6, 10=8, 11=6, 12=7, 13=9, 14=6, 15=7, 17=8, 16=7, 19=6, 18=9, 21=6, 20=7, 23=6, 22=7, 25=9, 24=7, 27=6, 26=8, 29=7, 28=7, 31=7, 30=4, 34=6, 35=7, 32=5, 33=5, 38=7, 39=5, 36=7, 37=7, 42=8, 43=5, 40=7, 41=5, 46=5, 47=6, 44=8, 45=7, 51=7, 50=6, 49=6, 48=8, 55=8, 54=8, 53=7, 52=6, 59=6, 58=6, 57=7, 56=7, 63=7, 62=6, 61=7, 60=8, 68=5, 69=7, 70=8, 71=7, 64=8, 65=8, 66=8, 67=6, 76=6, 77=7, 78=7, 79=7, 72=7, 73=6, 74=6, 75=8, 85=8, 84=8, 87=7, 86=9, 81=9, 80=7, 83=7, 82=9, 93=7, 92=8, 95=5, 94=7, 89=7, 88=5, 91=7, 90=9, 98=8, 99=7, 96=6, 97=7}
Avg distance between not played chunks: 7.802119880004951
Min distance between not played chunks: 1.0
Max distance between not played chunks: 77.0

HELPING PEERS LOG

[HELPING] Active nodes: 0
[HELPING] Started playbacks: 0
[HELPING] Not started playbacks node-ids: []
[HELPING] Playbacks time-window: -9223372036854775807
[HELPING] Missing chunks distribution [missed-chunks/nodes]: {}
[HELPING] Rejected chunks for ttl expiration [chunk-id/nodes]: 0 {}
[HELPING] Rejected chunks for capacity limit [chunk-id/nodes]: 0 {}
[HELPING] bandwidthUtilUp: NaN
[HELPING] bandwidthUtilDown: NaN
[HELPING] Avg # of unsent chunk for max-retries: NaN
[HELPING] Min # of unsent chunk for max-retries: Infinity
[HELPING] Max # of unsent chunk for max-retries: -Infinity
[HELPING] Avg # of unsent chunk-reqs for max-retries: NaN
[HELPING] Min # of unsent chunk-reqs for max-retries: Infinity
[HELPING] Max # of unsent chunk-reqs for max-retries: -Infinity
[HELPING] Avg % of chunks received by Pastry: NaN
[HELPING] Min % of chunks received by Pastry: Infinity
[HELPING] Max % of chunks received by Pastry: -Infinity
[HELPING] StD of chunks received by Pastry: 0.0
[HELPING] Var of chunks received by Pastry: 0.0
[HELPING] Avg % of chunks received by StarStream: NaN
[HELPING] Min % of chunks received by StarStream: Infinity
[HELPING] Max % of chunks received by StarStream: -Infinity
[HELPING] StD of chunks received by StarStream: 0.0
[HELPING] Var of chunks received by StarStream: 0.0
[HELPING] Latency: NaN
[HELPING] Min of perceived avg chunk delivery-time: Infinity
[HELPING] Max of perceived avg chunk delivery-time: -Infinity
[HELPING] Variance of perceived avg chunk delivery-time: 0.0
[HELPING] StD of perceived avg chunk delivery-time: 0.0
[HELPING] Avg messages sent per node: NaN
[HELPING] Min messages sent per node: Infinity
[HELPING] Max messages sent per node: -Infinity
[HELPING] Variance of messages sent per node: 0.0
[HELPING] StD of messages sent per node: 0.0
[HELPING] Nodes with incomplete playbacks: 0
[HELPING] Packet Loss: NaN
[HELPING] Min % of not played chunks: Infinity
[HELPING] Max % of not played chunks: -Infinity
[HELPING] Not played chunks [chunk-id/nodes]: {}
[HELPING] Avg distance between not played chunks: NaN
[HELPING] Min distance between not played chunks: Infinity
[HELPING] Max distance between not played chunks: -Infinity

