Total chunks: 100
Nodes x chunk: 4
Total nodes: 30
Active nodes: 30
Started playbacks: 30
Not started playbacks node-ids: []
Playbacks time-window: 260
Missing chunks distribution [missed-chunks/nodes]: {0=25, 1=3, 3=1, 5=1}
Rejected chunks for ttl expiration [chunk-id/nodes]: 4 {1=4, 2=2, 3=1, 4=1}
Rejected chunks for capacity limit [chunk-id/nodes]: 0 {}
bandwidthUtilUp: 0.017029128930122987
bandwidthUtilDown: 0.010023927545836215
Avg # of unsent chunk for max-retries: 0.0
Min # of unsent chunk for max-retries: 0.0
Max # of unsent chunk for max-retries: 0.0
Avg # of unsent chunk-reqs for max-retries: 0.0
Min # of unsent chunk-reqs for max-retries: 0.0
Max # of unsent chunk-reqs for max-retries: 0.0
Avg % of chunks received by Pastry: 4.833333333333333
Min % of chunks received by Pastry: 0.0
Max % of chunks received by Pastry: 9.0
StD of chunks received by Pastry: 2.8897360974046893
Var of chunks received by Pastry: 8.350574712643683
Avg % of chunks received by StarStream: 94.2
Min % of chunks received by StarStream: 90.0
Max % of chunks received by StarStream: 100.0
StD of chunks received by StarStream: 2.9524974816771556
Var of chunks received by StarStream: 8.717241379309945
[MOJO] Startup Delay: 79.23333333333333
[MOJO] Latency: 6.406932417922419
Min of perceived avg chunk delivery-time: 5.91
Max of perceived avg chunk delivery-time: 7.142857142857143
Variance of perceived avg chunk delivery-time: 0.10787766842488294
StD of perceived avg chunk delivery-time: 0.3284473602038582
Avg messages sent per node: 12320.766666666666
Min messages sent per node: 11142.0
Max messages sent per node: 13579.0
Variance of messages sent per node: 468992.3229884999
StD of messages sent per node: 684.830141705591
Nodes with incomplete playbacks: 17
[MOJO] Packet Loss: 27.933333333333334
Min % of not played chunks: 0.0
Max % of not played chunks: 99.0
Not played chunks [chunk-id/nodes]: {1=13, 2=10, 3=8, 4=9, 5=8, 6=8, 7=9, 8=10, 9=6, 10=9, 11=7, 12=10, 13=8, 14=10, 15=8, 17=7, 16=6, 19=9, 18=8, 21=7, 20=8, 23=8, 22=9, 25=9, 24=9, 27=10, 26=7, 29=11, 28=9, 31=10, 30=9, 34=8, 35=9, 32=8, 33=9, 38=7, 39=6, 36=7, 37=7, 42=9, 43=8, 40=7, 41=8, 46=10, 47=9, 44=10, 45=9, 51=9, 50=6, 49=9, 48=7, 55=7, 54=8, 53=10, 52=7, 59=8, 58=8, 57=9, 56=8, 63=9, 62=9, 61=8, 60=8, 68=7, 69=7, 70=10, 71=10, 64=9, 65=8, 66=9, 67=9, 76=9, 77=10, 78=8, 79=7, 72=10, 73=9, 74=9, 75=8, 85=7, 84=8, 87=9, 86=8, 81=7, 80=8, 83=8, 82=8, 93=10, 92=8, 95=8, 94=7, 89=10, 88=9, 91=9, 90=9, 98=8, 99=11, 96=8, 97=9}
Avg distance between not played chunks: 2.7286609217330344
Min distance between not played chunks: 1.0
Max distance between not played chunks: 15.0

