Total chunks: 100
Nodes x chunk: 4
Total nodes: 30
Active nodes: 30
Started playbacks: 30
Not started playbacks node-ids: []
Playbacks time-window: 177
Missing chunks distribution [missed-chunks/nodes]: {0=25, 1=4, 2=1}
Rejected chunks for ttl expiration [chunk-id/nodes]: 2 {1=5, 2=1}
Rejected chunks for capacity limit [chunk-id/nodes]: 0 {}
bandwidthUtilUp: 0.017306575362639007
bandwidthUtilDown: 0.010183061630218803
Avg # of unsent chunk for max-retries: 0.0
Min # of unsent chunk for max-retries: 0.0
Max # of unsent chunk for max-retries: 0.0
Avg # of unsent chunk-reqs for max-retries: 0.0
Min # of unsent chunk-reqs for max-retries: 0.0
Max # of unsent chunk-reqs for max-retries: 0.0
Avg % of chunks received by Pastry: 5.133333333333334
Min % of chunks received by Pastry: 0.0
Max % of chunks received by Pastry: 15.0
StD of chunks received by Pastry: 3.6740781938756606
Var of chunks received by Pastry: 13.498850574712637
Avg % of chunks received by StarStream: 94.03333333333333
Min % of chunks received by StarStream: 84.0
Max % of chunks received by StarStream: 100.0
StD of chunks received by StarStream: 3.9082876869133245
Var of chunks received by StarStream: 15.274712643678305
[MOJO] Startup Delay: 76.4
[MOJO] Latency: 6.3633727888322875
Min of perceived avg chunk delivery-time: 5.35
Max of perceived avg chunk delivery-time: 7.02020202020202
Variance of perceived avg chunk delivery-time: 0.152842541406489
StD of perceived avg chunk delivery-time: 0.3909508171196078
Avg messages sent per node: 12517.1
Min messages sent per node: 10709.0
Max messages sent per node: 14298.0
Variance of messages sent per node: 718892.9206896445
StD of messages sent per node: 847.8755337251126
Nodes with incomplete playbacks: 17
[MOJO] Packet Loss: 27.3
Min % of not played chunks: 0.0
Max % of not played chunks: 99.0
Not played chunks [chunk-id/nodes]: {1=13, 2=10, 3=8, 4=8, 5=8, 6=9, 7=7, 8=8, 9=8, 10=7, 11=7, 12=7, 13=8, 14=7, 15=9, 17=9, 16=9, 19=9, 18=8, 21=8, 20=7, 23=7, 22=8, 25=8, 24=8, 27=9, 26=8, 29=6, 28=9, 31=8, 30=9, 34=8, 35=11, 32=9, 33=9, 38=9, 39=10, 36=6, 37=8, 42=8, 43=8, 40=10, 41=9, 46=10, 47=8, 44=9, 45=9, 51=7, 50=10, 49=10, 48=9, 55=12, 54=7, 53=7, 52=6, 59=8, 58=8, 57=7, 56=8, 63=7, 62=8, 61=7, 60=9, 68=9, 69=9, 70=8, 71=9, 64=9, 65=7, 66=7, 67=10, 76=9, 77=8, 78=6, 79=8, 72=7, 73=6, 74=6, 75=10, 85=6, 84=7, 87=8, 86=8, 81=10, 80=8, 83=6, 82=8, 93=8, 92=8, 95=9, 94=8, 89=8, 88=9, 91=8, 90=10, 98=10, 99=10, 96=9, 97=8}
Avg distance between not played chunks: 2.441150780727356
Min distance between not played chunks: 1.0
Max distance between not played chunks: 8.4

