Total chunks: 100
Nodes x chunk: 4
Total nodes: 30
Active nodes: 30
Started playbacks: 30
Not started playbacks node-ids: []
Playbacks time-window: 161
Missing chunks distribution [missed-chunks/nodes]: {0=25, 1=4, 2=1}
Rejected chunks for ttl expiration [chunk-id/nodes]: 2 {0=6, 1=4}
Rejected chunks for capacity limit [chunk-id/nodes]: 0 {}
bandwidthUtilUp: 0.01263544880493192
bandwidthUtilDown: 0.008098391600485932
Avg # of unsent chunk for max-retries: 0.0
Min # of unsent chunk for max-retries: 0.0
Max # of unsent chunk for max-retries: 0.0
Avg # of unsent chunk-reqs for max-retries: 0.0
Min # of unsent chunk-reqs for max-retries: 0.0
Max # of unsent chunk-reqs for max-retries: 0.0
Avg % of chunks received by Pastry: 10.233333333333333
Min % of chunks received by Pastry: 0.0
Max % of chunks received by Pastry: 22.0
StD of chunks received by Pastry: 5.263297336325844
Var of chunks received by Pastry: 27.702298850574728
Avg % of chunks received by StarStream: 88.9
Min % of chunks received by StarStream: 77.0
Max % of chunks received by StarStream: 100.0
StD of chunks received by StarStream: 5.5045435778090654
Var of chunks received by StarStream: 30.299999999999024
[NONMOJO] Startup Delay: 66.06666666666666
[MOJO] Startup Delay: 62.1
[MOJO] Latency: 8.107840307840307
Min of perceived avg chunk delivery-time: 6.63
Max of perceived avg chunk delivery-time: 11.061224489795919
Variance of perceived avg chunk delivery-time: 1.0925016555424398
StD of perceived avg chunk delivery-time: 1.045228039971393
Avg messages sent per node: 4793.833333333333
Min messages sent per node: 2412.0
Max messages sent per node: 7931.0
Variance of messages sent per node: 2645103.729885059
StD of messages sent per node: 1626.3774868968947
Nodes with incomplete playbacks: 19
[MOJO] Continuity Index: 79.36666666666666
[MOJO] Packet Loss: 20.633333333333333
Min % of not played chunks: 0.0
Max % of not played chunks: 99.0
Not played chunks [chunk-id/nodes]: {1=11, 2=7, 3=5, 4=5, 5=4, 6=5, 7=6, 8=6, 9=6, 10=7, 11=5, 12=7, 13=6, 14=5, 15=5, 17=7, 16=6, 19=7, 18=6, 21=5, 20=6, 23=7, 22=5, 25=5, 24=4, 27=7, 26=5, 29=5, 28=4, 31=5, 30=6, 34=6, 35=6, 32=7, 33=5, 38=5, 39=5, 36=6, 37=6, 42=7, 43=4, 40=6, 41=6, 46=8, 47=5, 44=6, 45=6, 51=8, 50=7, 49=7, 48=6, 55=8, 54=8, 53=7, 52=8, 59=6, 58=7, 57=4, 56=5, 63=7, 62=7, 61=7, 60=5, 68=6, 69=8, 70=7, 71=9, 64=6, 65=6, 66=6, 67=7, 76=5, 77=6, 78=9, 79=6, 72=4, 73=6, 74=7, 75=5, 85=8, 84=8, 87=6, 86=7, 81=6, 80=5, 83=8, 82=6, 93=6, 92=6, 95=5, 94=6, 89=8, 88=7, 91=8, 90=9, 98=6, 99=7, 96=7, 97=6}
Avg distance between not played chunks: 3.604158928677523
Min distance between not played chunks: 1.0
Max distance between not played chunks: 10.666666666666666

HELPING PEERS LOG

[HELPING] Active nodes: 0
[HELPING] Started playbacks: 0
[HELPING] Not started playbacks node-ids: []
[HELPING] Playbacks time-window: -9223372036854775807
[HELPING] Missing chunks distribution [missed-chunks/nodes]: {}
[HELPING] Rejected chunks for ttl expiration [chunk-id/nodes]: 0 {}
[HELPING] Rejected chunks for capacity limit [chunk-id/nodes]: 0 {}
[HELPING] bandwidthUtilUp: NaN
[HELPING] bandwidthUtilDown: NaN
[HELPING] Avg # of unsent chunk for max-retries: NaN
[HELPING] Min # of unsent chunk for max-retries: Infinity
[HELPING] Max # of unsent chunk for max-retries: -Infinity
[HELPING] Avg # of unsent chunk-reqs for max-retries: NaN
[HELPING] Min # of unsent chunk-reqs for max-retries: Infinity
[HELPING] Max # of unsent chunk-reqs for max-retries: -Infinity
[HELPING] Avg % of chunks received by Pastry: NaN
[HELPING] Min % of chunks received by Pastry: Infinity
[HELPING] Max % of chunks received by Pastry: -Infinity
[HELPING] StD of chunks received by Pastry: 0.0
[HELPING] Var of chunks received by Pastry: 0.0
[HELPING] Avg % of chunks received by StarStream: NaN
[HELPING] Min % of chunks received by StarStream: Infinity
[HELPING] Max % of chunks received by StarStream: -Infinity
[HELPING] StD of chunks received by StarStream: 0.0
[HELPING] Var of chunks received by StarStream: 0.0
[HELPING] Latency: NaN
[HELPING] Min of perceived avg chunk delivery-time: Infinity
[HELPING] Max of perceived avg chunk delivery-time: -Infinity
[HELPING] Variance of perceived avg chunk delivery-time: 0.0
[HELPING] StD of perceived avg chunk delivery-time: 0.0
[HELPING] Avg messages sent per node: NaN
[HELPING] Min messages sent per node: Infinity
[HELPING] Max messages sent per node: -Infinity
[HELPING] Variance of messages sent per node: 0.0
[HELPING] StD of messages sent per node: 0.0
[HELPING] Nodes with incomplete playbacks: 0
[HELPING] Packet Loss: NaN
[HELPING] Min % of not played chunks: Infinity
[HELPING] Max % of not played chunks: -Infinity
[HELPING] Not played chunks [chunk-id/nodes]: {}
[HELPING] Avg distance between not played chunks: NaN
[HELPING] Min distance between not played chunks: Infinity
[HELPING] Max distance between not played chunks: -Infinity

