Total chunks: 100
Nodes x chunk: 4
Total nodes: 54
Active nodes: 30
Started playbacks: 30
Not started playbacks node-ids: []
Playbacks time-window: 211
Missing chunks distribution [missed-chunks/nodes]: {0=26, 1=1, 2=1, 3=1, 4=1}
Rejected chunks for ttl expiration [chunk-id/nodes]: 5 {0=2, 1=4, 2=2, 3=1, 67=1}
Rejected chunks for capacity limit [chunk-id/nodes]: 0 {}
bandwidthUtilUp: 0.0127430966705385
bandwidthUtilDown: 0.00658710194152659
Avg # of unsent chunk for max-retries: 0.0
Min # of unsent chunk for max-retries: 0.0
Max # of unsent chunk for max-retries: 0.0
Avg # of unsent chunk-reqs for max-retries: 0.0
Min # of unsent chunk-reqs for max-retries: 0.0
Max # of unsent chunk-reqs for max-retries: 0.0
Avg % of chunks received by Pastry: 11.7
Min % of chunks received by Pastry: 0.0
Max % of chunks received by Pastry: 21.0
StD of chunks received by Pastry: 6.204281058130416
Var of chunks received by Pastry: 38.493103448275875
Avg % of chunks received by StarStream: 87.36666666666666
Min % of chunks received by StarStream: 78.0
Max % of chunks received by StarStream: 100.0
StD of chunks received by StarStream: 6.338080495529946
Var of chunks received by StarStream: 40.171264367817116
[NONMOJO] Startup Delay: 108.33333333333333
[MOJO] Startup Delay: 64.9
[MOJO] Latency: 23.64624166415629
Min of perceived avg chunk delivery-time: 8.32
Max of perceived avg chunk delivery-time: 198.0
Variance of perceived avg chunk delivery-time: 1249.2503194406825
StD of perceived avg chunk delivery-time: 35.34473538507089
Avg messages sent per node: 6601.4
Min messages sent per node: 3786.0
Max messages sent per node: 9721.0
Variance of messages sent per node: 2419407.834482766
StD of messages sent per node: 1555.4445777599299
Nodes with incomplete playbacks: 28
[MOJO] Continuity Index: 55.666666666666664
[MOJO] Packet Loss: 44.333333333333336
Min % of not played chunks: 0.0
Max % of not played chunks: 99.0
Not played chunks [chunk-id/nodes]: {1=15, 2=14, 3=17, 4=8, 5=16, 6=11, 7=11, 8=10, 9=14, 10=9, 11=15, 12=15, 13=12, 14=12, 15=9, 17=11, 16=14, 19=14, 18=13, 21=10, 20=12, 23=15, 22=15, 25=21, 24=16, 27=11, 26=16, 29=7, 28=11, 31=12, 30=14, 34=11, 35=8, 32=12, 33=14, 38=9, 39=10, 36=13, 37=14, 42=13, 43=13, 40=9, 41=11, 46=15, 47=15, 44=17, 45=13, 51=14, 50=10, 49=13, 48=11, 55=10, 54=13, 53=14, 52=15, 59=14, 58=14, 57=17, 56=13, 63=18, 62=10, 61=15, 60=19, 68=11, 69=12, 70=17, 71=19, 64=12, 65=18, 66=14, 67=22, 76=10, 77=13, 78=17, 79=13, 72=19, 73=12, 74=12, 75=14, 85=13, 84=15, 87=13, 86=13, 81=15, 80=14, 83=13, 82=15, 93=17, 92=14, 95=13, 94=16, 89=13, 88=12, 91=11, 90=16, 98=15, 99=14, 96=14, 97=12}
Avg distance between not played chunks: 4.951098547806958
Min distance between not played chunks: 1.0
Max distance between not played chunks: 66.0

HELPING PEERS LOG

[HELPING] Active nodes: 24
[HELPING] Started playbacks: 24
[HELPING] Not started playbacks node-ids: []
[HELPING] Playbacks time-window: 605
[HELPING] Missing chunks distribution [missed-chunks/nodes]: {0=20, 1=2, 5=1, 97=1}
[HELPING] Rejected chunks for ttl expiration [chunk-id/nodes]: 94 {0=2, 1=4, 2=2, 3=2, 4=1, 5=1, 6=1, 7=1, 8=1, 9=1, 10=1, 11=1, 13=1, 14=1, 15=1, 17=1, 16=1, 19=1, 18=1, 21=1, 20=1, 23=1, 22=1, 25=1, 24=1, 27=1, 26=1, 29=1, 31=1, 30=1, 34=1, 35=1, 32=1, 33=1, 39=1, 36=1, 42=1, 43=1, 40=1, 41=1, 46=1, 47=1, 44=1, 45=1, 51=1, 50=1, 49=1, 48=1, 55=1, 54=1, 52=1, 59=1, 58=1, 57=1, 56=1, 63=1, 62=1, 61=1, 60=1, 68=1, 69=1, 70=1, 71=1, 64=1, 65=1, 66=1, 67=1, 76=1, 77=1, 78=1, 79=1, 72=1, 73=1, 74=1, 75=1, 85=1, 84=1, 87=1, 86=1, 81=1, 80=1, 83=1, 82=1, 92=1, 95=1, 94=1, 89=1, 88=1, 91=1, 90=1, 98=1, 99=1, 96=1, 97=1}
[HELPING] Rejected chunks for capacity limit [chunk-id/nodes]: 0 {}
[HELPING] bandwidthUtilUp: 0.014903197712077819
[HELPING] bandwidthUtilDown: NaN
[HELPING] Avg # of unsent chunk for max-retries: 0.0
[HELPING] Min # of unsent chunk for max-retries: 0.0
[HELPING] Max # of unsent chunk for max-retries: 0.0
[HELPING] Avg # of unsent chunk-reqs for max-retries: 0.0
[HELPING] Min # of unsent chunk-reqs for max-retries: 0.0
[HELPING] Max # of unsent chunk-reqs for max-retries: 0.0
[HELPING] Avg % of chunks received by Pastry: 12.208333333333334
[HELPING] Min % of chunks received by Pastry: 0.0
[HELPING] Max % of chunks received by Pastry: 50.0
[HELPING] StD of chunks received by Pastry: 9.842141719320464
[HELPING] Var of chunks received by Pastry: 96.86775362318838
[HELPING] Avg % of chunks received by StarStream: 87.0
[HELPING] Min % of chunks received by StarStream: 50.0
[HELPING] Max % of chunks received by StarStream: 100.0
[HELPING] StD of chunks received by StarStream: 9.802395448141175
[HELPING] Var of chunks received by StarStream: 96.08695652173881
[HELPING] Latency: 9.963540882328479
[HELPING] Min of perceived avg chunk delivery-time: 4.333333333333333
[HELPING] Max of perceived avg chunk delivery-time: 11.545454545454545
[HELPING] Variance of perceived avg chunk delivery-time: 2.169762292230767
[HELPING] StD of perceived avg chunk delivery-time: 1.4730113007817582
[HELPING] Avg messages sent per node: 2973.9166666666665
[HELPING] Min messages sent per node: 121.0
[HELPING] Max messages sent per node: 5104.0
[HELPING] Variance of messages sent per node: 1225788.4275362336
[HELPING] StD of messages sent per node: 1107.1532990224225
[HELPING] Nodes with incomplete playbacks: 21
[HELPING] Packet Loss: 38.5
[HELPING] Min % of not played chunks: 0.0
[HELPING] Max % of not played chunks: 99.0
[HELPING] Not played chunks [chunk-id/nodes]: {1=11, 2=11, 3=13, 4=8, 5=9, 6=9, 7=7, 8=10, 9=7, 10=9, 11=9, 12=8, 13=8, 14=6, 15=8, 17=11, 16=9, 19=6, 18=11, 21=7, 20=10, 23=9, 22=7, 25=13, 24=10, 27=11, 26=7, 29=8, 28=11, 31=11, 30=9, 34=9, 35=8, 32=7, 33=10, 38=5, 39=11, 36=9, 37=8, 42=10, 43=8, 40=8, 41=7, 46=11, 47=11, 44=9, 45=8, 51=9, 50=8, 49=11, 48=11, 55=7, 54=10, 53=8, 52=8, 59=9, 58=11, 57=10, 56=9, 63=10, 62=11, 61=9, 60=11, 68=9, 69=11, 70=10, 71=11, 64=7, 65=11, 66=9, 67=13, 76=10, 77=9, 78=11, 79=13, 72=11, 73=9, 74=11, 75=8, 85=9, 84=10, 87=9, 86=9, 81=11, 80=9, 83=7, 82=10, 93=11, 92=10, 95=8, 94=8, 89=8, 88=9, 91=10, 90=10, 98=11, 99=9, 96=8, 97=11}
[HELPING] Avg distance between not played chunks: 3.274390301842886
[HELPING] Min distance between not played chunks: 1.0
[HELPING] Max distance between not played chunks: 12.333333333333334

