Total chunks: 100
Nodes x chunk: 4
Total nodes: 40
Active nodes: 30
Started playbacks: 0
Not started playbacks node-ids: [270306699482675867347052658079770459674 (cb5b2d3a4262fe2c85583b908ab1be1a), 8257127732529661554962762349308350525 (063643d41f2a7a57ee6505e25c2d103d), 156417453261927183337202319756804349191 (75ace7dc5c718119be288ad07961dd07), 195304816350029902248120038530097530148 (92ee56e384be4f2a2a5ee58d3772c524), 324466697691112462881961322636259882286 (f41a034dacc875187bf040cbe4b3f52e), 278703221343410286019752997385876894059 (d1ac49b7a1b02d52350a06c41b29716b), 262843558384186783960663258846918222160 (c5bdd3f660191df57bb7693859122150), 277969981191529838518372609038741579290 (d11f122fcad33bc1b1b9d779cf62a61a), 220090161745287437183823107666918378799 (a593d2c39811cd026371c47e792e0d2f), 44695204092261876913259035873402748975 (219ffbb28c53c4c3640299486e65002f), 34270791517669312883247764997177093621 (19c85079e886cea43a16fb3b7a702df5), 117262696150007538234321514644858105075 (5837f94a2306cba4b9e0e383e9826cf3), 307091251623071246227533614146936716038 (e7079fabda700712ed4a1039a5b53b06), 191110870279311742180469043713078683682 (8fc69d62048f4c4e3d688efb833f6822), 207219907298172545155266792646330196579 (9be51a3a6ab3f9d4cc99ca81d95ea263), 299285527661792116100462360282559704537 (e1284bc455514fa42204c18953c86dd9), 4396996048889762547743896702712523252 (034ed4a488b9e04f0b3b1eac06afa9f4), 322277635584773277227024575366121982200 (f2746a3570323055bf476408c5b908f8), 237997956033791218051602768017135075882 (b30cbd3099dff7fb426dd73ab379822a), 134629762527276027763461162325366951289 (6548bfc5642cd5fc0d4f48cb19364d79), 173301116639398320917357005250213546112 (826094bbf7ad3332ee5d076d79218880), 134439768248847416320930702153503976371 (6524285474b0afc32cafa746e34babb3), 15452282219093434582845187746813072202 (0ba000556ce3f70aeda1f5b986e6534a), 39681419141386737580167268863224600624 (1dda5d0396d9b815dcf6e71b89ac5830), 61053788572823977773241592503423302426 (2dee882ebb4f9449063e98af1b857b1a), 85109622213266819759821298234001902328 (40078459f46ed1a804bfb960c9b2caf8), 187412714367326290739742390365045659086 (8cfe6038177e92575f3fd4e70e2415ce), 173643966804454391040907737821987076813 (82a29c8d6eb62fcd2f4bfa9630b9facd), 19825341515266504860946076263639112434 (0eea38cdaa2f1e0b05e4084f49935af2), 38008588310302384033429756967068397242 (1c9830161717c5ed0abaf875a3c06eba)]
Playbacks time-window: 1
Missing chunks distribution [missed-chunks/nodes]: {0=30}
Rejected chunks for ttl expiration [chunk-id/nodes]: 0 {}
Rejected chunks for capacity limit [chunk-id/nodes]: 0 {}
bandwidthUtilUp: 0.0
bandwidthUtilDown: 0.0
Avg # of unsent chunk for max-retries: 0.0
Min # of unsent chunk for max-retries: 0.0
Max # of unsent chunk for max-retries: 0.0
Avg # of unsent chunk-reqs for max-retries: 0.0
Min # of unsent chunk-reqs for max-retries: 0.0
Max # of unsent chunk-reqs for max-retries: 0.0
Avg % of chunks received by Pastry: 0.0
Min % of chunks received by Pastry: 0.0
Max % of chunks received by Pastry: 0.0
StD of chunks received by Pastry: 0.0
Var of chunks received by Pastry: 0.0
Avg % of chunks received by StarStream: 0.0
Min % of chunks received by StarStream: 0.0
Max % of chunks received by StarStream: 0.0
StD of chunks received by StarStream: 0.0
Var of chunks received by StarStream: 0.0
[MOJO] Startup Delay: -2000.0
[MOJO] Latency: NaN
Min of perceived avg chunk delivery-time: -2000.0
Max of perceived avg chunk delivery-time: -2000.0
Variance of perceived avg chunk delivery-time: 0.0
StD of perceived avg chunk delivery-time: 0.0
Avg messages sent per node: 0.0
Min messages sent per node: 0.0
Max messages sent per node: 0.0
Variance of messages sent per node: 0.0
StD of messages sent per node: 0.0
Nodes with incomplete playbacks: 0
[MOJO] Packet Loss: 0.0
Min % of not played chunks: 0.0
Max % of not played chunks: 0.0
Not played chunks [chunk-id/nodes]: {}
Avg distance between not played chunks: NaN
Min distance between not played chunks: Infinity
Max distance between not played chunks: -Infinity

HELPING PEERS LOG

[HELPING] Active nodes: 0
[HELPING] Started playbacks: 0
[HELPING] Not started playbacks node-ids: []
[HELPING] Playbacks time-window: -9223372036854775807
[HELPING] Missing chunks distribution [missed-chunks/nodes]: {}
[HELPING] Rejected chunks for ttl expiration [chunk-id/nodes]: 0 {}
[HELPING] Rejected chunks for capacity limit [chunk-id/nodes]: 0 {}
[HELPING] bandwidthUtilUp: NaN
[HELPING] bandwidthUtilDown: NaN
[HELPING] Avg # of unsent chunk for max-retries: NaN
[HELPING] Min # of unsent chunk for max-retries: Infinity
[HELPING] Max # of unsent chunk for max-retries: -Infinity
[HELPING] Avg # of unsent chunk-reqs for max-retries: NaN
[HELPING] Min # of unsent chunk-reqs for max-retries: Infinity
[HELPING] Max # of unsent chunk-reqs for max-retries: -Infinity
[HELPING] Avg % of chunks received by Pastry: NaN
[HELPING] Min % of chunks received by Pastry: Infinity
[HELPING] Max % of chunks received by Pastry: -Infinity
[HELPING] StD of chunks received by Pastry: 0.0
[HELPING] Var of chunks received by Pastry: 0.0
[HELPING] Avg % of chunks received by StarStream: NaN
[HELPING] Min % of chunks received by StarStream: Infinity
[HELPING] Max % of chunks received by StarStream: -Infinity
[HELPING] StD of chunks received by StarStream: 0.0
[HELPING] Var of chunks received by StarStream: 0.0
[HELPING] Latency: NaN
[HELPING] Min of perceived avg chunk delivery-time: Infinity
[HELPING] Max of perceived avg chunk delivery-time: -Infinity
[HELPING] Variance of perceived avg chunk delivery-time: 0.0
[HELPING] StD of perceived avg chunk delivery-time: 0.0
[HELPING] Avg messages sent per node: NaN
[HELPING] Min messages sent per node: Infinity
[HELPING] Max messages sent per node: -Infinity
[HELPING] Variance of messages sent per node: 0.0
[HELPING] StD of messages sent per node: 0.0
[HELPING] Nodes with incomplete playbacks: 0
[HELPING] Packet Loss: NaN
[HELPING] Min % of not played chunks: Infinity
[HELPING] Max % of not played chunks: -Infinity
[HELPING] Not played chunks [chunk-id/nodes]: {}
[HELPING] Avg distance between not played chunks: NaN
[HELPING] Min distance between not played chunks: Infinity
[HELPING] Max distance between not played chunks: -Infinity

