Total chunks: 100
Nodes x chunk: 4
Total nodes: 30
Active nodes: 30
Started playbacks: 30
Not started playbacks node-ids: []
Playbacks time-window: 168
Missing chunks distribution [missed-chunks/nodes]: {0=25, 1=2, 3=3}
Rejected chunks for ttl expiration [chunk-id/nodes]: 2 {1=5, 2=3}
Rejected chunks for capacity limit [chunk-id/nodes]: 0 {}
bandwidthUtilUp: 0.017805875855975286
bandwidthUtilDown: 0.01048016788159941
Avg # of unsent chunk for max-retries: 0.0
Min # of unsent chunk for max-retries: 0.0
Max # of unsent chunk for max-retries: 0.0
Avg # of unsent chunk-reqs for max-retries: 0.0
Min # of unsent chunk-reqs for max-retries: 0.0
Max # of unsent chunk-reqs for max-retries: 0.0
Avg % of chunks received by Pastry: 5.266666666666667
Min % of chunks received by Pastry: 0.0
Max % of chunks received by Pastry: 13.0
StD of chunks received by Pastry: 3.3726417900035224
Var of chunks received by Pastry: 11.374712643678164
Avg % of chunks received by StarStream: 93.83333333333333
Min % of chunks received by StarStream: 86.0
Max % of chunks received by StarStream: 100.0
StD of chunks received by StarStream: 3.49465930788138
Var of chunks received by StarStream: 12.212643678161966
[MOJO] Startup Delay: 78.9
[MOJO] Latency: 6.39184546141689
Min of perceived avg chunk delivery-time: 5.474747474747475
Max of perceived avg chunk delivery-time: 7.144329896907217
Variance of perceived avg chunk delivery-time: 0.18497328537824304
StD of perceived avg chunk delivery-time: 0.43008520711394277
Avg messages sent per node: 12878.133333333333
Min messages sent per node: 11003.0
Max messages sent per node: 14501.0
Variance of messages sent per node: 572162.0505747199
StD of messages sent per node: 756.4139412879167
Nodes with incomplete playbacks: 17
[MOJO] Packet Loss: 26.933333333333334
Min % of not played chunks: 0.0
Max % of not played chunks: 99.0
Not played chunks [chunk-id/nodes]: {1=13, 2=11, 3=7, 4=8, 5=6, 6=9, 7=6, 8=8, 9=9, 10=5, 11=9, 12=7, 13=8, 14=7, 15=9, 17=9, 16=7, 19=8, 18=10, 21=7, 20=10, 23=9, 22=9, 25=8, 24=9, 27=8, 26=9, 29=9, 28=10, 31=9, 30=9, 34=9, 35=10, 32=10, 33=9, 38=6, 39=9, 36=9, 37=7, 42=6, 43=8, 40=8, 41=9, 46=8, 47=9, 44=7, 45=8, 51=6, 50=8, 49=7, 48=9, 55=9, 54=7, 53=10, 52=8, 59=8, 58=6, 57=9, 56=6, 63=7, 62=10, 61=8, 60=9, 68=8, 69=8, 70=8, 71=8, 64=7, 65=9, 66=7, 67=9, 76=8, 77=7, 78=7, 79=7, 72=8, 73=8, 74=7, 75=9, 85=8, 84=7, 87=8, 86=8, 81=9, 80=8, 83=7, 82=7, 93=6, 92=8, 95=10, 94=8, 89=8, 88=10, 91=8, 90=7, 98=10, 99=9, 96=8, 97=8}
Avg distance between not played chunks: 2.3248691696922834
Min distance between not played chunks: 1.0
Max distance between not played chunks: 9.333333333333334

