Total chunks: 100
Nodes x chunk: 4
Total nodes: 60
Active nodes: 30
Started playbacks: 30
Not started playbacks node-ids: []
Playbacks time-window: 143
Missing chunks distribution [missed-chunks/nodes]: {0=29, 1=1}
Rejected chunks for ttl expiration [chunk-id/nodes]: 1 {1=1}
Rejected chunks for capacity limit [chunk-id/nodes]: 0 {}
bandwidthUtilUp: 0.014651926075124274
bandwidthUtilDown: 0.009507960650934111
Avg # of unsent chunk for max-retries: 0.0
Min # of unsent chunk for max-retries: 0.0
Max # of unsent chunk for max-retries: 0.0
Avg # of unsent chunk-reqs for max-retries: 0.0
Min # of unsent chunk-reqs for max-retries: 0.0
Max # of unsent chunk-reqs for max-retries: 0.0
Avg % of chunks received by Pastry: 10.2
Min % of chunks received by Pastry: 0.0
Max % of chunks received by Pastry: 19.0
StD of chunks received by Pastry: 5.168872350843109
Var of chunks received by Pastry: 26.717241379310362
Avg % of chunks received by StarStream: 88.86666666666666
Min % of chunks received by StarStream: 80.0
Max % of chunks received by StarStream: 100.0
StD of chunks received by StarStream: 5.302786081852211
Var of chunks received by StarStream: 28.119540229885516
[MOJO] Startup Delay: 96.8
[MOJO] Latency: 31.25509235209234
Min of perceived avg chunk delivery-time: 8.07
Max of perceived avg chunk delivery-time: 365.0
Variance of perceived avg chunk delivery-time: 3768.991391721571
StD of perceived avg chunk delivery-time: 61.39211180372907
Avg messages sent per node: 7110.7
Min messages sent per node: 4665.0
Max messages sent per node: 9327.0
Variance of messages sent per node: 2295038.355172423
StD of messages sent per node: 1514.9383997946659
Nodes with incomplete playbacks: 24
[MOJO] Continuity Index: 57.233333333333334
[MOJO] Packet Loss: 42.766666666666666
Min % of not played chunks: 0.0
Max % of not played chunks: 99.0
Not played chunks [chunk-id/nodes]: {1=14, 2=16, 3=13, 4=15, 5=11, 6=13, 7=9, 8=10, 9=14, 10=13, 11=11, 12=14, 13=14, 14=12, 15=15, 17=14, 16=10, 19=9, 18=12, 21=12, 20=9, 23=11, 22=10, 25=14, 24=11, 27=12, 26=12, 29=13, 28=13, 31=14, 30=12, 34=13, 35=14, 32=11, 33=11, 38=13, 39=13, 36=12, 37=9, 42=13, 43=14, 40=13, 41=13, 46=16, 47=13, 44=19, 45=13, 51=13, 50=11, 49=15, 48=13, 55=15, 54=15, 53=14, 52=16, 59=13, 58=12, 57=15, 56=15, 63=13, 62=11, 61=15, 60=10, 68=16, 69=12, 70=16, 71=14, 64=13, 65=13, 66=13, 67=13, 76=12, 77=11, 78=12, 79=11, 72=13, 73=15, 74=11, 75=14, 85=12, 84=18, 87=14, 86=12, 81=16, 80=17, 83=12, 82=13, 93=8, 92=12, 95=13, 94=13, 89=13, 88=11, 91=10, 90=14, 98=13, 99=17, 96=12, 97=16}
Avg distance between not played chunks: 4.273810525215551
Min distance between not played chunks: 1.0
Max distance between not played chunks: 34.0

HELPING PEERS LOG

[HELPING] Active nodes: 30
[HELPING] Started playbacks: 30
[HELPING] Not started playbacks node-ids: []
[HELPING] Playbacks time-window: 307
[HELPING] Missing chunks distribution [missed-chunks/nodes]: {0=25, 1=1, 3=1, 4=1, 5=1, 6=1}
[HELPING] Rejected chunks for ttl expiration [chunk-id/nodes]: 5 {1=5, 2=4, 3=4, 4=3, 5=1}
[HELPING] Rejected chunks for capacity limit [chunk-id/nodes]: 0 {}
[HELPING] bandwidthUtilUp: 0.014599100560224017
[HELPING] bandwidthUtilDown: 0.008273438047467397
[HELPING] Avg # of unsent chunk for max-retries: 0.0
[HELPING] Min # of unsent chunk for max-retries: 0.0
[HELPING] Max # of unsent chunk for max-retries: 0.0
[HELPING] Avg # of unsent chunk-reqs for max-retries: 0.0
[HELPING] Min # of unsent chunk-reqs for max-retries: 0.0
[HELPING] Max # of unsent chunk-reqs for max-retries: 0.0
[HELPING] Avg % of chunks received by Pastry: 6.9
[HELPING] Min % of chunks received by Pastry: 0.0
[HELPING] Max % of chunks received by Pastry: 16.0
[HELPING] StD of chunks received by Pastry: 5.597721211227002
[HELPING] Var of chunks received by Pastry: 31.33448275862069
[HELPING] Avg % of chunks received by StarStream: 92.3
[HELPING] Min % of chunks received by StarStream: 83.0
[HELPING] Max % of chunks received by StarStream: 100.0
[HELPING] StD of chunks received by StarStream: 5.849550527973192
[HELPING] Var of chunks received by StarStream: 34.21724137931145
[HELPING] Startup Delay: 154.46666666666667
[HELPING] Latency: 9.752961547970505
[HELPING] Min of perceived avg chunk delivery-time: 8.01
[HELPING] Max of perceived avg chunk delivery-time: 11.305263157894737
[HELPING] Variance of perceived avg chunk delivery-time: 0.7550278215128823
[HELPING] StD of perceived avg chunk delivery-time: 0.8689233691833143
[HELPING] Avg messages sent per node: 7127.1
[HELPING] Min messages sent per node: 4964.0
[HELPING] Max messages sent per node: 9806.0
[HELPING] Variance of messages sent per node: 2202088.299999995
[HELPING] StD of messages sent per node: 1483.943496228881
[HELPING] Nodes with incomplete playbacks: 21
[HELPING] Packet Loss: 32.8
[HELPING] Min % of not played chunks: 0.0
[HELPING] Max % of not played chunks: 99.0
[HELPING] Not played chunks [chunk-id/nodes]: {1=11, 2=17, 3=10, 4=12, 5=9, 6=15, 7=8, 8=9, 9=9, 10=11, 11=13, 12=9, 13=9, 14=6, 15=9, 17=10, 16=10, 19=10, 18=7, 21=9, 20=9, 23=10, 22=7, 25=7, 24=9, 27=13, 26=7, 29=8, 28=7, 31=12, 30=9, 34=10, 35=9, 32=9, 33=9, 38=8, 39=12, 36=6, 37=12, 42=11, 43=9, 40=12, 41=8, 46=11, 47=11, 44=11, 45=12, 51=11, 50=9, 49=12, 48=9, 55=10, 54=13, 53=9, 52=7, 59=10, 58=10, 57=11, 56=8, 63=11, 62=10, 61=11, 60=9, 68=10, 69=11, 70=8, 71=12, 64=10, 65=11, 66=11, 67=5, 76=10, 77=14, 78=11, 79=11, 72=10, 73=9, 74=8, 75=11, 85=9, 84=12, 87=9, 86=12, 81=14, 80=11, 83=8, 82=11, 93=11, 92=7, 95=10, 94=8, 89=7, 88=9, 91=9, 90=12, 98=9, 99=9, 96=13, 97=11}
[HELPING] Avg distance between not played chunks: 1.8936706566660053
[HELPING] Min distance between not played chunks: 1.0
[HELPING] Max distance between not played chunks: 6.923076923076923

