Total chunks: 100
Nodes x chunk: 4
Total nodes: 39
Active nodes: 30
Started playbacks: 30
Not started playbacks node-ids: []
Playbacks time-window: 156
Missing chunks distribution [missed-chunks/nodes]: {0=27, 1=1, 2=2}
Rejected chunks for ttl expiration [chunk-id/nodes]: 1 {0=2}
Rejected chunks for capacity limit [chunk-id/nodes]: 0 {}
bandwidthUtilUp: 0.013686242750441176
bandwidthUtilDown: 0.008138849010144488
Avg # of unsent chunk for max-retries: 0.0
Min # of unsent chunk for max-retries: 0.0
Max # of unsent chunk for max-retries: 0.0
Avg # of unsent chunk-reqs for max-retries: 0.0
Min # of unsent chunk-reqs for max-retries: 0.0
Max # of unsent chunk-reqs for max-retries: 0.0
Avg % of chunks received by Pastry: 8.966666666666667
Min % of chunks received by Pastry: 1.0
Max % of chunks received by Pastry: 16.0
StD of chunks received by Pastry: 3.7918545488375783
Var of chunks received by Pastry: 14.378160919540234
Avg % of chunks received by StarStream: 90.06666666666666
Min % of chunks received by StarStream: 83.0
Max % of chunks received by StarStream: 99.0
StD of chunks received by StarStream: 3.8679347900695116
Var of chunks received by StarStream: 14.960919540230078
[NONMOJO] Startup Delay: 76.16666666666667
[MOJO] Startup Delay: 87.9
[MOJO] Latency: 8.203371950800522
Min of perceived avg chunk delivery-time: 6.89
Max of perceived avg chunk delivery-time: 10.693877551020408
Variance of perceived avg chunk delivery-time: 0.6909927013486119
StD of perceived avg chunk delivery-time: 0.8312597075214291
Avg messages sent per node: 6651.133333333333
Min messages sent per node: 3889.0
Max messages sent per node: 8477.0
Variance of messages sent per node: 1815278.947126434
StD of messages sent per node: 1347.3228815419243
Nodes with incomplete playbacks: 22
[MOJO] Continuity Index: 58.7
[MOJO] Packet Loss: 41.3
Min % of not played chunks: 0.0
Max % of not played chunks: 99.0
Not played chunks [chunk-id/nodes]: {1=15, 2=12, 3=12, 4=12, 5=14, 6=13, 7=13, 8=13, 9=12, 10=13, 11=12, 12=17, 13=13, 14=10, 15=14, 17=10, 16=11, 19=12, 18=9, 21=12, 20=12, 23=11, 22=13, 25=12, 24=10, 27=10, 26=13, 29=9, 28=11, 31=10, 30=8, 34=10, 35=11, 32=13, 33=11, 38=14, 39=11, 36=13, 37=14, 42=14, 43=12, 40=13, 41=13, 46=13, 47=16, 44=11, 45=13, 51=9, 50=14, 49=15, 48=12, 55=15, 54=13, 53=12, 52=10, 59=8, 58=11, 57=15, 56=13, 63=13, 62=12, 61=13, 60=11, 68=13, 69=14, 70=15, 71=12, 64=12, 65=12, 66=14, 67=14, 76=10, 77=13, 78=15, 79=14, 72=14, 73=12, 74=13, 75=13, 85=15, 84=13, 87=11, 86=14, 81=13, 80=12, 83=12, 82=12, 93=14, 92=15, 95=13, 94=11, 89=15, 88=12, 91=12, 90=14, 98=13, 99=15, 96=15, 97=12}
Avg distance between not played chunks: 2.0725670573084534
Min distance between not played chunks: 1.0
Max distance between not played chunks: 10.444444444444445

HELPING PEERS LOG

[HELPING] Active nodes: 9
[HELPING] Started playbacks: 9
[HELPING] Not started playbacks node-ids: []
[HELPING] Playbacks time-window: 80
[HELPING] Missing chunks distribution [missed-chunks/nodes]: {0=9}
[HELPING] Rejected chunks for ttl expiration [chunk-id/nodes]: 1 {0=4}
[HELPING] Rejected chunks for capacity limit [chunk-id/nodes]: 0 {}
[HELPING] bandwidthUtilUp: 0.014054204238853516
[HELPING] bandwidthUtilDown: 0.007715129222602806
[HELPING] Avg # of unsent chunk for max-retries: 0.0
[HELPING] Min # of unsent chunk for max-retries: 0.0
[HELPING] Max # of unsent chunk for max-retries: 0.0
[HELPING] Avg # of unsent chunk-reqs for max-retries: 0.0
[HELPING] Min # of unsent chunk-reqs for max-retries: 0.0
[HELPING] Max # of unsent chunk-reqs for max-retries: 0.0
[HELPING] Avg % of chunks received by Pastry: 8.666666666666666
[HELPING] Min % of chunks received by Pastry: 0.0
[HELPING] Max % of chunks received by Pastry: 19.0
[HELPING] StD of chunks received by Pastry: 6.892024376045112
[HELPING] Var of chunks received by Pastry: 47.50000000000001
[HELPING] Avg % of chunks received by StarStream: 90.66666666666667
[HELPING] Min % of chunks received by StarStream: 80.0
[HELPING] Max % of chunks received by StarStream: 100.0
[HELPING] StD of chunks received by StarStream: 7.3484692283495345
[HELPING] Var of chunks received by StarStream: 54.0
[HELPING] Startup Delay: 83.66666666666667
[HELPING] Latency: 8.792895622895621
[HELPING] Min of perceived avg chunk delivery-time: 7.9
[HELPING] Max of perceived avg chunk delivery-time: 9.767676767676768
[HELPING] Variance of perceived avg chunk delivery-time: 0.336837001326435
[HELPING] StD of perceived avg chunk delivery-time: 0.5803766030143144
[HELPING] Avg messages sent per node: 6618.555555555556
[HELPING] Min messages sent per node: 5047.0
[HELPING] Max messages sent per node: 8229.0
[HELPING] Variance of messages sent per node: 1317452.0277777733
[HELPING] StD of messages sent per node: 1147.8031311064512
[HELPING] Nodes with incomplete playbacks: 5
[HELPING] Packet Loss: 20.666666666666668
[HELPING] Min % of not played chunks: 0.0
[HELPING] Max % of not played chunks: 64.0
[HELPING] Not played chunks [chunk-id/nodes]: {2=1, 3=1, 4=2, 5=2, 6=1, 7=1, 8=1, 9=1, 10=1, 11=2, 12=1, 13=2, 14=3, 15=2, 17=2, 16=2, 19=2, 18=1, 21=1, 20=2, 23=3, 22=1, 25=2, 24=2, 27=2, 26=3, 29=3, 28=2, 31=1, 30=2, 34=1, 35=3, 32=2, 33=2, 38=2, 39=1, 37=1, 42=4, 43=2, 40=1, 41=1, 46=3, 47=2, 44=5, 45=2, 51=2, 50=3, 49=1, 48=2, 55=2, 54=2, 53=1, 52=1, 59=2, 58=3, 56=2, 63=3, 62=2, 61=3, 60=2, 68=1, 69=1, 70=2, 71=2, 64=3, 65=1, 66=1, 67=1, 76=2, 77=2, 78=3, 79=1, 72=4, 73=3, 74=1, 75=1, 85=4, 84=2, 87=4, 86=1, 81=1, 80=1, 83=2, 82=2, 93=3, 92=2, 95=2, 94=2, 89=3, 88=3, 90=4, 98=3, 99=1, 96=2}
[HELPING] Avg distance between not played chunks: 3.783730158730159
[HELPING] Min distance between not played chunks: 1.507936507936508
[HELPING] Max distance between not played chunks: 9.625

