Total chunks: 100
Nodes x chunk: 4
Total nodes: 42
Active nodes: 30
Started playbacks: 30
Not started playbacks node-ids: []
Playbacks time-window: 430
Missing chunks distribution [missed-chunks/nodes]: {0=29, 7=1}
Rejected chunks for ttl expiration [chunk-id/nodes]: 7 {1=1, 2=1, 3=1, 4=1, 5=1, 6=1, 7=1}
Rejected chunks for capacity limit [chunk-id/nodes]: 0 {}
bandwidthUtilUp: 0.013731043726532758
bandwidthUtilDown: 0.0072167207542882675
Avg # of unsent chunk for max-retries: 0.0
Min # of unsent chunk for max-retries: 0.0
Max # of unsent chunk for max-retries: 0.0
Avg # of unsent chunk-reqs for max-retries: 0.0
Min # of unsent chunk-reqs for max-retries: 0.0
Max # of unsent chunk-reqs for max-retries: 0.0
Avg % of chunks received by Pastry: 10.4
Min % of chunks received by Pastry: 1.0
Max % of chunks received by Pastry: 26.0
StD of chunks received by Pastry: 5.32787076575171
Var of chunks received by Pastry: 28.38620689655171
Avg % of chunks received by StarStream: 88.66666666666667
Min % of chunks received by StarStream: 73.0
Max % of chunks received by StarStream: 99.0
StD of chunks received by StarStream: 5.4540926318482645
Var of chunks received by StarStream: 29.747126436781528
[NONMOJO] Startup Delay: 85.86666666666666
[MOJO] Startup Delay: 59.9
[MOJO] Latency: 21.187273825208617
Min of perceived avg chunk delivery-time: 7.17
Max of perceived avg chunk delivery-time: 159.0
Variance of perceived avg chunk delivery-time: 902.2725377691897
StD of perceived avg chunk delivery-time: 30.037851750236563
Avg messages sent per node: 8381.3
Min messages sent per node: 4223.0
Max messages sent per node: 12496.0
Variance of messages sent per node: 4065413.1137931193
StD of messages sent per node: 2016.2869621641457
Nodes with incomplete playbacks: 22
[MOJO] Continuity Index: 55.766666666666666
[MOJO] Packet Loss: 44.233333333333334
Min % of not played chunks: 0.0
Max % of not played chunks: 99.0
Not played chunks [chunk-id/nodes]: {1=15, 2=15, 3=13, 4=16, 5=16, 6=13, 7=15, 8=15, 9=12, 10=8, 11=13, 12=10, 13=12, 14=12, 15=15, 17=11, 16=17, 19=14, 18=14, 21=12, 20=8, 23=13, 22=14, 25=16, 24=13, 27=14, 26=17, 29=11, 28=11, 31=8, 30=16, 34=14, 35=14, 32=13, 33=12, 38=15, 39=11, 36=14, 37=14, 42=13, 43=12, 40=16, 41=11, 46=16, 47=11, 44=14, 45=14, 51=15, 50=12, 49=12, 48=11, 55=12, 54=9, 53=13, 52=12, 59=10, 58=13, 57=15, 56=16, 63=15, 62=16, 61=17, 60=9, 68=15, 69=13, 70=12, 71=13, 64=12, 65=17, 66=13, 67=16, 76=18, 77=12, 78=15, 79=16, 72=16, 73=17, 74=10, 75=13, 85=10, 84=11, 87=17, 86=16, 81=14, 80=13, 83=15, 82=15, 93=10, 92=14, 95=14, 94=12, 89=16, 88=14, 91=15, 90=9, 98=10, 99=13, 96=17, 97=14}
Avg distance between not played chunks: 2.0292681256179774
Min distance between not played chunks: 1.0
Max distance between not played chunks: 9.857142857142858

HELPING PEERS LOG

[HELPING] Active nodes: 12
[HELPING] Started playbacks: 12
[HELPING] Not started playbacks node-ids: []
[HELPING] Playbacks time-window: 69
[HELPING] Missing chunks distribution [missed-chunks/nodes]: {0=12}
[HELPING] Rejected chunks for ttl expiration [chunk-id/nodes]: 1 {0=1}
[HELPING] Rejected chunks for capacity limit [chunk-id/nodes]: 0 {}
[HELPING] bandwidthUtilUp: 0.0174877469647159
[HELPING] bandwidthUtilDown: 0.018552520150433346
[HELPING] Avg # of unsent chunk for max-retries: 0.0
[HELPING] Min # of unsent chunk for max-retries: 0.0
[HELPING] Max # of unsent chunk for max-retries: 0.0
[HELPING] Avg # of unsent chunk-reqs for max-retries: 0.0
[HELPING] Min # of unsent chunk-reqs for max-retries: 0.0
[HELPING] Max # of unsent chunk-reqs for max-retries: 0.0
[HELPING] Avg % of chunks received by Pastry: 7.166666666666667
[HELPING] Min % of chunks received by Pastry: 0.0
[HELPING] Max % of chunks received by Pastry: 15.0
[HELPING] StD of chunks received by Pastry: 4.858606858561474
[HELPING] Var of chunks received by Pastry: 23.606060606060602
[HELPING] Avg % of chunks received by StarStream: 92.0
[HELPING] Min % of chunks received by StarStream: 84.0
[HELPING] Max % of chunks received by StarStream: 100.0
[HELPING] StD of chunks received by StarStream: 5.13455318052464
[HELPING] Var of chunks received by StarStream: 26.3636363636357
[HELPING] Startup Delay: 80.16666666666667
[HELPING] Latency: 8.74712962962963
[HELPING] Min of perceived avg chunk delivery-time: 7.36
[HELPING] Max of perceived avg chunk delivery-time: 9.83
[HELPING] Variance of perceived avg chunk delivery-time: 0.5800768223248735
[HELPING] StD of perceived avg chunk delivery-time: 0.7616277452436153
[HELPING] Avg messages sent per node: 3530.6666666666665
[HELPING] Min messages sent per node: 954.0
[HELPING] Max messages sent per node: 5568.0
[HELPING] Variance of messages sent per node: 1606181.8787878798
[HELPING] StD of messages sent per node: 1267.3523104440533
[HELPING] Nodes with incomplete playbacks: 6
[HELPING] Packet Loss: 33.25
[HELPING] Min % of not played chunks: 0.0
[HELPING] Max % of not played chunks: 99.0
[HELPING] Not played chunks [chunk-id/nodes]: {1=4, 2=4, 3=3, 4=2, 5=4, 6=3, 7=4, 8=4, 9=5, 10=3, 11=4, 12=3, 13=5, 14=4, 15=3, 17=3, 16=3, 19=5, 18=5, 21=4, 20=5, 23=4, 22=4, 25=3, 24=2, 27=4, 26=5, 29=4, 28=5, 31=4, 30=4, 34=3, 35=5, 32=3, 33=4, 38=4, 39=3, 36=3, 37=4, 42=2, 43=5, 40=3, 41=4, 46=5, 47=5, 44=3, 45=4, 51=5, 50=4, 49=5, 48=4, 55=5, 54=4, 53=4, 52=5, 59=4, 58=5, 57=5, 56=4, 63=5, 62=5, 61=4, 60=5, 68=4, 69=5, 70=5, 71=3, 64=4, 65=4, 66=4, 67=3, 76=4, 77=4, 78=3, 79=3, 72=6, 73=5, 74=4, 75=4, 85=5, 84=4, 87=3, 86=4, 81=4, 80=2, 83=5, 82=4, 93=2, 92=5, 95=5, 94=5, 89=4, 88=4, 91=4, 90=5, 98=4, 99=4, 96=5, 97=4}
[HELPING] Avg distance between not played chunks: 2.0374994912867597
[HELPING] Min distance between not played chunks: 1.0
[HELPING] Max distance between not played chunks: 5.6

