Total chunks: 100
Nodes x chunk: 4
Total nodes: 45
Active nodes: 30
Started playbacks: 30
Not started playbacks node-ids: []
Playbacks time-window: 104
Missing chunks distribution [missed-chunks/nodes]: {0=29, 1=1}
Rejected chunks for ttl expiration [chunk-id/nodes]: 2 {0=2, 1=1}
Rejected chunks for capacity limit [chunk-id/nodes]: 0 {}
bandwidthUtilUp: 0.014323111472365485
bandwidthUtilDown: 0.008439070156544553
Avg # of unsent chunk for max-retries: 0.0
Min # of unsent chunk for max-retries: 0.0
Max # of unsent chunk for max-retries: 0.0
Avg # of unsent chunk-reqs for max-retries: 0.0
Min # of unsent chunk-reqs for max-retries: 0.0
Max # of unsent chunk-reqs for max-retries: 0.0
Avg % of chunks received by Pastry: 9.366666666666667
Min % of chunks received by Pastry: 0.0
Max % of chunks received by Pastry: 18.0
StD of chunks received by Pastry: 5.5676611404352405
Var of chunks received by Pastry: 30.998850574712645
Avg % of chunks received by StarStream: 89.66666666666667
Min % of chunks received by StarStream: 81.0
Max % of chunks received by StarStream: 100.0
StD of chunks received by StarStream: 5.628335537220514
Var of chunks received by StarStream: 31.678160919539334
[NONMOJO] Startup Delay: 83.63333333333334
[MOJO] Startup Delay: 71.2
[MOJO] Latency: 8.613182848897136
Min of perceived avg chunk delivery-time: 7.13
Max of perceived avg chunk delivery-time: 10.21
Variance of perceived avg chunk delivery-time: 0.5788045370927511
StD of perceived avg chunk delivery-time: 0.760792045892142
Avg messages sent per node: 7009.566666666667
Min messages sent per node: 4517.0
Max messages sent per node: 9831.0
Variance of messages sent per node: 1974105.564367815
StD of messages sent per node: 1405.0286703010067
Nodes with incomplete playbacks: 22
[MOJO] Continuity Index: 61.0
[MOJO] Packet Loss: 39.0
Min % of not played chunks: 0.0
Max % of not played chunks: 99.0
Not played chunks [chunk-id/nodes]: {1=11, 2=12, 3=10, 4=11, 5=12, 6=12, 7=12, 8=11, 9=9, 10=10, 11=12, 12=10, 13=10, 14=13, 15=12, 17=12, 16=12, 19=12, 18=14, 21=12, 20=11, 23=13, 22=11, 25=10, 24=12, 27=13, 26=16, 29=14, 28=9, 31=10, 30=14, 34=8, 35=8, 32=12, 33=13, 38=10, 39=10, 36=11, 37=10, 42=11, 43=10, 40=16, 41=14, 46=10, 47=11, 44=14, 45=12, 51=11, 50=16, 49=11, 48=13, 55=15, 54=12, 53=14, 52=12, 59=16, 58=12, 57=11, 56=10, 63=13, 62=12, 61=9, 60=11, 68=13, 69=12, 70=9, 71=13, 64=14, 65=14, 66=13, 67=13, 76=11, 77=10, 78=13, 79=9, 72=14, 73=12, 74=10, 75=10, 85=11, 84=8, 87=11, 86=13, 81=13, 80=14, 83=13, 82=14, 93=11, 92=15, 95=11, 94=12, 89=10, 88=10, 91=11, 90=17, 98=11, 99=13, 96=11, 97=11}
Avg distance between not played chunks: 4.262939256449243
Min distance between not played chunks: 1.0
Max distance between not played chunks: 45.0

HELPING PEERS LOG

[HELPING] Active nodes: 15
[HELPING] Started playbacks: 15
[HELPING] Not started playbacks node-ids: []
[HELPING] Playbacks time-window: 85
[HELPING] Missing chunks distribution [missed-chunks/nodes]: {0=15}
[HELPING] Rejected chunks for ttl expiration [chunk-id/nodes]: 1 {0=1}
[HELPING] Rejected chunks for capacity limit [chunk-id/nodes]: 0 {}
[HELPING] bandwidthUtilUp: 0.014201403287835103
[HELPING] bandwidthUtilDown: 0.007814753386342459
[HELPING] Avg # of unsent chunk for max-retries: 0.0
[HELPING] Min # of unsent chunk for max-retries: 0.0
[HELPING] Max # of unsent chunk for max-retries: 0.0
[HELPING] Avg # of unsent chunk-reqs for max-retries: 0.0
[HELPING] Min # of unsent chunk-reqs for max-retries: 0.0
[HELPING] Max # of unsent chunk-reqs for max-retries: 0.0
[HELPING] Avg % of chunks received by Pastry: 8.6
[HELPING] Min % of chunks received by Pastry: 0.0
[HELPING] Max % of chunks received by Pastry: 17.0
[HELPING] StD of chunks received by Pastry: 5.138093031466052
[HELPING] Var of chunks received by Pastry: 26.4
[HELPING] Avg % of chunks received by StarStream: 90.53333333333333
[HELPING] Min % of chunks received by StarStream: 82.0
[HELPING] Max % of chunks received by StarStream: 100.0
[HELPING] StD of chunks received by StarStream: 5.383395989610458
[HELPING] Var of chunks received by StarStream: 28.980952380953955
[HELPING] Startup Delay: 85.06666666666666
[HELPING] Latency: 8.672148148148148
[HELPING] Min of perceived avg chunk delivery-time: 7.27
[HELPING] Max of perceived avg chunk delivery-time: 10.1
[HELPING] Variance of perceived avg chunk delivery-time: 0.5967848958075247
[HELPING] StD of perceived avg chunk delivery-time: 0.7725185407532461
[HELPING] Avg messages sent per node: 6679.933333333333
[HELPING] Min messages sent per node: 4558.0
[HELPING] Max messages sent per node: 8840.0
[HELPING] Variance of messages sent per node: 1998073.0666666636
[HELPING] StD of messages sent per node: 1413.532124384396
[HELPING] Nodes with incomplete playbacks: 8
[HELPING] Packet Loss: 25.266666666666666
[HELPING] Min % of not played chunks: 0.0
[HELPING] Max % of not played chunks: 99.0
[HELPING] Not played chunks [chunk-id/nodes]: {1=3, 2=3, 3=5, 4=3, 5=4, 6=5, 7=4, 8=4, 9=4, 10=3, 11=2, 12=5, 13=4, 14=5, 15=3, 17=4, 16=2, 19=3, 18=4, 21=5, 20=2, 23=3, 22=4, 25=3, 24=4, 27=3, 26=3, 29=3, 28=2, 31=5, 30=3, 34=3, 35=4, 32=2, 33=4, 38=4, 39=5, 36=4, 37=4, 42=5, 43=5, 40=4, 41=4, 46=4, 47=4, 44=5, 45=2, 51=5, 50=3, 49=5, 48=4, 55=2, 54=3, 53=4, 52=2, 59=2, 58=4, 57=3, 56=4, 63=4, 62=3, 61=6, 60=4, 68=4, 69=5, 70=4, 71=5, 64=4, 65=2, 66=4, 67=3, 76=4, 77=5, 78=5, 79=3, 72=5, 73=3, 74=6, 75=5, 85=4, 84=4, 87=4, 86=5, 81=4, 80=4, 83=3, 82=5, 93=6, 92=5, 95=5, 94=3, 89=3, 88=4, 91=3, 90=3, 98=5, 99=3, 96=4, 97=4}
[HELPING] Avg distance between not played chunks: 4.649807741632399
[HELPING] Min distance between not played chunks: 1.0
[HELPING] Max distance between not played chunks: 12.5

