Total chunks: 100
Nodes x chunk: 4
Total nodes: 48
Active nodes: 30
Started playbacks: 30
Not started playbacks node-ids: []
Playbacks time-window: 73
Missing chunks distribution [missed-chunks/nodes]: {0=30}
Rejected chunks for ttl expiration [chunk-id/nodes]: 1 {0=1}
Rejected chunks for capacity limit [chunk-id/nodes]: 0 {}
bandwidthUtilUp: 0.012954538329070462
bandwidthUtilDown: 0.006552876847859467
Avg # of unsent chunk for max-retries: 0.0
Min # of unsent chunk for max-retries: 0.0
Max # of unsent chunk for max-retries: 0.0
Avg # of unsent chunk-reqs for max-retries: 0.0
Min # of unsent chunk-reqs for max-retries: 0.0
Max # of unsent chunk-reqs for max-retries: 0.0
Avg % of chunks received by Pastry: 11.733333333333333
Min % of chunks received by Pastry: 1.0
Max % of chunks received by Pastry: 20.0
StD of chunks received by Pastry: 4.298623142302691
Var of chunks received by Pastry: 18.478160919540255
Avg % of chunks received by StarStream: 87.3
Min % of chunks received by StarStream: 80.0
Max % of chunks received by StarStream: 98.0
StD of chunks received by StarStream: 4.235726538664374
Var of chunks received by StarStream: 17.94137931034568
[NONMOJO] Startup Delay: 80.96666666666667
[MOJO] Startup Delay: 60.2
[MOJO] Latency: 21.716146464646474
Min of perceived avg chunk delivery-time: 6.68
Max of perceived avg chunk delivery-time: 153.0
Variance of perceived avg chunk delivery-time: 844.4655213060669
StD of perceived avg chunk delivery-time: 29.059688940284044
Avg messages sent per node: 7178.1
Min messages sent per node: 3941.0
Max messages sent per node: 11420.0
Variance of messages sent per node: 3170568.575862066
StD of messages sent per node: 1780.6090463271453
Nodes with incomplete playbacks: 22
[MOJO] Continuity Index: 52.43333333333333
[MOJO] Packet Loss: 47.56666666666667
Min % of not played chunks: 0.0
Max % of not played chunks: 99.0
Not played chunks [chunk-id/nodes]: {1=17, 2=15, 3=13, 4=16, 5=15, 6=14, 7=13, 8=12, 9=15, 10=16, 11=17, 12=10, 13=12, 14=16, 15=13, 17=17, 16=15, 19=9, 18=15, 21=12, 20=15, 23=13, 22=15, 25=12, 24=12, 27=13, 26=14, 29=17, 28=12, 31=9, 30=10, 34=15, 35=16, 32=15, 33=13, 38=18, 39=14, 36=14, 37=13, 42=14, 43=12, 40=14, 41=17, 46=15, 47=17, 44=9, 45=12, 51=17, 50=16, 49=14, 48=16, 55=15, 54=13, 53=17, 52=10, 59=13, 58=16, 57=16, 56=14, 63=15, 62=12, 61=16, 60=17, 68=14, 69=15, 70=14, 71=15, 64=16, 65=15, 66=17, 67=12, 76=14, 77=13, 78=12, 79=13, 72=12, 73=12, 74=16, 75=16, 85=16, 84=16, 87=14, 86=12, 81=19, 80=16, 83=15, 82=15, 93=13, 92=17, 95=16, 94=17, 89=13, 88=17, 91=18, 90=17, 98=19, 99=12, 96=14, 97=16}
Avg distance between not played chunks: 1.9839706946874776
Min distance between not played chunks: 1.0
Max distance between not played chunks: 10.0

HELPING PEERS LOG

[HELPING] Active nodes: 18
[HELPING] Started playbacks: 18
[HELPING] Not started playbacks node-ids: []
[HELPING] Playbacks time-window: 204
[HELPING] Missing chunks distribution [missed-chunks/nodes]: {0=17, 4=1}
[HELPING] Rejected chunks for ttl expiration [chunk-id/nodes]: 4 {0=1, 1=1, 2=1, 3=1}
[HELPING] Rejected chunks for capacity limit [chunk-id/nodes]: 0 {}
[HELPING] bandwidthUtilUp: 0.015348722138170965
[HELPING] bandwidthUtilDown: 0.013635779450571907
[HELPING] Avg # of unsent chunk for max-retries: 0.0
[HELPING] Min # of unsent chunk for max-retries: 0.0
[HELPING] Max # of unsent chunk for max-retries: 0.0
[HELPING] Avg # of unsent chunk-reqs for max-retries: 0.0
[HELPING] Min # of unsent chunk-reqs for max-retries: 0.0
[HELPING] Max # of unsent chunk-reqs for max-retries: 0.0
[HELPING] Avg % of chunks received by Pastry: 10.555555555555555
[HELPING] Min % of chunks received by Pastry: 0.0
[HELPING] Max % of chunks received by Pastry: 18.0
[HELPING] StD of chunks received by Pastry: 5.596450789376112
[HELPING] Var of chunks received by Pastry: 31.320261437908506
[HELPING] Avg % of chunks received by StarStream: 88.61111111111111
[HELPING] Min % of chunks received by StarStream: 81.0
[HELPING] Max % of chunks received by StarStream: 100.0
[HELPING] StD of chunks received by StarStream: 5.912488168264587
[HELPING] Var of chunks received by StarStream: 34.957516339868725
[HELPING] Startup Delay: 101.33333333333333
[HELPING] Latency: 9.401325757575757
[HELPING] Min of perceived avg chunk delivery-time: 7.45
[HELPING] Max of perceived avg chunk delivery-time: 10.727272727272727
[HELPING] Variance of perceived avg chunk delivery-time: 0.4635550995884564
[HELPING] StD of perceived avg chunk delivery-time: 0.6808488081714298
[HELPING] Avg messages sent per node: 3212.3333333333335
[HELPING] Min messages sent per node: 834.0
[HELPING] Max messages sent per node: 5664.0
[HELPING] Variance of messages sent per node: 1495880.235294116
[HELPING] StD of messages sent per node: 1223.0618280749816
[HELPING] Nodes with incomplete playbacks: 13
[HELPING] Packet Loss: 27.666666666666668
[HELPING] Min % of not played chunks: 0.0
[HELPING] Max % of not played chunks: 93.0
[HELPING] Not played chunks [chunk-id/nodes]: {1=5, 2=7, 3=4, 4=6, 5=4, 6=4, 7=3, 8=4, 9=6, 10=3, 11=5, 12=5, 13=5, 14=4, 15=5, 17=3, 16=6, 19=3, 18=5, 21=5, 20=2, 23=9, 22=3, 25=3, 24=6, 27=5, 26=4, 29=9, 28=3, 31=4, 30=5, 34=6, 35=7, 32=4, 33=4, 38=1, 39=2, 36=4, 37=4, 42=2, 43=6, 40=5, 41=4, 46=6, 47=5, 44=6, 45=5, 51=6, 50=7, 49=7, 48=6, 55=4, 54=5, 53=4, 52=6, 59=4, 58=5, 57=5, 56=3, 63=6, 62=4, 61=7, 60=6, 68=3, 69=4, 70=6, 71=7, 64=5, 65=4, 66=4, 67=7, 76=5, 77=5, 78=5, 79=7, 72=6, 73=7, 74=5, 75=5, 85=5, 84=5, 87=2, 86=3, 81=8, 80=6, 83=7, 82=2, 93=7, 92=6, 95=7, 94=5, 89=5, 88=7, 91=10, 90=7, 98=3, 99=6, 96=6, 97=5}
[HELPING] Avg distance between not played chunks: 4.979507101835794
[HELPING] Min distance between not played chunks: 1.0
[HELPING] Max distance between not played chunks: 27.5

