Total chunks: 100
Nodes x chunk: 4
Total nodes: 32
Active nodes: 32
Started playbacks: 32
Not started playbacks node-ids: []
Playbacks time-window: 214
Missing chunks distribution [missed-chunks/nodes]: {0=29, 3=2, 4=1}
Rejected chunks for ttl expiration [chunk-id/nodes]: 4 {0=5, 1=3, 2=3, 3=1}
Rejected chunks for capacity limit [chunk-id/nodes]: 0 {}
bandwidthUtilUp: 0.012452920136601287
bandwidthUtilDown: 0.007891237720882002
Avg # of unsent chunk for max-retries: 0.0
Min # of unsent chunk for max-retries: 0.0
Max # of unsent chunk for max-retries: 0.0
Avg # of unsent chunk-reqs for max-retries: 0.0
Min # of unsent chunk-reqs for max-retries: 0.0
Max # of unsent chunk-reqs for max-retries: 0.0
Avg % of chunks received by Pastry: 9.90625
Min % of chunks received by Pastry: 0.0
Max % of chunks received by Pastry: 24.0
StD of chunks received by Pastry: 5.877015783212517
Var of chunks received by Pastry: 34.53931451612903
Avg % of chunks received by StarStream: 89.1875
Min % of chunks received by StarStream: 75.0
Max % of chunks received by StarStream: 100.0
StD of chunks received by StarStream: 6.0345109644978825
Var of chunks received by StarStream: 36.41532258064516
[NONMOJO] Startup Delay: 70.09375
[MOJO] Startup Delay: 86.8
[MOJO] Latency: 8.468184470347808
Min of perceived avg chunk delivery-time: 6.79
Max of perceived avg chunk delivery-time: 9.93939393939394
Variance of perceived avg chunk delivery-time: 0.5779983133671639
StD of perceived avg chunk delivery-time: 0.7602620031062738
Avg messages sent per node: 4466.96875
Min messages sent per node: 2223.0
Max messages sent per node: 8749.0
Variance of messages sent per node: 3102853.0635080645
StD of messages sent per node: 1761.4917154241925
Nodes with incomplete playbacks: 20
[MOJO] Continuity Index: 74.65625
[MOJO] Packet Loss: 25.34375
Min % of not played chunks: 0.0
Max % of not played chunks: 99.0
Not played chunks [chunk-id/nodes]: {1=10, 2=12, 3=9, 4=9, 5=8, 6=7, 7=6, 8=8, 9=7, 10=9, 11=10, 12=7, 13=8, 14=8, 15=7, 17=7, 16=9, 19=6, 18=5, 21=9, 20=7, 23=9, 22=9, 25=9, 24=8, 27=8, 26=9, 29=8, 28=8, 31=9, 30=7, 34=9, 35=8, 32=7, 33=8, 38=6, 39=8, 36=6, 37=9, 42=7, 43=8, 40=8, 41=7, 46=6, 47=8, 44=10, 45=7, 51=8, 50=10, 49=8, 48=9, 55=9, 54=8, 53=9, 52=8, 59=10, 58=7, 57=7, 56=8, 63=8, 62=10, 61=8, 60=8, 68=8, 69=12, 70=9, 71=8, 64=8, 65=9, 66=7, 67=8, 76=8, 77=10, 78=9, 79=10, 72=7, 73=8, 74=8, 75=9, 85=8, 84=7, 87=8, 86=9, 81=8, 80=10, 83=9, 82=8, 93=9, 92=8, 95=7, 94=9, 89=8, 88=7, 91=7, 90=7, 98=11, 99=8, 96=9, 97=7}
Avg distance between not played chunks: 7.361951529602688
Min distance between not played chunks: 1.0
Max distance between not played chunks: 70.0

HELPING PEERS LOG

[HELPING] Active nodes: 0
[HELPING] Started playbacks: 0
[HELPING] Not started playbacks node-ids: []
[HELPING] Playbacks time-window: -9223372036854775807
[HELPING] Missing chunks distribution [missed-chunks/nodes]: {}
[HELPING] Rejected chunks for ttl expiration [chunk-id/nodes]: 0 {}
[HELPING] Rejected chunks for capacity limit [chunk-id/nodes]: 0 {}
[HELPING] bandwidthUtilUp: NaN
[HELPING] bandwidthUtilDown: NaN
[HELPING] Avg # of unsent chunk for max-retries: NaN
[HELPING] Min # of unsent chunk for max-retries: Infinity
[HELPING] Max # of unsent chunk for max-retries: -Infinity
[HELPING] Avg # of unsent chunk-reqs for max-retries: NaN
[HELPING] Min # of unsent chunk-reqs for max-retries: Infinity
[HELPING] Max # of unsent chunk-reqs for max-retries: -Infinity
[HELPING] Avg % of chunks received by Pastry: NaN
[HELPING] Min % of chunks received by Pastry: Infinity
[HELPING] Max % of chunks received by Pastry: -Infinity
[HELPING] StD of chunks received by Pastry: 0.0
[HELPING] Var of chunks received by Pastry: 0.0
[HELPING] Avg % of chunks received by StarStream: NaN
[HELPING] Min % of chunks received by StarStream: Infinity
[HELPING] Max % of chunks received by StarStream: -Infinity
[HELPING] StD of chunks received by StarStream: 0.0
[HELPING] Var of chunks received by StarStream: 0.0
[HELPING] Latency: NaN
[HELPING] Min of perceived avg chunk delivery-time: Infinity
[HELPING] Max of perceived avg chunk delivery-time: -Infinity
[HELPING] Variance of perceived avg chunk delivery-time: 0.0
[HELPING] StD of perceived avg chunk delivery-time: 0.0
[HELPING] Avg messages sent per node: NaN
[HELPING] Min messages sent per node: Infinity
[HELPING] Max messages sent per node: -Infinity
[HELPING] Variance of messages sent per node: 0.0
[HELPING] StD of messages sent per node: 0.0
[HELPING] Nodes with incomplete playbacks: 0
[HELPING] Packet Loss: NaN
[HELPING] Min % of not played chunks: Infinity
[HELPING] Max % of not played chunks: -Infinity
[HELPING] Not played chunks [chunk-id/nodes]: {}
[HELPING] Avg distance between not played chunks: NaN
[HELPING] Min distance between not played chunks: Infinity
[HELPING] Max distance between not played chunks: -Infinity

