Total chunks: 100
Nodes x chunk: 4
Total nodes: 32
Active nodes: 32
Started playbacks: 32
Not started playbacks node-ids: []
Playbacks time-window: 158
Missing chunks distribution [missed-chunks/nodes]: {0=28, 1=2, 3=2}
Rejected chunks for ttl expiration [chunk-id/nodes]: 4 {1=3, 2=1, 81=2, 90=1}
Rejected chunks for capacity limit [chunk-id/nodes]: 0 {}
bandwidthUtilUp: 0.010651055673317148
bandwidthUtilDown: 0.006309832409860308
Avg # of unsent chunk for max-retries: 0.0
Min # of unsent chunk for max-retries: 0.0
Max # of unsent chunk for max-retries: 0.0
Avg # of unsent chunk-reqs for max-retries: 0.0
Min # of unsent chunk-reqs for max-retries: 0.0
Max # of unsent chunk-reqs for max-retries: 0.0
Avg % of chunks received by Pastry: 11.78125
Min % of chunks received by Pastry: 0.0
Max % of chunks received by Pastry: 29.0
StD of chunks received by Pastry: 6.833194005922899
Var of chunks received by Pastry: 46.69254032258064
Avg % of chunks received by StarStream: 87.375
Min % of chunks received by StarStream: 70.0
Max % of chunks received by StarStream: 100.0
StD of chunks received by StarStream: 6.927039119836262
Var of chunks received by StarStream: 47.983870967741936
[NONMOJO] Startup Delay: 63.0625
[MOJO] Startup Delay: 89.6
[MOJO] Latency: 9.316254554124642
Min of perceived avg chunk delivery-time: 6.23
Max of perceived avg chunk delivery-time: 11.864583333333334
Variance of perceived avg chunk delivery-time: 1.409928595387115
StD of perceived avg chunk delivery-time: 1.187404141557168
Avg messages sent per node: 2748.65625
Min messages sent per node: 1360.0
Max messages sent per node: 6087.0
Variance of messages sent per node: 758236.4909274193
StD of messages sent per node: 870.7677594671379
Nodes with incomplete playbacks: 24
[MOJO] Continuity Index: 71.65625
[MOJO] Packet Loss: 28.34375
Min % of not played chunks: 0.0
Max % of not played chunks: 99.0
Not played chunks [chunk-id/nodes]: {1=12, 2=11, 3=10, 4=8, 5=9, 6=9, 7=7, 8=7, 9=10, 10=6, 11=10, 12=9, 13=10, 14=10, 15=10, 17=10, 16=8, 19=7, 18=7, 21=7, 20=13, 23=5, 22=9, 25=10, 24=12, 27=11, 26=11, 29=6, 28=7, 31=7, 30=9, 34=5, 35=8, 32=10, 33=9, 38=6, 39=7, 36=13, 37=9, 42=10, 43=12, 40=8, 41=10, 46=6, 47=8, 44=9, 45=9, 51=12, 50=12, 49=11, 48=7, 55=10, 54=10, 53=9, 52=9, 59=11, 58=11, 57=8, 56=7, 63=8, 62=10, 61=10, 60=11, 68=8, 69=7, 70=11, 71=11, 64=10, 65=9, 66=8, 67=8, 76=5, 77=10, 78=8, 79=11, 72=7, 73=10, 74=9, 75=10, 85=10, 84=6, 87=11, 86=8, 81=9, 80=8, 83=8, 82=8, 93=8, 92=10, 95=8, 94=12, 89=9, 88=11, 91=10, 90=14, 98=12, 99=10, 96=11, 97=10}
Avg distance between not played chunks: 6.8450497772688
Min distance between not played chunks: 1.0
Max distance between not played chunks: 44.5

HELPING PEERS LOG

[HELPING] Active nodes: 0
[HELPING] Started playbacks: 0
[HELPING] Not started playbacks node-ids: []
[HELPING] Playbacks time-window: -9223372036854775807
[HELPING] Missing chunks distribution [missed-chunks/nodes]: {}
[HELPING] Rejected chunks for ttl expiration [chunk-id/nodes]: 0 {}
[HELPING] Rejected chunks for capacity limit [chunk-id/nodes]: 0 {}
[HELPING] bandwidthUtilUp: NaN
[HELPING] bandwidthUtilDown: NaN
[HELPING] Avg # of unsent chunk for max-retries: NaN
[HELPING] Min # of unsent chunk for max-retries: Infinity
[HELPING] Max # of unsent chunk for max-retries: -Infinity
[HELPING] Avg # of unsent chunk-reqs for max-retries: NaN
[HELPING] Min # of unsent chunk-reqs for max-retries: Infinity
[HELPING] Max # of unsent chunk-reqs for max-retries: -Infinity
[HELPING] Avg % of chunks received by Pastry: NaN
[HELPING] Min % of chunks received by Pastry: Infinity
[HELPING] Max % of chunks received by Pastry: -Infinity
[HELPING] StD of chunks received by Pastry: 0.0
[HELPING] Var of chunks received by Pastry: 0.0
[HELPING] Avg % of chunks received by StarStream: NaN
[HELPING] Min % of chunks received by StarStream: Infinity
[HELPING] Max % of chunks received by StarStream: -Infinity
[HELPING] StD of chunks received by StarStream: 0.0
[HELPING] Var of chunks received by StarStream: 0.0
[HELPING] Latency: NaN
[HELPING] Min of perceived avg chunk delivery-time: Infinity
[HELPING] Max of perceived avg chunk delivery-time: -Infinity
[HELPING] Variance of perceived avg chunk delivery-time: 0.0
[HELPING] StD of perceived avg chunk delivery-time: 0.0
[HELPING] Avg messages sent per node: NaN
[HELPING] Min messages sent per node: Infinity
[HELPING] Max messages sent per node: -Infinity
[HELPING] Variance of messages sent per node: 0.0
[HELPING] StD of messages sent per node: 0.0
[HELPING] Nodes with incomplete playbacks: 0
[HELPING] Packet Loss: NaN
[HELPING] Min % of not played chunks: Infinity
[HELPING] Max % of not played chunks: -Infinity
[HELPING] Not played chunks [chunk-id/nodes]: {}
[HELPING] Avg distance between not played chunks: NaN
[HELPING] Min distance between not played chunks: Infinity
[HELPING] Max distance between not played chunks: -Infinity

