Total chunks: 100
Nodes x chunk: 4
Total nodes: 32
Active nodes: 32
Started playbacks: 32
Not started playbacks node-ids: []
Playbacks time-window: 300
Missing chunks distribution [missed-chunks/nodes]: {0=24, 1=5, 2=1, 3=1, 6=1}
Rejected chunks for ttl expiration [chunk-id/nodes]: 8 {0=6, 1=4, 2=2, 86=1, 3=1, 4=1, 5=1, 62=2}
Rejected chunks for capacity limit [chunk-id/nodes]: 0 {}
bandwidthUtilUp: 0.010334580791686485
bandwidthUtilDown: 0.005756793423465542
Avg # of unsent chunk for max-retries: 0.0
Min # of unsent chunk for max-retries: 0.0
Max # of unsent chunk for max-retries: 0.0
Avg # of unsent chunk-reqs for max-retries: 0.0
Min # of unsent chunk-reqs for max-retries: 0.0
Max # of unsent chunk-reqs for max-retries: 0.0
Avg % of chunks received by Pastry: 12.84375
Min % of chunks received by Pastry: 0.0
Max % of chunks received by Pastry: 29.0
StD of chunks received by Pastry: 7.531051312464133
Var of chunks received by Pastry: 56.716733870967744
Avg % of chunks received by StarStream: 86.28125
Min % of chunks received by StarStream: 70.0
Max % of chunks received by StarStream: 100.0
StD of chunks received by StarStream: 7.667419025730172
Var of chunks received by StarStream: 58.78931451612903
[NONMOJO] Startup Delay: 77.3125
[MOJO] Startup Delay: 41.7
[MOJO] Latency: 9.979832472050747
Min of perceived avg chunk delivery-time: 7.61
Max of perceived avg chunk delivery-time: 13.785714285714286
Variance of perceived avg chunk delivery-time: 1.4118842716310787
StD of perceived avg chunk delivery-time: 1.1882273652929722
Avg messages sent per node: 2372.21875
Min messages sent per node: 1478.0
Max messages sent per node: 3099.0
Variance of messages sent per node: 201221.53125
StD of messages sent per node: 448.5772299727216
Nodes with incomplete playbacks: 23
[MOJO] Continuity Index: 73.125
[MOJO] Packet Loss: 26.875
Min % of not played chunks: 0.0
Max % of not played chunks: 99.0
Not played chunks [chunk-id/nodes]: {1=14, 2=10, 3=9, 4=9, 5=9, 6=8, 7=9, 8=6, 9=7, 10=7, 11=6, 12=8, 13=7, 14=10, 15=8, 17=8, 16=11, 19=8, 18=9, 21=9, 20=7, 23=10, 22=8, 25=8, 24=7, 27=7, 26=7, 29=7, 28=7, 31=8, 30=9, 34=6, 35=7, 32=5, 33=8, 38=6, 39=6, 36=9, 37=7, 42=10, 43=7, 40=8, 41=6, 46=9, 47=10, 44=8, 45=10, 51=8, 50=8, 49=7, 48=12, 55=10, 54=9, 53=9, 52=8, 59=9, 58=11, 57=8, 56=8, 63=11, 62=11, 61=7, 60=6, 68=9, 69=10, 70=11, 71=9, 64=10, 65=12, 66=15, 67=8, 76=7, 77=7, 78=8, 79=9, 72=8, 73=7, 74=7, 75=11, 85=12, 84=10, 87=10, 86=14, 81=11, 80=6, 83=10, 82=12, 93=9, 92=7, 95=7, 94=8, 89=7, 88=10, 91=9, 90=11, 98=7, 99=8, 96=12, 97=11}
Avg distance between not played chunks: 3.307959285937217
Min distance between not played chunks: 1.0
Max distance between not played chunks: 11.0

HELPING PEERS LOG

[HELPING] Active nodes: 0
[HELPING] Started playbacks: 0
[HELPING] Not started playbacks node-ids: []
[HELPING] Playbacks time-window: -9223372036854775807
[HELPING] Missing chunks distribution [missed-chunks/nodes]: {}
[HELPING] Rejected chunks for ttl expiration [chunk-id/nodes]: 0 {}
[HELPING] Rejected chunks for capacity limit [chunk-id/nodes]: 0 {}
[HELPING] bandwidthUtilUp: NaN
[HELPING] bandwidthUtilDown: NaN
[HELPING] Avg # of unsent chunk for max-retries: NaN
[HELPING] Min # of unsent chunk for max-retries: Infinity
[HELPING] Max # of unsent chunk for max-retries: -Infinity
[HELPING] Avg # of unsent chunk-reqs for max-retries: NaN
[HELPING] Min # of unsent chunk-reqs for max-retries: Infinity
[HELPING] Max # of unsent chunk-reqs for max-retries: -Infinity
[HELPING] Avg % of chunks received by Pastry: NaN
[HELPING] Min % of chunks received by Pastry: Infinity
[HELPING] Max % of chunks received by Pastry: -Infinity
[HELPING] StD of chunks received by Pastry: 0.0
[HELPING] Var of chunks received by Pastry: 0.0
[HELPING] Avg % of chunks received by StarStream: NaN
[HELPING] Min % of chunks received by StarStream: Infinity
[HELPING] Max % of chunks received by StarStream: -Infinity
[HELPING] StD of chunks received by StarStream: 0.0
[HELPING] Var of chunks received by StarStream: 0.0
[HELPING] Latency: NaN
[HELPING] Min of perceived avg chunk delivery-time: Infinity
[HELPING] Max of perceived avg chunk delivery-time: -Infinity
[HELPING] Variance of perceived avg chunk delivery-time: 0.0
[HELPING] StD of perceived avg chunk delivery-time: 0.0
[HELPING] Avg messages sent per node: NaN
[HELPING] Min messages sent per node: Infinity
[HELPING] Max messages sent per node: -Infinity
[HELPING] Variance of messages sent per node: 0.0
[HELPING] StD of messages sent per node: 0.0
[HELPING] Nodes with incomplete playbacks: 0
[HELPING] Packet Loss: NaN
[HELPING] Min % of not played chunks: Infinity
[HELPING] Max % of not played chunks: -Infinity
[HELPING] Not played chunks [chunk-id/nodes]: {}
[HELPING] Avg distance between not played chunks: NaN
[HELPING] Min distance between not played chunks: Infinity
[HELPING] Max distance between not played chunks: -Infinity

