Total chunks: 100
Nodes x chunk: 4
Total nodes: 32
Active nodes: 32
Started playbacks: 32
Not started playbacks node-ids: []
Playbacks time-window: 357
Missing chunks distribution [missed-chunks/nodes]: {0=28, 1=2, 7=1, 90=1}
Rejected chunks for ttl expiration [chunk-id/nodes]: 88 {0=3, 1=4, 3=1, 4=2, 5=2, 6=2, 7=1, 8=1, 10=1, 12=1, 13=1, 15=1, 17=1, 16=1, 19=1, 18=1, 21=1, 20=1, 23=1, 22=1, 25=1, 24=1, 27=1, 29=1, 28=1, 31=1, 34=1, 32=1, 33=1, 38=1, 39=1, 36=1, 42=1, 43=1, 40=1, 46=1, 47=1, 44=1, 45=1, 51=1, 50=1, 49=1, 55=1, 54=1, 52=1, 59=1, 57=1, 56=1, 63=1, 62=1, 61=1, 60=1, 68=1, 69=1, 70=1, 71=1, 64=1, 65=1, 66=1, 67=1, 76=1, 77=1, 78=1, 79=1, 72=1, 73=1, 74=1, 75=1, 85=1, 84=1, 87=1, 86=1, 81=1, 80=1, 83=1, 82=1, 93=1, 92=1, 95=1, 94=1, 89=1, 88=1, 91=1, 90=1, 98=1, 99=1, 96=1, 97=1}
Rejected chunks for capacity limit [chunk-id/nodes]: 0 {}
bandwidthUtilUp: 0.011339651733506099
bandwidthUtilDown: 0.007132004863941802
Avg # of unsent chunk for max-retries: 0.0
Min # of unsent chunk for max-retries: 0.0
Max # of unsent chunk for max-retries: 0.0
Avg # of unsent chunk-reqs for max-retries: 0.0
Min # of unsent chunk-reqs for max-retries: 0.0
Max # of unsent chunk-reqs for max-retries: 0.0
Avg % of chunks received by Pastry: 12.0625
Min % of chunks received by Pastry: 0.0
Max % of chunks received by Pastry: 21.0
StD of chunks received by Pastry: 6.43045927221477
Var of chunks received by Pastry: 41.350806451612904
Avg % of chunks received by StarStream: 87.03125
Min % of chunks received by StarStream: 78.0
Max % of chunks received by StarStream: 100.0
StD of chunks received by StarStream: 6.512936877798951
Var of chunks received by StarStream: 42.418346774193544
[NONMOJO] Startup Delay: 72.09375
[MOJO] Startup Delay: 75.3
[MOJO] Latency: 8.347105344092668
Min of perceived avg chunk delivery-time: 0.0
Max of perceived avg chunk delivery-time: 10.515151515151516
Variance of perceived avg chunk delivery-time: 3.076021183919766
StD of perceived avg chunk delivery-time: 1.7538589407132394
Avg messages sent per node: 3429.15625
Min messages sent per node: 310.0
Max messages sent per node: 6872.0
Variance of messages sent per node: 1941045.5554435484
StD of messages sent per node: 1393.214109691525
Nodes with incomplete playbacks: 22
[MOJO] Continuity Index: 68.6875
[MOJO] Packet Loss: 31.3125
Min % of not played chunks: 0.0
Max % of not played chunks: 99.0
Not played chunks [chunk-id/nodes]: {1=14, 2=11, 3=8, 4=10, 5=10, 6=8, 7=9, 8=7, 9=7, 10=10, 11=8, 12=8, 13=8, 14=9, 15=11, 17=10, 16=10, 19=8, 18=7, 21=10, 20=9, 23=10, 22=12, 25=11, 24=7, 27=12, 26=7, 29=10, 28=12, 31=10, 30=10, 34=8, 35=11, 32=10, 33=10, 38=10, 39=11, 36=9, 37=11, 42=10, 43=11, 40=10, 41=11, 46=12, 47=11, 44=7, 45=10, 51=13, 50=13, 49=11, 48=9, 55=10, 54=9, 53=10, 52=10, 59=11, 58=11, 57=11, 56=10, 63=10, 62=13, 61=10, 60=12, 68=12, 69=7, 70=10, 71=9, 64=13, 65=12, 66=10, 67=10, 76=13, 77=11, 78=9, 79=10, 72=12, 73=9, 74=11, 75=11, 85=10, 84=14, 87=11, 86=10, 81=10, 80=12, 83=8, 82=8, 93=12, 92=10, 95=10, 94=12, 89=9, 88=10, 91=10, 90=10, 98=8, 99=10, 96=10, 97=11}
Avg distance between not played chunks: 5.818098454825205
Min distance between not played chunks: 1.0
Max distance between not played chunks: 30.0

HELPING PEERS LOG

[HELPING] Active nodes: 0
[HELPING] Started playbacks: 0
[HELPING] Not started playbacks node-ids: []
[HELPING] Playbacks time-window: -9223372036854775807
[HELPING] Missing chunks distribution [missed-chunks/nodes]: {}
[HELPING] Rejected chunks for ttl expiration [chunk-id/nodes]: 0 {}
[HELPING] Rejected chunks for capacity limit [chunk-id/nodes]: 0 {}
[HELPING] bandwidthUtilUp: NaN
[HELPING] bandwidthUtilDown: NaN
[HELPING] Avg # of unsent chunk for max-retries: NaN
[HELPING] Min # of unsent chunk for max-retries: Infinity
[HELPING] Max # of unsent chunk for max-retries: -Infinity
[HELPING] Avg # of unsent chunk-reqs for max-retries: NaN
[HELPING] Min # of unsent chunk-reqs for max-retries: Infinity
[HELPING] Max # of unsent chunk-reqs for max-retries: -Infinity
[HELPING] Avg % of chunks received by Pastry: NaN
[HELPING] Min % of chunks received by Pastry: Infinity
[HELPING] Max % of chunks received by Pastry: -Infinity
[HELPING] StD of chunks received by Pastry: 0.0
[HELPING] Var of chunks received by Pastry: 0.0
[HELPING] Avg % of chunks received by StarStream: NaN
[HELPING] Min % of chunks received by StarStream: Infinity
[HELPING] Max % of chunks received by StarStream: -Infinity
[HELPING] StD of chunks received by StarStream: 0.0
[HELPING] Var of chunks received by StarStream: 0.0
[HELPING] Latency: NaN
[HELPING] Min of perceived avg chunk delivery-time: Infinity
[HELPING] Max of perceived avg chunk delivery-time: -Infinity
[HELPING] Variance of perceived avg chunk delivery-time: 0.0
[HELPING] StD of perceived avg chunk delivery-time: 0.0
[HELPING] Avg messages sent per node: NaN
[HELPING] Min messages sent per node: Infinity
[HELPING] Max messages sent per node: -Infinity
[HELPING] Variance of messages sent per node: 0.0
[HELPING] StD of messages sent per node: 0.0
[HELPING] Nodes with incomplete playbacks: 0
[HELPING] Packet Loss: NaN
[HELPING] Min % of not played chunks: Infinity
[HELPING] Max % of not played chunks: -Infinity
[HELPING] Not played chunks [chunk-id/nodes]: {}
[HELPING] Avg distance between not played chunks: NaN
[HELPING] Min distance between not played chunks: Infinity
[HELPING] Max distance between not played chunks: -Infinity

