Total chunks: 100
Nodes x chunk: 4
Total nodes: 32
Active nodes: 32
Started playbacks: 32
Not started playbacks node-ids: []
Playbacks time-window: 157
Missing chunks distribution [missed-chunks/nodes]: {0=25, 1=5, 3=2}
Rejected chunks for ttl expiration [chunk-id/nodes]: 2 {1=7, 2=2}
Rejected chunks for capacity limit [chunk-id/nodes]: 0 {}
bandwidthUtilUp: 0.011940005493091786
bandwidthUtilDown: 0.0072562811188145015
Avg # of unsent chunk for max-retries: 0.0
Min # of unsent chunk for max-retries: 0.0
Max # of unsent chunk for max-retries: 0.0
Avg # of unsent chunk-reqs for max-retries: 0.0
Min # of unsent chunk-reqs for max-retries: 0.0
Max # of unsent chunk-reqs for max-retries: 0.0
Avg % of chunks received by Pastry: 10.9375
Min % of chunks received by Pastry: 0.0
Max % of chunks received by Pastry: 22.0
StD of chunks received by Pastry: 6.510227685429215
Var of chunks received by Pastry: 42.38306451612903
Avg % of chunks received by StarStream: 88.125
Min % of chunks received by StarStream: 77.0
Max % of chunks received by StarStream: 100.0
StD of chunks received by StarStream: 6.612549164400436
Var of chunks received by StarStream: 43.725806451612904
[NONMOJO] Startup Delay: 76.75
[MOJO] Startup Delay: 79.0
[MOJO] Latency: 8.561796099141
Min of perceived avg chunk delivery-time: 7.18
Max of perceived avg chunk delivery-time: 10.8659793814433
Variance of perceived avg chunk delivery-time: 0.5752635885634346
StD of perceived avg chunk delivery-time: 0.758461329642741
Avg messages sent per node: 3933.25
Min messages sent per node: 1764.0
Max messages sent per node: 7026.0
Variance of messages sent per node: 2048540.322580645
StD of messages sent per node: 1431.2722740906586
Nodes with incomplete playbacks: 20
[MOJO] Continuity Index: 73.5
[MOJO] Packet Loss: 26.5
Min % of not played chunks: 0.0
Max % of not played chunks: 99.0
Not played chunks [chunk-id/nodes]: {1=17, 2=10, 3=10, 4=8, 5=8, 6=8, 7=7, 8=8, 9=10, 10=10, 11=9, 12=6, 13=9, 14=11, 15=10, 17=9, 16=7, 19=9, 18=6, 21=7, 20=9, 23=5, 22=8, 25=10, 24=8, 27=9, 26=9, 29=8, 28=10, 31=10, 30=8, 34=7, 35=11, 32=10, 33=6, 38=7, 39=8, 36=8, 37=8, 42=8, 43=8, 40=6, 41=6, 46=10, 47=10, 44=7, 45=10, 51=9, 50=10, 49=10, 48=8, 55=9, 54=8, 53=9, 52=8, 59=9, 58=8, 57=9, 56=7, 63=8, 62=8, 61=7, 60=9, 68=9, 69=9, 70=8, 71=9, 64=7, 65=7, 66=9, 67=7, 76=9, 77=9, 78=7, 79=8, 72=9, 73=9, 74=9, 75=10, 85=10, 84=10, 87=9, 86=9, 81=8, 80=10, 83=7, 82=9, 93=8, 92=10, 95=9, 94=7, 89=7, 88=7, 91=9, 90=6, 98=9, 99=9, 96=12, 97=9}
Avg distance between not played chunks: 2.11989358694274
Min distance between not played chunks: 1.0
Max distance between not played chunks: 11.5

HELPING PEERS LOG

[HELPING] Active nodes: 0
[HELPING] Started playbacks: 0
[HELPING] Not started playbacks node-ids: []
[HELPING] Playbacks time-window: -9223372036854775807
[HELPING] Missing chunks distribution [missed-chunks/nodes]: {}
[HELPING] Rejected chunks for ttl expiration [chunk-id/nodes]: 0 {}
[HELPING] Rejected chunks for capacity limit [chunk-id/nodes]: 0 {}
[HELPING] bandwidthUtilUp: NaN
[HELPING] bandwidthUtilDown: NaN
[HELPING] Avg # of unsent chunk for max-retries: NaN
[HELPING] Min # of unsent chunk for max-retries: Infinity
[HELPING] Max # of unsent chunk for max-retries: -Infinity
[HELPING] Avg # of unsent chunk-reqs for max-retries: NaN
[HELPING] Min # of unsent chunk-reqs for max-retries: Infinity
[HELPING] Max # of unsent chunk-reqs for max-retries: -Infinity
[HELPING] Avg % of chunks received by Pastry: NaN
[HELPING] Min % of chunks received by Pastry: Infinity
[HELPING] Max % of chunks received by Pastry: -Infinity
[HELPING] StD of chunks received by Pastry: 0.0
[HELPING] Var of chunks received by Pastry: 0.0
[HELPING] Avg % of chunks received by StarStream: NaN
[HELPING] Min % of chunks received by StarStream: Infinity
[HELPING] Max % of chunks received by StarStream: -Infinity
[HELPING] StD of chunks received by StarStream: 0.0
[HELPING] Var of chunks received by StarStream: 0.0
[HELPING] Latency: NaN
[HELPING] Min of perceived avg chunk delivery-time: Infinity
[HELPING] Max of perceived avg chunk delivery-time: -Infinity
[HELPING] Variance of perceived avg chunk delivery-time: 0.0
[HELPING] StD of perceived avg chunk delivery-time: 0.0
[HELPING] Avg messages sent per node: NaN
[HELPING] Min messages sent per node: Infinity
[HELPING] Max messages sent per node: -Infinity
[HELPING] Variance of messages sent per node: 0.0
[HELPING] StD of messages sent per node: 0.0
[HELPING] Nodes with incomplete playbacks: 0
[HELPING] Packet Loss: NaN
[HELPING] Min % of not played chunks: Infinity
[HELPING] Max % of not played chunks: -Infinity
[HELPING] Not played chunks [chunk-id/nodes]: {}
[HELPING] Avg distance between not played chunks: NaN
[HELPING] Min distance between not played chunks: Infinity
[HELPING] Max distance between not played chunks: -Infinity

