Total chunks: 100
Nodes x chunk: 4
Total nodes: 32
Active nodes: 32
Started playbacks: 32
Not started playbacks node-ids: []
Playbacks time-window: 178
Missing chunks distribution [missed-chunks/nodes]: {0=31, 3=1}
Rejected chunks for ttl expiration [chunk-id/nodes]: 2 {1=1, 2=1}
Rejected chunks for capacity limit [chunk-id/nodes]: 0 {}
bandwidthUtilUp: 0.013390501253136162
bandwidthUtilDown: 0.008313318564064849
Avg # of unsent chunk for max-retries: 0.0
Min # of unsent chunk for max-retries: 0.0
Max # of unsent chunk for max-retries: 0.0
Avg # of unsent chunk-reqs for max-retries: 0.0
Min # of unsent chunk-reqs for max-retries: 0.0
Max # of unsent chunk-reqs for max-retries: 0.0
Avg % of chunks received by Pastry: 7.9375
Min % of chunks received by Pastry: 0.0
Max % of chunks received by Pastry: 15.0
StD of chunks received by Pastry: 4.858896064719016
Var of chunks received by Pastry: 23.608870967741936
Avg % of chunks received by StarStream: 91.1875
Min % of chunks received by StarStream: 84.0
Max % of chunks received by StarStream: 100.0
StD of chunks received by StarStream: 5.006044733216807
Var of chunks received by StarStream: 25.06048387096774
[NONMOJO] Startup Delay: 63.71875
[MOJO] Startup Delay: 59.1
[MOJO] Latency: 7.944953009476208
Min of perceived avg chunk delivery-time: 6.73
Max of perceived avg chunk delivery-time: 9.828282828282829
Variance of perceived avg chunk delivery-time: 0.7035423911918901
StD of perceived avg chunk delivery-time: 0.8387743386584321
Avg messages sent per node: 5784.125
Min messages sent per node: 2359.0
Max messages sent per node: 8501.0
Variance of messages sent per node: 2829171.0161290322
StD of messages sent per node: 1682.013976199078
Nodes with incomplete playbacks: 15
[MOJO] Continuity Index: 76.5
[MOJO] Packet Loss: 23.5
Min % of not played chunks: 0.0
Max % of not played chunks: 99.0
Not played chunks [chunk-id/nodes]: {1=7, 2=8, 3=10, 4=7, 5=7, 6=7, 7=7, 8=7, 9=7, 10=8, 11=8, 12=9, 13=5, 14=7, 15=7, 17=7, 16=7, 19=5, 18=8, 21=7, 20=7, 23=7, 22=7, 25=6, 24=9, 27=5, 26=7, 29=7, 28=6, 31=6, 30=7, 34=8, 35=5, 32=7, 33=8, 38=7, 39=8, 36=6, 37=5, 42=7, 43=4, 40=6, 41=8, 46=9, 47=10, 44=8, 45=8, 51=8, 50=8, 49=6, 48=9, 55=10, 54=7, 53=9, 52=9, 59=9, 58=6, 57=5, 56=10, 63=10, 62=7, 61=8, 60=6, 68=10, 69=8, 70=11, 71=9, 64=9, 65=8, 66=6, 67=8, 76=9, 77=9, 78=9, 79=7, 72=9, 73=9, 74=7, 75=8, 85=9, 84=8, 87=8, 86=8, 81=8, 80=8, 83=9, 82=8, 93=7, 92=8, 95=8, 94=7, 89=8, 88=6, 91=9, 90=7, 98=7, 99=7, 96=10, 97=6}
Avg distance between not played chunks: 4.206299981137408
Min distance between not played chunks: 1.0
Max distance between not played chunks: 17.2

HELPING PEERS LOG

[HELPING] Active nodes: 0
[HELPING] Started playbacks: 0
[HELPING] Not started playbacks node-ids: []
[HELPING] Playbacks time-window: -9223372036854775807
[HELPING] Missing chunks distribution [missed-chunks/nodes]: {}
[HELPING] Rejected chunks for ttl expiration [chunk-id/nodes]: 0 {}
[HELPING] Rejected chunks for capacity limit [chunk-id/nodes]: 0 {}
[HELPING] bandwidthUtilUp: NaN
[HELPING] bandwidthUtilDown: NaN
[HELPING] Avg # of unsent chunk for max-retries: NaN
[HELPING] Min # of unsent chunk for max-retries: Infinity
[HELPING] Max # of unsent chunk for max-retries: -Infinity
[HELPING] Avg # of unsent chunk-reqs for max-retries: NaN
[HELPING] Min # of unsent chunk-reqs for max-retries: Infinity
[HELPING] Max # of unsent chunk-reqs for max-retries: -Infinity
[HELPING] Avg % of chunks received by Pastry: NaN
[HELPING] Min % of chunks received by Pastry: Infinity
[HELPING] Max % of chunks received by Pastry: -Infinity
[HELPING] StD of chunks received by Pastry: 0.0
[HELPING] Var of chunks received by Pastry: 0.0
[HELPING] Avg % of chunks received by StarStream: NaN
[HELPING] Min % of chunks received by StarStream: Infinity
[HELPING] Max % of chunks received by StarStream: -Infinity
[HELPING] StD of chunks received by StarStream: 0.0
[HELPING] Var of chunks received by StarStream: 0.0
[HELPING] Latency: NaN
[HELPING] Min of perceived avg chunk delivery-time: Infinity
[HELPING] Max of perceived avg chunk delivery-time: -Infinity
[HELPING] Variance of perceived avg chunk delivery-time: 0.0
[HELPING] StD of perceived avg chunk delivery-time: 0.0
[HELPING] Avg messages sent per node: NaN
[HELPING] Min messages sent per node: Infinity
[HELPING] Max messages sent per node: -Infinity
[HELPING] Variance of messages sent per node: 0.0
[HELPING] StD of messages sent per node: 0.0
[HELPING] Nodes with incomplete playbacks: 0
[HELPING] Packet Loss: NaN
[HELPING] Min % of not played chunks: Infinity
[HELPING] Max % of not played chunks: -Infinity
[HELPING] Not played chunks [chunk-id/nodes]: {}
[HELPING] Avg distance between not played chunks: NaN
[HELPING] Min distance between not played chunks: Infinity
[HELPING] Max distance between not played chunks: -Infinity

