Total chunks: 100
Nodes x chunk: 4
Total nodes: 32
Active nodes: 32
Started playbacks: 32
Not started playbacks node-ids: []
Playbacks time-window: 257
Missing chunks distribution [missed-chunks/nodes]: {0=29, 1=2, 5=1}
Rejected chunks for ttl expiration [chunk-id/nodes]: 5 {0=3, 1=3, 2=1, 3=1, 4=1}
Rejected chunks for capacity limit [chunk-id/nodes]: 0 {}
bandwidthUtilUp: 0.013842322069982921
bandwidthUtilDown: 0.008327395233601154
Avg # of unsent chunk for max-retries: 0.0
Min # of unsent chunk for max-retries: 0.0
Max # of unsent chunk for max-retries: 0.0
Avg # of unsent chunk-reqs for max-retries: 0.0
Min # of unsent chunk-reqs for max-retries: 0.0
Max # of unsent chunk-reqs for max-retries: 0.0
Avg % of chunks received by Pastry: 8.96875
Min % of chunks received by Pastry: 0.0
Max % of chunks received by Pastry: 16.0
StD of chunks received by Pastry: 5.012786070993693
Var of chunks received by Pastry: 25.128024193548388
Avg % of chunks received by StarStream: 90.15625
Min % of chunks received by StarStream: 83.0
Max % of chunks received by StarStream: 100.0
StD of chunks received by StarStream: 5.2308598873694105
Var of chunks received by StarStream: 27.36189516129032
[NONMOJO] Startup Delay: 68.75
[MOJO] Startup Delay: 55.1
[MOJO] Latency: 7.840445943728369
Min of perceived avg chunk delivery-time: 6.88
Max of perceived avg chunk delivery-time: 10.193877551020408
Variance of perceived avg chunk delivery-time: 0.6318586357519742
StD of perceived avg chunk delivery-time: 0.7948953615111704
Avg messages sent per node: 6345.3125
Min messages sent per node: 2419.0
Max messages sent per node: 10015.0
Variance of messages sent per node: 3325561.834677419
StD of messages sent per node: 1823.6123038292485
Nodes with incomplete playbacks: 18
[MOJO] Continuity Index: 73.09375
[MOJO] Packet Loss: 26.90625
Min % of not played chunks: 0.0
Max % of not played chunks: 99.0
Not played chunks [chunk-id/nodes]: {1=12, 2=12, 3=9, 4=10, 5=8, 6=8, 7=8, 8=9, 9=7, 10=8, 11=11, 12=8, 13=9, 14=10, 15=8, 17=6, 16=10, 19=9, 18=8, 21=7, 20=7, 23=7, 22=9, 25=8, 24=7, 27=7, 26=7, 29=8, 28=9, 31=9, 30=6, 34=8, 35=7, 32=5, 33=8, 38=5, 39=10, 36=9, 37=8, 42=9, 43=9, 40=8, 41=8, 46=9, 47=7, 44=9, 45=8, 51=9, 50=10, 49=9, 48=9, 55=11, 54=9, 53=7, 52=10, 59=12, 58=8, 57=10, 56=11, 63=8, 62=7, 61=9, 60=9, 68=9, 69=8, 70=6, 71=9, 64=10, 65=9, 66=10, 67=8, 76=7, 77=12, 78=12, 79=8, 72=8, 73=9, 74=11, 75=8, 85=10, 84=10, 87=7, 86=9, 81=8, 80=10, 83=8, 82=7, 93=11, 92=9, 95=11, 94=7, 89=10, 88=8, 91=9, 90=9, 98=8, 99=9, 96=11, 97=10}
Avg distance between not played chunks: 3.8639882556658676
Min distance between not played chunks: 1.0
Max distance between not played chunks: 21.5

HELPING PEERS LOG

[HELPING] Active nodes: 0
[HELPING] Started playbacks: 0
[HELPING] Not started playbacks node-ids: []
[HELPING] Playbacks time-window: -9223372036854775807
[HELPING] Missing chunks distribution [missed-chunks/nodes]: {}
[HELPING] Rejected chunks for ttl expiration [chunk-id/nodes]: 0 {}
[HELPING] Rejected chunks for capacity limit [chunk-id/nodes]: 0 {}
[HELPING] bandwidthUtilUp: NaN
[HELPING] bandwidthUtilDown: NaN
[HELPING] Avg # of unsent chunk for max-retries: NaN
[HELPING] Min # of unsent chunk for max-retries: Infinity
[HELPING] Max # of unsent chunk for max-retries: -Infinity
[HELPING] Avg # of unsent chunk-reqs for max-retries: NaN
[HELPING] Min # of unsent chunk-reqs for max-retries: Infinity
[HELPING] Max # of unsent chunk-reqs for max-retries: -Infinity
[HELPING] Avg % of chunks received by Pastry: NaN
[HELPING] Min % of chunks received by Pastry: Infinity
[HELPING] Max % of chunks received by Pastry: -Infinity
[HELPING] StD of chunks received by Pastry: 0.0
[HELPING] Var of chunks received by Pastry: 0.0
[HELPING] Avg % of chunks received by StarStream: NaN
[HELPING] Min % of chunks received by StarStream: Infinity
[HELPING] Max % of chunks received by StarStream: -Infinity
[HELPING] StD of chunks received by StarStream: 0.0
[HELPING] Var of chunks received by StarStream: 0.0
[HELPING] Latency: NaN
[HELPING] Min of perceived avg chunk delivery-time: Infinity
[HELPING] Max of perceived avg chunk delivery-time: -Infinity
[HELPING] Variance of perceived avg chunk delivery-time: 0.0
[HELPING] StD of perceived avg chunk delivery-time: 0.0
[HELPING] Avg messages sent per node: NaN
[HELPING] Min messages sent per node: Infinity
[HELPING] Max messages sent per node: -Infinity
[HELPING] Variance of messages sent per node: 0.0
[HELPING] StD of messages sent per node: 0.0
[HELPING] Nodes with incomplete playbacks: 0
[HELPING] Packet Loss: NaN
[HELPING] Min % of not played chunks: Infinity
[HELPING] Max % of not played chunks: -Infinity
[HELPING] Not played chunks [chunk-id/nodes]: {}
[HELPING] Avg distance between not played chunks: NaN
[HELPING] Min distance between not played chunks: Infinity
[HELPING] Max distance between not played chunks: -Infinity

