Total chunks: 100
Nodes x chunk: 4
Total nodes: 32
Active nodes: 32
Started playbacks: 32
Not started playbacks node-ids: []
Playbacks time-window: 260
Missing chunks distribution [missed-chunks/nodes]: {0=27, 1=3, 3=1, 4=1}
Rejected chunks for ttl expiration [chunk-id/nodes]: 3 {0=8, 1=4, 2=1}
Rejected chunks for capacity limit [chunk-id/nodes]: 0 {}
bandwidthUtilUp: 0.012742474872673278
bandwidthUtilDown: 0.008137973222195522
Avg # of unsent chunk for max-retries: 0.0
Min # of unsent chunk for max-retries: 0.0
Max # of unsent chunk for max-retries: 0.0
Avg # of unsent chunk-reqs for max-retries: 0.0
Min # of unsent chunk-reqs for max-retries: 0.0
Max # of unsent chunk-reqs for max-retries: 0.0
Avg % of chunks received by Pastry: 9.53125
Min % of chunks received by Pastry: 0.0
Max % of chunks received by Pastry: 19.0
StD of chunks received by Pastry: 5.564776174381836
Var of chunks received by Pastry: 30.96673387096774
Avg % of chunks received by StarStream: 89.59375
Min % of chunks received by StarStream: 80.0
Max % of chunks received by StarStream: 100.0
StD of chunks received by StarStream: 5.768990379607163
Var of chunks received by StarStream: 33.28125
[NONMOJO] Startup Delay: 75.5
[MOJO] Startup Delay: 79.6
[MOJO] Latency: 8.255034991523164
Min of perceived avg chunk delivery-time: 7.16
Max of perceived avg chunk delivery-time: 12.291666666666666
Variance of perceived avg chunk delivery-time: 1.2812367865153793
StD of perceived avg chunk delivery-time: 1.1319173055110427
Avg messages sent per node: 4998.15625
Min messages sent per node: 2368.0
Max messages sent per node: 8476.0
Variance of messages sent per node: 3263217.103830645
StD of messages sent per node: 1806.4376833510323
Nodes with incomplete playbacks: 21
[MOJO] Continuity Index: 71.46875
[MOJO] Packet Loss: 28.53125
Min % of not played chunks: 0.0
Max % of not played chunks: 99.0
Not played chunks [chunk-id/nodes]: {1=13, 2=12, 3=9, 4=7, 5=10, 6=8, 7=8, 8=10, 9=6, 10=8, 11=8, 12=9, 13=6, 14=7, 15=9, 17=9, 16=12, 19=9, 18=10, 21=8, 20=8, 23=8, 22=8, 25=7, 24=8, 27=7, 26=9, 29=9, 28=8, 31=11, 30=10, 34=8, 35=11, 32=9, 33=10, 38=11, 39=9, 36=10, 37=10, 42=11, 43=12, 40=9, 41=7, 46=11, 47=9, 44=10, 45=9, 51=9, 50=10, 49=8, 48=8, 55=8, 54=8, 53=10, 52=8, 59=10, 58=10, 57=10, 56=10, 63=9, 62=9, 61=11, 60=10, 68=8, 69=8, 70=9, 71=10, 64=10, 65=11, 66=11, 67=10, 76=9, 77=11, 78=10, 79=9, 72=9, 73=11, 74=8, 75=8, 85=9, 84=9, 87=9, 86=8, 81=9, 80=9, 83=10, 82=9, 93=11, 92=9, 95=11, 94=7, 89=8, 88=8, 91=10, 90=10, 98=9, 99=11, 96=12, 97=8}
Avg distance between not played chunks: 3.1177217691184165
Min distance between not played chunks: 1.0
Max distance between not played chunks: 16.5

HELPING PEERS LOG

[HELPING] Active nodes: 0
[HELPING] Started playbacks: 0
[HELPING] Not started playbacks node-ids: []
[HELPING] Playbacks time-window: -9223372036854775807
[HELPING] Missing chunks distribution [missed-chunks/nodes]: {}
[HELPING] Rejected chunks for ttl expiration [chunk-id/nodes]: 0 {}
[HELPING] Rejected chunks for capacity limit [chunk-id/nodes]: 0 {}
[HELPING] bandwidthUtilUp: NaN
[HELPING] bandwidthUtilDown: NaN
[HELPING] Avg # of unsent chunk for max-retries: NaN
[HELPING] Min # of unsent chunk for max-retries: Infinity
[HELPING] Max # of unsent chunk for max-retries: -Infinity
[HELPING] Avg # of unsent chunk-reqs for max-retries: NaN
[HELPING] Min # of unsent chunk-reqs for max-retries: Infinity
[HELPING] Max # of unsent chunk-reqs for max-retries: -Infinity
[HELPING] Avg % of chunks received by Pastry: NaN
[HELPING] Min % of chunks received by Pastry: Infinity
[HELPING] Max % of chunks received by Pastry: -Infinity
[HELPING] StD of chunks received by Pastry: 0.0
[HELPING] Var of chunks received by Pastry: 0.0
[HELPING] Avg % of chunks received by StarStream: NaN
[HELPING] Min % of chunks received by StarStream: Infinity
[HELPING] Max % of chunks received by StarStream: -Infinity
[HELPING] StD of chunks received by StarStream: 0.0
[HELPING] Var of chunks received by StarStream: 0.0
[HELPING] Latency: NaN
[HELPING] Min of perceived avg chunk delivery-time: Infinity
[HELPING] Max of perceived avg chunk delivery-time: -Infinity
[HELPING] Variance of perceived avg chunk delivery-time: 0.0
[HELPING] StD of perceived avg chunk delivery-time: 0.0
[HELPING] Avg messages sent per node: NaN
[HELPING] Min messages sent per node: Infinity
[HELPING] Max messages sent per node: -Infinity
[HELPING] Variance of messages sent per node: 0.0
[HELPING] StD of messages sent per node: 0.0
[HELPING] Nodes with incomplete playbacks: 0
[HELPING] Packet Loss: NaN
[HELPING] Min % of not played chunks: Infinity
[HELPING] Max % of not played chunks: -Infinity
[HELPING] Not played chunks [chunk-id/nodes]: {}
[HELPING] Avg distance between not played chunks: NaN
[HELPING] Min distance between not played chunks: Infinity
[HELPING] Max distance between not played chunks: -Infinity

