Total chunks: 100
Nodes x chunk: 4
Total nodes: 32
Active nodes: 32
Started playbacks: 32
Not started playbacks node-ids: []
Playbacks time-window: 160
Missing chunks distribution [missed-chunks/nodes]: {0=28, 1=2, 2=1, 3=1}
Rejected chunks for ttl expiration [chunk-id/nodes]: 2 {1=4, 2=1}
Rejected chunks for capacity limit [chunk-id/nodes]: 0 {}
bandwidthUtilUp: 0.01375803779641959
bandwidthUtilDown: 0.00786293414958567
Avg # of unsent chunk for max-retries: 0.0
Min # of unsent chunk for max-retries: 0.0
Max # of unsent chunk for max-retries: 0.0
Avg # of unsent chunk-reqs for max-retries: 0.0
Min # of unsent chunk-reqs for max-retries: 0.0
Max # of unsent chunk-reqs for max-retries: 0.0
Avg % of chunks received by Pastry: 6.625
Min % of chunks received by Pastry: 0.0
Max % of chunks received by Pastry: 21.0
StD of chunks received by Pastry: 5.404597803662622
Var of chunks received by Pastry: 29.209677419354836
Avg % of chunks received by StarStream: 92.59375
Min % of chunks received by StarStream: 78.0
Max % of chunks received by StarStream: 100.0
StD of chunks received by StarStream: 5.656052282233151
Var of chunks received by StarStream: 31.990927419354836
[NONMOJO] Startup Delay: 75.53125
[MOJO] Startup Delay: 79.4
[MOJO] Latency: 7.722210570888774
Min of perceived avg chunk delivery-time: 6.81
Max of perceived avg chunk delivery-time: 9.0
Variance of perceived avg chunk delivery-time: 0.30546472484835363
StD of perceived avg chunk delivery-time: 0.5526886328199212
Avg messages sent per node: 6641.40625
Min messages sent per node: 3761.0
Max messages sent per node: 10095.0
Variance of messages sent per node: 2415868.5715725804
StD of messages sent per node: 1554.3064599919092
Nodes with incomplete playbacks: 18
[MOJO] Continuity Index: 79.5625
[MOJO] Packet Loss: 20.4375
Min % of not played chunks: 0.0
Max % of not played chunks: 99.0
Not played chunks [chunk-id/nodes]: {1=8, 2=9, 3=6, 4=7, 5=6, 6=5, 7=6, 8=11, 9=5, 10=6, 11=4, 12=7, 13=6, 14=7, 15=6, 17=5, 16=6, 19=5, 18=7, 21=9, 20=7, 23=8, 22=4, 25=8, 24=6, 27=6, 26=5, 29=5, 28=4, 31=5, 30=8, 34=6, 35=5, 32=4, 33=6, 38=4, 39=7, 36=6, 37=6, 42=7, 43=6, 40=5, 41=6, 46=8, 47=7, 44=9, 45=7, 51=6, 50=7, 49=7, 48=5, 55=8, 54=9, 53=5, 52=7, 59=10, 58=8, 57=5, 56=9, 63=6, 62=8, 61=5, 60=9, 68=8, 69=5, 70=5, 71=7, 64=7, 65=6, 66=6, 67=7, 76=6, 77=8, 78=7, 79=7, 72=6, 73=8, 74=8, 75=8, 85=6, 84=6, 87=5, 86=6, 81=9, 80=8, 83=7, 82=9, 93=7, 92=8, 95=7, 94=6, 89=6, 88=6, 91=5, 90=8, 98=8, 99=6, 96=5, 97=7}
Avg distance between not played chunks: 4.862618877968081
Min distance between not played chunks: 1.0
Max distance between not played chunks: 26.666666666666668

HELPING PEERS LOG

[HELPING] Active nodes: 0
[HELPING] Started playbacks: 0
[HELPING] Not started playbacks node-ids: []
[HELPING] Playbacks time-window: -9223372036854775807
[HELPING] Missing chunks distribution [missed-chunks/nodes]: {}
[HELPING] Rejected chunks for ttl expiration [chunk-id/nodes]: 0 {}
[HELPING] Rejected chunks for capacity limit [chunk-id/nodes]: 0 {}
[HELPING] bandwidthUtilUp: NaN
[HELPING] bandwidthUtilDown: NaN
[HELPING] Avg # of unsent chunk for max-retries: NaN
[HELPING] Min # of unsent chunk for max-retries: Infinity
[HELPING] Max # of unsent chunk for max-retries: -Infinity
[HELPING] Avg # of unsent chunk-reqs for max-retries: NaN
[HELPING] Min # of unsent chunk-reqs for max-retries: Infinity
[HELPING] Max # of unsent chunk-reqs for max-retries: -Infinity
[HELPING] Avg % of chunks received by Pastry: NaN
[HELPING] Min % of chunks received by Pastry: Infinity
[HELPING] Max % of chunks received by Pastry: -Infinity
[HELPING] StD of chunks received by Pastry: 0.0
[HELPING] Var of chunks received by Pastry: 0.0
[HELPING] Avg % of chunks received by StarStream: NaN
[HELPING] Min % of chunks received by StarStream: Infinity
[HELPING] Max % of chunks received by StarStream: -Infinity
[HELPING] StD of chunks received by StarStream: 0.0
[HELPING] Var of chunks received by StarStream: 0.0
[HELPING] Latency: NaN
[HELPING] Min of perceived avg chunk delivery-time: Infinity
[HELPING] Max of perceived avg chunk delivery-time: -Infinity
[HELPING] Variance of perceived avg chunk delivery-time: 0.0
[HELPING] StD of perceived avg chunk delivery-time: 0.0
[HELPING] Avg messages sent per node: NaN
[HELPING] Min messages sent per node: Infinity
[HELPING] Max messages sent per node: -Infinity
[HELPING] Variance of messages sent per node: 0.0
[HELPING] StD of messages sent per node: 0.0
[HELPING] Nodes with incomplete playbacks: 0
[HELPING] Packet Loss: NaN
[HELPING] Min % of not played chunks: Infinity
[HELPING] Max % of not played chunks: -Infinity
[HELPING] Not played chunks [chunk-id/nodes]: {}
[HELPING] Avg distance between not played chunks: NaN
[HELPING] Min distance between not played chunks: Infinity
[HELPING] Max distance between not played chunks: -Infinity

