Total chunks: 100
Nodes x chunk: 4
Total nodes: 64
Active nodes: 32
Started playbacks: 32
Not started playbacks node-ids: []
Playbacks time-window: 133
Missing chunks distribution [missed-chunks/nodes]: {0=30, 1=1, 2=1}
Rejected chunks for ttl expiration [chunk-id/nodes]: 1 {0=1}
Rejected chunks for capacity limit [chunk-id/nodes]: 0 {}
bandwidthUtilUp: 0.014045205625625938
bandwidthUtilDown: 0.007970013601024901
Avg # of unsent chunk for max-retries: 0.0
Min # of unsent chunk for max-retries: 0.0
Max # of unsent chunk for max-retries: 0.0
Avg # of unsent chunk-reqs for max-retries: 0.0
Min # of unsent chunk-reqs for max-retries: 0.0
Max # of unsent chunk-reqs for max-retries: 0.0
Avg % of chunks received by Pastry: 12.3125
Min % of chunks received by Pastry: 0.0
Max % of chunks received by Pastry: 18.0
StD of chunks received by Pastry: 4.582135718410737
Var of chunks received by Pastry: 20.995967741935484
Avg % of chunks received by StarStream: 86.75
Min % of chunks received by StarStream: 81.0
Max % of chunks received by StarStream: 100.0
StD of chunks received by StarStream: 4.758693233475192
Var of chunks received by StarStream: 22.64516129032258
[NONMOJO] Startup Delay: 114.8125
[MOJO] Startup Delay: 85.6
[MOJO] Latency: 9.827318143166359
Min of perceived avg chunk delivery-time: 8.51
Max of perceived avg chunk delivery-time: 11.755102040816327
Variance of perceived avg chunk delivery-time: 0.5014481338108571
StD of perceived avg chunk delivery-time: 0.7081300260622035
Avg messages sent per node: 6695.78125
Min messages sent per node: 3656.0
Max messages sent per node: 8972.0
Variance of messages sent per node: 2270095.53125
StD of messages sent per node: 1506.683620157198
Nodes with incomplete playbacks: 31
[MOJO] Continuity Index: 50.59375
[MOJO] Packet Loss: 49.40625
Min % of not played chunks: 0.0
Max % of not played chunks: 99.0
Not played chunks [chunk-id/nodes]: {1=15, 2=15, 3=16, 4=15, 5=14, 6=17, 7=21, 8=12, 9=13, 10=11, 11=14, 12=16, 13=15, 14=14, 15=14, 17=14, 16=13, 19=11, 18=20, 21=14, 20=17, 23=11, 22=17, 25=14, 24=17, 27=15, 26=17, 29=15, 28=17, 31=22, 30=19, 34=11, 35=17, 32=18, 33=16, 38=16, 39=21, 36=16, 37=14, 42=21, 43=11, 40=15, 41=13, 46=17, 47=17, 44=17, 45=19, 51=13, 50=17, 49=18, 48=14, 55=12, 54=20, 53=19, 52=16, 59=14, 58=17, 57=15, 56=21, 63=17, 62=20, 61=20, 60=18, 68=12, 69=17, 70=18, 71=17, 64=17, 65=14, 66=15, 67=14, 76=16, 77=19, 78=20, 79=22, 72=15, 73=16, 74=14, 75=16, 85=12, 84=14, 87=17, 86=18, 81=14, 80=17, 83=13, 82=14, 93=19, 92=15, 95=16, 94=16, 89=17, 88=13, 91=14, 90=17, 98=15, 99=17, 96=20, 97=16}
Avg distance between not played chunks: 4.031827458771374
Min distance between not played chunks: 1.0
Max distance between not played chunks: 33.5

HELPING PEERS LOG

[HELPING] Active nodes: 32
[HELPING] Started playbacks: 32
[HELPING] Not started playbacks node-ids: []
[HELPING] Playbacks time-window: 140
[HELPING] Missing chunks distribution [missed-chunks/nodes]: {0=28, 1=3, 2=1}
[HELPING] Rejected chunks for ttl expiration [chunk-id/nodes]: 1 {0=1}
[HELPING] Rejected chunks for capacity limit [chunk-id/nodes]: 0 {}
[HELPING] bandwidthUtilUp: 0.013918206887167201
[HELPING] bandwidthUtilDown: 0.007991309464637433
[HELPING] Avg # of unsent chunk for max-retries: 0.0
[HELPING] Min # of unsent chunk for max-retries: 0.0
[HELPING] Max # of unsent chunk for max-retries: 0.0
[HELPING] Avg # of unsent chunk-reqs for max-retries: 0.0
[HELPING] Min # of unsent chunk-reqs for max-retries: 0.0
[HELPING] Max # of unsent chunk-reqs for max-retries: 0.0
[HELPING] Avg % of chunks received by Pastry: 10.875
[HELPING] Min % of chunks received by Pastry: 0.0
[HELPING] Max % of chunks received by Pastry: 22.0
[HELPING] StD of chunks received by Pastry: 5.977106862990899
[HELPING] Var of chunks received by Pastry: 35.725806451612904
[HELPING] Avg % of chunks received by StarStream: 88.21875
[HELPING] Min % of chunks received by StarStream: 77.0
[HELPING] Max % of chunks received by StarStream: 100.0
[HELPING] StD of chunks received by StarStream: 6.152546679640984
[HELPING] Var of chunks received by StarStream: 37.85383064516129
[HELPING] Startup Delay: 128.0
[HELPING] Latency: 9.793087378890952
[HELPING] Min of perceived avg chunk delivery-time: 8.62
[HELPING] Max of perceived avg chunk delivery-time: 11.408163265306122
[HELPING] Variance of perceived avg chunk delivery-time: 0.4557515311817775
[HELPING] StD of perceived avg chunk delivery-time: 0.675093720295025
[HELPING] Avg messages sent per node: 6270.25
[HELPING] Min messages sent per node: 4083.0
[HELPING] Max messages sent per node: 8619.0
[HELPING] Variance of messages sent per node: 1650938.2580645161
[HELPING] StD of messages sent per node: 1284.888422418272
[HELPING] Nodes with incomplete playbacks: 26
[HELPING] Packet Loss: 40.09375
[HELPING] Min % of not played chunks: 0.0
[HELPING] Max % of not played chunks: 99.0
[HELPING] Not played chunks [chunk-id/nodes]: {1=21, 2=12, 3=10, 4=12, 5=11, 6=8, 7=12, 8=6, 9=13, 10=14, 11=13, 12=12, 13=11, 14=14, 15=11, 17=9, 16=13, 19=13, 18=14, 21=12, 20=14, 23=12, 22=9, 25=8, 24=14, 27=11, 26=18, 29=10, 28=16, 31=14, 30=12, 34=9, 35=12, 32=14, 33=15, 38=15, 39=16, 36=17, 37=17, 42=12, 43=13, 40=12, 41=12, 46=13, 47=11, 44=20, 45=14, 51=11, 50=10, 49=11, 48=10, 55=14, 54=14, 53=15, 52=14, 59=13, 58=12, 57=15, 56=14, 63=13, 62=14, 61=17, 60=15, 68=12, 69=12, 70=11, 71=13, 64=14, 65=12, 66=14, 67=12, 76=13, 77=17, 78=10, 79=15, 72=12, 73=12, 74=12, 75=8, 85=12, 84=12, 87=15, 86=12, 81=10, 80=14, 83=10, 82=18, 93=15, 92=18, 95=12, 94=11, 89=14, 88=14, 91=11, 90=13, 98=16, 99=16, 96=14, 97=14}
[HELPING] Avg distance between not played chunks: 1.9119550763482784
[HELPING] Min distance between not played chunks: 1.0
[HELPING] Max distance between not played chunks: 3.92

