Total chunks: 100
Nodes x chunk: 4
Total nodes: 35
Active nodes: 32
Started playbacks: 32
Not started playbacks node-ids: []
Playbacks time-window: 382
Missing chunks distribution [missed-chunks/nodes]: {0=31, 5=1}
Rejected chunks for ttl expiration [chunk-id/nodes]: 1 {6=1}
Rejected chunks for capacity limit [chunk-id/nodes]: 0 {}
bandwidthUtilUp: 0.01355114440857221
bandwidthUtilDown: 0.00778028459695122
Avg # of unsent chunk for max-retries: 0.0
Min # of unsent chunk for max-retries: 0.0
Max # of unsent chunk for max-retries: 0.0
Avg # of unsent chunk-reqs for max-retries: 0.0
Min # of unsent chunk-reqs for max-retries: 0.0
Max # of unsent chunk-reqs for max-retries: 0.0
Avg % of chunks received by Pastry: 10.5625
Min % of chunks received by Pastry: 1.0
Max % of chunks received by Pastry: 18.0
StD of chunks received by Pastry: 4.347320272120182
Var of chunks received by Pastry: 18.899193548387096
Avg % of chunks received by StarStream: 88.46875
Min % of chunks received by StarStream: 81.0
Max % of chunks received by StarStream: 99.0
StD of chunks received by StarStream: 4.421241797533591
Var of chunks received by StarStream: 19.547379032258064
[NONMOJO] Startup Delay: 67.3125
[MOJO] Startup Delay: 67.7
[MOJO] Latency: 8.127855818826564
Min of perceived avg chunk delivery-time: 7.06
Max of perceived avg chunk delivery-time: 12.457446808510639
Variance of perceived avg chunk delivery-time: 0.9444362872699194
StD of perceived avg chunk delivery-time: 0.9718211189668186
Avg messages sent per node: 6498.75
Min messages sent per node: 3703.0
Max messages sent per node: 8296.0
Variance of messages sent per node: 2034742.9677419355
StD of messages sent per node: 1426.4441691639863
Nodes with incomplete playbacks: 23
[MOJO] Continuity Index: 68.53125
[MOJO] Packet Loss: 31.46875
Min % of not played chunks: 0.0
Max % of not played chunks: 99.0
Not played chunks [chunk-id/nodes]: {1=11, 2=12, 3=10, 4=11, 5=7, 6=13, 7=7, 8=11, 9=8, 10=10, 11=11, 12=9, 13=10, 14=9, 15=8, 17=10, 16=9, 19=12, 18=9, 21=10, 20=7, 23=11, 22=13, 25=11, 24=11, 27=12, 26=9, 29=8, 28=9, 31=9, 30=6, 34=9, 35=10, 32=12, 33=11, 38=10, 39=6, 36=10, 37=7, 42=11, 43=10, 40=8, 41=10, 46=8, 47=10, 44=10, 45=12, 51=11, 50=12, 49=11, 48=13, 55=13, 54=9, 53=13, 52=13, 59=13, 58=9, 57=12, 56=8, 63=10, 62=11, 61=12, 60=12, 68=11, 69=8, 70=12, 71=10, 64=9, 65=10, 66=10, 67=9, 76=10, 77=10, 78=16, 79=12, 72=11, 73=7, 74=9, 75=7, 85=13, 84=4, 87=9, 86=14, 81=13, 80=9, 83=11, 82=9, 93=12, 92=12, 95=9, 94=11, 89=10, 88=6, 91=11, 90=13, 98=13, 99=11, 96=11, 97=6}
Avg distance between not played chunks: 7.4748089594517095
Min distance between not played chunks: 1.0
Max distance between not played chunks: 63.0

HELPING PEERS LOG

[HELPING] Active nodes: 3
[HELPING] Started playbacks: 3
[HELPING] Not started playbacks node-ids: []
[HELPING] Playbacks time-window: 39
[HELPING] Missing chunks distribution [missed-chunks/nodes]: {0=3}
[HELPING] Rejected chunks for ttl expiration [chunk-id/nodes]: 0 {}
[HELPING] Rejected chunks for capacity limit [chunk-id/nodes]: 0 {}
[HELPING] bandwidthUtilUp: 0.015072327740032374
[HELPING] bandwidthUtilDown: 0.010273126743751667
[HELPING] Avg # of unsent chunk for max-retries: 0.0
[HELPING] Min # of unsent chunk for max-retries: 0.0
[HELPING] Max # of unsent chunk for max-retries: 0.0
[HELPING] Avg # of unsent chunk-reqs for max-retries: 0.0
[HELPING] Min # of unsent chunk-reqs for max-retries: 0.0
[HELPING] Max # of unsent chunk-reqs for max-retries: 0.0
[HELPING] Avg % of chunks received by Pastry: 4.0
[HELPING] Min % of chunks received by Pastry: 0.0
[HELPING] Max % of chunks received by Pastry: 11.0
[HELPING] StD of chunks received by Pastry: 6.082762530298219
[HELPING] Var of chunks received by Pastry: 37.0
[HELPING] Avg % of chunks received by StarStream: 95.33333333333333
[HELPING] Min % of chunks received by StarStream: 88.0
[HELPING] Max % of chunks received by StarStream: 100.0
[HELPING] StD of chunks received by StarStream: 6.429100507328754
[HELPING] Var of chunks received by StarStream: 41.33333333333485
[HELPING] Startup Delay: 90.66666666666667
[HELPING] Latency: 7.956161616161616
[HELPING] Min of perceived avg chunk delivery-time: 7.717171717171717
[HELPING] Max of perceived avg chunk delivery-time: 8.131313131313131
[HELPING] Variance of perceived avg chunk delivery-time: 0.04593478216508373
[HELPING] StD of perceived avg chunk delivery-time: 0.21432401210569882
[HELPING] Avg messages sent per node: 6833.333333333333
[HELPING] Min messages sent per node: 5058.0
[HELPING] Max messages sent per node: 8163.0
[HELPING] Variance of messages sent per node: 2559220.3333333433
[HELPING] StD of messages sent per node: 1599.7563356128155
[HELPING] Nodes with incomplete playbacks: 0
[HELPING] Packet Loss: 0.0
[HELPING] Min % of not played chunks: 0.0
[HELPING] Max % of not played chunks: 0.0
[HELPING] Not played chunks [chunk-id/nodes]: {}
[HELPING] Avg distance between not played chunks: NaN
[HELPING] Min distance between not played chunks: Infinity
[HELPING] Max distance between not played chunks: -Infinity

