Total chunks: 100
Nodes x chunk: 4
Total nodes: 38
Active nodes: 32
Started playbacks: 32
Not started playbacks node-ids: []
Playbacks time-window: 112
Missing chunks distribution [missed-chunks/nodes]: {0=30, 1=2}
Rejected chunks for ttl expiration [chunk-id/nodes]: 1 {1=2}
Rejected chunks for capacity limit [chunk-id/nodes]: 0 {}
bandwidthUtilUp: 0.013667803097880613
bandwidthUtilDown: 0.008111872372375288
Avg # of unsent chunk for max-retries: 0.0
Min # of unsent chunk for max-retries: 0.0
Max # of unsent chunk for max-retries: 0.0
Avg # of unsent chunk-reqs for max-retries: 0.0
Min # of unsent chunk-reqs for max-retries: 0.0
Max # of unsent chunk-reqs for max-retries: 0.0
Avg % of chunks received by Pastry: 9.28125
Min % of chunks received by Pastry: 0.0
Max % of chunks received by Pastry: 17.0
StD of chunks received by Pastry: 4.259595429827398
Var of chunks received by Pastry: 18.144153225806452
Avg % of chunks received by StarStream: 89.75
Min % of chunks received by StarStream: 82.0
Max % of chunks received by StarStream: 100.0
StD of chunks received by StarStream: 4.332919748666838
Var of chunks received by StarStream: 18.774193548387096
[NONMOJO] Startup Delay: 68.71875
[MOJO] Startup Delay: 82.0
[MOJO] Latency: 8.028522147495362
Min of perceived avg chunk delivery-time: 6.19
Max of perceived avg chunk delivery-time: 9.52
Variance of perceived avg chunk delivery-time: 0.5081091329909742
StD of perceived avg chunk delivery-time: 0.712817741776237
Avg messages sent per node: 6545.65625
Min messages sent per node: 4345.0
Max messages sent per node: 8395.0
Variance of messages sent per node: 1439727.716733871
StD of messages sent per node: 1199.886543275601
Nodes with incomplete playbacks: 19
[MOJO] Continuity Index: 62.65625
[MOJO] Packet Loss: 37.34375
Min % of not played chunks: 0.0
Max % of not played chunks: 99.0
Not played chunks [chunk-id/nodes]: {1=13, 2=13, 3=11, 4=14, 5=13, 6=11, 7=13, 8=9, 9=10, 10=12, 11=9, 12=12, 13=11, 14=12, 15=11, 17=13, 16=11, 19=13, 18=10, 21=15, 20=11, 23=11, 22=11, 25=12, 24=13, 27=11, 26=12, 29=10, 28=10, 31=10, 30=10, 34=14, 35=14, 32=10, 33=13, 38=10, 39=15, 36=15, 37=14, 42=14, 43=14, 40=11, 41=13, 46=8, 47=10, 44=13, 45=14, 51=13, 50=11, 49=14, 48=10, 55=13, 54=7, 53=11, 52=13, 59=14, 58=13, 57=10, 56=14, 63=14, 62=13, 61=14, 60=9, 68=15, 69=13, 70=14, 71=15, 64=8, 65=11, 66=14, 67=13, 76=13, 77=12, 78=12, 79=12, 72=11, 73=9, 74=12, 75=12, 85=11, 84=12, 87=14, 86=12, 81=13, 80=12, 83=13, 82=14, 93=14, 92=11, 95=13, 94=11, 89=11, 88=9, 91=14, 90=12, 98=12, 99=13, 96=15, 97=11}
Avg distance between not played chunks: 1.6335294574382537
Min distance between not played chunks: 1.0
Max distance between not played chunks: 4.130434782608695

HELPING PEERS LOG

[HELPING] Active nodes: 6
[HELPING] Started playbacks: 6
[HELPING] Not started playbacks node-ids: []
[HELPING] Playbacks time-window: 128
[HELPING] Missing chunks distribution [missed-chunks/nodes]: {0=5, 2=1}
[HELPING] Rejected chunks for ttl expiration [chunk-id/nodes]: 1 {1=1}
[HELPING] Rejected chunks for capacity limit [chunk-id/nodes]: 0 {}
[HELPING] bandwidthUtilUp: 0.014025502209746738
[HELPING] bandwidthUtilDown: 0.007482298433217925
[HELPING] Avg # of unsent chunk for max-retries: 0.0
[HELPING] Min # of unsent chunk for max-retries: 0.0
[HELPING] Max # of unsent chunk for max-retries: 0.0
[HELPING] Avg # of unsent chunk-reqs for max-retries: 0.0
[HELPING] Min # of unsent chunk-reqs for max-retries: 0.0
[HELPING] Max # of unsent chunk-reqs for max-retries: 0.0
[HELPING] Avg % of chunks received by Pastry: 6.0
[HELPING] Min % of chunks received by Pastry: 0.0
[HELPING] Max % of chunks received by Pastry: 13.0
[HELPING] StD of chunks received by Pastry: 5.761944116355173
[HELPING] Var of chunks received by Pastry: 33.199999999999996
[HELPING] Avg % of chunks received by StarStream: 93.16666666666667
[HELPING] Min % of chunks received by StarStream: 86.0
[HELPING] Max % of chunks received by StarStream: 100.0
[HELPING] StD of chunks received by StarStream: 5.980523945831644
[HELPING] Var of chunks received by StarStream: 35.76666666666569
[HELPING] Startup Delay: 103.33333333333333
[HELPING] Latency: 8.739114271971415
[HELPING] Min of perceived avg chunk delivery-time: 7.43
[HELPING] Max of perceived avg chunk delivery-time: 9.693877551020408
[HELPING] Variance of perceived avg chunk delivery-time: 0.6945901458051708
[HELPING] StD of perceived avg chunk delivery-time: 0.8334207495648106
[HELPING] Avg messages sent per node: 6455.0
[HELPING] Min messages sent per node: 5905.0
[HELPING] Max messages sent per node: 6847.0
[HELPING] Variance of messages sent per node: 112994.80000000297
[HELPING] StD of messages sent per node: 336.1469916569282
[HELPING] Nodes with incomplete playbacks: 3
[HELPING] Packet Loss: 14.833333333333334
[HELPING] Min % of not played chunks: 0.0
[HELPING] Max % of not played chunks: 70.0
[HELPING] Not played chunks [chunk-id/nodes]: {1=2, 2=1, 4=2, 5=1, 6=2, 7=1, 8=1, 9=1, 10=1, 12=1, 13=1, 15=1, 17=1, 21=2, 20=1, 22=2, 27=1, 26=1, 29=1, 28=1, 31=1, 34=1, 35=1, 32=1, 33=1, 38=1, 39=1, 36=1, 43=1, 40=1, 41=2, 46=1, 47=1, 44=1, 45=2, 51=1, 50=1, 49=1, 48=1, 55=1, 54=2, 53=1, 52=1, 58=1, 57=1, 63=1, 62=2, 61=1, 69=2, 70=1, 64=1, 66=1, 67=1, 77=2, 79=2, 72=1, 73=1, 74=1, 75=1, 85=1, 84=1, 87=1, 86=1, 80=1, 83=1, 82=1, 93=2, 95=1, 94=1, 89=1, 91=1, 90=1, 98=1, 99=1, 96=1, 97=1}
[HELPING] Avg distance between not played chunks: 3.497016197783461
[HELPING] Min distance between not played chunks: 1.4057971014492754
[HELPING] Max distance between not played chunks: 5.588235294117647

