Total chunks: 100
Nodes x chunk: 4
Total nodes: 41
Active nodes: 32
Started playbacks: 32
Not started playbacks node-ids: []
Playbacks time-window: 78
Missing chunks distribution [missed-chunks/nodes]: {0=32}
Rejected chunks for ttl expiration [chunk-id/nodes]: 0 {}
Rejected chunks for capacity limit [chunk-id/nodes]: 0 {}
bandwidthUtilUp: 0.01393716368344823
bandwidthUtilDown: 0.008265835640365172
Avg # of unsent chunk for max-retries: 0.0
Min # of unsent chunk for max-retries: 0.0
Max # of unsent chunk for max-retries: 0.0
Avg # of unsent chunk-reqs for max-retries: 0.0
Min # of unsent chunk-reqs for max-retries: 0.0
Max # of unsent chunk-reqs for max-retries: 0.0
Avg % of chunks received by Pastry: 10.15625
Min % of chunks received by Pastry: 1.0
Max % of chunks received by Pastry: 18.0
StD of chunks received by Pastry: 4.016975069586246
Var of chunks received by Pastry: 16.13608870967742
Avg % of chunks received by StarStream: 88.875
Min % of chunks received by StarStream: 81.0
Max % of chunks received by StarStream: 99.0
StD of chunks received by StarStream: 4.093661504830246
Var of chunks received by StarStream: 16.758064516129032
[NONMOJO] Startup Delay: 66.75
[MOJO] Startup Delay: 73.3
[MOJO] Latency: 8.113251262626264
Min of perceived avg chunk delivery-time: 7.09
Max of perceived avg chunk delivery-time: 9.848484848484848
Variance of perceived avg chunk delivery-time: 0.44500358254256955
StD of perceived avg chunk delivery-time: 0.6670858884300953
Avg messages sent per node: 6773.28125
Min messages sent per node: 3639.0
Max messages sent per node: 9106.0
Variance of messages sent per node: 2239085.88608871
StD of messages sent per node: 1496.3575395234623
Nodes with incomplete playbacks: 20
[MOJO] Continuity Index: 62.5
[MOJO] Packet Loss: 37.5
Min % of not played chunks: 0.0
Max % of not played chunks: 99.0
Not played chunks [chunk-id/nodes]: {1=16, 2=15, 3=12, 4=13, 5=11, 6=14, 7=14, 8=10, 9=16, 10=10, 11=10, 12=15, 13=12, 14=15, 15=13, 17=8, 16=15, 19=12, 18=11, 21=9, 20=12, 23=12, 22=13, 25=11, 24=12, 27=12, 26=14, 29=10, 28=12, 31=17, 30=12, 34=13, 35=10, 32=13, 33=11, 38=12, 39=12, 36=12, 37=12, 42=12, 43=15, 40=10, 41=12, 46=13, 47=13, 44=10, 45=15, 51=12, 50=11, 49=12, 48=13, 55=11, 54=13, 53=10, 52=11, 59=11, 58=15, 57=13, 56=14, 63=10, 62=9, 61=11, 60=11, 68=14, 69=11, 70=14, 71=10, 64=10, 65=11, 66=14, 67=12, 76=10, 77=10, 78=13, 79=14, 72=11, 73=13, 74=12, 75=13, 85=11, 84=11, 87=10, 86=12, 81=10, 80=14, 83=13, 82=14, 93=15, 92=11, 95=13, 94=11, 89=13, 88=10, 91=14, 90=11, 98=10, 99=15, 96=10, 97=10}
Avg distance between not played chunks: 3.40929487348862
Min distance between not played chunks: 1.0
Max distance between not played chunks: 21.0

HELPING PEERS LOG

[HELPING] Active nodes: 9
[HELPING] Started playbacks: 9
[HELPING] Not started playbacks node-ids: []
[HELPING] Playbacks time-window: 104
[HELPING] Missing chunks distribution [missed-chunks/nodes]: {0=8, 1=1}
[HELPING] Rejected chunks for ttl expiration [chunk-id/nodes]: 1 {1=1}
[HELPING] Rejected chunks for capacity limit [chunk-id/nodes]: 0 {}
[HELPING] bandwidthUtilUp: 0.013495523073852243
[HELPING] bandwidthUtilDown: 0.0074361021575964515
[HELPING] Avg # of unsent chunk for max-retries: 0.0
[HELPING] Min # of unsent chunk for max-retries: 0.0
[HELPING] Max # of unsent chunk for max-retries: 0.0
[HELPING] Avg # of unsent chunk-reqs for max-retries: 0.0
[HELPING] Min # of unsent chunk-reqs for max-retries: 0.0
[HELPING] Max # of unsent chunk-reqs for max-retries: 0.0
[HELPING] Avg % of chunks received by Pastry: 5.555555555555555
[HELPING] Min % of chunks received by Pastry: 0.0
[HELPING] Max % of chunks received by Pastry: 12.0
[HELPING] StD of chunks received by Pastry: 3.8765677832043357
[HELPING] Var of chunks received by Pastry: 15.027777777777779
[HELPING] Avg % of chunks received by StarStream: 93.66666666666667
[HELPING] Min % of chunks received by StarStream: 87.0
[HELPING] Max % of chunks received by StarStream: 100.0
[HELPING] StD of chunks received by StarStream: 4.213074886588125
[HELPING] Var of chunks received by StarStream: 17.749999999999545
[HELPING] Startup Delay: 93.11111111111111
[HELPING] Latency: 8.770844728463778
[HELPING] Min of perceived avg chunk delivery-time: 7.95
[HELPING] Max of perceived avg chunk delivery-time: 9.63265306122449
[HELPING] Variance of perceived avg chunk delivery-time: 0.29967645529709763
[HELPING] StD of perceived avg chunk delivery-time: 0.5474271232749595
[HELPING] Avg messages sent per node: 6315.777777777777
[HELPING] Min messages sent per node: 4063.0
[HELPING] Max messages sent per node: 7992.0
[HELPING] Variance of messages sent per node: 1308923.1944444552
[HELPING] StD of messages sent per node: 1144.0818128282851
[HELPING] Nodes with incomplete playbacks: 4
[HELPING] Packet Loss: 13.555555555555555
[HELPING] Min % of not played chunks: 0.0
[HELPING] Max % of not played chunks: 54.0
[HELPING] Not played chunks [chunk-id/nodes]: {1=4, 2=1, 5=2, 6=1, 7=1, 9=1, 11=1, 12=2, 14=2, 15=1, 16=1, 19=1, 18=2, 21=2, 20=2, 23=1, 22=1, 25=1, 27=1, 26=2, 29=1, 28=2, 31=2, 30=1, 34=2, 35=1, 32=1, 33=1, 38=1, 39=1, 36=1, 43=3, 40=1, 41=2, 46=1, 47=1, 44=1, 45=1, 49=1, 48=2, 55=2, 54=1, 53=1, 52=2, 59=2, 57=2, 56=1, 63=1, 62=2, 61=2, 60=2, 68=1, 69=2, 70=1, 71=2, 65=2, 66=1, 67=2, 76=1, 77=2, 78=1, 79=2, 72=1, 73=2, 74=2, 75=1, 85=1, 84=2, 80=1, 83=1, 82=3, 93=1, 92=3, 95=1, 94=1, 89=1, 88=1, 91=2, 90=2, 98=1, 99=2, 96=1}
[HELPING] Avg distance between not played chunks: 2.673018867924528
[HELPING] Min distance between not played chunks: 1.849056603773585
[HELPING] Max distance between not played chunks: 3.72

