Total chunks: 100
Nodes x chunk: 4
Total nodes: 44
Active nodes: 32
Started playbacks: 32
Not started playbacks node-ids: []
Playbacks time-window: 312
Missing chunks distribution [missed-chunks/nodes]: {0=28, 1=1, 3=2, 6=1}
Rejected chunks for ttl expiration [chunk-id/nodes]: 6 {0=1, 1=4, 2=3, 3=1, 4=1, 5=1}
Rejected chunks for capacity limit [chunk-id/nodes]: 0 {}
bandwidthUtilUp: 0.013981908636277528
bandwidthUtilDown: 0.008414179762137552
Avg # of unsent chunk for max-retries: 0.0
Min # of unsent chunk for max-retries: 0.0
Max # of unsent chunk for max-retries: 0.0
Avg # of unsent chunk-reqs for max-retries: 0.0
Min # of unsent chunk-reqs for max-retries: 0.0
Max # of unsent chunk-reqs for max-retries: 0.0
Avg % of chunks received by Pastry: 10.6875
Min % of chunks received by Pastry: 0.0
Max % of chunks received by Pastry: 20.0
StD of chunks received by Pastry: 5.549992734665398
Var of chunks received by Pastry: 30.802419354838708
Avg % of chunks received by StarStream: 88.46875
Min % of chunks received by StarStream: 80.0
Max % of chunks received by StarStream: 100.0
StD of chunks received by StarStream: 5.639631508209299
Var of chunks received by StarStream: 31.805443548387096
[NONMOJO] Startup Delay: 92.1875
[MOJO] Startup Delay: 52.2
[MOJO] Latency: 8.500457121380892
Min of perceived avg chunk delivery-time: 7.29
Max of perceived avg chunk delivery-time: 9.846938775510203
Variance of perceived avg chunk delivery-time: 0.3196944885452496
StD of perceived avg chunk delivery-time: 0.5654153239391816
Avg messages sent per node: 6898.25
Min messages sent per node: 4158.0
Max messages sent per node: 10204.0
Variance of messages sent per node: 2669296.193548387
StD of messages sent per node: 1633.7980883659973
Nodes with incomplete playbacks: 26
[MOJO] Continuity Index: 54.96875
[MOJO] Packet Loss: 45.03125
Min % of not played chunks: 0.0
Max % of not played chunks: 99.0
Not played chunks [chunk-id/nodes]: {1=15, 2=19, 3=15, 4=15, 5=14, 6=13, 7=11, 8=14, 9=15, 10=14, 11=15, 12=15, 13=12, 14=15, 15=14, 17=12, 16=14, 19=12, 18=15, 21=14, 20=16, 23=13, 22=15, 25=13, 24=14, 27=16, 26=15, 29=13, 28=15, 31=14, 30=12, 34=13, 35=15, 32=14, 33=15, 38=15, 39=15, 36=12, 37=13, 42=15, 43=15, 40=12, 41=13, 46=15, 47=13, 44=16, 45=14, 51=13, 50=16, 49=17, 48=10, 55=12, 54=16, 53=16, 52=15, 59=15, 58=16, 57=21, 56=15, 63=13, 62=12, 61=14, 60=15, 68=13, 69=14, 70=15, 71=11, 64=14, 65=18, 66=17, 67=16, 76=15, 77=19, 78=12, 79=18, 72=16, 73=11, 74=15, 75=12, 85=18, 84=14, 87=15, 86=15, 81=16, 80=16, 83=16, 82=17, 93=17, 92=13, 95=14, 94=19, 89=14, 88=17, 91=13, 90=15, 98=11, 99=15, 96=16, 97=14}
Avg distance between not played chunks: 2.024615372210136
Min distance between not played chunks: 1.0
Max distance between not played chunks: 8.181818181818182

HELPING PEERS LOG

[HELPING] Active nodes: 12
[HELPING] Started playbacks: 12
[HELPING] Not started playbacks node-ids: []
[HELPING] Playbacks time-window: 150
[HELPING] Missing chunks distribution [missed-chunks/nodes]: {0=11, 3=1}
[HELPING] Rejected chunks for ttl expiration [chunk-id/nodes]: 2 {1=1, 2=1}
[HELPING] Rejected chunks for capacity limit [chunk-id/nodes]: 0 {}
[HELPING] bandwidthUtilUp: 0.014117960590562716
[HELPING] bandwidthUtilDown: 0.007325642235840545
[HELPING] Avg # of unsent chunk for max-retries: 0.0
[HELPING] Min # of unsent chunk for max-retries: 0.0
[HELPING] Max # of unsent chunk for max-retries: 0.0
[HELPING] Avg # of unsent chunk-reqs for max-retries: 0.0
[HELPING] Min # of unsent chunk-reqs for max-retries: 0.0
[HELPING] Max # of unsent chunk-reqs for max-retries: 0.0
[HELPING] Avg % of chunks received by Pastry: 3.0833333333333335
[HELPING] Min % of chunks received by Pastry: 0.0
[HELPING] Max % of chunks received by Pastry: 15.0
[HELPING] StD of chunks received by Pastry: 4.100073909163841
[HELPING] Var of chunks received by Pastry: 16.81060606060606
[HELPING] Avg % of chunks received by StarStream: 96.25
[HELPING] Min % of chunks received by StarStream: 84.0
[HELPING] Max % of chunks received by StarStream: 100.0
[HELPING] StD of chunks received by StarStream: 4.330127018922194
[HELPING] Var of chunks received by StarStream: 18.75
[HELPING] Startup Delay: 123.33333333333333
[HELPING] Latency: 9.222374778714984
[HELPING] Min of perceived avg chunk delivery-time: 8.02061855670103
[HELPING] Max of perceived avg chunk delivery-time: 10.848484848484848
[HELPING] Variance of perceived avg chunk delivery-time: 0.8364029137125973
[HELPING] StD of perceived avg chunk delivery-time: 0.914550662190235
[HELPING] Avg messages sent per node: 6597.166666666667
[HELPING] Min messages sent per node: 3944.0
[HELPING] Max messages sent per node: 8174.0
[HELPING] Variance of messages sent per node: 1935552.1515151423
[HELPING] StD of messages sent per node: 1391.2412269319589
[HELPING] Nodes with incomplete playbacks: 2
[HELPING] Packet Loss: 2.75
[HELPING] Min % of not played chunks: 0.0
[HELPING] Max % of not played chunks: 31.0
[HELPING] Not played chunks [chunk-id/nodes]: {68=1, 1=1, 2=1, 71=1, 5=1, 67=1, 9=1, 72=1, 13=1, 74=1, 15=1, 19=1, 86=1, 25=1, 88=1, 30=1, 99=1, 39=1, 96=1, 36=1, 97=1, 42=1, 47=1, 44=1, 51=1, 48=1, 55=1, 58=1, 57=1, 56=1, 63=1, 62=1, 61=1}
[HELPING] Avg distance between not played chunks: 2.0666666666666664
[HELPING] Min distance between not played chunks: 1.0
[HELPING] Max distance between not played chunks: 3.1333333333333333

