Total chunks: 100
Nodes x chunk: 4
Total nodes: 48
Active nodes: 32
Started playbacks: 32
Not started playbacks node-ids: []
Playbacks time-window: 66
Missing chunks distribution [missed-chunks/nodes]: {0=32}
Rejected chunks for ttl expiration [chunk-id/nodes]: 1 {0=2}
Rejected chunks for capacity limit [chunk-id/nodes]: 0 {}
bandwidthUtilUp: 0.014219200552712141
bandwidthUtilDown: 0.008523454562462276
Avg # of unsent chunk for max-retries: 0.0
Min # of unsent chunk for max-retries: 0.0
Max # of unsent chunk for max-retries: 0.0
Avg # of unsent chunk-reqs for max-retries: 0.0
Min # of unsent chunk-reqs for max-retries: 0.0
Max # of unsent chunk-reqs for max-retries: 0.0
Avg % of chunks received by Pastry: 11.375
Min % of chunks received by Pastry: 0.0
Max % of chunks received by Pastry: 29.0
StD of chunks received by Pastry: 4.8576510983754675
Var of chunks received by Pastry: 23.596774193548388
Avg % of chunks received by StarStream: 87.6875
Min % of chunks received by StarStream: 70.0
Max % of chunks received by StarStream: 100.0
StD of chunks received by StarStream: 5.006044733216807
Var of chunks received by StarStream: 25.06048387096774
[NONMOJO] Startup Delay: 79.09375
[MOJO] Startup Delay: 74.0
[MOJO] Latency: 8.688674242424243
Min of perceived avg chunk delivery-time: 6.97
Max of perceived avg chunk delivery-time: 10.16161616161616
Variance of perceived avg chunk delivery-time: 0.4864180862058263
StD of perceived avg chunk delivery-time: 0.6974367972840452
Avg messages sent per node: 6951.78125
Min messages sent per node: 4035.0
Max messages sent per node: 9261.0
Variance of messages sent per node: 2144273.0151209678
StD of messages sent per node: 1464.333642009555
Nodes with incomplete playbacks: 26
[MOJO] Continuity Index: 56.53125
[MOJO] Packet Loss: 43.46875
Min % of not played chunks: 0.0
Max % of not played chunks: 99.0
Not played chunks [chunk-id/nodes]: {1=16, 2=17, 3=17, 4=14, 5=12, 6=15, 7=12, 8=11, 9=14, 10=16, 11=20, 12=15, 13=16, 14=15, 15=10, 17=12, 16=12, 19=14, 18=13, 21=17, 20=14, 23=14, 22=14, 25=11, 24=15, 27=14, 26=14, 29=13, 28=15, 31=13, 30=16, 34=15, 35=12, 32=13, 33=10, 38=10, 39=12, 36=15, 37=12, 42=15, 43=14, 40=18, 41=13, 46=16, 47=13, 44=14, 45=15, 51=12, 50=14, 49=10, 48=15, 55=14, 54=12, 53=13, 52=13, 59=14, 58=13, 57=15, 56=16, 63=13, 62=12, 61=17, 60=12, 68=17, 69=16, 70=18, 71=12, 64=15, 65=13, 66=16, 67=14, 76=14, 77=14, 78=11, 79=15, 72=17, 73=17, 74=14, 75=13, 85=14, 84=16, 87=16, 86=13, 81=14, 80=14, 83=15, 82=13, 93=13, 92=15, 95=14, 94=16, 89=17, 88=14, 91=12, 90=15, 98=12, 99=13, 96=13, 97=13}
Avg distance between not played chunks: 3.667348655313248
Min distance between not played chunks: 1.0
Max distance between not played chunks: 27.0

HELPING PEERS LOG

[HELPING] Active nodes: 16
[HELPING] Started playbacks: 16
[HELPING] Not started playbacks node-ids: []
[HELPING] Playbacks time-window: 119
[HELPING] Missing chunks distribution [missed-chunks/nodes]: {0=15, 1=1}
[HELPING] Rejected chunks for ttl expiration [chunk-id/nodes]: 2 {0=4, 1=1}
[HELPING] Rejected chunks for capacity limit [chunk-id/nodes]: 0 {}
[HELPING] bandwidthUtilUp: 0.014595203924277409
[HELPING] bandwidthUtilDown: 0.008029879643571814
[HELPING] Avg # of unsent chunk for max-retries: 0.0
[HELPING] Min # of unsent chunk for max-retries: 0.0
[HELPING] Max # of unsent chunk for max-retries: 0.0
[HELPING] Avg # of unsent chunk-reqs for max-retries: 0.0
[HELPING] Min # of unsent chunk-reqs for max-retries: 0.0
[HELPING] Max # of unsent chunk-reqs for max-retries: 0.0
[HELPING] Avg % of chunks received by Pastry: 7.5625
[HELPING] Min % of chunks received by Pastry: 0.0
[HELPING] Max % of chunks received by Pastry: 18.0
[HELPING] StD of chunks received by Pastry: 5.6446877681586605
[HELPING] Var of chunks received by Pastry: 31.8625
[HELPING] Avg % of chunks received by StarStream: 91.625
[HELPING] Min % of chunks received by StarStream: 81.0
[HELPING] Max % of chunks received by StarStream: 100.0
[HELPING] StD of chunks received by StarStream: 5.920304046246273
[HELPING] Var of chunks received by StarStream: 35.05
[HELPING] Startup Delay: 99.125
[HELPING] Latency: 9.027627808699236
[HELPING] Min of perceived avg chunk delivery-time: 7.96
[HELPING] Max of perceived avg chunk delivery-time: 9.75
[HELPING] Variance of perceived avg chunk delivery-time: 0.2736354183039263
[HELPING] StD of perceived avg chunk delivery-time: 0.5231017284467012
[HELPING] Avg messages sent per node: 6752.25
[HELPING] Min messages sent per node: 4598.0
[HELPING] Max messages sent per node: 9140.0
[HELPING] Variance of messages sent per node: 2680522.8666666667
[HELPING] StD of messages sent per node: 1637.2302424114534
[HELPING] Nodes with incomplete playbacks: 9
[HELPING] Packet Loss: 27.3125
[HELPING] Min % of not played chunks: 0.0
[HELPING] Max % of not played chunks: 91.0
[HELPING] Not played chunks [chunk-id/nodes]: {1=4, 2=5, 3=5, 4=5, 5=5, 6=5, 7=6, 8=3, 9=3, 10=6, 11=5, 12=3, 13=3, 14=2, 15=5, 17=3, 16=7, 19=6, 18=3, 21=6, 20=4, 23=4, 22=3, 25=2, 24=3, 27=3, 26=5, 29=5, 28=4, 31=4, 30=2, 34=5, 35=3, 32=4, 33=7, 38=5, 39=5, 36=4, 37=5, 42=1, 43=5, 40=5, 41=6, 46=5, 47=2, 44=4, 45=5, 51=3, 50=2, 49=6, 48=4, 55=4, 54=5, 53=6, 52=4, 59=5, 58=6, 57=6, 56=4, 63=4, 62=4, 61=6, 60=4, 68=5, 69=5, 70=6, 71=5, 64=4, 65=6, 66=4, 67=4, 77=5, 78=3, 79=5, 72=6, 73=7, 74=3, 75=6, 85=4, 84=5, 87=4, 86=5, 81=4, 80=3, 83=4, 82=5, 93=7, 92=3, 95=3, 94=3, 89=6, 88=5, 91=4, 90=7, 98=3, 99=7, 96=4, 97=4}
[HELPING] Avg distance between not played chunks: 2.058697665494792
[HELPING] Min distance between not played chunks: 1.0888888888888888
[HELPING] Max distance between not played chunks: 3.7

