Total chunks: 100
Nodes x chunk: 4
Total nodes: 51
Active nodes: 32
Started playbacks: 32
Not started playbacks node-ids: []
Playbacks time-window: 128
Missing chunks distribution [missed-chunks/nodes]: {0=30, 1=2}
Rejected chunks for ttl expiration [chunk-id/nodes]: 1 {1=2}
Rejected chunks for capacity limit [chunk-id/nodes]: 0 {}
bandwidthUtilUp: 0.014321643883336255
bandwidthUtilDown: 0.008277592597908143
Avg # of unsent chunk for max-retries: 0.0
Min # of unsent chunk for max-retries: 0.0
Max # of unsent chunk for max-retries: 0.0
Avg # of unsent chunk-reqs for max-retries: 0.0
Min # of unsent chunk-reqs for max-retries: 0.0
Max # of unsent chunk-reqs for max-retries: 0.0
Avg % of chunks received by Pastry: 9.21875
Min % of chunks received by Pastry: 0.0
Max % of chunks received by Pastry: 16.0
StD of chunks received by Pastry: 4.426710531425367
Var of chunks received by Pastry: 19.595766129032256
Avg % of chunks received by StarStream: 89.875
Min % of chunks received by StarStream: 83.0
Max % of chunks received by StarStream: 100.0
StD of chunks received by StarStream: 4.619384123172629
Var of chunks received by StarStream: 21.338709677419356
[NONMOJO] Startup Delay: 93.0625
[MOJO] Startup Delay: 62.0
[MOJO] Latency: 9.113765718408576
Min of perceived avg chunk delivery-time: 8.17
Max of perceived avg chunk delivery-time: 10.21
Variance of perceived avg chunk delivery-time: 0.24984680712708313
StD of perceived avg chunk delivery-time: 0.49984678365183377
Avg messages sent per node: 6915.8125
Min messages sent per node: 4508.0
Max messages sent per node: 9520.0
Variance of messages sent per node: 1725175.189516129
StD of messages sent per node: 1313.4592454720964
Nodes with incomplete playbacks: 28
[MOJO] Continuity Index: 55.53125
[MOJO] Packet Loss: 44.46875
Min % of not played chunks: 0.0
Max % of not played chunks: 99.0
Not played chunks [chunk-id/nodes]: {1=15, 2=15, 3=16, 4=14, 5=19, 6=12, 7=14, 8=13, 9=11, 10=11, 11=16, 12=12, 13=9, 14=15, 15=14, 17=15, 16=16, 19=17, 18=16, 21=14, 20=16, 23=15, 22=16, 25=14, 24=8, 27=12, 26=17, 29=13, 28=14, 31=14, 30=12, 34=11, 35=9, 32=15, 33=13, 38=13, 39=14, 36=17, 37=13, 42=17, 43=14, 40=15, 41=13, 46=14, 47=14, 44=15, 45=11, 51=11, 50=13, 49=11, 48=17, 55=13, 54=17, 53=18, 52=11, 59=13, 58=15, 57=16, 56=13, 63=15, 62=13, 61=13, 60=20, 68=10, 69=12, 70=19, 71=13, 64=16, 65=21, 66=13, 67=13, 76=16, 77=14, 78=16, 79=13, 72=15, 73=14, 74=15, 75=15, 85=15, 84=19, 87=13, 86=15, 81=18, 80=13, 83=13, 82=15, 93=18, 92=12, 95=16, 94=14, 89=15, 88=18, 91=16, 90=17, 98=16, 99=15, 96=14, 97=14}
Avg distance between not played chunks: 4.231471670480649
Min distance between not played chunks: 1.0
Max distance between not played chunks: 23.666666666666668

HELPING PEERS LOG

[HELPING] Active nodes: 19
[HELPING] Started playbacks: 19
[HELPING] Not started playbacks node-ids: []
[HELPING] Playbacks time-window: 157
[HELPING] Missing chunks distribution [missed-chunks/nodes]: {0=17, 1=1, 2=1}
[HELPING] Rejected chunks for ttl expiration [chunk-id/nodes]: 3 {0=1, 1=1, 2=1}
[HELPING] Rejected chunks for capacity limit [chunk-id/nodes]: 0 {}
[HELPING] bandwidthUtilUp: 0.013917744331480977
[HELPING] bandwidthUtilDown: 0.007694434293545366
[HELPING] Avg # of unsent chunk for max-retries: 0.0
[HELPING] Min # of unsent chunk for max-retries: 0.0
[HELPING] Max # of unsent chunk for max-retries: 0.0
[HELPING] Avg # of unsent chunk-reqs for max-retries: 0.0
[HELPING] Min # of unsent chunk-reqs for max-retries: 0.0
[HELPING] Max # of unsent chunk-reqs for max-retries: 0.0
[HELPING] Avg % of chunks received by Pastry: 8.736842105263158
[HELPING] Min % of chunks received by Pastry: 0.0
[HELPING] Max % of chunks received by Pastry: 17.0
[HELPING] StD of chunks received by Pastry: 5.289844623460209
[HELPING] Var of chunks received by Pastry: 27.982456140350884
[HELPING] Avg % of chunks received by StarStream: 90.47368421052632
[HELPING] Min % of chunks received by StarStream: 82.0
[HELPING] Max % of chunks received by StarStream: 100.0
[HELPING] StD of chunks received by StarStream: 5.5213567279210665
[HELPING] Var of chunks received by StarStream: 30.485380116959227
[HELPING] Startup Delay: 113.21052631578948
[HELPING] Latency: 9.312660547472579
[HELPING] Min of perceived avg chunk delivery-time: 7.81
[HELPING] Max of perceived avg chunk delivery-time: 11.0
[HELPING] Variance of perceived avg chunk delivery-time: 0.8195686204288298
[HELPING] StD of perceived avg chunk delivery-time: 0.9053002929574417
[HELPING] Avg messages sent per node: 6365.631578947368
[HELPING] Min messages sent per node: 3902.0
[HELPING] Max messages sent per node: 9164.0
[HELPING] Variance of messages sent per node: 2496730.4678362613
[HELPING] StD of messages sent per node: 1580.104574968461
[HELPING] Nodes with incomplete playbacks: 12
[HELPING] Packet Loss: 28.57894736842105
[HELPING] Min % of not played chunks: 0.0
[HELPING] Max % of not played chunks: 93.0
[HELPING] Not played chunks [chunk-id/nodes]: {1=6, 2=5, 3=6, 4=2, 5=7, 6=4, 7=5, 8=5, 9=9, 10=5, 11=4, 12=7, 13=5, 14=4, 15=7, 17=6, 16=5, 19=5, 18=4, 21=5, 20=5, 23=5, 22=4, 25=6, 24=6, 27=5, 26=7, 29=4, 28=6, 31=3, 30=5, 34=6, 35=4, 32=5, 33=5, 38=5, 39=8, 36=5, 37=3, 42=7, 43=5, 40=6, 41=5, 46=7, 47=6, 44=5, 45=6, 51=4, 50=4, 49=4, 48=5, 55=7, 54=6, 53=4, 52=6, 59=3, 58=7, 57=6, 56=7, 63=8, 62=4, 61=6, 60=8, 68=4, 69=4, 70=5, 71=8, 64=10, 65=5, 66=5, 67=6, 76=5, 77=4, 78=6, 79=5, 72=6, 73=4, 74=6, 75=4, 85=5, 84=6, 87=4, 86=6, 81=8, 80=6, 83=7, 82=4, 93=8, 92=5, 95=7, 94=7, 89=5, 88=5, 91=5, 90=8, 98=5, 99=6, 96=5, 97=5}
[HELPING] Avg distance between not played chunks: 2.4777828413896676
[HELPING] Min distance between not played chunks: 1.065217391304348
[HELPING] Max distance between not played chunks: 6.75

