Total chunks: 100
Nodes x chunk: 4
Total nodes: 54
Active nodes: 32
Started playbacks: 32
Not started playbacks node-ids: []
Playbacks time-window: 342
Missing chunks distribution [missed-chunks/nodes]: {0=31, 6=1}
Rejected chunks for ttl expiration [chunk-id/nodes]: 0 {}
Rejected chunks for capacity limit [chunk-id/nodes]: 0 {}
bandwidthUtilUp: 0.0140900022744087
bandwidthUtilDown: 0.008260946312207322
Avg # of unsent chunk for max-retries: 0.0
Min # of unsent chunk for max-retries: 0.0
Max # of unsent chunk for max-retries: 0.0
Avg # of unsent chunk-reqs for max-retries: 0.0
Min # of unsent chunk-reqs for max-retries: 0.0
Max # of unsent chunk-reqs for max-retries: 0.0
Avg % of chunks received by Pastry: 10.6875
Min % of chunks received by Pastry: 0.0
Max % of chunks received by Pastry: 21.0
StD of chunks received by Pastry: 4.0436130442480405
Var of chunks received by Pastry: 16.350806451612904
Avg % of chunks received by StarStream: 88.3125
Min % of chunks received by StarStream: 78.0
Max % of chunks received by StarStream: 99.0
StD of chunks received by StarStream: 4.0436130442480405
Var of chunks received by StarStream: 16.350806451612904
[NONMOJO] Startup Delay: 98.40625
[MOJO] Startup Delay: 123.6
[MOJO] Latency: 9.464388297872343
Min of perceived avg chunk delivery-time: 7.93
Max of perceived avg chunk delivery-time: 14.340425531914894
Variance of perceived avg chunk delivery-time: 1.238133456242013
StD of perceived avg chunk delivery-time: 1.1127144540456069
Avg messages sent per node: 6831.53125
Min messages sent per node: 3731.0
Max messages sent per node: 9457.0
Variance of messages sent per node: 2243941.289314516
StD of messages sent per node: 1497.9790683833055
Nodes with incomplete playbacks: 27
[MOJO] Continuity Index: 51.21875
[MOJO] Packet Loss: 48.78125
Min % of not played chunks: 0.0
Max % of not played chunks: 99.0
Not played chunks [chunk-id/nodes]: {1=18, 2=16, 3=17, 4=20, 5=18, 6=15, 7=18, 8=15, 9=15, 10=17, 11=19, 12=18, 13=13, 14=14, 15=15, 17=18, 16=14, 19=12, 18=13, 21=12, 20=14, 23=21, 22=14, 25=15, 24=18, 27=21, 26=13, 29=17, 28=18, 31=18, 30=15, 34=14, 35=18, 32=15, 33=16, 38=18, 39=13, 36=10, 37=13, 42=15, 43=14, 40=12, 41=17, 46=16, 47=18, 44=16, 45=19, 51=12, 50=16, 49=15, 48=15, 55=16, 54=18, 53=12, 52=13, 59=19, 58=19, 57=17, 56=14, 63=17, 62=15, 61=16, 60=15, 68=12, 69=14, 70=12, 71=15, 64=18, 65=18, 66=13, 67=13, 76=18, 77=18, 78=17, 79=12, 72=15, 73=17, 74=17, 75=19, 85=17, 84=20, 87=16, 86=17, 81=14, 80=14, 83=18, 82=17, 93=14, 92=17, 95=16, 94=16, 89=15, 88=18, 91=16, 90=14, 98=15, 99=16, 96=15, 97=14}
Avg distance between not played chunks: 2.1865103413662124
Min distance between not played chunks: 1.0
Max distance between not played chunks: 9.222222222222221

HELPING PEERS LOG

[HELPING] Active nodes: 22
[HELPING] Started playbacks: 22
[HELPING] Not started playbacks node-ids: []
[HELPING] Playbacks time-window: 74
[HELPING] Missing chunks distribution [missed-chunks/nodes]: {0=22}
[HELPING] Rejected chunks for ttl expiration [chunk-id/nodes]: 1 {0=1}
[HELPING] Rejected chunks for capacity limit [chunk-id/nodes]: 0 {}
[HELPING] bandwidthUtilUp: 0.01458544006422417
[HELPING] bandwidthUtilDown: 0.008450923961001482
[HELPING] Avg # of unsent chunk for max-retries: 0.0
[HELPING] Min # of unsent chunk for max-retries: 0.0
[HELPING] Max # of unsent chunk for max-retries: 0.0
[HELPING] Avg # of unsent chunk-reqs for max-retries: 0.0
[HELPING] Min # of unsent chunk-reqs for max-retries: 0.0
[HELPING] Max # of unsent chunk-reqs for max-retries: 0.0
[HELPING] Avg % of chunks received by Pastry: 10.545454545454545
[HELPING] Min % of chunks received by Pastry: 1.0
[HELPING] Max % of chunks received by Pastry: 16.0
[HELPING] StD of chunks received by Pastry: 3.608551651514085
[HELPING] Var of chunks received by Pastry: 13.021645021645032
[HELPING] Avg % of chunks received by StarStream: 88.5
[HELPING] Min % of chunks received by StarStream: 83.0
[HELPING] Max % of chunks received by StarStream: 99.0
[HELPING] StD of chunks received by StarStream: 3.738474351415346
[HELPING] Var of chunks received by StarStream: 13.976190476190391
[HELPING] Startup Delay: 92.68181818181819
[HELPING] Latency: 9.3698347107438
[HELPING] Min of perceived avg chunk delivery-time: 8.53
[HELPING] Max of perceived avg chunk delivery-time: 10.636363636363637
[HELPING] Variance of perceived avg chunk delivery-time: 0.33496077421202536
[HELPING] StD of perceived avg chunk delivery-time: 0.5787579582278116
[HELPING] Avg messages sent per node: 6422.636363636364
[HELPING] Min messages sent per node: 4039.0
[HELPING] Max messages sent per node: 10156.0
[HELPING] Variance of messages sent per node: 2142266.6233766214
[HELPING] StD of messages sent per node: 1463.6483947234806
[HELPING] Nodes with incomplete playbacks: 16
[HELPING] Packet Loss: 39.04545454545455
[HELPING] Min % of not played chunks: 0.0
[HELPING] Max % of not played chunks: 99.0
[HELPING] Not played chunks [chunk-id/nodes]: {1=7, 2=9, 3=9, 4=8, 5=9, 6=10, 7=9, 8=8, 9=7, 10=8, 11=8, 12=8, 13=8, 14=8, 15=6, 17=11, 16=5, 19=6, 18=5, 21=5, 20=7, 23=6, 22=8, 25=6, 24=11, 27=6, 26=5, 29=10, 28=8, 31=6, 30=7, 34=9, 35=9, 32=7, 33=5, 38=7, 39=9, 36=8, 37=10, 42=10, 43=11, 40=9, 41=8, 46=9, 47=9, 44=9, 45=11, 51=8, 50=5, 49=8, 48=6, 55=10, 54=11, 53=10, 52=5, 59=10, 58=11, 57=13, 56=8, 63=7, 62=11, 61=9, 60=9, 68=9, 69=10, 70=9, 71=11, 64=8, 65=8, 66=10, 67=11, 76=12, 77=10, 78=11, 79=8, 72=6, 73=8, 74=9, 75=11, 85=11, 84=11, 87=7, 86=10, 81=11, 80=9, 83=9, 82=8, 93=12, 92=11, 95=9, 94=10, 89=9, 88=12, 91=10, 90=7, 98=9, 99=10, 96=8, 97=10}
[HELPING] Avg distance between not played chunks: 3.2558912518575696
[HELPING] Min distance between not played chunks: 1.0
[HELPING] Max distance between not played chunks: 20.0

