Total chunks: 100
Nodes x chunk: 4
Total nodes: 57
Active nodes: 32
Started playbacks: 32
Not started playbacks node-ids: []
Playbacks time-window: 112
Missing chunks distribution [missed-chunks/nodes]: {0=30, 1=2}
Rejected chunks for ttl expiration [chunk-id/nodes]: 2 {0=2, 1=2}
Rejected chunks for capacity limit [chunk-id/nodes]: 0 {}
bandwidthUtilUp: 0.013991069223967928
bandwidthUtilDown: 0.008075698619211607
Avg # of unsent chunk for max-retries: 0.0
Min # of unsent chunk for max-retries: 0.0
Max # of unsent chunk for max-retries: 0.0
Avg # of unsent chunk-reqs for max-retries: 0.0
Min # of unsent chunk-reqs for max-retries: 0.0
Max # of unsent chunk-reqs for max-retries: 0.0
Avg % of chunks received by Pastry: 10.5
Min % of chunks received by Pastry: 0.0
Max % of chunks received by Pastry: 16.0
StD of chunks received by Pastry: 4.515207279205856
Var of chunks received by Pastry: 20.387096774193548
Avg % of chunks received by StarStream: 88.53125
Min % of chunks received by StarStream: 83.0
Max % of chunks received by StarStream: 100.0
StD of chunks received by StarStream: 4.593012750802273
Var of chunks received by StarStream: 21.095766129032256
[NONMOJO] Startup Delay: 103.8125
[MOJO] Startup Delay: 76.6
[MOJO] Latency: 9.409221294578439
Min of perceived avg chunk delivery-time: 8.29
Max of perceived avg chunk delivery-time: 10.438775510204081
Variance of perceived avg chunk delivery-time: 0.25111972105410574
StD of perceived avg chunk delivery-time: 0.5011184700787886
Avg messages sent per node: 6741.90625
Min messages sent per node: 3708.0
Max messages sent per node: 9748.0
Variance of messages sent per node: 2811473.700604839
StD of messages sent per node: 1676.7449718442094
Nodes with incomplete playbacks: 28
[MOJO] Continuity Index: 55.125
[MOJO] Packet Loss: 44.875
Min % of not played chunks: 0.0
Max % of not played chunks: 99.0
Not played chunks [chunk-id/nodes]: {1=14, 2=14, 3=14, 4=11, 5=12, 6=14, 7=14, 8=15, 9=10, 10=12, 11=17, 12=14, 13=15, 14=13, 15=14, 17=13, 16=16, 19=10, 18=16, 21=10, 20=15, 23=17, 22=12, 25=14, 24=14, 27=15, 26=13, 29=11, 28=16, 31=15, 30=16, 34=14, 35=13, 32=13, 33=13, 38=13, 39=11, 36=13, 37=16, 42=19, 43=13, 40=18, 41=18, 46=17, 47=16, 44=17, 45=13, 51=9, 50=12, 49=11, 48=15, 55=14, 54=15, 53=17, 52=15, 59=16, 58=14, 57=14, 56=18, 63=16, 62=13, 61=16, 60=16, 68=17, 69=13, 70=15, 71=15, 64=18, 65=12, 66=19, 67=19, 76=14, 77=12, 78=15, 79=13, 72=16, 73=15, 74=13, 75=16, 85=13, 84=17, 87=10, 86=17, 81=17, 80=14, 83=14, 82=18, 93=17, 92=11, 95=12, 94=17, 89=16, 88=20, 91=14, 90=14, 98=15, 99=16, 96=14, 97=14}
Avg distance between not played chunks: 2.669990901512974
Min distance between not played chunks: 1.0
Max distance between not played chunks: 12.166666666666666

HELPING PEERS LOG

[HELPING] Active nodes: 25
[HELPING] Started playbacks: 25
[HELPING] Not started playbacks node-ids: []
[HELPING] Playbacks time-window: 234
[HELPING] Missing chunks distribution [missed-chunks/nodes]: {0=22, 1=1, 2=1, 4=1}
[HELPING] Rejected chunks for ttl expiration [chunk-id/nodes]: 4 {0=7, 1=3, 2=1, 3=1}
[HELPING] Rejected chunks for capacity limit [chunk-id/nodes]: 0 {}
[HELPING] bandwidthUtilUp: 0.014554592105881675
[HELPING] bandwidthUtilDown: 0.008284367573076183
[HELPING] Avg # of unsent chunk for max-retries: 0.0
[HELPING] Min # of unsent chunk for max-retries: 0.0
[HELPING] Max # of unsent chunk for max-retries: 0.0
[HELPING] Avg # of unsent chunk-reqs for max-retries: 0.0
[HELPING] Min # of unsent chunk-reqs for max-retries: 0.0
[HELPING] Max # of unsent chunk-reqs for max-retries: 0.0
[HELPING] Avg % of chunks received by Pastry: 7.88
[HELPING] Min % of chunks received by Pastry: 1.0
[HELPING] Max % of chunks received by Pastry: 18.0
[HELPING] StD of chunks received by Pastry: 4.893192550200056
[HELPING] Var of chunks received by Pastry: 23.94333333333333
[HELPING] Avg % of chunks received by StarStream: 91.2
[HELPING] Min % of chunks received by StarStream: 81.0
[HELPING] Max % of chunks received by StarStream: 99.0
[HELPING] StD of chunks received by StarStream: 5.008326400438899
[HELPING] Var of chunks received by StarStream: 25.08333333333326
[HELPING] Startup Delay: 119.44
[HELPING] Latency: 9.526169789734077
[HELPING] Min of perceived avg chunk delivery-time: 8.61
[HELPING] Max of perceived avg chunk delivery-time: 11.357142857142858
[HELPING] Variance of perceived avg chunk delivery-time: 0.44647596268111067
[HELPING] StD of perceived avg chunk delivery-time: 0.6681885682059449
[HELPING] Avg messages sent per node: 6359.68
[HELPING] Min messages sent per node: 4203.0
[HELPING] Max messages sent per node: 9122.0
[HELPING] Variance of messages sent per node: 2050764.3933333303
[HELPING] StD of messages sent per node: 1432.0490191796266
[HELPING] Nodes with incomplete playbacks: 18
[HELPING] Packet Loss: 39.32
[HELPING] Min % of not played chunks: 0.0
[HELPING] Max % of not played chunks: 99.0
[HELPING] Not played chunks [chunk-id/nodes]: {1=11, 2=11, 3=10, 4=11, 5=9, 6=10, 7=12, 8=9, 9=8, 10=9, 11=9, 12=9, 13=8, 14=10, 15=11, 17=8, 16=12, 19=11, 18=9, 21=10, 20=11, 23=12, 22=7, 25=13, 24=11, 27=9, 26=9, 29=10, 28=11, 31=9, 30=9, 34=10, 35=10, 32=8, 33=9, 38=10, 39=6, 36=10, 37=11, 42=10, 43=11, 40=13, 41=12, 46=10, 47=12, 44=11, 45=8, 51=8, 50=10, 49=10, 48=12, 55=11, 54=11, 53=10, 52=11, 59=10, 58=10, 57=8, 56=11, 63=12, 62=9, 61=13, 60=9, 68=13, 69=9, 70=10, 71=8, 64=9, 65=11, 66=9, 67=9, 76=9, 77=11, 78=12, 79=11, 72=10, 73=7, 74=9, 75=10, 85=8, 84=10, 87=10, 86=10, 81=7, 80=11, 83=9, 82=11, 93=11, 92=10, 95=10, 94=10, 89=10, 88=8, 91=9, 90=9, 98=9, 99=11, 96=11, 97=8}
[HELPING] Avg distance between not played chunks: 2.918761828836865
[HELPING] Min distance between not played chunks: 1.0
[HELPING] Max distance between not played chunks: 21.0

