Total chunks: 100
Nodes x chunk: 5
Total nodes: 34
Active nodes: 34
Started playbacks: 34
Not started playbacks node-ids: []
Playbacks time-window: 134
Missing chunks distribution [missed-chunks/nodes]: {0=33, 2=1}
Rejected chunks for ttl expiration [chunk-id/nodes]: 2 {0=6, 1=1}
Rejected chunks for capacity limit [chunk-id/nodes]: 0 {}
bandwidthUtilUp: 0.01192680553637623
bandwidthUtilDown: 0.007566667378815904
Avg # of unsent chunk for max-retries: 0.0
Min # of unsent chunk for max-retries: 0.0
Max # of unsent chunk for max-retries: 0.0
Avg # of unsent chunk-reqs for max-retries: 0.0
Min # of unsent chunk-reqs for max-retries: 0.0
Max # of unsent chunk-reqs for max-retries: 0.0
Avg % of chunks received by Pastry: 9.852941176470589
Min % of chunks received by Pastry: 1.0
Max % of chunks received by Pastry: 26.0
StD of chunks received by Pastry: 5.554863296145024
Var of chunks received by Pastry: 30.856506238859165
Avg % of chunks received by StarStream: 89.17647058823529
Min % of chunks received by StarStream: 73.0
Max % of chunks received by StarStream: 99.0
StD of chunks received by StarStream: 5.605574002102662
Var of chunks received by StarStream: 31.422459893049258
[NONMOJO] Startup Delay: 60.11764705882353
[MOJO] Startup Delay: 95.7
[MOJO] Latency: 8.029071325499896
Min of perceived avg chunk delivery-time: 6.48
Max of perceived avg chunk delivery-time: 10.151515151515152
Variance of perceived avg chunk delivery-time: 0.7804707640269458
StD of perceived avg chunk delivery-time: 0.8834425640792648
Avg messages sent per node: 3898.4411764705883
Min messages sent per node: 1786.0
Max messages sent per node: 7394.0
Variance of messages sent per node: 1959396.7388591785
StD of messages sent per node: 1399.7845330118412
Nodes with incomplete playbacks: 21
[MOJO] Continuity Index: 69.05882352941177
[MOJO] Packet Loss: 30.941176470588236
Min % of not played chunks: 0.0
Max % of not played chunks: 99.0
Not played chunks [chunk-id/nodes]: {1=11, 2=10, 3=8, 4=8, 5=13, 6=9, 7=8, 8=9, 9=12, 10=14, 11=10, 12=11, 13=15, 14=9, 15=11, 17=9, 16=14, 19=10, 18=12, 21=10, 20=13, 23=12, 22=11, 25=10, 24=9, 27=9, 26=10, 29=8, 28=9, 31=11, 30=12, 34=12, 35=10, 32=10, 33=8, 38=12, 39=10, 36=9, 37=10, 42=8, 43=12, 40=13, 41=11, 46=11, 47=11, 44=10, 45=13, 51=11, 50=11, 49=10, 48=11, 55=10, 54=14, 53=12, 52=10, 59=11, 58=7, 57=11, 56=8, 63=8, 62=11, 61=9, 60=9, 68=10, 69=11, 70=10, 71=10, 64=9, 65=15, 66=9, 67=8, 76=10, 77=11, 78=11, 79=12, 72=12, 73=12, 74=10, 75=13, 85=9, 84=12, 87=13, 86=12, 81=9, 80=10, 83=11, 82=11, 93=15, 92=12, 95=10, 94=11, 89=10, 88=9, 91=10, 90=10, 98=10, 99=11, 96=11, 97=13}
Avg distance between not played chunks: 5.695998348088831
Min distance between not played chunks: 1.0
Max distance between not played chunks: 58.0

HELPING PEERS LOG

[HELPING] Active nodes: 0
[HELPING] Started playbacks: 0
[HELPING] Not started playbacks node-ids: []
[HELPING] Playbacks time-window: -9223372036854775807
[HELPING] Missing chunks distribution [missed-chunks/nodes]: {}
[HELPING] Rejected chunks for ttl expiration [chunk-id/nodes]: 0 {}
[HELPING] Rejected chunks for capacity limit [chunk-id/nodes]: 0 {}
[HELPING] bandwidthUtilUp: NaN
[HELPING] bandwidthUtilDown: NaN
[HELPING] Avg # of unsent chunk for max-retries: NaN
[HELPING] Min # of unsent chunk for max-retries: Infinity
[HELPING] Max # of unsent chunk for max-retries: -Infinity
[HELPING] Avg # of unsent chunk-reqs for max-retries: NaN
[HELPING] Min # of unsent chunk-reqs for max-retries: Infinity
[HELPING] Max # of unsent chunk-reqs for max-retries: -Infinity
[HELPING] Avg % of chunks received by Pastry: NaN
[HELPING] Min % of chunks received by Pastry: Infinity
[HELPING] Max % of chunks received by Pastry: -Infinity
[HELPING] StD of chunks received by Pastry: 0.0
[HELPING] Var of chunks received by Pastry: 0.0
[HELPING] Avg % of chunks received by StarStream: NaN
[HELPING] Min % of chunks received by StarStream: Infinity
[HELPING] Max % of chunks received by StarStream: -Infinity
[HELPING] StD of chunks received by StarStream: 0.0
[HELPING] Var of chunks received by StarStream: 0.0
[HELPING] Latency: NaN
[HELPING] Min of perceived avg chunk delivery-time: Infinity
[HELPING] Max of perceived avg chunk delivery-time: -Infinity
[HELPING] Variance of perceived avg chunk delivery-time: 0.0
[HELPING] StD of perceived avg chunk delivery-time: 0.0
[HELPING] Avg messages sent per node: NaN
[HELPING] Min messages sent per node: Infinity
[HELPING] Max messages sent per node: -Infinity
[HELPING] Variance of messages sent per node: 0.0
[HELPING] StD of messages sent per node: 0.0
[HELPING] Nodes with incomplete playbacks: 0
[HELPING] Packet Loss: NaN
[HELPING] Min % of not played chunks: Infinity
[HELPING] Max % of not played chunks: -Infinity
[HELPING] Not played chunks [chunk-id/nodes]: {}
[HELPING] Avg distance between not played chunks: NaN
[HELPING] Min distance between not played chunks: Infinity
[HELPING] Max distance between not played chunks: -Infinity

