Total chunks: 100
Nodes x chunk: 5
Total nodes: 34
Active nodes: 34
Started playbacks: 34
Not started playbacks node-ids: []
Playbacks time-window: 225
Missing chunks distribution [missed-chunks/nodes]: {0=29, 1=3, 3=1, 4=1}
Rejected chunks for ttl expiration [chunk-id/nodes]: 4 {0=5, 1=4, 2=1, 3=1}
Rejected chunks for capacity limit [chunk-id/nodes]: 0 {}
bandwidthUtilUp: 0.013233957617868298
bandwidthUtilDown: 0.008157147842492588
Avg # of unsent chunk for max-retries: 0.0
Min # of unsent chunk for max-retries: 0.0
Max # of unsent chunk for max-retries: 0.0
Avg # of unsent chunk-reqs for max-retries: 0.0
Min # of unsent chunk-reqs for max-retries: 0.0
Max # of unsent chunk-reqs for max-retries: 0.0
Avg % of chunks received by Pastry: 7.235294117647059
Min % of chunks received by Pastry: 0.0
Max % of chunks received by Pastry: 19.0
StD of chunks received by Pastry: 4.761326677414107
Var of chunks received by Pastry: 22.670231729055264
Avg % of chunks received by StarStream: 91.82352941176471
Min % of chunks received by StarStream: 80.0
Max % of chunks received by StarStream: 100.0
StD of chunks received by StarStream: 4.852182190959044
Var of chunks received by StarStream: 23.543672014260114
[NONMOJO] Startup Delay: 77.0
[MOJO] Startup Delay: 63.7
[MOJO] Latency: 7.585272532708804
Min of perceived avg chunk delivery-time: 6.19
Max of perceived avg chunk delivery-time: 10.288659793814434
Variance of perceived avg chunk delivery-time: 0.7783892061603406
StD of perceived avg chunk delivery-time: 0.8822636828977721
Avg messages sent per node: 5758.941176470588
Min messages sent per node: 2194.0
Max messages sent per node: 8330.0
Variance of messages sent per node: 2696432.6631016014
StD of messages sent per node: 1642.0818076763414
Nodes with incomplete playbacks: 21
[MOJO] Continuity Index: 76.73529411764706
[MOJO] Packet Loss: 23.264705882352942
Min % of not played chunks: 0.0
Max % of not played chunks: 99.0
Not played chunks [chunk-id/nodes]: {1=13, 2=11, 3=6, 4=5, 5=6, 6=7, 7=8, 8=8, 9=7, 10=9, 11=8, 12=8, 13=7, 14=8, 15=7, 17=7, 16=9, 19=9, 18=9, 21=9, 20=8, 23=7, 22=7, 25=6, 24=8, 27=7, 26=10, 29=8, 28=9, 31=8, 30=6, 34=7, 35=6, 32=7, 33=8, 38=8, 39=6, 36=6, 37=8, 42=7, 43=9, 40=7, 41=10, 46=9, 47=8, 44=8, 45=9, 51=10, 50=8, 49=6, 48=10, 55=8, 54=9, 53=10, 52=7, 59=7, 58=8, 57=7, 56=8, 63=8, 62=10, 61=8, 60=10, 68=8, 69=7, 70=7, 71=7, 64=9, 65=9, 66=10, 67=6, 76=10, 77=9, 78=6, 79=9, 72=6, 73=6, 74=8, 75=8, 85=8, 84=8, 87=6, 86=9, 81=9, 80=10, 83=9, 82=7, 93=6, 92=7, 95=7, 94=7, 89=11, 88=8, 91=10, 90=5, 98=8, 99=10, 96=8, 97=11}
Avg distance between not played chunks: 7.216991234630832
Min distance between not played chunks: 1.0
Max distance between not played chunks: 44.0

HELPING PEERS LOG

[HELPING] Active nodes: 0
[HELPING] Started playbacks: 0
[HELPING] Not started playbacks node-ids: []
[HELPING] Playbacks time-window: -9223372036854775807
[HELPING] Missing chunks distribution [missed-chunks/nodes]: {}
[HELPING] Rejected chunks for ttl expiration [chunk-id/nodes]: 0 {}
[HELPING] Rejected chunks for capacity limit [chunk-id/nodes]: 0 {}
[HELPING] bandwidthUtilUp: NaN
[HELPING] bandwidthUtilDown: NaN
[HELPING] Avg # of unsent chunk for max-retries: NaN
[HELPING] Min # of unsent chunk for max-retries: Infinity
[HELPING] Max # of unsent chunk for max-retries: -Infinity
[HELPING] Avg # of unsent chunk-reqs for max-retries: NaN
[HELPING] Min # of unsent chunk-reqs for max-retries: Infinity
[HELPING] Max # of unsent chunk-reqs for max-retries: -Infinity
[HELPING] Avg % of chunks received by Pastry: NaN
[HELPING] Min % of chunks received by Pastry: Infinity
[HELPING] Max % of chunks received by Pastry: -Infinity
[HELPING] StD of chunks received by Pastry: 0.0
[HELPING] Var of chunks received by Pastry: 0.0
[HELPING] Avg % of chunks received by StarStream: NaN
[HELPING] Min % of chunks received by StarStream: Infinity
[HELPING] Max % of chunks received by StarStream: -Infinity
[HELPING] StD of chunks received by StarStream: 0.0
[HELPING] Var of chunks received by StarStream: 0.0
[HELPING] Latency: NaN
[HELPING] Min of perceived avg chunk delivery-time: Infinity
[HELPING] Max of perceived avg chunk delivery-time: -Infinity
[HELPING] Variance of perceived avg chunk delivery-time: 0.0
[HELPING] StD of perceived avg chunk delivery-time: 0.0
[HELPING] Avg messages sent per node: NaN
[HELPING] Min messages sent per node: Infinity
[HELPING] Max messages sent per node: -Infinity
[HELPING] Variance of messages sent per node: 0.0
[HELPING] StD of messages sent per node: 0.0
[HELPING] Nodes with incomplete playbacks: 0
[HELPING] Packet Loss: NaN
[HELPING] Min % of not played chunks: Infinity
[HELPING] Max % of not played chunks: -Infinity
[HELPING] Not played chunks [chunk-id/nodes]: {}
[HELPING] Avg distance between not played chunks: NaN
[HELPING] Min distance between not played chunks: Infinity
[HELPING] Max distance between not played chunks: -Infinity

