Total chunks: 100
Nodes x chunk: 5
Total nodes: 34
Active nodes: 34
Started playbacks: 34
Not started playbacks node-ids: []
Playbacks time-window: 225
Missing chunks distribution [missed-chunks/nodes]: {0=28, 1=1, 2=2, 3=1, 4=2}
Rejected chunks for ttl expiration [chunk-id/nodes]: 3 {1=6, 2=3, 3=2}
Rejected chunks for capacity limit [chunk-id/nodes]: 0 {}
bandwidthUtilUp: 0.011922127456096058
bandwidthUtilDown: 0.007392259117404433
Avg # of unsent chunk for max-retries: 0.0
Min # of unsent chunk for max-retries: 0.0
Max # of unsent chunk for max-retries: 0.0
Avg # of unsent chunk-reqs for max-retries: 0.0
Min # of unsent chunk-reqs for max-retries: 0.0
Max # of unsent chunk-reqs for max-retries: 0.0
Avg % of chunks received by Pastry: 9.0
Min % of chunks received by Pastry: 0.0
Max % of chunks received by Pastry: 21.0
StD of chunks received by Pastry: 5.8826916123540425
Var of chunks received by Pastry: 34.60606060606061
Avg % of chunks received by StarStream: 90.1470588235294
Min % of chunks received by StarStream: 78.0
Max % of chunks received by StarStream: 100.0
StD of chunks received by StarStream: 6.095862247614395
Var of chunks received by StarStream: 37.159536541890425
[NONMOJO] Startup Delay: 86.61764705882354
[MOJO] Startup Delay: 150.9
[MOJO] Latency: 8.723776670930791
Min of perceived avg chunk delivery-time: 7.15
Max of perceived avg chunk delivery-time: 11.275510204081632
Variance of perceived avg chunk delivery-time: 1.3894608256216405
StD of perceived avg chunk delivery-time: 1.1787539292072966
Avg messages sent per node: 3658.323529411765
Min messages sent per node: 1761.0
Max messages sent per node: 7889.0
Variance of messages sent per node: 2195533.8618538314
StD of messages sent per node: 1481.733397698058
Nodes with incomplete playbacks: 21
[MOJO] Continuity Index: 76.82352941176471
[MOJO] Packet Loss: 23.176470588235293
Min % of not played chunks: 0.0
Max % of not played chunks: 99.0
Not played chunks [chunk-id/nodes]: {1=13, 2=12, 3=10, 4=8, 5=8, 6=8, 7=8, 8=7, 9=7, 10=8, 11=8, 12=9, 13=6, 14=6, 15=7, 17=6, 16=9, 19=8, 18=7, 21=6, 20=9, 23=6, 22=8, 25=6, 24=7, 27=9, 26=8, 29=8, 28=9, 31=6, 30=7, 34=10, 35=10, 32=6, 33=10, 38=8, 39=7, 36=9, 37=7, 42=8, 43=9, 40=8, 41=8, 46=8, 47=8, 44=7, 45=8, 51=8, 50=10, 49=8, 48=8, 55=8, 54=8, 53=9, 52=9, 59=8, 58=5, 57=7, 56=9, 63=8, 62=6, 61=7, 60=7, 68=7, 69=7, 70=10, 71=8, 64=6, 65=8, 66=5, 67=8, 76=8, 77=10, 78=11, 79=7, 72=8, 73=10, 74=8, 75=9, 85=6, 84=8, 87=8, 86=7, 81=6, 80=10, 83=9, 82=6, 93=10, 92=8, 95=10, 94=7, 89=9, 88=7, 91=8, 90=6, 98=7, 99=8, 96=9, 97=9}
Avg distance between not played chunks: 6.226377819607188
Min distance between not played chunks: 1.0
Max distance between not played chunks: 37.0

HELPING PEERS LOG

[HELPING] Active nodes: 0
[HELPING] Started playbacks: 0
[HELPING] Not started playbacks node-ids: []
[HELPING] Playbacks time-window: -9223372036854775807
[HELPING] Missing chunks distribution [missed-chunks/nodes]: {}
[HELPING] Rejected chunks for ttl expiration [chunk-id/nodes]: 0 {}
[HELPING] Rejected chunks for capacity limit [chunk-id/nodes]: 0 {}
[HELPING] bandwidthUtilUp: NaN
[HELPING] bandwidthUtilDown: NaN
[HELPING] Avg # of unsent chunk for max-retries: NaN
[HELPING] Min # of unsent chunk for max-retries: Infinity
[HELPING] Max # of unsent chunk for max-retries: -Infinity
[HELPING] Avg # of unsent chunk-reqs for max-retries: NaN
[HELPING] Min # of unsent chunk-reqs for max-retries: Infinity
[HELPING] Max # of unsent chunk-reqs for max-retries: -Infinity
[HELPING] Avg % of chunks received by Pastry: NaN
[HELPING] Min % of chunks received by Pastry: Infinity
[HELPING] Max % of chunks received by Pastry: -Infinity
[HELPING] StD of chunks received by Pastry: 0.0
[HELPING] Var of chunks received by Pastry: 0.0
[HELPING] Avg % of chunks received by StarStream: NaN
[HELPING] Min % of chunks received by StarStream: Infinity
[HELPING] Max % of chunks received by StarStream: -Infinity
[HELPING] StD of chunks received by StarStream: 0.0
[HELPING] Var of chunks received by StarStream: 0.0
[HELPING] Latency: NaN
[HELPING] Min of perceived avg chunk delivery-time: Infinity
[HELPING] Max of perceived avg chunk delivery-time: -Infinity
[HELPING] Variance of perceived avg chunk delivery-time: 0.0
[HELPING] StD of perceived avg chunk delivery-time: 0.0
[HELPING] Avg messages sent per node: NaN
[HELPING] Min messages sent per node: Infinity
[HELPING] Max messages sent per node: -Infinity
[HELPING] Variance of messages sent per node: 0.0
[HELPING] StD of messages sent per node: 0.0
[HELPING] Nodes with incomplete playbacks: 0
[HELPING] Packet Loss: NaN
[HELPING] Min % of not played chunks: Infinity
[HELPING] Max % of not played chunks: -Infinity
[HELPING] Not played chunks [chunk-id/nodes]: {}
[HELPING] Avg distance between not played chunks: NaN
[HELPING] Min distance between not played chunks: Infinity
[HELPING] Max distance between not played chunks: -Infinity

