Total chunks: 100
Nodes x chunk: 5
Total nodes: 34
Active nodes: 34
Started playbacks: 34
Not started playbacks node-ids: []
Playbacks time-window: 427
Missing chunks distribution [missed-chunks/nodes]: {0=27, 1=3, 2=1, 3=1, 4=1, 8=1}
Rejected chunks for ttl expiration [chunk-id/nodes]: 7 {0=7, 1=5, 2=1, 3=1, 4=1, 5=1, 6=1}
Rejected chunks for capacity limit [chunk-id/nodes]: 0 {}
bandwidthUtilUp: 0.012629831078329802
bandwidthUtilDown: 0.008071198466606581
Avg # of unsent chunk for max-retries: 0.0
Min # of unsent chunk for max-retries: 0.0
Max # of unsent chunk for max-retries: 0.0
Avg # of unsent chunk-reqs for max-retries: 0.0
Min # of unsent chunk-reqs for max-retries: 0.0
Max # of unsent chunk-reqs for max-retries: 0.0
Avg % of chunks received by Pastry: 9.558823529411764
Min % of chunks received by Pastry: 1.0
Max % of chunks received by Pastry: 18.0
StD of chunks received by Pastry: 4.580533093697707
Var of chunks received by Pastry: 20.981283422459892
Avg % of chunks received by StarStream: 89.47058823529412
Min % of chunks received by StarStream: 81.0
Max % of chunks received by StarStream: 98.0
StD of chunks received by StarStream: 4.626899571364641
Var of chunks received by StarStream: 21.4081996434943
[NONMOJO] Startup Delay: 91.23529411764706
[MOJO] Startup Delay: 86.7
[MOJO] Latency: 8.033857628133362
Min of perceived avg chunk delivery-time: 6.56
Max of perceived avg chunk delivery-time: 10.583333333333334
Variance of perceived avg chunk delivery-time: 0.8282078328130051
StD of perceived avg chunk delivery-time: 0.9100592468696778
Avg messages sent per node: 4886.5
Min messages sent per node: 1946.0
Max messages sent per node: 7604.0
Variance of messages sent per node: 2787023.166666665
StD of messages sent per node: 1669.4379792812506
Nodes with incomplete playbacks: 20
[MOJO] Continuity Index: 80.5
[MOJO] Packet Loss: 19.5
Min % of not played chunks: 0.0
Max % of not played chunks: 99.0
Not played chunks [chunk-id/nodes]: {1=14, 2=11, 3=9, 4=9, 5=9, 6=7, 7=5, 8=6, 9=7, 10=8, 11=6, 12=6, 13=8, 14=5, 15=8, 17=7, 16=5, 19=6, 18=7, 21=8, 20=6, 23=6, 22=6, 25=6, 24=7, 27=6, 26=7, 29=6, 28=7, 31=7, 30=6, 34=8, 35=7, 32=6, 33=5, 38=5, 39=7, 36=6, 37=6, 42=7, 43=8, 40=6, 41=6, 46=7, 47=6, 44=7, 45=7, 51=6, 50=8, 49=6, 48=6, 55=6, 54=7, 53=6, 52=8, 59=8, 58=4, 57=8, 56=8, 63=7, 62=6, 61=7, 60=7, 68=6, 69=8, 70=5, 71=6, 64=4, 65=6, 66=6, 67=7, 76=6, 77=7, 78=7, 79=6, 72=5, 73=7, 74=6, 75=5, 85=6, 84=8, 87=6, 86=7, 81=6, 80=5, 83=7, 82=6, 93=8, 92=6, 95=5, 94=9, 89=7, 88=7, 91=7, 90=7, 98=6, 99=6, 96=6, 97=8}
Avg distance between not played chunks: 2.6116095330586035
Min distance between not played chunks: 1.0
Max distance between not played chunks: 13.666666666666666

HELPING PEERS LOG

[HELPING] Active nodes: 0
[HELPING] Started playbacks: 0
[HELPING] Not started playbacks node-ids: []
[HELPING] Playbacks time-window: -9223372036854775807
[HELPING] Missing chunks distribution [missed-chunks/nodes]: {}
[HELPING] Rejected chunks for ttl expiration [chunk-id/nodes]: 0 {}
[HELPING] Rejected chunks for capacity limit [chunk-id/nodes]: 0 {}
[HELPING] bandwidthUtilUp: NaN
[HELPING] bandwidthUtilDown: NaN
[HELPING] Avg # of unsent chunk for max-retries: NaN
[HELPING] Min # of unsent chunk for max-retries: Infinity
[HELPING] Max # of unsent chunk for max-retries: -Infinity
[HELPING] Avg # of unsent chunk-reqs for max-retries: NaN
[HELPING] Min # of unsent chunk-reqs for max-retries: Infinity
[HELPING] Max # of unsent chunk-reqs for max-retries: -Infinity
[HELPING] Avg % of chunks received by Pastry: NaN
[HELPING] Min % of chunks received by Pastry: Infinity
[HELPING] Max % of chunks received by Pastry: -Infinity
[HELPING] StD of chunks received by Pastry: 0.0
[HELPING] Var of chunks received by Pastry: 0.0
[HELPING] Avg % of chunks received by StarStream: NaN
[HELPING] Min % of chunks received by StarStream: Infinity
[HELPING] Max % of chunks received by StarStream: -Infinity
[HELPING] StD of chunks received by StarStream: 0.0
[HELPING] Var of chunks received by StarStream: 0.0
[HELPING] Latency: NaN
[HELPING] Min of perceived avg chunk delivery-time: Infinity
[HELPING] Max of perceived avg chunk delivery-time: -Infinity
[HELPING] Variance of perceived avg chunk delivery-time: 0.0
[HELPING] StD of perceived avg chunk delivery-time: 0.0
[HELPING] Avg messages sent per node: NaN
[HELPING] Min messages sent per node: Infinity
[HELPING] Max messages sent per node: -Infinity
[HELPING] Variance of messages sent per node: 0.0
[HELPING] StD of messages sent per node: 0.0
[HELPING] Nodes with incomplete playbacks: 0
[HELPING] Packet Loss: NaN
[HELPING] Min % of not played chunks: Infinity
[HELPING] Max % of not played chunks: -Infinity
[HELPING] Not played chunks [chunk-id/nodes]: {}
[HELPING] Avg distance between not played chunks: NaN
[HELPING] Min distance between not played chunks: Infinity
[HELPING] Max distance between not played chunks: -Infinity

