Total chunks: 100
Nodes x chunk: 5
Total nodes: 34
Active nodes: 34
Started playbacks: 34
Not started playbacks node-ids: []
Playbacks time-window: 213
Missing chunks distribution [missed-chunks/nodes]: {0=28, 1=3, 3=2, 4=1}
Rejected chunks for ttl expiration [chunk-id/nodes]: 2 {2=3, 3=1}
Rejected chunks for capacity limit [chunk-id/nodes]: 0 {}
bandwidthUtilUp: 0.012720456990436816
bandwidthUtilDown: 0.007865470001676672
Avg # of unsent chunk for max-retries: 0.0
Min # of unsent chunk for max-retries: 0.0
Max # of unsent chunk for max-retries: 0.0
Avg # of unsent chunk-reqs for max-retries: 0.0
Min # of unsent chunk-reqs for max-retries: 0.0
Max # of unsent chunk-reqs for max-retries: 0.0
Avg % of chunks received by Pastry: 8.647058823529411
Min % of chunks received by Pastry: 0.0
Max % of chunks received by Pastry: 18.0
StD of chunks received by Pastry: 4.990186447850795
Var of chunks received by Pastry: 24.901960784313736
Avg % of chunks received by StarStream: 90.41176470588235
Min % of chunks received by StarStream: 81.0
Max % of chunks received by StarStream: 100.0
StD of chunks received by StarStream: 5.087820555362285
Var of chunks received by StarStream: 25.885918003566985
[NONMOJO] Startup Delay: 76.97058823529412
[MOJO] Startup Delay: 69.7
[MOJO] Latency: 7.801709461822842
Min of perceived avg chunk delivery-time: 6.55
Max of perceived avg chunk delivery-time: 10.071428571428571
Variance of perceived avg chunk delivery-time: 0.6737094382259061
StD of perceived avg chunk delivery-time: 0.8207980495992337
Avg messages sent per node: 4451.294117647059
Min messages sent per node: 2122.0
Max messages sent per node: 7456.0
Variance of messages sent per node: 2305555.7896613213
StD of messages sent per node: 1518.4056736133862
Nodes with incomplete playbacks: 21
[MOJO] Continuity Index: 72.58823529411765
[MOJO] Packet Loss: 27.41176470588235
Min % of not played chunks: 0.0
Max % of not played chunks: 99.0
Not played chunks [chunk-id/nodes]: {1=16, 2=12, 3=10, 4=8, 5=10, 6=10, 7=6, 8=8, 9=9, 10=10, 11=6, 12=6, 13=9, 14=11, 15=8, 17=7, 16=9, 19=6, 18=8, 21=9, 20=11, 23=8, 22=7, 25=8, 24=8, 27=9, 26=10, 29=9, 28=9, 31=9, 30=9, 34=9, 35=10, 32=9, 33=9, 38=11, 39=9, 36=9, 37=8, 42=10, 43=12, 40=9, 41=8, 46=9, 47=9, 44=10, 45=10, 51=12, 50=10, 49=9, 48=9, 55=11, 54=10, 53=11, 52=7, 59=7, 58=9, 57=11, 56=8, 63=9, 62=12, 61=9, 60=11, 68=9, 69=8, 70=8, 71=8, 64=10, 65=10, 66=13, 67=9, 76=12, 77=8, 78=10, 79=10, 72=11, 73=9, 74=10, 75=8, 85=6, 84=9, 87=11, 86=11, 81=13, 80=8, 83=11, 82=9, 93=11, 92=8, 95=9, 94=10, 89=9, 88=8, 91=10, 90=12, 98=10, 99=10, 96=12, 97=11}
Avg distance between not played chunks: 2.333149935305542
Min distance between not played chunks: 1.0
Max distance between not played chunks: 14.0

HELPING PEERS LOG

[HELPING] Active nodes: 0
[HELPING] Started playbacks: 0
[HELPING] Not started playbacks node-ids: []
[HELPING] Playbacks time-window: -9223372036854775807
[HELPING] Missing chunks distribution [missed-chunks/nodes]: {}
[HELPING] Rejected chunks for ttl expiration [chunk-id/nodes]: 0 {}
[HELPING] Rejected chunks for capacity limit [chunk-id/nodes]: 0 {}
[HELPING] bandwidthUtilUp: NaN
[HELPING] bandwidthUtilDown: NaN
[HELPING] Avg # of unsent chunk for max-retries: NaN
[HELPING] Min # of unsent chunk for max-retries: Infinity
[HELPING] Max # of unsent chunk for max-retries: -Infinity
[HELPING] Avg # of unsent chunk-reqs for max-retries: NaN
[HELPING] Min # of unsent chunk-reqs for max-retries: Infinity
[HELPING] Max # of unsent chunk-reqs for max-retries: -Infinity
[HELPING] Avg % of chunks received by Pastry: NaN
[HELPING] Min % of chunks received by Pastry: Infinity
[HELPING] Max % of chunks received by Pastry: -Infinity
[HELPING] StD of chunks received by Pastry: 0.0
[HELPING] Var of chunks received by Pastry: 0.0
[HELPING] Avg % of chunks received by StarStream: NaN
[HELPING] Min % of chunks received by StarStream: Infinity
[HELPING] Max % of chunks received by StarStream: -Infinity
[HELPING] StD of chunks received by StarStream: 0.0
[HELPING] Var of chunks received by StarStream: 0.0
[HELPING] Latency: NaN
[HELPING] Min of perceived avg chunk delivery-time: Infinity
[HELPING] Max of perceived avg chunk delivery-time: -Infinity
[HELPING] Variance of perceived avg chunk delivery-time: 0.0
[HELPING] StD of perceived avg chunk delivery-time: 0.0
[HELPING] Avg messages sent per node: NaN
[HELPING] Min messages sent per node: Infinity
[HELPING] Max messages sent per node: -Infinity
[HELPING] Variance of messages sent per node: 0.0
[HELPING] StD of messages sent per node: 0.0
[HELPING] Nodes with incomplete playbacks: 0
[HELPING] Packet Loss: NaN
[HELPING] Min % of not played chunks: Infinity
[HELPING] Max % of not played chunks: -Infinity
[HELPING] Not played chunks [chunk-id/nodes]: {}
[HELPING] Avg distance between not played chunks: NaN
[HELPING] Min distance between not played chunks: Infinity
[HELPING] Max distance between not played chunks: -Infinity

