Total chunks: 100
Nodes x chunk: 5
Total nodes: 34
Active nodes: 34
Started playbacks: 34
Not started playbacks node-ids: []
Playbacks time-window: 209
Missing chunks distribution [missed-chunks/nodes]: {0=31, 1=1, 3=1, 4=1}
Rejected chunks for ttl expiration [chunk-id/nodes]: 4 {0=3, 1=3, 2=2, 3=1}
Rejected chunks for capacity limit [chunk-id/nodes]: 0 {}
bandwidthUtilUp: 0.013166710636878881
bandwidthUtilDown: 0.00807987687695841
Avg # of unsent chunk for max-retries: 0.0
Min # of unsent chunk for max-retries: 0.0
Max # of unsent chunk for max-retries: 0.0
Avg # of unsent chunk-reqs for max-retries: 0.0
Min # of unsent chunk-reqs for max-retries: 0.0
Max # of unsent chunk-reqs for max-retries: 0.0
Avg % of chunks received by Pastry: 7.029411764705882
Min % of chunks received by Pastry: 0.0
Max % of chunks received by Pastry: 13.0
StD of chunks received by Pastry: 3.638891723702025
Var of chunks received by Pastry: 13.241532976827095
Avg % of chunks received by StarStream: 92.05882352941177
Min % of chunks received by StarStream: 86.0
Max % of chunks received by StarStream: 100.0
StD of chunks received by StarStream: 3.7894684721273615
Var of chunks received by StarStream: 14.36007130124728
[NONMOJO] Startup Delay: 69.76470588235294
[MOJO] Startup Delay: 49.9
[MOJO] Latency: 7.400552083688834
Min of perceived avg chunk delivery-time: 5.98
Max of perceived avg chunk delivery-time: 10.04040404040404
Variance of perceived avg chunk delivery-time: 0.8763893191678709
StD of perceived avg chunk delivery-time: 0.9361566744770188
Avg messages sent per node: 6082.588235294118
Min messages sent per node: 2227.0
Max messages sent per node: 8558.0
Variance of messages sent per node: 2596702.370766484
StD of messages sent per node: 1611.4286738067199
Nodes with incomplete playbacks: 19
[MOJO] Continuity Index: 75.26470588235294
[MOJO] Packet Loss: 24.735294117647058
Min % of not played chunks: 0.0
Max % of not played chunks: 99.0
Not played chunks [chunk-id/nodes]: {1=11, 2=11, 3=7, 4=7, 5=9, 6=9, 7=9, 8=9, 9=7, 10=8, 11=9, 12=8, 13=7, 14=9, 15=10, 17=7, 16=8, 19=11, 18=8, 21=10, 20=11, 23=9, 22=6, 25=9, 24=7, 27=7, 26=7, 29=7, 28=8, 31=8, 30=10, 34=8, 35=7, 32=11, 33=8, 38=9, 39=8, 36=8, 37=9, 42=9, 43=10, 40=8, 41=13, 46=10, 47=9, 44=8, 45=8, 51=7, 50=7, 49=10, 48=12, 55=8, 54=8, 53=10, 52=6, 59=7, 58=8, 57=8, 56=10, 63=7, 62=8, 61=10, 60=7, 68=7, 69=8, 70=9, 71=8, 64=8, 65=8, 66=10, 67=9, 76=9, 77=8, 78=9, 79=11, 72=9, 73=7, 74=11, 75=11, 85=7, 84=7, 87=7, 86=9, 81=8, 80=7, 83=9, 82=7, 93=8, 92=9, 95=11, 94=8, 89=8, 88=8, 91=7, 90=7, 98=8, 99=8, 96=9, 97=8}
Avg distance between not played chunks: 4.049144224513897
Min distance between not played chunks: 1.0
Max distance between not played chunks: 16.5

HELPING PEERS LOG

[HELPING] Active nodes: 0
[HELPING] Started playbacks: 0
[HELPING] Not started playbacks node-ids: []
[HELPING] Playbacks time-window: -9223372036854775807
[HELPING] Missing chunks distribution [missed-chunks/nodes]: {}
[HELPING] Rejected chunks for ttl expiration [chunk-id/nodes]: 0 {}
[HELPING] Rejected chunks for capacity limit [chunk-id/nodes]: 0 {}
[HELPING] bandwidthUtilUp: NaN
[HELPING] bandwidthUtilDown: NaN
[HELPING] Avg # of unsent chunk for max-retries: NaN
[HELPING] Min # of unsent chunk for max-retries: Infinity
[HELPING] Max # of unsent chunk for max-retries: -Infinity
[HELPING] Avg # of unsent chunk-reqs for max-retries: NaN
[HELPING] Min # of unsent chunk-reqs for max-retries: Infinity
[HELPING] Max # of unsent chunk-reqs for max-retries: -Infinity
[HELPING] Avg % of chunks received by Pastry: NaN
[HELPING] Min % of chunks received by Pastry: Infinity
[HELPING] Max % of chunks received by Pastry: -Infinity
[HELPING] StD of chunks received by Pastry: 0.0
[HELPING] Var of chunks received by Pastry: 0.0
[HELPING] Avg % of chunks received by StarStream: NaN
[HELPING] Min % of chunks received by StarStream: Infinity
[HELPING] Max % of chunks received by StarStream: -Infinity
[HELPING] StD of chunks received by StarStream: 0.0
[HELPING] Var of chunks received by StarStream: 0.0
[HELPING] Latency: NaN
[HELPING] Min of perceived avg chunk delivery-time: Infinity
[HELPING] Max of perceived avg chunk delivery-time: -Infinity
[HELPING] Variance of perceived avg chunk delivery-time: 0.0
[HELPING] StD of perceived avg chunk delivery-time: 0.0
[HELPING] Avg messages sent per node: NaN
[HELPING] Min messages sent per node: Infinity
[HELPING] Max messages sent per node: -Infinity
[HELPING] Variance of messages sent per node: 0.0
[HELPING] StD of messages sent per node: 0.0
[HELPING] Nodes with incomplete playbacks: 0
[HELPING] Packet Loss: NaN
[HELPING] Min % of not played chunks: Infinity
[HELPING] Max % of not played chunks: -Infinity
[HELPING] Not played chunks [chunk-id/nodes]: {}
[HELPING] Avg distance between not played chunks: NaN
[HELPING] Min distance between not played chunks: Infinity
[HELPING] Max distance between not played chunks: -Infinity

