Total chunks: 100
Nodes x chunk: 5
Total nodes: 34
Active nodes: 34
Started playbacks: 34
Not started playbacks node-ids: []
Playbacks time-window: 109
Missing chunks distribution [missed-chunks/nodes]: {0=32, 1=2}
Rejected chunks for ttl expiration [chunk-id/nodes]: 2 {0=3, 1=2}
Rejected chunks for capacity limit [chunk-id/nodes]: 0 {}
bandwidthUtilUp: 0.01302367187942642
bandwidthUtilDown: 0.008400101467165591
Avg # of unsent chunk for max-retries: 0.0
Min # of unsent chunk for max-retries: 0.0
Max # of unsent chunk for max-retries: 0.0
Avg # of unsent chunk-reqs for max-retries: 0.0
Min # of unsent chunk-reqs for max-retries: 0.0
Max # of unsent chunk-reqs for max-retries: 0.0
Avg % of chunks received by Pastry: 7.823529411764706
Min % of chunks received by Pastry: 0.0
Max % of chunks received by Pastry: 17.0
StD of chunks received by Pastry: 4.920400256170927
Var of chunks received by Pastry: 24.21033868092692
Avg % of chunks received by StarStream: 91.26470588235294
Min % of chunks received by StarStream: 82.0
Max % of chunks received by StarStream: 100.0
StD of chunks received by StarStream: 5.065084423176349
Var of chunks received by StarStream: 25.655080213903684
[NONMOJO] Startup Delay: 68.23529411764706
[MOJO] Startup Delay: 65.5
[MOJO] Latency: 7.650429141353514
Min of perceived avg chunk delivery-time: 6.16
Max of perceived avg chunk delivery-time: 9.27
Variance of perceived avg chunk delivery-time: 0.5492854355644141
StD of perceived avg chunk delivery-time: 0.741137932887269
Avg messages sent per node: 5354.029411764706
Min messages sent per node: 1980.0
Max messages sent per node: 8518.0
Variance of messages sent per node: 3287662.21122994
StD of messages sent per node: 1813.1911678667366
Nodes with incomplete playbacks: 19
[MOJO] Continuity Index: 68.38235294117646
[MOJO] Packet Loss: 31.61764705882353
Min % of not played chunks: 0.0
Max % of not played chunks: 99.0
Not played chunks [chunk-id/nodes]: {1=13, 2=11, 3=11, 4=11, 5=9, 6=11, 7=11, 8=12, 9=10, 10=10, 11=12, 12=10, 13=14, 14=11, 15=13, 17=12, 16=9, 19=7, 18=15, 21=12, 20=11, 23=13, 22=10, 25=9, 24=10, 27=13, 26=10, 29=11, 28=8, 31=14, 30=11, 34=13, 35=10, 32=9, 33=9, 38=9, 39=11, 36=11, 37=13, 42=9, 43=11, 40=11, 41=12, 46=11, 47=14, 44=12, 45=13, 51=12, 50=9, 49=8, 48=13, 55=10, 54=13, 53=10, 52=11, 59=9, 58=12, 57=10, 56=10, 63=11, 62=10, 61=9, 60=9, 68=12, 69=11, 70=13, 71=11, 64=11, 65=10, 66=10, 67=11, 76=10, 77=13, 78=12, 79=10, 72=13, 73=11, 74=9, 75=12, 85=12, 84=10, 87=11, 86=13, 81=10, 80=11, 83=10, 82=8, 93=10, 92=9, 95=12, 94=12, 89=14, 88=10, 91=9, 90=10, 98=10, 99=11, 96=9, 97=7}
Avg distance between not played chunks: 2.9266652057673728
Min distance between not played chunks: 1.0
Max distance between not played chunks: 17.5

HELPING PEERS LOG

[HELPING] Active nodes: 0
[HELPING] Started playbacks: 0
[HELPING] Not started playbacks node-ids: []
[HELPING] Playbacks time-window: -9223372036854775807
[HELPING] Missing chunks distribution [missed-chunks/nodes]: {}
[HELPING] Rejected chunks for ttl expiration [chunk-id/nodes]: 0 {}
[HELPING] Rejected chunks for capacity limit [chunk-id/nodes]: 0 {}
[HELPING] bandwidthUtilUp: NaN
[HELPING] bandwidthUtilDown: NaN
[HELPING] Avg # of unsent chunk for max-retries: NaN
[HELPING] Min # of unsent chunk for max-retries: Infinity
[HELPING] Max # of unsent chunk for max-retries: -Infinity
[HELPING] Avg # of unsent chunk-reqs for max-retries: NaN
[HELPING] Min # of unsent chunk-reqs for max-retries: Infinity
[HELPING] Max # of unsent chunk-reqs for max-retries: -Infinity
[HELPING] Avg % of chunks received by Pastry: NaN
[HELPING] Min % of chunks received by Pastry: Infinity
[HELPING] Max % of chunks received by Pastry: -Infinity
[HELPING] StD of chunks received by Pastry: 0.0
[HELPING] Var of chunks received by Pastry: 0.0
[HELPING] Avg % of chunks received by StarStream: NaN
[HELPING] Min % of chunks received by StarStream: Infinity
[HELPING] Max % of chunks received by StarStream: -Infinity
[HELPING] StD of chunks received by StarStream: 0.0
[HELPING] Var of chunks received by StarStream: 0.0
[HELPING] Latency: NaN
[HELPING] Min of perceived avg chunk delivery-time: Infinity
[HELPING] Max of perceived avg chunk delivery-time: -Infinity
[HELPING] Variance of perceived avg chunk delivery-time: 0.0
[HELPING] StD of perceived avg chunk delivery-time: 0.0
[HELPING] Avg messages sent per node: NaN
[HELPING] Min messages sent per node: Infinity
[HELPING] Max messages sent per node: -Infinity
[HELPING] Variance of messages sent per node: 0.0
[HELPING] StD of messages sent per node: 0.0
[HELPING] Nodes with incomplete playbacks: 0
[HELPING] Packet Loss: NaN
[HELPING] Min % of not played chunks: Infinity
[HELPING] Max % of not played chunks: -Infinity
[HELPING] Not played chunks [chunk-id/nodes]: {}
[HELPING] Avg distance between not played chunks: NaN
[HELPING] Min distance between not played chunks: Infinity
[HELPING] Max distance between not played chunks: -Infinity

