Total chunks: 100
Nodes x chunk: 5
Total nodes: 34
Active nodes: 34
Started playbacks: 34
Not started playbacks node-ids: []
Playbacks time-window: 215
Missing chunks distribution [missed-chunks/nodes]: {0=31, 1=2, 4=1}
Rejected chunks for ttl expiration [chunk-id/nodes]: 3 {1=3, 2=1, 3=1}
Rejected chunks for capacity limit [chunk-id/nodes]: 0 {}
bandwidthUtilUp: 0.010823962054564528
bandwidthUtilDown: 0.006341588493471422
Avg # of unsent chunk for max-retries: 0.0
Min # of unsent chunk for max-retries: 0.0
Max # of unsent chunk for max-retries: 0.0
Avg # of unsent chunk-reqs for max-retries: 0.0
Min # of unsent chunk-reqs for max-retries: 0.0
Max # of unsent chunk-reqs for max-retries: 0.0
Avg % of chunks received by Pastry: 14.558823529411764
Min % of chunks received by Pastry: 1.0
Max % of chunks received by Pastry: 25.0
StD of chunks received by Pastry: 6.170266810549522
Var of chunks received by Pastry: 38.072192513368975
Avg % of chunks received by StarStream: 84.52941176470588
Min % of chunks received by StarStream: 74.0
Max % of chunks received by StarStream: 99.0
StD of chunks received by StarStream: 6.19009616666687
Var of chunks received by StarStream: 38.317290552583884
[NONMOJO] Startup Delay: 62.44117647058823
[MOJO] Startup Delay: 93.0
[MOJO] Latency: 8.970041759127893
Min of perceived avg chunk delivery-time: 7.23
Max of perceived avg chunk delivery-time: 10.76530612244898
Variance of perceived avg chunk delivery-time: 0.7654056511851539
StD of perceived avg chunk delivery-time: 0.8748746488412805
Avg messages sent per node: 2762.9117647058824
Min messages sent per node: 1632.0
Max messages sent per node: 5872.0
Variance of messages sent per node: 807143.537433154
StD of messages sent per node: 898.4116748090231
Nodes with incomplete playbacks: 24
[MOJO] Continuity Index: 69.8529411764706
[MOJO] Packet Loss: 30.147058823529413
Min % of not played chunks: 0.0
Max % of not played chunks: 99.0
Not played chunks [chunk-id/nodes]: {1=11, 2=11, 3=9, 4=9, 5=8, 6=7, 7=12, 8=8, 9=7, 10=11, 11=9, 12=11, 13=8, 14=13, 15=9, 17=11, 16=9, 19=7, 18=9, 21=8, 20=10, 23=9, 22=8, 25=13, 24=8, 27=10, 26=12, 29=11, 28=8, 31=12, 30=9, 34=7, 35=7, 32=12, 33=12, 38=10, 39=10, 36=11, 37=9, 42=13, 43=8, 40=6, 41=12, 46=9, 47=9, 44=13, 45=7, 51=11, 50=9, 49=12, 48=11, 55=10, 54=12, 53=14, 52=12, 59=10, 58=12, 57=12, 56=11, 63=15, 62=11, 61=7, 60=10, 68=11, 69=7, 70=9, 71=11, 64=13, 65=9, 66=11, 67=9, 76=12, 77=14, 78=11, 79=12, 72=9, 73=11, 74=10, 75=9, 85=9, 84=14, 87=12, 86=11, 81=8, 80=12, 83=12, 82=9, 93=10, 92=13, 95=11, 94=10, 89=13, 88=16, 91=13, 90=11, 98=10, 99=12, 96=11, 97=9}
Avg distance between not played chunks: 3.7628650967452066
Min distance between not played chunks: 1.0
Max distance between not played chunks: 17.0

HELPING PEERS LOG

[HELPING] Active nodes: 0
[HELPING] Started playbacks: 0
[HELPING] Not started playbacks node-ids: []
[HELPING] Playbacks time-window: -9223372036854775807
[HELPING] Missing chunks distribution [missed-chunks/nodes]: {}
[HELPING] Rejected chunks for ttl expiration [chunk-id/nodes]: 0 {}
[HELPING] Rejected chunks for capacity limit [chunk-id/nodes]: 0 {}
[HELPING] bandwidthUtilUp: NaN
[HELPING] bandwidthUtilDown: NaN
[HELPING] Avg # of unsent chunk for max-retries: NaN
[HELPING] Min # of unsent chunk for max-retries: Infinity
[HELPING] Max # of unsent chunk for max-retries: -Infinity
[HELPING] Avg # of unsent chunk-reqs for max-retries: NaN
[HELPING] Min # of unsent chunk-reqs for max-retries: Infinity
[HELPING] Max # of unsent chunk-reqs for max-retries: -Infinity
[HELPING] Avg % of chunks received by Pastry: NaN
[HELPING] Min % of chunks received by Pastry: Infinity
[HELPING] Max % of chunks received by Pastry: -Infinity
[HELPING] StD of chunks received by Pastry: 0.0
[HELPING] Var of chunks received by Pastry: 0.0
[HELPING] Avg % of chunks received by StarStream: NaN
[HELPING] Min % of chunks received by StarStream: Infinity
[HELPING] Max % of chunks received by StarStream: -Infinity
[HELPING] StD of chunks received by StarStream: 0.0
[HELPING] Var of chunks received by StarStream: 0.0
[HELPING] Latency: NaN
[HELPING] Min of perceived avg chunk delivery-time: Infinity
[HELPING] Max of perceived avg chunk delivery-time: -Infinity
[HELPING] Variance of perceived avg chunk delivery-time: 0.0
[HELPING] StD of perceived avg chunk delivery-time: 0.0
[HELPING] Avg messages sent per node: NaN
[HELPING] Min messages sent per node: Infinity
[HELPING] Max messages sent per node: -Infinity
[HELPING] Variance of messages sent per node: 0.0
[HELPING] StD of messages sent per node: 0.0
[HELPING] Nodes with incomplete playbacks: 0
[HELPING] Packet Loss: NaN
[HELPING] Min % of not played chunks: Infinity
[HELPING] Max % of not played chunks: -Infinity
[HELPING] Not played chunks [chunk-id/nodes]: {}
[HELPING] Avg distance between not played chunks: NaN
[HELPING] Min distance between not played chunks: Infinity
[HELPING] Max distance between not played chunks: -Infinity

