Total chunks: 100
Nodes x chunk: 5
Total nodes: 34
Active nodes: 34
Started playbacks: 34
Not started playbacks node-ids: []
Playbacks time-window: 179
Missing chunks distribution [missed-chunks/nodes]: {0=33, 3=1}
Rejected chunks for ttl expiration [chunk-id/nodes]: 1 {0=7}
Rejected chunks for capacity limit [chunk-id/nodes]: 0 {}
bandwidthUtilUp: 0.01107375685028798
bandwidthUtilDown: 0.00666688159277298
Avg # of unsent chunk for max-retries: 0.0
Min # of unsent chunk for max-retries: 0.0
Max # of unsent chunk for max-retries: 0.0
Avg # of unsent chunk-reqs for max-retries: 0.0
Min # of unsent chunk-reqs for max-retries: 0.0
Max # of unsent chunk-reqs for max-retries: 0.0
Avg % of chunks received by Pastry: 12.588235294117647
Min % of chunks received by Pastry: 0.0
Max % of chunks received by Pastry: 25.0
StD of chunks received by Pastry: 7.552313099645712
Var of chunks received by Pastry: 57.037433155080215
Avg % of chunks received by StarStream: 86.5
Min % of chunks received by StarStream: 74.0
Max % of chunks received by StarStream: 100.0
StD of chunks received by StarStream: 7.62472056119852
Var of chunks received by StarStream: 58.13636363636347
[NONMOJO] Startup Delay: 64.47058823529412
[MOJO] Startup Delay: 83.7
[MOJO] Latency: 8.790800025727252
Min of perceived avg chunk delivery-time: 7.12
Max of perceived avg chunk delivery-time: 11.381443298969073
Variance of perceived avg chunk delivery-time: 1.018449307084514
StD of perceived avg chunk delivery-time: 1.009182494440185
Avg messages sent per node: 3048.9411764705883
Min messages sent per node: 1643.0
Max messages sent per node: 6355.0
Variance of messages sent per node: 1211174.420677362
StD of messages sent per node: 1100.5336981107675
Nodes with incomplete playbacks: 18
[MOJO] Continuity Index: 69.97058823529412
[MOJO] Packet Loss: 30.029411764705884
Min % of not played chunks: 0.0
Max % of not played chunks: 99.0
Not played chunks [chunk-id/nodes]: {1=12, 2=10, 3=10, 4=11, 5=10, 6=11, 7=8, 8=13, 9=12, 10=11, 11=12, 12=10, 13=11, 14=9, 15=11, 17=9, 16=8, 19=10, 18=11, 21=12, 20=11, 23=10, 22=11, 25=12, 24=10, 27=13, 26=10, 29=12, 28=10, 31=10, 30=10, 34=9, 35=11, 32=10, 33=10, 38=10, 39=11, 36=10, 37=11, 42=9, 43=10, 40=11, 41=10, 46=11, 47=10, 44=13, 45=13, 51=11, 50=11, 49=11, 48=8, 55=9, 54=10, 53=12, 52=8, 59=10, 58=10, 57=10, 56=10, 63=9, 62=10, 61=11, 60=9, 68=8, 69=12, 70=8, 71=9, 64=9, 65=11, 66=9, 67=8, 76=9, 77=10, 78=11, 79=8, 72=10, 73=12, 74=11, 75=11, 85=10, 84=10, 87=11, 86=11, 81=11, 80=9, 83=10, 82=10, 93=11, 92=11, 95=14, 94=9, 89=12, 88=10, 91=10, 90=10, 98=10, 99=11, 96=8, 97=9}
Avg distance between not played chunks: 4.676446994855498
Min distance between not played chunks: 1.0
Max distance between not played chunks: 43.0

HELPING PEERS LOG

[HELPING] Active nodes: 0
[HELPING] Started playbacks: 0
[HELPING] Not started playbacks node-ids: []
[HELPING] Playbacks time-window: -9223372036854775807
[HELPING] Missing chunks distribution [missed-chunks/nodes]: {}
[HELPING] Rejected chunks for ttl expiration [chunk-id/nodes]: 0 {}
[HELPING] Rejected chunks for capacity limit [chunk-id/nodes]: 0 {}
[HELPING] bandwidthUtilUp: NaN
[HELPING] bandwidthUtilDown: NaN
[HELPING] Avg # of unsent chunk for max-retries: NaN
[HELPING] Min # of unsent chunk for max-retries: Infinity
[HELPING] Max # of unsent chunk for max-retries: -Infinity
[HELPING] Avg # of unsent chunk-reqs for max-retries: NaN
[HELPING] Min # of unsent chunk-reqs for max-retries: Infinity
[HELPING] Max # of unsent chunk-reqs for max-retries: -Infinity
[HELPING] Avg % of chunks received by Pastry: NaN
[HELPING] Min % of chunks received by Pastry: Infinity
[HELPING] Max % of chunks received by Pastry: -Infinity
[HELPING] StD of chunks received by Pastry: 0.0
[HELPING] Var of chunks received by Pastry: 0.0
[HELPING] Avg % of chunks received by StarStream: NaN
[HELPING] Min % of chunks received by StarStream: Infinity
[HELPING] Max % of chunks received by StarStream: -Infinity
[HELPING] StD of chunks received by StarStream: 0.0
[HELPING] Var of chunks received by StarStream: 0.0
[HELPING] Latency: NaN
[HELPING] Min of perceived avg chunk delivery-time: Infinity
[HELPING] Max of perceived avg chunk delivery-time: -Infinity
[HELPING] Variance of perceived avg chunk delivery-time: 0.0
[HELPING] StD of perceived avg chunk delivery-time: 0.0
[HELPING] Avg messages sent per node: NaN
[HELPING] Min messages sent per node: Infinity
[HELPING] Max messages sent per node: -Infinity
[HELPING] Variance of messages sent per node: 0.0
[HELPING] StD of messages sent per node: 0.0
[HELPING] Nodes with incomplete playbacks: 0
[HELPING] Packet Loss: NaN
[HELPING] Min % of not played chunks: Infinity
[HELPING] Max % of not played chunks: -Infinity
[HELPING] Not played chunks [chunk-id/nodes]: {}
[HELPING] Avg distance between not played chunks: NaN
[HELPING] Min distance between not played chunks: Infinity
[HELPING] Max distance between not played chunks: -Infinity

