Total chunks: 100
Nodes x chunk: 5
Total nodes: 34
Active nodes: 34
Started playbacks: 34
Not started playbacks node-ids: []
Playbacks time-window: 121
Missing chunks distribution [missed-chunks/nodes]: {0=30, 1=4}
Rejected chunks for ttl expiration [chunk-id/nodes]: 2 {0=4, 1=4}
Rejected chunks for capacity limit [chunk-id/nodes]: 0 {}
bandwidthUtilUp: 0.013708729704486538
bandwidthUtilDown: 0.008015714056210942
Avg # of unsent chunk for max-retries: 0.0
Min # of unsent chunk for max-retries: 0.0
Max # of unsent chunk for max-retries: 0.0
Avg # of unsent chunk-reqs for max-retries: 0.0
Min # of unsent chunk-reqs for max-retries: 0.0
Max # of unsent chunk-reqs for max-retries: 0.0
Avg % of chunks received by Pastry: 6.117647058823529
Min % of chunks received by Pastry: 0.0
Max % of chunks received by Pastry: 21.0
StD of chunks received by Pastry: 4.714675385736528
Var of chunks received by Pastry: 22.228163992869877
Avg % of chunks received by StarStream: 93.0
Min % of chunks received by StarStream: 78.0
Max % of chunks received by StarStream: 100.0
StD of chunks received by StarStream: 4.87417436675963
Var of chunks received by StarStream: 23.75757575757664
[NONMOJO] Startup Delay: 70.88235294117646
[MOJO] Startup Delay: 46.9
[MOJO] Latency: 7.278714576739787
Min of perceived avg chunk delivery-time: 5.54
Max of perceived avg chunk delivery-time: 8.484848484848484
Variance of perceived avg chunk delivery-time: 0.45691622142244365
StD of perceived avg chunk delivery-time: 0.6759557836297013
Avg messages sent per node: 6576.470588235294
Min messages sent per node: 3980.0
Max messages sent per node: 9125.0
Variance of messages sent per node: 2025910.8021390433
StD of messages sent per node: 1423.344934349732
Nodes with incomplete playbacks: 21
[MOJO] Continuity Index: 68.44117647058823
[MOJO] Packet Loss: 31.558823529411764
Min % of not played chunks: 0.0
Max % of not played chunks: 99.0
Not played chunks [chunk-id/nodes]: {1=14, 2=13, 3=9, 4=12, 5=10, 6=9, 7=8, 8=11, 9=10, 10=9, 11=8, 12=11, 13=12, 14=13, 15=9, 17=10, 16=11, 19=12, 18=12, 21=10, 20=10, 23=12, 22=9, 25=11, 24=12, 27=10, 26=11, 29=10, 28=10, 31=11, 30=8, 34=11, 35=9, 32=12, 33=8, 38=11, 39=11, 36=9, 37=12, 42=12, 43=12, 40=11, 41=12, 46=11, 47=11, 44=11, 45=13, 51=13, 50=11, 49=13, 48=11, 55=11, 54=10, 53=11, 52=11, 59=11, 58=9, 57=13, 56=13, 63=12, 62=10, 61=11, 60=10, 68=11, 69=11, 70=11, 71=9, 64=12, 65=10, 66=9, 67=12, 76=11, 77=11, 78=13, 79=11, 72=11, 73=10, 74=10, 75=11, 85=9, 84=12, 87=12, 86=13, 81=10, 80=12, 83=10, 82=12, 93=9, 92=10, 95=11, 94=12, 89=11, 88=10, 91=11, 90=11, 98=11, 99=9, 96=11, 97=11}
Avg distance between not played chunks: 2.7091321124316328
Min distance between not played chunks: 1.0
Max distance between not played chunks: 10.25

HELPING PEERS LOG

[HELPING] Active nodes: 0
[HELPING] Started playbacks: 0
[HELPING] Not started playbacks node-ids: []
[HELPING] Playbacks time-window: -9223372036854775807
[HELPING] Missing chunks distribution [missed-chunks/nodes]: {}
[HELPING] Rejected chunks for ttl expiration [chunk-id/nodes]: 0 {}
[HELPING] Rejected chunks for capacity limit [chunk-id/nodes]: 0 {}
[HELPING] bandwidthUtilUp: NaN
[HELPING] bandwidthUtilDown: NaN
[HELPING] Avg # of unsent chunk for max-retries: NaN
[HELPING] Min # of unsent chunk for max-retries: Infinity
[HELPING] Max # of unsent chunk for max-retries: -Infinity
[HELPING] Avg # of unsent chunk-reqs for max-retries: NaN
[HELPING] Min # of unsent chunk-reqs for max-retries: Infinity
[HELPING] Max # of unsent chunk-reqs for max-retries: -Infinity
[HELPING] Avg % of chunks received by Pastry: NaN
[HELPING] Min % of chunks received by Pastry: Infinity
[HELPING] Max % of chunks received by Pastry: -Infinity
[HELPING] StD of chunks received by Pastry: 0.0
[HELPING] Var of chunks received by Pastry: 0.0
[HELPING] Avg % of chunks received by StarStream: NaN
[HELPING] Min % of chunks received by StarStream: Infinity
[HELPING] Max % of chunks received by StarStream: -Infinity
[HELPING] StD of chunks received by StarStream: 0.0
[HELPING] Var of chunks received by StarStream: 0.0
[HELPING] Latency: NaN
[HELPING] Min of perceived avg chunk delivery-time: Infinity
[HELPING] Max of perceived avg chunk delivery-time: -Infinity
[HELPING] Variance of perceived avg chunk delivery-time: 0.0
[HELPING] StD of perceived avg chunk delivery-time: 0.0
[HELPING] Avg messages sent per node: NaN
[HELPING] Min messages sent per node: Infinity
[HELPING] Max messages sent per node: -Infinity
[HELPING] Variance of messages sent per node: 0.0
[HELPING] StD of messages sent per node: 0.0
[HELPING] Nodes with incomplete playbacks: 0
[HELPING] Packet Loss: NaN
[HELPING] Min % of not played chunks: Infinity
[HELPING] Max % of not played chunks: -Infinity
[HELPING] Not played chunks [chunk-id/nodes]: {}
[HELPING] Avg distance between not played chunks: NaN
[HELPING] Min distance between not played chunks: Infinity
[HELPING] Max distance between not played chunks: -Infinity

