Total chunks: 100
Nodes x chunk: 5
Total nodes: 37
Active nodes: 34
Started playbacks: 34
Not started playbacks node-ids: []
Playbacks time-window: 170
Missing chunks distribution [missed-chunks/nodes]: {0=28, 1=4, 3=2}
Rejected chunks for ttl expiration [chunk-id/nodes]: 3 {0=2, 1=6, 2=2}
Rejected chunks for capacity limit [chunk-id/nodes]: 0 {}
bandwidthUtilUp: 0.013983083492616838
bandwidthUtilDown: 0.008285305243148331
Avg # of unsent chunk for max-retries: 0.0
Min # of unsent chunk for max-retries: 0.0
Max # of unsent chunk for max-retries: 0.0
Avg # of unsent chunk-reqs for max-retries: 0.0
Min # of unsent chunk-reqs for max-retries: 0.0
Max # of unsent chunk-reqs for max-retries: 0.0
Avg % of chunks received by Pastry: 7.647058823529412
Min % of chunks received by Pastry: 0.0
Max % of chunks received by Pastry: 15.0
StD of chunks received by Pastry: 4.2489382127572615
Var of chunks received by Pastry: 18.053475935828875
Avg % of chunks received by StarStream: 91.41176470588235
Min % of chunks received by StarStream: 84.0
Max % of chunks received by StarStream: 100.0
StD of chunks received by StarStream: 4.3492782198738285
Var of chunks received by StarStream: 18.916221033868858
[NONMOJO] Startup Delay: 77.91176470588235
[MOJO] Startup Delay: 58.6
[MOJO] Latency: 7.340654019808486
Min of perceived avg chunk delivery-time: 5.85
Max of perceived avg chunk delivery-time: 9.591836734693878
Variance of perceived avg chunk delivery-time: 0.6253430475966598
StD of perceived avg chunk delivery-time: 0.7907863476291557
Avg messages sent per node: 6733.35294117647
Min messages sent per node: 4170.0
Max messages sent per node: 9107.0
Variance of messages sent per node: 1853808.2352941225
StD of messages sent per node: 1361.5462663068495
Nodes with incomplete playbacks: 22
[MOJO] Continuity Index: 69.70588235294117
[MOJO] Packet Loss: 30.294117647058822
Min % of not played chunks: 0.0
Max % of not played chunks: 99.0
Not played chunks [chunk-id/nodes]: {1=18, 2=11, 3=10, 4=9, 5=11, 6=8, 7=11, 8=8, 9=9, 10=11, 11=9, 12=9, 13=10, 14=11, 15=11, 17=11, 16=8, 19=10, 18=8, 21=9, 20=10, 23=11, 22=11, 25=10, 24=7, 27=12, 26=10, 29=10, 28=10, 31=11, 30=8, 34=10, 35=10, 32=9, 33=10, 38=11, 39=9, 36=11, 37=10, 42=14, 43=9, 40=12, 41=10, 46=8, 47=11, 44=11, 45=8, 51=12, 50=11, 49=10, 48=12, 55=12, 54=10, 53=11, 52=11, 59=11, 58=10, 57=9, 56=9, 63=10, 62=10, 61=10, 60=10, 68=10, 69=12, 70=13, 71=9, 64=11, 65=12, 66=11, 67=10, 76=12, 77=11, 78=11, 79=12, 72=10, 73=12, 74=9, 75=9, 85=10, 84=12, 87=9, 86=13, 81=7, 80=11, 83=10, 82=11, 93=10, 92=10, 95=12, 94=13, 89=12, 88=12, 91=9, 90=8, 98=10, 99=11, 96=10, 97=13}
Avg distance between not played chunks: 2.4310347392177296
Min distance between not played chunks: 1.0
Max distance between not played chunks: 9.2

HELPING PEERS LOG

[HELPING] Active nodes: 3
[HELPING] Started playbacks: 3
[HELPING] Not started playbacks node-ids: []
[HELPING] Playbacks time-window: 87
[HELPING] Missing chunks distribution [missed-chunks/nodes]: {0=2, 1=1}
[HELPING] Rejected chunks for ttl expiration [chunk-id/nodes]: 1 {1=1}
[HELPING] Rejected chunks for capacity limit [chunk-id/nodes]: 0 {}
[HELPING] bandwidthUtilUp: 0.013660269816458868
[HELPING] bandwidthUtilDown: 0.007256927864275848
[HELPING] Avg # of unsent chunk for max-retries: 0.0
[HELPING] Min # of unsent chunk for max-retries: 0.0
[HELPING] Max # of unsent chunk for max-retries: 0.0
[HELPING] Avg # of unsent chunk-reqs for max-retries: 0.0
[HELPING] Min # of unsent chunk-reqs for max-retries: 0.0
[HELPING] Max # of unsent chunk-reqs for max-retries: 0.0
[HELPING] Avg % of chunks received by Pastry: 10.333333333333334
[HELPING] Min % of chunks received by Pastry: 5.0
[HELPING] Max % of chunks received by Pastry: 14.0
[HELPING] StD of chunks received by Pastry: 4.725815626252608
[HELPING] Var of chunks received by Pastry: 22.33333333333333
[HELPING] Avg % of chunks received by StarStream: 88.66666666666667
[HELPING] Min % of chunks received by StarStream: 85.0
[HELPING] Max % of chunks received by StarStream: 94.0
[HELPING] StD of chunks received by StarStream: 4.725815626252576
[HELPING] Var of chunks received by StarStream: 22.33333333333303
[HELPING] Startup Delay: 99.33333333333333
[HELPING] Latency: 8.278367346938776
[HELPING] Min of perceived avg chunk delivery-time: 8.255102040816327
[HELPING] Max of perceived avg chunk delivery-time: 8.3
[HELPING] Variance of perceived avg chunk delivery-time: 5.059558517217511E-4
[HELPING] StD of perceived avg chunk delivery-time: 0.02249346242181828
[HELPING] Avg messages sent per node: 6428.666666666667
[HELPING] Min messages sent per node: 5424.0
[HELPING] Max messages sent per node: 7364.0
[HELPING] Variance of messages sent per node: 944505.3333333358
[HELPING] StD of messages sent per node: 971.856642377535
[HELPING] Nodes with incomplete playbacks: 1
[HELPING] Packet Loss: 0.3333333333333333
[HELPING] Min % of not played chunks: 0.0
[HELPING] Max % of not played chunks: 1.0
[HELPING] Not played chunks [chunk-id/nodes]: {1=1}
[HELPING] Avg distance between not played chunks: NaN
[HELPING] Min distance between not played chunks: Infinity
[HELPING] Max distance between not played chunks: -Infinity

