Total chunks: 100
Nodes x chunk: 5
Total nodes: 40
Active nodes: 34
Started playbacks: 34
Not started playbacks node-ids: []
Playbacks time-window: 281
Missing chunks distribution [missed-chunks/nodes]: {0=29, 1=3, 3=1, 5=1}
Rejected chunks for ttl expiration [chunk-id/nodes]: 4 {1=5, 2=2, 3=1, 4=1}
Rejected chunks for capacity limit [chunk-id/nodes]: 0 {}
bandwidthUtilUp: 0.013678558987895018
bandwidthUtilDown: 0.007968875060726799
Avg # of unsent chunk for max-retries: 0.0
Min # of unsent chunk for max-retries: 0.0
Max # of unsent chunk for max-retries: 0.0
Avg # of unsent chunk-reqs for max-retries: 0.0
Min # of unsent chunk-reqs for max-retries: 0.0
Max # of unsent chunk-reqs for max-retries: 0.0
Avg % of chunks received by Pastry: 7.852941176470588
Min % of chunks received by Pastry: 0.0
Max % of chunks received by Pastry: 20.0
StD of chunks received by Pastry: 5.668265476456309
Var of chunks received by Pastry: 32.12923351158646
Avg % of chunks received by StarStream: 91.38235294117646
Min % of chunks received by StarStream: 80.0
Max % of chunks received by StarStream: 100.0
StD of chunks received by StarStream: 5.908466990234434
Var of chunks received by StarStream: 34.909982174689944
[NONMOJO] Startup Delay: 87.58823529411765
[MOJO] Startup Delay: 109.0
[MOJO] Latency: 7.713933441444122
Min of perceived avg chunk delivery-time: 6.44
Max of perceived avg chunk delivery-time: 9.39795918367347
Variance of perceived avg chunk delivery-time: 0.719319304377207
StD of perceived avg chunk delivery-time: 0.8481269388347519
Avg messages sent per node: 6624.529411764706
Min messages sent per node: 3773.0
Max messages sent per node: 9806.0
Variance of messages sent per node: 2621352.8627450927
StD of messages sent per node: 1619.0592523885878
Nodes with incomplete playbacks: 23
[MOJO] Continuity Index: 70.82352941176471
[MOJO] Packet Loss: 29.176470588235293
Min % of not played chunks: 0.0
Max % of not played chunks: 99.0
Not played chunks [chunk-id/nodes]: {1=17, 2=12, 3=12, 4=13, 5=9, 6=9, 7=11, 8=8, 9=11, 10=10, 11=9, 12=14, 13=9, 14=10, 15=9, 17=10, 16=9, 19=12, 18=9, 21=13, 20=8, 23=10, 22=9, 25=8, 24=15, 27=11, 26=7, 29=11, 28=8, 31=8, 30=8, 34=10, 35=8, 32=9, 33=11, 38=12, 39=11, 36=14, 37=13, 42=9, 43=13, 40=10, 41=10, 46=10, 47=8, 44=11, 45=10, 51=11, 50=10, 49=9, 48=10, 55=9, 54=9, 53=9, 52=10, 59=9, 58=12, 57=13, 56=7, 63=6, 62=11, 61=9, 60=14, 68=10, 69=6, 70=8, 71=10, 64=9, 65=11, 66=7, 67=9, 76=8, 77=10, 78=13, 79=9, 72=12, 73=8, 74=11, 75=8, 85=10, 84=10, 87=12, 86=10, 81=9, 80=8, 83=10, 82=14, 93=9, 92=11, 95=10, 94=11, 89=8, 88=11, 91=10, 90=8, 98=9, 99=12, 96=7, 97=8}
Avg distance between not played chunks: 3.027726527541078
Min distance between not played chunks: 1.0
Max distance between not played chunks: 20.75

HELPING PEERS LOG

[HELPING] Active nodes: 6
[HELPING] Started playbacks: 6
[HELPING] Not started playbacks node-ids: []
[HELPING] Playbacks time-window: 110
[HELPING] Missing chunks distribution [missed-chunks/nodes]: {0=5, 1=1}
[HELPING] Rejected chunks for ttl expiration [chunk-id/nodes]: 2 {0=1, 1=1}
[HELPING] Rejected chunks for capacity limit [chunk-id/nodes]: 0 {}
[HELPING] bandwidthUtilUp: 0.013354986286818941
[HELPING] bandwidthUtilDown: 0.007155327551330589
[HELPING] Avg # of unsent chunk for max-retries: 0.0
[HELPING] Min # of unsent chunk for max-retries: 0.0
[HELPING] Max # of unsent chunk for max-retries: 0.0
[HELPING] Avg # of unsent chunk-reqs for max-retries: 0.0
[HELPING] Min # of unsent chunk-reqs for max-retries: 0.0
[HELPING] Max # of unsent chunk-reqs for max-retries: 0.0
[HELPING] Avg % of chunks received by Pastry: 8.333333333333334
[HELPING] Min % of chunks received by Pastry: 0.0
[HELPING] Max % of chunks received by Pastry: 13.0
[HELPING] StD of chunks received by Pastry: 4.676180777800047
[HELPING] Var of chunks received by Pastry: 21.866666666666656
[HELPING] Avg % of chunks received by StarStream: 90.83333333333333
[HELPING] Min % of chunks received by StarStream: 86.0
[HELPING] Max % of chunks received by StarStream: 100.0
[HELPING] StD of chunks received by StarStream: 5.036533199202464
[HELPING] Var of chunks received by StarStream: 25.366666666668607
[HELPING] Startup Delay: 81.5
[HELPING] Latency: 8.01852676424105
[HELPING] Min of perceived avg chunk delivery-time: 6.82
[HELPING] Max of perceived avg chunk delivery-time: 8.744897959183673
[HELPING] Variance of perceived avg chunk delivery-time: 0.5473236801379642
[HELPING] StD of perceived avg chunk delivery-time: 0.739813273831961
[HELPING] Avg messages sent per node: 6183.0
[HELPING] Min messages sent per node: 4164.0
[HELPING] Max messages sent per node: 7518.0
[HELPING] Variance of messages sent per node: 1554801.5999999999
[HELPING] StD of messages sent per node: 1246.9168376439545
[HELPING] Nodes with incomplete playbacks: 5
[HELPING] Packet Loss: 22.166666666666668
[HELPING] Min % of not played chunks: 0.0
[HELPING] Max % of not played chunks: 99.0
[HELPING] Not played chunks [chunk-id/nodes]: {1=3, 2=2, 3=1, 4=1, 5=1, 6=1, 7=1, 8=1, 9=1, 10=1, 11=2, 12=2, 13=1, 14=2, 15=1, 17=1, 16=1, 19=1, 18=2, 21=1, 20=2, 23=2, 22=1, 25=2, 24=1, 27=1, 26=1, 29=1, 28=2, 31=1, 30=1, 34=1, 35=1, 32=1, 33=2, 38=1, 39=1, 36=1, 37=1, 42=2, 43=1, 40=1, 41=1, 46=1, 47=2, 44=1, 45=1, 51=1, 50=1, 49=1, 48=2, 55=2, 54=1, 53=1, 52=1, 59=1, 58=1, 57=2, 56=1, 63=2, 62=1, 61=1, 60=1, 68=2, 69=3, 70=1, 71=1, 64=2, 65=1, 66=2, 67=1, 76=1, 77=1, 78=2, 79=2, 72=1, 73=1, 74=2, 75=1, 85=2, 84=1, 87=2, 86=1, 81=1, 80=2, 83=2, 82=1, 93=1, 92=1, 95=2, 94=2, 89=1, 88=1, 91=1, 90=1, 98=3, 99=1, 96=1, 97=1}
[HELPING] Avg distance between not played chunks: 8.93560606060606
[HELPING] Min distance between not played chunks: 1.0
[HELPING] Max distance between not played chunks: 16.0

