Total chunks: 100
Nodes x chunk: 5
Total nodes: 44
Active nodes: 34
Started playbacks: 34
Not started playbacks node-ids: []
Playbacks time-window: 115
Missing chunks distribution [missed-chunks/nodes]: {0=33, 1=1}
Rejected chunks for ttl expiration [chunk-id/nodes]: 2 {0=1, 1=1}
Rejected chunks for capacity limit [chunk-id/nodes]: 0 {}
bandwidthUtilUp: 0.014351476346519189
bandwidthUtilDown: 0.00856448183535798
Avg # of unsent chunk for max-retries: 0.0
Min # of unsent chunk for max-retries: 0.0
Max # of unsent chunk for max-retries: 0.0
Avg # of unsent chunk-reqs for max-retries: 0.0
Min # of unsent chunk-reqs for max-retries: 0.0
Max # of unsent chunk-reqs for max-retries: 0.0
Avg % of chunks received by Pastry: 9.323529411764707
Min % of chunks received by Pastry: 0.0
Max % of chunks received by Pastry: 19.0
StD of chunks received by Pastry: 4.778237206558401
Var of chunks received by Pastry: 22.831550802139034
Avg % of chunks received by StarStream: 89.76470588235294
Min % of chunks received by StarStream: 80.0
Max % of chunks received by StarStream: 100.0
StD of chunks received by StarStream: 4.960808973186718
Var of chunks received by StarStream: 24.609625668449855
[NONMOJO] Startup Delay: 73.05882352941177
[MOJO] Startup Delay: 50.6
[MOJO] Latency: 7.739068779026762
Min of perceived avg chunk delivery-time: 6.63
Max of perceived avg chunk delivery-time: 9.51
Variance of perceived avg chunk delivery-time: 0.40439069381063
StD of perceived avg chunk delivery-time: 0.6359172067263394
Avg messages sent per node: 7016.676470588235
Min messages sent per node: 4228.0
Max messages sent per node: 9607.0
Variance of messages sent per node: 2353701.0133689875
StD of messages sent per node: 1534.1776342291616
Nodes with incomplete playbacks: 25
[MOJO] Continuity Index: 56.26470588235294
[MOJO] Packet Loss: 43.73529411764706
Min % of not played chunks: 0.0
Max % of not played chunks: 99.0
Not played chunks [chunk-id/nodes]: {1=16, 2=17, 3=17, 4=14, 5=18, 6=13, 7=16, 8=14, 9=12, 10=17, 11=16, 12=19, 13=12, 14=12, 15=19, 17=11, 16=14, 19=15, 18=14, 21=14, 20=14, 23=15, 22=11, 25=18, 24=14, 27=17, 26=12, 29=13, 28=14, 31=13, 30=15, 34=14, 35=14, 32=13, 33=9, 38=17, 39=13, 36=15, 37=16, 42=14, 43=15, 40=16, 41=14, 46=16, 47=17, 44=18, 45=19, 51=14, 50=16, 49=16, 48=15, 55=14, 54=14, 53=17, 52=15, 59=16, 58=14, 57=12, 56=18, 63=12, 62=15, 61=14, 60=19, 68=15, 69=15, 70=16, 71=16, 64=15, 65=16, 66=15, 67=18, 76=17, 77=14, 78=16, 79=13, 72=17, 73=17, 74=13, 75=15, 85=9, 84=19, 87=16, 86=15, 81=15, 80=15, 83=11, 82=16, 93=14, 92=19, 95=14, 94=12, 89=15, 88=16, 91=16, 90=16, 98=17, 99=15, 96=17, 97=15}
Avg distance between not played chunks: 1.805963394945866
Min distance between not played chunks: 1.0
Max distance between not played chunks: 4.2272727272727275

HELPING PEERS LOG

[HELPING] Active nodes: 10
[HELPING] Started playbacks: 10
[HELPING] Not started playbacks node-ids: []
[HELPING] Playbacks time-window: 62
[HELPING] Missing chunks distribution [missed-chunks/nodes]: {0=10}
[HELPING] Rejected chunks for ttl expiration [chunk-id/nodes]: 0 {}
[HELPING] Rejected chunks for capacity limit [chunk-id/nodes]: 0 {}
[HELPING] bandwidthUtilUp: 0.014109577955576356
[HELPING] bandwidthUtilDown: 0.007034727566078517
[HELPING] Avg # of unsent chunk for max-retries: 0.0
[HELPING] Min # of unsent chunk for max-retries: 0.0
[HELPING] Max # of unsent chunk for max-retries: 0.0
[HELPING] Avg # of unsent chunk-reqs for max-retries: 0.0
[HELPING] Min # of unsent chunk-reqs for max-retries: 0.0
[HELPING] Max # of unsent chunk-reqs for max-retries: 0.0
[HELPING] Avg % of chunks received by Pastry: 6.4
[HELPING] Min % of chunks received by Pastry: 1.0
[HELPING] Max % of chunks received by Pastry: 13.0
[HELPING] StD of chunks received by Pastry: 4.903513479582211
[HELPING] Var of chunks received by Pastry: 24.044444444444437
[HELPING] Avg % of chunks received by StarStream: 92.8
[HELPING] Min % of chunks received by StarStream: 86.0
[HELPING] Max % of chunks received by StarStream: 99.0
[HELPING] StD of chunks received by StarStream: 5.159672685570399
[HELPING] Var of chunks received by StarStream: 26.622222222221254
[HELPING] Startup Delay: 92.9
[HELPING] Latency: 8.216767676767676
[HELPING] Min of perceived avg chunk delivery-time: 7.515151515151516
[HELPING] Max of perceived avg chunk delivery-time: 8.88
[HELPING] Variance of perceived avg chunk delivery-time: 0.17045780362551
[HELPING] StD of perceived avg chunk delivery-time: 0.41286535774451943
[HELPING] Avg messages sent per node: 6610.8
[HELPING] Min messages sent per node: 4210.0
[HELPING] Max messages sent per node: 8115.0
[HELPING] Variance of messages sent per node: 1427842.6222222217
[HELPING] StD of messages sent per node: 1194.9236888698047
[HELPING] Nodes with incomplete playbacks: 3
[HELPING] Packet Loss: 10.4
[HELPING] Min % of not played chunks: 0.0
[HELPING] Max % of not played chunks: 59.0
[HELPING] Not played chunks [chunk-id/nodes]: {1=2, 3=1, 5=1, 6=1, 7=1, 10=2, 12=2, 13=1, 15=1, 16=1, 18=1, 21=1, 23=2, 22=1, 25=2, 27=2, 28=1, 34=1, 35=2, 32=1, 38=2, 37=2, 42=1, 43=2, 40=2, 41=2, 46=2, 47=1, 44=1, 51=1, 49=2, 48=1, 55=1, 53=1, 52=2, 59=1, 58=2, 57=1, 56=1, 62=1, 61=2, 60=3, 68=1, 69=1, 71=2, 64=2, 65=1, 66=2, 67=1, 76=2, 77=1, 78=2, 79=2, 73=1, 74=1, 75=2, 85=2, 84=2, 86=2, 81=1, 80=1, 83=1, 82=2, 93=2, 92=1, 95=1, 94=1, 89=2, 91=1, 90=1, 98=2}
[HELPING] Avg distance between not played chunks: 5.699137931034483
[HELPING] Min distance between not played chunks: 1.6724137931034482
[HELPING] Max distance between not played chunks: 13.0

