Total chunks: 100
Nodes x chunk: 5
Total nodes: 47
Active nodes: 34
Started playbacks: 34
Not started playbacks node-ids: []
Playbacks time-window: 160
Missing chunks distribution [missed-chunks/nodes]: {0=32, 2=2}
Rejected chunks for ttl expiration [chunk-id/nodes]: 2 {0=2, 2=1}
Rejected chunks for capacity limit [chunk-id/nodes]: 0 {}
bandwidthUtilUp: 0.014102547242644401
bandwidthUtilDown: 0.008336160977275346
Avg # of unsent chunk for max-retries: 0.0
Min # of unsent chunk for max-retries: 0.0
Max # of unsent chunk for max-retries: 0.0
Avg # of unsent chunk-reqs for max-retries: 0.0
Min # of unsent chunk-reqs for max-retries: 0.0
Max # of unsent chunk-reqs for max-retries: 0.0
Avg % of chunks received by Pastry: 8.794117647058824
Min % of chunks received by Pastry: 1.0
Max % of chunks received by Pastry: 16.0
StD of chunks received by Pastry: 4.190750361426977
Var of chunks received by Pastry: 17.56238859180034
Avg % of chunks received by StarStream: 90.23529411764706
Min % of chunks received by StarStream: 83.0
Max % of chunks received by StarStream: 99.0
StD of chunks received by StarStream: 4.2501965981581025
Var of chunks received by StarStream: 18.064171122994704
[NONMOJO] Startup Delay: 81.88235294117646
[MOJO] Startup Delay: 48.6
[MOJO] Latency: 8.01807395685547
Min of perceived avg chunk delivery-time: 7.01
Max of perceived avg chunk delivery-time: 9.959183673469388
Variance of perceived avg chunk delivery-time: 0.47775395331303694
StD of perceived avg chunk delivery-time: 0.6911974777970742
Avg messages sent per node: 6860.264705882353
Min messages sent per node: 4616.0
Max messages sent per node: 9435.0
Variance of messages sent per node: 1847855.352049907
StD of messages sent per node: 1359.3584339863812
Nodes with incomplete playbacks: 28
[MOJO] Continuity Index: 51.470588235294116
[MOJO] Packet Loss: 48.529411764705884
Min % of not played chunks: 0.0
Max % of not played chunks: 99.0
Not played chunks [chunk-id/nodes]: {1=17, 2=17, 3=16, 4=14, 5=15, 6=15, 7=16, 8=18, 9=16, 10=14, 11=17, 12=14, 13=12, 14=19, 15=13, 17=16, 16=14, 19=17, 18=16, 21=20, 20=18, 23=17, 22=14, 25=16, 24=17, 27=19, 26=16, 29=16, 28=14, 31=18, 30=17, 34=19, 35=14, 32=16, 33=16, 38=18, 39=17, 36=17, 37=15, 42=22, 43=16, 40=18, 41=18, 46=16, 47=17, 44=14, 45=19, 51=14, 50=20, 49=18, 48=17, 55=17, 54=15, 53=17, 52=17, 59=14, 58=18, 57=19, 56=15, 63=17, 62=16, 61=19, 60=13, 68=16, 69=16, 70=17, 71=18, 64=17, 65=20, 66=18, 67=15, 76=15, 77=15, 78=16, 79=18, 72=15, 73=17, 74=18, 75=18, 85=22, 84=21, 87=16, 86=17, 81=18, 80=18, 83=17, 82=20, 93=17, 92=18, 95=16, 94=15, 89=20, 88=12, 91=15, 90=16, 98=16, 99=17, 96=17, 97=17}
Avg distance between not played chunks: 2.3385601365140487
Min distance between not played chunks: 1.0
Max distance between not played chunks: 13.666666666666666

HELPING PEERS LOG

[HELPING] Active nodes: 13
[HELPING] Started playbacks: 13
[HELPING] Not started playbacks node-ids: []
[HELPING] Playbacks time-window: 185
[HELPING] Missing chunks distribution [missed-chunks/nodes]: {0=10, 1=1, 2=1, 3=1}
[HELPING] Rejected chunks for ttl expiration [chunk-id/nodes]: 3 {0=3, 1=3, 2=1}
[HELPING] Rejected chunks for capacity limit [chunk-id/nodes]: 0 {}
[HELPING] bandwidthUtilUp: 0.01429150774113361
[HELPING] bandwidthUtilDown: 0.007745107550838562
[HELPING] Avg # of unsent chunk for max-retries: 0.0
[HELPING] Min # of unsent chunk for max-retries: 0.0
[HELPING] Max # of unsent chunk for max-retries: 0.0
[HELPING] Avg # of unsent chunk-reqs for max-retries: 0.0
[HELPING] Min # of unsent chunk-reqs for max-retries: 0.0
[HELPING] Max # of unsent chunk-reqs for max-retries: 0.0
[HELPING] Avg % of chunks received by Pastry: 8.23076923076923
[HELPING] Min % of chunks received by Pastry: 0.0
[HELPING] Max % of chunks received by Pastry: 16.0
[HELPING] StD of chunks received by Pastry: 6.016004296234146
[HELPING] Var of chunks received by Pastry: 36.19230769230771
[HELPING] Avg % of chunks received by StarStream: 91.0
[HELPING] Min % of chunks received by StarStream: 83.0
[HELPING] Max % of chunks received by StarStream: 100.0
[HELPING] StD of chunks received by StarStream: 6.337717780610574
[HELPING] Var of chunks received by StarStream: 40.166666666667425
[HELPING] Startup Delay: 108.76923076923077
[HELPING] Latency: 8.338048430051376
[HELPING] Min of perceived avg chunk delivery-time: 7.77
[HELPING] Max of perceived avg chunk delivery-time: 8.938144329896907
[HELPING] Variance of perceived avg chunk delivery-time: 0.14537128217174217
[HELPING] StD of perceived avg chunk delivery-time: 0.38127586098747734
[HELPING] Avg messages sent per node: 6557.076923076923
[HELPING] Min messages sent per node: 4294.0
[HELPING] Max messages sent per node: 8511.0
[HELPING] Variance of messages sent per node: 2407318.2435897463
[HELPING] StD of messages sent per node: 1551.5534936281592
[HELPING] Nodes with incomplete playbacks: 9
[HELPING] Packet Loss: 16.615384615384617
[HELPING] Min % of not played chunks: 0.0
[HELPING] Max % of not played chunks: 99.0
[HELPING] Not played chunks [chunk-id/nodes]: {1=5, 2=4, 3=2, 4=2, 5=1, 6=2, 7=3, 8=3, 9=1, 10=1, 11=1, 12=2, 13=2, 14=1, 15=2, 17=3, 16=2, 19=2, 18=2, 21=3, 20=1, 23=1, 22=1, 25=2, 24=3, 27=3, 26=2, 29=3, 28=2, 31=2, 30=2, 34=1, 35=2, 32=3, 33=2, 38=2, 39=2, 36=1, 37=3, 42=1, 43=2, 40=3, 41=3, 46=2, 47=2, 44=2, 45=3, 51=2, 50=3, 49=2, 48=3, 55=2, 54=2, 53=2, 52=3, 59=3, 58=2, 57=2, 56=3, 63=2, 62=1, 61=2, 60=2, 68=2, 69=2, 70=2, 71=2, 64=4, 65=1, 66=4, 67=1, 76=2, 77=2, 78=2, 79=2, 72=2, 73=2, 74=2, 75=1, 85=1, 84=3, 87=1, 86=2, 81=2, 80=3, 83=3, 82=2, 93=2, 92=2, 95=3, 94=3, 89=4, 88=2, 91=2, 90=2, 98=3, 99=2, 96=2, 97=3}
[HELPING] Avg distance between not played chunks: 6.637454355764215
[HELPING] Min distance between not played chunks: 1.0
[HELPING] Max distance between not played chunks: 23.0

