Total chunks: 100
Nodes x chunk: 5
Total nodes: 51
Active nodes: 34
Started playbacks: 34
Not started playbacks node-ids: []
Playbacks time-window: 210
Missing chunks distribution [missed-chunks/nodes]: {0=33, 4=1}
Rejected chunks for ttl expiration [chunk-id/nodes]: 4 {0=2, 1=1, 2=1, 3=1}
Rejected chunks for capacity limit [chunk-id/nodes]: 0 {}
bandwidthUtilUp: 0.01438907058405624
bandwidthUtilDown: 0.008452881488413319
Avg # of unsent chunk for max-retries: 0.0
Min # of unsent chunk for max-retries: 0.0
Max # of unsent chunk for max-retries: 0.0
Avg # of unsent chunk-reqs for max-retries: 0.0
Min # of unsent chunk-reqs for max-retries: 0.0
Max # of unsent chunk-reqs for max-retries: 0.0
Avg % of chunks received by Pastry: 9.058823529411764
Min % of chunks received by Pastry: 1.0
Max % of chunks received by Pastry: 14.0
StD of chunks received by Pastry: 3.532885990583321
Var of chunks received by Pastry: 12.481283422459894
Avg % of chunks received by StarStream: 89.97058823529412
Min % of chunks received by StarStream: 85.0
Max % of chunks received by StarStream: 99.0
StD of chunks received by StarStream: 3.605427677045232
Var of chunks received by StarStream: 12.999108734403777
[NONMOJO] Startup Delay: 84.11764705882354
[MOJO] Startup Delay: 92.6
[MOJO] Latency: 8.149690656565655
Min of perceived avg chunk delivery-time: 6.94
Max of perceived avg chunk delivery-time: 9.98989898989899
Variance of perceived avg chunk delivery-time: 0.5558368751434919
StD of perceived avg chunk delivery-time: 0.7455446835324439
Avg messages sent per node: 6944.676470588235
Min messages sent per node: 4718.0
Max messages sent per node: 10497.0
Variance of messages sent per node: 2210937.49821747
StD of messages sent per node: 1486.9221560718872
Nodes with incomplete playbacks: 33
[MOJO] Continuity Index: 54.0
[MOJO] Packet Loss: 46.0
Min % of not played chunks: 0.0
Max % of not played chunks: 99.0
Not played chunks [chunk-id/nodes]: {1=15, 2=22, 3=16, 4=16, 5=17, 6=11, 7=12, 8=11, 9=17, 10=14, 11=15, 12=21, 13=12, 14=20, 15=16, 17=14, 16=13, 19=17, 18=18, 21=17, 20=10, 23=17, 22=15, 25=17, 24=13, 27=14, 26=12, 29=19, 28=11, 31=14, 30=18, 34=15, 35=16, 32=11, 33=20, 38=15, 39=15, 36=13, 37=19, 42=19, 43=22, 40=17, 41=17, 46=16, 47=16, 44=17, 45=16, 51=14, 50=20, 49=15, 48=15, 55=16, 54=9, 53=19, 52=17, 59=13, 58=18, 57=14, 56=14, 63=12, 62=15, 61=15, 60=13, 68=16, 69=15, 70=20, 71=18, 64=17, 65=17, 66=17, 67=16, 76=18, 77=14, 78=17, 79=18, 72=18, 73=11, 74=17, 75=18, 85=18, 84=16, 87=21, 86=18, 81=14, 80=14, 83=14, 82=10, 93=15, 92=17, 95=15, 94=16, 89=15, 88=15, 91=15, 90=18, 98=15, 99=19, 96=17, 97=18}
Avg distance between not played chunks: 3.093981698494053
Min distance between not played chunks: 1.0
Max distance between not played chunks: 11.6

HELPING PEERS LOG

[HELPING] Active nodes: 17
[HELPING] Started playbacks: 17
[HELPING] Not started playbacks node-ids: []
[HELPING] Playbacks time-window: 115
[HELPING] Missing chunks distribution [missed-chunks/nodes]: {0=14, 1=3}
[HELPING] Rejected chunks for ttl expiration [chunk-id/nodes]: 2 {0=2, 1=3}
[HELPING] Rejected chunks for capacity limit [chunk-id/nodes]: 0 {}
[HELPING] bandwidthUtilUp: 0.014180384523962475
[HELPING] bandwidthUtilDown: 0.007658956485909911
[HELPING] Avg # of unsent chunk for max-retries: 0.0
[HELPING] Min # of unsent chunk for max-retries: 0.0
[HELPING] Max # of unsent chunk for max-retries: 0.0
[HELPING] Avg # of unsent chunk-reqs for max-retries: 0.0
[HELPING] Min # of unsent chunk-reqs for max-retries: 0.0
[HELPING] Max # of unsent chunk-reqs for max-retries: 0.0
[HELPING] Avg % of chunks received by Pastry: 6.117647058823529
[HELPING] Min % of chunks received by Pastry: 0.0
[HELPING] Max % of chunks received by Pastry: 11.0
[HELPING] StD of chunks received by Pastry: 3.3889960338789216
[HELPING] Var of chunks received by Pastry: 11.48529411764706
[HELPING] Avg % of chunks received by StarStream: 93.0
[HELPING] Min % of chunks received by StarStream: 88.0
[HELPING] Max % of chunks received by StarStream: 100.0
[HELPING] StD of chunks received by StarStream: 3.6055512754639576
[HELPING] Var of chunks received by StarStream: 12.999999999999773
[HELPING] Startup Delay: 103.47058823529412
[HELPING] Latency: 8.640022311955086
[HELPING] Min of perceived avg chunk delivery-time: 7.05
[HELPING] Max of perceived avg chunk delivery-time: 10.295918367346939
[HELPING] Variance of perceived avg chunk delivery-time: 1.0234080826976273
[HELPING] StD of perceived avg chunk delivery-time: 1.0116363391543561
[HELPING] Avg messages sent per node: 6488.470588235294
[HELPING] Min messages sent per node: 4249.0
[HELPING] Max messages sent per node: 8875.0
[HELPING] Variance of messages sent per node: 1903962.1397058931
[HELPING] StD of messages sent per node: 1379.841345845925
[HELPING] Nodes with incomplete playbacks: 12
[HELPING] Packet Loss: 18.235294117647058
[HELPING] Min % of not played chunks: 0.0
[HELPING] Max % of not played chunks: 99.0
[HELPING] Not played chunks [chunk-id/nodes]: {1=5, 2=3, 3=3, 4=3, 5=3, 6=3, 7=3, 8=3, 9=3, 10=3, 11=3, 12=3, 13=3, 14=2, 15=3, 17=2, 16=3, 19=2, 18=4, 21=2, 20=2, 23=2, 22=6, 25=2, 24=1, 27=2, 26=3, 29=5, 28=3, 31=3, 30=3, 34=4, 35=4, 32=2, 33=5, 38=2, 39=1, 36=3, 37=3, 42=4, 43=2, 40=3, 41=2, 46=3, 47=4, 44=5, 45=3, 51=1, 50=3, 49=4, 48=3, 55=5, 54=2, 53=3, 52=4, 59=3, 58=4, 57=3, 56=3, 63=3, 62=4, 61=5, 60=1, 68=4, 69=3, 70=5, 71=3, 64=3, 65=4, 66=3, 67=3, 76=3, 77=2, 78=3, 79=3, 72=2, 73=2, 74=4, 75=4, 85=4, 84=4, 87=2, 86=4, 81=3, 80=3, 83=4, 82=3, 93=3, 92=4, 95=2, 94=4, 89=3, 88=4, 91=3, 90=3, 98=2, 99=5, 96=3, 97=4}
[HELPING] Avg distance between not played chunks: 5.47767464017464
[HELPING] Min distance between not played chunks: 1.0
[HELPING] Max distance between not played chunks: 12.833333333333334

