Total chunks: 100
Nodes x chunk: 5
Total nodes: 54
Active nodes: 34
Started playbacks: 34
Not started playbacks node-ids: []
Playbacks time-window: 262
Missing chunks distribution [missed-chunks/nodes]: {0=32, 1=1, 5=1}
Rejected chunks for ttl expiration [chunk-id/nodes]: 5 {0=3, 1=2, 2=1, 3=1, 4=1}
Rejected chunks for capacity limit [chunk-id/nodes]: 0 {}
bandwidthUtilUp: 0.013745270270130776
bandwidthUtilDown: 0.007958630199571647
Avg # of unsent chunk for max-retries: 0.0
Min # of unsent chunk for max-retries: 0.0
Max # of unsent chunk for max-retries: 0.0
Avg # of unsent chunk-reqs for max-retries: 0.0
Min # of unsent chunk-reqs for max-retries: 0.0
Max # of unsent chunk-reqs for max-retries: 0.0
Avg % of chunks received by Pastry: 8.205882352941176
Min % of chunks received by Pastry: 0.0
Max % of chunks received by Pastry: 21.0
StD of chunks received by Pastry: 3.867341203687588
Var of chunks received by Pastry: 14.956327985739762
Avg % of chunks received by StarStream: 90.8529411764706
Min % of chunks received by StarStream: 78.0
Max % of chunks received by StarStream: 100.0
StD of chunks received by StarStream: 3.9934215066490233
Var of chunks received by StarStream: 15.947415329766955
[NONMOJO] Startup Delay: 98.6470588235294
[MOJO] Startup Delay: 45.6
[MOJO] Latency: 8.398449928615783
Min of perceived avg chunk delivery-time: 7.09
Max of perceived avg chunk delivery-time: 10.606060606060606
Variance of perceived avg chunk delivery-time: 0.6268940062878621
StD of perceived avg chunk delivery-time: 0.7917663836561022
Avg messages sent per node: 6589.294117647059
Min messages sent per node: 4363.0
Max messages sent per node: 8837.0
Variance of messages sent per node: 1719070.456327985
StD of messages sent per node: 1311.1332717645391
Nodes with incomplete playbacks: 27
[MOJO] Continuity Index: 53.23529411764706
[MOJO] Packet Loss: 46.76470588235294
Min % of not played chunks: 0.0
Max % of not played chunks: 99.0
Not played chunks [chunk-id/nodes]: {1=16, 2=16, 3=18, 4=17, 5=11, 6=17, 7=15, 8=18, 9=18, 10=18, 11=16, 12=13, 13=13, 14=19, 15=12, 17=10, 16=13, 19=15, 18=15, 21=15, 20=16, 23=13, 22=13, 25=18, 24=17, 27=19, 26=15, 29=15, 28=15, 31=18, 30=11, 34=18, 35=15, 32=12, 33=18, 38=12, 39=14, 36=13, 37=17, 42=18, 43=16, 40=22, 41=17, 46=18, 47=19, 44=15, 45=14, 51=16, 50=17, 49=16, 48=18, 55=15, 54=15, 53=13, 52=15, 59=16, 58=16, 57=15, 56=18, 63=15, 62=16, 61=20, 60=14, 68=20, 69=15, 70=18, 71=20, 64=18, 65=17, 66=20, 67=20, 76=17, 77=16, 78=18, 79=16, 72=20, 73=16, 74=12, 75=12, 85=15, 84=16, 87=12, 86=17, 81=19, 80=16, 83=15, 82=15, 93=17, 92=14, 95=14, 94=16, 89=13, 88=18, 91=20, 90=20, 98=18, 99=17, 96=17, 97=18}
Avg distance between not played chunks: 1.9221455369374558
Min distance between not played chunks: 1.0
Max distance between not played chunks: 8.8

HELPING PEERS LOG

[HELPING] Active nodes: 20
[HELPING] Started playbacks: 20
[HELPING] Not started playbacks node-ids: []
[HELPING] Playbacks time-window: 124
[HELPING] Missing chunks distribution [missed-chunks/nodes]: {0=18, 1=2}
[HELPING] Rejected chunks for ttl expiration [chunk-id/nodes]: 2 {0=2, 1=2}
[HELPING] Rejected chunks for capacity limit [chunk-id/nodes]: 0 {}
[HELPING] bandwidthUtilUp: 0.014240865905996065
[HELPING] bandwidthUtilDown: 0.007926906682154426
[HELPING] Avg # of unsent chunk for max-retries: 0.0
[HELPING] Min # of unsent chunk for max-retries: 0.0
[HELPING] Max # of unsent chunk for max-retries: 0.0
[HELPING] Avg # of unsent chunk-reqs for max-retries: 0.0
[HELPING] Min # of unsent chunk-reqs for max-retries: 0.0
[HELPING] Max # of unsent chunk-reqs for max-retries: 0.0
[HELPING] Avg % of chunks received by Pastry: 8.65
[HELPING] Min % of chunks received by Pastry: 0.0
[HELPING] Max % of chunks received by Pastry: 15.0
[HELPING] StD of chunks received by Pastry: 4.498830257323621
[HELPING] Var of chunks received by Pastry: 20.239473684210516
[HELPING] Avg % of chunks received by StarStream: 90.5
[HELPING] Min % of chunks received by StarStream: 84.0
[HELPING] Max % of chunks received by StarStream: 100.0
[HELPING] StD of chunks received by StarStream: 4.795831523312759
[HELPING] Var of chunks received by StarStream: 23.00000000000038
[HELPING] Startup Delay: 104.45
[HELPING] Latency: 8.72472325293754
[HELPING] Min of perceived avg chunk delivery-time: 7.204081632653061
[HELPING] Max of perceived avg chunk delivery-time: 10.47
[HELPING] Variance of perceived avg chunk delivery-time: 0.6789995780571333
[HELPING] StD of perceived avg chunk delivery-time: 0.8240143069492989
[HELPING] Avg messages sent per node: 6276.9
[HELPING] Min messages sent per node: 4179.0
[HELPING] Max messages sent per node: 9577.0
[HELPING] Variance of messages sent per node: 1781646.515789479
[HELPING] StD of messages sent per node: 1334.7833216629128
[HELPING] Nodes with incomplete playbacks: 13
[HELPING] Packet Loss: 29.4
[HELPING] Min % of not played chunks: 0.0
[HELPING] Max % of not played chunks: 99.0
[HELPING] Not played chunks [chunk-id/nodes]: {1=7, 2=7, 3=6, 4=7, 5=8, 6=5, 7=6, 8=6, 9=4, 10=6, 11=6, 12=4, 13=7, 14=6, 15=6, 17=6, 16=8, 19=5, 18=6, 21=8, 20=5, 23=6, 22=6, 25=6, 24=7, 27=4, 26=3, 29=5, 28=5, 31=7, 30=3, 34=6, 35=4, 32=6, 33=4, 38=4, 39=4, 36=7, 37=6, 42=6, 43=5, 40=8, 41=7, 46=6, 47=6, 44=5, 45=5, 51=6, 50=5, 49=5, 48=7, 55=4, 54=6, 53=7, 52=6, 59=9, 58=6, 57=8, 56=5, 63=5, 62=3, 61=8, 60=7, 68=5, 69=6, 70=8, 71=8, 64=6, 65=5, 66=4, 67=6, 76=5, 77=7, 78=4, 79=3, 72=5, 73=7, 74=5, 75=10, 85=5, 84=7, 87=6, 86=6, 81=7, 80=7, 83=5, 82=6, 93=5, 92=7, 95=7, 94=7, 89=7, 88=6, 91=8, 90=7, 98=6, 99=9, 96=5, 97=4}
[HELPING] Avg distance between not played chunks: 4.025125256715868
[HELPING] Min distance between not played chunks: 1.0
[HELPING] Max distance between not played chunks: 19.5

