Total chunks: 100
Nodes x chunk: 5
Total nodes: 57
Active nodes: 34
Started playbacks: 34
Not started playbacks node-ids: []
Playbacks time-window: 162
Missing chunks distribution [missed-chunks/nodes]: {0=33, 3=1}
Rejected chunks for ttl expiration [chunk-id/nodes]: 3 {0=5, 1=1, 2=1}
Rejected chunks for capacity limit [chunk-id/nodes]: 0 {}
bandwidthUtilUp: 0.013999833308836612
bandwidthUtilDown: 0.008049232537042386
Avg # of unsent chunk for max-retries: 0.0
Min # of unsent chunk for max-retries: 0.0
Max # of unsent chunk for max-retries: 0.0
Avg # of unsent chunk-reqs for max-retries: 0.0
Min # of unsent chunk-reqs for max-retries: 0.0
Max # of unsent chunk-reqs for max-retries: 0.0
Avg % of chunks received by Pastry: 9.235294117647058
Min % of chunks received by Pastry: 0.0
Max % of chunks received by Pastry: 17.0
StD of chunks received by Pastry: 4.506283986326085
Var of chunks received by Pastry: 20.30659536541891
Avg % of chunks received by StarStream: 89.8529411764706
Min % of chunks received by StarStream: 82.0
Max % of chunks received by StarStream: 100.0
StD of chunks received by StarStream: 4.684806861522374
Var of chunks received by StarStream: 21.947415329767118
[NONMOJO] Startup Delay: 101.91176470588235
[MOJO] Startup Delay: 71.2
[MOJO] Latency: 8.85878307024153
Min of perceived avg chunk delivery-time: 7.8
Max of perceived avg chunk delivery-time: 11.272727272727273
Variance of perceived avg chunk delivery-time: 0.7005861899301411
StD of perceived avg chunk delivery-time: 0.8370102687124819
Avg messages sent per node: 6691.382352941177
Min messages sent per node: 3811.0
Max messages sent per node: 9264.0
Variance of messages sent per node: 2554381.516042785
StD of messages sent per node: 1598.2432593453302
Nodes with incomplete playbacks: 27
[MOJO] Continuity Index: 59.38235294117647
[MOJO] Packet Loss: 40.61764705882353
Min % of not played chunks: 0.0
Max % of not played chunks: 99.0
Not played chunks [chunk-id/nodes]: {1=16, 2=12, 3=15, 4=14, 5=9, 6=12, 7=14, 8=12, 9=17, 10=14, 11=13, 12=12, 13=16, 14=14, 15=10, 17=11, 16=16, 19=11, 18=11, 21=14, 20=16, 23=13, 22=18, 25=13, 24=12, 27=13, 26=12, 29=16, 28=14, 31=15, 30=14, 34=11, 35=15, 32=17, 33=13, 38=11, 39=14, 36=12, 37=14, 42=16, 43=17, 40=14, 41=13, 46=15, 47=17, 44=17, 45=15, 51=14, 50=12, 49=12, 48=15, 55=12, 54=16, 53=14, 52=15, 59=11, 58=15, 57=15, 56=9, 63=16, 62=15, 61=12, 60=14, 68=15, 69=14, 70=11, 71=11, 64=14, 65=16, 66=16, 67=12, 76=16, 77=15, 78=16, 79=15, 72=18, 73=13, 74=13, 75=14, 85=14, 84=12, 87=10, 86=16, 81=14, 80=13, 83=16, 82=16, 93=14, 92=17, 95=13, 94=14, 89=15, 88=19, 91=16, 90=10, 98=14, 99=15, 96=15, 97=12}
Avg distance between not played chunks: 2.850508434746735
Min distance between not played chunks: 1.0
Max distance between not played chunks: 9.2

HELPING PEERS LOG

[HELPING] Active nodes: 23
[HELPING] Started playbacks: 23
[HELPING] Not started playbacks node-ids: []
[HELPING] Playbacks time-window: 122
[HELPING] Missing chunks distribution [missed-chunks/nodes]: {0=19, 1=4}
[HELPING] Rejected chunks for ttl expiration [chunk-id/nodes]: 2 {0=4, 1=4}
[HELPING] Rejected chunks for capacity limit [chunk-id/nodes]: 0 {}
[HELPING] bandwidthUtilUp: 0.014520712976206633
[HELPING] bandwidthUtilDown: 0.008193250064315503
[HELPING] Avg # of unsent chunk for max-retries: 0.0
[HELPING] Min # of unsent chunk for max-retries: 0.0
[HELPING] Max # of unsent chunk for max-retries: 0.0
[HELPING] Avg # of unsent chunk-reqs for max-retries: 0.0
[HELPING] Min # of unsent chunk-reqs for max-retries: 0.0
[HELPING] Max # of unsent chunk-reqs for max-retries: 0.0
[HELPING] Avg % of chunks received by Pastry: 7.608695652173913
[HELPING] Min % of chunks received by Pastry: 0.0
[HELPING] Max % of chunks received by Pastry: 13.0
[HELPING] StD of chunks received by Pastry: 4.619515228746042
[HELPING] Var of chunks received by Pastry: 21.339920948616598
[HELPING] Avg % of chunks received by StarStream: 91.47826086956522
[HELPING] Min % of chunks received by StarStream: 86.0
[HELPING] Max % of chunks received by StarStream: 100.0
[HELPING] StD of chunks received by StarStream: 4.775596728229161
[HELPING] Var of chunks received by StarStream: 22.806324110673067
[HELPING] Startup Delay: 115.78260869565217
[HELPING] Latency: 8.979574090505766
[HELPING] Min of perceived avg chunk delivery-time: 7.83
[HELPING] Max of perceived avg chunk delivery-time: 11.122448979591837
[HELPING] Variance of perceived avg chunk delivery-time: 0.6192699889347356
[HELPING] StD of perceived avg chunk delivery-time: 0.7869370933783307
[HELPING] Avg messages sent per node: 6313.95652173913
[HELPING] Min messages sent per node: 4024.0
[HELPING] Max messages sent per node: 8967.0
[HELPING] Variance of messages sent per node: 1524668.8616600828
[HELPING] StD of messages sent per node: 1234.7748222490134
[HELPING] Nodes with incomplete playbacks: 18
[HELPING] Packet Loss: 21.08695652173913
[HELPING] Min % of not played chunks: 0.0
[HELPING] Max % of not played chunks: 98.0
[HELPING] Not played chunks [chunk-id/nodes]: {1=10, 2=4, 3=5, 4=5, 5=4, 6=3, 7=4, 8=6, 9=6, 10=3, 11=5, 12=3, 13=5, 14=3, 15=5, 17=4, 16=3, 19=2, 18=6, 21=3, 20=7, 23=4, 22=4, 25=4, 24=3, 27=5, 26=4, 29=6, 28=3, 31=4, 30=6, 34=5, 35=3, 32=1, 33=4, 38=4, 39=4, 36=5, 37=5, 42=5, 43=7, 40=3, 41=6, 46=5, 47=5, 44=5, 45=6, 51=5, 50=6, 49=4, 48=5, 55=3, 54=6, 53=9, 52=3, 59=7, 58=6, 57=6, 56=4, 63=5, 62=6, 61=7, 60=5, 68=4, 69=3, 70=3, 71=2, 64=8, 65=6, 66=7, 67=3, 76=6, 77=7, 78=7, 79=8, 72=4, 73=3, 74=8, 75=4, 85=4, 84=3, 87=5, 86=5, 81=7, 80=6, 83=4, 82=3, 93=5, 92=8, 95=5, 94=3, 89=5, 88=7, 91=6, 90=7, 98=3, 99=6, 96=7, 97=4}
[HELPING] Avg distance between not played chunks: 7.523656516838117
[HELPING] Min distance between not played chunks: 1.0103092783505154
[HELPING] Max distance between not played chunks: 28.333333333333332

