Total chunks: 100
Nodes x chunk: 5
Total nodes: 36
Active nodes: 36
Started playbacks: 36
Not started playbacks node-ids: []
Playbacks time-window: 197
Missing chunks distribution [missed-chunks/nodes]: {0=34, 1=1, 3=1}
Rejected chunks for ttl expiration [chunk-id/nodes]: 2 {1=2, 2=1}
Rejected chunks for capacity limit [chunk-id/nodes]: 0 {}
bandwidthUtilUp: 0.010571508259625634
bandwidthUtilDown: 0.0062755492442588354
Avg # of unsent chunk for max-retries: 0.0
Min # of unsent chunk for max-retries: 0.0
Max # of unsent chunk for max-retries: 0.0
Avg # of unsent chunk-reqs for max-retries: 0.0
Min # of unsent chunk-reqs for max-retries: 0.0
Max # of unsent chunk-reqs for max-retries: 0.0
Avg % of chunks received by Pastry: 13.36111111111111
Min % of chunks received by Pastry: 1.0
Max % of chunks received by Pastry: 24.0
StD of chunks received by Pastry: 7.148037803792342
Var of chunks received by Pastry: 51.094444444444456
Avg % of chunks received by StarStream: 85.75
Min % of chunks received by StarStream: 75.0
Max % of chunks received by StarStream: 99.0
StD of chunks received by StarStream: 7.200694410957905
Var of chunks received by StarStream: 51.85000000000041
[NONMOJO] Startup Delay: 71.08333333333333
[MOJO] Startup Delay: 79.0
[MOJO] Latency: 9.24587293794952
Min of perceived avg chunk delivery-time: 7.26
Max of perceived avg chunk delivery-time: 14.090909090909092
Variance of perceived avg chunk delivery-time: 1.4737333071539978
StD of perceived avg chunk delivery-time: 1.213974178948629
Avg messages sent per node: 2665.6111111111113
Min messages sent per node: 1597.0
Max messages sent per node: 4741.0
Variance of messages sent per node: 557550.9301587293
StD of messages sent per node: 746.6933307313849
Nodes with incomplete playbacks: 21
[MOJO] Continuity Index: 74.83333333333333
[MOJO] Packet Loss: 25.166666666666668
Min % of not played chunks: 0.0
Max % of not played chunks: 99.0
Not played chunks [chunk-id/nodes]: {1=9, 2=9, 3=9, 4=10, 5=10, 6=9, 7=10, 8=6, 9=6, 10=10, 11=9, 12=8, 13=8, 14=7, 15=9, 17=9, 16=11, 19=7, 18=6, 21=11, 20=8, 23=7, 22=7, 25=9, 24=11, 27=8, 26=10, 29=8, 28=7, 31=11, 30=9, 34=7, 35=11, 32=13, 33=9, 38=8, 39=7, 36=8, 37=8, 42=7, 43=7, 40=9, 41=9, 46=10, 47=13, 44=8, 45=10, 51=10, 50=14, 49=10, 48=17, 55=7, 54=9, 53=8, 52=6, 59=7, 58=10, 57=7, 56=11, 63=12, 62=11, 61=7, 60=11, 68=8, 69=12, 70=8, 71=6, 64=12, 65=9, 66=8, 67=11, 76=8, 77=10, 78=11, 79=10, 72=12, 73=9, 74=10, 75=6, 85=11, 84=10, 87=7, 86=10, 81=10, 80=7, 83=8, 82=8, 93=9, 92=9, 95=10, 94=7, 89=11, 88=13, 91=9, 90=13, 98=7, 99=9, 96=9, 97=10}
Avg distance between not played chunks: 4.079278822106902
Min distance between not played chunks: 1.0
Max distance between not played chunks: 17.666666666666668

HELPING PEERS LOG

[HELPING] Active nodes: 0
[HELPING] Started playbacks: 0
[HELPING] Not started playbacks node-ids: []
[HELPING] Playbacks time-window: -9223372036854775807
[HELPING] Missing chunks distribution [missed-chunks/nodes]: {}
[HELPING] Rejected chunks for ttl expiration [chunk-id/nodes]: 0 {}
[HELPING] Rejected chunks for capacity limit [chunk-id/nodes]: 0 {}
[HELPING] bandwidthUtilUp: NaN
[HELPING] bandwidthUtilDown: NaN
[HELPING] Avg # of unsent chunk for max-retries: NaN
[HELPING] Min # of unsent chunk for max-retries: Infinity
[HELPING] Max # of unsent chunk for max-retries: -Infinity
[HELPING] Avg # of unsent chunk-reqs for max-retries: NaN
[HELPING] Min # of unsent chunk-reqs for max-retries: Infinity
[HELPING] Max # of unsent chunk-reqs for max-retries: -Infinity
[HELPING] Avg % of chunks received by Pastry: NaN
[HELPING] Min % of chunks received by Pastry: Infinity
[HELPING] Max % of chunks received by Pastry: -Infinity
[HELPING] StD of chunks received by Pastry: 0.0
[HELPING] Var of chunks received by Pastry: 0.0
[HELPING] Avg % of chunks received by StarStream: NaN
[HELPING] Min % of chunks received by StarStream: Infinity
[HELPING] Max % of chunks received by StarStream: -Infinity
[HELPING] StD of chunks received by StarStream: 0.0
[HELPING] Var of chunks received by StarStream: 0.0
[HELPING] Latency: NaN
[HELPING] Min of perceived avg chunk delivery-time: Infinity
[HELPING] Max of perceived avg chunk delivery-time: -Infinity
[HELPING] Variance of perceived avg chunk delivery-time: 0.0
[HELPING] StD of perceived avg chunk delivery-time: 0.0
[HELPING] Avg messages sent per node: NaN
[HELPING] Min messages sent per node: Infinity
[HELPING] Max messages sent per node: -Infinity
[HELPING] Variance of messages sent per node: 0.0
[HELPING] StD of messages sent per node: 0.0
[HELPING] Nodes with incomplete playbacks: 0
[HELPING] Packet Loss: NaN
[HELPING] Min % of not played chunks: Infinity
[HELPING] Max % of not played chunks: -Infinity
[HELPING] Not played chunks [chunk-id/nodes]: {}
[HELPING] Avg distance between not played chunks: NaN
[HELPING] Min distance between not played chunks: Infinity
[HELPING] Max distance between not played chunks: -Infinity

