Total chunks: 100
Nodes x chunk: 5
Total nodes: 36
Active nodes: 36
Started playbacks: 36
Not started playbacks node-ids: []
Playbacks time-window: 162
Missing chunks distribution [missed-chunks/nodes]: {0=31, 1=3, 2=1, 3=1}
Rejected chunks for ttl expiration [chunk-id/nodes]: 4 {1=4, 2=1, 55=1, 90=1}
Rejected chunks for capacity limit [chunk-id/nodes]: 0 {}
bandwidthUtilUp: 0.010170965320791321
bandwidthUtilDown: 0.005875527942238142
Avg # of unsent chunk for max-retries: 0.0
Min # of unsent chunk for max-retries: 0.0
Max # of unsent chunk for max-retries: 0.0
Avg # of unsent chunk-reqs for max-retries: 0.0
Min # of unsent chunk-reqs for max-retries: 0.0
Max # of unsent chunk-reqs for max-retries: 0.0
Avg % of chunks received by Pastry: 10.13888888888889
Min % of chunks received by Pastry: 0.0
Max % of chunks received by Pastry: 23.0
StD of chunks received by Pastry: 7.441784646854457
Var of chunks received by Pastry: 55.38015873015872
Avg % of chunks received by StarStream: 89.08333333333333
Min % of chunks received by StarStream: 76.0
Max % of chunks received by StarStream: 100.0
StD of chunks received by StarStream: 7.575807359143799
Var of chunks received by StarStream: 57.392857142857345
[NONMOJO] Startup Delay: 78.44444444444444
[MOJO] Startup Delay: 86.6
[MOJO] Latency: 9.974667659246698
Min of perceived avg chunk delivery-time: 6.59
Max of perceived avg chunk delivery-time: 13.626262626262626
Variance of perceived avg chunk delivery-time: 2.828695231284135
StD of perceived avg chunk delivery-time: 1.6818725371692516
Avg messages sent per node: 2346.5833333333335
Min messages sent per node: 1449.0
Max messages sent per node: 3602.0
Variance of messages sent per node: 257562.4785714278
StD of messages sent per node: 507.50613648647425
Nodes with incomplete playbacks: 21
[MOJO] Continuity Index: 72.86111111111111
[MOJO] Packet Loss: 27.13888888888889
Min % of not played chunks: 0.0
Max % of not played chunks: 99.0
Not played chunks [chunk-id/nodes]: {1=14, 2=12, 3=9, 4=11, 5=10, 6=11, 7=12, 8=11, 9=8, 10=10, 11=10, 12=9, 13=9, 14=9, 15=10, 17=11, 16=8, 19=10, 18=12, 21=8, 20=8, 23=11, 22=10, 25=7, 24=10, 27=11, 26=9, 29=8, 28=11, 31=11, 30=9, 34=11, 35=9, 32=8, 33=9, 38=11, 39=9, 36=9, 37=10, 42=11, 43=11, 40=11, 41=12, 46=9, 47=12, 44=9, 45=9, 51=9, 50=11, 49=9, 48=11, 55=12, 54=9, 53=10, 52=10, 59=10, 58=8, 57=9, 56=10, 63=10, 62=8, 61=10, 60=12, 68=9, 69=10, 70=10, 71=12, 64=7, 65=9, 66=10, 67=10, 76=13, 77=9, 78=11, 79=11, 72=11, 73=9, 74=11, 75=10, 85=10, 84=8, 87=9, 86=7, 81=11, 80=8, 83=12, 82=8, 93=11, 92=8, 95=9, 94=10, 89=9, 88=9, 91=9, 90=9, 98=10, 99=12, 96=9, 97=10}
Avg distance between not played chunks: 7.833652630421998
Min distance between not played chunks: 1.0
Max distance between not played chunks: 89.0

HELPING PEERS LOG

[HELPING] Active nodes: 0
[HELPING] Started playbacks: 0
[HELPING] Not started playbacks node-ids: []
[HELPING] Playbacks time-window: -9223372036854775807
[HELPING] Missing chunks distribution [missed-chunks/nodes]: {}
[HELPING] Rejected chunks for ttl expiration [chunk-id/nodes]: 0 {}
[HELPING] Rejected chunks for capacity limit [chunk-id/nodes]: 0 {}
[HELPING] bandwidthUtilUp: NaN
[HELPING] bandwidthUtilDown: NaN
[HELPING] Avg # of unsent chunk for max-retries: NaN
[HELPING] Min # of unsent chunk for max-retries: Infinity
[HELPING] Max # of unsent chunk for max-retries: -Infinity
[HELPING] Avg # of unsent chunk-reqs for max-retries: NaN
[HELPING] Min # of unsent chunk-reqs for max-retries: Infinity
[HELPING] Max # of unsent chunk-reqs for max-retries: -Infinity
[HELPING] Avg % of chunks received by Pastry: NaN
[HELPING] Min % of chunks received by Pastry: Infinity
[HELPING] Max % of chunks received by Pastry: -Infinity
[HELPING] StD of chunks received by Pastry: 0.0
[HELPING] Var of chunks received by Pastry: 0.0
[HELPING] Avg % of chunks received by StarStream: NaN
[HELPING] Min % of chunks received by StarStream: Infinity
[HELPING] Max % of chunks received by StarStream: -Infinity
[HELPING] StD of chunks received by StarStream: 0.0
[HELPING] Var of chunks received by StarStream: 0.0
[HELPING] Latency: NaN
[HELPING] Min of perceived avg chunk delivery-time: Infinity
[HELPING] Max of perceived avg chunk delivery-time: -Infinity
[HELPING] Variance of perceived avg chunk delivery-time: 0.0
[HELPING] StD of perceived avg chunk delivery-time: 0.0
[HELPING] Avg messages sent per node: NaN
[HELPING] Min messages sent per node: Infinity
[HELPING] Max messages sent per node: -Infinity
[HELPING] Variance of messages sent per node: 0.0
[HELPING] StD of messages sent per node: 0.0
[HELPING] Nodes with incomplete playbacks: 0
[HELPING] Packet Loss: NaN
[HELPING] Min % of not played chunks: Infinity
[HELPING] Max % of not played chunks: -Infinity
[HELPING] Not played chunks [chunk-id/nodes]: {}
[HELPING] Avg distance between not played chunks: NaN
[HELPING] Min distance between not played chunks: Infinity
[HELPING] Max distance between not played chunks: -Infinity

