Total chunks: 100
Nodes x chunk: 5
Total nodes: 36
Active nodes: 36
Started playbacks: 36
Not started playbacks node-ids: []
Playbacks time-window: 800
Missing chunks distribution [missed-chunks/nodes]: {0=31, 16=1, 1=4}
Rejected chunks for ttl expiration [chunk-id/nodes]: 16 {0=8, 1=5, 2=1, 3=1, 4=1, 5=1, 6=1, 7=1, 8=1, 9=1, 10=1, 11=1, 12=1, 13=1, 14=1, 15=1}
Rejected chunks for capacity limit [chunk-id/nodes]: 0 {}
bandwidthUtilUp: 0.013332676035239367
bandwidthUtilDown: 0.008522034127893319
Avg # of unsent chunk for max-retries: 0.0
Min # of unsent chunk for max-retries: 0.0
Max # of unsent chunk for max-retries: 0.0
Avg # of unsent chunk-reqs for max-retries: 0.0
Min # of unsent chunk-reqs for max-retries: 0.0
Max # of unsent chunk-reqs for max-retries: 0.0
Avg % of chunks received by Pastry: 8.61111111111111
Min % of chunks received by Pastry: 0.0
Max % of chunks received by Pastry: 19.0
StD of chunks received by Pastry: 5.958320845807761
Var of chunks received by Pastry: 35.501587301587314
Avg % of chunks received by StarStream: 90.55555555555556
Min % of chunks received by StarStream: 80.0
Max % of chunks received by StarStream: 100.0
StD of chunks received by StarStream: 6.189597007165322
Var of chunks received by StarStream: 38.31111111110991
[NONMOJO] Startup Delay: 92.44444444444444
[MOJO] Startup Delay: 58.4
[MOJO] Latency: 7.568231636088778
Min of perceived avg chunk delivery-time: 5.81
Max of perceived avg chunk delivery-time: 9.171717171717171
Variance of perceived avg chunk delivery-time: 0.5855451056568556
StD of perceived avg chunk delivery-time: 0.7652091907817467
Avg messages sent per node: 5795.055555555556
Min messages sent per node: 2369.0
Max messages sent per node: 10170.0
Variance of messages sent per node: 3366483.425396819
StD of messages sent per node: 1834.797924948908
Nodes with incomplete playbacks: 20
[MOJO] Continuity Index: 74.08333333333333
[MOJO] Packet Loss: 25.916666666666668
Min % of not played chunks: 0.0
Max % of not played chunks: 99.0
Not played chunks [chunk-id/nodes]: {1=15, 2=11, 3=9, 4=10, 5=9, 6=10, 7=10, 8=9, 9=10, 10=10, 11=9, 12=10, 13=10, 14=11, 15=9, 17=7, 16=8, 19=10, 18=9, 21=8, 20=10, 23=7, 22=9, 25=10, 24=7, 27=8, 26=9, 29=10, 28=11, 31=10, 30=10, 34=7, 35=10, 32=10, 33=10, 38=9, 39=7, 36=9, 37=8, 42=10, 43=10, 40=9, 41=8, 46=8, 47=12, 44=9, 45=9, 51=9, 50=11, 49=8, 48=9, 55=10, 54=9, 53=10, 52=11, 59=10, 58=11, 57=10, 56=12, 63=8, 62=7, 61=10, 60=11, 68=11, 69=9, 70=10, 71=9, 64=10, 65=10, 66=9, 67=9, 76=11, 77=9, 78=9, 79=7, 72=9, 73=9, 74=8, 75=10, 85=10, 84=10, 87=10, 86=7, 81=9, 80=11, 83=9, 82=10, 93=10, 92=9, 95=10, 94=10, 89=10, 88=8, 91=9, 90=9, 98=11, 99=8, 96=9, 97=9}
Avg distance between not played chunks: 4.2591129066059175
Min distance between not played chunks: 1.0
Max distance between not played chunks: 19.0

HELPING PEERS LOG

[HELPING] Active nodes: 0
[HELPING] Started playbacks: 0
[HELPING] Not started playbacks node-ids: []
[HELPING] Playbacks time-window: -9223372036854775807
[HELPING] Missing chunks distribution [missed-chunks/nodes]: {}
[HELPING] Rejected chunks for ttl expiration [chunk-id/nodes]: 0 {}
[HELPING] Rejected chunks for capacity limit [chunk-id/nodes]: 0 {}
[HELPING] bandwidthUtilUp: NaN
[HELPING] bandwidthUtilDown: NaN
[HELPING] Avg # of unsent chunk for max-retries: NaN
[HELPING] Min # of unsent chunk for max-retries: Infinity
[HELPING] Max # of unsent chunk for max-retries: -Infinity
[HELPING] Avg # of unsent chunk-reqs for max-retries: NaN
[HELPING] Min # of unsent chunk-reqs for max-retries: Infinity
[HELPING] Max # of unsent chunk-reqs for max-retries: -Infinity
[HELPING] Avg % of chunks received by Pastry: NaN
[HELPING] Min % of chunks received by Pastry: Infinity
[HELPING] Max % of chunks received by Pastry: -Infinity
[HELPING] StD of chunks received by Pastry: 0.0
[HELPING] Var of chunks received by Pastry: 0.0
[HELPING] Avg % of chunks received by StarStream: NaN
[HELPING] Min % of chunks received by StarStream: Infinity
[HELPING] Max % of chunks received by StarStream: -Infinity
[HELPING] StD of chunks received by StarStream: 0.0
[HELPING] Var of chunks received by StarStream: 0.0
[HELPING] Latency: NaN
[HELPING] Min of perceived avg chunk delivery-time: Infinity
[HELPING] Max of perceived avg chunk delivery-time: -Infinity
[HELPING] Variance of perceived avg chunk delivery-time: 0.0
[HELPING] StD of perceived avg chunk delivery-time: 0.0
[HELPING] Avg messages sent per node: NaN
[HELPING] Min messages sent per node: Infinity
[HELPING] Max messages sent per node: -Infinity
[HELPING] Variance of messages sent per node: 0.0
[HELPING] StD of messages sent per node: 0.0
[HELPING] Nodes with incomplete playbacks: 0
[HELPING] Packet Loss: NaN
[HELPING] Min % of not played chunks: Infinity
[HELPING] Max % of not played chunks: -Infinity
[HELPING] Not played chunks [chunk-id/nodes]: {}
[HELPING] Avg distance between not played chunks: NaN
[HELPING] Min distance between not played chunks: Infinity
[HELPING] Max distance between not played chunks: -Infinity

