Total chunks: 100
Nodes x chunk: 5
Total nodes: 36
Active nodes: 36
Started playbacks: 36
Not started playbacks node-ids: []
Playbacks time-window: 117
Missing chunks distribution [missed-chunks/nodes]: {0=35, 1=1}
Rejected chunks for ttl expiration [chunk-id/nodes]: 2 {0=9, 1=1}
Rejected chunks for capacity limit [chunk-id/nodes]: 0 {}
bandwidthUtilUp: 0.01277810790423216
bandwidthUtilDown: 0.00795085307433321
Avg # of unsent chunk for max-retries: 0.0
Min # of unsent chunk for max-retries: 0.0
Max # of unsent chunk for max-retries: 0.0
Avg # of unsent chunk-reqs for max-retries: 0.0
Min # of unsent chunk-reqs for max-retries: 0.0
Max # of unsent chunk-reqs for max-retries: 0.0
Avg % of chunks received by Pastry: 7.444444444444445
Min % of chunks received by Pastry: 0.0
Max % of chunks received by Pastry: 20.0
StD of chunks received by Pastry: 5.28309673497572
Var of chunks received by Pastry: 27.91111111111111
Avg % of chunks received by StarStream: 91.69444444444444
Min % of chunks received by StarStream: 79.0
Max % of chunks received by StarStream: 100.0
StD of chunks received by StarStream: 5.38155285313731
Var of chunks received by StarStream: 28.961111111110323
[NONMOJO] Startup Delay: 68.58333333333333
[MOJO] Startup Delay: 61.0
[MOJO] Latency: 7.909651560961085
Min of perceived avg chunk delivery-time: 6.25
Max of perceived avg chunk delivery-time: 9.323232323232324
Variance of perceived avg chunk delivery-time: 0.46017843143369935
StD of perceived avg chunk delivery-time: 0.6783645269570774
Avg messages sent per node: 4862.722222222223
Min messages sent per node: 1957.0
Max messages sent per node: 8388.0
Variance of messages sent per node: 2990007.0063492022
StD of messages sent per node: 1729.1636725160527
Nodes with incomplete playbacks: 17
[MOJO] Continuity Index: 73.33333333333333
[MOJO] Packet Loss: 26.666666666666668
Min % of not played chunks: 0.0
Max % of not played chunks: 99.0
Not played chunks [chunk-id/nodes]: {1=10, 2=10, 3=10, 4=10, 5=8, 6=9, 7=8, 8=8, 9=10, 10=11, 11=10, 12=11, 13=9, 14=8, 15=9, 17=10, 16=8, 19=11, 18=10, 21=8, 20=10, 23=8, 22=9, 25=9, 24=12, 27=9, 26=9, 29=10, 28=9, 31=11, 30=10, 34=7, 35=8, 32=11, 33=9, 38=11, 39=11, 36=8, 37=12, 42=10, 43=11, 40=7, 41=10, 46=11, 47=8, 44=8, 45=10, 51=11, 50=10, 49=10, 48=10, 55=7, 54=10, 53=10, 52=10, 59=8, 58=8, 57=11, 56=10, 63=9, 62=8, 61=10, 60=9, 68=9, 69=13, 70=11, 71=9, 64=9, 65=9, 66=10, 67=12, 76=14, 77=10, 78=9, 79=11, 72=8, 73=11, 74=7, 75=9, 85=10, 84=9, 87=9, 86=11, 81=9, 80=9, 83=9, 82=12, 93=10, 92=12, 95=11, 94=11, 89=8, 88=10, 91=10, 90=12, 98=11, 99=9, 96=9, 97=11}
Avg distance between not played chunks: 2.520665079109733
Min distance between not played chunks: 1.0
Max distance between not played chunks: 10.333333333333334

HELPING PEERS LOG

[HELPING] Active nodes: 0
[HELPING] Started playbacks: 0
[HELPING] Not started playbacks node-ids: []
[HELPING] Playbacks time-window: -9223372036854775807
[HELPING] Missing chunks distribution [missed-chunks/nodes]: {}
[HELPING] Rejected chunks for ttl expiration [chunk-id/nodes]: 0 {}
[HELPING] Rejected chunks for capacity limit [chunk-id/nodes]: 0 {}
[HELPING] bandwidthUtilUp: NaN
[HELPING] bandwidthUtilDown: NaN
[HELPING] Avg # of unsent chunk for max-retries: NaN
[HELPING] Min # of unsent chunk for max-retries: Infinity
[HELPING] Max # of unsent chunk for max-retries: -Infinity
[HELPING] Avg # of unsent chunk-reqs for max-retries: NaN
[HELPING] Min # of unsent chunk-reqs for max-retries: Infinity
[HELPING] Max # of unsent chunk-reqs for max-retries: -Infinity
[HELPING] Avg % of chunks received by Pastry: NaN
[HELPING] Min % of chunks received by Pastry: Infinity
[HELPING] Max % of chunks received by Pastry: -Infinity
[HELPING] StD of chunks received by Pastry: 0.0
[HELPING] Var of chunks received by Pastry: 0.0
[HELPING] Avg % of chunks received by StarStream: NaN
[HELPING] Min % of chunks received by StarStream: Infinity
[HELPING] Max % of chunks received by StarStream: -Infinity
[HELPING] StD of chunks received by StarStream: 0.0
[HELPING] Var of chunks received by StarStream: 0.0
[HELPING] Latency: NaN
[HELPING] Min of perceived avg chunk delivery-time: Infinity
[HELPING] Max of perceived avg chunk delivery-time: -Infinity
[HELPING] Variance of perceived avg chunk delivery-time: 0.0
[HELPING] StD of perceived avg chunk delivery-time: 0.0
[HELPING] Avg messages sent per node: NaN
[HELPING] Min messages sent per node: Infinity
[HELPING] Max messages sent per node: -Infinity
[HELPING] Variance of messages sent per node: 0.0
[HELPING] StD of messages sent per node: 0.0
[HELPING] Nodes with incomplete playbacks: 0
[HELPING] Packet Loss: NaN
[HELPING] Min % of not played chunks: Infinity
[HELPING] Max % of not played chunks: -Infinity
[HELPING] Not played chunks [chunk-id/nodes]: {}
[HELPING] Avg distance between not played chunks: NaN
[HELPING] Min distance between not played chunks: Infinity
[HELPING] Max distance between not played chunks: -Infinity

