Total chunks: 100
Nodes x chunk: 5
Total nodes: 36
Active nodes: 36
Started playbacks: 36
Not started playbacks node-ids: []
Playbacks time-window: 211
Missing chunks distribution [missed-chunks/nodes]: {0=29, 1=3, 2=3, 4=1}
Rejected chunks for ttl expiration [chunk-id/nodes]: 3 {0=7, 1=5, 3=1}
Rejected chunks for capacity limit [chunk-id/nodes]: 0 {}
bandwidthUtilUp: 0.011392494490000602
bandwidthUtilDown: 0.006767080570558349
Avg # of unsent chunk for max-retries: 0.0
Min # of unsent chunk for max-retries: 0.0
Max # of unsent chunk for max-retries: 0.0
Avg # of unsent chunk-reqs for max-retries: 0.0
Min # of unsent chunk-reqs for max-retries: 0.0
Max # of unsent chunk-reqs for max-retries: 0.0
Avg % of chunks received by Pastry: 11.38888888888889
Min % of chunks received by Pastry: 0.0
Max % of chunks received by Pastry: 20.0
StD of chunks received by Pastry: 6.495175254548685
Var of chunks received by Pastry: 42.18730158730157
Avg % of chunks received by StarStream: 87.77777777777777
Min % of chunks received by StarStream: 80.0
Max % of chunks received by StarStream: 100.0
StD of chunks received by StarStream: 6.620794562204925
Var of chunks received by StarStream: 43.834920634922305
[NONMOJO] Startup Delay: 82.5
[MOJO] Startup Delay: 64.1
[MOJO] Latency: 9.131793344442151
Min of perceived avg chunk delivery-time: 7.21
Max of perceived avg chunk delivery-time: 11.88888888888889
Variance of perceived avg chunk delivery-time: 1.3876615962691499
StD of perceived avg chunk delivery-time: 1.177990490737998
Avg messages sent per node: 3127.5555555555557
Min messages sent per node: 1860.0
Max messages sent per node: 5806.0
Variance of messages sent per node: 975620.9968253961
StD of messages sent per node: 987.7352868179794
Nodes with incomplete playbacks: 25
[MOJO] Continuity Index: 75.02777777777777
[MOJO] Packet Loss: 24.97222222222222
Min % of not played chunks: 0.0
Max % of not played chunks: 99.0
Not played chunks [chunk-id/nodes]: {1=16, 2=13, 3=8, 4=8, 5=8, 6=7, 7=9, 8=8, 9=8, 10=7, 11=6, 12=6, 13=8, 14=10, 15=8, 17=8, 16=10, 19=7, 18=6, 21=7, 20=8, 23=7, 22=9, 25=9, 24=8, 27=6, 26=9, 29=8, 28=9, 31=8, 30=10, 34=7, 35=9, 32=8, 33=10, 38=9, 39=8, 36=10, 37=10, 42=11, 43=9, 40=9, 41=10, 46=9, 47=9, 44=10, 45=9, 51=10, 50=9, 49=10, 48=8, 55=7, 54=10, 53=11, 52=9, 59=9, 58=10, 57=12, 56=10, 63=10, 62=9, 61=12, 60=12, 68=9, 69=10, 70=11, 71=6, 64=9, 65=9, 66=11, 67=9, 76=9, 77=9, 78=9, 79=10, 72=10, 73=10, 74=11, 75=9, 85=9, 84=10, 87=10, 86=10, 81=8, 80=8, 83=9, 82=12, 93=5, 92=9, 95=10, 94=9, 89=9, 88=9, 91=12, 90=9, 98=7, 99=9, 96=9, 97=11}
Avg distance between not played chunks: 5.476372663465855
Min distance between not played chunks: 1.0
Max distance between not played chunks: 27.0

HELPING PEERS LOG

[HELPING] Active nodes: 0
[HELPING] Started playbacks: 0
[HELPING] Not started playbacks node-ids: []
[HELPING] Playbacks time-window: -9223372036854775807
[HELPING] Missing chunks distribution [missed-chunks/nodes]: {}
[HELPING] Rejected chunks for ttl expiration [chunk-id/nodes]: 0 {}
[HELPING] Rejected chunks for capacity limit [chunk-id/nodes]: 0 {}
[HELPING] bandwidthUtilUp: NaN
[HELPING] bandwidthUtilDown: NaN
[HELPING] Avg # of unsent chunk for max-retries: NaN
[HELPING] Min # of unsent chunk for max-retries: Infinity
[HELPING] Max # of unsent chunk for max-retries: -Infinity
[HELPING] Avg # of unsent chunk-reqs for max-retries: NaN
[HELPING] Min # of unsent chunk-reqs for max-retries: Infinity
[HELPING] Max # of unsent chunk-reqs for max-retries: -Infinity
[HELPING] Avg % of chunks received by Pastry: NaN
[HELPING] Min % of chunks received by Pastry: Infinity
[HELPING] Max % of chunks received by Pastry: -Infinity
[HELPING] StD of chunks received by Pastry: 0.0
[HELPING] Var of chunks received by Pastry: 0.0
[HELPING] Avg % of chunks received by StarStream: NaN
[HELPING] Min % of chunks received by StarStream: Infinity
[HELPING] Max % of chunks received by StarStream: -Infinity
[HELPING] StD of chunks received by StarStream: 0.0
[HELPING] Var of chunks received by StarStream: 0.0
[HELPING] Latency: NaN
[HELPING] Min of perceived avg chunk delivery-time: Infinity
[HELPING] Max of perceived avg chunk delivery-time: -Infinity
[HELPING] Variance of perceived avg chunk delivery-time: 0.0
[HELPING] StD of perceived avg chunk delivery-time: 0.0
[HELPING] Avg messages sent per node: NaN
[HELPING] Min messages sent per node: Infinity
[HELPING] Max messages sent per node: -Infinity
[HELPING] Variance of messages sent per node: 0.0
[HELPING] StD of messages sent per node: 0.0
[HELPING] Nodes with incomplete playbacks: 0
[HELPING] Packet Loss: NaN
[HELPING] Min % of not played chunks: Infinity
[HELPING] Max % of not played chunks: -Infinity
[HELPING] Not played chunks [chunk-id/nodes]: {}
[HELPING] Avg distance between not played chunks: NaN
[HELPING] Min distance between not played chunks: Infinity
[HELPING] Max distance between not played chunks: -Infinity

