Total chunks: 100
Nodes x chunk: 5
Total nodes: 36
Active nodes: 36
Started playbacks: 36
Not started playbacks node-ids: []
Playbacks time-window: 211
Missing chunks distribution [missed-chunks/nodes]: {0=29, 1=2, 2=3, 3=1, 4=1}
Rejected chunks for ttl expiration [chunk-id/nodes]: 4 {0=6, 1=4, 2=5, 3=1}
Rejected chunks for capacity limit [chunk-id/nodes]: 0 {}
bandwidthUtilUp: 0.011834666271559916
bandwidthUtilDown: 0.007179897217122925
Avg # of unsent chunk for max-retries: 0.0
Min # of unsent chunk for max-retries: 0.0
Max # of unsent chunk for max-retries: 0.0
Avg # of unsent chunk-reqs for max-retries: 0.0
Min # of unsent chunk-reqs for max-retries: 0.0
Max # of unsent chunk-reqs for max-retries: 0.0
Avg % of chunks received by Pastry: 10.11111111111111
Min % of chunks received by Pastry: 0.0
Max % of chunks received by Pastry: 20.0
StD of chunks received by Pastry: 5.745944049142232
Var of chunks received by Pastry: 33.015873015873034
Avg % of chunks received by StarStream: 88.97222222222223
Min % of chunks received by StarStream: 79.0
Max % of chunks received by StarStream: 100.0
StD of chunks received by StarStream: 5.882109005212748
Var of chunks received by StarStream: 34.599206349204906
[NONMOJO] Startup Delay: 80.61111111111111
[MOJO] Startup Delay: 83.3
[MOJO] Latency: 8.609271491403153
Min of perceived avg chunk delivery-time: 7.34
Max of perceived avg chunk delivery-time: 11.020408163265307
Variance of perceived avg chunk delivery-time: 0.8690896407409175
StD of perceived avg chunk delivery-time: 0.9322497737950477
Avg messages sent per node: 3813.8888888888887
Min messages sent per node: 1934.0
Max messages sent per node: 7022.0
Variance of messages sent per node: 1746204.0444444472
StD of messages sent per node: 1321.4401403182994
Nodes with incomplete playbacks: 25
[MOJO] Continuity Index: 73.94444444444444
[MOJO] Packet Loss: 26.055555555555557
Min % of not played chunks: 0.0
Max % of not played chunks: 99.0
Not played chunks [chunk-id/nodes]: {1=14, 2=15, 3=10, 4=9, 5=10, 6=10, 7=10, 8=11, 9=9, 10=10, 11=10, 12=10, 13=8, 14=8, 15=8, 17=10, 16=9, 19=8, 18=10, 21=9, 20=8, 23=9, 22=8, 25=9, 24=9, 27=7, 26=11, 29=11, 28=8, 31=11, 30=9, 34=9, 35=10, 32=8, 33=9, 38=11, 39=10, 36=9, 37=9, 42=10, 43=10, 40=10, 41=8, 46=13, 47=9, 44=12, 45=9, 51=9, 50=10, 49=11, 48=10, 55=8, 54=9, 53=8, 52=9, 59=9, 58=10, 57=9, 56=8, 63=9, 62=8, 61=10, 60=9, 68=11, 69=9, 70=11, 71=7, 64=10, 65=9, 66=11, 67=9, 76=11, 77=10, 78=9, 79=10, 72=10, 73=9, 74=10, 75=9, 85=7, 84=5, 87=11, 86=10, 81=11, 80=10, 83=10, 82=10, 93=10, 92=9, 95=9, 94=13, 89=8, 88=8, 91=10, 90=9, 98=8, 99=9, 96=8, 97=8}
Avg distance between not played chunks: 4.433184657116392
Min distance between not played chunks: 1.0
Max distance between not played chunks: 38.0

HELPING PEERS LOG

[HELPING] Active nodes: 0
[HELPING] Started playbacks: 0
[HELPING] Not started playbacks node-ids: []
[HELPING] Playbacks time-window: -9223372036854775807
[HELPING] Missing chunks distribution [missed-chunks/nodes]: {}
[HELPING] Rejected chunks for ttl expiration [chunk-id/nodes]: 0 {}
[HELPING] Rejected chunks for capacity limit [chunk-id/nodes]: 0 {}
[HELPING] bandwidthUtilUp: NaN
[HELPING] bandwidthUtilDown: NaN
[HELPING] Avg # of unsent chunk for max-retries: NaN
[HELPING] Min # of unsent chunk for max-retries: Infinity
[HELPING] Max # of unsent chunk for max-retries: -Infinity
[HELPING] Avg # of unsent chunk-reqs for max-retries: NaN
[HELPING] Min # of unsent chunk-reqs for max-retries: Infinity
[HELPING] Max # of unsent chunk-reqs for max-retries: -Infinity
[HELPING] Avg % of chunks received by Pastry: NaN
[HELPING] Min % of chunks received by Pastry: Infinity
[HELPING] Max % of chunks received by Pastry: -Infinity
[HELPING] StD of chunks received by Pastry: 0.0
[HELPING] Var of chunks received by Pastry: 0.0
[HELPING] Avg % of chunks received by StarStream: NaN
[HELPING] Min % of chunks received by StarStream: Infinity
[HELPING] Max % of chunks received by StarStream: -Infinity
[HELPING] StD of chunks received by StarStream: 0.0
[HELPING] Var of chunks received by StarStream: 0.0
[HELPING] Latency: NaN
[HELPING] Min of perceived avg chunk delivery-time: Infinity
[HELPING] Max of perceived avg chunk delivery-time: -Infinity
[HELPING] Variance of perceived avg chunk delivery-time: 0.0
[HELPING] StD of perceived avg chunk delivery-time: 0.0
[HELPING] Avg messages sent per node: NaN
[HELPING] Min messages sent per node: Infinity
[HELPING] Max messages sent per node: -Infinity
[HELPING] Variance of messages sent per node: 0.0
[HELPING] StD of messages sent per node: 0.0
[HELPING] Nodes with incomplete playbacks: 0
[HELPING] Packet Loss: NaN
[HELPING] Min % of not played chunks: Infinity
[HELPING] Max % of not played chunks: -Infinity
[HELPING] Not played chunks [chunk-id/nodes]: {}
[HELPING] Avg distance between not played chunks: NaN
[HELPING] Min distance between not played chunks: Infinity
[HELPING] Max distance between not played chunks: -Infinity

