Total chunks: 100
Nodes x chunk: 5
Total nodes: 36
Active nodes: 36
Started playbacks: 36
Not started playbacks node-ids: []
Playbacks time-window: 808
Missing chunks distribution [missed-chunks/nodes]: {0=33, 1=1, 7=1, 15=1}
Rejected chunks for ttl expiration [chunk-id/nodes]: 7 {0=10, 1=2, 2=1, 3=1, 4=1, 5=1, 6=1}
Rejected chunks for capacity limit [chunk-id/nodes]: 0 {}
bandwidthUtilUp: 0.012010092979210144
bandwidthUtilDown: 0.007703502741627632
Avg # of unsent chunk for max-retries: 0.0
Min # of unsent chunk for max-retries: 0.0
Max # of unsent chunk for max-retries: 0.0
Avg # of unsent chunk-reqs for max-retries: 0.0
Min # of unsent chunk-reqs for max-retries: 0.0
Max # of unsent chunk-reqs for max-retries: 0.0
Avg % of chunks received by Pastry: 8.222222222222221
Min % of chunks received by Pastry: 0.0
Max % of chunks received by Pastry: 27.0
StD of chunks received by Pastry: 6.06211236692346
Var of chunks received by Pastry: 36.749206349206354
Avg % of chunks received by StarStream: 90.91666666666667
Min % of chunks received by StarStream: 72.0
Max % of chunks received by StarStream: 100.0
StD of chunks received by StarStream: 6.221506478108161
Var of chunks received by StarStream: 38.70714285714181
[NONMOJO] Startup Delay: 102.94444444444444
[MOJO] Startup Delay: 78.7
[MOJO] Latency: 8.654008119050811
Min of perceived avg chunk delivery-time: 5.86
Max of perceived avg chunk delivery-time: 19.211764705882352
Variance of perceived avg chunk delivery-time: 4.042553442172491
StD of perceived avg chunk delivery-time: 2.010610216370267
Avg messages sent per node: 4172.0
Min messages sent per node: 2057.0
Max messages sent per node: 7419.0
Variance of messages sent per node: 2251648.9142857147
StD of messages sent per node: 1500.549537431442
Nodes with incomplete playbacks: 19
[MOJO] Continuity Index: 74.02777777777777
[MOJO] Packet Loss: 25.97222222222222
Min % of not played chunks: 0.0
Max % of not played chunks: 99.0
Not played chunks [chunk-id/nodes]: {1=14, 2=11, 3=9, 4=11, 5=9, 6=11, 7=11, 8=11, 9=11, 10=6, 11=11, 12=10, 13=9, 14=10, 15=10, 17=8, 16=7, 19=7, 18=9, 21=10, 20=7, 23=9, 22=8, 25=9, 24=9, 27=9, 26=10, 29=10, 28=9, 31=9, 30=9, 34=12, 35=10, 32=9, 33=9, 38=7, 39=11, 36=10, 37=6, 42=11, 43=12, 40=10, 41=8, 46=10, 47=10, 44=8, 45=11, 51=9, 50=9, 49=10, 48=9, 55=11, 54=9, 53=8, 52=10, 59=9, 58=9, 57=11, 56=7, 63=7, 62=7, 61=10, 60=9, 68=10, 69=10, 70=9, 71=11, 64=8, 65=11, 66=8, 67=11, 76=10, 77=9, 78=8, 79=9, 72=8, 73=9, 74=10, 75=9, 85=11, 84=11, 87=10, 86=6, 81=10, 80=9, 83=11, 82=9, 93=10, 92=11, 95=6, 94=10, 89=11, 88=11, 91=10, 90=9, 98=10, 99=10, 96=10, 97=9}
Avg distance between not played chunks: 3.9377592316265453
Min distance between not played chunks: 1.0
Max distance between not played chunks: 20.333333333333332

HELPING PEERS LOG

[HELPING] Active nodes: 0
[HELPING] Started playbacks: 0
[HELPING] Not started playbacks node-ids: []
[HELPING] Playbacks time-window: -9223372036854775807
[HELPING] Missing chunks distribution [missed-chunks/nodes]: {}
[HELPING] Rejected chunks for ttl expiration [chunk-id/nodes]: 0 {}
[HELPING] Rejected chunks for capacity limit [chunk-id/nodes]: 0 {}
[HELPING] bandwidthUtilUp: NaN
[HELPING] bandwidthUtilDown: NaN
[HELPING] Avg # of unsent chunk for max-retries: NaN
[HELPING] Min # of unsent chunk for max-retries: Infinity
[HELPING] Max # of unsent chunk for max-retries: -Infinity
[HELPING] Avg # of unsent chunk-reqs for max-retries: NaN
[HELPING] Min # of unsent chunk-reqs for max-retries: Infinity
[HELPING] Max # of unsent chunk-reqs for max-retries: -Infinity
[HELPING] Avg % of chunks received by Pastry: NaN
[HELPING] Min % of chunks received by Pastry: Infinity
[HELPING] Max % of chunks received by Pastry: -Infinity
[HELPING] StD of chunks received by Pastry: 0.0
[HELPING] Var of chunks received by Pastry: 0.0
[HELPING] Avg % of chunks received by StarStream: NaN
[HELPING] Min % of chunks received by StarStream: Infinity
[HELPING] Max % of chunks received by StarStream: -Infinity
[HELPING] StD of chunks received by StarStream: 0.0
[HELPING] Var of chunks received by StarStream: 0.0
[HELPING] Latency: NaN
[HELPING] Min of perceived avg chunk delivery-time: Infinity
[HELPING] Max of perceived avg chunk delivery-time: -Infinity
[HELPING] Variance of perceived avg chunk delivery-time: 0.0
[HELPING] StD of perceived avg chunk delivery-time: 0.0
[HELPING] Avg messages sent per node: NaN
[HELPING] Min messages sent per node: Infinity
[HELPING] Max messages sent per node: -Infinity
[HELPING] Variance of messages sent per node: 0.0
[HELPING] StD of messages sent per node: 0.0
[HELPING] Nodes with incomplete playbacks: 0
[HELPING] Packet Loss: NaN
[HELPING] Min % of not played chunks: Infinity
[HELPING] Max % of not played chunks: -Infinity
[HELPING] Not played chunks [chunk-id/nodes]: {}
[HELPING] Avg distance between not played chunks: NaN
[HELPING] Min distance between not played chunks: Infinity
[HELPING] Max distance between not played chunks: -Infinity

