Total chunks: 100
Nodes x chunk: 5
Total nodes: 36
Active nodes: 36
Started playbacks: 36
Not started playbacks node-ids: []
Playbacks time-window: 233
Missing chunks distribution [missed-chunks/nodes]: {0=33, 1=1, 3=1, 4=1}
Rejected chunks for ttl expiration [chunk-id/nodes]: 3 {1=3, 2=2, 3=1}
Rejected chunks for capacity limit [chunk-id/nodes]: 0 {}
bandwidthUtilUp: 0.013689948186466823
bandwidthUtilDown: 0.008075261751796136
Avg # of unsent chunk for max-retries: 0.0
Min # of unsent chunk for max-retries: 0.0
Max # of unsent chunk for max-retries: 0.0
Avg # of unsent chunk-reqs for max-retries: 0.0
Min # of unsent chunk-reqs for max-retries: 0.0
Max # of unsent chunk-reqs for max-retries: 0.0
Avg % of chunks received by Pastry: 7.166666666666667
Min % of chunks received by Pastry: 0.0
Max % of chunks received by Pastry: 19.0
StD of chunks received by Pastry: 5.374543169955404
Var of chunks received by Pastry: 28.88571428571428
Avg % of chunks received by StarStream: 92.05555555555556
Min % of chunks received by StarStream: 80.0
Max % of chunks received by StarStream: 100.0
StD of chunks received by StarStream: 5.6616224047501
Var of chunks received by StarStream: 32.0539682539683
[NONMOJO] Startup Delay: 77.30555555555556
[MOJO] Startup Delay: 70.5
[MOJO] Latency: 7.3425490497406924
Min of perceived avg chunk delivery-time: 6.16
Max of perceived avg chunk delivery-time: 9.303030303030303
Variance of perceived avg chunk delivery-time: 0.49896326210034897
StD of perceived avg chunk delivery-time: 0.7063733163847209
Avg messages sent per node: 6553.111111111111
Min messages sent per node: 3610.0
Max messages sent per node: 9571.0
Variance of messages sent per node: 2060431.9301587315
StD of messages sent per node: 1435.4204715548442
Nodes with incomplete playbacks: 19
[MOJO] Continuity Index: 74.97222222222223
[MOJO] Packet Loss: 25.02777777777778
Min % of not played chunks: 0.0
Max % of not played chunks: 99.0
Not played chunks [chunk-id/nodes]: {1=11, 2=12, 3=8, 4=9, 5=11, 6=8, 7=11, 8=7, 9=9, 10=11, 11=7, 12=7, 13=10, 14=8, 15=9, 17=8, 16=10, 19=7, 18=8, 21=10, 20=7, 23=9, 22=10, 25=10, 24=9, 27=7, 26=9, 29=7, 28=8, 31=10, 30=11, 34=10, 35=9, 32=11, 33=10, 38=9, 39=8, 36=10, 37=9, 42=6, 43=12, 40=8, 41=10, 46=8, 47=10, 44=9, 45=9, 51=9, 50=8, 49=8, 48=11, 55=8, 54=9, 53=8, 52=10, 59=7, 58=9, 57=11, 56=10, 63=6, 62=10, 61=8, 60=9, 68=8, 69=8, 70=11, 71=9, 64=10, 65=9, 66=7, 67=8, 76=10, 77=10, 78=9, 79=12, 72=10, 73=8, 74=9, 75=11, 85=12, 84=8, 87=11, 86=9, 81=9, 80=8, 83=10, 82=13, 93=9, 92=9, 95=8, 94=9, 89=9, 88=9, 91=7, 90=8, 98=8, 99=9, 96=9, 97=11}
Avg distance between not played chunks: 2.400062199063317
Min distance between not played chunks: 1.0
Max distance between not played chunks: 12.0

HELPING PEERS LOG

[HELPING] Active nodes: 0
[HELPING] Started playbacks: 0
[HELPING] Not started playbacks node-ids: []
[HELPING] Playbacks time-window: -9223372036854775807
[HELPING] Missing chunks distribution [missed-chunks/nodes]: {}
[HELPING] Rejected chunks for ttl expiration [chunk-id/nodes]: 0 {}
[HELPING] Rejected chunks for capacity limit [chunk-id/nodes]: 0 {}
[HELPING] bandwidthUtilUp: NaN
[HELPING] bandwidthUtilDown: NaN
[HELPING] Avg # of unsent chunk for max-retries: NaN
[HELPING] Min # of unsent chunk for max-retries: Infinity
[HELPING] Max # of unsent chunk for max-retries: -Infinity
[HELPING] Avg # of unsent chunk-reqs for max-retries: NaN
[HELPING] Min # of unsent chunk-reqs for max-retries: Infinity
[HELPING] Max # of unsent chunk-reqs for max-retries: -Infinity
[HELPING] Avg % of chunks received by Pastry: NaN
[HELPING] Min % of chunks received by Pastry: Infinity
[HELPING] Max % of chunks received by Pastry: -Infinity
[HELPING] StD of chunks received by Pastry: 0.0
[HELPING] Var of chunks received by Pastry: 0.0
[HELPING] Avg % of chunks received by StarStream: NaN
[HELPING] Min % of chunks received by StarStream: Infinity
[HELPING] Max % of chunks received by StarStream: -Infinity
[HELPING] StD of chunks received by StarStream: 0.0
[HELPING] Var of chunks received by StarStream: 0.0
[HELPING] Latency: NaN
[HELPING] Min of perceived avg chunk delivery-time: Infinity
[HELPING] Max of perceived avg chunk delivery-time: -Infinity
[HELPING] Variance of perceived avg chunk delivery-time: 0.0
[HELPING] StD of perceived avg chunk delivery-time: 0.0
[HELPING] Avg messages sent per node: NaN
[HELPING] Min messages sent per node: Infinity
[HELPING] Max messages sent per node: -Infinity
[HELPING] Variance of messages sent per node: 0.0
[HELPING] StD of messages sent per node: 0.0
[HELPING] Nodes with incomplete playbacks: 0
[HELPING] Packet Loss: NaN
[HELPING] Min % of not played chunks: Infinity
[HELPING] Max % of not played chunks: -Infinity
[HELPING] Not played chunks [chunk-id/nodes]: {}
[HELPING] Avg distance between not played chunks: NaN
[HELPING] Min distance between not played chunks: Infinity
[HELPING] Max distance between not played chunks: -Infinity

