Total chunks: 100
Nodes x chunk: 5
Total nodes: 72
Active nodes: 36
Started playbacks: 36
Not started playbacks node-ids: []
Playbacks time-window: 172
Missing chunks distribution [missed-chunks/nodes]: {0=35, 3=1}
Rejected chunks for ttl expiration [chunk-id/nodes]: 2 {1=1, 2=1}
Rejected chunks for capacity limit [chunk-id/nodes]: 0 {}
bandwidthUtilUp: 0.014209536916499553
bandwidthUtilDown: 0.008574561506219283
Avg # of unsent chunk for max-retries: 0.0
Min # of unsent chunk for max-retries: 0.0
Max # of unsent chunk for max-retries: 0.0
Avg # of unsent chunk-reqs for max-retries: 0.0
Min # of unsent chunk-reqs for max-retries: 0.0
Max # of unsent chunk-reqs for max-retries: 0.0
Avg % of chunks received by Pastry: 10.527777777777779
Min % of chunks received by Pastry: 1.0
Max % of chunks received by Pastry: 17.0
StD of chunks received by Pastry: 3.858098059267107
Var of chunks received by Pastry: 14.884920634920617
Avg % of chunks received by StarStream: 88.47222222222223
Min % of chunks received by StarStream: 82.0
Max % of chunks received by StarStream: 98.0
StD of chunks received by StarStream: 3.858098059267003
Var of chunks received by StarStream: 14.884920634919814
[NONMOJO] Startup Delay: 123.66666666666667
[MOJO] Startup Delay: 61.0
[MOJO] Latency: 9.51666788156479
Min of perceived avg chunk delivery-time: 8.33
Max of perceived avg chunk delivery-time: 11.072164948453608
Variance of perceived avg chunk delivery-time: 0.5221809411280868
StD of perceived avg chunk delivery-time: 0.7226208834015848
Avg messages sent per node: 6771.972222222223
Min messages sent per node: 4175.0
Max messages sent per node: 9798.0
Variance of messages sent per node: 2350202.999206344
StD of messages sent per node: 1533.0371812863327
Nodes with incomplete playbacks: 35
[MOJO] Continuity Index: 49.416666666666664
[MOJO] Packet Loss: 50.583333333333336
Min % of not played chunks: 0.0
Max % of not played chunks: 99.0
Not played chunks [chunk-id/nodes]: {1=23, 2=22, 3=22, 4=22, 5=19, 6=18, 7=16, 8=20, 9=16, 10=19, 11=16, 12=28, 13=18, 14=17, 15=17, 17=21, 16=17, 19=21, 18=19, 21=20, 20=20, 23=20, 22=22, 25=15, 24=16, 27=13, 26=20, 29=18, 28=21, 31=17, 30=19, 34=16, 35=16, 32=13, 33=21, 38=15, 39=17, 36=16, 37=17, 42=18, 43=17, 40=18, 41=19, 46=24, 47=17, 44=22, 45=17, 51=21, 50=13, 49=21, 48=19, 55=18, 54=20, 53=19, 52=23, 59=21, 58=13, 57=15, 56=16, 63=20, 62=17, 61=14, 60=16, 68=15, 69=20, 70=20, 71=20, 64=19, 65=15, 66=18, 67=20, 76=20, 77=18, 78=19, 79=17, 72=22, 73=18, 74=14, 75=20, 85=19, 84=20, 87=18, 86=12, 81=17, 80=20, 83=16, 82=21, 93=15, 92=21, 95=15, 94=21, 89=19, 88=22, 91=18, 90=18, 98=20, 99=20, 96=18, 97=15}
Avg distance between not played chunks: 4.071934464192858
Min distance between not played chunks: 1.0
Max distance between not played chunks: 45.0

HELPING PEERS LOG

[HELPING] Active nodes: 36
[HELPING] Started playbacks: 36
[HELPING] Not started playbacks node-ids: []
[HELPING] Playbacks time-window: 257
[HELPING] Missing chunks distribution [missed-chunks/nodes]: {0=33, 1=2, 4=1}
[HELPING] Rejected chunks for ttl expiration [chunk-id/nodes]: 2 {1=3, 3=1}
[HELPING] Rejected chunks for capacity limit [chunk-id/nodes]: 0 {}
[HELPING] bandwidthUtilUp: 0.014939469510222566
[HELPING] bandwidthUtilDown: 0.008691105382739333
[HELPING] Avg # of unsent chunk for max-retries: 0.0
[HELPING] Min # of unsent chunk for max-retries: 0.0
[HELPING] Max # of unsent chunk for max-retries: 0.0
[HELPING] Avg # of unsent chunk-reqs for max-retries: 0.0
[HELPING] Min # of unsent chunk-reqs for max-retries: 0.0
[HELPING] Max # of unsent chunk-reqs for max-retries: 0.0
[HELPING] Avg % of chunks received by Pastry: 7.694444444444445
[HELPING] Min % of chunks received by Pastry: 0.0
[HELPING] Max % of chunks received by Pastry: 18.0
[HELPING] StD of chunks received by Pastry: 4.809629890390702
[HELPING] Var of chunks received by Pastry: 23.132539682539672
[HELPING] Avg % of chunks received by StarStream: 91.41666666666667
[HELPING] Min % of chunks received by StarStream: 81.0
[HELPING] Max % of chunks received by StarStream: 100.0
[HELPING] StD of chunks received by StarStream: 4.99928566325785
[HELPING] Var of chunks received by StarStream: 24.992857142855478
[HELPING] Startup Delay: 139.91666666666666
[HELPING] Latency: 9.64718603981997
[HELPING] Min of perceived avg chunk delivery-time: 8.34
[HELPING] Max of perceived avg chunk delivery-time: 11.25
[HELPING] Variance of perceived avg chunk delivery-time: 0.8673333632669757
[HELPING] StD of perceived avg chunk delivery-time: 0.9313073409283188
[HELPING] Avg messages sent per node: 7207.555555555556
[HELPING] Min messages sent per node: 4653.0
[HELPING] Max messages sent per node: 9587.0
[HELPING] Variance of messages sent per node: 2524464.1396825407
[HELPING] StD of messages sent per node: 1588.8562363167225
[HELPING] Nodes with incomplete playbacks: 28
[HELPING] Packet Loss: 37.25
[HELPING] Min % of not played chunks: 0.0
[HELPING] Max % of not played chunks: 99.0
[HELPING] Not played chunks [chunk-id/nodes]: {1=15, 2=16, 3=15, 4=14, 5=11, 6=15, 7=12, 8=17, 9=7, 10=16, 11=14, 12=15, 13=13, 14=13, 15=14, 17=13, 16=13, 19=15, 18=14, 21=15, 20=14, 23=11, 22=14, 25=13, 24=16, 27=9, 26=14, 29=13, 28=12, 31=12, 30=13, 34=12, 35=16, 32=15, 33=8, 38=18, 39=13, 36=15, 37=13, 42=11, 43=16, 40=12, 41=13, 46=14, 47=16, 44=12, 45=15, 51=11, 50=14, 49=13, 48=12, 55=11, 54=14, 53=12, 52=13, 59=9, 58=10, 57=13, 56=15, 63=14, 62=15, 61=14, 60=15, 68=12, 69=16, 70=13, 71=17, 64=17, 65=17, 66=16, 67=13, 76=12, 77=12, 78=16, 79=12, 72=15, 73=13, 74=14, 75=15, 85=9, 84=17, 87=12, 86=13, 81=15, 80=17, 83=16, 82=13, 93=14, 92=11, 95=13, 94=13, 89=13, 88=16, 91=14, 90=14, 98=13, 99=11, 96=11, 97=14}
[HELPING] Avg distance between not played chunks: 3.6591339751203957
[HELPING] Min distance between not played chunks: 1.0
[HELPING] Max distance between not played chunks: 22.0

