Total chunks: 100
Nodes x chunk: 5
Total nodes: 39
Active nodes: 36
Started playbacks: 36
Not started playbacks node-ids: []
Playbacks time-window: 224
Missing chunks distribution [missed-chunks/nodes]: {0=32, 1=2, 3=1, 4=1}
Rejected chunks for ttl expiration [chunk-id/nodes]: 3 {1=4, 2=2, 3=1}
Rejected chunks for capacity limit [chunk-id/nodes]: 0 {}
bandwidthUtilUp: 0.013759224810348336
bandwidthUtilDown: 0.008115732019648086
Avg # of unsent chunk for max-retries: 0.0
Min # of unsent chunk for max-retries: 0.0
Max # of unsent chunk for max-retries: 0.0
Avg # of unsent chunk-reqs for max-retries: 0.0
Min # of unsent chunk-reqs for max-retries: 0.0
Max # of unsent chunk-reqs for max-retries: 0.0
Avg % of chunks received by Pastry: 7.527777777777778
Min % of chunks received by Pastry: 0.0
Max % of chunks received by Pastry: 16.0
StD of chunks received by Pastry: 5.157441841572849
Var of chunks received by Pastry: 26.59920634920634
Avg % of chunks received by StarStream: 91.63888888888889
Min % of chunks received by StarStream: 83.0
Max % of chunks received by StarStream: 100.0
StD of chunks received by StarStream: 5.404510168251271
Var of chunks received by StarStream: 29.20873015873138
[NONMOJO] Startup Delay: 81.36111111111111
[MOJO] Startup Delay: 78.9
[MOJO] Latency: 7.784049072217488
Min of perceived avg chunk delivery-time: 6.66
Max of perceived avg chunk delivery-time: 9.404040404040405
Variance of perceived avg chunk delivery-time: 0.43876261819884066
StD of perceived avg chunk delivery-time: 0.6623915897706134
Avg messages sent per node: 6609.444444444444
Min messages sent per node: 3856.0
Max messages sent per node: 9563.0
Variance of messages sent per node: 1986163.4539682558
StD of messages sent per node: 1409.3131142397901
Nodes with incomplete playbacks: 21
[MOJO] Continuity Index: 75.97222222222223
[MOJO] Packet Loss: 24.02777777777778
Min % of not played chunks: 0.0
Max % of not played chunks: 99.0
Not played chunks [chunk-id/nodes]: {1=14, 2=11, 3=9, 4=9, 5=6, 6=7, 7=9, 8=7, 9=9, 10=6, 11=10, 12=8, 13=7, 14=12, 15=9, 17=7, 16=8, 19=6, 18=7, 21=7, 20=8, 23=8, 22=7, 25=7, 24=10, 27=9, 26=7, 29=10, 28=9, 31=9, 30=9, 34=7, 35=10, 32=7, 33=10, 38=9, 39=7, 36=8, 37=10, 42=7, 43=6, 40=8, 41=12, 46=11, 47=8, 44=10, 45=8, 51=11, 50=13, 49=11, 48=8, 55=8, 54=8, 53=8, 52=10, 59=10, 58=9, 57=8, 56=6, 63=7, 62=9, 61=8, 60=7, 68=10, 69=9, 70=8, 71=7, 64=9, 65=8, 66=11, 67=11, 76=7, 77=10, 78=11, 79=8, 72=8, 73=12, 74=8, 75=8, 85=11, 84=10, 87=9, 86=8, 81=8, 80=10, 83=5, 82=10, 93=10, 92=8, 95=7, 94=9, 89=9, 88=8, 91=5, 90=9, 98=11, 99=10, 96=11, 97=12}
Avg distance between not played chunks: 7.145075244601833
Min distance between not played chunks: 1.0
Max distance between not played chunks: 55.0

HELPING PEERS LOG

[HELPING] Active nodes: 3
[HELPING] Started playbacks: 3
[HELPING] Not started playbacks node-ids: []
[HELPING] Playbacks time-window: 43
[HELPING] Missing chunks distribution [missed-chunks/nodes]: {0=3}
[HELPING] Rejected chunks for ttl expiration [chunk-id/nodes]: 0 {}
[HELPING] Rejected chunks for capacity limit [chunk-id/nodes]: 0 {}
[HELPING] bandwidthUtilUp: 0.013296707712497849
[HELPING] bandwidthUtilDown: 0.006824790510590363
[HELPING] Avg # of unsent chunk for max-retries: 0.0
[HELPING] Min # of unsent chunk for max-retries: 0.0
[HELPING] Max # of unsent chunk for max-retries: 0.0
[HELPING] Avg # of unsent chunk-reqs for max-retries: 0.0
[HELPING] Min # of unsent chunk-reqs for max-retries: 0.0
[HELPING] Max # of unsent chunk-reqs for max-retries: 0.0
[HELPING] Avg % of chunks received by Pastry: 6.333333333333333
[HELPING] Min % of chunks received by Pastry: 1.0
[HELPING] Max % of chunks received by Pastry: 9.0
[HELPING] StD of chunks received by Pastry: 4.618802153517007
[HELPING] Var of chunks received by Pastry: 21.333333333333343
[HELPING] Avg % of chunks received by StarStream: 93.0
[HELPING] Min % of chunks received by StarStream: 90.0
[HELPING] Max % of chunks received by StarStream: 99.0
[HELPING] StD of chunks received by StarStream: 5.196152422706632
[HELPING] Var of chunks received by StarStream: 27.0
[HELPING] Startup Delay: 78.66666666666667
[HELPING] Latency: 8.425488215488215
[HELPING] Min of perceived avg chunk delivery-time: 7.52
[HELPING] Max of perceived avg chunk delivery-time: 9.646464646464647
[HELPING] Variance of perceived avg chunk delivery-time: 1.2051125837499725
[HELPING] StD of perceived avg chunk delivery-time: 1.0977761993001909
[HELPING] Avg messages sent per node: 6880.666666666667
[HELPING] Min messages sent per node: 6516.0
[HELPING] Max messages sent per node: 7505.0
[HELPING] Variance of messages sent per node: 295100.33333332837
[HELPING] StD of messages sent per node: 543.2313810277609
[HELPING] Nodes with incomplete playbacks: 0
[HELPING] Packet Loss: 0.0
[HELPING] Min % of not played chunks: 0.0
[HELPING] Max % of not played chunks: 0.0
[HELPING] Not played chunks [chunk-id/nodes]: {}
[HELPING] Avg distance between not played chunks: NaN
[HELPING] Min distance between not played chunks: Infinity
[HELPING] Max distance between not played chunks: -Infinity

