Total chunks: 100
Nodes x chunk: 5
Total nodes: 43
Active nodes: 36
Started playbacks: 36
Not started playbacks node-ids: []
Playbacks time-window: 325
Missing chunks distribution [missed-chunks/nodes]: {0=31, 1=3, 3=1, 6=1}
Rejected chunks for ttl expiration [chunk-id/nodes]: 5 {0=3, 2=2, 3=1, 4=1, 5=1}
Rejected chunks for capacity limit [chunk-id/nodes]: 0 {}
bandwidthUtilUp: 0.013960523975925667
bandwidthUtilDown: 0.008327553692049813
Avg # of unsent chunk for max-retries: 0.0
Min # of unsent chunk for max-retries: 0.0
Max # of unsent chunk for max-retries: 0.0
Avg # of unsent chunk-reqs for max-retries: 0.0
Min # of unsent chunk-reqs for max-retries: 0.0
Max # of unsent chunk-reqs for max-retries: 0.0
Avg % of chunks received by Pastry: 7.75
Min % of chunks received by Pastry: 0.0
Max % of chunks received by Pastry: 15.0
StD of chunks received by Pastry: 5.250170065272716
Var of chunks received by Pastry: 27.564285714285713
Avg % of chunks received by StarStream: 91.41666666666667
Min % of chunks received by StarStream: 84.0
Max % of chunks received by StarStream: 100.0
StD of chunks received by StarStream: 5.453046330787299
Var of chunks received by StarStream: 29.735714285712827
[NONMOJO] Startup Delay: 96.97222222222223
[MOJO] Startup Delay: 49.9
[MOJO] Latency: 8.050440448210113
Min of perceived avg chunk delivery-time: 6.85
Max of perceived avg chunk delivery-time: 9.969696969696969
Variance of perceived avg chunk delivery-time: 0.44300205031241013
StD of perceived avg chunk delivery-time: 0.6655839919292006
Avg messages sent per node: 6744.638888888889
Min messages sent per node: 4623.0
Max messages sent per node: 9830.0
Variance of messages sent per node: 2095194.9230158718
StD of messages sent per node: 1447.4788160853586
Nodes with incomplete playbacks: 23
[MOJO] Continuity Index: 66.05555555555556
[MOJO] Packet Loss: 33.94444444444444
Min % of not played chunks: 0.0
Max % of not played chunks: 99.0
Not played chunks [chunk-id/nodes]: {1=15, 2=16, 3=12, 4=15, 5=12, 6=10, 7=14, 8=13, 9=10, 10=13, 11=11, 12=10, 13=10, 14=11, 15=13, 17=14, 16=9, 19=12, 18=10, 21=11, 20=9, 23=12, 22=12, 25=14, 24=14, 27=12, 26=11, 29=10, 28=12, 31=13, 30=14, 34=12, 35=9, 32=11, 33=11, 38=12, 39=14, 36=11, 37=12, 42=15, 43=11, 40=8, 41=13, 46=11, 47=17, 44=11, 45=11, 51=12, 50=12, 49=12, 48=14, 55=13, 54=13, 53=12, 52=13, 59=14, 58=13, 57=12, 56=15, 63=13, 62=9, 61=15, 60=14, 68=10, 69=14, 70=13, 71=12, 64=12, 65=15, 66=12, 67=12, 76=14, 77=13, 78=16, 79=11, 72=15, 73=13, 74=13, 75=10, 85=11, 84=13, 87=11, 86=13, 81=12, 80=12, 83=13, 82=13, 93=10, 92=14, 95=12, 94=12, 89=12, 88=15, 91=13, 90=13, 98=13, 99=10, 96=11, 97=15}
Avg distance between not played chunks: 2.0102519279458924
Min distance between not played chunks: 1.0
Max distance between not played chunks: 7.636363636363637

HELPING PEERS LOG

[HELPING] Active nodes: 7
[HELPING] Started playbacks: 7
[HELPING] Not started playbacks node-ids: []
[HELPING] Playbacks time-window: 127
[HELPING] Missing chunks distribution [missed-chunks/nodes]: {0=4, 1=3}
[HELPING] Rejected chunks for ttl expiration [chunk-id/nodes]: 1 {1=1}
[HELPING] Rejected chunks for capacity limit [chunk-id/nodes]: 0 {}
[HELPING] bandwidthUtilUp: 0.014334949608274345
[HELPING] bandwidthUtilDown: 0.006701834225989542
[HELPING] Avg # of unsent chunk for max-retries: 0.0
[HELPING] Min # of unsent chunk for max-retries: 0.0
[HELPING] Max # of unsent chunk for max-retries: 0.0
[HELPING] Avg # of unsent chunk-reqs for max-retries: 0.0
[HELPING] Min # of unsent chunk-reqs for max-retries: 0.0
[HELPING] Max # of unsent chunk-reqs for max-retries: 0.0
[HELPING] Avg % of chunks received by Pastry: 4.857142857142857
[HELPING] Min % of chunks received by Pastry: 0.0
[HELPING] Max % of chunks received by Pastry: 15.0
[HELPING] StD of chunks received by Pastry: 5.785861256216786
[HELPING] Var of chunks received by Pastry: 33.47619047619048
[HELPING] Avg % of chunks received by StarStream: 94.57142857142857
[HELPING] Min % of chunks received by StarStream: 84.0
[HELPING] Max % of chunks received by StarStream: 100.0
[HELPING] StD of chunks received by StarStream: 6.18754509363093
[HELPING] Var of chunks received by StarStream: 38.285714285716196
[HELPING] Startup Delay: 118.71428571428571
[HELPING] Latency: 8.498685396236416
[HELPING] Min of perceived avg chunk delivery-time: 7.58
[HELPING] Max of perceived avg chunk delivery-time: 9.520408163265307
[HELPING] Variance of perceived avg chunk delivery-time: 0.509766466041891
[HELPING] StD of perceived avg chunk delivery-time: 0.713979317656955
[HELPING] Avg messages sent per node: 6480.714285714285
[HELPING] Min messages sent per node: 4820.0
[HELPING] Max messages sent per node: 8413.0
[HELPING] Variance of messages sent per node: 2057097.904761908
[HELPING] StD of messages sent per node: 1434.2586603405637
[HELPING] Nodes with incomplete playbacks: 4
[HELPING] Packet Loss: 14.571428571428571
[HELPING] Min % of not played chunks: 0.0
[HELPING] Max % of not played chunks: 99.0
[HELPING] Not played chunks [chunk-id/nodes]: {1=4, 2=1, 3=1, 4=1, 5=1, 6=1, 7=1, 8=1, 9=1, 10=1, 11=1, 12=1, 13=1, 14=1, 15=1, 17=1, 16=1, 19=1, 18=1, 21=1, 20=1, 23=1, 22=1, 25=1, 24=1, 27=1, 26=1, 29=1, 28=1, 31=1, 30=1, 34=1, 35=1, 32=1, 33=1, 38=1, 39=1, 36=1, 37=1, 42=1, 43=1, 40=1, 41=1, 46=1, 47=1, 44=1, 45=1, 51=1, 50=1, 49=1, 48=1, 55=1, 54=1, 53=1, 52=1, 59=1, 58=1, 57=1, 56=1, 63=1, 62=1, 61=1, 60=1, 68=1, 69=1, 70=1, 71=1, 64=1, 65=1, 66=1, 67=1, 76=1, 77=1, 78=1, 79=1, 72=1, 73=1, 74=1, 75=1, 85=1, 84=1, 87=1, 86=1, 81=1, 80=1, 83=1, 82=1, 93=1, 92=1, 95=1, 94=1, 89=1, 88=1, 91=1, 90=1, 98=1, 99=1, 96=1, 97=1}
[HELPING] Avg distance between not played chunks: 1.0
[HELPING] Min distance between not played chunks: 1.0
[HELPING] Max distance between not played chunks: 1.0

