Total chunks: 100
Nodes x chunk: 5
Total nodes: 46
Active nodes: 36
Started playbacks: 36
Not started playbacks node-ids: []
Playbacks time-window: 782
Missing chunks distribution [missed-chunks/nodes]: {0=32, 1=3, 14=1}
Rejected chunks for ttl expiration [chunk-id/nodes]: 2 {0=7, 1=3}
Rejected chunks for capacity limit [chunk-id/nodes]: 0 {}
bandwidthUtilUp: 0.014098561856224788
bandwidthUtilDown: 0.008318196307228166
Avg # of unsent chunk for max-retries: 0.0
Min # of unsent chunk for max-retries: 0.0
Max # of unsent chunk for max-retries: 0.0
Avg # of unsent chunk-reqs for max-retries: 0.0
Min # of unsent chunk-reqs for max-retries: 0.0
Max # of unsent chunk-reqs for max-retries: 0.0
Avg % of chunks received by Pastry: 7.583333333333333
Min % of chunks received by Pastry: 0.0
Max % of chunks received by Pastry: 16.0
StD of chunks received by Pastry: 4.824787189977546
Var of chunks received by Pastry: 23.278571428571425
Avg % of chunks received by StarStream: 91.52777777777777
Min % of chunks received by StarStream: 83.0
Max % of chunks received by StarStream: 100.0
StD of chunks received by StarStream: 4.999920634290817
Var of chunks received by StarStream: 24.999206349207086
[NONMOJO] Startup Delay: 108.55555555555556
[MOJO] Startup Delay: 80.9
[MOJO] Latency: 8.45674595184562
Min of perceived avg chunk delivery-time: 7.24
Max of perceived avg chunk delivery-time: 18.476744186046513
Variance of perceived avg chunk delivery-time: 3.368964472937377
StD of perceived avg chunk delivery-time: 1.8354739096313455
Avg messages sent per node: 6845.75
Min messages sent per node: 4274.0
Max messages sent per node: 9743.0
Variance of messages sent per node: 2208204.421428573
StD of messages sent per node: 1486.0028335869931
Nodes with incomplete playbacks: 22
[MOJO] Continuity Index: 64.61111111111111
[MOJO] Packet Loss: 35.388888888888886
Min % of not played chunks: 0.0
Max % of not played chunks: 99.0
Not played chunks [chunk-id/nodes]: {1=18, 2=12, 3=13, 4=13, 5=15, 6=13, 7=17, 8=10, 9=13, 10=13, 11=12, 12=13, 13=11, 14=14, 15=10, 17=13, 16=12, 19=15, 18=13, 21=11, 20=13, 23=13, 22=14, 25=12, 24=11, 27=11, 26=15, 29=11, 28=11, 31=11, 30=14, 34=13, 35=11, 32=11, 33=12, 38=14, 39=13, 36=14, 37=13, 42=13, 43=11, 40=13, 41=12, 46=14, 47=13, 44=12, 45=12, 51=13, 50=11, 49=9, 48=15, 55=13, 54=15, 53=13, 52=12, 59=13, 58=11, 57=12, 56=13, 63=15, 62=13, 61=13, 60=12, 68=13, 69=13, 70=13, 71=13, 64=12, 65=13, 66=14, 67=13, 76=12, 77=12, 78=12, 79=11, 72=16, 73=13, 74=12, 75=14, 85=15, 84=12, 87=15, 86=11, 81=13, 80=12, 83=11, 82=13, 93=17, 92=15, 95=13, 94=15, 89=14, 88=12, 91=11, 90=15, 98=14, 99=14, 96=12, 97=13}
Avg distance between not played chunks: 2.6151487322677305
Min distance between not played chunks: 1.0
Max distance between not played chunks: 12.571428571428571

HELPING PEERS LOG

[HELPING] Active nodes: 10
[HELPING] Started playbacks: 10
[HELPING] Not started playbacks node-ids: []
[HELPING] Playbacks time-window: 145
[HELPING] Missing chunks distribution [missed-chunks/nodes]: {0=8, 1=1, 2=1}
[HELPING] Rejected chunks for ttl expiration [chunk-id/nodes]: 2 {0=1, 1=1}
[HELPING] Rejected chunks for capacity limit [chunk-id/nodes]: 0 {}
[HELPING] bandwidthUtilUp: 0.014115534331159951
[HELPING] bandwidthUtilDown: 0.0070287022805104364
[HELPING] Avg # of unsent chunk for max-retries: 0.0
[HELPING] Min # of unsent chunk for max-retries: 0.0
[HELPING] Max # of unsent chunk for max-retries: 0.0
[HELPING] Avg # of unsent chunk-reqs for max-retries: 0.0
[HELPING] Min # of unsent chunk-reqs for max-retries: 0.0
[HELPING] Max # of unsent chunk-reqs for max-retries: 0.0
[HELPING] Avg % of chunks received by Pastry: 7.3
[HELPING] Min % of chunks received by Pastry: 2.0
[HELPING] Max % of chunks received by Pastry: 13.0
[HELPING] StD of chunks received by Pastry: 3.2676869155073254
[HELPING] Var of chunks received by Pastry: 10.677777777777777
[HELPING] Avg % of chunks received by StarStream: 91.7
[HELPING] Min % of chunks received by StarStream: 86.0
[HELPING] Max % of chunks received by StarStream: 97.0
[HELPING] StD of chunks received by StarStream: 3.2676869155071153
[HELPING] Var of chunks received by StarStream: 10.677777777776404
[HELPING] Startup Delay: 96.6
[HELPING] Latency: 8.363755102040816
[HELPING] Min of perceived avg chunk delivery-time: 7.48
[HELPING] Max of perceived avg chunk delivery-time: 9.928571428571429
[HELPING] Variance of perceived avg chunk delivery-time: 0.46817696515341195
[HELPING] StD of perceived avg chunk delivery-time: 0.6842345834239979
[HELPING] Avg messages sent per node: 6480.9
[HELPING] Min messages sent per node: 4846.0
[HELPING] Max messages sent per node: 8265.0
[HELPING] Variance of messages sent per node: 1541487.433333339
[HELPING] StD of messages sent per node: 1241.5665239258583
[HELPING] Nodes with incomplete playbacks: 7
[HELPING] Packet Loss: 24.9
[HELPING] Min % of not played chunks: 0.0
[HELPING] Max % of not played chunks: 92.0
[HELPING] Not played chunks [chunk-id/nodes]: {1=5, 2=1, 3=3, 4=2, 5=3, 6=3, 7=2, 8=2, 9=3, 10=3, 11=2, 12=2, 13=4, 14=3, 15=2, 17=2, 16=3, 19=2, 18=3, 21=2, 20=3, 23=1, 22=2, 25=2, 24=1, 27=3, 26=1, 29=3, 28=2, 31=2, 30=3, 34=3, 35=3, 32=2, 33=3, 38=1, 39=3, 36=3, 37=3, 42=3, 43=4, 40=2, 41=2, 46=2, 47=3, 44=2, 45=3, 51=2, 50=2, 49=2, 48=3, 55=3, 54=2, 53=2, 52=3, 59=2, 58=3, 57=2, 56=3, 63=1, 62=3, 61=2, 60=3, 68=2, 69=3, 70=3, 71=2, 64=2, 65=2, 66=2, 67=2, 76=3, 77=3, 78=3, 79=2, 72=3, 73=2, 74=3, 75=3, 85=2, 84=3, 87=3, 86=1, 81=3, 80=2, 83=2, 82=3, 93=3, 92=2, 95=3, 94=3, 89=4, 88=3, 91=3, 90=3, 98=3, 99=2, 96=3, 97=3}
[HELPING] Avg distance between not played chunks: 10.382424875633705
[HELPING] Min distance between not played chunks: 1.0
[HELPING] Max distance between not played chunks: 50.0

