Total chunks: 100
Nodes x chunk: 5
Total nodes: 50
Active nodes: 36
Started playbacks: 36
Not started playbacks node-ids: []
Playbacks time-window: 203
Missing chunks distribution [missed-chunks/nodes]: {0=32, 1=2, 3=2}
Rejected chunks for ttl expiration [chunk-id/nodes]: 3 {0=3, 1=3, 2=1}
Rejected chunks for capacity limit [chunk-id/nodes]: 0 {}
bandwidthUtilUp: 0.014528398049512645
bandwidthUtilDown: 0.008564170403941506
Avg # of unsent chunk for max-retries: 0.0
Min # of unsent chunk for max-retries: 0.0
Max # of unsent chunk for max-retries: 0.0
Avg # of unsent chunk-reqs for max-retries: 0.0
Min # of unsent chunk-reqs for max-retries: 0.0
Max # of unsent chunk-reqs for max-retries: 0.0
Avg % of chunks received by Pastry: 9.36111111111111
Min % of chunks received by Pastry: 0.0
Max % of chunks received by Pastry: 20.0
StD of chunks received by Pastry: 5.026516986529839
Var of chunks received by Pastry: 25.265873015873016
Avg % of chunks received by StarStream: 89.72222222222223
Min % of chunks received by StarStream: 79.0
Max % of chunks received by StarStream: 100.0
StD of chunks received by StarStream: 5.063093978479918
Var of chunks received by StarStream: 25.634920634919606
[NONMOJO] Startup Delay: 93.88888888888889
[MOJO] Startup Delay: 77.5
[MOJO] Latency: 8.281462967567533
Min of perceived avg chunk delivery-time: 7.12
Max of perceived avg chunk delivery-time: 10.97938144329897
Variance of perceived avg chunk delivery-time: 0.5704787195695676
StD of perceived avg chunk delivery-time: 0.7553004167677704
Avg messages sent per node: 6999.888888888889
Min messages sent per node: 4373.0
Max messages sent per node: 9659.0
Variance of messages sent per node: 2207923.987301593
StD of messages sent per node: 1485.9084720471826
Nodes with incomplete playbacks: 31
[MOJO] Continuity Index: 57.0
[MOJO] Packet Loss: 43.0
Min % of not played chunks: 0.0
Max % of not played chunks: 99.0
Not played chunks [chunk-id/nodes]: {1=22, 2=22, 3=17, 4=15, 5=16, 6=11, 7=12, 8=14, 9=18, 10=19, 11=15, 12=13, 13=14, 14=17, 15=16, 17=20, 16=15, 19=13, 18=16, 21=14, 20=16, 23=14, 22=17, 25=11, 24=15, 27=16, 26=12, 29=14, 28=16, 31=14, 30=13, 34=15, 35=14, 32=16, 33=15, 38=14, 39=15, 36=18, 37=16, 42=15, 43=19, 40=14, 41=16, 46=13, 47=20, 44=13, 45=17, 51=16, 50=18, 49=16, 48=14, 55=15, 54=17, 53=15, 52=14, 59=17, 58=13, 57=17, 56=16, 63=16, 62=15, 61=14, 60=13, 68=14, 69=16, 70=14, 71=15, 64=16, 65=20, 66=16, 67=14, 76=14, 77=16, 78=17, 79=18, 72=15, 73=19, 74=19, 75=14, 85=18, 84=11, 87=13, 86=16, 81=20, 80=16, 83=16, 82=20, 93=16, 92=17, 95=14, 94=18, 89=17, 88=17, 91=13, 90=14, 98=14, 99=18, 96=17, 97=13}
Avg distance between not played chunks: 3.917600355333174
Min distance between not played chunks: 1.0
Max distance between not played chunks: 35.5

HELPING PEERS LOG

[HELPING] Active nodes: 14
[HELPING] Started playbacks: 14
[HELPING] Not started playbacks node-ids: []
[HELPING] Playbacks time-window: 118
[HELPING] Missing chunks distribution [missed-chunks/nodes]: {0=13, 1=1}
[HELPING] Rejected chunks for ttl expiration [chunk-id/nodes]: 2 {0=2, 1=1}
[HELPING] Rejected chunks for capacity limit [chunk-id/nodes]: 0 {}
[HELPING] bandwidthUtilUp: 0.014233426473852156
[HELPING] bandwidthUtilDown: 0.007363379199925038
[HELPING] Avg # of unsent chunk for max-retries: 0.0
[HELPING] Min # of unsent chunk for max-retries: 0.0
[HELPING] Max # of unsent chunk for max-retries: 0.0
[HELPING] Avg # of unsent chunk-reqs for max-retries: 0.0
[HELPING] Min # of unsent chunk-reqs for max-retries: 0.0
[HELPING] Max # of unsent chunk-reqs for max-retries: 0.0
[HELPING] Avg % of chunks received by Pastry: 8.785714285714286
[HELPING] Min % of chunks received by Pastry: 0.0
[HELPING] Max % of chunks received by Pastry: 16.0
[HELPING] StD of chunks received by Pastry: 5.101712705305201
[HELPING] Var of chunks received by Pastry: 26.027472527472515
[HELPING] Avg % of chunks received by StarStream: 90.28571428571429
[HELPING] Min % of chunks received by StarStream: 83.0
[HELPING] Max % of chunks received by StarStream: 100.0
[HELPING] StD of chunks received by StarStream: 5.239327194454298
[HELPING] Var of chunks received by StarStream: 27.45054945054835
[HELPING] Startup Delay: 96.28571428571429
[HELPING] Latency: 8.438356303560385
[HELPING] Min of perceived avg chunk delivery-time: 7.929292929292929
[HELPING] Max of perceived avg chunk delivery-time: 9.585858585858587
[HELPING] Variance of perceived avg chunk delivery-time: 0.21471770619438119
[HELPING] StD of perceived avg chunk delivery-time: 0.46337641954935643
[HELPING] Avg messages sent per node: 6447.714285714285
[HELPING] Min messages sent per node: 4364.0
[HELPING] Max messages sent per node: 9047.0
[HELPING] Variance of messages sent per node: 2116127.14285715
[HELPING] StD of messages sent per node: 1454.6914253054324
[HELPING] Nodes with incomplete playbacks: 8
[HELPING] Packet Loss: 24.071428571428573
[HELPING] Min % of not played chunks: 0.0
[HELPING] Max % of not played chunks: 99.0
[HELPING] Not played chunks [chunk-id/nodes]: {1=2, 2=4, 3=5, 4=5, 5=2, 6=3, 7=4, 8=5, 9=4, 10=3, 11=3, 12=3, 13=5, 14=3, 15=4, 17=2, 16=4, 19=3, 18=3, 21=4, 20=2, 23=2, 22=2, 25=4, 24=2, 27=4, 26=2, 29=4, 28=3, 31=3, 30=4, 34=5, 35=2, 32=5, 33=3, 38=2, 39=4, 36=2, 37=4, 42=3, 43=5, 40=4, 41=2, 46=3, 47=3, 44=2, 45=5, 51=4, 50=3, 49=4, 48=4, 55=3, 54=2, 53=7, 52=3, 59=4, 58=4, 57=3, 56=4, 63=5, 62=1, 61=5, 60=5, 68=3, 69=3, 70=3, 71=4, 64=3, 65=3, 66=2, 67=3, 76=5, 77=3, 78=4, 79=5, 72=4, 73=5, 74=4, 75=3, 85=3, 84=2, 87=4, 86=3, 81=4, 80=2, 83=4, 82=1, 93=2, 92=3, 95=2, 94=3, 89=3, 88=4, 91=4, 90=4, 98=4, 99=3, 96=2, 97=5}
[HELPING] Avg distance between not played chunks: 3.609368445029186
[HELPING] Min distance between not played chunks: 1.0
[HELPING] Max distance between not played chunks: 12.142857142857142

