Total chunks: 100
Nodes x chunk: 5
Total nodes: 54
Active nodes: 36
Started playbacks: 36
Not started playbacks node-ids: []
Playbacks time-window: 159
Missing chunks distribution [missed-chunks/nodes]: {0=33, 1=2, 3=1}
Rejected chunks for ttl expiration [chunk-id/nodes]: 3 {0=3, 1=3, 2=1}
Rejected chunks for capacity limit [chunk-id/nodes]: 0 {}
bandwidthUtilUp: 0.013797289317521728
bandwidthUtilDown: 0.008138518737949
Avg # of unsent chunk for max-retries: 0.0
Min # of unsent chunk for max-retries: 0.0
Max # of unsent chunk for max-retries: 0.0
Avg # of unsent chunk-reqs for max-retries: 0.0
Min # of unsent chunk-reqs for max-retries: 0.0
Max # of unsent chunk-reqs for max-retries: 0.0
Avg % of chunks received by Pastry: 9.13888888888889
Min % of chunks received by Pastry: 0.0
Max % of chunks received by Pastry: 16.0
StD of chunks received by Pastry: 4.064851273172963
Var of chunks received by Pastry: 16.523015873015858
Avg % of chunks received by StarStream: 89.88888888888889
Min % of chunks received by StarStream: 83.0
Max % of chunks received by StarStream: 99.0
StD of chunks received by StarStream: 4.11809788114986
Var of chunks received by StarStream: 16.958730158730965
[NONMOJO] Startup Delay: 93.02777777777777
[MOJO] Startup Delay: 58.5
[MOJO] Latency: 8.521617615007406
Min of perceived avg chunk delivery-time: 7.8
Max of perceived avg chunk delivery-time: 9.793814432989691
Variance of perceived avg chunk delivery-time: 0.2159597472148318
StD of perceived avg chunk delivery-time: 0.46471469442533425
Avg messages sent per node: 6616.277777777777
Min messages sent per node: 3892.0
Max messages sent per node: 9422.0
Variance of messages sent per node: 1879383.634920637
StD of messages sent per node: 1370.9061364370052
Nodes with incomplete playbacks: 33
[MOJO] Continuity Index: 46.583333333333336
[MOJO] Packet Loss: 53.416666666666664
Min % of not played chunks: 0.0
Max % of not played chunks: 99.0
Not played chunks [chunk-id/nodes]: {1=22, 2=21, 3=19, 4=22, 5=18, 6=18, 7=17, 8=15, 9=17, 10=15, 11=20, 12=20, 13=21, 14=20, 15=20, 17=18, 16=19, 19=22, 18=20, 21=19, 20=20, 23=19, 22=23, 25=21, 24=15, 27=16, 26=18, 29=18, 28=17, 31=19, 30=20, 34=17, 35=21, 32=19, 33=17, 38=18, 39=19, 36=18, 37=21, 42=21, 43=19, 40=17, 41=18, 46=20, 47=21, 44=19, 45=20, 51=19, 50=17, 49=22, 48=19, 55=18, 54=22, 53=19, 52=19, 59=16, 58=17, 57=19, 56=20, 63=21, 62=25, 61=12, 60=20, 68=20, 69=17, 70=17, 71=17, 64=16, 65=21, 66=21, 67=20, 76=23, 77=17, 78=24, 79=19, 72=16, 73=18, 74=21, 75=17, 85=21, 84=20, 87=23, 86=22, 81=21, 80=21, 83=25, 82=20, 93=18, 92=18, 95=19, 94=23, 89=21, 88=20, 91=21, 90=20, 98=24, 99=20, 96=20, 97=23}
Avg distance between not played chunks: 2.1947038750105086
Min distance between not played chunks: 1.0
Max distance between not played chunks: 12.0

HELPING PEERS LOG

[HELPING] Active nodes: 18
[HELPING] Started playbacks: 18
[HELPING] Not started playbacks node-ids: []
[HELPING] Playbacks time-window: 338
[HELPING] Missing chunks distribution [missed-chunks/nodes]: {0=16, 4=1, 6=1}
[HELPING] Rejected chunks for ttl expiration [chunk-id/nodes]: 4 {0=2, 1=1, 2=1, 3=1}
[HELPING] Rejected chunks for capacity limit [chunk-id/nodes]: 0 {}
[HELPING] bandwidthUtilUp: 0.0143520206930541
[HELPING] bandwidthUtilDown: 0.007637397063818678
[HELPING] Avg # of unsent chunk for max-retries: 0.0
[HELPING] Min # of unsent chunk for max-retries: 0.0
[HELPING] Max # of unsent chunk for max-retries: 0.0
[HELPING] Avg # of unsent chunk-reqs for max-retries: 0.0
[HELPING] Min # of unsent chunk-reqs for max-retries: 0.0
[HELPING] Max # of unsent chunk-reqs for max-retries: 0.0
[HELPING] Avg % of chunks received by Pastry: 8.277777777777779
[HELPING] Min % of chunks received by Pastry: 0.0
[HELPING] Max % of chunks received by Pastry: 18.0
[HELPING] StD of chunks received by Pastry: 5.581540537453957
[HELPING] Var of chunks received by Pastry: 31.15359477124181
[HELPING] Avg % of chunks received by StarStream: 90.88888888888889
[HELPING] Min % of chunks received by StarStream: 81.0
[HELPING] Max % of chunks received by StarStream: 100.0
[HELPING] StD of chunks received by StarStream: 5.839912256481252
[HELPING] Var of chunks received by StarStream: 34.10457516339995
[HELPING] Startup Delay: 128.94444444444446
[HELPING] Latency: 8.965823781550732
[HELPING] Min of perceived avg chunk delivery-time: 7.45
[HELPING] Max of perceived avg chunk delivery-time: 11.27659574468085
[HELPING] Variance of perceived avg chunk delivery-time: 0.9455326091917601
[HELPING] StD of perceived avg chunk delivery-time: 0.9723850107811001
[HELPING] Avg messages sent per node: 6289.833333333333
[HELPING] Min messages sent per node: 4363.0
[HELPING] Max messages sent per node: 9417.0
[HELPING] Variance of messages sent per node: 2263525.6764705963
[HELPING] StD of messages sent per node: 1504.5018034122113
[HELPING] Nodes with incomplete playbacks: 11
[HELPING] Packet Loss: 23.61111111111111
[HELPING] Min % of not played chunks: 0.0
[HELPING] Max % of not played chunks: 81.0
[HELPING] Not played chunks [chunk-id/nodes]: {1=4, 2=5, 3=5, 4=5, 5=5, 6=6, 7=3, 8=3, 9=1, 10=2, 11=4, 12=5, 13=7, 14=4, 15=3, 17=3, 16=4, 19=5, 18=4, 21=5, 20=1, 23=3, 22=3, 25=3, 24=5, 27=4, 26=4, 29=6, 28=5, 31=4, 30=3, 34=3, 35=3, 32=4, 33=5, 38=2, 39=6, 36=4, 37=6, 42=4, 43=5, 40=5, 41=5, 46=5, 47=3, 44=5, 45=5, 51=5, 50=4, 49=3, 48=4, 55=2, 54=5, 53=3, 52=5, 59=5, 58=5, 57=5, 56=3, 63=6, 62=2, 61=5, 60=5, 68=4, 69=5, 70=3, 71=6, 64=4, 65=3, 66=6, 67=5, 76=7, 77=2, 78=3, 79=6, 72=4, 73=5, 74=3, 75=5, 85=5, 84=7, 87=5, 86=2, 81=5, 80=5, 83=6, 82=3, 93=4, 92=4, 95=5, 94=3, 89=5, 88=7, 91=6, 90=3, 98=4, 99=5, 96=5, 97=4}
[HELPING] Avg distance between not played chunks: 2.2389115209023815
[HELPING] Min distance between not played chunks: 1.0
[HELPING] Max distance between not played chunks: 7.6

