Total chunks: 100
Nodes x chunk: 5
Total nodes: 57
Active nodes: 36
Started playbacks: 36
Not started playbacks node-ids: []
Playbacks time-window: 76
Missing chunks distribution [missed-chunks/nodes]: {0=36}
Rejected chunks for ttl expiration [chunk-id/nodes]: 1 {0=1}
Rejected chunks for capacity limit [chunk-id/nodes]: 0 {}
bandwidthUtilUp: 0.013838518347766183
bandwidthUtilDown: 0.00814265928284264
Avg # of unsent chunk for max-retries: 0.0
Min # of unsent chunk for max-retries: 0.0
Max # of unsent chunk for max-retries: 0.0
Avg # of unsent chunk-reqs for max-retries: 0.0
Min # of unsent chunk-reqs for max-retries: 0.0
Max # of unsent chunk-reqs for max-retries: 0.0
Avg % of chunks received by Pastry: 10.36111111111111
Min % of chunks received by Pastry: 0.0
Max % of chunks received by Pastry: 17.0
StD of chunks received by Pastry: 3.840779517440087
Var of chunks received by Pastry: 14.751587301587309
Avg % of chunks received by StarStream: 88.66666666666667
Min % of chunks received by StarStream: 82.0
Max % of chunks received by StarStream: 100.0
StD of chunks received by StarStream: 3.9206413469518564
Var of chunks received by StarStream: 15.371428571428465
[NONMOJO] Startup Delay: 93.97222222222223
[MOJO] Startup Delay: 79.9
[MOJO] Latency: 8.745350729517392
Min of perceived avg chunk delivery-time: 7.67
Max of perceived avg chunk delivery-time: 9.575757575757576
Variance of perceived avg chunk delivery-time: 0.21155975657658244
StD of perceived avg chunk delivery-time: 0.45995625506843846
Avg messages sent per node: 6595.583333333333
Min messages sent per node: 3739.0
Max messages sent per node: 9287.0
Variance of messages sent per node: 2329426.1357142907
StD of messages sent per node: 1526.2457651748916
Nodes with incomplete playbacks: 30
[MOJO] Continuity Index: 58.916666666666664
[MOJO] Packet Loss: 41.083333333333336
Min % of not played chunks: 0.0
Max % of not played chunks: 99.0
Not played chunks [chunk-id/nodes]: {1=15, 2=15, 3=13, 4=18, 5=12, 6=14, 7=11, 8=18, 9=20, 10=13, 11=15, 12=11, 13=15, 14=11, 15=12, 17=13, 16=15, 19=16, 18=13, 21=13, 20=17, 23=16, 22=15, 25=16, 24=11, 27=16, 26=17, 29=11, 28=14, 31=14, 30=13, 34=13, 35=14, 32=17, 33=15, 38=15, 39=17, 36=15, 37=12, 42=11, 43=12, 40=16, 41=11, 46=14, 47=15, 44=19, 45=15, 51=14, 50=13, 49=15, 48=16, 55=13, 54=17, 53=16, 52=17, 59=17, 58=16, 57=16, 56=14, 63=13, 62=20, 61=15, 60=13, 68=16, 69=14, 70=17, 71=15, 64=13, 65=15, 66=17, 67=17, 76=17, 77=15, 78=15, 79=16, 72=18, 73=17, 74=9, 75=17, 85=18, 84=14, 87=17, 86=14, 81=16, 80=16, 83=17, 82=18, 93=15, 92=15, 95=16, 94=16, 89=19, 88=14, 91=13, 90=15, 98=13, 99=18, 96=16, 97=12}
Avg distance between not played chunks: 3.1574243635394375
Min distance between not played chunks: 1.0
Max distance between not played chunks: 12.0

HELPING PEERS LOG

[HELPING] Active nodes: 21
[HELPING] Started playbacks: 21
[HELPING] Not started playbacks node-ids: []
[HELPING] Playbacks time-window: 97
[HELPING] Missing chunks distribution [missed-chunks/nodes]: {0=21}
[HELPING] Rejected chunks for ttl expiration [chunk-id/nodes]: 1 {0=2}
[HELPING] Rejected chunks for capacity limit [chunk-id/nodes]: 0 {}
[HELPING] bandwidthUtilUp: 0.014315570949530102
[HELPING] bandwidthUtilDown: 0.007827357996352528
[HELPING] Avg # of unsent chunk for max-retries: 0.0
[HELPING] Min # of unsent chunk for max-retries: 0.0
[HELPING] Max # of unsent chunk for max-retries: 0.0
[HELPING] Avg # of unsent chunk-reqs for max-retries: 0.0
[HELPING] Min # of unsent chunk-reqs for max-retries: 0.0
[HELPING] Max # of unsent chunk-reqs for max-retries: 0.0
[HELPING] Avg % of chunks received by Pastry: 7.904761904761905
[HELPING] Min % of chunks received by Pastry: 1.0
[HELPING] Max % of chunks received by Pastry: 14.0
[HELPING] StD of chunks received by Pastry: 4.603311437484563
[HELPING] Var of chunks received by Pastry: 21.190476190476193
[HELPING] Avg % of chunks received by StarStream: 91.19047619047619
[HELPING] Min % of chunks received by StarStream: 85.0
[HELPING] Max % of chunks received by StarStream: 99.0
[HELPING] StD of chunks received by StarStream: 4.760452159396716
[HELPING] Var of chunks received by StarStream: 22.66190476190486
[HELPING] Startup Delay: 114.95238095238095
[HELPING] Latency: 8.86008658008658
[HELPING] Min of perceived avg chunk delivery-time: 7.76
[HELPING] Max of perceived avg chunk delivery-time: 9.878787878787879
[HELPING] Variance of perceived avg chunk delivery-time: 0.3267070148818654
[HELPING] StD of perceived avg chunk delivery-time: 0.5715829028949916
[HELPING] Avg messages sent per node: 6216.523809523809
[HELPING] Min messages sent per node: 4056.0
[HELPING] Max messages sent per node: 9150.0
[HELPING] Variance of messages sent per node: 2225299.7619047645
[HELPING] StD of messages sent per node: 1491.7438660523342
[HELPING] Nodes with incomplete playbacks: 8
[HELPING] Packet Loss: 17.714285714285715
[HELPING] Min % of not played chunks: 0.0
[HELPING] Max % of not played chunks: 97.0
[HELPING] Not played chunks [chunk-id/nodes]: {1=4, 2=3, 3=5, 4=2, 5=2, 6=3, 7=2, 8=5, 9=5, 10=4, 11=2, 12=2, 13=4, 14=4, 15=1, 17=2, 16=5, 19=4, 18=4, 21=2, 20=4, 23=3, 22=4, 25=5, 24=4, 27=6, 26=5, 29=4, 28=3, 31=4, 30=3, 34=5, 35=3, 32=4, 33=2, 38=5, 39=5, 36=5, 37=4, 42=4, 43=3, 40=2, 41=6, 46=1, 47=3, 44=7, 45=4, 51=4, 50=5, 49=5, 48=3, 55=4, 54=3, 53=4, 52=5, 59=4, 58=3, 57=5, 56=5, 63=3, 62=6, 61=4, 60=3, 68=5, 69=4, 70=3, 71=4, 64=4, 65=2, 66=4, 67=4, 76=2, 77=2, 78=5, 79=4, 72=4, 73=5, 74=2, 75=3, 85=4, 84=4, 87=4, 86=3, 81=5, 80=3, 83=3, 82=4, 93=3, 92=4, 95=5, 94=5, 89=4, 88=4, 91=2, 90=4, 98=5, 99=4, 96=2, 97=4}
[HELPING] Avg distance between not played chunks: 3.7864090608013825
[HELPING] Min distance between not played chunks: 1.0208333333333333
[HELPING] Max distance between not played chunks: 11.25

