Total chunks: 100
Nodes x chunk: 5
Total nodes: 61
Active nodes: 36
Started playbacks: 36
Not started playbacks node-ids: []
Playbacks time-window: 365
Missing chunks distribution [missed-chunks/nodes]: {0=35, 7=1}
Rejected chunks for ttl expiration [chunk-id/nodes]: 6 {1=1, 2=1, 3=1, 4=1, 5=1, 6=1}
Rejected chunks for capacity limit [chunk-id/nodes]: 0 {}
bandwidthUtilUp: 0.01379868706302131
bandwidthUtilDown: 0.00812644796895482
Avg # of unsent chunk for max-retries: 0.0
Min # of unsent chunk for max-retries: 0.0
Max # of unsent chunk for max-retries: 0.0
Avg # of unsent chunk-reqs for max-retries: 0.0
Min # of unsent chunk-reqs for max-retries: 0.0
Max # of unsent chunk-reqs for max-retries: 0.0
Avg % of chunks received by Pastry: 10.805555555555555
Min % of chunks received by Pastry: 1.0
Max % of chunks received by Pastry: 19.0
StD of chunks received by Pastry: 4.254875821215967
Var of chunks received by Pastry: 18.103968253968254
Avg % of chunks received by StarStream: 88.22222222222223
Min % of chunks received by StarStream: 80.0
Max % of chunks received by StarStream: 99.0
StD of chunks received by StarStream: 4.323431911348028
Var of chunks received by StarStream: 18.692063492062463
[NONMOJO] Startup Delay: 105.72222222222223
[MOJO] Startup Delay: 103.3
[MOJO] Latency: 8.885060461243254
Min of perceived avg chunk delivery-time: 7.59
Max of perceived avg chunk delivery-time: 10.32258064516129
Variance of perceived avg chunk delivery-time: 0.40317269874637496
StD of perceived avg chunk delivery-time: 0.6349588165750397
Avg messages sent per node: 6475.111111111111
Min messages sent per node: 4074.0
Max messages sent per node: 8788.0
Variance of messages sent per node: 1880915.4730158753
StD of messages sent per node: 1371.4647181082987
Nodes with incomplete playbacks: 34
[MOJO] Continuity Index: 44.888888888888886
[MOJO] Packet Loss: 55.111111111111114
Min % of not played chunks: 0.0
Max % of not played chunks: 99.0
Not played chunks [chunk-id/nodes]: {1=18, 2=18, 3=16, 4=23, 5=18, 6=17, 7=18, 8=16, 9=18, 10=22, 11=15, 12=16, 13=21, 14=18, 15=21, 17=21, 16=15, 19=19, 18=21, 21=19, 20=18, 23=23, 22=17, 25=20, 24=20, 27=20, 26=17, 29=20, 28=19, 31=21, 30=18, 34=20, 35=22, 32=17, 33=19, 38=22, 39=24, 36=19, 37=22, 42=18, 43=19, 40=24, 41=19, 46=23, 47=21, 44=18, 45=25, 51=20, 50=23, 49=21, 48=18, 55=22, 54=17, 53=23, 52=25, 59=17, 58=22, 57=22, 56=22, 63=19, 62=23, 61=21, 60=23, 68=22, 69=19, 70=27, 71=21, 64=19, 65=20, 66=22, 67=17, 76=18, 77=22, 78=26, 79=18, 72=24, 73=18, 74=24, 75=20, 85=19, 84=21, 87=17, 86=18, 81=22, 80=19, 83=19, 82=21, 93=21, 92=21, 95=19, 94=20, 89=21, 88=18, 91=21, 90=23, 98=20, 99=18, 96=18, 97=18}
Avg distance between not played chunks: 2.0934658671117226
Min distance between not played chunks: 1.0
Max distance between not played chunks: 7.0

HELPING PEERS LOG

[HELPING] Active nodes: 25
[HELPING] Started playbacks: 25
[HELPING] Not started playbacks node-ids: []
[HELPING] Playbacks time-window: 377
[HELPING] Missing chunks distribution [missed-chunks/nodes]: {0=22, 2=1, 5=1, 7=1}
[HELPING] Rejected chunks for ttl expiration [chunk-id/nodes]: 6 {1=3, 2=2, 3=2, 4=2, 5=1, 6=1}
[HELPING] Rejected chunks for capacity limit [chunk-id/nodes]: 0 {}
[HELPING] bandwidthUtilUp: 0.014153367043645124
[HELPING] bandwidthUtilDown: 0.007811136363663436
[HELPING] Avg # of unsent chunk for max-retries: 0.0
[HELPING] Min # of unsent chunk for max-retries: 0.0
[HELPING] Max # of unsent chunk for max-retries: 0.0
[HELPING] Avg # of unsent chunk-reqs for max-retries: 0.0
[HELPING] Min # of unsent chunk-reqs for max-retries: 0.0
[HELPING] Max # of unsent chunk-reqs for max-retries: 0.0
[HELPING] Avg % of chunks received by Pastry: 8.36
[HELPING] Min % of chunks received by Pastry: 0.0
[HELPING] Max % of chunks received by Pastry: 15.0
[HELPING] StD of chunks received by Pastry: 3.7514441663622495
[HELPING] Var of chunks received by Pastry: 14.073333333333354
[HELPING] Avg % of chunks received by StarStream: 90.8
[HELPING] Min % of chunks received by StarStream: 84.0
[HELPING] Max % of chunks received by StarStream: 100.0
[HELPING] StD of chunks received by StarStream: 4.0000000000000755
[HELPING] Var of chunks received by StarStream: 16.000000000000608
[HELPING] Startup Delay: 133.36
[HELPING] Latency: 9.207308382112942
[HELPING] Min of perceived avg chunk delivery-time: 8.24
[HELPING] Max of perceived avg chunk delivery-time: 10.616161616161616
[HELPING] Variance of perceived avg chunk delivery-time: 0.36333682589799743
[HELPING] StD of perceived avg chunk delivery-time: 0.6027742744162174
[HELPING] Avg messages sent per node: 6380.24
[HELPING] Min messages sent per node: 3684.0
[HELPING] Max messages sent per node: 9224.0
[HELPING] Variance of messages sent per node: 2429743.106666673
[HELPING] StD of messages sent per node: 1558.7633260590503
[HELPING] Nodes with incomplete playbacks: 20
[HELPING] Packet Loss: 32.92
[HELPING] Min % of not played chunks: 0.0
[HELPING] Max % of not played chunks: 99.0
[HELPING] Not played chunks [chunk-id/nodes]: {1=12, 2=10, 3=7, 4=9, 5=11, 6=7, 7=8, 8=5, 9=8, 10=10, 11=4, 12=9, 13=10, 14=7, 15=7, 17=8, 16=7, 19=8, 18=11, 21=8, 20=7, 23=9, 22=5, 25=6, 24=6, 27=6, 26=9, 29=5, 28=6, 31=9, 30=9, 34=7, 35=9, 32=6, 33=9, 38=6, 39=9, 36=7, 37=5, 42=11, 43=9, 40=5, 41=9, 46=15, 47=10, 44=5, 45=13, 51=9, 50=5, 49=9, 48=7, 55=10, 54=10, 53=8, 52=9, 59=8, 58=11, 57=10, 56=9, 63=8, 62=7, 61=7, 60=9, 68=7, 69=9, 70=9, 71=10, 64=7, 65=8, 66=12, 67=11, 76=6, 77=7, 78=9, 79=10, 72=8, 73=4, 74=9, 75=11, 85=10, 84=10, 87=11, 86=7, 81=5, 80=8, 83=9, 82=7, 93=9, 92=9, 95=11, 94=9, 89=11, 88=6, 91=9, 90=7, 98=9, 99=9, 96=9, 97=7}
[HELPING] Avg distance between not played chunks: 4.429371135136741
[HELPING] Min distance between not played chunks: 1.0
[HELPING] Max distance between not played chunks: 30.333333333333332

