Total chunks: 100
Nodes x chunk: 5
Total nodes: 64
Active nodes: 36
Started playbacks: 36
Not started playbacks node-ids: []
Playbacks time-window: 67
Missing chunks distribution [missed-chunks/nodes]: {0=36}
Rejected chunks for ttl expiration [chunk-id/nodes]: 0 {}
Rejected chunks for capacity limit [chunk-id/nodes]: 0 {}
bandwidthUtilUp: 0.013953907396563492
bandwidthUtilDown: 0.008136853005590257
Avg # of unsent chunk for max-retries: 0.0
Min # of unsent chunk for max-retries: 0.0
Max # of unsent chunk for max-retries: 0.0
Avg # of unsent chunk-reqs for max-retries: 0.0
Min # of unsent chunk-reqs for max-retries: 0.0
Max # of unsent chunk-reqs for max-retries: 0.0
Avg % of chunks received by Pastry: 11.666666666666666
Min % of chunks received by Pastry: 0.0
Max % of chunks received by Pastry: 21.0
StD of chunks received by Pastry: 4.2694931114327215
Var of chunks received by Pastry: 18.228571428571463
Avg % of chunks received by StarStream: 87.36111111111111
Min % of chunks received by StarStream: 78.0
Max % of chunks received by StarStream: 100.0
StD of chunks received by StarStream: 4.350059295344746
Var of chunks received by StarStream: 18.923015873015224
[NONMOJO] Startup Delay: 103.13888888888889
[MOJO] Startup Delay: 70.0
[MOJO] Latency: 9.173843995510659
Min of perceived avg chunk delivery-time: 7.7
Max of perceived avg chunk delivery-time: 11.83838383838384
Variance of perceived avg chunk delivery-time: 0.6492354389170941
StD of perceived avg chunk delivery-time: 0.8057514746602045
Avg messages sent per node: 6537.388888888889
Min messages sent per node: 3617.0
Max messages sent per node: 9876.0
Variance of messages sent per node: 1915065.9015873082
StD of messages sent per node: 1383.8590613163278
Nodes with incomplete playbacks: 34
[MOJO] Continuity Index: 47.888888888888886
[MOJO] Packet Loss: 52.111111111111114
Min % of not played chunks: 0.0
Max % of not played chunks: 99.0
Not played chunks [chunk-id/nodes]: {1=21, 2=18, 3=22, 4=19, 5=17, 6=20, 7=22, 8=15, 9=18, 10=18, 11=18, 12=15, 13=17, 14=17, 15=23, 17=22, 16=18, 19=21, 18=17, 21=24, 20=17, 23=18, 22=18, 25=13, 24=20, 27=21, 26=16, 29=13, 28=19, 31=14, 30=20, 34=18, 35=23, 32=19, 33=19, 38=18, 39=22, 36=18, 37=19, 42=21, 43=26, 40=18, 41=24, 46=16, 47=21, 44=18, 45=22, 51=20, 50=17, 49=20, 48=20, 55=13, 54=21, 53=17, 52=18, 59=20, 58=19, 57=17, 56=16, 63=19, 62=21, 61=21, 60=17, 68=20, 69=18, 70=17, 71=21, 64=19, 65=20, 66=15, 67=20, 76=17, 77=16, 78=24, 79=19, 72=19, 73=18, 74=21, 75=24, 85=20, 84=22, 87=18, 86=21, 81=22, 80=21, 83=19, 82=18, 93=21, 92=17, 95=20, 94=19, 89=21, 88=16, 91=18, 90=15, 98=18, 99=17, 96=18, 97=18}
Avg distance between not played chunks: 2.9796844081803897
Min distance between not played chunks: 1.0
Max distance between not played chunks: 17.5

HELPING PEERS LOG

[HELPING] Active nodes: 28
[HELPING] Started playbacks: 28
[HELPING] Not started playbacks node-ids: []
[HELPING] Playbacks time-window: 79
[HELPING] Missing chunks distribution [missed-chunks/nodes]: {0=28}
[HELPING] Rejected chunks for ttl expiration [chunk-id/nodes]: 1 {0=1}
[HELPING] Rejected chunks for capacity limit [chunk-id/nodes]: 0 {}
[HELPING] bandwidthUtilUp: 0.013924997466339602
[HELPING] bandwidthUtilDown: 0.007453980170565806
[HELPING] Avg # of unsent chunk for max-retries: 0.0
[HELPING] Min # of unsent chunk for max-retries: 0.0
[HELPING] Max # of unsent chunk for max-retries: 0.0
[HELPING] Avg # of unsent chunk-reqs for max-retries: 0.0
[HELPING] Min # of unsent chunk-reqs for max-retries: 0.0
[HELPING] Max # of unsent chunk-reqs for max-retries: 0.0
[HELPING] Avg % of chunks received by Pastry: 10.678571428571429
[HELPING] Min % of chunks received by Pastry: 0.0
[HELPING] Max % of chunks received by Pastry: 20.0
[HELPING] StD of chunks received by Pastry: 5.38209357192266
[HELPING] Var of chunks received by Pastry: 28.966931216931215
[HELPING] Avg % of chunks received by StarStream: 88.53571428571429
[HELPING] Min % of chunks received by StarStream: 80.0
[HELPING] Max % of chunks received by StarStream: 100.0
[HELPING] StD of chunks received by StarStream: 5.547653109780204
[HELPING] Var of chunks received by StarStream: 30.776455026453966
[HELPING] Startup Delay: 113.25
[HELPING] Latency: 9.426176046176048
[HELPING] Min of perceived avg chunk delivery-time: 8.14
[HELPING] Max of perceived avg chunk delivery-time: 11.717171717171718
[HELPING] Variance of perceived avg chunk delivery-time: 0.7154034907354242
[HELPING] StD of perceived avg chunk delivery-time: 0.8458152816870975
[HELPING] Avg messages sent per node: 6341.892857142857
[HELPING] Min messages sent per node: 3836.0
[HELPING] Max messages sent per node: 8716.0
[HELPING] Variance of messages sent per node: 1914308.247354504
[HELPING] StD of messages sent per node: 1383.5852873439005
[HELPING] Nodes with incomplete playbacks: 21
[HELPING] Packet Loss: 32.75
[HELPING] Min % of not played chunks: 0.0
[HELPING] Max % of not played chunks: 99.0
[HELPING] Not played chunks [chunk-id/nodes]: {1=13, 2=9, 3=10, 4=9, 5=8, 6=13, 7=8, 8=9, 9=11, 10=14, 11=10, 12=6, 13=10, 14=7, 15=9, 17=9, 16=8, 19=12, 18=8, 21=10, 20=8, 23=11, 22=7, 25=9, 24=8, 27=6, 26=7, 29=4, 28=7, 31=7, 30=10, 34=9, 35=9, 32=10, 33=6, 38=7, 39=9, 36=12, 37=8, 42=8, 43=8, 40=9, 41=10, 46=10, 47=6, 44=12, 45=7, 51=11, 50=10, 49=8, 48=9, 55=6, 54=7, 53=11, 52=8, 59=7, 58=7, 57=9, 56=9, 63=6, 62=10, 61=14, 60=8, 68=14, 69=11, 70=12, 71=8, 64=9, 65=9, 66=7, 67=9, 76=9, 77=9, 78=12, 79=14, 72=10, 73=12, 74=10, 75=10, 85=9, 84=8, 87=10, 86=8, 81=10, 80=9, 83=10, 82=11, 93=11, 92=11, 95=11, 94=7, 89=10, 88=9, 91=12, 90=12, 98=9, 99=6, 96=9, 97=13}
[HELPING] Avg distance between not played chunks: 4.505485572044016
[HELPING] Min distance between not played chunks: 1.0
[HELPING] Max distance between not played chunks: 14.666666666666666

