Total chunks: 100
Nodes x chunk: 6
Total nodes: 40
Active nodes: 40
Started playbacks: 40
Not started playbacks node-ids: []
Playbacks time-window: 155
Missing chunks distribution [missed-chunks/nodes]: {0=34, 1=5, 3=1}
Rejected chunks for ttl expiration [chunk-id/nodes]: 3 {0=1, 1=6, 2=1}
Rejected chunks for capacity limit [chunk-id/nodes]: 0 {}
bandwidthUtilUp: 0.01575675429894179
bandwidthUtilDown: 0.009291130952380754
Avg # of unsent chunk for max-retries: 0.0
Min # of unsent chunk for max-retries: 0.0
Max # of unsent chunk for max-retries: 0.0
Avg # of unsent chunk-reqs for max-retries: 0.0
Min # of unsent chunk-reqs for max-retries: 0.0
Max # of unsent chunk-reqs for max-retries: 0.0
Avg % of chunks received by Pastry: 4.75
Min % of chunks received by Pastry: 0.0
Max % of chunks received by Pastry: 12.0
StD of chunks received by Pastry: 3.26402300142725
Var of chunks received by Pastry: 10.653846153846155
Avg % of chunks received by StarStream: 94.325
Min % of chunks received by StarStream: 87.0
Max % of chunks received by StarStream: 100.0
StD of chunks received by StarStream: 3.3694517548414655
Var of chunks received by StarStream: 11.353205128204232
[MOJO] Startup Delay: 77.6
[MOJO] Latency: 6.08726042031933
Min of perceived avg chunk delivery-time: 4.96
Max of perceived avg chunk delivery-time: 6.938775510204081
Variance of perceived avg chunk delivery-time: 0.2055103044580893
StD of perceived avg chunk delivery-time: 0.4533324436416274
Avg messages sent per node: 15281.225
Min messages sent per node: 12735.0
Max messages sent per node: 17464.0
Variance of messages sent per node: 1687908.0762820365
StD of messages sent per node: 1299.1951648162938
Nodes with incomplete playbacks: 20
[MOJO] Packet Loss: 25.025
Min % of not played chunks: 0.0
Max % of not played chunks: 99.0
Not played chunks [chunk-id/nodes]: {1=16, 2=11, 3=10, 4=12, 5=7, 6=10, 7=12, 8=10, 9=11, 10=10, 11=11, 12=7, 13=12, 14=11, 15=8, 17=8, 16=9, 19=12, 18=9, 21=8, 20=11, 23=12, 22=11, 25=11, 24=11, 27=10, 26=9, 29=9, 28=9, 31=9, 30=10, 34=9, 35=11, 32=10, 33=8, 38=9, 39=9, 36=11, 37=10, 42=12, 43=9, 40=11, 41=11, 46=11, 47=11, 44=11, 45=9, 51=8, 50=7, 49=8, 48=9, 55=10, 54=8, 53=10, 52=11, 59=9, 58=9, 57=11, 56=10, 63=11, 62=9, 61=10, 60=12, 68=10, 69=12, 70=10, 71=11, 64=11, 65=10, 66=11, 67=9, 76=10, 77=10, 78=9, 79=10, 72=9, 73=11, 74=11, 75=8, 85=8, 84=9, 87=11, 86=13, 81=11, 80=11, 83=12, 82=9, 93=9, 92=10, 95=11, 94=11, 89=11, 88=10, 91=12, 90=9, 98=10, 99=10, 96=12, 97=10}
Avg distance between not played chunks: 3.407289537723142
Min distance between not played chunks: 1.0
Max distance between not played chunks: 31.5

