Total chunks: 100
Nodes x chunk: 6
Total nodes: 40
Active nodes: 40
Started playbacks: 40
Not started playbacks node-ids: []
Playbacks time-window: 198
Missing chunks distribution [missed-chunks/nodes]: {0=37, 1=2, 3=1}
Rejected chunks for ttl expiration [chunk-id/nodes]: 2 {0=4, 1=2}
Rejected chunks for capacity limit [chunk-id/nodes]: 0 {}
bandwidthUtilUp: 0.013538844214141563
bandwidthUtilDown: 0.008489846651732687
Avg # of unsent chunk for max-retries: 0.0
Min # of unsent chunk for max-retries: 0.0
Max # of unsent chunk for max-retries: 0.0
Avg # of unsent chunk-reqs for max-retries: 0.0
Min # of unsent chunk-reqs for max-retries: 0.0
Max # of unsent chunk-reqs for max-retries: 0.0
Avg % of chunks received by Pastry: 7.875
Min % of chunks received by Pastry: 1.0
Max % of chunks received by Pastry: 21.0
StD of chunks received by Pastry: 4.518835225461511
Var of chunks received by Pastry: 20.41987179487179
Avg % of chunks received by StarStream: 91.175
Min % of chunks received by StarStream: 78.0
Max % of chunks received by StarStream: 99.0
StD of chunks received by StarStream: 4.595915131661647
Var of chunks received by StarStream: 21.122435897436493
[NONMOJO] Startup Delay: 70.05
[MOJO] Startup Delay: 76.7
[MOJO] Latency: 7.508220148571768
Min of perceived avg chunk delivery-time: 6.35
Max of perceived avg chunk delivery-time: 10.587628865979381
Variance of perceived avg chunk delivery-time: 0.48401865993223475
StD of perceived avg chunk delivery-time: 0.6957144959911606
Avg messages sent per node: 5892.95
Min messages sent per node: 2174.0
Max messages sent per node: 9363.0
Variance of messages sent per node: 3531794.305128203
StD of messages sent per node: 1879.3068682703745
Nodes with incomplete playbacks: 25
[MOJO] Continuity Index: 71.1
[MOJO] Packet Loss: 28.9
Min % of not played chunks: 0.0
Max % of not played chunks: 99.0
Not played chunks [chunk-id/nodes]: {1=13, 2=10, 3=13, 4=12, 5=11, 6=10, 7=11, 8=11, 9=11, 10=11, 11=11, 12=9, 13=13, 14=8, 15=13, 17=12, 16=13, 19=9, 18=8, 21=10, 20=10, 23=11, 22=12, 25=12, 24=11, 27=11, 26=10, 29=15, 28=10, 31=14, 30=11, 34=10, 35=9, 32=11, 33=13, 38=11, 39=13, 36=11, 37=11, 42=13, 43=10, 40=12, 41=12, 46=10, 47=13, 44=12, 45=11, 51=15, 50=12, 49=13, 48=11, 55=12, 54=14, 53=12, 52=10, 59=10, 58=15, 57=12, 56=12, 63=14, 62=12, 61=13, 60=12, 68=13, 69=10, 70=13, 71=12, 64=11, 65=9, 66=10, 67=12, 76=11, 77=12, 78=15, 79=11, 72=10, 73=13, 74=13, 75=12, 85=12, 84=13, 87=10, 86=11, 81=12, 80=12, 83=14, 82=14, 93=11, 92=10, 95=10, 94=10, 89=13, 88=12, 91=13, 90=14, 98=13, 99=14, 96=12, 97=12}
Avg distance between not played chunks: 4.3715383673425885
Min distance between not played chunks: 1.0
Max distance between not played chunks: 41.5

HELPING PEERS LOG

[HELPING] Active nodes: 0
[HELPING] Started playbacks: 0
[HELPING] Not started playbacks node-ids: []
[HELPING] Playbacks time-window: -9223372036854775807
[HELPING] Missing chunks distribution [missed-chunks/nodes]: {}
[HELPING] Rejected chunks for ttl expiration [chunk-id/nodes]: 0 {}
[HELPING] Rejected chunks for capacity limit [chunk-id/nodes]: 0 {}
[HELPING] bandwidthUtilUp: NaN
[HELPING] bandwidthUtilDown: NaN
[HELPING] Avg # of unsent chunk for max-retries: NaN
[HELPING] Min # of unsent chunk for max-retries: Infinity
[HELPING] Max # of unsent chunk for max-retries: -Infinity
[HELPING] Avg # of unsent chunk-reqs for max-retries: NaN
[HELPING] Min # of unsent chunk-reqs for max-retries: Infinity
[HELPING] Max # of unsent chunk-reqs for max-retries: -Infinity
[HELPING] Avg % of chunks received by Pastry: NaN
[HELPING] Min % of chunks received by Pastry: Infinity
[HELPING] Max % of chunks received by Pastry: -Infinity
[HELPING] StD of chunks received by Pastry: 0.0
[HELPING] Var of chunks received by Pastry: 0.0
[HELPING] Avg % of chunks received by StarStream: NaN
[HELPING] Min % of chunks received by StarStream: Infinity
[HELPING] Max % of chunks received by StarStream: -Infinity
[HELPING] StD of chunks received by StarStream: 0.0
[HELPING] Var of chunks received by StarStream: 0.0
[HELPING] Latency: NaN
[HELPING] Min of perceived avg chunk delivery-time: Infinity
[HELPING] Max of perceived avg chunk delivery-time: -Infinity
[HELPING] Variance of perceived avg chunk delivery-time: 0.0
[HELPING] StD of perceived avg chunk delivery-time: 0.0
[HELPING] Avg messages sent per node: NaN
[HELPING] Min messages sent per node: Infinity
[HELPING] Max messages sent per node: -Infinity
[HELPING] Variance of messages sent per node: 0.0
[HELPING] StD of messages sent per node: 0.0
[HELPING] Nodes with incomplete playbacks: 0
[HELPING] Packet Loss: NaN
[HELPING] Min % of not played chunks: Infinity
[HELPING] Max % of not played chunks: -Infinity
[HELPING] Not played chunks [chunk-id/nodes]: {}
[HELPING] Avg distance between not played chunks: NaN
[HELPING] Min distance between not played chunks: Infinity
[HELPING] Max distance between not played chunks: -Infinity

