Total chunks: 100
Nodes x chunk: 6
Total nodes: 40
Active nodes: 40
Started playbacks: 40
Not started playbacks node-ids: []
Playbacks time-window: 155
Missing chunks distribution [missed-chunks/nodes]: {0=36, 1=3, 3=1}
Rejected chunks for ttl expiration [chunk-id/nodes]: 3 {0=1, 1=4, 2=1}
Rejected chunks for capacity limit [chunk-id/nodes]: 0 {}
bandwidthUtilUp: 0.015453654100529091
bandwidthUtilDown: 0.00911090773809504
Avg # of unsent chunk for max-retries: 0.0
Min # of unsent chunk for max-retries: 0.0
Max # of unsent chunk for max-retries: 0.0
Avg # of unsent chunk-reqs for max-retries: 0.0
Min # of unsent chunk-reqs for max-retries: 0.0
Max # of unsent chunk-reqs for max-retries: 0.0
Avg % of chunks received by Pastry: 4.775
Min % of chunks received by Pastry: 0.0
Max % of chunks received by Pastry: 11.0
StD of chunks received by Pastry: 2.9481632700151903
Var of chunks received by Pastry: 8.691666666666661
Avg % of chunks received by StarStream: 94.35
Min % of chunks received by StarStream: 88.0
Max % of chunks received by StarStream: 100.0
StD of chunks received by StarStream: 3.1341788275524722
Var of chunks received by StarStream: 9.82307692307819
[MOJO] Startup Delay: 74.45
[MOJO] Latency: 6.077564732109652
Min of perceived avg chunk delivery-time: 5.35
Max of perceived avg chunk delivery-time: 6.72
Variance of perceived avg chunk delivery-time: 0.11506218525290442
StD of perceived avg chunk delivery-time: 0.3392081739181773
Avg messages sent per node: 14986.2
Min messages sent per node: 12510.0
Max messages sent per node: 17377.0
Variance of messages sent per node: 1397895.446153818
StD of messages sent per node: 1182.3262858254561
Nodes with incomplete playbacks: 18
[MOJO] Packet Loss: 24.8
Min % of not played chunks: 0.0
Max % of not played chunks: 99.0
Not played chunks [chunk-id/nodes]: {1=14, 2=13, 3=11, 4=11, 5=12, 6=10, 7=10, 8=8, 9=11, 10=12, 11=9, 12=9, 13=10, 14=10, 15=10, 17=9, 16=9, 19=11, 18=10, 21=10, 20=8, 23=11, 22=11, 25=10, 24=11, 27=10, 26=9, 29=8, 28=8, 31=9, 30=8, 34=11, 35=10, 32=9, 33=9, 38=10, 39=10, 36=9, 37=11, 42=10, 43=10, 40=9, 41=11, 46=10, 47=8, 44=11, 45=11, 51=9, 50=11, 49=7, 48=9, 55=9, 54=8, 53=10, 52=11, 59=12, 58=8, 57=11, 56=11, 63=10, 62=11, 61=10, 60=11, 68=11, 69=9, 70=10, 71=10, 64=12, 65=8, 66=10, 67=11, 76=11, 77=11, 78=7, 79=9, 72=9, 73=11, 74=11, 75=9, 85=9, 84=10, 87=10, 86=11, 81=9, 80=9, 83=13, 82=10, 93=12, 92=8, 95=11, 94=10, 89=11, 88=9, 91=10, 90=9, 98=10, 99=10, 96=12, 97=11}
Avg distance between not played chunks: 4.014384417447511
Min distance between not played chunks: 1.0
Max distance between not played chunks: 40.0

