Total chunks: 100
Nodes x chunk: 6
Total nodes: 40
Active nodes: 40
Started playbacks: 40
Not started playbacks node-ids: []
Playbacks time-window: 231
Missing chunks distribution [missed-chunks/nodes]: {0=12, 1=11, 2=4, 3=3, 21=1, 4=1, 5=3, 6=2, 9=1, 10=1, 28=1}
Rejected chunks for ttl expiration [chunk-id/nodes]: 53 {0=1, 1=12, 2=5, 3=1, 4=1, 5=6, 7=1, 8=2, 9=1, 11=1, 12=1, 14=3, 15=1, 16=5, 19=1, 18=6, 22=1, 26=1, 29=1, 28=2, 31=3, 30=1, 33=1, 38=2, 39=3, 42=3, 40=1, 45=1, 51=3, 50=1, 49=1, 54=2, 53=1, 52=2, 57=4, 62=1, 61=3, 71=1, 66=5, 67=2, 76=1, 77=3, 78=2, 74=1, 75=1, 85=1, 81=1, 93=1, 92=2, 94=2, 89=1, 90=1, 97=2}
Rejected chunks for capacity limit [chunk-id/nodes]: 0 {}
Avg # of unsent chunk for max-retries: 0.0
Min # of unsent chunk for max-retries: 0.0
Max # of unsent chunk for max-retries: 0.0
Avg # of unsent chunk-reqs for max-retries: 0.0
Min # of unsent chunk-reqs for max-retries: 0.0
Max # of unsent chunk-reqs for max-retries: 0.0
Avg % of chunks received by Pastry: 17.35
Min % of chunks received by Pastry: 0.0
Max % of chunks received by Pastry: 33.0
StD of chunks received by Pastry: 12.710887721424756
Var of chunks received by Pastry: 161.56666666666663
Avg % of chunks received by StarStream: 81.775
Min % of chunks received by StarStream: 66.0
Max % of chunks received by StarStream: 100.0
StD of chunks received by StarStream: 12.82922844773221
Var of chunks received by StarStream: 164.58910256410138
[MOJO] Startup Delay: 100.125
[MOJO] Latency: 12.509931619683671
Min of perceived avg chunk delivery-time: 8.97979797979798
Max of perceived avg chunk delivery-time: 20.64788732394366
Variance of perceived avg chunk delivery-time: 7.156898769119642
StD of perceived avg chunk delivery-time: 2.675238077091391
Avg messages sent per node: 910.3
Min messages sent per node: 444.0
Max messages sent per node: 1347.0
Variance of messages sent per node: 34100.317948718
StD of messages sent per node: 184.66271401860746
Nodes with incomplete playbacks: 35
[MOJO] Packet Loss: 26.1
Min % of not played chunks: 0.0
Max % of not played chunks: 99.0
Not played chunks [chunk-id/nodes]: {1=26, 2=18, 3=12, 4=12, 5=14, 6=8, 7=9, 8=13, 9=10, 10=7, 11=13, 12=10, 13=8, 14=9, 15=11, 17=10, 16=15, 19=10, 18=16, 21=6, 20=8, 23=8, 22=12, 25=9, 24=9, 27=10, 26=9, 29=11, 28=11, 31=14, 30=12, 34=10, 35=9, 32=10, 33=10, 38=9, 39=14, 36=8, 37=8, 42=9, 43=10, 40=10, 41=9, 46=13, 47=10, 44=9, 45=11, 51=17, 50=10, 49=10, 48=10, 55=11, 54=10, 53=8, 52=10, 59=9, 58=13, 57=12, 56=11, 63=9, 62=10, 61=15, 60=10, 68=7, 69=10, 70=10, 71=12, 64=7, 65=10, 66=12, 67=12, 76=10, 77=12, 78=10, 79=11, 72=10, 73=10, 74=10, 75=11, 85=9, 84=10, 87=7, 86=10, 81=10, 80=9, 83=9, 82=11, 93=11, 92=13, 95=10, 94=10, 89=14, 88=7, 91=7, 90=10, 98=7, 99=10, 96=10, 97=12}
Avg distance between not played chunks: 10.728062618891121
Min distance between not played chunks: 1.0
Max distance between not played chunks: 52.0

