Total chunks: 100
Nodes x chunk: 6
Total nodes: 40
Active nodes: 40
Started playbacks: 40
Not started playbacks node-ids: []
Playbacks time-window: 261
Missing chunks distribution [missed-chunks/nodes]: {0=34, 1=2, 3=3, 5=1}
Rejected chunks for ttl expiration [chunk-id/nodes]: 5 {0=1, 1=2, 2=4, 3=1, 4=1}
Rejected chunks for capacity limit [chunk-id/nodes]: 0 {}
bandwidthUtilUp: 0.011875312271615287
bandwidthUtilDown: 0.0074333246882837215
Avg # of unsent chunk for max-retries: 0.0
Min # of unsent chunk for max-retries: 0.0
Max # of unsent chunk for max-retries: 0.0
Avg # of unsent chunk-reqs for max-retries: 0.0
Min # of unsent chunk-reqs for max-retries: 0.0
Max # of unsent chunk-reqs for max-retries: 0.0
Avg % of chunks received by Pastry: 10.4
Min % of chunks received by Pastry: 0.0
Max % of chunks received by Pastry: 20.0
StD of chunks received by Pastry: 5.550698731714449
Var of chunks received by Pastry: 30.810256410256386
Avg % of chunks received by StarStream: 88.75
Min % of chunks received by StarStream: 80.0
Max % of chunks received by StarStream: 100.0
StD of chunks received by StarStream: 5.642103626603618
Var of chunks received by StarStream: 31.833333333333705
[NONMOJO] Startup Delay: 85.175
[MOJO] Startup Delay: 184.7
[MOJO] Latency: 8.413603828601271
Min of perceived avg chunk delivery-time: 6.37
Max of perceived avg chunk delivery-time: 10.45360824742268
Variance of perceived avg chunk delivery-time: 0.8712171400780112
StD of perceived avg chunk delivery-time: 0.9333901328372886
Avg messages sent per node: 3484.275
Min messages sent per node: 1784.0
Max messages sent per node: 6705.0
Variance of messages sent per node: 1523191.1275641026
StD of messages sent per node: 1234.1762951718456
Nodes with incomplete playbacks: 25
[MOJO] Continuity Index: 70.25
[MOJO] Packet Loss: 29.75
Min % of not played chunks: 0.0
Max % of not played chunks: 99.0
Not played chunks [chunk-id/nodes]: {1=19, 2=15, 3=13, 4=15, 5=10, 6=11, 7=13, 8=11, 9=12, 10=10, 11=9, 12=14, 13=10, 14=13, 15=11, 17=13, 16=12, 19=11, 18=12, 21=11, 20=13, 23=14, 22=10, 25=9, 24=9, 27=11, 26=14, 29=13, 28=13, 31=11, 30=10, 34=13, 35=13, 32=11, 33=10, 38=12, 39=10, 36=12, 37=10, 42=12, 43=10, 40=12, 41=11, 46=11, 47=12, 44=11, 45=12, 51=12, 50=13, 49=13, 48=13, 55=15, 54=12, 53=15, 52=11, 59=13, 58=11, 57=12, 56=12, 63=12, 62=14, 61=10, 60=15, 68=10, 69=12, 70=10, 71=11, 64=10, 65=15, 66=11, 67=14, 76=10, 77=12, 78=11, 79=12, 72=12, 73=12, 74=14, 75=11, 85=13, 84=12, 87=13, 86=9, 81=13, 80=11, 83=13, 82=12, 93=12, 92=11, 95=10, 94=12, 89=14, 88=15, 91=11, 90=13, 98=14, 99=11, 96=15, 97=12}
Avg distance between not played chunks: 3.582991639315447
Min distance between not played chunks: 1.0
Max distance between not played chunks: 34.0

HELPING PEERS LOG

[HELPING] Active nodes: 0
[HELPING] Started playbacks: 0
[HELPING] Not started playbacks node-ids: []
[HELPING] Playbacks time-window: -9223372036854775807
[HELPING] Missing chunks distribution [missed-chunks/nodes]: {}
[HELPING] Rejected chunks for ttl expiration [chunk-id/nodes]: 0 {}
[HELPING] Rejected chunks for capacity limit [chunk-id/nodes]: 0 {}
[HELPING] bandwidthUtilUp: NaN
[HELPING] bandwidthUtilDown: NaN
[HELPING] Avg # of unsent chunk for max-retries: NaN
[HELPING] Min # of unsent chunk for max-retries: Infinity
[HELPING] Max # of unsent chunk for max-retries: -Infinity
[HELPING] Avg # of unsent chunk-reqs for max-retries: NaN
[HELPING] Min # of unsent chunk-reqs for max-retries: Infinity
[HELPING] Max # of unsent chunk-reqs for max-retries: -Infinity
[HELPING] Avg % of chunks received by Pastry: NaN
[HELPING] Min % of chunks received by Pastry: Infinity
[HELPING] Max % of chunks received by Pastry: -Infinity
[HELPING] StD of chunks received by Pastry: 0.0
[HELPING] Var of chunks received by Pastry: 0.0
[HELPING] Avg % of chunks received by StarStream: NaN
[HELPING] Min % of chunks received by StarStream: Infinity
[HELPING] Max % of chunks received by StarStream: -Infinity
[HELPING] StD of chunks received by StarStream: 0.0
[HELPING] Var of chunks received by StarStream: 0.0
[HELPING] Latency: NaN
[HELPING] Min of perceived avg chunk delivery-time: Infinity
[HELPING] Max of perceived avg chunk delivery-time: -Infinity
[HELPING] Variance of perceived avg chunk delivery-time: 0.0
[HELPING] StD of perceived avg chunk delivery-time: 0.0
[HELPING] Avg messages sent per node: NaN
[HELPING] Min messages sent per node: Infinity
[HELPING] Max messages sent per node: -Infinity
[HELPING] Variance of messages sent per node: 0.0
[HELPING] StD of messages sent per node: 0.0
[HELPING] Nodes with incomplete playbacks: 0
[HELPING] Packet Loss: NaN
[HELPING] Min % of not played chunks: Infinity
[HELPING] Max % of not played chunks: -Infinity
[HELPING] Not played chunks [chunk-id/nodes]: {}
[HELPING] Avg distance between not played chunks: NaN
[HELPING] Min distance between not played chunks: Infinity
[HELPING] Max distance between not played chunks: -Infinity

