Total chunks: 100
Nodes x chunk: 6
Total nodes: 50
Active nodes: 40
Started playbacks: 40
Not started playbacks node-ids: []
Playbacks time-window: 201
Missing chunks distribution [missed-chunks/nodes]: {0=35, 1=3, 3=2}
Rejected chunks for ttl expiration [chunk-id/nodes]: 2 {1=5, 2=2}
Rejected chunks for capacity limit [chunk-id/nodes]: 0 {}
bandwidthUtilUp: 0.013136044786017122
bandwidthUtilDown: 0.008139806630945236
Avg # of unsent chunk for max-retries: 0.0
Min # of unsent chunk for max-retries: 0.0
Max # of unsent chunk for max-retries: 0.0
Avg # of unsent chunk-reqs for max-retries: 0.0
Min # of unsent chunk-reqs for max-retries: 0.0
Max # of unsent chunk-reqs for max-retries: 0.0
Avg % of chunks received by Pastry: 8.925
Min % of chunks received by Pastry: 0.0
Max % of chunks received by Pastry: 16.0
StD of chunks received by Pastry: 5.1758190235075405
Var of chunks received by Pastry: 26.789102564102553
Avg % of chunks received by StarStream: 90.175
Min % of chunks received by StarStream: 83.0
Max % of chunks received by StarStream: 100.0
StD of chunks received by StarStream: 5.348795694791134
Var of chunks received by StarStream: 28.609615384616166
[NONMOJO] Startup Delay: 78.85
[MOJO] Startup Delay: -127.7
[MOJO] Latency: 8.156149586013726
Min of perceived avg chunk delivery-time: 6.82
Max of perceived avg chunk delivery-time: 10.73469387755102
Variance of perceived avg chunk delivery-time: 0.8222317981718619
StD of perceived avg chunk delivery-time: 0.9067699808506355
Avg messages sent per node: 4681.9
Min messages sent per node: 2004.0
Max messages sent per node: 7856.0
Variance of messages sent per node: 2258863.1692307726
StD of messages sent per node: 1502.9514859870803
Nodes with incomplete playbacks: 24
[MOJO] Continuity Index: 73.95
[MOJO] Packet Loss: 26.05
Min % of not played chunks: 0.0
Max % of not played chunks: 99.0
Not played chunks [chunk-id/nodes]: {1=14, 2=15, 3=11, 4=10, 5=11, 6=9, 7=10, 8=13, 9=8, 10=10, 11=11, 12=8, 13=9, 14=8, 15=10, 17=10, 16=10, 19=9, 18=9, 21=11, 20=12, 23=11, 22=8, 25=10, 24=8, 27=9, 26=11, 29=14, 28=10, 31=13, 30=12, 34=12, 35=9, 32=11, 33=13, 38=9, 39=10, 36=12, 37=9, 42=11, 43=13, 40=12, 41=10, 46=10, 47=9, 44=9, 45=8, 51=8, 50=9, 49=12, 48=9, 55=11, 54=8, 53=10, 52=8, 59=9, 58=13, 57=12, 56=11, 63=8, 62=10, 61=12, 60=12, 68=12, 69=11, 70=10, 71=12, 64=10, 65=11, 66=13, 67=9, 76=12, 77=11, 78=12, 79=11, 72=12, 73=9, 74=11, 75=10, 85=11, 84=7, 87=13, 86=8, 81=11, 80=12, 83=9, 82=9, 93=13, 92=10, 95=12, 94=10, 89=13, 88=11, 91=13, 90=11, 98=10, 99=9, 96=12, 97=9}
Avg distance between not played chunks: 3.821476590114942
Min distance between not played chunks: 1.0
Max distance between not played chunks: 23.5

HELPING PEERS LOG

[HELPING] Active nodes: 0
[HELPING] Started playbacks: 0
[HELPING] Not started playbacks node-ids: []
[HELPING] Playbacks time-window: -9223372036854775807
[HELPING] Missing chunks distribution [missed-chunks/nodes]: {}
[HELPING] Rejected chunks for ttl expiration [chunk-id/nodes]: 0 {}
[HELPING] Rejected chunks for capacity limit [chunk-id/nodes]: 0 {}
[HELPING] bandwidthUtilUp: NaN
[HELPING] bandwidthUtilDown: NaN
[HELPING] Avg # of unsent chunk for max-retries: NaN
[HELPING] Min # of unsent chunk for max-retries: Infinity
[HELPING] Max # of unsent chunk for max-retries: -Infinity
[HELPING] Avg # of unsent chunk-reqs for max-retries: NaN
[HELPING] Min # of unsent chunk-reqs for max-retries: Infinity
[HELPING] Max # of unsent chunk-reqs for max-retries: -Infinity
[HELPING] Avg % of chunks received by Pastry: NaN
[HELPING] Min % of chunks received by Pastry: Infinity
[HELPING] Max % of chunks received by Pastry: -Infinity
[HELPING] StD of chunks received by Pastry: 0.0
[HELPING] Var of chunks received by Pastry: 0.0
[HELPING] Avg % of chunks received by StarStream: NaN
[HELPING] Min % of chunks received by StarStream: Infinity
[HELPING] Max % of chunks received by StarStream: -Infinity
[HELPING] StD of chunks received by StarStream: 0.0
[HELPING] Var of chunks received by StarStream: 0.0
[HELPING] Latency: NaN
[HELPING] Min of perceived avg chunk delivery-time: Infinity
[HELPING] Max of perceived avg chunk delivery-time: -Infinity
[HELPING] Variance of perceived avg chunk delivery-time: 0.0
[HELPING] StD of perceived avg chunk delivery-time: 0.0
[HELPING] Avg messages sent per node: NaN
[HELPING] Min messages sent per node: Infinity
[HELPING] Max messages sent per node: -Infinity
[HELPING] Variance of messages sent per node: 0.0
[HELPING] StD of messages sent per node: 0.0
[HELPING] Nodes with incomplete playbacks: 0
[HELPING] Packet Loss: NaN
[HELPING] Min % of not played chunks: Infinity
[HELPING] Max % of not played chunks: -Infinity
[HELPING] Not played chunks [chunk-id/nodes]: {}
[HELPING] Avg distance between not played chunks: NaN
[HELPING] Min distance between not played chunks: Infinity
[HELPING] Max distance between not played chunks: -Infinity

