Total chunks: 100
Nodes x chunk: 6
Total nodes: 40
Active nodes: 40
Started playbacks: 40
Not started playbacks node-ids: []
Playbacks time-window: 257
Missing chunks distribution [missed-chunks/nodes]: {0=32, 1=7, 5=1}
Rejected chunks for ttl expiration [chunk-id/nodes]: 3 {2=1, 3=1, 4=1}
Rejected chunks for capacity limit [chunk-id/nodes]: 0 {}
bandwidthUtilUp: 0.01203743620467989
bandwidthUtilDown: 0.00738923932874367
Avg # of unsent chunk for max-retries: 0.0
Min # of unsent chunk for max-retries: 0.0
Max # of unsent chunk for max-retries: 0.0
Avg # of unsent chunk-reqs for max-retries: 0.0
Min # of unsent chunk-reqs for max-retries: 0.0
Max # of unsent chunk-reqs for max-retries: 0.0
Avg % of chunks received by Pastry: 7.975
Min % of chunks received by Pastry: 0.0
Max % of chunks received by Pastry: 18.0
StD of chunks received by Pastry: 6.057364663503979
Var of chunks received by Pastry: 36.69166666666667
Avg % of chunks received by StarStream: 91.3
Min % of chunks received by StarStream: 81.0
Max % of chunks received by StarStream: 100.0
StD of chunks received by StarStream: 6.39390735638638
Var of chunks received by StarStream: 40.882051282051876
[NONMOJO] Startup Delay: 87.825
[MOJO] Startup Delay: 81.9
[MOJO] Latency: 8.35755599225336
Min of perceived avg chunk delivery-time: 6.76
Max of perceived avg chunk delivery-time: 10.887755102040817
Variance of perceived avg chunk delivery-time: 0.8609103493493928
StD of perceived avg chunk delivery-time: 0.9278525472020825
Avg messages sent per node: 3837.0
Min messages sent per node: 1737.0
Max messages sent per node: 6846.0
Variance of messages sent per node: 2039867.692307692
StD of messages sent per node: 1428.2393680009286
Nodes with incomplete playbacks: 27
[MOJO] Continuity Index: 72.75
[MOJO] Packet Loss: 27.25
Min % of not played chunks: 0.0
Max % of not played chunks: 99.0
Not played chunks [chunk-id/nodes]: {1=18, 2=11, 3=12, 4=14, 5=12, 6=10, 7=12, 8=9, 9=11, 10=11, 11=12, 12=7, 13=10, 14=10, 15=12, 17=14, 16=9, 19=8, 18=11, 21=9, 20=13, 23=11, 22=9, 25=13, 24=13, 27=12, 26=12, 29=10, 28=12, 31=12, 30=12, 34=12, 35=9, 32=8, 33=8, 38=10, 39=12, 36=7, 37=13, 42=11, 43=11, 40=12, 41=11, 46=12, 47=11, 44=11, 45=10, 51=12, 50=11, 49=12, 48=8, 55=10, 54=12, 53=11, 52=13, 59=11, 58=11, 57=12, 56=11, 63=11, 62=11, 61=11, 60=12, 68=12, 69=11, 70=10, 71=11, 64=10, 65=13, 66=9, 67=10, 76=10, 77=12, 78=11, 79=12, 72=13, 73=11, 74=10, 75=9, 85=11, 84=10, 87=13, 86=10, 81=14, 80=10, 83=13, 82=8, 93=10, 92=14, 95=11, 94=10, 89=9, 88=12, 91=8, 90=13, 98=9, 99=11, 96=12, 97=10}
Avg distance between not played chunks: 6.66101243088726
Min distance between not played chunks: 1.0
Max distance between not played chunks: 68.0

HELPING PEERS LOG

[HELPING] Active nodes: 0
[HELPING] Started playbacks: 0
[HELPING] Not started playbacks node-ids: []
[HELPING] Playbacks time-window: -9223372036854775807
[HELPING] Missing chunks distribution [missed-chunks/nodes]: {}
[HELPING] Rejected chunks for ttl expiration [chunk-id/nodes]: 0 {}
[HELPING] Rejected chunks for capacity limit [chunk-id/nodes]: 0 {}
[HELPING] bandwidthUtilUp: NaN
[HELPING] bandwidthUtilDown: NaN
[HELPING] Avg # of unsent chunk for max-retries: NaN
[HELPING] Min # of unsent chunk for max-retries: Infinity
[HELPING] Max # of unsent chunk for max-retries: -Infinity
[HELPING] Avg # of unsent chunk-reqs for max-retries: NaN
[HELPING] Min # of unsent chunk-reqs for max-retries: Infinity
[HELPING] Max # of unsent chunk-reqs for max-retries: -Infinity
[HELPING] Avg % of chunks received by Pastry: NaN
[HELPING] Min % of chunks received by Pastry: Infinity
[HELPING] Max % of chunks received by Pastry: -Infinity
[HELPING] StD of chunks received by Pastry: 0.0
[HELPING] Var of chunks received by Pastry: 0.0
[HELPING] Avg % of chunks received by StarStream: NaN
[HELPING] Min % of chunks received by StarStream: Infinity
[HELPING] Max % of chunks received by StarStream: -Infinity
[HELPING] StD of chunks received by StarStream: 0.0
[HELPING] Var of chunks received by StarStream: 0.0
[HELPING] Latency: NaN
[HELPING] Min of perceived avg chunk delivery-time: Infinity
[HELPING] Max of perceived avg chunk delivery-time: -Infinity
[HELPING] Variance of perceived avg chunk delivery-time: 0.0
[HELPING] StD of perceived avg chunk delivery-time: 0.0
[HELPING] Avg messages sent per node: NaN
[HELPING] Min messages sent per node: Infinity
[HELPING] Max messages sent per node: -Infinity
[HELPING] Variance of messages sent per node: 0.0
[HELPING] StD of messages sent per node: 0.0
[HELPING] Nodes with incomplete playbacks: 0
[HELPING] Packet Loss: NaN
[HELPING] Min % of not played chunks: Infinity
[HELPING] Max % of not played chunks: -Infinity
[HELPING] Not played chunks [chunk-id/nodes]: {}
[HELPING] Avg distance between not played chunks: NaN
[HELPING] Min distance between not played chunks: Infinity
[HELPING] Max distance between not played chunks: -Infinity

