Total chunks: 100
Nodes x chunk: 6
Total nodes: 40
Active nodes: 40
Started playbacks: 40
Not started playbacks node-ids: []
Playbacks time-window: 157
Missing chunks distribution [missed-chunks/nodes]: {0=37, 1=2, 3=1}
Rejected chunks for ttl expiration [chunk-id/nodes]: 3 {0=2, 1=3, 2=1}
Rejected chunks for capacity limit [chunk-id/nodes]: 0 {}
bandwidthUtilUp: 0.01584343584656085
bandwidthUtilDown: 0.009340411706348997
Avg # of unsent chunk for max-retries: 0.0
Min # of unsent chunk for max-retries: 0.0
Max # of unsent chunk for max-retries: 0.0
Avg # of unsent chunk-reqs for max-retries: 0.0
Min # of unsent chunk-reqs for max-retries: 0.0
Max # of unsent chunk-reqs for max-retries: 0.0
Avg % of chunks received by Pastry: 4.35
Min % of chunks received by Pastry: 0.0
Max % of chunks received by Pastry: 11.0
StD of chunks received by Pastry: 2.9225033175388604
Var of chunks received by Pastry: 8.541025641025644
Avg % of chunks received by StarStream: 94.725
Min % of chunks received by StarStream: 88.0
Max % of chunks received by StarStream: 100.0
StD of chunks received by StarStream: 3.029661062535924
Var of chunks received by StarStream: 9.178846153846303
[MOJO] Startup Delay: 72.725
[MOJO] Latency: 6.135186588693584
Min of perceived avg chunk delivery-time: 5.05
Max of perceived avg chunk delivery-time: 7.191919191919192
Variance of perceived avg chunk delivery-time: 0.19286719863858845
StD of perceived avg chunk delivery-time: 0.43916648168842354
Avg messages sent per node: 15362.4
Min messages sent per node: 12755.0
Max messages sent per node: 17958.0
Variance of messages sent per node: 1499338.7589743808
StD of messages sent per node: 1224.4748911163433
Nodes with incomplete playbacks: 17
[MOJO] Packet Loss: 24.575
Min % of not played chunks: 0.0
Max % of not played chunks: 99.0
Not played chunks [chunk-id/nodes]: {1=15, 2=9, 3=7, 4=11, 5=9, 6=9, 7=10, 8=9, 9=8, 10=11, 11=10, 12=9, 13=9, 14=9, 15=10, 17=11, 16=11, 19=9, 18=11, 21=10, 20=10, 23=12, 22=12, 25=10, 24=10, 27=10, 26=11, 29=10, 28=9, 31=10, 30=10, 34=9, 35=8, 32=10, 33=10, 38=12, 39=11, 36=10, 37=9, 42=9, 43=9, 40=10, 41=11, 46=11, 47=12, 44=10, 45=10, 51=9, 50=10, 49=8, 48=10, 55=10, 54=9, 53=10, 52=9, 59=9, 58=12, 57=10, 56=10, 63=10, 62=11, 61=10, 60=12, 68=10, 69=13, 70=12, 71=8, 64=12, 65=9, 66=8, 67=10, 76=11, 77=9, 78=9, 79=8, 72=11, 73=6, 74=8, 75=8, 85=9, 84=10, 87=10, 86=8, 81=10, 80=10, 83=12, 82=11, 93=10, 92=10, 95=11, 94=8, 89=11, 88=9, 91=9, 90=12, 98=9, 99=10, 96=12, 97=9}
Avg distance between not played chunks: 3.0095102302380754
Min distance between not played chunks: 1.0
Max distance between not played chunks: 25.0

