Total chunks: 100
Nodes x chunk: 6
Total nodes: 40
Active nodes: 40
Started playbacks: 40
Not started playbacks node-ids: []
Playbacks time-window: 174
Missing chunks distribution [missed-chunks/nodes]: {0=36, 1=2, 2=1, 3=1}
Rejected chunks for ttl expiration [chunk-id/nodes]: 2 {0=2, 2=2}
Rejected chunks for capacity limit [chunk-id/nodes]: 0 {}
bandwidthUtilUp: 0.015855100859788356
bandwidthUtilDown: 0.009345773809523597
Avg # of unsent chunk for max-retries: 0.0
Min # of unsent chunk for max-retries: 0.0
Max # of unsent chunk for max-retries: 0.0
Avg # of unsent chunk-reqs for max-retries: 0.0
Min # of unsent chunk-reqs for max-retries: 0.0
Max # of unsent chunk-reqs for max-retries: 0.0
Avg % of chunks received by Pastry: 4.725
Min % of chunks received by Pastry: 0.0
Max % of chunks received by Pastry: 12.0
StD of chunks received by Pastry: 3.1702745978291897
Var of chunks received by Pastry: 10.05064102564103
Avg % of chunks received by StarStream: 94.4
Min % of chunks received by StarStream: 87.0
Max % of chunks received by StarStream: 100.0
StD of chunks received by StarStream: 3.3573493818479254
Var of chunks received by StarStream: 11.271794871794647
[MOJO] Startup Delay: 74.9
[MOJO] Latency: 6.062214619368522
Min of perceived avg chunk delivery-time: 5.22
Max of perceived avg chunk delivery-time: 7.16
Variance of perceived avg chunk delivery-time: 0.14794080276338478
StD of perceived avg chunk delivery-time: 0.3846307355937442
Avg messages sent per node: 15374.075
Min messages sent per node: 12860.0
Max messages sent per node: 18034.0
Variance of messages sent per node: 1558553.1993589338
StD of messages sent per node: 1248.4202815394076
Nodes with incomplete playbacks: 18
[MOJO] Packet Loss: 24.325
Min % of not played chunks: 0.0
Max % of not played chunks: 99.0
Not played chunks [chunk-id/nodes]: {1=12, 2=12, 3=10, 4=13, 5=11, 6=11, 7=8, 8=11, 9=7, 10=10, 11=10, 12=13, 13=10, 14=8, 15=10, 17=11, 16=8, 19=11, 18=12, 21=9, 20=9, 23=8, 22=9, 25=7, 24=11, 27=10, 26=10, 29=8, 28=11, 31=10, 30=12, 34=8, 35=7, 32=10, 33=9, 38=11, 39=10, 36=12, 37=12, 42=8, 43=8, 40=11, 41=9, 46=9, 47=9, 44=9, 45=10, 51=12, 50=9, 49=10, 48=11, 55=11, 54=9, 53=12, 52=8, 59=8, 58=10, 57=12, 56=11, 63=9, 62=11, 61=9, 60=10, 68=8, 69=13, 70=9, 71=10, 64=7, 65=10, 66=12, 67=9, 76=9, 77=8, 78=9, 79=12, 72=11, 73=9, 74=9, 75=11, 85=11, 84=8, 87=10, 86=9, 81=9, 80=9, 83=11, 82=10, 93=10, 92=8, 95=9, 94=9, 89=11, 88=7, 91=8, 90=11, 98=10, 99=10, 96=10, 97=11}
Avg distance between not played chunks: 1.4243173124828767
Min distance between not played chunks: 1.0
Max distance between not played chunks: 2.7142857142857144

