Total chunks: 100
Nodes x chunk: 6
Total nodes: 40
Active nodes: 40
Started playbacks: 40
Not started playbacks node-ids: []
Playbacks time-window: 129
Missing chunks distribution [missed-chunks/nodes]: {0=34, 1=6}
Rejected chunks for ttl expiration [chunk-id/nodes]: 1 {1=6}
Rejected chunks for capacity limit [chunk-id/nodes]: 0 {}
bandwidthUtilUp: 0.015782961309523797
bandwidthUtilDown: 0.009301324404761698
Avg # of unsent chunk for max-retries: 0.0
Min # of unsent chunk for max-retries: 0.0
Max # of unsent chunk for max-retries: 0.0
Avg # of unsent chunk-reqs for max-retries: 0.0
Min # of unsent chunk-reqs for max-retries: 0.0
Max # of unsent chunk-reqs for max-retries: 0.0
Avg % of chunks received by Pastry: 4.45
Min % of chunks received by Pastry: 0.0
Max % of chunks received by Pastry: 14.0
StD of chunks received by Pastry: 3.5658637965273736
Var of chunks received by Pastry: 12.715384615384615
Avg % of chunks received by StarStream: 94.7
Min % of chunks received by StarStream: 85.0
Max % of chunks received by StarStream: 100.0
StD of chunks received by StarStream: 3.743027706316941
Var of chunks received by StarStream: 14.01025641025626
[MOJO] Startup Delay: 75.575
[MOJO] Latency: 6.105985260770975
Min of perceived avg chunk delivery-time: 5.31
Max of perceived avg chunk delivery-time: 7.377551020408164
Variance of perceived avg chunk delivery-time: 0.19816762341905703
StD of perceived avg chunk delivery-time: 0.44516022218865986
Avg messages sent per node: 15302.925
Min messages sent per node: 12387.0
Max messages sent per node: 17671.0
Variance of messages sent per node: 1469053.096794868
StD of messages sent per node: 1212.0450060929536
Nodes with incomplete playbacks: 20
[MOJO] Packet Loss: 25.225
Min % of not played chunks: 0.0
Max % of not played chunks: 99.0
Not played chunks [chunk-id/nodes]: {1=16, 2=10, 3=8, 4=11, 5=10, 6=11, 7=10, 8=11, 9=10, 10=10, 11=12, 12=11, 13=12, 14=10, 15=9, 17=9, 16=8, 19=10, 18=10, 21=11, 20=11, 23=11, 22=11, 25=12, 24=9, 27=10, 26=13, 29=11, 28=9, 31=10, 30=8, 34=9, 35=10, 32=12, 33=8, 38=12, 39=9, 36=11, 37=10, 42=8, 43=10, 40=12, 41=11, 46=12, 47=8, 44=9, 45=10, 51=9, 50=12, 49=12, 48=10, 55=10, 54=10, 53=10, 52=10, 59=9, 58=11, 57=9, 56=9, 63=9, 62=9, 61=10, 60=9, 68=11, 69=9, 70=10, 71=9, 64=9, 65=9, 66=10, 67=10, 76=12, 77=9, 78=11, 79=10, 72=11, 73=9, 74=9, 75=9, 85=13, 84=8, 87=12, 86=10, 81=10, 80=12, 83=10, 82=8, 93=10, 92=13, 95=11, 94=9, 89=10, 88=10, 91=11, 90=11, 98=11, 99=12, 96=10, 97=8}
Avg distance between not played chunks: 1.3988336632633767
Min distance between not played chunks: 1.0
Max distance between not played chunks: 2.5789473684210527

