Total chunks: 100
Nodes x chunk: 6
Total nodes: 44
Active nodes: 40
Started playbacks: 40
Not started playbacks node-ids: []
Playbacks time-window: 182
Missing chunks distribution [missed-chunks/nodes]: {0=38, 1=1, 3=1}
Rejected chunks for ttl expiration [chunk-id/nodes]: 2 {1=2, 2=1}
Rejected chunks for capacity limit [chunk-id/nodes]: 0 {}
bandwidthUtilUp: 0.013722693192890165
bandwidthUtilDown: 0.007638482174314727
Avg # of unsent chunk for max-retries: 0.0
Min # of unsent chunk for max-retries: 0.0
Max # of unsent chunk for max-retries: 0.0
Avg # of unsent chunk-reqs for max-retries: 0.0
Min # of unsent chunk-reqs for max-retries: 0.0
Max # of unsent chunk-reqs for max-retries: 0.0
Avg % of chunks received by Pastry: 6.725
Min % of chunks received by Pastry: 0.0
Max % of chunks received by Pastry: 15.0
StD of chunks received by Pastry: 4.138546133917575
Var of chunks received by Pastry: 17.127564102564104
Avg % of chunks received by StarStream: 92.425
Min % of chunks received by StarStream: 84.0
Max % of chunks received by StarStream: 100.0
StD of chunks received by StarStream: 4.378780417961024
Var of chunks received by StarStream: 19.173717948718917
[NONMOJO] Startup Delay: 82.95
[MOJO] Startup Delay: 46.9
[MOJO] Latency: 7.530420141877431
Min of perceived avg chunk delivery-time: 6.33
Max of perceived avg chunk delivery-time: 8.797979797979798
Variance of perceived avg chunk delivery-time: 0.39419146149803724
StD of perceived avg chunk delivery-time: 0.6278466863001168
Avg messages sent per node: 6367.35
Min messages sent per node: 4029.0
Max messages sent per node: 9238.0
Variance of messages sent per node: 2267219.5153846038
StD of messages sent per node: 1505.728898369359
Nodes with incomplete playbacks: 20
[MOJO] Continuity Index: 73.45
[MOJO] Packet Loss: 26.55
Min % of not played chunks: 0.0
Max % of not played chunks: 99.0
Not played chunks [chunk-id/nodes]: {1=12, 2=10, 3=10, 4=8, 5=8, 6=7, 7=11, 8=9, 9=12, 10=12, 11=11, 12=11, 13=11, 14=13, 15=9, 17=10, 16=13, 19=12, 18=11, 21=8, 20=12, 23=10, 22=10, 25=12, 24=11, 27=10, 26=10, 29=11, 28=9, 31=11, 30=11, 34=12, 35=11, 32=11, 33=10, 38=11, 39=11, 36=10, 37=10, 42=11, 43=11, 40=11, 41=10, 46=9, 47=14, 44=10, 45=11, 51=10, 50=12, 49=13, 48=11, 55=7, 54=10, 53=11, 52=11, 59=11, 58=12, 57=12, 56=11, 63=12, 62=10, 61=11, 60=8, 68=11, 69=12, 70=10, 71=8, 64=10, 65=11, 66=13, 67=9, 76=9, 77=13, 78=9, 79=12, 72=13, 73=10, 74=11, 75=10, 85=9, 84=12, 87=11, 86=13, 81=12, 80=11, 83=10, 82=13, 93=11, 92=13, 95=11, 94=10, 89=10, 88=10, 91=11, 90=12, 98=9, 99=12, 96=11, 97=10}
Avg distance between not played chunks: 3.194592494668992
Min distance between not played chunks: 1.0
Max distance between not played chunks: 19.25

HELPING PEERS LOG

[HELPING] Active nodes: 4
[HELPING] Started playbacks: 4
[HELPING] Not started playbacks node-ids: []
[HELPING] Playbacks time-window: 71
[HELPING] Missing chunks distribution [missed-chunks/nodes]: {0=4}
[HELPING] Rejected chunks for ttl expiration [chunk-id/nodes]: 0 {}
[HELPING] Rejected chunks for capacity limit [chunk-id/nodes]: 0 {}
[HELPING] bandwidthUtilUp: 0.014698013558661757
[HELPING] bandwidthUtilDown: 0.00846742146816343
[HELPING] Avg # of unsent chunk for max-retries: 0.0
[HELPING] Min # of unsent chunk for max-retries: 0.0
[HELPING] Max # of unsent chunk for max-retries: 0.0
[HELPING] Avg # of unsent chunk-reqs for max-retries: 0.0
[HELPING] Min # of unsent chunk-reqs for max-retries: 0.0
[HELPING] Max # of unsent chunk-reqs for max-retries: 0.0
[HELPING] Avg % of chunks received by Pastry: 4.5
[HELPING] Min % of chunks received by Pastry: 1.0
[HELPING] Max % of chunks received by Pastry: 9.0
[HELPING] StD of chunks received by Pastry: 4.123105625617661
[HELPING] Var of chunks received by Pastry: 17.0
[HELPING] Avg % of chunks received by StarStream: 95.0
[HELPING] Min % of chunks received by StarStream: 90.0
[HELPING] Max % of chunks received by StarStream: 99.0
[HELPING] StD of chunks received by StarStream: 4.69041575982343
[HELPING] Var of chunks received by StarStream: 22.0
[HELPING] Startup Delay: 90.0
[HELPING] Latency: 7.5002272727272725
[HELPING] Min of perceived avg chunk delivery-time: 6.84
[HELPING] Max of perceived avg chunk delivery-time: 8.484848484848484
[HELPING] Variance of perceived avg chunk delivery-time: 0.5338917278849067
[HELPING] StD of perceived avg chunk delivery-time: 0.730678949939648
[HELPING] Avg messages sent per node: 8083.0
[HELPING] Min messages sent per node: 7304.0
[HELPING] Max messages sent per node: 8850.0
[HELPING] Variance of messages sent per node: 770406.6666666666
[HELPING] StD of messages sent per node: 877.7281279910463
[HELPING] Nodes with incomplete playbacks: 2
[HELPING] Packet Loss: 3.75
[HELPING] Min % of not played chunks: 0.0
[HELPING] Max % of not played chunks: 9.0
[HELPING] Not played chunks [chunk-id/nodes]: {85=1, 34=1, 69=1, 16=2, 32=1, 98=1, 22=1, 42=1, 25=2, 95=2, 44=1, 15=1}
[HELPING] Avg distance between not played chunks: 13.2
[HELPING] Min distance between not played chunks: 10.0
[HELPING] Max distance between not played chunks: 16.4

