Total chunks: 100
Nodes x chunk: 6
Total nodes: 52
Active nodes: 40
Started playbacks: 40
Not started playbacks node-ids: []
Playbacks time-window: 318
Missing chunks distribution [missed-chunks/nodes]: {0=36, 1=2, 3=1, 6=1}
Rejected chunks for ttl expiration [chunk-id/nodes]: 6 {0=5, 1=4, 2=2, 3=1, 4=1, 5=1}
Rejected chunks for capacity limit [chunk-id/nodes]: 0 {}
bandwidthUtilUp: 0.01395093724880198
bandwidthUtilDown: 0.00816143647195666
Avg # of unsent chunk for max-retries: 0.0
Min # of unsent chunk for max-retries: 0.0
Max # of unsent chunk for max-retries: 0.0
Avg # of unsent chunk-reqs for max-retries: 0.0
Min # of unsent chunk-reqs for max-retries: 0.0
Max # of unsent chunk-reqs for max-retries: 0.0
Avg % of chunks received by Pastry: 8.1
Min % of chunks received by Pastry: 0.0
Max % of chunks received by Pastry: 15.0
StD of chunks received by Pastry: 4.700245492770319
Var of chunks received by Pastry: 22.092307692307696
Avg % of chunks received by StarStream: 91.025
Min % of chunks received by StarStream: 84.0
Max % of chunks received by StarStream: 100.0
StD of chunks received by StarStream: 4.9171990150739715
Var of chunks received by StarStream: 24.178846153844436
[NONMOJO] Startup Delay: 98.575
[MOJO] Startup Delay: 51.4
[MOJO] Latency: 7.99733394599739
Min of perceived avg chunk delivery-time: 6.57
Max of perceived avg chunk delivery-time: 10.295918367346939
Variance of perceived avg chunk delivery-time: 0.8017636744218692
StD of perceived avg chunk delivery-time: 0.8954125721821585
Avg messages sent per node: 6700.625
Min messages sent per node: 3990.0
Max messages sent per node: 10233.0
Variance of messages sent per node: 2453397.9326923075
StD of messages sent per node: 1566.3326379451803
Nodes with incomplete playbacks: 31
[MOJO] Continuity Index: 58.325
[MOJO] Packet Loss: 41.675
Min % of not played chunks: 0.0
Max % of not played chunks: 99.0
Not played chunks [chunk-id/nodes]: {1=19, 2=18, 3=19, 4=20, 5=20, 6=15, 7=16, 8=20, 9=14, 10=18, 11=18, 12=17, 13=12, 14=19, 15=18, 17=17, 16=13, 19=16, 18=16, 21=18, 20=19, 23=17, 22=16, 25=17, 24=17, 27=13, 26=18, 29=17, 28=17, 31=14, 30=16, 34=14, 35=17, 32=14, 33=13, 38=14, 39=15, 36=17, 37=14, 42=17, 43=19, 40=14, 41=17, 46=18, 47=17, 44=15, 45=17, 51=15, 50=19, 49=17, 48=16, 55=17, 54=14, 53=20, 52=19, 59=18, 58=17, 57=20, 56=17, 63=16, 62=14, 61=16, 60=19, 68=15, 69=17, 70=23, 71=16, 64=19, 65=18, 66=17, 67=18, 76=18, 77=14, 78=19, 79=21, 72=15, 73=20, 74=17, 75=18, 85=17, 84=19, 87=14, 86=13, 81=17, 80=16, 83=15, 82=18, 93=18, 92=18, 95=15, 94=15, 89=19, 88=17, 91=17, 90=20, 98=16, 99=18, 96=15, 97=15}
Avg distance between not played chunks: 4.930323390742501
Min distance between not played chunks: 1.0
Max distance between not played chunks: 62.0

HELPING PEERS LOG

[HELPING] Active nodes: 12
[HELPING] Started playbacks: 12
[HELPING] Not started playbacks node-ids: []
[HELPING] Playbacks time-window: 102
[HELPING] Missing chunks distribution [missed-chunks/nodes]: {0=10, 1=2}
[HELPING] Rejected chunks for ttl expiration [chunk-id/nodes]: 2 {0=2, 1=2}
[HELPING] Rejected chunks for capacity limit [chunk-id/nodes]: 0 {}
[HELPING] bandwidthUtilUp: 0.014000468508401732
[HELPING] bandwidthUtilDown: 0.007326455150150544
[HELPING] Avg # of unsent chunk for max-retries: 0.0
[HELPING] Min # of unsent chunk for max-retries: 0.0
[HELPING] Max # of unsent chunk for max-retries: 0.0
[HELPING] Avg # of unsent chunk-reqs for max-retries: 0.0
[HELPING] Min # of unsent chunk-reqs for max-retries: 0.0
[HELPING] Max # of unsent chunk-reqs for max-retries: 0.0
[HELPING] Avg % of chunks received by Pastry: 6.75
[HELPING] Min % of chunks received by Pastry: 0.0
[HELPING] Max % of chunks received by Pastry: 14.0
[HELPING] StD of chunks received by Pastry: 5.22450519623194
[HELPING] Var of chunks received by Pastry: 27.29545454545454
[HELPING] Avg % of chunks received by StarStream: 92.33333333333333
[HELPING] Min % of chunks received by StarStream: 85.0
[HELPING] Max % of chunks received by StarStream: 100.0
[HELPING] StD of chunks received by StarStream: 5.348463387372213
[HELPING] Var of chunks received by StarStream: 28.606060606061046
[HELPING] Startup Delay: 109.41666666666667
[HELPING] Latency: 8.425896035181749
[HELPING] Min of perceived avg chunk delivery-time: 7.55
[HELPING] Max of perceived avg chunk delivery-time: 9.306122448979592
[HELPING] Variance of perceived avg chunk delivery-time: 0.3291506758303058
[HELPING] StD of perceived avg chunk delivery-time: 0.5737165465892593
[HELPING] Avg messages sent per node: 6317.25
[HELPING] Min messages sent per node: 4430.0
[HELPING] Max messages sent per node: 8549.0
[HELPING] Variance of messages sent per node: 2128109.6590909087
[HELPING] StD of messages sent per node: 1458.8041880564056
[HELPING] Nodes with incomplete playbacks: 7
[HELPING] Packet Loss: 16.5
[HELPING] Min % of not played chunks: 0.0
[HELPING] Max % of not played chunks: 89.0
[HELPING] Not played chunks [chunk-id/nodes]: {1=4, 2=2, 3=1, 4=1, 5=3, 6=2, 7=2, 8=3, 9=1, 10=2, 11=2, 12=2, 13=1, 14=1, 15=2, 17=2, 16=2, 19=2, 18=1, 21=3, 20=2, 23=1, 22=1, 25=2, 24=2, 27=2, 26=1, 29=1, 28=3, 31=1, 30=1, 34=2, 35=3, 32=2, 33=1, 38=2, 39=2, 36=2, 37=1, 42=1, 43=1, 40=2, 41=2, 46=1, 47=2, 44=2, 45=1, 51=2, 50=2, 49=1, 48=2, 55=3, 54=2, 53=1, 52=4, 59=2, 58=3, 57=4, 56=2, 63=2, 62=3, 61=2, 60=2, 68=1, 69=3, 70=2, 71=2, 64=1, 65=3, 66=2, 67=3, 76=2, 77=1, 78=3, 79=2, 72=2, 73=2, 74=2, 75=1, 85=3, 84=4, 87=2, 86=3, 81=2, 80=1, 83=2, 82=3, 93=3, 92=3, 95=1, 94=2, 89=4, 88=1, 91=2, 90=1, 98=3, 99=1, 96=3, 97=2}
[HELPING] Avg distance between not played chunks: 2.4320813397129184
[HELPING] Min distance between not played chunks: 1.1022727272727273
[HELPING] Max distance between not played chunks: 3.88

