Total chunks: 100
Nodes x chunk: 6
Total nodes: 64
Active nodes: 40
Started playbacks: 40
Not started playbacks node-ids: []
Playbacks time-window: 160
Missing chunks distribution [missed-chunks/nodes]: {0=20, 1=13, 2=2, 3=3, 4=1, 12=1}
Rejected chunks for ttl expiration [chunk-id/nodes]: 23 {35=1, 69=1, 1=4, 2=4, 6=1, 8=2, 12=1, 46=1, 45=1, 15=1, 85=3, 49=1, 18=1, 48=1, 55=1, 54=1, 20=3, 80=1, 83=1, 25=1, 59=1, 29=1, 88=1}
Rejected chunks for capacity limit [chunk-id/nodes]: 0 {}
bandwidthUtilUp: 0.010756531084656077
bandwidthUtilDown: 0.006269990079365151
Avg # of unsent chunk for max-retries: 0.0
Min # of unsent chunk for max-retries: 0.0
Max # of unsent chunk for max-retries: 0.0
Avg # of unsent chunk-reqs for max-retries: 0.0
Min # of unsent chunk-reqs for max-retries: 0.0
Max # of unsent chunk-reqs for max-retries: 0.0
Avg % of chunks received by Pastry: 23.7
Min % of chunks received by Pastry: 0.0
Max % of chunks received by Pastry: 36.0
StD of chunks received by Pastry: 9.900012950004482
Var of chunks received by Pastry: 98.01025641025646
Avg % of chunks received by StarStream: 75.4
Min % of chunks received by StarStream: 63.0
Max % of chunks received by StarStream: 100.0
StD of chunks received by StarStream: 10.142067760646123
Var of chunks received by StarStream: 102.86153846153748
[MOJO] Startup Delay: 123.325
[MOJO] Latency: 14.782239097744556
Min of perceived avg chunk delivery-time: 10.97979797979798
Max of perceived avg chunk delivery-time: 23.988505747126435
Variance of perceived avg chunk delivery-time: 6.886039970287764
StD of perceived avg chunk delivery-time: 2.6241265156786486
Avg messages sent per node: 959.725
Min messages sent per node: 667.0
Max messages sent per node: 1521.0
Variance of messages sent per node: 27000.358333333323
StD of messages sent per node: 164.31785762154192
Nodes with incomplete playbacks: 35
[MOJO] Packet Loss: 39.85
Min % of not played chunks: 0.0
Max % of not played chunks: 99.0
Not played chunks [chunk-id/nodes]: {1=25, 2=21, 3=17, 4=12, 5=16, 6=20, 7=16, 8=21, 9=17, 10=15, 11=16, 12=16, 13=19, 14=14, 15=20, 17=14, 16=14, 19=13, 18=13, 21=16, 20=20, 23=19, 22=14, 25=18, 24=17, 27=16, 26=17, 29=19, 28=14, 31=15, 30=14, 34=17, 35=14, 32=17, 33=21, 38=13, 39=19, 36=16, 37=17, 42=17, 43=15, 40=11, 41=17, 46=14, 47=19, 44=12, 45=19, 51=16, 50=18, 49=13, 48=23, 55=20, 54=15, 53=13, 52=18, 59=15, 58=15, 57=16, 56=13, 63=16, 62=14, 61=15, 60=14, 68=11, 69=16, 70=13, 71=14, 64=12, 65=16, 66=14, 67=15, 76=18, 77=18, 78=16, 79=21, 72=15, 73=16, 74=19, 75=17, 85=14, 84=19, 87=15, 86=16, 81=16, 80=17, 83=18, 82=14, 93=15, 92=13, 95=14, 94=15, 89=15, 88=16, 91=20, 90=13, 98=17, 99=16, 96=16, 97=14}
Avg distance between not played chunks: 3.5127775441473785
Min distance between not played chunks: 1.0
Max distance between not played chunks: 15.0

