Total chunks: 100
Nodes x chunk: 6
Total nodes: 68
Active nodes: 40
Started playbacks: 40
Not started playbacks node-ids: []
Playbacks time-window: 99
Missing chunks distribution [missed-chunks/nodes]: {0=40}
Rejected chunks for ttl expiration [chunk-id/nodes]: 0 {}
Rejected chunks for capacity limit [chunk-id/nodes]: 0 {}
bandwidthUtilUp: 0.014498476394798005
bandwidthUtilDown: 0.008433208675709954
Avg # of unsent chunk for max-retries: 0.0
Min # of unsent chunk for max-retries: 0.0
Max # of unsent chunk for max-retries: 0.0
Avg # of unsent chunk-reqs for max-retries: 0.0
Min # of unsent chunk-reqs for max-retries: 0.0
Max # of unsent chunk-reqs for max-retries: 0.0
Avg % of chunks received by Pastry: 9.175
Min % of chunks received by Pastry: 0.0
Max % of chunks received by Pastry: 18.0
StD of chunks received by Pastry: 4.431168740891776
Var of chunks received by Pastry: 19.635256410256407
Avg % of chunks received by StarStream: 89.925
Min % of chunks received by StarStream: 81.0
Max % of chunks received by StarStream: 100.0
StD of chunks received by StarStream: 4.6320372656931035
Var of chunks received by StarStream: 21.45576923076964
[NONMOJO] Startup Delay: 114.85
[MOJO] Startup Delay: 55.1
[MOJO] Latency: 8.799441919191919
Min of perceived avg chunk delivery-time: 7.42
Max of perceived avg chunk delivery-time: 10.77
Variance of perceived avg chunk delivery-time: 0.5404332844045128
StD of perceived avg chunk delivery-time: 0.7351416764165345
Avg messages sent per node: 6740.525
Min messages sent per node: 4491.0
Max messages sent per node: 9349.0
Variance of messages sent per node: 2029516.9737179538
StD of messages sent per node: 1424.6111657985675
Nodes with incomplete playbacks: 32
[MOJO] Continuity Index: 56.9
[MOJO] Packet Loss: 43.1
Min % of not played chunks: 0.0
Max % of not played chunks: 99.0
Not played chunks [chunk-id/nodes]: {1=20, 2=18, 3=21, 4=22, 5=12, 6=17, 7=15, 8=15, 9=14, 10=21, 11=17, 12=14, 13=16, 14=16, 15=17, 17=20, 16=15, 19=20, 18=17, 21=16, 20=18, 23=14, 22=15, 25=16, 24=17, 27=20, 26=14, 29=20, 28=11, 31=22, 30=16, 34=16, 35=15, 32=22, 33=14, 38=17, 39=16, 36=15, 37=18, 42=17, 43=16, 40=21, 41=22, 46=18, 47=19, 44=18, 45=19, 51=15, 50=16, 49=16, 48=16, 55=17, 54=22, 53=19, 52=18, 59=15, 58=13, 57=18, 56=14, 63=17, 62=15, 61=16, 60=15, 68=15, 69=16, 70=17, 71=17, 64=20, 65=19, 66=18, 67=17, 76=17, 77=18, 78=19, 79=18, 72=17, 73=18, 74=18, 75=23, 85=15, 84=20, 87=18, 86=16, 81=22, 80=20, 83=20, 82=18, 93=14, 92=18, 95=17, 94=20, 89=18, 88=15, 91=23, 90=19, 98=19, 99=16, 96=20, 97=18}
Avg distance between not played chunks: 2.732082517750387
Min distance between not played chunks: 1.0
Max distance between not played chunks: 15.8

HELPING PEERS LOG

[HELPING] Active nodes: 28
[HELPING] Started playbacks: 28
[HELPING] Not started playbacks node-ids: []
[HELPING] Playbacks time-window: 202
[HELPING] Missing chunks distribution [missed-chunks/nodes]: {0=24, 1=3, 3=1}
[HELPING] Rejected chunks for ttl expiration [chunk-id/nodes]: 2 {1=4, 2=1}
[HELPING] Rejected chunks for capacity limit [chunk-id/nodes]: 0 {}
[HELPING] bandwidthUtilUp: 0.014732535701769214
[HELPING] bandwidthUtilDown: 0.008754038173621023
[HELPING] Avg # of unsent chunk for max-retries: 0.0
[HELPING] Min # of unsent chunk for max-retries: 0.0
[HELPING] Max # of unsent chunk for max-retries: 0.0
[HELPING] Avg # of unsent chunk-reqs for max-retries: 0.0
[HELPING] Min # of unsent chunk-reqs for max-retries: 0.0
[HELPING] Max # of unsent chunk-reqs for max-retries: 0.0
[HELPING] Avg % of chunks received by Pastry: 6.964285714285714
[HELPING] Min % of chunks received by Pastry: 0.0
[HELPING] Max % of chunks received by Pastry: 18.0
[HELPING] StD of chunks received by Pastry: 4.999867723118007
[HELPING] Var of chunks received by Pastry: 24.99867724867725
[HELPING] Avg % of chunks received by StarStream: 92.21428571428571
[HELPING] Min % of chunks received by StarStream: 81.0
[HELPING] Max % of chunks received by StarStream: 100.0
[HELPING] StD of chunks received by StarStream: 5.244800902602284
[HELPING] Var of chunks received by StarStream: 27.50793650793774
[HELPING] Startup Delay: 136.92857142857142
[HELPING] Latency: 8.886324737106875
[HELPING] Min of perceived avg chunk delivery-time: 7.77
[HELPING] Max of perceived avg chunk delivery-time: 10.54639175257732
[HELPING] Variance of perceived avg chunk delivery-time: 0.46841228334643487
[HELPING] StD of perceived avg chunk delivery-time: 0.6844065190706725
[HELPING] Avg messages sent per node: 7229.142857142857
[HELPING] Min messages sent per node: 4147.0
[HELPING] Max messages sent per node: 10140.0
[HELPING] Variance of messages sent per node: 2618959.9047619137
[HELPING] StD of messages sent per node: 1618.3200872392067
[HELPING] Nodes with incomplete playbacks: 21
[HELPING] Packet Loss: 33.75
[HELPING] Min % of not played chunks: 0.0
[HELPING] Max % of not played chunks: 99.0
[HELPING] Not played chunks [chunk-id/nodes]: {1=12, 2=11, 3=12, 4=13, 5=10, 6=10, 7=9, 8=6, 9=10, 10=11, 11=9, 12=11, 13=11, 14=12, 15=7, 17=9, 16=9, 19=10, 18=8, 21=9, 20=7, 23=10, 22=9, 25=8, 24=10, 27=9, 26=8, 29=11, 28=7, 31=10, 30=7, 34=7, 35=9, 32=11, 33=11, 38=10, 39=6, 36=12, 37=9, 42=11, 43=11, 40=8, 41=9, 46=11, 47=12, 44=11, 45=11, 51=7, 50=9, 49=10, 48=9, 55=10, 54=9, 53=8, 52=10, 59=9, 58=8, 57=8, 56=11, 63=10, 62=8, 61=11, 60=7, 68=12, 69=10, 70=8, 71=9, 64=8, 65=10, 66=10, 67=11, 76=8, 77=15, 78=8, 79=7, 72=12, 73=9, 74=9, 75=12, 85=12, 84=9, 87=9, 86=12, 81=11, 80=9, 83=9, 82=9, 93=8, 92=7, 95=5, 94=7, 89=11, 88=11, 91=10, 90=12, 98=9, 99=8, 96=10, 97=11}
[HELPING] Avg distance between not played chunks: 4.280098764509585
[HELPING] Min distance between not played chunks: 1.0
[HELPING] Max distance between not played chunks: 21.5

