Total chunks: 100
Nodes x chunk: 6
Total nodes: 76
Active nodes: 40
Started playbacks: 40
Not started playbacks node-ids: []
Playbacks time-window: 337
Missing chunks distribution [missed-chunks/nodes]: {0=37, 5=1, 6=2}
Rejected chunks for ttl expiration [chunk-id/nodes]: 6 {0=4, 1=3, 2=3, 3=3, 4=3, 5=2}
Rejected chunks for capacity limit [chunk-id/nodes]: 0 {}
bandwidthUtilUp: 0.014295331937751973
bandwidthUtilDown: 0.008181373187206891
Avg # of unsent chunk for max-retries: 0.0
Min # of unsent chunk for max-retries: 0.0
Max # of unsent chunk for max-retries: 0.0
Avg # of unsent chunk-reqs for max-retries: 0.0
Min # of unsent chunk-reqs for max-retries: 0.0
Max # of unsent chunk-reqs for max-retries: 0.0
Avg % of chunks received by Pastry: 9.775
Min % of chunks received by Pastry: 1.0
Max % of chunks received by Pastry: 20.0
StD of chunks received by Pastry: 4.526205746708655
Var of chunks received by Pastry: 20.486538461538455
Avg % of chunks received by StarStream: 89.275
Min % of chunks received by StarStream: 80.0
Max % of chunks received by StarStream: 99.0
StD of chunks received by StarStream: 4.523372352117018
Var of chunks received by StarStream: 20.46089743589665
[NONMOJO] Startup Delay: 145.875
[MOJO] Startup Delay: 88.6
[MOJO] Latency: 9.061062438494687
Min of perceived avg chunk delivery-time: 7.28
Max of perceived avg chunk delivery-time: 10.76
Variance of perceived avg chunk delivery-time: 0.46386273619135954
StD of perceived avg chunk delivery-time: 0.6810746920796276
Avg messages sent per node: 6605.425
Min messages sent per node: 4409.0
Max messages sent per node: 9614.0
Variance of messages sent per node: 1969645.7891025678
StD of messages sent per node: 1403.4406966817544
Nodes with incomplete playbacks: 37
[MOJO] Continuity Index: 51.625
[MOJO] Packet Loss: 48.375
Min % of not played chunks: 0.0
Max % of not played chunks: 99.0
Not played chunks [chunk-id/nodes]: {1=22, 2=21, 3=23, 4=22, 5=26, 6=22, 7=17, 8=20, 9=16, 10=18, 11=17, 12=16, 13=18, 14=18, 15=18, 17=20, 16=18, 19=19, 18=22, 21=19, 20=16, 23=22, 22=18, 25=20, 24=23, 27=20, 26=17, 29=18, 28=18, 31=21, 30=16, 34=21, 35=19, 32=21, 33=18, 38=22, 39=23, 36=23, 37=20, 42=22, 43=21, 40=17, 41=20, 46=18, 47=22, 44=19, 45=22, 51=18, 50=22, 49=26, 48=18, 55=20, 54=21, 53=19, 52=21, 59=19, 58=13, 57=16, 56=17, 63=19, 62=17, 61=13, 60=20, 68=16, 69=16, 70=22, 71=22, 64=24, 65=18, 66=22, 67=20, 76=18, 77=21, 78=18, 79=21, 72=16, 73=15, 74=20, 75=22, 85=20, 84=18, 87=19, 86=20, 81=18, 80=18, 83=20, 82=21, 93=21, 92=19, 95=21, 94=18, 89=25, 88=22, 91=19, 90=20, 98=19, 99=19, 96=18, 97=21}
Avg distance between not played chunks: 3.0370556584322794
Min distance between not played chunks: 1.0
Max distance between not played chunks: 20.25

HELPING PEERS LOG

[HELPING] Active nodes: 36
[HELPING] Started playbacks: 36
[HELPING] Not started playbacks node-ids: []
[HELPING] Playbacks time-window: 311
[HELPING] Missing chunks distribution [missed-chunks/nodes]: {0=32, 2=1, 3=1, 5=1, 6=1}
[HELPING] Rejected chunks for ttl expiration [chunk-id/nodes]: 6 {0=4, 1=4, 2=3, 3=2, 4=2, 5=1}
[HELPING] Rejected chunks for capacity limit [chunk-id/nodes]: 0 {}
[HELPING] bandwidthUtilUp: 0.015020510425286373
[HELPING] bandwidthUtilDown: 0.009013180764912247
[HELPING] Avg # of unsent chunk for max-retries: 0.0
[HELPING] Min # of unsent chunk for max-retries: 0.0
[HELPING] Max # of unsent chunk for max-retries: 0.0
[HELPING] Avg # of unsent chunk-reqs for max-retries: 0.0
[HELPING] Min # of unsent chunk-reqs for max-retries: 0.0
[HELPING] Max # of unsent chunk-reqs for max-retries: 0.0
[HELPING] Avg % of chunks received by Pastry: 8.583333333333334
[HELPING] Min % of chunks received by Pastry: 0.0
[HELPING] Max % of chunks received by Pastry: 14.0
[HELPING] StD of chunks received by Pastry: 4.22492603485552
[HELPING] Var of chunks received by Pastry: 17.849999999999987
[HELPING] Avg % of chunks received by StarStream: 90.5
[HELPING] Min % of chunks received by StarStream: 85.0
[HELPING] Max % of chunks received by StarStream: 100.0
[HELPING] StD of chunks received by StarStream: 4.378518992927673
[HELPING] Var of chunks received by StarStream: 19.17142857142836
[HELPING] Startup Delay: 154.38888888888889
[HELPING] Latency: 9.26988090605959
[HELPING] Min of perceived avg chunk delivery-time: 8.14
[HELPING] Max of perceived avg chunk delivery-time: 10.434343434343434
[HELPING] Variance of perceived avg chunk delivery-time: 0.3178616166715122
[HELPING] StD of perceived avg chunk delivery-time: 0.5637921750711978
[HELPING] Avg messages sent per node: 7212.611111111111
[HELPING] Min messages sent per node: 4510.0
[HELPING] Max messages sent per node: 9850.0
[HELPING] Variance of messages sent per node: 2300132.758730154
[HELPING] StD of messages sent per node: 1516.6188574358932
[HELPING] Nodes with incomplete playbacks: 29
[HELPING] Packet Loss: 30.75
[HELPING] Min % of not played chunks: 0.0
[HELPING] Max % of not played chunks: 99.0
[HELPING] Not played chunks [chunk-id/nodes]: {1=14, 2=14, 3=14, 4=13, 5=9, 6=12, 7=10, 8=10, 9=14, 10=10, 11=10, 12=6, 13=12, 14=14, 15=10, 17=10, 16=7, 19=8, 18=11, 21=11, 20=10, 23=12, 22=11, 25=10, 24=12, 27=10, 26=8, 29=11, 28=12, 31=10, 30=8, 34=10, 35=10, 32=11, 33=11, 38=14, 39=12, 36=14, 37=10, 42=14, 43=9, 40=9, 41=10, 46=13, 47=10, 44=11, 45=9, 51=14, 50=6, 49=15, 48=9, 55=13, 54=17, 53=13, 52=10, 59=11, 58=6, 57=11, 56=13, 63=13, 62=12, 61=11, 60=11, 68=11, 69=9, 70=18, 71=10, 64=12, 65=8, 66=10, 67=12, 76=7, 77=12, 78=14, 79=11, 72=10, 73=13, 74=11, 75=15, 85=13, 84=9, 87=11, 86=17, 81=13, 80=8, 83=10, 82=12, 93=9, 92=7, 95=11, 94=15, 89=11, 88=10, 91=11, 90=12, 98=15, 99=11, 96=11, 97=13}
[HELPING] Avg distance between not played chunks: 3.639886498682746
[HELPING] Min distance between not played chunks: 1.0
[HELPING] Max distance between not played chunks: 14.333333333333334

