Total chunks: 100
Nodes x chunk: 6
Total nodes: 44
Active nodes: 44
Started playbacks: 44
Not started playbacks node-ids: []
Playbacks time-window: 561
Missing chunks distribution [missed-chunks/nodes]: {0=37, 1=4, 3=1, 4=1, 11=1}
Rejected chunks for ttl expiration [chunk-id/nodes]: 10 {1=7, 2=3, 3=2, 4=1, 5=1, 6=1, 7=1, 8=1, 9=1, 10=1}
Rejected chunks for capacity limit [chunk-id/nodes]: 0 {}
bandwidthUtilUp: 0.011323223920473092
bandwidthUtilDown: 0.00688149196281898
Avg # of unsent chunk for max-retries: 0.0
Min # of unsent chunk for max-retries: 0.0
Max # of unsent chunk for max-retries: 0.0
Avg # of unsent chunk-reqs for max-retries: 0.0
Min # of unsent chunk-reqs for max-retries: 0.0
Max # of unsent chunk-reqs for max-retries: 0.0
Avg % of chunks received by Pastry: 11.590909090909092
Min % of chunks received by Pastry: 1.0
Max % of chunks received by Pastry: 28.0
StD of chunks received by Pastry: 6.456718807489233
Var of chunks received by Pastry: 41.68921775898519
Avg % of chunks received by StarStream: 87.43181818181819
Min % of chunks received by StarStream: 71.0
Max % of chunks received by StarStream: 98.0
StD of chunks received by StarStream: 6.49292182508286
Var of chunks received by StarStream: 42.15803382663733
[NONMOJO] Startup Delay: 94.11363636363636
[MOJO] Startup Delay: 84.2
[MOJO] Latency: 9.10802341822742
Min of perceived avg chunk delivery-time: 7.5
Max of perceived avg chunk delivery-time: 12.1
Variance of perceived avg chunk delivery-time: 1.436405367460111
StD of perceived avg chunk delivery-time: 1.1985013005667164
Avg messages sent per node: 3141.0227272727275
Min messages sent per node: 1473.0
Max messages sent per node: 6190.0
Variance of messages sent per node: 1321037.325052853
StD of messages sent per node: 1149.363878435743
Nodes with incomplete playbacks: 29
[MOJO] Continuity Index: 72.5909090909091
[MOJO] Packet Loss: 27.40909090909091
Min % of not played chunks: 0.0
Max % of not played chunks: 99.0
Not played chunks [chunk-id/nodes]: {1=18, 2=14, 3=13, 4=11, 5=16, 6=13, 7=11, 8=10, 9=12, 10=11, 11=12, 12=11, 13=13, 14=10, 15=13, 17=13, 16=10, 19=15, 18=15, 21=11, 20=9, 23=10, 22=9, 25=12, 24=11, 27=9, 26=12, 29=12, 28=10, 31=15, 30=11, 34=12, 35=7, 32=12, 33=10, 38=15, 39=12, 36=12, 37=11, 42=12, 43=16, 40=11, 41=14, 46=17, 47=15, 44=10, 45=12, 51=11, 50=12, 49=14, 48=9, 55=12, 54=12, 53=15, 52=14, 59=10, 58=12, 57=11, 56=17, 63=12, 62=15, 61=12, 60=11, 68=10, 69=12, 70=13, 71=16, 64=13, 65=14, 66=13, 67=10, 76=11, 77=17, 78=14, 79=11, 72=13, 73=12, 74=13, 75=12, 85=11, 84=10, 87=16, 86=16, 81=12, 80=9, 83=13, 82=12, 93=12, 92=11, 95=9, 94=12, 89=13, 88=14, 91=10, 90=11, 98=10, 99=12, 96=10, 97=10}
Avg distance between not played chunks: 4.885873493086036
Min distance between not played chunks: 1.0
Max distance between not played chunks: 32.333333333333336

HELPING PEERS LOG

[HELPING] Active nodes: 0
[HELPING] Started playbacks: 0
[HELPING] Not started playbacks node-ids: []
[HELPING] Playbacks time-window: -9223372036854775807
[HELPING] Missing chunks distribution [missed-chunks/nodes]: {}
[HELPING] Rejected chunks for ttl expiration [chunk-id/nodes]: 0 {}
[HELPING] Rejected chunks for capacity limit [chunk-id/nodes]: 0 {}
[HELPING] bandwidthUtilUp: NaN
[HELPING] bandwidthUtilDown: NaN
[HELPING] Avg # of unsent chunk for max-retries: NaN
[HELPING] Min # of unsent chunk for max-retries: Infinity
[HELPING] Max # of unsent chunk for max-retries: -Infinity
[HELPING] Avg # of unsent chunk-reqs for max-retries: NaN
[HELPING] Min # of unsent chunk-reqs for max-retries: Infinity
[HELPING] Max # of unsent chunk-reqs for max-retries: -Infinity
[HELPING] Avg % of chunks received by Pastry: NaN
[HELPING] Min % of chunks received by Pastry: Infinity
[HELPING] Max % of chunks received by Pastry: -Infinity
[HELPING] StD of chunks received by Pastry: 0.0
[HELPING] Var of chunks received by Pastry: 0.0
[HELPING] Avg % of chunks received by StarStream: NaN
[HELPING] Min % of chunks received by StarStream: Infinity
[HELPING] Max % of chunks received by StarStream: -Infinity
[HELPING] StD of chunks received by StarStream: 0.0
[HELPING] Var of chunks received by StarStream: 0.0
[HELPING] Latency: NaN
[HELPING] Min of perceived avg chunk delivery-time: Infinity
[HELPING] Max of perceived avg chunk delivery-time: -Infinity
[HELPING] Variance of perceived avg chunk delivery-time: 0.0
[HELPING] StD of perceived avg chunk delivery-time: 0.0
[HELPING] Avg messages sent per node: NaN
[HELPING] Min messages sent per node: Infinity
[HELPING] Max messages sent per node: -Infinity
[HELPING] Variance of messages sent per node: 0.0
[HELPING] StD of messages sent per node: 0.0
[HELPING] Nodes with incomplete playbacks: 0
[HELPING] Packet Loss: NaN
[HELPING] Min % of not played chunks: Infinity
[HELPING] Max % of not played chunks: -Infinity
[HELPING] Not played chunks [chunk-id/nodes]: {}
[HELPING] Avg distance between not played chunks: NaN
[HELPING] Min distance between not played chunks: Infinity
[HELPING] Max distance between not played chunks: -Infinity

