Total chunks: 100
Nodes x chunk: 6
Total nodes: 44
Active nodes: 44
Started playbacks: 44
Not started playbacks node-ids: []
Playbacks time-window: 712
Missing chunks distribution [missed-chunks/nodes]: {0=35, 1=5, 3=1, 9=1, 13=2}
Rejected chunks for ttl expiration [chunk-id/nodes]: 13 {0=2, 1=7, 2=2, 3=1, 4=1, 5=1, 6=1, 7=1, 8=1, 9=2, 10=2, 11=2, 13=1}
Rejected chunks for capacity limit [chunk-id/nodes]: 0 {}
bandwidthUtilUp: 0.012277427202253359
bandwidthUtilDown: 0.007559442825187993
Avg # of unsent chunk for max-retries: 0.0
Min # of unsent chunk for max-retries: 0.0
Max # of unsent chunk for max-retries: 0.0
Avg # of unsent chunk-reqs for max-retries: 0.0
Min # of unsent chunk-reqs for max-retries: 0.0
Max # of unsent chunk-reqs for max-retries: 0.0
Avg % of chunks received by Pastry: 8.227272727272727
Min % of chunks received by Pastry: 0.0
Max % of chunks received by Pastry: 24.0
StD of chunks received by Pastry: 5.810430222087736
Var of chunks received by Pastry: 33.76109936575054
Avg % of chunks received by StarStream: 90.9090909090909
Min % of chunks received by StarStream: 75.0
Max % of chunks received by StarStream: 100.0
StD of chunks received by StarStream: 5.964305381954997
Var of chunks received by StarStream: 35.572938689217345
[NONMOJO] Startup Delay: 127.25
[MOJO] Startup Delay: 75.8
[MOJO] Latency: 8.541621562720314
Min of perceived avg chunk delivery-time: 6.59
Max of perceived avg chunk delivery-time: 16.655172413793103
Variance of perceived avg chunk delivery-time: 3.020807157522255
StD of perceived avg chunk delivery-time: 1.7380469376637258
Avg messages sent per node: 4495.204545454545
Min messages sent per node: 2024.0
Max messages sent per node: 9003.0
Variance of messages sent per node: 2321613.5153276986
StD of messages sent per node: 1523.6841914674112
Nodes with incomplete playbacks: 28
[MOJO] Continuity Index: 71.04545454545455
[MOJO] Packet Loss: 28.954545454545453
Min % of not played chunks: 0.0
Max % of not played chunks: 99.0
Not played chunks [chunk-id/nodes]: {1=20, 2=16, 3=15, 4=14, 5=14, 6=14, 7=14, 8=14, 9=15, 10=17, 11=14, 12=16, 13=13, 14=13, 15=12, 17=16, 16=12, 19=13, 18=11, 21=15, 20=13, 23=13, 22=13, 25=12, 24=12, 27=14, 26=11, 29=14, 28=11, 31=11, 30=13, 34=12, 35=15, 32=11, 33=9, 38=11, 39=11, 36=12, 37=12, 42=12, 43=13, 40=11, 41=13, 46=12, 47=12, 44=11, 45=13, 51=12, 50=13, 49=12, 48=12, 55=16, 54=14, 53=11, 52=14, 59=14, 58=12, 57=12, 56=10, 63=13, 62=14, 61=12, 60=13, 68=14, 69=15, 70=12, 71=14, 64=11, 65=13, 66=9, 67=14, 76=14, 77=13, 78=12, 79=15, 72=12, 73=14, 74=12, 75=12, 85=15, 84=11, 87=11, 86=15, 81=10, 80=11, 83=13, 82=14, 93=13, 92=13, 95=13, 94=11, 89=13, 88=11, 91=12, 90=14, 98=14, 99=14, 96=12, 97=9}
Avg distance between not played chunks: 1.8000991904190646
Min distance between not played chunks: 1.0
Max distance between not played chunks: 4.823529411764706

HELPING PEERS LOG

[HELPING] Active nodes: 0
[HELPING] Started playbacks: 0
[HELPING] Not started playbacks node-ids: []
[HELPING] Playbacks time-window: -9223372036854775807
[HELPING] Missing chunks distribution [missed-chunks/nodes]: {}
[HELPING] Rejected chunks for ttl expiration [chunk-id/nodes]: 0 {}
[HELPING] Rejected chunks for capacity limit [chunk-id/nodes]: 0 {}
[HELPING] bandwidthUtilUp: NaN
[HELPING] bandwidthUtilDown: NaN
[HELPING] Avg # of unsent chunk for max-retries: NaN
[HELPING] Min # of unsent chunk for max-retries: Infinity
[HELPING] Max # of unsent chunk for max-retries: -Infinity
[HELPING] Avg # of unsent chunk-reqs for max-retries: NaN
[HELPING] Min # of unsent chunk-reqs for max-retries: Infinity
[HELPING] Max # of unsent chunk-reqs for max-retries: -Infinity
[HELPING] Avg % of chunks received by Pastry: NaN
[HELPING] Min % of chunks received by Pastry: Infinity
[HELPING] Max % of chunks received by Pastry: -Infinity
[HELPING] StD of chunks received by Pastry: 0.0
[HELPING] Var of chunks received by Pastry: 0.0
[HELPING] Avg % of chunks received by StarStream: NaN
[HELPING] Min % of chunks received by StarStream: Infinity
[HELPING] Max % of chunks received by StarStream: -Infinity
[HELPING] StD of chunks received by StarStream: 0.0
[HELPING] Var of chunks received by StarStream: 0.0
[HELPING] Latency: NaN
[HELPING] Min of perceived avg chunk delivery-time: Infinity
[HELPING] Max of perceived avg chunk delivery-time: -Infinity
[HELPING] Variance of perceived avg chunk delivery-time: 0.0
[HELPING] StD of perceived avg chunk delivery-time: 0.0
[HELPING] Avg messages sent per node: NaN
[HELPING] Min messages sent per node: Infinity
[HELPING] Max messages sent per node: -Infinity
[HELPING] Variance of messages sent per node: 0.0
[HELPING] StD of messages sent per node: 0.0
[HELPING] Nodes with incomplete playbacks: 0
[HELPING] Packet Loss: NaN
[HELPING] Min % of not played chunks: Infinity
[HELPING] Max % of not played chunks: -Infinity
[HELPING] Not played chunks [chunk-id/nodes]: {}
[HELPING] Avg distance between not played chunks: NaN
[HELPING] Min distance between not played chunks: Infinity
[HELPING] Max distance between not played chunks: -Infinity

