Total chunks: 100
Nodes x chunk: 6
Total nodes: 44
Active nodes: 44
Started playbacks: 44
Not started playbacks node-ids: []
Playbacks time-window: 268
Missing chunks distribution [missed-chunks/nodes]: {0=40, 1=1, 3=2, 5=1}
Rejected chunks for ttl expiration [chunk-id/nodes]: 4 {1=2, 2=3, 3=1, 4=1}
Rejected chunks for capacity limit [chunk-id/nodes]: 0 {}
bandwidthUtilUp: 0.01199083327183188
bandwidthUtilDown: 0.007322805932931944
Avg # of unsent chunk for max-retries: 0.0
Min # of unsent chunk for max-retries: 0.0
Max # of unsent chunk for max-retries: 0.0
Avg # of unsent chunk-reqs for max-retries: 0.0
Min # of unsent chunk-reqs for max-retries: 0.0
Max # of unsent chunk-reqs for max-retries: 0.0
Avg % of chunks received by Pastry: 10.863636363636363
Min % of chunks received by Pastry: 0.0
Max % of chunks received by Pastry: 20.0
StD of chunks received by Pastry: 5.042106006518757
Var of chunks received by Pastry: 25.422832980972526
Avg % of chunks received by StarStream: 88.25
Min % of chunks received by StarStream: 80.0
Max % of chunks received by StarStream: 100.0
StD of chunks received by StarStream: 5.194473807762892
Var of chunks received by StarStream: 26.982558139534717
[NONMOJO] Startup Delay: 79.6590909090909
[MOJO] Startup Delay: 71.8
[MOJO] Latency: 8.3527906837083
Min of perceived avg chunk delivery-time: 6.79
Max of perceived avg chunk delivery-time: 10.121212121212121
Variance of perceived avg chunk delivery-time: 0.5408091607055147
StD of perceived avg chunk delivery-time: 0.7353972808662775
Avg messages sent per node: 3894.181818181818
Min messages sent per node: 1984.0
Max messages sent per node: 7002.0
Variance of messages sent per node: 2294549.035940804
StD of messages sent per node: 1514.7768931234739
Nodes with incomplete playbacks: 29
[MOJO] Continuity Index: 66.5909090909091
[MOJO] Packet Loss: 33.40909090909091
Min % of not played chunks: 0.0
Max % of not played chunks: 99.0
Not played chunks [chunk-id/nodes]: {1=19, 2=16, 3=15, 4=15, 5=14, 6=15, 7=17, 8=14, 9=14, 10=14, 11=13, 12=14, 13=10, 14=16, 15=17, 17=13, 16=16, 19=13, 18=16, 21=14, 20=12, 23=13, 22=16, 25=15, 24=16, 27=11, 26=13, 29=13, 28=13, 31=15, 30=15, 34=16, 35=15, 32=15, 33=12, 38=14, 39=14, 36=16, 37=11, 42=16, 43=13, 40=14, 41=16, 46=19, 47=14, 44=14, 45=15, 51=14, 50=15, 49=12, 48=12, 55=16, 54=17, 53=19, 52=18, 59=14, 58=16, 57=17, 56=13, 63=17, 62=16, 61=19, 60=16, 68=15, 69=16, 70=16, 71=17, 64=13, 65=14, 66=14, 67=13, 76=14, 77=13, 78=12, 79=15, 72=17, 73=16, 74=16, 75=16, 85=15, 84=15, 87=15, 86=14, 81=15, 80=16, 83=15, 82=15, 93=13, 92=17, 95=17, 94=14, 89=14, 88=15, 91=14, 90=14, 98=18, 99=16, 96=12, 97=17}
Avg distance between not played chunks: 3.075988305423657
Min distance between not played chunks: 1.0
Max distance between not played chunks: 18.0

HELPING PEERS LOG

[HELPING] Active nodes: 0
[HELPING] Started playbacks: 0
[HELPING] Not started playbacks node-ids: []
[HELPING] Playbacks time-window: -9223372036854775807
[HELPING] Missing chunks distribution [missed-chunks/nodes]: {}
[HELPING] Rejected chunks for ttl expiration [chunk-id/nodes]: 0 {}
[HELPING] Rejected chunks for capacity limit [chunk-id/nodes]: 0 {}
[HELPING] bandwidthUtilUp: NaN
[HELPING] bandwidthUtilDown: NaN
[HELPING] Avg # of unsent chunk for max-retries: NaN
[HELPING] Min # of unsent chunk for max-retries: Infinity
[HELPING] Max # of unsent chunk for max-retries: -Infinity
[HELPING] Avg # of unsent chunk-reqs for max-retries: NaN
[HELPING] Min # of unsent chunk-reqs for max-retries: Infinity
[HELPING] Max # of unsent chunk-reqs for max-retries: -Infinity
[HELPING] Avg % of chunks received by Pastry: NaN
[HELPING] Min % of chunks received by Pastry: Infinity
[HELPING] Max % of chunks received by Pastry: -Infinity
[HELPING] StD of chunks received by Pastry: 0.0
[HELPING] Var of chunks received by Pastry: 0.0
[HELPING] Avg % of chunks received by StarStream: NaN
[HELPING] Min % of chunks received by StarStream: Infinity
[HELPING] Max % of chunks received by StarStream: -Infinity
[HELPING] StD of chunks received by StarStream: 0.0
[HELPING] Var of chunks received by StarStream: 0.0
[HELPING] Latency: NaN
[HELPING] Min of perceived avg chunk delivery-time: Infinity
[HELPING] Max of perceived avg chunk delivery-time: -Infinity
[HELPING] Variance of perceived avg chunk delivery-time: 0.0
[HELPING] StD of perceived avg chunk delivery-time: 0.0
[HELPING] Avg messages sent per node: NaN
[HELPING] Min messages sent per node: Infinity
[HELPING] Max messages sent per node: -Infinity
[HELPING] Variance of messages sent per node: 0.0
[HELPING] StD of messages sent per node: 0.0
[HELPING] Nodes with incomplete playbacks: 0
[HELPING] Packet Loss: NaN
[HELPING] Min % of not played chunks: Infinity
[HELPING] Max % of not played chunks: -Infinity
[HELPING] Not played chunks [chunk-id/nodes]: {}
[HELPING] Avg distance between not played chunks: NaN
[HELPING] Min distance between not played chunks: Infinity
[HELPING] Max distance between not played chunks: -Infinity

