Total chunks: 100
Nodes x chunk: 6
Total nodes: 44
Active nodes: 44
Started playbacks: 44
Not started playbacks node-ids: []
Playbacks time-window: 600
Missing chunks distribution [missed-chunks/nodes]: {0=37, 1=2, 3=3, 8=1, 89=1}
Rejected chunks for ttl expiration [chunk-id/nodes]: 86 {0=5, 1=1, 3=3, 4=2, 5=2, 6=2, 7=2, 8=1, 9=1, 10=1, 11=1, 13=1, 14=1, 15=1, 17=1, 18=1, 21=1, 20=1, 23=1, 27=1, 26=1, 28=1, 31=1, 34=1, 35=1, 32=1, 33=1, 38=1, 39=1, 36=1, 37=1, 43=1, 40=1, 41=1, 46=1, 47=1, 44=1, 45=1, 51=1, 50=1, 48=1, 55=1, 54=1, 53=1, 52=1, 59=1, 58=1, 57=1, 56=1, 63=1, 62=1, 61=1, 60=1, 68=1, 69=1, 71=1, 64=1, 65=1, 67=1, 76=1, 77=1, 78=1, 79=1, 72=1, 73=1, 74=1, 75=1, 85=1, 84=1, 87=1, 86=1, 81=1, 80=1, 83=1, 93=1, 92=1, 95=1, 94=1, 89=1, 88=1, 91=1, 90=1, 98=1, 99=1, 96=1, 97=1}
Rejected chunks for capacity limit [chunk-id/nodes]: 0 {}
bandwidthUtilUp: 0.012172356030625157
bandwidthUtilDown: 0.007458707067124137
Avg # of unsent chunk for max-retries: 0.0
Min # of unsent chunk for max-retries: 0.0
Max # of unsent chunk for max-retries: 0.0
Avg # of unsent chunk-reqs for max-retries: 0.0
Min # of unsent chunk-reqs for max-retries: 0.0
Max # of unsent chunk-reqs for max-retries: 0.0
Avg % of chunks received by Pastry: 9.363636363636363
Min % of chunks received by Pastry: 0.0
Max % of chunks received by Pastry: 20.0
StD of chunks received by Pastry: 5.9653686959522405
Var of chunks received by Pastry: 35.58562367864694
Avg % of chunks received by StarStream: 89.70454545454545
Min % of chunks received by StarStream: 79.0
Max % of chunks received by StarStream: 100.0
StD of chunks received by StarStream: 6.0639213096022955
Var of chunks received by StarStream: 36.77114164904882
[NONMOJO] Startup Delay: 108.97727272727273
[MOJO] Startup Delay: 109.9
[MOJO] Latency: 8.255320904673125
Min of perceived avg chunk delivery-time: 0.0
Max of perceived avg chunk delivery-time: 12.690721649484535
Variance of perceived avg chunk delivery-time: 2.7046060526833973
StD of perceived avg chunk delivery-time: 1.6445686524689072
Avg messages sent per node: 4143.840909090909
Min messages sent per node: 253.0
Max messages sent per node: 7989.0
Variance of messages sent per node: 2520788.3229386928
StD of messages sent per node: 1587.6990656099451
Nodes with incomplete playbacks: 28
[MOJO] Continuity Index: 74.72727272727273
[MOJO] Packet Loss: 25.272727272727273
Min % of not played chunks: 0.0
Max % of not played chunks: 99.0
Not played chunks [chunk-id/nodes]: {1=16, 2=13, 3=13, 4=13, 5=11, 6=13, 7=14, 8=11, 9=11, 10=11, 11=11, 12=9, 13=11, 14=10, 15=12, 17=12, 16=9, 19=9, 18=11, 21=10, 20=10, 23=10, 22=10, 25=8, 24=9, 27=12, 26=10, 29=10, 28=11, 31=11, 30=10, 34=13, 35=8, 32=10, 33=10, 38=10, 39=10, 36=11, 37=10, 42=11, 43=12, 40=14, 41=12, 46=10, 47=12, 44=11, 45=12, 51=12, 50=12, 49=13, 48=11, 55=13, 54=11, 53=14, 52=12, 59=13, 58=12, 57=10, 56=8, 63=10, 62=12, 61=13, 60=8, 68=14, 69=10, 70=11, 71=13, 64=13, 65=11, 66=7, 67=9, 76=12, 77=14, 78=11, 79=12, 72=9, 73=14, 74=11, 75=12, 85=12, 84=12, 87=12, 86=12, 81=12, 80=12, 83=11, 82=8, 93=12, 92=12, 95=14, 94=12, 89=13, 88=10, 91=10, 90=12, 98=10, 99=13, 96=10, 97=9}
Avg distance between not played chunks: 5.228471956723709
Min distance between not played chunks: 1.0
Max distance between not played chunks: 29.0

HELPING PEERS LOG

[HELPING] Active nodes: 0
[HELPING] Started playbacks: 0
[HELPING] Not started playbacks node-ids: []
[HELPING] Playbacks time-window: -9223372036854775807
[HELPING] Missing chunks distribution [missed-chunks/nodes]: {}
[HELPING] Rejected chunks for ttl expiration [chunk-id/nodes]: 0 {}
[HELPING] Rejected chunks for capacity limit [chunk-id/nodes]: 0 {}
[HELPING] bandwidthUtilUp: NaN
[HELPING] bandwidthUtilDown: NaN
[HELPING] Avg # of unsent chunk for max-retries: NaN
[HELPING] Min # of unsent chunk for max-retries: Infinity
[HELPING] Max # of unsent chunk for max-retries: -Infinity
[HELPING] Avg # of unsent chunk-reqs for max-retries: NaN
[HELPING] Min # of unsent chunk-reqs for max-retries: Infinity
[HELPING] Max # of unsent chunk-reqs for max-retries: -Infinity
[HELPING] Avg % of chunks received by Pastry: NaN
[HELPING] Min % of chunks received by Pastry: Infinity
[HELPING] Max % of chunks received by Pastry: -Infinity
[HELPING] StD of chunks received by Pastry: 0.0
[HELPING] Var of chunks received by Pastry: 0.0
[HELPING] Avg % of chunks received by StarStream: NaN
[HELPING] Min % of chunks received by StarStream: Infinity
[HELPING] Max % of chunks received by StarStream: -Infinity
[HELPING] StD of chunks received by StarStream: 0.0
[HELPING] Var of chunks received by StarStream: 0.0
[HELPING] Latency: NaN
[HELPING] Min of perceived avg chunk delivery-time: Infinity
[HELPING] Max of perceived avg chunk delivery-time: -Infinity
[HELPING] Variance of perceived avg chunk delivery-time: 0.0
[HELPING] StD of perceived avg chunk delivery-time: 0.0
[HELPING] Avg messages sent per node: NaN
[HELPING] Min messages sent per node: Infinity
[HELPING] Max messages sent per node: -Infinity
[HELPING] Variance of messages sent per node: 0.0
[HELPING] StD of messages sent per node: 0.0
[HELPING] Nodes with incomplete playbacks: 0
[HELPING] Packet Loss: NaN
[HELPING] Min % of not played chunks: Infinity
[HELPING] Max % of not played chunks: -Infinity
[HELPING] Not played chunks [chunk-id/nodes]: {}
[HELPING] Avg distance between not played chunks: NaN
[HELPING] Min distance between not played chunks: Infinity
[HELPING] Max distance between not played chunks: -Infinity

