Total chunks: 100
Nodes x chunk: 6
Total nodes: 44
Active nodes: 44
Started playbacks: 44
Not started playbacks node-ids: []
Playbacks time-window: 322
Missing chunks distribution [missed-chunks/nodes]: {0=40, 4=1, 5=1, 6=2}
Rejected chunks for ttl expiration [chunk-id/nodes]: 6 {0=2, 1=3, 2=3, 3=3, 4=3, 5=3}
Rejected chunks for capacity limit [chunk-id/nodes]: 0 {}
bandwidthUtilUp: 0.011736303880944777
bandwidthUtilDown: 0.0072011852367547926
Avg # of unsent chunk for max-retries: 0.0
Min # of unsent chunk for max-retries: 0.0
Max # of unsent chunk for max-retries: 0.0
Avg # of unsent chunk-reqs for max-retries: 0.0
Min # of unsent chunk-reqs for max-retries: 0.0
Max # of unsent chunk-reqs for max-retries: 0.0
Avg % of chunks received by Pastry: 12.272727272727273
Min % of chunks received by Pastry: 1.0
Max % of chunks received by Pastry: 20.0
StD of chunks received by Pastry: 4.726784817884958
Var of chunks received by Pastry: 22.342494714587737
Avg % of chunks received by StarStream: 86.77272727272727
Min % of chunks received by StarStream: 79.0
Max % of chunks received by StarStream: 98.0
StD of chunks received by StarStream: 4.734159075955285
Var of chunks received by StarStream: 22.412262156449795
[NONMOJO] Startup Delay: 90.54545454545455
[MOJO] Startup Delay: 63.1
[MOJO] Latency: 8.802495894183101
Min of perceived avg chunk delivery-time: 6.73
Max of perceived avg chunk delivery-time: 11.368421052631579
Variance of perceived avg chunk delivery-time: 0.7609259052204488
StD of perceived avg chunk delivery-time: 0.8723106701287384
Avg messages sent per node: 3555.568181818182
Min messages sent per node: 1539.0
Max messages sent per node: 6472.0
Variance of messages sent per node: 1606379.1812896393
StD of messages sent per node: 1267.430148485367
Nodes with incomplete playbacks: 25
[MOJO] Continuity Index: 72.02272727272727
[MOJO] Packet Loss: 27.977272727272727
Min % of not played chunks: 0.0
Max % of not played chunks: 99.0
Not played chunks [chunk-id/nodes]: {1=17, 2=20, 3=12, 4=15, 5=16, 6=10, 7=12, 8=11, 9=10, 10=11, 11=13, 12=12, 13=14, 14=13, 15=13, 17=11, 16=10, 19=10, 18=14, 21=13, 20=13, 23=12, 22=9, 25=13, 24=8, 27=12, 26=15, 29=13, 28=13, 31=10, 30=14, 34=11, 35=11, 32=15, 33=10, 38=11, 39=12, 36=13, 37=13, 42=13, 43=12, 40=12, 41=10, 46=14, 47=12, 44=11, 45=14, 51=10, 50=14, 49=14, 48=11, 55=13, 54=16, 53=14, 52=11, 59=14, 58=13, 57=12, 56=16, 63=13, 62=9, 61=13, 60=14, 68=11, 69=11, 70=11, 71=12, 64=14, 65=10, 66=14, 67=11, 76=11, 77=11, 78=13, 79=12, 72=13, 73=13, 74=11, 75=14, 85=12, 84=11, 87=13, 86=11, 81=11, 80=12, 83=11, 82=14, 93=16, 92=15, 95=13, 94=12, 89=13, 88=14, 91=12, 90=13, 98=11, 99=12, 96=12, 97=11}
Avg distance between not played chunks: 3.5412573140866948
Min distance between not played chunks: 1.0
Max distance between not played chunks: 24.333333333333332

HELPING PEERS LOG

[HELPING] Active nodes: 0
[HELPING] Started playbacks: 0
[HELPING] Not started playbacks node-ids: []
[HELPING] Playbacks time-window: -9223372036854775807
[HELPING] Missing chunks distribution [missed-chunks/nodes]: {}
[HELPING] Rejected chunks for ttl expiration [chunk-id/nodes]: 0 {}
[HELPING] Rejected chunks for capacity limit [chunk-id/nodes]: 0 {}
[HELPING] bandwidthUtilUp: NaN
[HELPING] bandwidthUtilDown: NaN
[HELPING] Avg # of unsent chunk for max-retries: NaN
[HELPING] Min # of unsent chunk for max-retries: Infinity
[HELPING] Max # of unsent chunk for max-retries: -Infinity
[HELPING] Avg # of unsent chunk-reqs for max-retries: NaN
[HELPING] Min # of unsent chunk-reqs for max-retries: Infinity
[HELPING] Max # of unsent chunk-reqs for max-retries: -Infinity
[HELPING] Avg % of chunks received by Pastry: NaN
[HELPING] Min % of chunks received by Pastry: Infinity
[HELPING] Max % of chunks received by Pastry: -Infinity
[HELPING] StD of chunks received by Pastry: 0.0
[HELPING] Var of chunks received by Pastry: 0.0
[HELPING] Avg % of chunks received by StarStream: NaN
[HELPING] Min % of chunks received by StarStream: Infinity
[HELPING] Max % of chunks received by StarStream: -Infinity
[HELPING] StD of chunks received by StarStream: 0.0
[HELPING] Var of chunks received by StarStream: 0.0
[HELPING] Latency: NaN
[HELPING] Min of perceived avg chunk delivery-time: Infinity
[HELPING] Max of perceived avg chunk delivery-time: -Infinity
[HELPING] Variance of perceived avg chunk delivery-time: 0.0
[HELPING] StD of perceived avg chunk delivery-time: 0.0
[HELPING] Avg messages sent per node: NaN
[HELPING] Min messages sent per node: Infinity
[HELPING] Max messages sent per node: -Infinity
[HELPING] Variance of messages sent per node: 0.0
[HELPING] StD of messages sent per node: 0.0
[HELPING] Nodes with incomplete playbacks: 0
[HELPING] Packet Loss: NaN
[HELPING] Min % of not played chunks: Infinity
[HELPING] Max % of not played chunks: -Infinity
[HELPING] Not played chunks [chunk-id/nodes]: {}
[HELPING] Avg distance between not played chunks: NaN
[HELPING] Min distance between not played chunks: Infinity
[HELPING] Max distance between not played chunks: -Infinity

