Total chunks: 100
Nodes x chunk: 6
Total nodes: 44
Active nodes: 44
Started playbacks: 44
Not started playbacks node-ids: []
Playbacks time-window: 156
Missing chunks distribution [missed-chunks/nodes]: {0=40, 1=3, 2=1}
Rejected chunks for ttl expiration [chunk-id/nodes]: 2 {0=9, 1=3}
Rejected chunks for capacity limit [chunk-id/nodes]: 0 {}
bandwidthUtilUp: 0.013986171793248953
bandwidthUtilDown: 0.008522775125462524
Avg # of unsent chunk for max-retries: 0.0
Min # of unsent chunk for max-retries: 0.0
Max # of unsent chunk for max-retries: 0.0
Avg # of unsent chunk-reqs for max-retries: 0.0
Min # of unsent chunk-reqs for max-retries: 0.0
Max # of unsent chunk-reqs for max-retries: 0.0
Avg % of chunks received by Pastry: 6.931818181818182
Min % of chunks received by Pastry: 0.0
Max % of chunks received by Pastry: 18.0
StD of chunks received by Pastry: 4.561709834846596
Var of chunks received by Pastry: 20.80919661733616
Avg % of chunks received by StarStream: 92.1590909090909
Min % of chunks received by StarStream: 81.0
Max % of chunks received by StarStream: 100.0
StD of chunks received by StarStream: 4.700040483834453
Var of chunks received by StarStream: 22.0903805496828
[NONMOJO] Startup Delay: 79.68181818181819
[MOJO] Startup Delay: 67.9
[MOJO] Latency: 7.594761014598675
Min of perceived avg chunk delivery-time: 6.09
Max of perceived avg chunk delivery-time: 9.0
Variance of perceived avg chunk delivery-time: 0.4620443490508646
StD of perceived avg chunk delivery-time: 0.6797384416456558
Avg messages sent per node: 6413.795454545455
Min messages sent per node: 3041.0
Max messages sent per node: 10222.0
Variance of messages sent per node: 3082656.259513736
StD of messages sent per node: 1755.7494865480485
Nodes with incomplete playbacks: 25
[MOJO] Continuity Index: 70.5909090909091
[MOJO] Packet Loss: 29.40909090909091
Min % of not played chunks: 0.0
Max % of not played chunks: 99.0
Not played chunks [chunk-id/nodes]: {1=17, 2=13, 3=15, 4=14, 5=14, 6=10, 7=11, 8=15, 9=14, 10=12, 11=14, 12=12, 13=11, 14=13, 15=13, 17=14, 16=11, 19=12, 18=14, 21=11, 20=13, 23=11, 22=12, 25=12, 24=12, 27=13, 26=14, 29=12, 28=16, 31=13, 30=13, 34=14, 35=12, 32=12, 33=13, 38=14, 39=11, 36=11, 37=13, 42=14, 43=13, 40=12, 41=13, 46=13, 47=14, 44=14, 45=14, 51=10, 50=15, 49=11, 48=13, 55=12, 54=12, 53=13, 52=17, 59=12, 58=13, 57=9, 56=17, 63=13, 62=13, 61=16, 60=14, 68=12, 69=12, 70=14, 71=15, 64=11, 65=10, 66=14, 67=11, 76=14, 77=10, 78=15, 79=13, 72=15, 73=14, 74=15, 75=11, 85=12, 84=13, 87=13, 86=14, 81=14, 80=13, 83=15, 82=14, 93=13, 92=14, 95=12, 94=13, 89=17, 88=11, 91=14, 90=14, 98=12, 99=14, 96=15, 97=13}
Avg distance between not played chunks: 4.574898372056079
Min distance between not played chunks: 1.0
Max distance between not played chunks: 61.0

HELPING PEERS LOG

[HELPING] Active nodes: 0
[HELPING] Started playbacks: 0
[HELPING] Not started playbacks node-ids: []
[HELPING] Playbacks time-window: -9223372036854775807
[HELPING] Missing chunks distribution [missed-chunks/nodes]: {}
[HELPING] Rejected chunks for ttl expiration [chunk-id/nodes]: 0 {}
[HELPING] Rejected chunks for capacity limit [chunk-id/nodes]: 0 {}
[HELPING] bandwidthUtilUp: NaN
[HELPING] bandwidthUtilDown: NaN
[HELPING] Avg # of unsent chunk for max-retries: NaN
[HELPING] Min # of unsent chunk for max-retries: Infinity
[HELPING] Max # of unsent chunk for max-retries: -Infinity
[HELPING] Avg # of unsent chunk-reqs for max-retries: NaN
[HELPING] Min # of unsent chunk-reqs for max-retries: Infinity
[HELPING] Max # of unsent chunk-reqs for max-retries: -Infinity
[HELPING] Avg % of chunks received by Pastry: NaN
[HELPING] Min % of chunks received by Pastry: Infinity
[HELPING] Max % of chunks received by Pastry: -Infinity
[HELPING] StD of chunks received by Pastry: 0.0
[HELPING] Var of chunks received by Pastry: 0.0
[HELPING] Avg % of chunks received by StarStream: NaN
[HELPING] Min % of chunks received by StarStream: Infinity
[HELPING] Max % of chunks received by StarStream: -Infinity
[HELPING] StD of chunks received by StarStream: 0.0
[HELPING] Var of chunks received by StarStream: 0.0
[HELPING] Latency: NaN
[HELPING] Min of perceived avg chunk delivery-time: Infinity
[HELPING] Max of perceived avg chunk delivery-time: -Infinity
[HELPING] Variance of perceived avg chunk delivery-time: 0.0
[HELPING] StD of perceived avg chunk delivery-time: 0.0
[HELPING] Avg messages sent per node: NaN
[HELPING] Min messages sent per node: Infinity
[HELPING] Max messages sent per node: -Infinity
[HELPING] Variance of messages sent per node: 0.0
[HELPING] StD of messages sent per node: 0.0
[HELPING] Nodes with incomplete playbacks: 0
[HELPING] Packet Loss: NaN
[HELPING] Min % of not played chunks: Infinity
[HELPING] Max % of not played chunks: -Infinity
[HELPING] Not played chunks [chunk-id/nodes]: {}
[HELPING] Avg distance between not played chunks: NaN
[HELPING] Min distance between not played chunks: Infinity
[HELPING] Max distance between not played chunks: -Infinity

