Total chunks: 100
Nodes x chunk: 6
Total nodes: 44
Active nodes: 44
Started playbacks: 44
Not started playbacks node-ids: []
Playbacks time-window: 420
Missing chunks distribution [missed-chunks/nodes]: {0=36, 1=4, 2=1, 4=1, 5=1, 8=1}
Rejected chunks for ttl expiration [chunk-id/nodes]: 10 {0=1, 1=6, 2=3, 3=3, 4=2, 5=1, 6=1, 7=1, 57=2, 91=1}
Rejected chunks for capacity limit [chunk-id/nodes]: 0 {}
bandwidthUtilUp: 0.010231610523279734
bandwidthUtilDown: 0.0058301351298103215
Avg # of unsent chunk for max-retries: 0.0
Min # of unsent chunk for max-retries: 0.0
Max # of unsent chunk for max-retries: 0.0
Avg # of unsent chunk-reqs for max-retries: 0.0
Min # of unsent chunk-reqs for max-retries: 0.0
Max # of unsent chunk-reqs for max-retries: 0.0
Avg % of chunks received by Pastry: 13.477272727272727
Min % of chunks received by Pastry: 0.0
Max % of chunks received by Pastry: 30.0
StD of chunks received by Pastry: 9.50517273215359
Var of chunks received by Pastry: 90.34830866807614
Avg % of chunks received by StarStream: 85.72727272727273
Min % of chunks received by StarStream: 69.0
Max % of chunks received by StarStream: 100.0
StD of chunks received by StarStream: 9.657780659795813
Var of chunks received by StarStream: 93.27272727272607
[NONMOJO] Startup Delay: 98.63636363636364
[MOJO] Startup Delay: 72.7
[MOJO] Latency: 9.953127744742023
Min of perceived avg chunk delivery-time: 7.21
Max of perceived avg chunk delivery-time: 15.616161616161616
Variance of perceived avg chunk delivery-time: 2.76681184664211
StD of perceived avg chunk delivery-time: 1.6633736341069345
Avg messages sent per node: 2363.0
Min messages sent per node: 1180.0
Max messages sent per node: 3868.0
Variance of messages sent per node: 366784.511627907
StD of messages sent per node: 605.6273702763995
Nodes with incomplete playbacks: 27
[MOJO] Continuity Index: 71.68181818181819
[MOJO] Packet Loss: 28.318181818181817
Min % of not played chunks: 0.0
Max % of not played chunks: 99.0
Not played chunks [chunk-id/nodes]: {1=20, 2=15, 3=17, 4=16, 5=13, 6=15, 7=14, 8=13, 9=14, 10=12, 11=12, 12=11, 13=13, 14=11, 15=11, 17=11, 16=13, 19=12, 18=12, 21=12, 20=15, 23=11, 22=11, 25=9, 24=10, 27=11, 26=13, 29=12, 28=10, 31=12, 30=11, 34=11, 35=11, 32=13, 33=10, 38=10, 39=11, 36=12, 37=13, 42=12, 43=11, 40=12, 41=16, 46=9, 47=14, 44=13, 45=12, 51=14, 50=11, 49=16, 48=11, 55=10, 54=15, 53=11, 52=12, 59=13, 58=14, 57=12, 56=15, 63=10, 62=12, 61=13, 60=12, 68=16, 69=14, 70=12, 71=13, 64=11, 65=13, 66=14, 67=14, 76=12, 77=12, 78=15, 79=12, 72=11, 73=11, 74=13, 75=11, 85=11, 84=13, 87=12, 86=13, 81=14, 80=14, 83=16, 82=11, 93=12, 92=15, 95=10, 94=15, 89=13, 88=11, 91=14, 90=13, 98=14, 99=13, 96=12, 97=13}
Avg distance between not played chunks: 6.71986743777346
Min distance between not played chunks: 1.0
Max distance between not played chunks: 90.0

HELPING PEERS LOG

[HELPING] Active nodes: 0
[HELPING] Started playbacks: 0
[HELPING] Not started playbacks node-ids: []
[HELPING] Playbacks time-window: -9223372036854775807
[HELPING] Missing chunks distribution [missed-chunks/nodes]: {}
[HELPING] Rejected chunks for ttl expiration [chunk-id/nodes]: 0 {}
[HELPING] Rejected chunks for capacity limit [chunk-id/nodes]: 0 {}
[HELPING] bandwidthUtilUp: NaN
[HELPING] bandwidthUtilDown: NaN
[HELPING] Avg # of unsent chunk for max-retries: NaN
[HELPING] Min # of unsent chunk for max-retries: Infinity
[HELPING] Max # of unsent chunk for max-retries: -Infinity
[HELPING] Avg # of unsent chunk-reqs for max-retries: NaN
[HELPING] Min # of unsent chunk-reqs for max-retries: Infinity
[HELPING] Max # of unsent chunk-reqs for max-retries: -Infinity
[HELPING] Avg % of chunks received by Pastry: NaN
[HELPING] Min % of chunks received by Pastry: Infinity
[HELPING] Max % of chunks received by Pastry: -Infinity
[HELPING] StD of chunks received by Pastry: 0.0
[HELPING] Var of chunks received by Pastry: 0.0
[HELPING] Avg % of chunks received by StarStream: NaN
[HELPING] Min % of chunks received by StarStream: Infinity
[HELPING] Max % of chunks received by StarStream: -Infinity
[HELPING] StD of chunks received by StarStream: 0.0
[HELPING] Var of chunks received by StarStream: 0.0
[HELPING] Latency: NaN
[HELPING] Min of perceived avg chunk delivery-time: Infinity
[HELPING] Max of perceived avg chunk delivery-time: -Infinity
[HELPING] Variance of perceived avg chunk delivery-time: 0.0
[HELPING] StD of perceived avg chunk delivery-time: 0.0
[HELPING] Avg messages sent per node: NaN
[HELPING] Min messages sent per node: Infinity
[HELPING] Max messages sent per node: -Infinity
[HELPING] Variance of messages sent per node: 0.0
[HELPING] StD of messages sent per node: 0.0
[HELPING] Nodes with incomplete playbacks: 0
[HELPING] Packet Loss: NaN
[HELPING] Min % of not played chunks: Infinity
[HELPING] Max % of not played chunks: -Infinity
[HELPING] Not played chunks [chunk-id/nodes]: {}
[HELPING] Avg distance between not played chunks: NaN
[HELPING] Min distance between not played chunks: Infinity
[HELPING] Max distance between not played chunks: -Infinity

