Total chunks: 100
Nodes x chunk: 6
Total nodes: 44
Active nodes: 44
Started playbacks: 44
Not started playbacks node-ids: []
Playbacks time-window: 282
Missing chunks distribution [missed-chunks/nodes]: {0=39, 1=2, 2=1, 3=1, 4=1}
Rejected chunks for ttl expiration [chunk-id/nodes]: 3 {0=6, 1=4, 2=1}
Rejected chunks for capacity limit [chunk-id/nodes]: 0 {}
bandwidthUtilUp: 0.013223178546220819
bandwidthUtilDown: 0.008062456770417104
Avg # of unsent chunk for max-retries: 0.0
Min # of unsent chunk for max-retries: 0.0
Max # of unsent chunk for max-retries: 0.0
Avg # of unsent chunk-reqs for max-retries: 0.0
Min # of unsent chunk-reqs for max-retries: 0.0
Max # of unsent chunk-reqs for max-retries: 0.0
Avg % of chunks received by Pastry: 7.386363636363637
Min % of chunks received by Pastry: 0.0
Max % of chunks received by Pastry: 15.0
StD of chunks received by Pastry: 4.1440117013556454
Var of chunks received by Pastry: 17.17283298097251
Avg % of chunks received by StarStream: 91.70454545454545
Min % of chunks received by StarStream: 84.0
Max % of chunks received by StarStream: 100.0
StD of chunks received by StarStream: 4.294829479001454
Var of chunks received by StarStream: 18.445560253699895
[NONMOJO] Startup Delay: 83.02272727272727
[MOJO] Startup Delay: 65.0
[MOJO] Latency: 7.7931362860670665
Min of perceived avg chunk delivery-time: 6.28
Max of perceived avg chunk delivery-time: 11.916666666666666
Variance of perceived avg chunk delivery-time: 0.9327555216965209
StD of perceived avg chunk delivery-time: 0.9657926908485697
Avg messages sent per node: 5688.545454545455
Min messages sent per node: 2162.0
Max messages sent per node: 7826.0
Variance of messages sent per node: 2510602.9978858293
StD of messages sent per node: 1584.4882447925668
Nodes with incomplete playbacks: 26
[MOJO] Continuity Index: 70.20454545454545
[MOJO] Packet Loss: 29.795454545454547
Min % of not played chunks: 0.0
Max % of not played chunks: 99.0
Not played chunks [chunk-id/nodes]: {1=16, 2=16, 3=16, 4=13, 5=13, 6=14, 7=14, 8=12, 9=15, 10=10, 11=14, 12=13, 13=11, 14=12, 15=13, 17=15, 16=11, 19=15, 18=12, 21=9, 20=12, 23=13, 22=16, 25=12, 24=12, 27=15, 26=13, 29=11, 28=15, 31=16, 30=11, 34=14, 35=10, 32=15, 33=13, 38=15, 39=11, 36=13, 37=14, 42=13, 43=11, 40=11, 41=11, 46=12, 47=15, 44=13, 45=14, 51=12, 50=14, 49=14, 48=14, 55=14, 54=15, 53=14, 52=13, 59=14, 58=15, 57=12, 56=17, 63=17, 62=13, 61=13, 60=12, 68=13, 69=13, 70=13, 71=14, 64=14, 65=11, 66=11, 67=15, 76=16, 77=14, 78=11, 79=15, 72=13, 73=14, 74=13, 75=14, 85=11, 84=13, 87=11, 86=15, 81=10, 80=11, 83=14, 82=12, 93=14, 92=12, 95=14, 94=13, 89=15, 88=13, 91=14, 90=12, 98=16, 99=11, 96=14, 97=14}
Avg distance between not played chunks: 2.475778129830942
Min distance between not played chunks: 1.0
Max distance between not played chunks: 9.142857142857142

HELPING PEERS LOG

[HELPING] Active nodes: 0
[HELPING] Started playbacks: 0
[HELPING] Not started playbacks node-ids: []
[HELPING] Playbacks time-window: -9223372036854775807
[HELPING] Missing chunks distribution [missed-chunks/nodes]: {}
[HELPING] Rejected chunks for ttl expiration [chunk-id/nodes]: 0 {}
[HELPING] Rejected chunks for capacity limit [chunk-id/nodes]: 0 {}
[HELPING] bandwidthUtilUp: NaN
[HELPING] bandwidthUtilDown: NaN
[HELPING] Avg # of unsent chunk for max-retries: NaN
[HELPING] Min # of unsent chunk for max-retries: Infinity
[HELPING] Max # of unsent chunk for max-retries: -Infinity
[HELPING] Avg # of unsent chunk-reqs for max-retries: NaN
[HELPING] Min # of unsent chunk-reqs for max-retries: Infinity
[HELPING] Max # of unsent chunk-reqs for max-retries: -Infinity
[HELPING] Avg % of chunks received by Pastry: NaN
[HELPING] Min % of chunks received by Pastry: Infinity
[HELPING] Max % of chunks received by Pastry: -Infinity
[HELPING] StD of chunks received by Pastry: 0.0
[HELPING] Var of chunks received by Pastry: 0.0
[HELPING] Avg % of chunks received by StarStream: NaN
[HELPING] Min % of chunks received by StarStream: Infinity
[HELPING] Max % of chunks received by StarStream: -Infinity
[HELPING] StD of chunks received by StarStream: 0.0
[HELPING] Var of chunks received by StarStream: 0.0
[HELPING] Latency: NaN
[HELPING] Min of perceived avg chunk delivery-time: Infinity
[HELPING] Max of perceived avg chunk delivery-time: -Infinity
[HELPING] Variance of perceived avg chunk delivery-time: 0.0
[HELPING] StD of perceived avg chunk delivery-time: 0.0
[HELPING] Avg messages sent per node: NaN
[HELPING] Min messages sent per node: Infinity
[HELPING] Max messages sent per node: -Infinity
[HELPING] Variance of messages sent per node: 0.0
[HELPING] StD of messages sent per node: 0.0
[HELPING] Nodes with incomplete playbacks: 0
[HELPING] Packet Loss: NaN
[HELPING] Min % of not played chunks: Infinity
[HELPING] Max % of not played chunks: -Infinity
[HELPING] Not played chunks [chunk-id/nodes]: {}
[HELPING] Avg distance between not played chunks: NaN
[HELPING] Min distance between not played chunks: Infinity
[HELPING] Max distance between not played chunks: -Infinity

