Total chunks: 100
Nodes x chunk: 6
Total nodes: 44
Active nodes: 44
Started playbacks: 44
Not started playbacks node-ids: []
Playbacks time-window: 315
Missing chunks distribution [missed-chunks/nodes]: {0=36, 1=5, 3=1, 5=1, 6=1}
Rejected chunks for ttl expiration [chunk-id/nodes]: 6 {0=1, 1=8, 2=3, 3=2, 4=2, 5=1}
Rejected chunks for capacity limit [chunk-id/nodes]: 0 {}
bandwidthUtilUp: 0.014206231510153638
bandwidthUtilDown: 0.008319314955955623
Avg # of unsent chunk for max-retries: 0.0
Min # of unsent chunk for max-retries: 0.0
Max # of unsent chunk for max-retries: 0.0
Avg # of unsent chunk-reqs for max-retries: 0.0
Min # of unsent chunk-reqs for max-retries: 0.0
Max # of unsent chunk-reqs for max-retries: 0.0
Avg % of chunks received by Pastry: 7.204545454545454
Min % of chunks received by Pastry: 0.0
Max % of chunks received by Pastry: 15.0
StD of chunks received by Pastry: 4.815573309608257
Var of chunks received by Pastry: 23.18974630021142
Avg % of chunks received by StarStream: 91.95454545454545
Min % of chunks received by StarStream: 84.0
Max % of chunks received by StarStream: 100.0
StD of chunks received by StarStream: 5.048391617943151
Var of chunks received by StarStream: 25.486257928118672
[NONMOJO] Startup Delay: 92.06818181818181
[MOJO] Startup Delay: 80.4
[MOJO] Latency: 7.443370974677952
Min of perceived avg chunk delivery-time: 6.35
Max of perceived avg chunk delivery-time: 8.959183673469388
Variance of perceived avg chunk delivery-time: 0.3041200736636963
StD of perceived avg chunk delivery-time: 0.5514708275726797
Avg messages sent per node: 6883.363636363636
Min messages sent per node: 4070.0
Max messages sent per node: 10094.0
Variance of messages sent per node: 2056040.6553911215
StD of messages sent per node: 1433.8900429918333
Nodes with incomplete playbacks: 31
[MOJO] Continuity Index: 66.6590909090909
[MOJO] Packet Loss: 33.34090909090909
Min % of not played chunks: 0.0
Max % of not played chunks: 99.0
Not played chunks [chunk-id/nodes]: {1=21, 2=19, 3=16, 4=17, 5=17, 6=15, 7=13, 8=13, 9=14, 10=13, 11=14, 12=14, 13=11, 14=11, 15=16, 17=11, 16=15, 19=14, 18=12, 21=15, 20=15, 23=14, 22=16, 25=15, 24=16, 27=14, 26=13, 29=14, 28=14, 31=13, 30=14, 34=15, 35=13, 32=14, 33=15, 38=16, 39=12, 36=15, 37=14, 42=17, 43=16, 40=13, 41=12, 46=17, 47=11, 44=17, 45=14, 51=14, 50=16, 49=16, 48=14, 55=18, 54=11, 53=14, 52=17, 59=16, 58=13, 57=10, 56=13, 63=16, 62=16, 61=16, 60=16, 68=16, 69=15, 70=15, 71=17, 64=16, 65=15, 66=15, 67=15, 76=18, 77=15, 78=17, 79=14, 72=15, 73=13, 74=14, 75=16, 85=15, 84=14, 87=16, 86=17, 81=16, 80=16, 83=15, 82=16, 93=16, 92=16, 95=16, 94=12, 89=17, 88=13, 91=15, 90=17, 98=15, 99=14, 96=13, 97=16}
Avg distance between not played chunks: 2.6631881303387424
Min distance between not played chunks: 1.0
Max distance between not played chunks: 19.0

HELPING PEERS LOG

[HELPING] Active nodes: 0
[HELPING] Started playbacks: 0
[HELPING] Not started playbacks node-ids: []
[HELPING] Playbacks time-window: -9223372036854775807
[HELPING] Missing chunks distribution [missed-chunks/nodes]: {}
[HELPING] Rejected chunks for ttl expiration [chunk-id/nodes]: 0 {}
[HELPING] Rejected chunks for capacity limit [chunk-id/nodes]: 0 {}
[HELPING] bandwidthUtilUp: NaN
[HELPING] bandwidthUtilDown: NaN
[HELPING] Avg # of unsent chunk for max-retries: NaN
[HELPING] Min # of unsent chunk for max-retries: Infinity
[HELPING] Max # of unsent chunk for max-retries: -Infinity
[HELPING] Avg # of unsent chunk-reqs for max-retries: NaN
[HELPING] Min # of unsent chunk-reqs for max-retries: Infinity
[HELPING] Max # of unsent chunk-reqs for max-retries: -Infinity
[HELPING] Avg % of chunks received by Pastry: NaN
[HELPING] Min % of chunks received by Pastry: Infinity
[HELPING] Max % of chunks received by Pastry: -Infinity
[HELPING] StD of chunks received by Pastry: 0.0
[HELPING] Var of chunks received by Pastry: 0.0
[HELPING] Avg % of chunks received by StarStream: NaN
[HELPING] Min % of chunks received by StarStream: Infinity
[HELPING] Max % of chunks received by StarStream: -Infinity
[HELPING] StD of chunks received by StarStream: 0.0
[HELPING] Var of chunks received by StarStream: 0.0
[HELPING] Latency: NaN
[HELPING] Min of perceived avg chunk delivery-time: Infinity
[HELPING] Max of perceived avg chunk delivery-time: -Infinity
[HELPING] Variance of perceived avg chunk delivery-time: 0.0
[HELPING] StD of perceived avg chunk delivery-time: 0.0
[HELPING] Avg messages sent per node: NaN
[HELPING] Min messages sent per node: Infinity
[HELPING] Max messages sent per node: -Infinity
[HELPING] Variance of messages sent per node: 0.0
[HELPING] StD of messages sent per node: 0.0
[HELPING] Nodes with incomplete playbacks: 0
[HELPING] Packet Loss: NaN
[HELPING] Min % of not played chunks: Infinity
[HELPING] Max % of not played chunks: -Infinity
[HELPING] Not played chunks [chunk-id/nodes]: {}
[HELPING] Avg distance between not played chunks: NaN
[HELPING] Min distance between not played chunks: Infinity
[HELPING] Max distance between not played chunks: -Infinity

