Total chunks: 100
Nodes x chunk: 6
Total nodes: 88
Active nodes: 44
Started playbacks: 44
Not started playbacks node-ids: []
Playbacks time-window: 443
Missing chunks distribution [missed-chunks/nodes]: {0=42, 3=1, 7=1}
Rejected chunks for ttl expiration [chunk-id/nodes]: 1 {3=1}
Rejected chunks for capacity limit [chunk-id/nodes]: 0 {}
bandwidthUtilUp: 0.014577728424403748
bandwidthUtilDown: 0.00911051314924064
Avg # of unsent chunk for max-retries: 0.0
Min # of unsent chunk for max-retries: 0.0
Max # of unsent chunk for max-retries: 0.0
Avg # of unsent chunk-reqs for max-retries: 0.0
Min # of unsent chunk-reqs for max-retries: 0.0
Max # of unsent chunk-reqs for max-retries: 0.0
Avg % of chunks received by Pastry: 10.136363636363637
Min % of chunks received by Pastry: 1.0
Max % of chunks received by Pastry: 21.0
StD of chunks received by Pastry: 4.490770426940586
Var of chunks received by Pastry: 20.167019027484137
Avg % of chunks received by StarStream: 88.9090909090909
Min % of chunks received by StarStream: 78.0
Max % of chunks received by StarStream: 99.0
StD of chunks received by StarStream: 4.579114273134907
Var of chunks received by StarStream: 20.968287526427833
[NONMOJO] Startup Delay: 157.47727272727272
[MOJO] Startup Delay: 84.5
[MOJO] Latency: 9.709349351055067
Min of perceived avg chunk delivery-time: 8.32
Max of perceived avg chunk delivery-time: 15.333333333333334
Variance of perceived avg chunk delivery-time: 1.5633125968036579
StD of perceived avg chunk delivery-time: 1.2503249964723804
Avg messages sent per node: 6910.295454545455
Min messages sent per node: 3818.0
Max messages sent per node: 9281.0
Variance of messages sent per node: 2073049.794397461
StD of messages sent per node: 1439.8089437135266
Nodes with incomplete playbacks: 42
[MOJO] Continuity Index: 42.88636363636363
[MOJO] Packet Loss: 57.11363636363637
Min % of not played chunks: 0.0
Max % of not played chunks: 99.0
Not played chunks [chunk-id/nodes]: {1=26, 2=29, 3=24, 4=28, 5=25, 6=25, 7=28, 8=21, 9=23, 10=25, 11=28, 12=28, 13=24, 14=22, 15=29, 17=23, 16=25, 19=23, 18=22, 21=21, 20=22, 23=26, 22=28, 25=27, 24=23, 27=25, 26=29, 29=20, 28=30, 31=25, 30=29, 34=27, 35=29, 32=19, 33=29, 38=27, 39=27, 36=23, 37=24, 42=23, 43=22, 40=26, 41=24, 46=26, 47=23, 44=23, 45=27, 51=28, 50=24, 49=27, 48=22, 55=23, 54=27, 53=24, 52=22, 59=19, 58=29, 57=20, 56=25, 63=25, 62=28, 61=24, 60=21, 68=24, 69=26, 70=21, 71=26, 64=25, 65=26, 66=25, 67=23, 76=29, 77=30, 78=28, 79=31, 72=28, 73=25, 74=21, 75=27, 85=22, 84=26, 87=25, 86=30, 81=25, 80=28, 83=27, 82=28, 93=27, 92=30, 95=22, 94=28, 89=24, 88=24, 91=24, 90=26, 98=30, 99=28, 96=32, 97=22}
Avg distance between not played chunks: 2.029008491085645
Min distance between not played chunks: 1.0
Max distance between not played chunks: 8.222222222222221

HELPING PEERS LOG

[HELPING] Active nodes: 44
[HELPING] Started playbacks: 44
[HELPING] Not started playbacks node-ids: []
[HELPING] Playbacks time-window: 137
[HELPING] Missing chunks distribution [missed-chunks/nodes]: {0=42, 1=2}
[HELPING] Rejected chunks for ttl expiration [chunk-id/nodes]: 2 {0=3, 1=2}
[HELPING] Rejected chunks for capacity limit [chunk-id/nodes]: 0 {}
[HELPING] bandwidthUtilUp: 0.014409154089013426
[HELPING] bandwidthUtilDown: 0.00822882844986726
[HELPING] Avg # of unsent chunk for max-retries: 0.0
[HELPING] Min # of unsent chunk for max-retries: 0.0
[HELPING] Max # of unsent chunk for max-retries: 0.0
[HELPING] Avg # of unsent chunk-reqs for max-retries: 0.0
[HELPING] Min # of unsent chunk-reqs for max-retries: 0.0
[HELPING] Max # of unsent chunk-reqs for max-retries: 0.0
[HELPING] Avg % of chunks received by Pastry: 9.522727272727273
[HELPING] Min % of chunks received by Pastry: 0.0
[HELPING] Max % of chunks received by Pastry: 17.0
[HELPING] StD of chunks received by Pastry: 4.348154574409679
[HELPING] Var of chunks received by Pastry: 18.906448202959815
[HELPING] Avg % of chunks received by StarStream: 89.5909090909091
[HELPING] Min % of chunks received by StarStream: 82.0
[HELPING] Max % of chunks received by StarStream: 100.0
[HELPING] StD of chunks received by StarStream: 4.586725953039554
[HELPING] Var of chunks received by StarStream: 21.038054968286605
[HELPING] Startup Delay: 153.8409090909091
[HELPING] Latency: 10.134408697363243
[HELPING] Min of perceived avg chunk delivery-time: 8.87
[HELPING] Max of perceived avg chunk delivery-time: 11.88888888888889
[HELPING] Variance of perceived avg chunk delivery-time: 0.5116761126105871
[HELPING] StD of perceived avg chunk delivery-time: 0.7153153938023332
[HELPING] Avg messages sent per node: 6877.363636363636
[HELPING] Min messages sent per node: 3542.0
[HELPING] Max messages sent per node: 9928.0
[HELPING] Variance of messages sent per node: 3730186.841437638
[HELPING] StD of messages sent per node: 1931.3691623917055
[HELPING] Nodes with incomplete playbacks: 37
[HELPING] Packet Loss: 41.0
[HELPING] Min % of not played chunks: 0.0
[HELPING] Max % of not played chunks: 99.0
[HELPING] Not played chunks [chunk-id/nodes]: {1=22, 2=13, 3=14, 4=20, 5=15, 6=16, 7=22, 8=15, 9=16, 10=17, 11=22, 12=23, 13=22, 14=18, 15=18, 17=18, 16=18, 19=18, 18=16, 21=21, 20=18, 23=15, 22=18, 25=18, 24=20, 27=18, 26=14, 29=9, 28=19, 31=19, 30=21, 34=15, 35=22, 32=17, 33=16, 38=18, 39=20, 36=22, 37=18, 42=19, 43=16, 40=28, 41=18, 46=12, 47=18, 44=17, 45=21, 51=17, 50=19, 49=18, 48=16, 55=15, 54=18, 53=17, 52=17, 59=18, 58=17, 57=18, 56=20, 63=15, 62=23, 61=17, 60=22, 68=16, 69=20, 70=18, 71=20, 64=19, 65=18, 66=20, 67=22, 76=18, 77=20, 78=25, 79=13, 72=13, 73=18, 74=18, 75=19, 85=17, 84=19, 87=16, 86=20, 81=18, 80=21, 83=13, 82=19, 93=21, 92=18, 95=15, 94=20, 89=16, 88=17, 91=19, 90=19, 98=24, 99=20, 96=16, 97=22}
[HELPING] Avg distance between not played chunks: 3.8103597494927497
[HELPING] Min distance between not played chunks: 1.0
[HELPING] Max distance between not played chunks: 35.0

