Total chunks: 100
Nodes x chunk: 6
Total nodes: 48
Active nodes: 44
Started playbacks: 44
Not started playbacks node-ids: []
Playbacks time-window: 260
Missing chunks distribution [missed-chunks/nodes]: {0=35, 1=5, 2=1, 3=1, 4=1, 5=1}
Rejected chunks for ttl expiration [chunk-id/nodes]: 3 {2=3, 3=2, 4=1}
Rejected chunks for capacity limit [chunk-id/nodes]: 0 {}
bandwidthUtilUp: 0.013955277063777168
bandwidthUtilDown: 0.008082294245602665
Avg # of unsent chunk for max-retries: 0.0
Min # of unsent chunk for max-retries: 0.0
Max # of unsent chunk for max-retries: 0.0
Avg # of unsent chunk-reqs for max-retries: 0.0
Min # of unsent chunk-reqs for max-retries: 0.0
Max # of unsent chunk-reqs for max-retries: 0.0
Avg % of chunks received by Pastry: 7.0
Min % of chunks received by Pastry: 0.0
Max % of chunks received by Pastry: 15.0
StD of chunks received by Pastry: 3.9058691674822352
Var of chunks received by Pastry: 15.25581395348837
Avg % of chunks received by StarStream: 92.06818181818181
Min % of chunks received by StarStream: 84.0
Max % of chunks received by StarStream: 100.0
StD of chunks received by StarStream: 4.013916067723851
Var of chunks received by StarStream: 16.111522198731702
[NONMOJO] Startup Delay: 99.54545454545455
[MOJO] Startup Delay: 87.7
[MOJO] Latency: 7.641558539975412
Min of perceived avg chunk delivery-time: 6.35
Max of perceived avg chunk delivery-time: 9.15
Variance of perceived avg chunk delivery-time: 0.39387593940847215
StD of perceived avg chunk delivery-time: 0.6275953628003255
Avg messages sent per node: 6699.568181818182
Min messages sent per node: 4375.0
Max messages sent per node: 10184.0
Variance of messages sent per node: 1835946.065010572
StD of messages sent per node: 1354.9708723845588
Nodes with incomplete playbacks: 29
[MOJO] Continuity Index: 67.27272727272727
[MOJO] Packet Loss: 32.72727272727273
Min % of not played chunks: 0.0
Max % of not played chunks: 99.0
Not played chunks [chunk-id/nodes]: {1=21, 2=15, 3=13, 4=14, 5=14, 6=11, 7=13, 8=14, 9=12, 10=13, 11=10, 12=13, 13=11, 14=16, 15=15, 17=14, 16=14, 19=15, 18=14, 21=12, 20=15, 23=16, 22=13, 25=15, 24=16, 27=15, 26=14, 29=12, 28=15, 31=15, 30=17, 34=10, 35=14, 32=15, 33=11, 38=16, 39=15, 36=16, 37=15, 42=15, 43=12, 40=16, 41=15, 46=14, 47=13, 44=17, 45=16, 51=14, 50=16, 49=16, 48=15, 55=15, 54=10, 53=16, 52=17, 59=13, 58=16, 57=18, 56=14, 63=13, 62=13, 61=19, 60=12, 68=16, 69=16, 70=14, 71=14, 64=14, 65=15, 66=18, 67=18, 76=17, 77=15, 78=16, 79=12, 72=13, 73=17, 74=14, 75=15, 85=14, 84=13, 87=14, 86=14, 81=11, 80=15, 83=13, 82=17, 93=15, 92=15, 95=16, 94=13, 89=13, 88=16, 91=17, 90=15, 98=16, 99=15, 96=16, 97=14}
Avg distance between not played chunks: 1.5718357240109102
Min distance between not played chunks: 1.0
Max distance between not played chunks: 5.352941176470588

HELPING PEERS LOG

[HELPING] Active nodes: 4
[HELPING] Started playbacks: 4
[HELPING] Not started playbacks node-ids: []
[HELPING] Playbacks time-window: 147
[HELPING] Missing chunks distribution [missed-chunks/nodes]: {0=3, 3=1}
[HELPING] Rejected chunks for ttl expiration [chunk-id/nodes]: 1 {2=1}
[HELPING] Rejected chunks for capacity limit [chunk-id/nodes]: 0 {}
[HELPING] bandwidthUtilUp: 0.015165584576358809
[HELPING] bandwidthUtilDown: 0.00868215599371655
[HELPING] Avg # of unsent chunk for max-retries: 0.0
[HELPING] Min # of unsent chunk for max-retries: 0.0
[HELPING] Max # of unsent chunk for max-retries: 0.0
[HELPING] Avg # of unsent chunk-reqs for max-retries: 0.0
[HELPING] Min # of unsent chunk-reqs for max-retries: 0.0
[HELPING] Max # of unsent chunk-reqs for max-retries: 0.0
[HELPING] Avg % of chunks received by Pastry: 4.75
[HELPING] Min % of chunks received by Pastry: 0.0
[HELPING] Max % of chunks received by Pastry: 8.0
[HELPING] StD of chunks received by Pastry: 3.4034296427770228
[HELPING] Var of chunks received by Pastry: 11.583333333333332
[HELPING] Avg % of chunks received by StarStream: 94.5
[HELPING] Min % of chunks received by StarStream: 91.0
[HELPING] Max % of chunks received by StarStream: 100.0
[HELPING] StD of chunks received by StarStream: 3.872983346207417
[HELPING] Var of chunks received by StarStream: 15.0
[HELPING] Startup Delay: 103.5
[HELPING] Latency: 8.331932989690722
[HELPING] Min of perceived avg chunk delivery-time: 7.16
[HELPING] Max of perceived avg chunk delivery-time: 9.257731958762887
[HELPING] Variance of perceived avg chunk delivery-time: 0.8040238805044547
[HELPING] StD of perceived avg chunk delivery-time: 0.8966737871179544
[HELPING] Avg messages sent per node: 7148.25
[HELPING] Min messages sent per node: 4238.0
[HELPING] Max messages sent per node: 10352.0
[HELPING] Variance of messages sent per node: 8020380.25
[HELPING] StD of messages sent per node: 2832.0275863769407
[HELPING] Nodes with incomplete playbacks: 2
[HELPING] Packet Loss: 4.25
[HELPING] Min % of not played chunks: 0.0
[HELPING] Max % of not played chunks: 15.0
[HELPING] Not played chunks [chunk-id/nodes]: {1=1, 2=1, 70=1, 65=1, 66=1, 40=1, 47=1, 17=1, 49=1, 53=1, 52=1, 92=1, 58=1, 26=1, 88=1, 61=1, 60=1}
[HELPING] Avg distance between not played chunks: 3.1785714285714284
[HELPING] Min distance between not played chunks: 1.0
[HELPING] Max distance between not played chunks: 5.357142857142857

