Total chunks: 100
Nodes x chunk: 6
Total nodes: 52
Active nodes: 44
Started playbacks: 44
Not started playbacks node-ids: []
Playbacks time-window: 116
Missing chunks distribution [missed-chunks/nodes]: {0=42, 1=2}
Rejected chunks for ttl expiration [chunk-id/nodes]: 1 {1=2}
Rejected chunks for capacity limit [chunk-id/nodes]: 0 {}
bandwidthUtilUp: 0.014116598195089614
bandwidthUtilDown: 0.008043992405380168
Avg # of unsent chunk for max-retries: 0.0
Min # of unsent chunk for max-retries: 0.0
Max # of unsent chunk for max-retries: 0.0
Avg # of unsent chunk-reqs for max-retries: 0.0
Min # of unsent chunk-reqs for max-retries: 0.0
Max # of unsent chunk-reqs for max-retries: 0.0
Avg % of chunks received by Pastry: 8.045454545454545
Min % of chunks received by Pastry: 0.0
Max % of chunks received by Pastry: 15.0
StD of chunks received by Pastry: 4.103059241276043
Var of chunks received by Pastry: 16.835095137420737
Avg % of chunks received by StarStream: 91.02272727272727
Min % of chunks received by StarStream: 84.0
Max % of chunks received by StarStream: 100.0
StD of chunks received by StarStream: 4.234348121838097
Var of chunks received by StarStream: 17.929704016913814
[NONMOJO] Startup Delay: 82.36363636363636
[MOJO] Startup Delay: 96.8
[MOJO] Latency: 8.04973955697982
Min of perceived avg chunk delivery-time: 7.05
Max of perceived avg chunk delivery-time: 9.333333333333334
Variance of perceived avg chunk delivery-time: 0.3663373365317059
StD of perceived avg chunk delivery-time: 0.6052580743217771
Avg messages sent per node: 6701.181818181818
Min messages sent per node: 4232.0
Max messages sent per node: 8335.0
Variance of messages sent per node: 1409014.570824531
StD of messages sent per node: 1187.0191956428214
Nodes with incomplete playbacks: 33
[MOJO] Continuity Index: 52.02272727272727
[MOJO] Packet Loss: 47.97727272727273
Min % of not played chunks: 0.0
Max % of not played chunks: 99.0
Not played chunks [chunk-id/nodes]: {1=23, 2=20, 3=21, 4=23, 5=23, 6=22, 7=20, 8=17, 9=20, 10=22, 11=22, 12=22, 13=19, 14=26, 15=23, 17=22, 16=20, 19=15, 18=21, 21=19, 20=22, 23=20, 22=22, 25=22, 24=17, 27=19, 26=21, 29=22, 28=21, 31=21, 30=20, 34=16, 35=19, 32=20, 33=20, 38=19, 39=20, 36=23, 37=25, 42=17, 43=20, 40=24, 41=24, 46=21, 47=20, 44=21, 45=23, 51=22, 50=21, 49=21, 48=18, 55=21, 54=19, 53=20, 52=24, 59=19, 58=21, 57=22, 56=22, 63=20, 62=22, 61=25, 60=24, 68=20, 69=23, 70=22, 71=22, 64=21, 65=24, 66=22, 67=21, 76=24, 77=21, 78=22, 79=19, 72=22, 73=22, 74=26, 75=21, 85=22, 84=21, 87=20, 86=24, 81=25, 80=20, 83=22, 82=23, 93=22, 92=19, 95=22, 94=23, 89=22, 88=20, 91=19, 90=22, 98=24, 99=21, 96=22, 97=26}
Avg distance between not played chunks: 1.8537326299636585
Min distance between not played chunks: 1.0
Max distance between not played chunks: 7.6

HELPING PEERS LOG

[HELPING] Active nodes: 8
[HELPING] Started playbacks: 8
[HELPING] Not started playbacks node-ids: []
[HELPING] Playbacks time-window: 209
[HELPING] Missing chunks distribution [missed-chunks/nodes]: {0=7, 4=1}
[HELPING] Rejected chunks for ttl expiration [chunk-id/nodes]: 3 {1=1, 2=1, 3=1}
[HELPING] Rejected chunks for capacity limit [chunk-id/nodes]: 0 {}
[HELPING] bandwidthUtilUp: 0.01423026803105459
[HELPING] bandwidthUtilDown: 0.007810721445378142
[HELPING] Avg # of unsent chunk for max-retries: 0.0
[HELPING] Min # of unsent chunk for max-retries: 0.0
[HELPING] Max # of unsent chunk for max-retries: 0.0
[HELPING] Avg # of unsent chunk-reqs for max-retries: 0.0
[HELPING] Min # of unsent chunk-reqs for max-retries: 0.0
[HELPING] Max # of unsent chunk-reqs for max-retries: 0.0
[HELPING] Avg % of chunks received by Pastry: 5.125
[HELPING] Min % of chunks received by Pastry: 0.0
[HELPING] Max % of chunks received by Pastry: 13.0
[HELPING] StD of chunks received by Pastry: 4.823676724538776
[HELPING] Var of chunks received by Pastry: 23.267857142857142
[HELPING] Avg % of chunks received by StarStream: 94.125
[HELPING] Min % of chunks received by StarStream: 86.0
[HELPING] Max % of chunks received by StarStream: 100.0
[HELPING] StD of chunks received by StarStream: 5.111262075065218
[HELPING] Var of chunks received by StarStream: 26.125
[HELPING] Startup Delay: 113.25
[HELPING] Latency: 8.322457386363636
[HELPING] Min of perceived avg chunk delivery-time: 7.58
[HELPING] Max of perceived avg chunk delivery-time: 9.135416666666666
[HELPING] Variance of perceived avg chunk delivery-time: 0.2724850985020534
[HELPING] StD of perceived avg chunk delivery-time: 0.5220010522039715
[HELPING] Avg messages sent per node: 6287.125
[HELPING] Min messages sent per node: 4359.0
[HELPING] Max messages sent per node: 7757.0
[HELPING] Variance of messages sent per node: 1775518.982142857
[HELPING] StD of messages sent per node: 1332.4860157400742
[HELPING] Nodes with incomplete playbacks: 5
[HELPING] Packet Loss: 14.25
[HELPING] Min % of not played chunks: 0.0
[HELPING] Max % of not played chunks: 77.0
[HELPING] Not played chunks [chunk-id/nodes]: {1=2, 2=2, 3=2, 4=1, 5=1, 6=1, 8=1, 9=1, 11=1, 12=2, 13=2, 14=1, 15=1, 17=1, 16=2, 19=1, 21=1, 20=2, 23=1, 22=2, 24=1, 27=1, 29=1, 28=2, 31=1, 30=1, 34=2, 35=1, 32=1, 33=2, 38=1, 39=1, 36=2, 37=1, 42=1, 43=2, 40=1, 41=1, 47=1, 44=1, 45=1, 50=2, 55=2, 54=2, 53=2, 52=1, 58=1, 57=1, 56=3, 63=1, 62=1, 61=2, 68=1, 69=1, 71=2, 64=2, 65=1, 66=1, 67=1, 76=3, 77=1, 79=2, 72=1, 73=2, 85=1, 84=2, 86=1, 81=3, 80=1, 83=1, 82=1, 93=1, 92=1, 94=1, 89=2, 88=1, 91=1, 90=1, 98=2, 99=1, 96=2, 97=1}
[HELPING] Avg distance between not played chunks: 3.2467105263157894
[HELPING] Min distance between not played chunks: 1.0
[HELPING] Max distance between not played chunks: 5.75

