Total chunks: 100
Nodes x chunk: 6
Total nodes: 57
Active nodes: 44
Started playbacks: 44
Not started playbacks node-ids: []
Playbacks time-window: 113
Missing chunks distribution [missed-chunks/nodes]: {0=43, 1=1}
Rejected chunks for ttl expiration [chunk-id/nodes]: 1 {1=1}
Rejected chunks for capacity limit [chunk-id/nodes]: 0 {}
bandwidthUtilUp: 0.01380973920449452
bandwidthUtilDown: 0.007827675388170908
Avg # of unsent chunk for max-retries: 0.0
Min # of unsent chunk for max-retries: 0.0
Max # of unsent chunk for max-retries: 0.0
Avg # of unsent chunk-reqs for max-retries: 0.0
Min # of unsent chunk-reqs for max-retries: 0.0
Max # of unsent chunk-reqs for max-retries: 0.0
Avg % of chunks received by Pastry: 9.727272727272727
Min % of chunks received by Pastry: 0.0
Max % of chunks received by Pastry: 18.0
StD of chunks received by Pastry: 3.6431754380934347
Var of chunks received by Pastry: 13.27272727272729
Avg % of chunks received by StarStream: 89.29545454545455
Min % of chunks received by StarStream: 81.0
Max % of chunks received by StarStream: 100.0
StD of chunks received by StarStream: 3.7078141586512126
Var of chunks received by StarStream: 13.747885835094399
[NONMOJO] Startup Delay: 92.22727272727273
[MOJO] Startup Delay: 91.9
[MOJO] Latency: 8.382076797661211
Min of perceived avg chunk delivery-time: 7.14
Max of perceived avg chunk delivery-time: 9.919191919191919
Variance of perceived avg chunk delivery-time: 0.39173110848973075
StD of perceived avg chunk delivery-time: 0.6258842612574075
Avg messages sent per node: 6522.795454545455
Min messages sent per node: 3707.0
Max messages sent per node: 9515.0
Variance of messages sent per node: 1909353.980443974
StD of messages sent per node: 1381.793754669623
Nodes with incomplete playbacks: 30
[MOJO] Continuity Index: 65.38636363636364
[MOJO] Packet Loss: 34.61363636363637
Min % of not played chunks: 0.0
Max % of not played chunks: 99.0
Not played chunks [chunk-id/nodes]: {1=17, 2=15, 3=18, 4=11, 5=14, 6=18, 7=14, 8=14, 9=18, 10=18, 11=13, 12=17, 13=14, 14=11, 15=14, 17=15, 16=14, 19=16, 18=12, 21=13, 20=15, 23=15, 22=13, 25=16, 24=13, 27=15, 26=19, 29=17, 28=16, 31=17, 30=15, 34=18, 35=14, 32=17, 33=15, 38=15, 39=17, 36=17, 37=13, 42=16, 43=17, 40=18, 41=15, 46=14, 47=21, 44=17, 45=17, 51=14, 50=13, 49=14, 48=15, 55=14, 54=16, 53=17, 52=18, 59=14, 58=14, 57=19, 56=18, 63=18, 62=16, 61=17, 60=16, 68=13, 69=15, 70=18, 71=16, 64=14, 65=16, 66=13, 67=13, 76=17, 77=20, 78=14, 79=13, 72=17, 73=15, 74=15, 75=12, 85=15, 84=15, 87=15, 86=14, 81=17, 80=14, 83=18, 82=11, 93=15, 92=15, 95=19, 94=16, 89=16, 88=17, 91=15, 90=17, 98=11, 99=12, 96=16, 97=13}
Avg distance between not played chunks: 3.4494290223985025
Min distance between not played chunks: 1.0
Max distance between not played chunks: 27.333333333333332

HELPING PEERS LOG

[HELPING] Active nodes: 13
[HELPING] Started playbacks: 13
[HELPING] Not started playbacks node-ids: []
[HELPING] Playbacks time-window: 140
[HELPING] Missing chunks distribution [missed-chunks/nodes]: {0=10, 1=3}
[HELPING] Rejected chunks for ttl expiration [chunk-id/nodes]: 1 {1=3}
[HELPING] Rejected chunks for capacity limit [chunk-id/nodes]: 0 {}
[HELPING] bandwidthUtilUp: 0.014397852730044763
[HELPING] bandwidthUtilDown: 0.008216141190368413
[HELPING] Avg # of unsent chunk for max-retries: 0.0
[HELPING] Min # of unsent chunk for max-retries: 0.0
[HELPING] Max # of unsent chunk for max-retries: 0.0
[HELPING] Avg # of unsent chunk-reqs for max-retries: 0.0
[HELPING] Min # of unsent chunk-reqs for max-retries: 0.0
[HELPING] Max # of unsent chunk-reqs for max-retries: 0.0
[HELPING] Avg % of chunks received by Pastry: 6.230769230769231
[HELPING] Min % of chunks received by Pastry: 0.0
[HELPING] Max % of chunks received by Pastry: 15.0
[HELPING] StD of chunks received by Pastry: 5.372054947501409
[HELPING] Var of chunks received by Pastry: 28.858974358974365
[HELPING] Avg % of chunks received by StarStream: 93.0
[HELPING] Min % of chunks received by StarStream: 84.0
[HELPING] Max % of chunks received by StarStream: 100.0
[HELPING] StD of chunks received by StarStream: 5.671566509057931
[HELPING] Var of chunks received by StarStream: 32.166666666667574
[HELPING] Startup Delay: 123.46153846153847
[HELPING] Latency: 8.512841919984776
[HELPING] Min of perceived avg chunk delivery-time: 7.444444444444445
[HELPING] Max of perceived avg chunk delivery-time: 10.306122448979592
[HELPING] Variance of perceived avg chunk delivery-time: 0.49329224545519185
[HELPING] StD of perceived avg chunk delivery-time: 0.7023476670817608
[HELPING] Avg messages sent per node: 6116.461538461538
[HELPING] Min messages sent per node: 4249.0
[HELPING] Max messages sent per node: 9082.0
[HELPING] Variance of messages sent per node: 2785106.935897447
[HELPING] StD of messages sent per node: 1668.8639656657
[HELPING] Nodes with incomplete playbacks: 7
[HELPING] Packet Loss: 12.615384615384615
[HELPING] Min % of not played chunks: 0.0
[HELPING] Max % of not played chunks: 99.0
[HELPING] Not played chunks [chunk-id/nodes]: {1=5, 2=3, 3=1, 4=1, 5=1, 6=2, 7=1, 8=1, 9=1, 10=2, 11=3, 12=1, 13=2, 14=2, 15=2, 17=1, 16=2, 19=1, 18=1, 21=1, 20=1, 23=1, 22=1, 25=3, 24=1, 27=1, 26=2, 29=2, 28=1, 31=1, 30=2, 34=1, 35=1, 32=1, 33=2, 38=2, 39=2, 36=1, 37=1, 42=2, 43=2, 40=2, 41=2, 46=1, 47=2, 44=1, 45=2, 51=1, 50=2, 49=1, 48=3, 55=3, 54=3, 53=1, 52=2, 59=2, 58=2, 57=1, 56=1, 63=1, 62=2, 61=2, 60=2, 68=1, 69=2, 70=2, 71=2, 64=1, 65=2, 66=2, 67=2, 76=2, 77=2, 78=2, 79=1, 72=2, 73=2, 74=1, 75=1, 85=1, 84=2, 87=1, 86=2, 81=1, 80=1, 83=1, 82=1, 93=3, 92=3, 95=2, 94=1, 89=1, 88=3, 91=3, 90=1, 98=1, 99=2, 96=1, 97=2}
[HELPING] Avg distance between not played chunks: 2.5270061728395063
[HELPING] Min distance between not played chunks: 1.0
[HELPING] Max distance between not played chunks: 3.5185185185185186

