Total chunks: 100
Nodes x chunk: 6
Total nodes: 61
Active nodes: 44
Started playbacks: 44
Not started playbacks node-ids: []
Playbacks time-window: 170
Missing chunks distribution [missed-chunks/nodes]: {0=41, 1=2, 3=1}
Rejected chunks for ttl expiration [chunk-id/nodes]: 3 {0=3, 1=3, 2=1}
Rejected chunks for capacity limit [chunk-id/nodes]: 0 {}
bandwidthUtilUp: 0.014283297423658713
bandwidthUtilDown: 0.008073771559639576
Avg # of unsent chunk for max-retries: 0.0
Min # of unsent chunk for max-retries: 0.0
Max # of unsent chunk for max-retries: 0.0
Avg # of unsent chunk-reqs for max-retries: 0.0
Min # of unsent chunk-reqs for max-retries: 0.0
Max # of unsent chunk-reqs for max-retries: 0.0
Avg % of chunks received by Pastry: 8.477272727272727
Min % of chunks received by Pastry: 0.0
Max % of chunks received by Pastry: 16.0
StD of chunks received by Pastry: 4.443383564951986
Var of chunks received by Pastry: 19.74365750528542
Avg % of chunks received by StarStream: 90.61363636363636
Min % of chunks received by StarStream: 83.0
Max % of chunks received by StarStream: 100.0
StD of chunks received by StarStream: 4.606445984582958
Var of chunks received by StarStream: 21.219344608880462
[NONMOJO] Startup Delay: 102.81818181818181
[MOJO] Startup Delay: 59.6
[MOJO] Latency: 8.576775682923765
Min of perceived avg chunk delivery-time: 6.96
Max of perceived avg chunk delivery-time: 10.60204081632653
Variance of perceived avg chunk delivery-time: 0.6144541242182294
StD of perceived avg chunk delivery-time: 0.7838712421171155
Avg messages sent per node: 6674.772727272727
Min messages sent per node: 3954.0
Max messages sent per node: 9219.0
Variance of messages sent per node: 1971913.8541226264
StD of messages sent per node: 1404.2485015561265
Nodes with incomplete playbacks: 35
[MOJO] Continuity Index: 59.68181818181818
[MOJO] Packet Loss: 40.31818181818182
Min % of not played chunks: 0.0
Max % of not played chunks: 99.0
Not played chunks [chunk-id/nodes]: {1=22, 2=23, 3=17, 4=15, 5=22, 6=14, 7=13, 8=14, 9=19, 10=18, 11=17, 12=18, 13=15, 14=20, 15=17, 17=17, 16=15, 19=20, 18=20, 21=21, 20=15, 23=12, 22=16, 25=19, 24=18, 27=17, 26=19, 29=13, 28=17, 31=18, 30=15, 34=18, 35=14, 32=19, 33=17, 38=17, 39=12, 36=22, 37=14, 42=22, 43=17, 40=22, 41=19, 46=20, 47=21, 44=18, 45=19, 51=17, 50=22, 49=17, 48=19, 55=17, 54=17, 53=18, 52=18, 59=19, 58=17, 57=17, 56=16, 63=18, 62=20, 61=18, 60=17, 68=17, 69=15, 70=18, 71=21, 64=18, 65=17, 66=18, 67=21, 76=22, 77=23, 78=19, 79=20, 72=14, 73=19, 74=21, 75=20, 85=19, 84=19, 87=19, 86=18, 81=13, 80=17, 83=17, 82=17, 93=21, 92=23, 95=19, 94=18, 89=17, 88=15, 91=16, 90=17, 98=20, 99=21, 96=16, 97=15}
Avg distance between not played chunks: 3.1195137372003416
Min distance between not played chunks: 1.0
Max distance between not played chunks: 19.5

HELPING PEERS LOG

[HELPING] Active nodes: 17
[HELPING] Started playbacks: 17
[HELPING] Not started playbacks node-ids: []
[HELPING] Playbacks time-window: 173
[HELPING] Missing chunks distribution [missed-chunks/nodes]: {0=13, 1=3, 3=1}
[HELPING] Rejected chunks for ttl expiration [chunk-id/nodes]: 3 {0=8, 1=4, 2=1}
[HELPING] Rejected chunks for capacity limit [chunk-id/nodes]: 0 {}
[HELPING] bandwidthUtilUp: 0.014228433729891502
[HELPING] bandwidthUtilDown: 0.008545715372953391
[HELPING] Avg # of unsent chunk for max-retries: 0.0
[HELPING] Min # of unsent chunk for max-retries: 0.0
[HELPING] Max # of unsent chunk for max-retries: 0.0
[HELPING] Avg # of unsent chunk-reqs for max-retries: 0.0
[HELPING] Min # of unsent chunk-reqs for max-retries: 0.0
[HELPING] Max # of unsent chunk-reqs for max-retries: 0.0
[HELPING] Avg % of chunks received by Pastry: 4.235294117647059
[HELPING] Min % of chunks received by Pastry: 0.0
[HELPING] Max % of chunks received by Pastry: 10.0
[HELPING] StD of chunks received by Pastry: 3.717011766269813
[HELPING] Var of chunks received by Pastry: 13.816176470588234
[HELPING] Avg % of chunks received by StarStream: 95.11764705882354
[HELPING] Min % of chunks received by StarStream: 89.0
[HELPING] Max % of chunks received by StarStream: 100.0
[HELPING] StD of chunks received by StarStream: 4.106128848154294
[HELPING] Var of chunks received by StarStream: 16.860294117644912
[HELPING] Startup Delay: 139.2941176470588
[HELPING] Latency: 8.708845068799153
[HELPING] Min of perceived avg chunk delivery-time: 7.469387755102041
[HELPING] Max of perceived avg chunk delivery-time: 10.484848484848484
[HELPING] Variance of perceived avg chunk delivery-time: 0.7412697030328754
[HELPING] StD of perceived avg chunk delivery-time: 0.8609702103051391
[HELPING] Avg messages sent per node: 6408.882352941177
[HELPING] Min messages sent per node: 4109.0
[HELPING] Max messages sent per node: 8675.0
[HELPING] Variance of messages sent per node: 2733744.6102941167
[HELPING] StD of messages sent per node: 1653.403946497684
[HELPING] Nodes with incomplete playbacks: 9
[HELPING] Packet Loss: 15.941176470588236
[HELPING] Min % of not played chunks: 0.0
[HELPING] Max % of not played chunks: 99.0
[HELPING] Not played chunks [chunk-id/nodes]: {1=6, 2=3, 3=1, 4=2, 5=2, 6=2, 7=2, 8=4, 9=2, 10=2, 11=3, 12=4, 13=3, 14=3, 15=2, 17=2, 16=2, 19=2, 18=2, 21=2, 20=2, 23=3, 22=2, 25=3, 24=4, 27=3, 26=3, 29=3, 28=4, 31=4, 30=3, 34=3, 35=3, 32=3, 33=2, 38=3, 39=3, 36=4, 37=4, 42=2, 43=3, 40=3, 41=1, 46=4, 47=4, 44=3, 45=3, 51=2, 50=3, 49=1, 48=3, 55=4, 54=2, 53=3, 52=3, 59=4, 58=3, 57=2, 56=2, 63=2, 62=2, 61=3, 60=3, 68=4, 69=3, 70=3, 71=4, 64=3, 65=3, 66=4, 67=2, 76=2, 77=2, 78=3, 79=3, 72=3, 73=3, 74=2, 75=2, 85=1, 84=1, 87=3, 86=2, 81=2, 80=3, 83=3, 82=2, 93=3, 92=3, 95=3, 94=3, 89=4, 88=3, 91=2, 90=3, 98=2, 99=3, 96=1, 97=3}
[HELPING] Avg distance between not played chunks: 2.459401709401709
[HELPING] Min distance between not played chunks: 1.0
[HELPING] Max distance between not played chunks: 5.416666666666667

