Total chunks: 100
Nodes x chunk: 6
Total nodes: 66
Active nodes: 44
Started playbacks: 44
Not started playbacks node-ids: []
Playbacks time-window: 218
Missing chunks distribution [missed-chunks/nodes]: {0=42, 3=1, 4=1}
Rejected chunks for ttl expiration [chunk-id/nodes]: 4 {0=3, 1=2, 2=2, 3=1}
Rejected chunks for capacity limit [chunk-id/nodes]: 0 {}
bandwidthUtilUp: 0.014397362157916526
bandwidthUtilDown: 0.008245122358167947
Avg # of unsent chunk for max-retries: 0.0
Min # of unsent chunk for max-retries: 0.0
Max # of unsent chunk for max-retries: 0.0
Avg # of unsent chunk-reqs for max-retries: 0.0
Min # of unsent chunk-reqs for max-retries: 0.0
Max # of unsent chunk-reqs for max-retries: 0.0
Avg % of chunks received by Pastry: 8.795454545454545
Min % of chunks received by Pastry: 0.0
Max % of chunks received by Pastry: 18.0
StD of chunks received by Pastry: 3.985902748288783
Var of chunks received by Pastry: 15.887420718816074
Avg % of chunks received by StarStream: 90.27272727272727
Min % of chunks received by StarStream: 81.0
Max % of chunks received by StarStream: 100.0
StD of chunks received by StarStream: 4.139226061597488
Var of chunks received by StarStream: 17.13319238900785
[NONMOJO] Startup Delay: 112.25
[MOJO] Startup Delay: 66.6
[MOJO] Latency: 8.769587398114226
Min of perceived avg chunk delivery-time: 7.88
Max of perceived avg chunk delivery-time: 9.75
Variance of perceived avg chunk delivery-time: 0.2869766325163379
StD of perceived avg chunk delivery-time: 0.5357019997315092
Avg messages sent per node: 6726.340909090909
Min messages sent per node: 4297.0
Max messages sent per node: 9264.0
Variance of messages sent per node: 1676527.578752646
StD of messages sent per node: 1294.8079312209384
Nodes with incomplete playbacks: 37
[MOJO] Continuity Index: 57.13636363636363
[MOJO] Packet Loss: 42.86363636363637
Min % of not played chunks: 0.0
Max % of not played chunks: 99.0
Not played chunks [chunk-id/nodes]: {1=21, 2=21, 3=17, 4=19, 5=22, 6=17, 7=24, 8=26, 9=16, 10=17, 11=18, 12=17, 13=21, 14=18, 15=18, 17=17, 16=20, 19=19, 18=18, 21=20, 20=14, 23=21, 22=17, 25=19, 24=22, 27=23, 26=17, 29=17, 28=17, 31=19, 30=20, 34=19, 35=16, 32=18, 33=21, 38=22, 39=23, 36=18, 37=12, 42=21, 43=17, 40=19, 41=20, 46=20, 47=20, 44=18, 45=17, 51=15, 50=24, 49=15, 48=16, 55=16, 54=16, 53=19, 52=23, 59=20, 58=25, 57=18, 56=19, 63=20, 62=13, 61=21, 60=25, 68=17, 69=18, 70=16, 71=17, 64=17, 65=20, 66=22, 67=21, 76=24, 77=18, 78=19, 79=20, 72=20, 73=23, 74=20, 75=18, 85=15, 84=16, 87=19, 86=16, 81=24, 80=21, 83=19, 82=17, 93=19, 92=21, 95=20, 94=21, 89=20, 88=21, 91=17, 90=16, 98=17, 99=22, 96=21, 97=16}
Avg distance between not played chunks: 2.4254460244353155
Min distance between not played chunks: 1.0
Max distance between not played chunks: 6.615384615384615

HELPING PEERS LOG

[HELPING] Active nodes: 22
[HELPING] Started playbacks: 22
[HELPING] Not started playbacks node-ids: []
[HELPING] Playbacks time-window: 273
[HELPING] Missing chunks distribution [missed-chunks/nodes]: {0=21, 5=1}
[HELPING] Rejected chunks for ttl expiration [chunk-id/nodes]: 5 {0=1, 1=1, 2=1, 3=1, 4=1}
[HELPING] Rejected chunks for capacity limit [chunk-id/nodes]: 0 {}
[HELPING] bandwidthUtilUp: 0.014680707033982181
[HELPING] bandwidthUtilDown: 0.008633272647392084
[HELPING] Avg # of unsent chunk for max-retries: 0.0
[HELPING] Min # of unsent chunk for max-retries: 0.0
[HELPING] Max # of unsent chunk for max-retries: 0.0
[HELPING] Avg # of unsent chunk-reqs for max-retries: 0.0
[HELPING] Min # of unsent chunk-reqs for max-retries: 0.0
[HELPING] Max # of unsent chunk-reqs for max-retries: 0.0
[HELPING] Avg % of chunks received by Pastry: 6.2727272727272725
[HELPING] Min % of chunks received by Pastry: 0.0
[HELPING] Max % of chunks received by Pastry: 15.0
[HELPING] StD of chunks received by Pastry: 4.333499830301228
[HELPING] Var of chunks received by Pastry: 18.77922077922078
[HELPING] Avg % of chunks received by StarStream: 92.86363636363636
[HELPING] Min % of chunks received by StarStream: 84.0
[HELPING] Max % of chunks received by StarStream: 100.0
[HELPING] StD of chunks received by StarStream: 4.528170602387766
[HELPING] Var of chunks received by StarStream: 20.504329004328785
[HELPING] Startup Delay: 126.04545454545455
[HELPING] Latency: 8.89812140544198
[HELPING] Min of perceived avg chunk delivery-time: 7.8
[HELPING] Max of perceived avg chunk delivery-time: 10.222222222222221
[HELPING] Variance of perceived avg chunk delivery-time: 0.3310167543118393
[HELPING] StD of perceived avg chunk delivery-time: 0.5753405550731143
[HELPING] Avg messages sent per node: 7009.5
[HELPING] Min messages sent per node: 4232.0
[HELPING] Max messages sent per node: 9909.0
[HELPING] Variance of messages sent per node: 3615553.499999997
[HELPING] StD of messages sent per node: 1901.460885740224
[HELPING] Nodes with incomplete playbacks: 13
[HELPING] Packet Loss: 35.31818181818182
[HELPING] Min % of not played chunks: 0.0
[HELPING] Max % of not played chunks: 99.0
[HELPING] Not played chunks [chunk-id/nodes]: {1=10, 2=8, 3=9, 4=8, 5=10, 6=7, 7=8, 8=6, 9=9, 10=7, 11=6, 12=9, 13=6, 14=8, 15=7, 17=6, 16=8, 19=9, 18=7, 21=9, 20=6, 23=5, 22=7, 25=8, 24=9, 27=6, 26=7, 29=8, 28=6, 31=7, 30=10, 34=7, 35=7, 32=9, 33=9, 38=10, 39=10, 36=6, 37=7, 42=9, 43=8, 40=7, 41=8, 46=8, 47=10, 44=9, 45=8, 51=7, 50=11, 49=9, 48=8, 55=9, 54=9, 53=9, 52=7, 59=9, 58=8, 57=8, 56=7, 63=11, 62=6, 61=8, 60=7, 68=6, 69=8, 70=10, 71=9, 64=8, 65=8, 66=8, 67=9, 76=8, 77=7, 78=8, 79=7, 72=8, 73=9, 74=6, 75=7, 85=7, 84=6, 87=7, 86=9, 81=7, 80=6, 83=6, 82=8, 93=7, 92=8, 95=6, 94=8, 89=10, 88=8, 91=9, 90=8, 98=7, 99=6, 96=8, 97=9}
[HELPING] Avg distance between not played chunks: 1.6621993183392094
[HELPING] Min distance between not played chunks: 1.0
[HELPING] Max distance between not played chunks: 4.476190476190476

