Total chunks: 100
Nodes x chunk: 6
Total nodes: 70
Active nodes: 44
Started playbacks: 44
Not started playbacks node-ids: []
Playbacks time-window: 112
Missing chunks distribution [missed-chunks/nodes]: {0=43, 1=1}
Rejected chunks for ttl expiration [chunk-id/nodes]: 1 {1=1}
Rejected chunks for capacity limit [chunk-id/nodes]: 0 {}
bandwidthUtilUp: 0.014141398774478087
bandwidthUtilDown: 0.00819369696609765
Avg # of unsent chunk for max-retries: 0.0
Min # of unsent chunk for max-retries: 0.0
Max # of unsent chunk for max-retries: 0.0
Avg # of unsent chunk-reqs for max-retries: 0.0
Min # of unsent chunk-reqs for max-retries: 0.0
Max # of unsent chunk-reqs for max-retries: 0.0
Avg % of chunks received by Pastry: 8.886363636363637
Min % of chunks received by Pastry: 0.0
Max % of chunks received by Pastry: 18.0
StD of chunks received by Pastry: 4.661649119770409
Var of chunks received by Pastry: 21.730972515856234
Avg % of chunks received by StarStream: 90.13636363636364
Min % of chunks received by StarStream: 81.0
Max % of chunks received by StarStream: 100.0
StD of chunks received by StarStream: 4.7081863841062885
Var of chunks received by StarStream: 22.167019027483846
[NONMOJO] Startup Delay: 116.4090909090909
[MOJO] Startup Delay: 78.2
[MOJO] Latency: 8.903575364029912
Min of perceived avg chunk delivery-time: 7.5
Max of perceived avg chunk delivery-time: 10.787878787878787
Variance of perceived avg chunk delivery-time: 0.49816101014710323
StD of perceived avg chunk delivery-time: 0.7058052211106852
Avg messages sent per node: 6655.227272727273
Min messages sent per node: 4013.0
Max messages sent per node: 8806.0
Variance of messages sent per node: 1852312.1797040154
StD of messages sent per node: 1360.9967596228933
Nodes with incomplete playbacks: 33
[MOJO] Continuity Index: 57.97727272727273
[MOJO] Packet Loss: 42.02272727272727
Min % of not played chunks: 0.0
Max % of not played chunks: 98.0
Not played chunks [chunk-id/nodes]: {1=18, 2=15, 3=19, 4=22, 5=22, 6=21, 7=17, 8=16, 9=22, 10=24, 11=12, 12=20, 13=15, 14=17, 15=15, 17=19, 16=17, 19=15, 18=19, 21=19, 20=12, 23=15, 22=20, 25=17, 24=23, 27=13, 26=16, 29=20, 28=18, 31=21, 30=18, 34=22, 35=17, 32=18, 33=16, 38=18, 39=17, 36=19, 37=15, 42=21, 43=19, 40=20, 41=23, 46=24, 47=19, 44=16, 45=17, 51=21, 50=20, 49=19, 48=23, 55=17, 54=20, 53=18, 52=23, 59=18, 58=15, 57=17, 56=25, 63=16, 62=16, 61=18, 60=17, 68=22, 69=16, 70=17, 71=12, 64=20, 65=22, 66=20, 67=19, 76=15, 77=16, 78=16, 79=16, 72=28, 73=20, 74=17, 75=22, 85=19, 84=18, 87=21, 86=15, 81=21, 80=21, 83=23, 82=19, 93=17, 92=22, 95=17, 94=18, 89=18, 88=19, 91=20, 90=21, 98=21, 99=20, 96=19, 97=21}
Avg distance between not played chunks: 2.121007551435654
Min distance between not played chunks: 1.0103092783505154
Max distance between not played chunks: 7.076923076923077

HELPING PEERS LOG

[HELPING] Active nodes: 26
[HELPING] Started playbacks: 26
[HELPING] Not started playbacks node-ids: []
[HELPING] Playbacks time-window: 173
[HELPING] Missing chunks distribution [missed-chunks/nodes]: {0=24, 1=1, 3=1}
[HELPING] Rejected chunks for ttl expiration [chunk-id/nodes]: 2 {1=2, 2=1}
[HELPING] Rejected chunks for capacity limit [chunk-id/nodes]: 0 {}
[HELPING] bandwidthUtilUp: 0.014733255987621404
[HELPING] bandwidthUtilDown: 0.008825332731433468
[HELPING] Avg # of unsent chunk for max-retries: 0.0
[HELPING] Min # of unsent chunk for max-retries: 0.0
[HELPING] Max # of unsent chunk for max-retries: 0.0
[HELPING] Avg # of unsent chunk-reqs for max-retries: 0.0
[HELPING] Min # of unsent chunk-reqs for max-retries: 0.0
[HELPING] Max # of unsent chunk-reqs for max-retries: 0.0
[HELPING] Avg % of chunks received by Pastry: 7.653846153846154
[HELPING] Min % of chunks received by Pastry: 0.0
[HELPING] Max % of chunks received by Pastry: 15.0
[HELPING] StD of chunks received by Pastry: 4.5601956773130485
[HELPING] Var of chunks received by Pastry: 20.795384615384613
[HELPING] Avg % of chunks received by StarStream: 91.46153846153847
[HELPING] Min % of chunks received by StarStream: 84.0
[HELPING] Max % of chunks received by StarStream: 100.0
[HELPING] StD of chunks received by StarStream: 4.768486294251096
[HELPING] Var of chunks received by StarStream: 22.738461538460545
[HELPING] Startup Delay: 123.76923076923077
[HELPING] Latency: 9.019922725776924
[HELPING] Min of perceived avg chunk delivery-time: 7.59
[HELPING] Max of perceived avg chunk delivery-time: 10.313131313131313
[HELPING] Variance of perceived avg chunk delivery-time: 0.6603571677111006
[HELPING] StD of perceived avg chunk delivery-time: 0.812623632262255
[HELPING] Avg messages sent per node: 7171.7692307692305
[HELPING] Min messages sent per node: 3586.0
[HELPING] Max messages sent per node: 10102.0
[HELPING] Variance of messages sent per node: 3311422.8246153845
[HELPING] StD of messages sent per node: 1819.7315254221937
[HELPING] Nodes with incomplete playbacks: 22
[HELPING] Packet Loss: 31.192307692307693
[HELPING] Min % of not played chunks: 0.0
[HELPING] Max % of not played chunks: 99.0
[HELPING] Not played chunks [chunk-id/nodes]: {1=11, 2=8, 3=5, 4=7, 5=11, 6=6, 7=9, 8=8, 9=9, 10=7, 11=10, 12=10, 13=7, 14=7, 15=4, 17=8, 16=7, 19=8, 18=9, 21=11, 20=8, 23=7, 22=9, 25=7, 24=8, 27=6, 26=8, 29=9, 28=7, 31=7, 30=8, 34=10, 35=7, 32=7, 33=9, 38=7, 39=11, 36=7, 37=6, 42=7, 43=9, 40=7, 41=7, 46=9, 47=8, 44=10, 45=7, 51=8, 50=9, 49=7, 48=8, 55=8, 54=8, 53=9, 52=9, 59=8, 58=8, 57=5, 56=10, 63=8, 62=8, 61=6, 60=6, 68=9, 69=11, 70=9, 71=8, 64=7, 65=9, 66=9, 67=7, 76=9, 77=8, 78=7, 79=6, 72=11, 73=9, 74=7, 75=9, 85=8, 84=8, 87=10, 86=9, 81=8, 80=10, 83=10, 82=8, 93=9, 92=9, 95=9, 94=10, 89=9, 88=7, 91=8, 90=9, 98=8, 99=9, 96=8, 97=11}
[HELPING] Avg distance between not played chunks: 5.081299203122353
[HELPING] Min distance between not played chunks: 1.0
[HELPING] Max distance between not played chunks: 20.0

