Total chunks: 100
Nodes x chunk: 6
Total nodes: 74
Active nodes: 44
Started playbacks: 44
Not started playbacks node-ids: []
Playbacks time-window: 322
Missing chunks distribution [missed-chunks/nodes]: {0=41, 1=2, 6=1}
Rejected chunks for ttl expiration [chunk-id/nodes]: 4 {1=3, 2=1, 3=1, 5=1}
Rejected chunks for capacity limit [chunk-id/nodes]: 0 {}
bandwidthUtilUp: 0.014064796117791451
bandwidthUtilDown: 0.00836075928093697
Avg # of unsent chunk for max-retries: 0.0
Min # of unsent chunk for max-retries: 0.0
Max # of unsent chunk for max-retries: 0.0
Avg # of unsent chunk-reqs for max-retries: 0.0
Min # of unsent chunk-reqs for max-retries: 0.0
Max # of unsent chunk-reqs for max-retries: 0.0
Avg % of chunks received by Pastry: 10.363636363636363
Min % of chunks received by Pastry: 0.0
Max % of chunks received by Pastry: 18.0
StD of chunks received by Pastry: 4.8708478278804686
Var of chunks received by Pastry: 23.72515856236788
Avg % of chunks received by StarStream: 88.6590909090909
Min % of chunks received by StarStream: 81.0
Max % of chunks received by StarStream: 100.0
StD of chunks received by StarStream: 4.922389199708171
Var of chunks received by StarStream: 24.229915433403644
[NONMOJO] Startup Delay: 130.8409090909091
[MOJO] Startup Delay: 93.5
[MOJO] Latency: 9.202967419427768
Min of perceived avg chunk delivery-time: 7.59
Max of perceived avg chunk delivery-time: 10.676767676767676
Variance of perceived avg chunk delivery-time: 0.6480532390242515
StD of perceived avg chunk delivery-time: 0.8050175395755371
Avg messages sent per node: 6694.431818181818
Min messages sent per node: 3814.0
Max messages sent per node: 9759.0
Variance of messages sent per node: 1953564.9952431307
StD of messages sent per node: 1397.699894556457
Nodes with incomplete playbacks: 37
[MOJO] Continuity Index: 53.13636363636363
[MOJO] Packet Loss: 46.86363636363637
Min % of not played chunks: 0.0
Max % of not played chunks: 99.0
Not played chunks [chunk-id/nodes]: {1=21, 2=24, 3=21, 4=16, 5=19, 6=22, 7=20, 8=16, 9=22, 10=18, 11=16, 12=22, 13=20, 14=23, 15=16, 17=19, 16=19, 19=20, 18=24, 21=17, 20=24, 23=19, 22=22, 25=18, 24=21, 27=24, 26=21, 29=21, 28=23, 31=25, 30=24, 34=16, 35=19, 32=20, 33=24, 38=19, 39=20, 36=23, 37=20, 42=23, 43=21, 40=21, 41=22, 46=25, 47=23, 44=24, 45=22, 51=20, 50=22, 49=20, 48=20, 55=25, 54=20, 53=17, 52=19, 59=20, 58=20, 57=22, 56=21, 63=20, 62=21, 61=19, 60=17, 68=25, 69=20, 70=16, 71=24, 64=21, 65=24, 66=22, 67=18, 76=18, 77=16, 78=21, 79=19, 72=23, 73=20, 74=21, 75=19, 85=23, 84=22, 87=21, 86=24, 81=21, 80=21, 83=24, 82=26, 93=29, 92=20, 95=25, 94=20, 89=25, 88=23, 91=17, 90=15, 98=22, 99=19, 96=17, 97=19}
Avg distance between not played chunks: 3.143938484737256
Min distance between not played chunks: 1.0
Max distance between not played chunks: 30.0

HELPING PEERS LOG

[HELPING] Active nodes: 30
[HELPING] Started playbacks: 30
[HELPING] Not started playbacks node-ids: []
[HELPING] Playbacks time-window: 240
[HELPING] Missing chunks distribution [missed-chunks/nodes]: {0=23, 1=5, 2=1, 4=1}
[HELPING] Rejected chunks for ttl expiration [chunk-id/nodes]: 3 {1=7, 2=1, 3=1}
[HELPING] Rejected chunks for capacity limit [chunk-id/nodes]: 0 {}
[HELPING] bandwidthUtilUp: 0.014404199478924126
[HELPING] bandwidthUtilDown: 0.00854634103804942
[HELPING] Avg # of unsent chunk for max-retries: 0.0
[HELPING] Min # of unsent chunk for max-retries: 0.0
[HELPING] Max # of unsent chunk for max-retries: 0.0
[HELPING] Avg # of unsent chunk-reqs for max-retries: 0.0
[HELPING] Min # of unsent chunk-reqs for max-retries: 0.0
[HELPING] Max # of unsent chunk-reqs for max-retries: 0.0
[HELPING] Avg % of chunks received by Pastry: 6.7
[HELPING] Min % of chunks received by Pastry: 0.0
[HELPING] Max % of chunks received by Pastry: 16.0
[HELPING] StD of chunks received by Pastry: 4.786114974770679
[HELPING] Var of chunks received by Pastry: 22.906896551724138
[HELPING] Avg % of chunks received by StarStream: 92.4
[HELPING] Min % of chunks received by StarStream: 83.0
[HELPING] Max % of chunks received by StarStream: 100.0
[HELPING] StD of chunks received by StarStream: 4.924253838102732
[HELPING] Var of chunks received by StarStream: 24.248275862069494
[HELPING] Startup Delay: 151.46666666666667
[HELPING] Latency: 9.342945535284821
[HELPING] Min of perceived avg chunk delivery-time: 7.73
[HELPING] Max of perceived avg chunk delivery-time: 10.864583333333334
[HELPING] Variance of perceived avg chunk delivery-time: 0.5204773918936261
[HELPING] StD of perceived avg chunk delivery-time: 0.7214411908767242
[HELPING] Avg messages sent per node: 7085.933333333333
[HELPING] Min messages sent per node: 4032.0
[HELPING] Max messages sent per node: 9916.0
[HELPING] Variance of messages sent per node: 3004577.7885057447
[HELPING] StD of messages sent per node: 1733.3717975396232
[HELPING] Nodes with incomplete playbacks: 24
[HELPING] Packet Loss: 32.46666666666667
[HELPING] Min % of not played chunks: 0.0
[HELPING] Max % of not played chunks: 99.0
[HELPING] Not played chunks [chunk-id/nodes]: {1=19, 2=13, 3=8, 4=10, 5=8, 6=10, 7=8, 8=8, 9=11, 10=9, 11=7, 12=12, 13=7, 14=11, 15=12, 17=10, 16=10, 19=9, 18=10, 21=9, 20=9, 23=9, 22=7, 25=8, 24=8, 27=9, 26=10, 29=10, 28=9, 31=7, 30=8, 34=8, 35=10, 32=9, 33=9, 38=9, 39=11, 36=9, 37=10, 42=11, 43=7, 40=15, 41=11, 46=13, 47=11, 44=11, 45=10, 51=9, 50=8, 49=11, 48=13, 55=10, 54=9, 53=9, 52=10, 59=11, 58=8, 57=11, 56=10, 63=9, 62=11, 61=12, 60=8, 68=13, 69=11, 70=9, 71=10, 64=8, 65=9, 66=11, 67=7, 76=7, 77=9, 78=9, 79=12, 72=11, 73=8, 74=12, 75=11, 85=11, 84=10, 87=13, 86=8, 81=9, 80=10, 83=7, 82=14, 93=9, 92=9, 95=8, 94=9, 89=11, 88=10, 91=12, 90=9, 98=7, 99=11, 96=12, 97=10}
[HELPING] Avg distance between not played chunks: 3.4759465074035685
[HELPING] Min distance between not played chunks: 1.0
[HELPING] Max distance between not played chunks: 18.666666666666668

