Total chunks: 100
Nodes x chunk: 6
Total nodes: 79
Active nodes: 44
Started playbacks: 44
Not started playbacks node-ids: []
Playbacks time-window: 762
Missing chunks distribution [missed-chunks/nodes]: {0=42, 1=1, 15=1}
Rejected chunks for ttl expiration [chunk-id/nodes]: 14 {1=1, 2=1, 3=1, 4=1, 5=1, 6=1, 7=1, 8=1, 9=1, 10=1, 11=1, 12=1, 13=1, 14=1}
Rejected chunks for capacity limit [chunk-id/nodes]: 0 {}
bandwidthUtilUp: 0.014124557476812268
bandwidthUtilDown: 0.008628746086164736
Avg # of unsent chunk for max-retries: 0.0
Min # of unsent chunk for max-retries: 0.0
Max # of unsent chunk for max-retries: 0.0
Avg # of unsent chunk-reqs for max-retries: 0.0
Min # of unsent chunk-reqs for max-retries: 0.0
Max # of unsent chunk-reqs for max-retries: 0.0
Avg % of chunks received by Pastry: 8.613636363636363
Min % of chunks received by Pastry: 1.0
Max % of chunks received by Pastry: 18.0
StD of chunks received by Pastry: 3.9427054168715596
Var of chunks received by Pastry: 15.544926004228339
Avg % of chunks received by StarStream: 90.38636363636364
Min % of chunks received by StarStream: 81.0
Max % of chunks received by StarStream: 98.0
StD of chunks received by StarStream: 3.94270541687151
Var of chunks received by StarStream: 15.544926004227946
[NONMOJO] Startup Delay: 145.22727272727272
[MOJO] Startup Delay: 76.6
[MOJO] Latency: 9.083710090096641
Min of perceived avg chunk delivery-time: 7.74
Max of perceived avg chunk delivery-time: 11.94949494949495
Variance of perceived avg chunk delivery-time: 0.6152242568613392
StD of perceived avg chunk delivery-time: 0.7843623249884834
Avg messages sent per node: 6733.5
Min messages sent per node: 3629.0
Max messages sent per node: 9853.0
Variance of messages sent per node: 2354976.0697674383
StD of messages sent per node: 1534.593128411384
Nodes with incomplete playbacks: 42
[MOJO] Continuity Index: 50.31818181818182
[MOJO] Packet Loss: 49.68181818181818
Min % of not played chunks: 0.0
Max % of not played chunks: 99.0
Not played chunks [chunk-id/nodes]: {1=21, 2=22, 3=20, 4=24, 5=18, 6=19, 7=25, 8=25, 9=21, 10=21, 11=20, 12=23, 13=23, 14=22, 15=20, 17=21, 16=19, 19=22, 18=22, 21=20, 20=25, 23=15, 22=18, 25=25, 24=18, 27=23, 26=20, 29=26, 28=20, 31=17, 30=22, 34=19, 35=23, 32=23, 33=22, 38=22, 39=21, 36=22, 37=20, 42=21, 43=28, 40=23, 41=24, 46=21, 47=22, 44=21, 45=21, 51=22, 50=22, 49=23, 48=24, 55=24, 54=28, 53=26, 52=24, 59=15, 58=19, 57=22, 56=25, 63=28, 62=23, 61=22, 60=18, 68=25, 69=18, 70=23, 71=22, 64=28, 65=24, 66=23, 67=17, 76=19, 77=21, 78=22, 79=21, 72=30, 73=25, 74=21, 75=27, 85=19, 84=21, 87=17, 86=28, 81=19, 80=21, 83=22, 82=25, 93=20, 92=24, 95=22, 94=22, 89=26, 88=21, 91=23, 90=25, 98=22, 99=22, 96=25, 97=21}
Avg distance between not played chunks: 3.1591640837545385
Min distance between not played chunks: 1.0
Max distance between not played chunks: 18.0

HELPING PEERS LOG

[HELPING] Active nodes: 35
[HELPING] Started playbacks: 35
[HELPING] Not started playbacks node-ids: []
[HELPING] Playbacks time-window: 738
[HELPING] Missing chunks distribution [missed-chunks/nodes]: {0=33, 4=1, 14=1}
[HELPING] Rejected chunks for ttl expiration [chunk-id/nodes]: 12 {2=2, 3=2, 4=1, 5=1, 6=1, 7=1, 8=1, 9=1, 10=1, 11=1, 12=1, 13=1}
[HELPING] Rejected chunks for capacity limit [chunk-id/nodes]: 0 {}
[HELPING] bandwidthUtilUp: 0.014337072834264055
[HELPING] bandwidthUtilDown: 0.008236814055725258
[HELPING] Avg # of unsent chunk for max-retries: 0.0
[HELPING] Min # of unsent chunk for max-retries: 0.0
[HELPING] Max # of unsent chunk for max-retries: 0.0
[HELPING] Avg # of unsent chunk-reqs for max-retries: 0.0
[HELPING] Min # of unsent chunk-reqs for max-retries: 0.0
[HELPING] Max # of unsent chunk-reqs for max-retries: 0.0
[HELPING] Avg % of chunks received by Pastry: 7.514285714285714
[HELPING] Min % of chunks received by Pastry: 0.0
[HELPING] Max % of chunks received by Pastry: 16.0
[HELPING] StD of chunks received by Pastry: 4.692744265298909
[HELPING] Var of chunks received by Pastry: 22.0218487394958
[HELPING] Avg % of chunks received by StarStream: 91.62857142857143
[HELPING] Min % of chunks received by StarStream: 83.0
[HELPING] Max % of chunks received by StarStream: 100.0
[HELPING] StD of chunks received by StarStream: 4.9234475862401785
[HELPING] Var of chunks received by StarStream: 24.24033613445424
[HELPING] Startup Delay: 168.77142857142857
[HELPING] Latency: 9.486905240108728
[HELPING] Min of perceived avg chunk delivery-time: 8.34
[HELPING] Max of perceived avg chunk delivery-time: 10.767676767676768
[HELPING] Variance of perceived avg chunk delivery-time: 0.5590767414797823
[HELPING] StD of perceived avg chunk delivery-time: 0.7477143448401817
[HELPING] Avg messages sent per node: 6998.628571428571
[HELPING] Min messages sent per node: 3609.0
[HELPING] Max messages sent per node: 10557.0
[HELPING] Variance of messages sent per node: 3782421.5344537836
[HELPING] StD of messages sent per node: 1944.844861281687
[HELPING] Nodes with incomplete playbacks: 23
[HELPING] Packet Loss: 24.142857142857142
[HELPING] Min % of not played chunks: 0.0
[HELPING] Max % of not played chunks: 98.0
[HELPING] Not played chunks [chunk-id/nodes]: {1=10, 2=15, 3=10, 4=12, 5=12, 6=7, 7=8, 8=10, 9=8, 10=10, 11=5, 12=9, 13=9, 14=9, 15=8, 17=9, 16=9, 19=5, 18=9, 21=7, 20=7, 23=5, 22=7, 25=9, 24=8, 27=9, 26=9, 29=7, 28=8, 31=6, 30=5, 34=10, 35=8, 32=4, 33=9, 38=12, 39=8, 36=7, 37=4, 42=8, 43=9, 40=10, 41=8, 46=11, 47=8, 44=7, 45=10, 51=11, 50=7, 49=11, 48=8, 55=7, 54=7, 53=8, 52=10, 59=6, 58=8, 57=5, 56=8, 63=9, 62=7, 61=7, 60=9, 68=11, 69=10, 70=12, 71=10, 64=11, 65=7, 66=10, 67=5, 76=8, 77=8, 78=9, 79=10, 72=13, 73=8, 74=12, 75=10, 85=6, 84=10, 87=8, 86=8, 81=7, 80=8, 83=9, 82=11, 93=6, 92=9, 95=8, 94=10, 89=10, 88=9, 91=9, 90=5, 98=9, 99=15, 96=6, 97=6}
[HELPING] Avg distance between not played chunks: 6.922231081411664
[HELPING] Min distance between not played chunks: 1.0
[HELPING] Max distance between not played chunks: 63.0

