Total chunks: 100
Nodes x chunk: 6
Total nodes: 83
Active nodes: 44
Started playbacks: 44
Not started playbacks node-ids: []
Playbacks time-window: 66
Missing chunks distribution [missed-chunks/nodes]: {0=44}
Rejected chunks for ttl expiration [chunk-id/nodes]: 0 {}
Rejected chunks for capacity limit [chunk-id/nodes]: 0 {}
bandwidthUtilUp: 0.014557925879983707
bandwidthUtilDown: 0.008848396657422469
Avg # of unsent chunk for max-retries: 0.0
Min # of unsent chunk for max-retries: 0.0
Max # of unsent chunk for max-retries: 0.0
Avg # of unsent chunk-reqs for max-retries: 0.0
Min # of unsent chunk-reqs for max-retries: 0.0
Max # of unsent chunk-reqs for max-retries: 0.0
Avg % of chunks received by Pastry: 9.340909090909092
Min % of chunks received by Pastry: 0.0
Max % of chunks received by Pastry: 17.0
StD of chunks received by Pastry: 3.429985299434098
Var of chunks received by Pastry: 11.764799154334018
Avg % of chunks received by StarStream: 89.68181818181819
Min % of chunks received by StarStream: 82.0
Max % of chunks received by StarStream: 100.0
StD of chunks received by StarStream: 3.495995897453149
Var of chunks received by StarStream: 12.22198731500925
[NONMOJO] Startup Delay: 132.11363636363637
[MOJO] Startup Delay: 97.3
[MOJO] Latency: 9.215626721763082
Min of perceived avg chunk delivery-time: 7.85
Max of perceived avg chunk delivery-time: 10.66
Variance of perceived avg chunk delivery-time: 0.4803359574507816
StD of perceived avg chunk delivery-time: 0.6930627370236995
Avg messages sent per node: 6999.409090909091
Min messages sent per node: 3846.0
Max messages sent per node: 10930.0
Variance of messages sent per node: 3081022.852008456
StD of messages sent per node: 1755.2842652996283
Nodes with incomplete playbacks: 43
[MOJO] Continuity Index: 46.52272727272727
[MOJO] Packet Loss: 53.47727272727273
Min % of not played chunks: 0.0
Max % of not played chunks: 99.0
Not played chunks [chunk-id/nodes]: {1=25, 2=22, 3=21, 4=27, 5=25, 6=24, 7=23, 8=26, 9=26, 10=19, 11=21, 12=26, 13=25, 14=26, 15=23, 17=22, 16=22, 19=26, 18=25, 21=26, 20=23, 23=22, 22=25, 25=23, 24=23, 27=25, 26=22, 29=26, 28=24, 31=20, 30=20, 34=26, 35=22, 32=25, 33=26, 38=23, 39=27, 36=23, 37=23, 42=20, 43=24, 40=26, 41=23, 46=22, 47=20, 44=25, 45=28, 51=23, 50=22, 49=21, 48=23, 55=23, 54=20, 53=24, 52=26, 59=26, 58=20, 57=26, 56=18, 63=24, 62=30, 61=22, 60=20, 68=28, 69=30, 70=22, 71=23, 64=20, 65=19, 66=21, 67=22, 76=25, 77=26, 78=25, 79=21, 72=26, 73=22, 74=26, 75=28, 85=25, 84=27, 87=24, 86=19, 81=22, 80=30, 83=28, 82=23, 93=26, 92=21, 95=23, 94=21, 89=27, 88=22, 91=23, 90=27, 98=26, 99=26, 96=22, 97=23}
Avg distance between not played chunks: 3.336826267659544
Min distance between not played chunks: 1.0
Max distance between not played chunks: 15.333333333333334

HELPING PEERS LOG

[HELPING] Active nodes: 39
[HELPING] Started playbacks: 39
[HELPING] Not started playbacks node-ids: []
[HELPING] Playbacks time-window: 194
[HELPING] Missing chunks distribution [missed-chunks/nodes]: {0=32, 1=3, 3=4}
[HELPING] Rejected chunks for ttl expiration [chunk-id/nodes]: 3 {0=8, 1=7, 2=4}
[HELPING] Rejected chunks for capacity limit [chunk-id/nodes]: 0 {}
[HELPING] bandwidthUtilUp: 0.0141307828646515
[HELPING] bandwidthUtilDown: 0.008096582125785458
[HELPING] Avg # of unsent chunk for max-retries: 0.0
[HELPING] Min # of unsent chunk for max-retries: 0.0
[HELPING] Max # of unsent chunk for max-retries: 0.0
[HELPING] Avg # of unsent chunk-reqs for max-retries: 0.0
[HELPING] Min # of unsent chunk-reqs for max-retries: 0.0
[HELPING] Max # of unsent chunk-reqs for max-retries: 0.0
[HELPING] Avg % of chunks received by Pastry: 6.923076923076923
[HELPING] Min % of chunks received by Pastry: 0.0
[HELPING] Max % of chunks received by Pastry: 18.0
[HELPING] StD of chunks received by Pastry: 5.187964895513946
[HELPING] Var of chunks received by Pastry: 26.914979757085025
[HELPING] Avg % of chunks received by StarStream: 92.25641025641026
[HELPING] Min % of chunks received by StarStream: 81.0
[HELPING] Max % of chunks received by StarStream: 100.0
[HELPING] StD of chunks received by StarStream: 5.427599783164531
[HELPING] Var of chunks received by StarStream: 29.458839406207662
[HELPING] Startup Delay: 165.4102564102564
[HELPING] Latency: 9.941395420158306
[HELPING] Min of perceived avg chunk delivery-time: 7.8
[HELPING] Max of perceived avg chunk delivery-time: 13.051546391752577
[HELPING] Variance of perceived avg chunk delivery-time: 1.217829192074453
[HELPING] StD of perceived avg chunk delivery-time: 1.103552985621648
[HELPING] Avg messages sent per node: 6728.692307692308
[HELPING] Min messages sent per node: 3765.0
[HELPING] Max messages sent per node: 9472.0
[HELPING] Variance of messages sent per node: 3096320.271255065
[HELPING] StD of messages sent per node: 1759.6364031398832
[HELPING] Nodes with incomplete playbacks: 34
[HELPING] Packet Loss: 35.87179487179487
[HELPING] Min % of not played chunks: 0.0
[HELPING] Max % of not played chunks: 99.0
[HELPING] Not played chunks [chunk-id/nodes]: {1=27, 2=19, 3=10, 4=15, 5=13, 6=16, 7=10, 8=16, 9=14, 10=11, 11=13, 12=11, 13=15, 14=16, 15=10, 17=11, 16=17, 19=14, 18=7, 21=14, 20=15, 23=14, 22=15, 25=13, 24=15, 27=10, 26=12, 29=12, 28=13, 31=10, 30=14, 34=15, 35=16, 32=14, 33=11, 38=14, 39=12, 36=13, 37=12, 42=13, 43=14, 40=14, 41=14, 46=13, 47=14, 44=14, 45=21, 51=16, 50=14, 49=10, 48=16, 55=15, 54=15, 53=14, 52=16, 59=17, 58=12, 57=9, 56=7, 63=14, 62=17, 61=15, 60=12, 68=13, 69=15, 70=14, 71=17, 64=12, 65=15, 66=11, 67=17, 76=14, 77=11, 78=15, 79=15, 72=15, 73=12, 74=16, 75=15, 85=17, 84=23, 87=18, 86=13, 81=13, 80=15, 83=17, 82=14, 93=12, 92=15, 95=14, 94=15, 89=12, 88=13, 91=16, 90=17, 98=14, 99=16, 96=17, 97=16}
[HELPING] Avg distance between not played chunks: 2.8660305435775135
[HELPING] Min distance between not played chunks: 1.0
[HELPING] Max distance between not played chunks: 15.8

