Total chunks: 100
Nodes x chunk: 7
Total nodes: 48
Active nodes: 48
Started playbacks: 48
Not started playbacks node-ids: []
Playbacks time-window: 265
Missing chunks distribution [missed-chunks/nodes]: {0=42, 1=2, 3=2, 5=1, 6=1}
Rejected chunks for ttl expiration [chunk-id/nodes]: 10 {0=7, 1=4, 49=1, 2=3, 3=1, 4=1, 20=1, 80=1, 59=1, 88=1}
Rejected chunks for capacity limit [chunk-id/nodes]: 0 {}
bandwidthUtilUp: 0.01114302241388516
bandwidthUtilDown: 0.006618739065242317
Avg # of unsent chunk for max-retries: 0.0
Min # of unsent chunk for max-retries: 0.0
Max # of unsent chunk for max-retries: 0.0
Avg # of unsent chunk-reqs for max-retries: 0.0
Min # of unsent chunk-reqs for max-retries: 0.0
Max # of unsent chunk-reqs for max-retries: 0.0
Avg % of chunks received by Pastry: 11.979166666666666
Min % of chunks received by Pastry: 0.0
Max % of chunks received by Pastry: 24.0
StD of chunks received by Pastry: 6.917414297797688
Var of chunks received by Pastry: 47.85062056737588
Avg % of chunks received by StarStream: 87.20833333333333
Min % of chunks received by StarStream: 75.0
Max % of chunks received by StarStream: 100.0
StD of chunks received by StarStream: 7.184375284389761
Var of chunks received by StarStream: 51.615248226950456
[NONMOJO] Startup Delay: 86.83333333333333
[MOJO] Startup Delay: 104.6
[MOJO] Latency: 9.08104760009199
Min of perceived avg chunk delivery-time: 7.44
Max of perceived avg chunk delivery-time: 16.78723404255319
Variance of perceived avg chunk delivery-time: 1.7634450643817448
StD of perceived avg chunk delivery-time: 1.327947688872474
Avg messages sent per node: 2763.0
Min messages sent per node: 1508.0
Max messages sent per node: 5351.0
Variance of messages sent per node: 579825.5744680851
StD of messages sent per node: 761.4627860034167
Nodes with incomplete playbacks: 32
[MOJO] Continuity Index: 66.35416666666667
[MOJO] Packet Loss: 33.645833333333336
Min % of not played chunks: 0.0
Max % of not played chunks: 99.0
Not played chunks [chunk-id/nodes]: {1=23, 2=18, 3=17, 4=17, 5=12, 6=13, 7=14, 8=15, 9=19, 10=15, 11=17, 12=15, 13=13, 14=15, 15=15, 17=18, 16=16, 19=15, 18=16, 21=17, 20=17, 23=13, 22=14, 25=17, 24=16, 27=14, 26=16, 29=16, 28=17, 31=15, 30=14, 34=17, 35=16, 32=15, 33=17, 38=18, 39=13, 36=16, 37=18, 42=14, 43=18, 40=16, 41=17, 46=18, 47=17, 44=17, 45=19, 51=15, 50=16, 49=18, 48=15, 55=20, 54=16, 53=17, 52=18, 59=19, 58=15, 57=16, 56=16, 63=20, 62=16, 61=16, 60=16, 68=15, 69=18, 70=20, 71=15, 64=17, 65=18, 66=18, 67=17, 76=16, 77=15, 78=14, 79=14, 72=16, 73=17, 74=18, 75=18, 85=13, 84=17, 87=17, 86=21, 81=13, 80=18, 83=20, 82=14, 93=16, 92=14, 95=14, 94=15, 89=15, 88=18, 91=19, 90=16, 98=15, 99=18, 96=16, 97=16}
Avg distance between not played chunks: 3.8065301006464987
Min distance between not played chunks: 1.0
Max distance between not played chunks: 25.0

HELPING PEERS LOG

[HELPING] Active nodes: 0
[HELPING] Started playbacks: 0
[HELPING] Not started playbacks node-ids: []
[HELPING] Playbacks time-window: -9223372036854775807
[HELPING] Missing chunks distribution [missed-chunks/nodes]: {}
[HELPING] Rejected chunks for ttl expiration [chunk-id/nodes]: 0 {}
[HELPING] Rejected chunks for capacity limit [chunk-id/nodes]: 0 {}
[HELPING] bandwidthUtilUp: NaN
[HELPING] bandwidthUtilDown: NaN
[HELPING] Avg # of unsent chunk for max-retries: NaN
[HELPING] Min # of unsent chunk for max-retries: Infinity
[HELPING] Max # of unsent chunk for max-retries: -Infinity
[HELPING] Avg # of unsent chunk-reqs for max-retries: NaN
[HELPING] Min # of unsent chunk-reqs for max-retries: Infinity
[HELPING] Max # of unsent chunk-reqs for max-retries: -Infinity
[HELPING] Avg % of chunks received by Pastry: NaN
[HELPING] Min % of chunks received by Pastry: Infinity
[HELPING] Max % of chunks received by Pastry: -Infinity
[HELPING] StD of chunks received by Pastry: 0.0
[HELPING] Var of chunks received by Pastry: 0.0
[HELPING] Avg % of chunks received by StarStream: NaN
[HELPING] Min % of chunks received by StarStream: Infinity
[HELPING] Max % of chunks received by StarStream: -Infinity
[HELPING] StD of chunks received by StarStream: 0.0
[HELPING] Var of chunks received by StarStream: 0.0
[HELPING] Latency: NaN
[HELPING] Min of perceived avg chunk delivery-time: Infinity
[HELPING] Max of perceived avg chunk delivery-time: -Infinity
[HELPING] Variance of perceived avg chunk delivery-time: 0.0
[HELPING] StD of perceived avg chunk delivery-time: 0.0
[HELPING] Avg messages sent per node: NaN
[HELPING] Min messages sent per node: Infinity
[HELPING] Max messages sent per node: -Infinity
[HELPING] Variance of messages sent per node: 0.0
[HELPING] StD of messages sent per node: 0.0
[HELPING] Nodes with incomplete playbacks: 0
[HELPING] Packet Loss: NaN
[HELPING] Min % of not played chunks: Infinity
[HELPING] Max % of not played chunks: -Infinity
[HELPING] Not played chunks [chunk-id/nodes]: {}
[HELPING] Avg distance between not played chunks: NaN
[HELPING] Min distance between not played chunks: Infinity
[HELPING] Max distance between not played chunks: -Infinity

