Total chunks: 100
Nodes x chunk: 7
Total nodes: 48
Active nodes: 48
Started playbacks: 48
Not started playbacks node-ids: []
Playbacks time-window: 140
Missing chunks distribution [missed-chunks/nodes]: {0=46, 1=2}
Rejected chunks for ttl expiration [chunk-id/nodes]: 2 {0=1, 1=2}
Rejected chunks for capacity limit [chunk-id/nodes]: 0 {}
bandwidthUtilUp: 0.013269826255862517
bandwidthUtilDown: 0.007973129875998904
Avg # of unsent chunk for max-retries: 0.0
Min # of unsent chunk for max-retries: 0.0
Max # of unsent chunk for max-retries: 0.0
Avg # of unsent chunk-reqs for max-retries: 0.0
Min # of unsent chunk-reqs for max-retries: 0.0
Max # of unsent chunk-reqs for max-retries: 0.0
Avg % of chunks received by Pastry: 8.791666666666666
Min % of chunks received by Pastry: 0.0
Max % of chunks received by Pastry: 18.0
StD of chunks received by Pastry: 4.317004149024535
Var of chunks received by Pastry: 18.636524822695044
Avg % of chunks received by StarStream: 90.29166666666667
Min % of chunks received by StarStream: 81.0
Max % of chunks received by StarStream: 100.0
StD of chunks received by StarStream: 4.490928602896167
Var of chunks received by StarStream: 20.16843971631092
[NONMOJO] Startup Delay: 72.8125
[MOJO] Startup Delay: 59.2
[MOJO] Latency: 7.662718597540025
Min of perceived avg chunk delivery-time: 6.13
Max of perceived avg chunk delivery-time: 9.282828282828282
Variance of perceived avg chunk delivery-time: 0.37823315298389887
StD of perceived avg chunk delivery-time: 0.615006628406474
Avg messages sent per node: 5591.729166666667
Min messages sent per node: 2194.0
Max messages sent per node: 8476.0
Variance of messages sent per node: 2614437.81870567
StD of messages sent per node: 1616.9223292124054
Nodes with incomplete playbacks: 29
[MOJO] Continuity Index: 66.8125
[MOJO] Packet Loss: 33.1875
Min % of not played chunks: 0.0
Max % of not played chunks: 99.0
Not played chunks [chunk-id/nodes]: {1=22, 2=16, 3=15, 4=11, 5=17, 6=15, 7=14, 8=19, 9=15, 10=16, 11=15, 12=14, 13=18, 14=15, 15=14, 17=12, 16=13, 19=21, 18=14, 21=16, 20=17, 23=15, 22=17, 25=16, 24=13, 27=15, 26=13, 29=12, 28=16, 31=14, 30=15, 34=16, 35=14, 32=17, 33=14, 38=16, 39=13, 36=16, 37=16, 42=17, 43=13, 40=18, 41=17, 46=17, 47=18, 44=13, 45=16, 51=18, 50=19, 49=15, 48=19, 55=17, 54=14, 53=18, 52=19, 59=12, 58=16, 57=16, 56=17, 63=20, 62=15, 61=18, 60=15, 68=18, 69=15, 70=18, 71=19, 64=17, 65=16, 66=18, 67=15, 76=12, 77=17, 78=19, 79=14, 72=16, 73=14, 74=20, 75=18, 85=20, 84=16, 87=16, 86=17, 81=16, 80=16, 83=19, 82=17, 93=15, 92=14, 95=19, 94=16, 89=17, 88=16, 91=16, 90=16, 98=15, 99=17, 96=17, 97=18}
Avg distance between not played chunks: 3.027421671594924
Min distance between not played chunks: 1.0
Max distance between not played chunks: 17.5

HELPING PEERS LOG

[HELPING] Active nodes: 0
[HELPING] Started playbacks: 0
[HELPING] Not started playbacks node-ids: []
[HELPING] Playbacks time-window: -9223372036854775807
[HELPING] Missing chunks distribution [missed-chunks/nodes]: {}
[HELPING] Rejected chunks for ttl expiration [chunk-id/nodes]: 0 {}
[HELPING] Rejected chunks for capacity limit [chunk-id/nodes]: 0 {}
[HELPING] bandwidthUtilUp: NaN
[HELPING] bandwidthUtilDown: NaN
[HELPING] Avg # of unsent chunk for max-retries: NaN
[HELPING] Min # of unsent chunk for max-retries: Infinity
[HELPING] Max # of unsent chunk for max-retries: -Infinity
[HELPING] Avg # of unsent chunk-reqs for max-retries: NaN
[HELPING] Min # of unsent chunk-reqs for max-retries: Infinity
[HELPING] Max # of unsent chunk-reqs for max-retries: -Infinity
[HELPING] Avg % of chunks received by Pastry: NaN
[HELPING] Min % of chunks received by Pastry: Infinity
[HELPING] Max % of chunks received by Pastry: -Infinity
[HELPING] StD of chunks received by Pastry: 0.0
[HELPING] Var of chunks received by Pastry: 0.0
[HELPING] Avg % of chunks received by StarStream: NaN
[HELPING] Min % of chunks received by StarStream: Infinity
[HELPING] Max % of chunks received by StarStream: -Infinity
[HELPING] StD of chunks received by StarStream: 0.0
[HELPING] Var of chunks received by StarStream: 0.0
[HELPING] Latency: NaN
[HELPING] Min of perceived avg chunk delivery-time: Infinity
[HELPING] Max of perceived avg chunk delivery-time: -Infinity
[HELPING] Variance of perceived avg chunk delivery-time: 0.0
[HELPING] StD of perceived avg chunk delivery-time: 0.0
[HELPING] Avg messages sent per node: NaN
[HELPING] Min messages sent per node: Infinity
[HELPING] Max messages sent per node: -Infinity
[HELPING] Variance of messages sent per node: 0.0
[HELPING] StD of messages sent per node: 0.0
[HELPING] Nodes with incomplete playbacks: 0
[HELPING] Packet Loss: NaN
[HELPING] Min % of not played chunks: Infinity
[HELPING] Max % of not played chunks: -Infinity
[HELPING] Not played chunks [chunk-id/nodes]: {}
[HELPING] Avg distance between not played chunks: NaN
[HELPING] Min distance between not played chunks: Infinity
[HELPING] Max distance between not played chunks: -Infinity

