Total chunks: 100
Nodes x chunk: 7
Total nodes: 48
Active nodes: 48
Started playbacks: 48
Not started playbacks node-ids: []
Playbacks time-window: 517
Missing chunks distribution [missed-chunks/nodes]: {0=40, 1=2, 3=1, 4=2, 6=2, 10=1}
Rejected chunks for ttl expiration [chunk-id/nodes]: 10 {0=8, 1=3, 2=3, 3=3, 4=2, 5=2, 6=1, 7=1, 8=1, 9=1}
Rejected chunks for capacity limit [chunk-id/nodes]: 0 {}
bandwidthUtilUp: 0.01232320319725763
bandwidthUtilDown: 0.007519182271448496
Avg # of unsent chunk for max-retries: 0.0
Min # of unsent chunk for max-retries: 0.0
Max # of unsent chunk for max-retries: 0.0
Avg # of unsent chunk-reqs for max-retries: 0.0
Min # of unsent chunk-reqs for max-retries: 0.0
Max # of unsent chunk-reqs for max-retries: 0.0
Avg % of chunks received by Pastry: 9.020833333333334
Min % of chunks received by Pastry: 1.0
Max % of chunks received by Pastry: 17.0
StD of chunks received by Pastry: 4.029094102993889
Var of chunks received by Pastry: 16.233599290780127
Avg % of chunks received by StarStream: 90.0
Min % of chunks received by StarStream: 82.0
Max % of chunks received by StarStream: 98.0
StD of chunks received by StarStream: 4.063328475261709
Var of chunks received by StarStream: 16.51063829787265
[NONMOJO] Startup Delay: 107.9375
[MOJO] Startup Delay: 55.3
[MOJO] Latency: 8.097561907336337
Min of perceived avg chunk delivery-time: 5.91919191919192
Max of perceived avg chunk delivery-time: 12.22340425531915
Variance of perceived avg chunk delivery-time: 1.3153649458230177
StD of perceived avg chunk delivery-time: 1.1468936070198568
Avg messages sent per node: 4452.270833333333
Min messages sent per node: 1810.0
Max messages sent per node: 7516.0
Variance of messages sent per node: 2184501.350620573
StD of messages sent per node: 1478.0058696164142
Nodes with incomplete playbacks: 33
[MOJO] Continuity Index: 68.95833333333333
[MOJO] Packet Loss: 31.041666666666668
Min % of not played chunks: 0.0
Max % of not played chunks: 99.0
Not played chunks [chunk-id/nodes]: {1=20, 2=20, 3=23, 4=20, 5=16, 6=15, 7=14, 8=16, 9=16, 10=14, 11=15, 12=16, 13=13, 14=15, 15=14, 17=15, 16=13, 19=13, 18=14, 21=14, 20=16, 23=14, 22=10, 25=13, 24=14, 27=13, 26=15, 29=15, 28=16, 31=13, 30=15, 34=14, 35=15, 32=15, 33=16, 38=17, 39=15, 36=15, 37=14, 42=15, 43=14, 40=17, 41=16, 46=13, 47=15, 44=16, 45=13, 51=15, 50=15, 49=15, 48=14, 55=15, 54=16, 53=15, 52=13, 59=17, 58=18, 57=17, 56=17, 63=14, 62=17, 61=16, 60=15, 68=15, 69=18, 70=16, 71=16, 64=14, 65=12, 66=16, 67=13, 76=15, 77=12, 78=13, 79=17, 72=13, 73=15, 74=14, 75=15, 85=14, 84=17, 87=17, 86=16, 81=14, 80=15, 83=11, 82=17, 93=16, 92=14, 95=15, 94=17, 89=12, 88=13, 91=14, 90=16, 98=18, 99=15, 96=12, 97=14}
Avg distance between not played chunks: 3.6553988303437723
Min distance between not played chunks: 1.0
Max distance between not played chunks: 33.5

HELPING PEERS LOG

[HELPING] Active nodes: 0
[HELPING] Started playbacks: 0
[HELPING] Not started playbacks node-ids: []
[HELPING] Playbacks time-window: -9223372036854775807
[HELPING] Missing chunks distribution [missed-chunks/nodes]: {}
[HELPING] Rejected chunks for ttl expiration [chunk-id/nodes]: 0 {}
[HELPING] Rejected chunks for capacity limit [chunk-id/nodes]: 0 {}
[HELPING] bandwidthUtilUp: NaN
[HELPING] bandwidthUtilDown: NaN
[HELPING] Avg # of unsent chunk for max-retries: NaN
[HELPING] Min # of unsent chunk for max-retries: Infinity
[HELPING] Max # of unsent chunk for max-retries: -Infinity
[HELPING] Avg # of unsent chunk-reqs for max-retries: NaN
[HELPING] Min # of unsent chunk-reqs for max-retries: Infinity
[HELPING] Max # of unsent chunk-reqs for max-retries: -Infinity
[HELPING] Avg % of chunks received by Pastry: NaN
[HELPING] Min % of chunks received by Pastry: Infinity
[HELPING] Max % of chunks received by Pastry: -Infinity
[HELPING] StD of chunks received by Pastry: 0.0
[HELPING] Var of chunks received by Pastry: 0.0
[HELPING] Avg % of chunks received by StarStream: NaN
[HELPING] Min % of chunks received by StarStream: Infinity
[HELPING] Max % of chunks received by StarStream: -Infinity
[HELPING] StD of chunks received by StarStream: 0.0
[HELPING] Var of chunks received by StarStream: 0.0
[HELPING] Latency: NaN
[HELPING] Min of perceived avg chunk delivery-time: Infinity
[HELPING] Max of perceived avg chunk delivery-time: -Infinity
[HELPING] Variance of perceived avg chunk delivery-time: 0.0
[HELPING] StD of perceived avg chunk delivery-time: 0.0
[HELPING] Avg messages sent per node: NaN
[HELPING] Min messages sent per node: Infinity
[HELPING] Max messages sent per node: -Infinity
[HELPING] Variance of messages sent per node: 0.0
[HELPING] StD of messages sent per node: 0.0
[HELPING] Nodes with incomplete playbacks: 0
[HELPING] Packet Loss: NaN
[HELPING] Min % of not played chunks: Infinity
[HELPING] Max % of not played chunks: -Infinity
[HELPING] Not played chunks [chunk-id/nodes]: {}
[HELPING] Avg distance between not played chunks: NaN
[HELPING] Min distance between not played chunks: Infinity
[HELPING] Max distance between not played chunks: -Infinity

