Total chunks: 100
Nodes x chunk: 7
Total nodes: 48
Active nodes: 48
Started playbacks: 48
Not started playbacks node-ids: []
Playbacks time-window: 167
Missing chunks distribution [missed-chunks/nodes]: {0=40, 1=4, 2=1, 3=3}
Rejected chunks for ttl expiration [chunk-id/nodes]: 1 {1=7}
Rejected chunks for capacity limit [chunk-id/nodes]: 0 {}
bandwidthUtilUp: 0.012157229912045825
bandwidthUtilDown: 0.0074387365316480715
Avg # of unsent chunk for max-retries: 0.0
Min # of unsent chunk for max-retries: 0.0
Max # of unsent chunk for max-retries: 0.0
Avg # of unsent chunk-reqs for max-retries: 0.0
Min # of unsent chunk-reqs for max-retries: 0.0
Max # of unsent chunk-reqs for max-retries: 0.0
Avg % of chunks received by Pastry: 9.583333333333334
Min % of chunks received by Pastry: 0.0
Max % of chunks received by Pastry: 23.0
StD of chunks received by Pastry: 6.6615228382722425
Var of chunks received by Pastry: 44.375886524822675
Avg % of chunks received by StarStream: 89.5625
Min % of chunks received by StarStream: 76.0
Max % of chunks received by StarStream: 100.0
StD of chunks received by StarStream: 6.816457712381179
Var of chunks received by StarStream: 46.46409574468085
[NONMOJO] Startup Delay: 90.3125
[MOJO] Startup Delay: 39.3
[MOJO] Latency: 8.576189300696852
Min of perceived avg chunk delivery-time: 6.21
Max of perceived avg chunk delivery-time: 12.214285714285714
Variance of perceived avg chunk delivery-time: 1.7443388744697557
StD of perceived avg chunk delivery-time: 1.3207342179521797
Avg messages sent per node: 3696.8125
Min messages sent per node: 1745.0
Max messages sent per node: 7508.0
Variance of messages sent per node: 2359958.1981382975
StD of messages sent per node: 1536.2155441663444
Nodes with incomplete playbacks: 33
[MOJO] Continuity Index: 71.77083333333333
[MOJO] Packet Loss: 28.229166666666668
Min % of not played chunks: 0.0
Max % of not played chunks: 99.0
Not played chunks [chunk-id/nodes]: {1=21, 2=19, 3=12, 4=14, 5=13, 6=15, 7=14, 8=11, 9=12, 10=14, 11=14, 12=13, 13=11, 14=12, 15=12, 17=14, 16=14, 19=15, 18=14, 21=11, 20=14, 23=13, 22=14, 25=11, 24=16, 27=14, 26=13, 29=12, 28=13, 31=9, 30=14, 34=14, 35=12, 32=13, 33=8, 38=11, 39=13, 36=15, 37=14, 42=14, 43=13, 40=17, 41=13, 46=16, 47=14, 44=12, 45=16, 51=15, 50=13, 49=10, 48=14, 55=16, 54=17, 53=15, 52=17, 59=12, 58=12, 57=14, 56=15, 63=11, 62=18, 61=12, 60=13, 68=15, 69=14, 70=15, 71=12, 64=12, 65=12, 66=11, 67=19, 76=14, 77=14, 78=13, 79=16, 72=12, 73=13, 74=13, 75=14, 85=14, 84=11, 87=14, 86=15, 81=14, 80=12, 83=14, 82=16, 93=15, 92=12, 95=14, 94=13, 89=13, 88=13, 91=15, 90=14, 98=16, 99=15, 96=15, 97=14}
Avg distance between not played chunks: 5.958225255599368
Min distance between not played chunks: 1.0
Max distance between not played chunks: 63.0

HELPING PEERS LOG

[HELPING] Active nodes: 0
[HELPING] Started playbacks: 0
[HELPING] Not started playbacks node-ids: []
[HELPING] Playbacks time-window: -9223372036854775807
[HELPING] Missing chunks distribution [missed-chunks/nodes]: {}
[HELPING] Rejected chunks for ttl expiration [chunk-id/nodes]: 0 {}
[HELPING] Rejected chunks for capacity limit [chunk-id/nodes]: 0 {}
[HELPING] bandwidthUtilUp: NaN
[HELPING] bandwidthUtilDown: NaN
[HELPING] Avg # of unsent chunk for max-retries: NaN
[HELPING] Min # of unsent chunk for max-retries: Infinity
[HELPING] Max # of unsent chunk for max-retries: -Infinity
[HELPING] Avg # of unsent chunk-reqs for max-retries: NaN
[HELPING] Min # of unsent chunk-reqs for max-retries: Infinity
[HELPING] Max # of unsent chunk-reqs for max-retries: -Infinity
[HELPING] Avg % of chunks received by Pastry: NaN
[HELPING] Min % of chunks received by Pastry: Infinity
[HELPING] Max % of chunks received by Pastry: -Infinity
[HELPING] StD of chunks received by Pastry: 0.0
[HELPING] Var of chunks received by Pastry: 0.0
[HELPING] Avg % of chunks received by StarStream: NaN
[HELPING] Min % of chunks received by StarStream: Infinity
[HELPING] Max % of chunks received by StarStream: -Infinity
[HELPING] StD of chunks received by StarStream: 0.0
[HELPING] Var of chunks received by StarStream: 0.0
[HELPING] Latency: NaN
[HELPING] Min of perceived avg chunk delivery-time: Infinity
[HELPING] Max of perceived avg chunk delivery-time: -Infinity
[HELPING] Variance of perceived avg chunk delivery-time: 0.0
[HELPING] StD of perceived avg chunk delivery-time: 0.0
[HELPING] Avg messages sent per node: NaN
[HELPING] Min messages sent per node: Infinity
[HELPING] Max messages sent per node: -Infinity
[HELPING] Variance of messages sent per node: 0.0
[HELPING] StD of messages sent per node: 0.0
[HELPING] Nodes with incomplete playbacks: 0
[HELPING] Packet Loss: NaN
[HELPING] Min % of not played chunks: Infinity
[HELPING] Max % of not played chunks: -Infinity
[HELPING] Not played chunks [chunk-id/nodes]: {}
[HELPING] Avg distance between not played chunks: NaN
[HELPING] Min distance between not played chunks: Infinity
[HELPING] Max distance between not played chunks: -Infinity

