Total chunks: 100
Nodes x chunk: 7
Total nodes: 48
Active nodes: 48
Started playbacks: 48
Not started playbacks node-ids: []
Playbacks time-window: 177
Missing chunks distribution [missed-chunks/nodes]: {0=41, 1=5, 2=1, 3=1}
Rejected chunks for ttl expiration [chunk-id/nodes]: 3 {0=11, 1=6, 2=1}
Rejected chunks for capacity limit [chunk-id/nodes]: 0 {}
bandwidthUtilUp: 0.013788404786113899
bandwidthUtilDown: 0.008383051638640998
Avg # of unsent chunk for max-retries: 0.0
Min # of unsent chunk for max-retries: 0.0
Max # of unsent chunk for max-retries: 0.0
Avg # of unsent chunk-reqs for max-retries: 0.0
Min # of unsent chunk-reqs for max-retries: 0.0
Max # of unsent chunk-reqs for max-retries: 0.0
Avg % of chunks received by Pastry: 6.041666666666667
Min % of chunks received by Pastry: 0.0
Max % of chunks received by Pastry: 18.0
StD of chunks received by Pastry: 3.8864649656311077
Var of chunks received by Pastry: 15.104609929078007
Avg % of chunks received by StarStream: 93.08333333333333
Min % of chunks received by StarStream: 81.0
Max % of chunks received by StarStream: 100.0
StD of chunks received by StarStream: 4.067689674837768
Var of chunks received by StarStream: 16.546099290781793
[NONMOJO] Startup Delay: 89.60416666666667
[MOJO] Startup Delay: 96.9
[MOJO] Latency: 7.4803686334733825
Min of perceived avg chunk delivery-time: 6.2
Max of perceived avg chunk delivery-time: 10.76530612244898
Variance of perceived avg chunk delivery-time: 0.6534432902468044
StD of perceived avg chunk delivery-time: 0.8083583922041042
Avg messages sent per node: 6249.5625
Min messages sent per node: 2382.0
Max messages sent per node: 9087.0
Variance of messages sent per node: 2324786.5492021274
StD of messages sent per node: 1524.7250733171957
Nodes with incomplete playbacks: 28
[MOJO] Continuity Index: 75.41666666666667
[MOJO] Packet Loss: 24.583333333333332
Min % of not played chunks: 0.0
Max % of not played chunks: 99.0
Not played chunks [chunk-id/nodes]: {1=17, 2=14, 3=11, 4=13, 5=10, 6=11, 7=12, 8=12, 9=13, 10=15, 11=12, 12=12, 13=12, 14=13, 15=14, 17=11, 16=13, 19=12, 18=11, 21=12, 20=9, 23=11, 22=12, 25=11, 24=13, 27=11, 26=13, 29=13, 28=11, 31=13, 30=12, 34=12, 35=14, 32=10, 33=12, 38=10, 39=13, 36=12, 37=14, 42=11, 43=12, 40=10, 41=12, 46=13, 47=11, 44=9, 45=11, 51=11, 50=11, 49=13, 48=12, 55=12, 54=13, 53=14, 52=10, 59=11, 58=10, 57=12, 56=13, 63=12, 62=12, 61=13, 60=10, 68=12, 69=12, 70=12, 71=11, 64=11, 65=12, 66=15, 67=11, 76=11, 77=12, 78=13, 79=13, 72=11, 73=12, 74=12, 75=10, 85=12, 84=12, 87=10, 86=16, 81=10, 80=11, 83=11, 82=11, 93=12, 92=10, 95=11, 94=10, 89=9, 88=11, 91=13, 90=14, 98=14, 99=12, 96=15, 97=12}
Avg distance between not played chunks: 3.493782922507997
Min distance between not played chunks: 1.0
Max distance between not played chunks: 16.2

HELPING PEERS LOG

[HELPING] Active nodes: 0
[HELPING] Started playbacks: 0
[HELPING] Not started playbacks node-ids: []
[HELPING] Playbacks time-window: -9223372036854775807
[HELPING] Missing chunks distribution [missed-chunks/nodes]: {}
[HELPING] Rejected chunks for ttl expiration [chunk-id/nodes]: 0 {}
[HELPING] Rejected chunks for capacity limit [chunk-id/nodes]: 0 {}
[HELPING] bandwidthUtilUp: NaN
[HELPING] bandwidthUtilDown: NaN
[HELPING] Avg # of unsent chunk for max-retries: NaN
[HELPING] Min # of unsent chunk for max-retries: Infinity
[HELPING] Max # of unsent chunk for max-retries: -Infinity
[HELPING] Avg # of unsent chunk-reqs for max-retries: NaN
[HELPING] Min # of unsent chunk-reqs for max-retries: Infinity
[HELPING] Max # of unsent chunk-reqs for max-retries: -Infinity
[HELPING] Avg % of chunks received by Pastry: NaN
[HELPING] Min % of chunks received by Pastry: Infinity
[HELPING] Max % of chunks received by Pastry: -Infinity
[HELPING] StD of chunks received by Pastry: 0.0
[HELPING] Var of chunks received by Pastry: 0.0
[HELPING] Avg % of chunks received by StarStream: NaN
[HELPING] Min % of chunks received by StarStream: Infinity
[HELPING] Max % of chunks received by StarStream: -Infinity
[HELPING] StD of chunks received by StarStream: 0.0
[HELPING] Var of chunks received by StarStream: 0.0
[HELPING] Latency: NaN
[HELPING] Min of perceived avg chunk delivery-time: Infinity
[HELPING] Max of perceived avg chunk delivery-time: -Infinity
[HELPING] Variance of perceived avg chunk delivery-time: 0.0
[HELPING] StD of perceived avg chunk delivery-time: 0.0
[HELPING] Avg messages sent per node: NaN
[HELPING] Min messages sent per node: Infinity
[HELPING] Max messages sent per node: -Infinity
[HELPING] Variance of messages sent per node: 0.0
[HELPING] StD of messages sent per node: 0.0
[HELPING] Nodes with incomplete playbacks: 0
[HELPING] Packet Loss: NaN
[HELPING] Min % of not played chunks: Infinity
[HELPING] Max % of not played chunks: -Infinity
[HELPING] Not played chunks [chunk-id/nodes]: {}
[HELPING] Avg distance between not played chunks: NaN
[HELPING] Min distance between not played chunks: Infinity
[HELPING] Max distance between not played chunks: -Infinity

