Total chunks: 100
Nodes x chunk: 7
Total nodes: 48
Active nodes: 48
Started playbacks: 48
Not started playbacks node-ids: []
Playbacks time-window: 111
Missing chunks distribution [missed-chunks/nodes]: {0=44, 1=4}
Rejected chunks for ttl expiration [chunk-id/nodes]: 2 {0=7, 1=4}
Rejected chunks for capacity limit [chunk-id/nodes]: 0 {}
bandwidthUtilUp: 0.012416527591615344
bandwidthUtilDown: 0.007636557230474497
Avg # of unsent chunk for max-retries: 0.0
Min # of unsent chunk for max-retries: 0.0
Max # of unsent chunk for max-retries: 0.0
Avg # of unsent chunk-reqs for max-retries: 0.0
Min # of unsent chunk-reqs for max-retries: 0.0
Max # of unsent chunk-reqs for max-retries: 0.0
Avg % of chunks received by Pastry: 8.583333333333334
Min % of chunks received by Pastry: 0.0
Max % of chunks received by Pastry: 19.0
StD of chunks received by Pastry: 5.018405838821782
Var of chunks received by Pastry: 25.184397163120558
Avg % of chunks received by StarStream: 90.54166666666667
Min % of chunks received by StarStream: 80.0
Max % of chunks received by StarStream: 100.0
StD of chunks received by StarStream: 5.181630127685786
Var of chunks received by StarStream: 26.849290780141015
[NONMOJO] Startup Delay: 85.625
[MOJO] Startup Delay: 88.2
[MOJO] Latency: 8.429399908953476
Min of perceived avg chunk delivery-time: 5.94
Max of perceived avg chunk delivery-time: 11.57
Variance of perceived avg chunk delivery-time: 1.149772025481278
StD of perceived avg chunk delivery-time: 1.0722742305405264
Avg messages sent per node: 4338.729166666667
Min messages sent per node: 1883.0
Max messages sent per node: 8192.0
Variance of messages sent per node: 3157549.73359929
StD of messages sent per node: 1776.9495585410662
Nodes with incomplete playbacks: 24
[MOJO] Continuity Index: 74.39583333333333
[MOJO] Packet Loss: 25.604166666666668
Min % of not played chunks: 0.0
Max % of not played chunks: 99.0
Not played chunks [chunk-id/nodes]: {1=17, 2=13, 3=12, 4=12, 5=14, 6=12, 7=14, 8=13, 9=9, 10=12, 11=15, 12=12, 13=11, 14=13, 15=9, 17=14, 16=12, 19=11, 18=11, 21=16, 20=11, 23=10, 22=14, 25=12, 24=13, 27=11, 26=12, 29=12, 28=12, 31=14, 30=11, 34=10, 35=11, 32=12, 33=10, 38=12, 39=13, 36=11, 37=12, 42=12, 43=11, 40=15, 41=12, 46=9, 47=13, 44=10, 45=13, 51=12, 50=13, 49=11, 48=13, 55=14, 54=14, 53=15, 52=12, 59=15, 58=14, 57=13, 56=11, 63=14, 62=11, 61=11, 60=12, 68=13, 69=13, 70=9, 71=11, 64=11, 65=14, 66=11, 67=11, 76=12, 77=12, 78=14, 79=12, 72=14, 73=17, 74=14, 75=13, 85=10, 84=14, 87=11, 86=14, 81=13, 80=14, 83=10, 82=13, 93=14, 92=13, 95=11, 94=15, 89=13, 88=12, 91=14, 90=13, 98=11, 99=14, 96=12, 97=12}
Avg distance between not played chunks: 3.8720797877552164
Min distance between not played chunks: 1.0
Max distance between not played chunks: 35.0

HELPING PEERS LOG

[HELPING] Active nodes: 0
[HELPING] Started playbacks: 0
[HELPING] Not started playbacks node-ids: []
[HELPING] Playbacks time-window: -9223372036854775807
[HELPING] Missing chunks distribution [missed-chunks/nodes]: {}
[HELPING] Rejected chunks for ttl expiration [chunk-id/nodes]: 0 {}
[HELPING] Rejected chunks for capacity limit [chunk-id/nodes]: 0 {}
[HELPING] bandwidthUtilUp: NaN
[HELPING] bandwidthUtilDown: NaN
[HELPING] Avg # of unsent chunk for max-retries: NaN
[HELPING] Min # of unsent chunk for max-retries: Infinity
[HELPING] Max # of unsent chunk for max-retries: -Infinity
[HELPING] Avg # of unsent chunk-reqs for max-retries: NaN
[HELPING] Min # of unsent chunk-reqs for max-retries: Infinity
[HELPING] Max # of unsent chunk-reqs for max-retries: -Infinity
[HELPING] Avg % of chunks received by Pastry: NaN
[HELPING] Min % of chunks received by Pastry: Infinity
[HELPING] Max % of chunks received by Pastry: -Infinity
[HELPING] StD of chunks received by Pastry: 0.0
[HELPING] Var of chunks received by Pastry: 0.0
[HELPING] Avg % of chunks received by StarStream: NaN
[HELPING] Min % of chunks received by StarStream: Infinity
[HELPING] Max % of chunks received by StarStream: -Infinity
[HELPING] StD of chunks received by StarStream: 0.0
[HELPING] Var of chunks received by StarStream: 0.0
[HELPING] Latency: NaN
[HELPING] Min of perceived avg chunk delivery-time: Infinity
[HELPING] Max of perceived avg chunk delivery-time: -Infinity
[HELPING] Variance of perceived avg chunk delivery-time: 0.0
[HELPING] StD of perceived avg chunk delivery-time: 0.0
[HELPING] Avg messages sent per node: NaN
[HELPING] Min messages sent per node: Infinity
[HELPING] Max messages sent per node: -Infinity
[HELPING] Variance of messages sent per node: 0.0
[HELPING] StD of messages sent per node: 0.0
[HELPING] Nodes with incomplete playbacks: 0
[HELPING] Packet Loss: NaN
[HELPING] Min % of not played chunks: Infinity
[HELPING] Max % of not played chunks: -Infinity
[HELPING] Not played chunks [chunk-id/nodes]: {}
[HELPING] Avg distance between not played chunks: NaN
[HELPING] Min distance between not played chunks: Infinity
[HELPING] Max distance between not played chunks: -Infinity

