Total chunks: 100
Nodes x chunk: 7
Total nodes: 48
Active nodes: 48
Started playbacks: 48
Not started playbacks node-ids: []
Playbacks time-window: 244
Missing chunks distribution [missed-chunks/nodes]: {0=39, 1=7, 2=1, 4=1}
Rejected chunks for ttl expiration [chunk-id/nodes]: 4 {0=9, 1=9, 2=1, 3=1}
Rejected chunks for capacity limit [chunk-id/nodes]: 0 {}
bandwidthUtilUp: 0.012085963292176318
bandwidthUtilDown: 0.00753360697360918
Avg # of unsent chunk for max-retries: 0.0
Min # of unsent chunk for max-retries: 0.0
Max # of unsent chunk for max-retries: 0.0
Avg # of unsent chunk-reqs for max-retries: 0.0
Min # of unsent chunk-reqs for max-retries: 0.0
Max # of unsent chunk-reqs for max-retries: 0.0
Avg % of chunks received by Pastry: 10.166666666666666
Min % of chunks received by Pastry: 0.0
Max % of chunks received by Pastry: 23.0
StD of chunks received by Pastry: 6.504771843622853
Var of chunks received by Pastry: 42.31205673758865
Avg % of chunks received by StarStream: 88.95833333333333
Min % of chunks received by StarStream: 76.0
Max % of chunks received by StarStream: 100.0
StD of chunks received by StarStream: 6.6651150676675455
Var of chunks received by StarStream: 44.42375886524895
[NONMOJO] Startup Delay: 90.08333333333333
[MOJO] Startup Delay: 62.1
[MOJO] Latency: 8.52079047275476
Min of perceived avg chunk delivery-time: 6.46
Max of perceived avg chunk delivery-time: 12.622448979591837
Variance of perceived avg chunk delivery-time: 1.4384520142561994
StD of perceived avg chunk delivery-time: 1.1993548325062935
Avg messages sent per node: 3904.8541666666665
Min messages sent per node: 1541.0
Max messages sent per node: 7087.0
Variance of messages sent per node: 2069137.191046102
StD of messages sent per node: 1438.4495789029597
Nodes with incomplete playbacks: 35
[MOJO] Continuity Index: 71.35416666666667
[MOJO] Packet Loss: 28.645833333333332
Min % of not played chunks: 0.0
Max % of not played chunks: 99.0
Not played chunks [chunk-id/nodes]: {1=21, 2=14, 3=17, 4=13, 5=11, 6=14, 7=11, 8=13, 9=10, 10=15, 11=13, 12=14, 13=14, 14=16, 15=11, 17=15, 16=11, 19=15, 18=13, 21=16, 20=14, 23=12, 22=18, 25=16, 24=12, 27=15, 26=14, 29=14, 28=12, 31=15, 30=14, 34=10, 35=15, 32=17, 33=12, 38=13, 39=15, 36=13, 37=13, 42=10, 43=15, 40=12, 41=11, 46=12, 47=13, 44=13, 45=14, 51=13, 50=15, 49=14, 48=13, 55=14, 54=17, 53=15, 52=13, 59=12, 58=13, 57=14, 56=11, 63=11, 62=14, 61=17, 60=17, 68=14, 69=15, 70=14, 71=16, 64=15, 65=16, 66=14, 67=12, 76=15, 77=15, 78=13, 79=16, 72=12, 73=13, 74=13, 75=13, 85=13, 84=14, 87=14, 86=14, 81=16, 80=13, 83=12, 82=17, 93=17, 92=15, 95=9, 94=19, 89=15, 88=13, 91=13, 90=14, 98=14, 99=13, 96=16, 97=14}
Avg distance between not played chunks: 4.007581019783144
Min distance between not played chunks: 1.0
Max distance between not played chunks: 27.0

HELPING PEERS LOG

[HELPING] Active nodes: 0
[HELPING] Started playbacks: 0
[HELPING] Not started playbacks node-ids: []
[HELPING] Playbacks time-window: -9223372036854775807
[HELPING] Missing chunks distribution [missed-chunks/nodes]: {}
[HELPING] Rejected chunks for ttl expiration [chunk-id/nodes]: 0 {}
[HELPING] Rejected chunks for capacity limit [chunk-id/nodes]: 0 {}
[HELPING] bandwidthUtilUp: NaN
[HELPING] bandwidthUtilDown: NaN
[HELPING] Avg # of unsent chunk for max-retries: NaN
[HELPING] Min # of unsent chunk for max-retries: Infinity
[HELPING] Max # of unsent chunk for max-retries: -Infinity
[HELPING] Avg # of unsent chunk-reqs for max-retries: NaN
[HELPING] Min # of unsent chunk-reqs for max-retries: Infinity
[HELPING] Max # of unsent chunk-reqs for max-retries: -Infinity
[HELPING] Avg % of chunks received by Pastry: NaN
[HELPING] Min % of chunks received by Pastry: Infinity
[HELPING] Max % of chunks received by Pastry: -Infinity
[HELPING] StD of chunks received by Pastry: 0.0
[HELPING] Var of chunks received by Pastry: 0.0
[HELPING] Avg % of chunks received by StarStream: NaN
[HELPING] Min % of chunks received by StarStream: Infinity
[HELPING] Max % of chunks received by StarStream: -Infinity
[HELPING] StD of chunks received by StarStream: 0.0
[HELPING] Var of chunks received by StarStream: 0.0
[HELPING] Latency: NaN
[HELPING] Min of perceived avg chunk delivery-time: Infinity
[HELPING] Max of perceived avg chunk delivery-time: -Infinity
[HELPING] Variance of perceived avg chunk delivery-time: 0.0
[HELPING] StD of perceived avg chunk delivery-time: 0.0
[HELPING] Avg messages sent per node: NaN
[HELPING] Min messages sent per node: Infinity
[HELPING] Max messages sent per node: -Infinity
[HELPING] Variance of messages sent per node: 0.0
[HELPING] StD of messages sent per node: 0.0
[HELPING] Nodes with incomplete playbacks: 0
[HELPING] Packet Loss: NaN
[HELPING] Min % of not played chunks: Infinity
[HELPING] Max % of not played chunks: -Infinity
[HELPING] Not played chunks [chunk-id/nodes]: {}
[HELPING] Avg distance between not played chunks: NaN
[HELPING] Min distance between not played chunks: Infinity
[HELPING] Max distance between not played chunks: -Infinity

