Total chunks: 100
Nodes x chunk: 7
Total nodes: 48
Active nodes: 48
Started playbacks: 48
Not started playbacks node-ids: []
Playbacks time-window: 198
Missing chunks distribution [missed-chunks/nodes]: {0=40, 1=4, 3=4}
Rejected chunks for ttl expiration [chunk-id/nodes]: 4 {0=7, 1=7, 2=2, 3=1}
Rejected chunks for capacity limit [chunk-id/nodes]: 0 {}
bandwidthUtilUp: 0.014197434883146877
bandwidthUtilDown: 0.008238041534505575
Avg # of unsent chunk for max-retries: 0.0
Min # of unsent chunk for max-retries: 0.0
Max # of unsent chunk for max-retries: 0.0
Avg # of unsent chunk-reqs for max-retries: 0.0
Min # of unsent chunk-reqs for max-retries: 0.0
Max # of unsent chunk-reqs for max-retries: 0.0
Avg % of chunks received by Pastry: 6.791666666666667
Min % of chunks received by Pastry: 0.0
Max % of chunks received by Pastry: 13.0
StD of chunks received by Pastry: 4.120309497429766
Var of chunks received by Pastry: 16.976950354609926
Avg % of chunks received by StarStream: 92.3125
Min % of chunks received by StarStream: 86.0
Max % of chunks received by StarStream: 100.0
StD of chunks received by StarStream: 4.288312915305254
Var of chunks received by StarStream: 18.389627659573847
[NONMOJO] Startup Delay: 91.83333333333333
[MOJO] Startup Delay: 90.8
[MOJO] Latency: 7.384406459397255
Min of perceived avg chunk delivery-time: 5.29
Max of perceived avg chunk delivery-time: 9.45360824742268
Variance of perceived avg chunk delivery-time: 0.6175571723042014
StD of perceived avg chunk delivery-time: 0.7858480592991252
Avg messages sent per node: 6825.916666666667
Min messages sent per node: 3988.0
Max messages sent per node: 10007.0
Variance of messages sent per node: 2266822.801418431
StD of messages sent per node: 1505.597157747859
Nodes with incomplete playbacks: 31
[MOJO] Continuity Index: 70.3125
[MOJO] Packet Loss: 29.6875
Min % of not played chunks: 0.0
Max % of not played chunks: 99.0
Not played chunks [chunk-id/nodes]: {1=23, 2=15, 3=12, 4=15, 5=12, 6=14, 7=15, 8=17, 9=15, 10=14, 11=15, 12=10, 13=14, 14=14, 15=14, 17=13, 16=16, 19=15, 18=14, 21=14, 20=16, 23=14, 22=13, 25=12, 24=13, 27=13, 26=18, 29=14, 28=14, 31=16, 30=12, 34=13, 35=15, 32=14, 33=14, 38=16, 39=14, 36=13, 37=14, 42=17, 43=15, 40=12, 41=16, 46=15, 47=16, 44=16, 45=14, 51=15, 50=12, 49=14, 48=15, 55=16, 54=14, 53=15, 52=12, 59=14, 58=17, 57=15, 56=19, 63=14, 62=11, 61=19, 60=15, 68=16, 69=16, 70=13, 71=10, 64=12, 65=16, 66=16, 67=17, 76=14, 77=15, 78=12, 79=17, 72=13, 73=13, 74=12, 75=15, 85=12, 84=15, 87=18, 86=11, 81=17, 80=13, 83=14, 82=17, 93=15, 92=16, 95=14, 94=13, 89=14, 88=14, 91=13, 90=13, 98=14, 99=13, 96=11, 97=14}
Avg distance between not played chunks: 2.596882664621227
Min distance between not played chunks: 1.0
Max distance between not played chunks: 17.0

HELPING PEERS LOG

[HELPING] Active nodes: 0
[HELPING] Started playbacks: 0
[HELPING] Not started playbacks node-ids: []
[HELPING] Playbacks time-window: -9223372036854775807
[HELPING] Missing chunks distribution [missed-chunks/nodes]: {}
[HELPING] Rejected chunks for ttl expiration [chunk-id/nodes]: 0 {}
[HELPING] Rejected chunks for capacity limit [chunk-id/nodes]: 0 {}
[HELPING] bandwidthUtilUp: NaN
[HELPING] bandwidthUtilDown: NaN
[HELPING] Avg # of unsent chunk for max-retries: NaN
[HELPING] Min # of unsent chunk for max-retries: Infinity
[HELPING] Max # of unsent chunk for max-retries: -Infinity
[HELPING] Avg # of unsent chunk-reqs for max-retries: NaN
[HELPING] Min # of unsent chunk-reqs for max-retries: Infinity
[HELPING] Max # of unsent chunk-reqs for max-retries: -Infinity
[HELPING] Avg % of chunks received by Pastry: NaN
[HELPING] Min % of chunks received by Pastry: Infinity
[HELPING] Max % of chunks received by Pastry: -Infinity
[HELPING] StD of chunks received by Pastry: 0.0
[HELPING] Var of chunks received by Pastry: 0.0
[HELPING] Avg % of chunks received by StarStream: NaN
[HELPING] Min % of chunks received by StarStream: Infinity
[HELPING] Max % of chunks received by StarStream: -Infinity
[HELPING] StD of chunks received by StarStream: 0.0
[HELPING] Var of chunks received by StarStream: 0.0
[HELPING] Latency: NaN
[HELPING] Min of perceived avg chunk delivery-time: Infinity
[HELPING] Max of perceived avg chunk delivery-time: -Infinity
[HELPING] Variance of perceived avg chunk delivery-time: 0.0
[HELPING] StD of perceived avg chunk delivery-time: 0.0
[HELPING] Avg messages sent per node: NaN
[HELPING] Min messages sent per node: Infinity
[HELPING] Max messages sent per node: -Infinity
[HELPING] Variance of messages sent per node: 0.0
[HELPING] StD of messages sent per node: 0.0
[HELPING] Nodes with incomplete playbacks: 0
[HELPING] Packet Loss: NaN
[HELPING] Min % of not played chunks: Infinity
[HELPING] Max % of not played chunks: -Infinity
[HELPING] Not played chunks [chunk-id/nodes]: {}
[HELPING] Avg distance between not played chunks: NaN
[HELPING] Min distance between not played chunks: Infinity
[HELPING] Max distance between not played chunks: -Infinity

