Total chunks: 100
Nodes x chunk: 7
Total nodes: 96
Active nodes: 48
Started playbacks: 48
Not started playbacks node-ids: []
Playbacks time-window: 216
Missing chunks distribution [missed-chunks/nodes]: {0=46, 3=1, 4=1}
Rejected chunks for ttl expiration [chunk-id/nodes]: 4 {0=2, 1=2, 2=2, 3=1}
Rejected chunks for capacity limit [chunk-id/nodes]: 0 {}
bandwidthUtilUp: 0.01474801543675208
bandwidthUtilDown: 0.008598836930069558
Avg # of unsent chunk for max-retries: 0.0
Min # of unsent chunk for max-retries: 0.0
Max # of unsent chunk for max-retries: 0.0
Avg # of unsent chunk-reqs for max-retries: 0.0
Min # of unsent chunk-reqs for max-retries: 0.0
Max # of unsent chunk-reqs for max-retries: 0.0
Avg % of chunks received by Pastry: 8.3125
Min % of chunks received by Pastry: 0.0
Max % of chunks received by Pastry: 15.0
StD of chunks received by Pastry: 3.679478744304312
Var of chunks received by Pastry: 13.538563829787238
Avg % of chunks received by StarStream: 90.75
Min % of chunks received by StarStream: 84.0
Max % of chunks received by StarStream: 100.0
StD of chunks received by StarStream: 3.823221321947729
Var of chunks received by StarStream: 14.617021276595743
[NONMOJO] Startup Delay: 168.89583333333334
[MOJO] Startup Delay: 88.3
[MOJO] Latency: 9.533547852342148
Min of perceived avg chunk delivery-time: 8.31
Max of perceived avg chunk delivery-time: 11.3
Variance of perceived avg chunk delivery-time: 0.5698836503349576
StD of perceived avg chunk delivery-time: 0.7549063851465012
Avg messages sent per node: 7004.625
Min messages sent per node: 4501.0
Max messages sent per node: 10585.0
Variance of messages sent per node: 2168706.4946808508
StD of messages sent per node: 1472.652876505815
Nodes with incomplete playbacks: 43
[MOJO] Continuity Index: 57.125
[MOJO] Packet Loss: 42.875
Min % of not played chunks: 0.0
Max % of not played chunks: 99.0
Not played chunks [chunk-id/nodes]: {1=21, 2=19, 3=20, 4=19, 5=22, 6=19, 7=20, 8=24, 9=22, 10=18, 11=18, 12=19, 13=25, 14=18, 15=15, 17=20, 16=15, 19=21, 18=11, 21=22, 20=19, 23=18, 22=15, 25=16, 24=23, 27=19, 26=16, 29=18, 28=22, 31=21, 30=20, 34=17, 35=17, 32=20, 33=18, 38=21, 39=22, 36=21, 37=29, 42=26, 43=27, 40=23, 41=21, 46=17, 47=20, 44=23, 45=20, 51=23, 50=19, 49=20, 48=21, 55=19, 54=25, 53=25, 52=23, 59=20, 58=21, 57=21, 56=27, 63=21, 62=19, 61=19, 60=22, 68=22, 69=21, 70=18, 71=20, 64=24, 65=23, 66=24, 67=22, 76=18, 77=21, 78=25, 79=28, 72=20, 73=27, 74=22, 75=22, 85=22, 84=21, 87=21, 86=22, 81=21, 80=22, 83=16, 82=20, 93=18, 92=22, 95=16, 94=17, 89=25, 88=20, 91=20, 90=25, 98=25, 99=23, 96=20, 97=23}
Avg distance between not played chunks: 2.9451350589271725
Min distance between not played chunks: 1.0
Max distance between not played chunks: 11.25

HELPING PEERS LOG

[HELPING] Active nodes: 48
[HELPING] Started playbacks: 48
[HELPING] Not started playbacks node-ids: []
[HELPING] Playbacks time-window: 170
[HELPING] Missing chunks distribution [missed-chunks/nodes]: {0=47, 3=1}
[HELPING] Rejected chunks for ttl expiration [chunk-id/nodes]: 3 {0=1, 1=1, 2=1}
[HELPING] Rejected chunks for capacity limit [chunk-id/nodes]: 0 {}
[HELPING] bandwidthUtilUp: 0.014728239863160818
[HELPING] bandwidthUtilDown: 0.008602761306383171
[HELPING] Avg # of unsent chunk for max-retries: 0.0
[HELPING] Min # of unsent chunk for max-retries: 0.0
[HELPING] Max # of unsent chunk for max-retries: 0.0
[HELPING] Avg # of unsent chunk-reqs for max-retries: 0.0
[HELPING] Min # of unsent chunk-reqs for max-retries: 0.0
[HELPING] Max # of unsent chunk-reqs for max-retries: 0.0
[HELPING] Avg % of chunks received by Pastry: 7.5
[HELPING] Min % of chunks received by Pastry: 0.0
[HELPING] Max % of chunks received by Pastry: 14.0
[HELPING] StD of chunks received by Pastry: 3.8204377603687076
[HELPING] Var of chunks received by Pastry: 14.595744680851068
[HELPING] Avg % of chunks received by StarStream: 91.64583333333333
[HELPING] Min % of chunks received by StarStream: 85.0
[HELPING] Max % of chunks received by StarStream: 100.0
[HELPING] StD of chunks received by StarStream: 4.091972334785941
[HELPING] Var of chunks received by StarStream: 16.74423758865351
[HELPING] Startup Delay: 171.72916666666666
[HELPING] Latency: 9.747640407511538
[HELPING] Min of perceived avg chunk delivery-time: 8.49
[HELPING] Max of perceived avg chunk delivery-time: 10.98989898989899
[HELPING] Variance of perceived avg chunk delivery-time: 0.39189366436224843
[HELPING] StD of perceived avg chunk delivery-time: 0.6260141087565426
[HELPING] Avg messages sent per node: 6966.291666666667
[HELPING] Min messages sent per node: 4359.0
[HELPING] Max messages sent per node: 10272.0
[HELPING] Variance of messages sent per node: 2702515.4875886464
[HELPING] StD of messages sent per node: 1643.9329328134547
[HELPING] Nodes with incomplete playbacks: 32
[HELPING] Packet Loss: 33.291666666666664
[HELPING] Min % of not played chunks: 0.0
[HELPING] Max % of not played chunks: 99.0
[HELPING] Not played chunks [chunk-id/nodes]: {1=17, 2=19, 3=14, 4=11, 5=13, 6=22, 7=15, 8=15, 9=16, 10=14, 11=17, 12=15, 13=18, 14=14, 15=15, 17=18, 16=12, 19=11, 18=15, 21=14, 20=15, 23=21, 22=11, 25=14, 24=18, 27=15, 26=16, 29=13, 28=15, 31=14, 30=18, 34=11, 35=13, 32=15, 33=13, 38=20, 39=11, 36=20, 37=20, 42=13, 43=18, 40=20, 41=17, 46=14, 47=14, 44=14, 45=17, 51=15, 50=18, 49=16, 48=20, 55=17, 54=25, 53=12, 52=17, 59=18, 58=16, 57=15, 56=21, 63=17, 62=14, 61=12, 60=19, 68=18, 69=18, 70=16, 71=15, 64=18, 65=14, 66=15, 67=19, 76=12, 77=18, 78=15, 79=22, 72=17, 73=16, 74=16, 75=19, 85=13, 84=17, 87=24, 86=13, 81=14, 80=20, 83=19, 82=17, 93=17, 92=14, 95=19, 94=14, 89=20, 88=11, 91=15, 90=14, 98=12, 99=21, 96=20, 97=19}
[HELPING] Avg distance between not played chunks: 4.367372715672402
[HELPING] Min distance between not played chunks: 1.0
[HELPING] Max distance between not played chunks: 31.0

