Total chunks: 100
Nodes x chunk: 7
Total nodes: 52
Active nodes: 48
Started playbacks: 48
Not started playbacks node-ids: []
Playbacks time-window: 232
Missing chunks distribution [missed-chunks/nodes]: {0=45, 1=2, 4=1}
Rejected chunks for ttl expiration [chunk-id/nodes]: 4 {0=1, 1=3, 2=1, 3=1}
Rejected chunks for capacity limit [chunk-id/nodes]: 0 {}
bandwidthUtilUp: 0.013989031297138325
bandwidthUtilDown: 0.008013180134514705
Avg # of unsent chunk for max-retries: 0.0
Min # of unsent chunk for max-retries: 0.0
Max # of unsent chunk for max-retries: 0.0
Avg # of unsent chunk-reqs for max-retries: 0.0
Min # of unsent chunk-reqs for max-retries: 0.0
Max # of unsent chunk-reqs for max-retries: 0.0
Avg % of chunks received by Pastry: 7.166666666666667
Min % of chunks received by Pastry: 0.0
Max % of chunks received by Pastry: 15.0
StD of chunks received by Pastry: 4.001772656856349
Var of chunks received by Pastry: 16.01418439716312
Avg % of chunks received by StarStream: 91.89583333333333
Min % of chunks received by StarStream: 84.0
Max % of chunks received by StarStream: 100.0
StD of chunks received by StarStream: 4.116596318346914
Var of chunks received by StarStream: 16.946365248227362
[NONMOJO] Startup Delay: 85.60416666666667
[MOJO] Startup Delay: 78.7
[MOJO] Latency: 7.63743864559713
Min of perceived avg chunk delivery-time: 6.27
Max of perceived avg chunk delivery-time: 9.535353535353535
Variance of perceived avg chunk delivery-time: 0.38586512902871284
StD of perceived avg chunk delivery-time: 0.6211804319428558
Avg messages sent per node: 6678.541666666667
Min messages sent per node: 3930.0
Max messages sent per node: 9155.0
Variance of messages sent per node: 2282449.2322694976
StD of messages sent per node: 1510.7776912138654
Nodes with incomplete playbacks: 31
[MOJO] Continuity Index: 63.041666666666664
[MOJO] Packet Loss: 36.958333333333336
Min % of not played chunks: 0.0
Max % of not played chunks: 99.0
Not played chunks [chunk-id/nodes]: {1=21, 2=18, 3=19, 4=18, 5=19, 6=18, 7=14, 8=17, 9=16, 10=19, 11=18, 12=13, 13=16, 14=17, 15=19, 17=18, 16=16, 19=16, 18=17, 21=20, 20=19, 23=17, 22=15, 25=15, 24=19, 27=16, 26=17, 29=20, 28=19, 31=19, 30=21, 34=18, 35=16, 32=17, 33=17, 38=18, 39=18, 36=19, 37=15, 42=18, 43=17, 40=17, 41=21, 46=18, 47=16, 44=23, 45=15, 51=16, 50=20, 49=21, 48=18, 55=18, 54=18, 53=22, 52=16, 59=17, 58=17, 57=16, 56=20, 63=21, 62=19, 61=20, 60=14, 68=17, 69=19, 70=20, 71=23, 64=19, 65=18, 66=17, 67=16, 76=20, 77=16, 78=20, 79=17, 72=22, 73=20, 74=16, 75=17, 85=20, 84=15, 87=18, 86=20, 81=19, 80=14, 83=18, 82=18, 93=20, 92=16, 95=19, 94=20, 89=17, 88=20, 91=20, 90=15, 98=16, 99=15, 96=17, 97=18}
Avg distance between not played chunks: 2.699141421896304
Min distance between not played chunks: 1.0
Max distance between not played chunks: 13.833333333333334

HELPING PEERS LOG

[HELPING] Active nodes: 4
[HELPING] Started playbacks: 4
[HELPING] Not started playbacks node-ids: []
[HELPING] Playbacks time-window: 43
[HELPING] Missing chunks distribution [missed-chunks/nodes]: {0=4}
[HELPING] Rejected chunks for ttl expiration [chunk-id/nodes]: 0 {}
[HELPING] Rejected chunks for capacity limit [chunk-id/nodes]: 0 {}
[HELPING] bandwidthUtilUp: 0.014518805920604531
[HELPING] bandwidthUtilDown: 0.007968820389141219
[HELPING] Avg # of unsent chunk for max-retries: 0.0
[HELPING] Min # of unsent chunk for max-retries: 0.0
[HELPING] Max # of unsent chunk for max-retries: 0.0
[HELPING] Avg # of unsent chunk-reqs for max-retries: 0.0
[HELPING] Min # of unsent chunk-reqs for max-retries: 0.0
[HELPING] Max # of unsent chunk-reqs for max-retries: 0.0
[HELPING] Avg % of chunks received by Pastry: 7.5
[HELPING] Min % of chunks received by Pastry: 6.0
[HELPING] Max % of chunks received by Pastry: 9.0
[HELPING] StD of chunks received by Pastry: 1.7320508075688772
[HELPING] Var of chunks received by Pastry: 3.0
[HELPING] Avg % of chunks received by StarStream: 91.5
[HELPING] Min % of chunks received by StarStream: 90.0
[HELPING] Max % of chunks received by StarStream: 93.0
[HELPING] StD of chunks received by StarStream: 1.7320508075688772
[HELPING] Var of chunks received by StarStream: 3.0
[HELPING] Startup Delay: 78.5
[HELPING] Latency: 7.7475000000000005
[HELPING] Min of perceived avg chunk delivery-time: 7.4
[HELPING] Max of perceived avg chunk delivery-time: 8.13
[HELPING] Variance of perceived avg chunk delivery-time: 0.09162500000000287
[HELPING] StD of perceived avg chunk delivery-time: 0.302696217353311
[HELPING] Avg messages sent per node: 6321.0
[HELPING] Min messages sent per node: 5095.0
[HELPING] Max messages sent per node: 7654.0
[HELPING] Variance of messages sent per node: 1165863.3333333333
[HELPING] StD of messages sent per node: 1079.7515146242367
[HELPING] Nodes with incomplete playbacks: 1
[HELPING] Packet Loss: 22.25
[HELPING] Min % of not played chunks: 0.0
[HELPING] Max % of not played chunks: 89.0
[HELPING] Not played chunks [chunk-id/nodes]: {1=1, 2=1, 3=1, 5=1, 6=1, 8=1, 9=1, 10=1, 11=1, 12=1, 13=1, 14=1, 16=1, 18=1, 21=1, 20=1, 23=1, 22=1, 25=1, 24=1, 27=1, 26=1, 29=1, 28=1, 31=1, 30=1, 34=1, 35=1, 32=1, 33=1, 38=1, 39=1, 36=1, 37=1, 42=1, 43=1, 40=1, 46=1, 47=1, 44=1, 45=1, 50=1, 49=1, 48=1, 55=1, 54=1, 53=1, 52=1, 59=1, 58=1, 57=1, 56=1, 63=1, 62=1, 61=1, 68=1, 69=1, 71=1, 64=1, 65=1, 66=1, 67=1, 76=1, 77=1, 78=1, 79=1, 72=1, 73=1, 74=1, 75=1, 85=1, 84=1, 87=1, 86=1, 81=1, 80=1, 83=1, 82=1, 92=1, 95=1, 94=1, 89=1, 88=1, 91=1, 90=1, 98=1, 99=1, 96=1, 97=1}
[HELPING] Avg distance between not played chunks: 1.1136363636363635
[HELPING] Min distance between not played chunks: 1.1136363636363635
[HELPING] Max distance between not played chunks: 1.1136363636363635

