Total chunks: 100
Nodes x chunk: 7
Total nodes: 57
Active nodes: 48
Started playbacks: 48
Not started playbacks node-ids: []
Playbacks time-window: 418
Missing chunks distribution [missed-chunks/nodes]: {0=42, 1=2, 3=1, 6=1, 7=1, 8=1}
Rejected chunks for ttl expiration [chunk-id/nodes]: 6 {1=6, 2=4, 3=3, 4=3, 6=2, 7=1}
Rejected chunks for capacity limit [chunk-id/nodes]: 0 {}
bandwidthUtilUp: 0.0136145392775144
bandwidthUtilDown: 0.007681923225203201
Avg # of unsent chunk for max-retries: 0.0
Min # of unsent chunk for max-retries: 0.0
Max # of unsent chunk for max-retries: 0.0
Avg # of unsent chunk-reqs for max-retries: 0.0
Min # of unsent chunk-reqs for max-retries: 0.0
Max # of unsent chunk-reqs for max-retries: 0.0
Avg % of chunks received by Pastry: 7.979166666666667
Min % of chunks received by Pastry: 0.0
Max % of chunks received by Pastry: 16.0
StD of chunks received by Pastry: 4.469706941382619
Var of chunks received by Pastry: 19.978280141843967
Avg % of chunks received by StarStream: 91.0625
Min % of chunks received by StarStream: 83.0
Max % of chunks received by StarStream: 100.0
StD of chunks received by StarStream: 4.549520666825567
Var of chunks received by StarStream: 20.69813829787296
[NONMOJO] Startup Delay: 113.47916666666667
[MOJO] Startup Delay: 65.8
[MOJO] Latency: 7.801816757375643
Min of perceived avg chunk delivery-time: 6.56
Max of perceived avg chunk delivery-time: 10.051020408163266
Variance of perceived avg chunk delivery-time: 0.4812887592119697
StD of perceived avg chunk delivery-time: 0.6937497814139978
Avg messages sent per node: 6394.833333333333
Min messages sent per node: 3995.0
Max messages sent per node: 9316.0
Variance of messages sent per node: 1909263.8014184488
StD of messages sent per node: 1381.7611231390356
Nodes with incomplete playbacks: 35
[MOJO] Continuity Index: 57.395833333333336
[MOJO] Packet Loss: 42.604166666666664
Min % of not played chunks: 0.0
Max % of not played chunks: 99.0
Not played chunks [chunk-id/nodes]: {1=29, 2=27, 3=20, 4=22, 5=21, 6=21, 7=19, 8=20, 9=21, 10=19, 11=22, 12=22, 13=19, 14=18, 15=20, 17=24, 16=19, 19=20, 18=20, 21=21, 20=23, 23=18, 22=17, 25=17, 24=22, 27=20, 26=18, 29=22, 28=19, 31=20, 30=23, 34=21, 35=23, 32=19, 33=18, 38=23, 39=23, 36=19, 37=22, 42=19, 43=14, 40=23, 41=23, 46=19, 47=18, 44=21, 45=20, 51=23, 50=22, 49=19, 48=16, 55=21, 54=18, 53=22, 52=25, 59=24, 58=18, 57=22, 56=22, 63=15, 62=22, 61=20, 60=22, 68=21, 69=17, 70=22, 71=22, 64=20, 65=20, 66=22, 67=22, 76=19, 77=26, 78=23, 79=18, 72=22, 73=22, 74=18, 75=19, 85=21, 84=19, 87=21, 86=24, 81=23, 80=22, 83=21, 82=21, 93=21, 92=20, 95=19, 94=19, 89=20, 88=18, 91=23, 90=19, 98=20, 99=23, 96=18, 97=21}
Avg distance between not played chunks: 1.4651493659810335
Min distance between not played chunks: 1.0
Max distance between not played chunks: 2.90625

HELPING PEERS LOG

[HELPING] Active nodes: 9
[HELPING] Started playbacks: 9
[HELPING] Not started playbacks node-ids: []
[HELPING] Playbacks time-window: 399
[HELPING] Missing chunks distribution [missed-chunks/nodes]: {0=7, 1=1, 7=1}
[HELPING] Rejected chunks for ttl expiration [chunk-id/nodes]: 5 {1=2, 2=1, 3=1, 4=1, 6=1}
[HELPING] Rejected chunks for capacity limit [chunk-id/nodes]: 0 {}
[HELPING] bandwidthUtilUp: 0.013966534476740332
[HELPING] bandwidthUtilDown: 0.007942126271536027
[HELPING] Avg # of unsent chunk for max-retries: 0.0
[HELPING] Min # of unsent chunk for max-retries: 0.0
[HELPING] Max # of unsent chunk for max-retries: 0.0
[HELPING] Avg # of unsent chunk-reqs for max-retries: 0.0
[HELPING] Min # of unsent chunk-reqs for max-retries: 0.0
[HELPING] Max # of unsent chunk-reqs for max-retries: 0.0
[HELPING] Avg % of chunks received by Pastry: 6.555555555555555
[HELPING] Min % of chunks received by Pastry: 1.0
[HELPING] Max % of chunks received by Pastry: 11.0
[HELPING] StD of chunks received by Pastry: 3.5394600969325514
[HELPING] Var of chunks received by Pastry: 12.527777777777787
[HELPING] Avg % of chunks received by StarStream: 92.66666666666667
[HELPING] Min % of chunks received by StarStream: 88.0
[HELPING] Max % of chunks received by StarStream: 99.0
[HELPING] StD of chunks received by StarStream: 3.7416573867737895
[HELPING] Var of chunks received by StarStream: 13.999999999998863
[HELPING] Startup Delay: 151.11111111111111
[HELPING] Latency: 8.010473589674818
[HELPING] Min of perceived avg chunk delivery-time: 6.93
[HELPING] Max of perceived avg chunk delivery-time: 9.46938775510204
[HELPING] Variance of perceived avg chunk delivery-time: 0.5049859001248436
[HELPING] StD of perceived avg chunk delivery-time: 0.7106235994708053
[HELPING] Avg messages sent per node: 5859.666666666667
[HELPING] Min messages sent per node: 3686.0
[HELPING] Max messages sent per node: 8165.0
[HELPING] Variance of messages sent per node: 2391732.0
[HELPING] StD of messages sent per node: 1546.52255075702
[HELPING] Nodes with incomplete playbacks: 4
[HELPING] Packet Loss: 11.88888888888889
[HELPING] Min % of not played chunks: 0.0
[HELPING] Max % of not played chunks: 99.0
[HELPING] Not played chunks [chunk-id/nodes]: {1=3, 2=2, 3=2, 4=2, 5=2, 6=2, 7=1, 8=1, 9=1, 10=1, 11=1, 12=1, 13=1, 14=1, 15=1, 17=1, 16=1, 19=1, 18=1, 21=1, 20=1, 23=1, 22=1, 25=1, 24=1, 27=1, 26=1, 29=1, 28=1, 31=1, 30=1, 34=1, 35=1, 32=1, 33=1, 38=2, 39=1, 36=1, 37=1, 42=1, 43=1, 40=1, 41=1, 46=1, 47=1, 44=1, 45=1, 51=1, 50=1, 49=1, 48=1, 55=1, 54=1, 53=1, 52=1, 59=1, 58=1, 57=1, 56=1, 63=1, 62=1, 61=1, 60=1, 68=1, 69=1, 70=1, 71=1, 64=1, 65=1, 66=1, 67=1, 76=1, 77=1, 78=1, 79=1, 72=1, 73=1, 74=1, 75=1, 85=1, 84=1, 87=1, 86=1, 81=1, 80=1, 83=1, 82=1, 93=1, 92=1, 95=1, 94=1, 89=1, 88=1, 91=1, 90=1, 98=1, 99=1, 96=1, 97=1}
[HELPING] Avg distance between not played chunks: 1.0
[HELPING] Min distance between not played chunks: 1.0
[HELPING] Max distance between not played chunks: 1.0

