Total chunks: 100
Nodes x chunk: 7
Total nodes: 67
Active nodes: 48
Started playbacks: 48
Not started playbacks node-ids: []
Playbacks time-window: 272
Missing chunks distribution [missed-chunks/nodes]: {0=45, 3=1, 4=1, 5=1}
Rejected chunks for ttl expiration [chunk-id/nodes]: 4 {1=2, 2=2, 3=2, 4=1}
Rejected chunks for capacity limit [chunk-id/nodes]: 0 {}
bandwidthUtilUp: 0.014380932093252306
bandwidthUtilDown: 0.008176400021625391
Avg # of unsent chunk for max-retries: 0.0
Min # of unsent chunk for max-retries: 0.0
Max # of unsent chunk for max-retries: 0.0
Avg # of unsent chunk-reqs for max-retries: 0.0
Min # of unsent chunk-reqs for max-retries: 0.0
Max # of unsent chunk-reqs for max-retries: 0.0
Avg % of chunks received by Pastry: 8.979166666666666
Min % of chunks received by Pastry: 2.0
Max % of chunks received by Pastry: 16.0
StD of chunks received by Pastry: 3.509801372408255
Var of chunks received by Pastry: 12.31870567375887
Avg % of chunks received by StarStream: 90.02083333333333
Min % of chunks received by StarStream: 83.0
Max % of chunks received by StarStream: 97.0
StD of chunks received by StarStream: 3.509801372408313
Var of chunks received by StarStream: 12.318705673759277
[NONMOJO] Startup Delay: 110.25
[MOJO] Startup Delay: 74.2
[MOJO] Latency: 8.468423553648941
Min of perceived avg chunk delivery-time: 7.17
Max of perceived avg chunk delivery-time: 11.24742268041237
Variance of perceived avg chunk delivery-time: 0.5539004180760708
StD of perceived avg chunk delivery-time: 0.7442448643262988
Avg messages sent per node: 6703.604166666667
Min messages sent per node: 3599.0
Max messages sent per node: 9010.0
Variance of messages sent per node: 2052259.9463652421
StD of messages sent per node: 1432.5710964434686
Nodes with incomplete playbacks: 46
[MOJO] Continuity Index: 56.625
[MOJO] Packet Loss: 43.375
Min % of not played chunks: 0.0
Max % of not played chunks: 99.0
Not played chunks [chunk-id/nodes]: {1=24, 2=21, 3=23, 4=21, 5=24, 6=24, 7=17, 8=18, 9=19, 10=14, 11=15, 12=27, 13=14, 14=20, 15=23, 17=16, 16=22, 19=20, 18=18, 21=20, 20=19, 23=15, 22=23, 25=18, 24=25, 27=18, 26=21, 29=25, 28=17, 31=18, 30=18, 34=20, 35=24, 32=16, 33=17, 38=23, 39=23, 36=27, 37=15, 42=22, 43=21, 40=22, 41=20, 46=23, 47=20, 44=22, 45=19, 51=26, 50=22, 49=19, 48=25, 55=19, 54=24, 53=17, 52=23, 59=26, 58=22, 57=21, 56=27, 63=23, 62=21, 61=26, 60=20, 68=20, 69=24, 70=29, 71=20, 64=25, 65=23, 66=22, 67=25, 76=19, 77=20, 78=22, 79=18, 72=18, 73=23, 74=24, 75=22, 85=19, 84=22, 87=21, 86=21, 81=23, 80=23, 83=23, 82=24, 93=20, 92=21, 95=25, 94=21, 89=19, 88=21, 91=19, 90=20, 98=17, 99=21, 96=16, 97=20}
Avg distance between not played chunks: 3.029512179956932
Min distance between not played chunks: 1.0
Max distance between not played chunks: 21.0

HELPING PEERS LOG

[HELPING] Active nodes: 19
[HELPING] Started playbacks: 19
[HELPING] Not started playbacks node-ids: []
[HELPING] Playbacks time-window: 258
[HELPING] Missing chunks distribution [missed-chunks/nodes]: {0=18, 5=1}
[HELPING] Rejected chunks for ttl expiration [chunk-id/nodes]: 4 {1=1, 2=1, 3=1, 4=1}
[HELPING] Rejected chunks for capacity limit [chunk-id/nodes]: 0 {}
[HELPING] bandwidthUtilUp: 0.014080231002068332
[HELPING] bandwidthUtilDown: 0.008671093054037423
[HELPING] Avg # of unsent chunk for max-retries: 0.0
[HELPING] Min # of unsent chunk for max-retries: 0.0
[HELPING] Max # of unsent chunk for max-retries: 0.0
[HELPING] Avg # of unsent chunk-reqs for max-retries: 0.0
[HELPING] Min # of unsent chunk-reqs for max-retries: 0.0
[HELPING] Max # of unsent chunk-reqs for max-retries: 0.0
[HELPING] Avg % of chunks received by Pastry: 5.842105263157895
[HELPING] Min % of chunks received by Pastry: 1.0
[HELPING] Max % of chunks received by Pastry: 14.0
[HELPING] StD of chunks received by Pastry: 3.131615803999534
[HELPING] Var of chunks received by Pastry: 9.807017543859649
[HELPING] Avg % of chunks received by StarStream: 93.21052631578948
[HELPING] Min % of chunks received by StarStream: 85.0
[HELPING] Max % of chunks received by StarStream: 99.0
[HELPING] StD of chunks received by StarStream: 3.224540404260861
[HELPING] Var of chunks received by StarStream: 10.397660818710797
[HELPING] Startup Delay: 122.89473684210526
[HELPING] Latency: 8.218738912672432
[HELPING] Min of perceived avg chunk delivery-time: 6.71
[HELPING] Max of perceived avg chunk delivery-time: 9.93
[HELPING] Variance of perceived avg chunk delivery-time: 0.505477979601307
[HELPING] StD of perceived avg chunk delivery-time: 0.7109697459113904
[HELPING] Avg messages sent per node: 6743.789473684211
[HELPING] Min messages sent per node: 3836.0
[HELPING] Max messages sent per node: 9270.0
[HELPING] Variance of messages sent per node: 2049310.286549708
[HELPING] StD of messages sent per node: 1431.5412276807497
[HELPING] Nodes with incomplete playbacks: 12
[HELPING] Packet Loss: 26.894736842105264
[HELPING] Min % of not played chunks: 0.0
[HELPING] Max % of not played chunks: 99.0
[HELPING] Not played chunks [chunk-id/nodes]: {1=5, 2=6, 3=6, 4=5, 5=4, 6=4, 7=4, 8=4, 9=5, 10=6, 11=4, 12=5, 13=6, 14=2, 15=7, 17=5, 16=4, 19=5, 18=6, 21=7, 20=6, 23=4, 22=4, 25=4, 24=4, 27=5, 26=4, 29=5, 28=5, 31=6, 30=7, 34=5, 35=4, 32=5, 33=5, 38=3, 39=4, 36=4, 37=3, 42=7, 43=5, 40=6, 41=6, 46=6, 47=4, 44=5, 45=7, 51=6, 50=7, 49=6, 48=5, 55=4, 54=4, 53=7, 52=5, 59=4, 58=5, 57=7, 56=6, 63=5, 62=4, 61=6, 60=5, 68=5, 69=8, 70=6, 71=5, 64=5, 65=6, 66=5, 67=6, 76=7, 77=5, 78=5, 79=4, 72=6, 73=5, 74=4, 75=6, 85=6, 84=7, 87=5, 86=5, 81=5, 80=5, 83=3, 82=6, 93=5, 92=4, 95=5, 94=6, 89=7, 88=6, 91=5, 90=4, 98=5, 99=5, 96=5, 97=5}
[HELPING] Avg distance between not played chunks: 3.8419798971999146
[HELPING] Min distance between not played chunks: 1.0
[HELPING] Max distance between not played chunks: 10.6

