Total chunks: 100
Nodes x chunk: 7
Total nodes: 72
Active nodes: 48
Started playbacks: 48
Not started playbacks node-ids: []
Playbacks time-window: 562
Missing chunks distribution [missed-chunks/nodes]: {0=44, 1=3, 11=1}
Rejected chunks for ttl expiration [chunk-id/nodes]: 10 {0=6, 1=4, 2=1, 3=1, 5=1, 6=1, 7=1, 8=1, 9=1, 10=1}
Rejected chunks for capacity limit [chunk-id/nodes]: 0 {}
bandwidthUtilUp: 0.014190545470565134
bandwidthUtilDown: 0.008436531228191728
Avg # of unsent chunk for max-retries: 0.0
Min # of unsent chunk for max-retries: 0.0
Max # of unsent chunk for max-retries: 0.0
Avg # of unsent chunk-reqs for max-retries: 0.0
Min # of unsent chunk-reqs for max-retries: 0.0
Max # of unsent chunk-reqs for max-retries: 0.0
Avg % of chunks received by Pastry: 9.020833333333334
Min % of chunks received by Pastry: 0.0
Max % of chunks received by Pastry: 15.0
StD of chunks received by Pastry: 4.013220616451585
Var of chunks received by Pastry: 16.105939716312044
Avg % of chunks received by StarStream: 90.08333333333333
Min % of chunks received by StarStream: 84.0
Max % of chunks received by StarStream: 100.0
StD of chunks received by StarStream: 4.241804781153827
Var of chunks received by StarStream: 17.99290780141947
[NONMOJO] Startup Delay: 129.1875
[MOJO] Startup Delay: 69.0
[MOJO] Latency: 8.546740188130636
Min of perceived avg chunk delivery-time: 7.07
Max of perceived avg chunk delivery-time: 10.346938775510203
Variance of perceived avg chunk delivery-time: 0.3954578877236202
StD of perceived avg chunk delivery-time: 0.6288544249058126
Avg messages sent per node: 6697.625
Min messages sent per node: 3950.0
Max messages sent per node: 9099.0
Variance of messages sent per node: 2259747.8989361725
StD of messages sent per node: 1503.2457879322903
Nodes with incomplete playbacks: 40
[MOJO] Continuity Index: 62.229166666666664
[MOJO] Packet Loss: 37.770833333333336
Min % of not played chunks: 0.0
Max % of not played chunks: 99.0
Not played chunks [chunk-id/nodes]: {1=26, 2=21, 3=20, 4=18, 5=18, 6=22, 7=15, 8=19, 9=21, 10=19, 11=19, 12=18, 13=16, 14=16, 15=17, 17=16, 16=13, 19=22, 18=20, 21=15, 20=13, 23=19, 22=20, 25=16, 24=18, 27=18, 26=15, 29=16, 28=20, 31=20, 30=17, 34=15, 35=19, 32=16, 33=20, 38=18, 39=21, 36=19, 37=19, 42=16, 43=16, 40=21, 41=17, 46=21, 47=20, 44=18, 45=19, 51=20, 50=16, 49=18, 48=18, 55=21, 54=21, 53=14, 52=18, 59=17, 58=22, 57=16, 56=23, 63=24, 62=19, 61=22, 60=19, 68=17, 69=18, 70=19, 71=16, 64=14, 65=17, 66=22, 67=16, 76=22, 77=15, 78=17, 79=18, 72=17, 73=22, 74=23, 75=17, 85=17, 84=18, 87=15, 86=20, 81=17, 80=18, 83=24, 82=20, 93=14, 92=18, 95=14, 94=21, 89=21, 88=20, 91=16, 90=16, 98=19, 99=13, 96=20, 97=16}
Avg distance between not played chunks: 3.6772635006601613
Min distance between not played chunks: 1.0
Max distance between not played chunks: 37.5

HELPING PEERS LOG

[HELPING] Active nodes: 24
[HELPING] Started playbacks: 24
[HELPING] Not started playbacks node-ids: []
[HELPING] Playbacks time-window: 217
[HELPING] Missing chunks distribution [missed-chunks/nodes]: {0=20, 1=1, 2=1, 3=1, 4=1}
[HELPING] Rejected chunks for ttl expiration [chunk-id/nodes]: 4 {0=3, 1=3, 2=2, 3=1}
[HELPING] Rejected chunks for capacity limit [chunk-id/nodes]: 0 {}
[HELPING] bandwidthUtilUp: 0.01422804345619831
[HELPING] bandwidthUtilDown: 0.008526244700627643
[HELPING] Avg # of unsent chunk for max-retries: 0.0
[HELPING] Min # of unsent chunk for max-retries: 0.0
[HELPING] Max # of unsent chunk for max-retries: 0.0
[HELPING] Avg # of unsent chunk-reqs for max-retries: 0.0
[HELPING] Min # of unsent chunk-reqs for max-retries: 0.0
[HELPING] Max # of unsent chunk-reqs for max-retries: 0.0
[HELPING] Avg % of chunks received by Pastry: 7.291666666666667
[HELPING] Min % of chunks received by Pastry: 0.0
[HELPING] Max % of chunks received by Pastry: 15.0
[HELPING] StD of chunks received by Pastry: 3.735600372755033
[HELPING] Var of chunks received by Pastry: 13.95471014492754
[HELPING] Avg % of chunks received by StarStream: 91.75
[HELPING] Min % of chunks received by StarStream: 84.0
[HELPING] Max % of chunks received by StarStream: 100.0
[HELPING] StD of chunks received by StarStream: 3.8249751349007917
[HELPING] Var of chunks received by StarStream: 14.630434782609328
[HELPING] Startup Delay: 134.66666666666666
[HELPING] Latency: 8.842722892851299
[HELPING] Min of perceived avg chunk delivery-time: 7.55
[HELPING] Max of perceived avg chunk delivery-time: 11.0
[HELPING] Variance of perceived avg chunk delivery-time: 0.7030991431859142
[HELPING] StD of perceived avg chunk delivery-time: 0.8385100733956117
[HELPING] Avg messages sent per node: 7094.666666666667
[HELPING] Min messages sent per node: 4389.0
[HELPING] Max messages sent per node: 10641.0
[HELPING] Variance of messages sent per node: 2562358.6666666684
[HELPING] StD of messages sent per node: 1600.7369136328018
[HELPING] Nodes with incomplete playbacks: 20
[HELPING] Packet Loss: 39.958333333333336
[HELPING] Min % of not played chunks: 0.0
[HELPING] Max % of not played chunks: 99.0
[HELPING] Not played chunks [chunk-id/nodes]: {1=14, 2=14, 3=11, 4=8, 5=12, 6=9, 7=10, 8=10, 9=10, 10=10, 11=9, 12=10, 13=7, 14=10, 15=10, 17=10, 16=10, 19=10, 18=7, 21=8, 20=10, 23=7, 22=8, 25=9, 24=12, 27=11, 26=9, 29=8, 28=10, 31=9, 30=10, 34=9, 35=9, 32=11, 33=8, 38=10, 39=9, 36=10, 37=10, 42=10, 43=11, 40=11, 41=10, 46=8, 47=10, 44=8, 45=9, 51=10, 50=9, 49=9, 48=10, 55=9, 54=9, 53=6, 52=8, 59=8, 58=10, 57=9, 56=10, 63=10, 62=9, 61=10, 60=12, 68=9, 69=12, 70=8, 71=9, 64=10, 65=10, 66=10, 67=11, 76=10, 77=11, 78=9, 79=10, 72=12, 73=9, 74=10, 75=11, 85=9, 84=8, 87=11, 86=9, 81=11, 80=10, 83=10, 82=10, 93=8, 92=9, 95=10, 94=11, 89=10, 88=10, 91=8, 90=10, 98=11, 99=9, 96=10, 97=11}
[HELPING] Avg distance between not played chunks: 3.4517100015179007
[HELPING] Min distance between not played chunks: 1.0
[HELPING] Max distance between not played chunks: 23.0

