Total chunks: 100
Nodes x chunk: 7
Total nodes: 76
Active nodes: 48
Started playbacks: 48
Not started playbacks node-ids: []
Playbacks time-window: 595
Missing chunks distribution [missed-chunks/nodes]: {0=47, 11=1}
Rejected chunks for ttl expiration [chunk-id/nodes]: 10 {0=2, 1=1, 2=1, 3=1, 4=1, 5=1, 6=1, 7=1, 8=1, 9=1}
Rejected chunks for capacity limit [chunk-id/nodes]: 0 {}
bandwidthUtilUp: 0.014249206518245586
bandwidthUtilDown: 0.00850831710062645
Avg # of unsent chunk for max-retries: 0.0
Min # of unsent chunk for max-retries: 0.0
Max # of unsent chunk for max-retries: 0.0
Avg # of unsent chunk-reqs for max-retries: 0.0
Min # of unsent chunk-reqs for max-retries: 0.0
Max # of unsent chunk-reqs for max-retries: 0.0
Avg % of chunks received by Pastry: 10.020833333333334
Min % of chunks received by Pastry: 0.0
Max % of chunks received by Pastry: 20.0
StD of chunks received by Pastry: 4.250104295758245
Var of chunks received by Pastry: 18.063386524822686
Avg % of chunks received by StarStream: 89.04166666666667
Min % of chunks received by StarStream: 79.0
Max % of chunks received by StarStream: 100.0
StD of chunks received by StarStream: 4.302193074261863
Var of chunks received by StarStream: 18.508865248226744
[NONMOJO] Startup Delay: 127.27083333333333
[MOJO] Startup Delay: 93.2
[MOJO] Latency: 8.604404745015701
Min of perceived avg chunk delivery-time: 7.5
Max of perceived avg chunk delivery-time: 10.12
Variance of perceived avg chunk delivery-time: 0.3534977285141994
StD of perceived avg chunk delivery-time: 0.5945567496162157
Avg messages sent per node: 6767.416666666667
Min messages sent per node: 3561.0
Max messages sent per node: 9824.0
Variance of messages sent per node: 2327577.7375886464
StD of messages sent per node: 1525.640107492146
Nodes with incomplete playbacks: 45
[MOJO] Continuity Index: 46.8125
[MOJO] Packet Loss: 53.1875
Min % of not played chunks: 0.0
Max % of not played chunks: 99.0
Not played chunks [chunk-id/nodes]: {1=30, 2=24, 3=24, 4=25, 5=27, 6=25, 7=25, 8=26, 9=24, 10=23, 11=20, 12=21, 13=19, 14=20, 15=23, 17=24, 16=24, 19=24, 18=19, 21=26, 20=22, 23=22, 22=24, 25=25, 24=21, 27=27, 26=24, 29=24, 28=25, 31=24, 30=25, 34=22, 35=24, 32=27, 33=22, 38=24, 39=26, 36=26, 37=21, 42=29, 43=32, 40=24, 41=28, 46=21, 47=25, 44=24, 45=26, 51=27, 50=25, 49=29, 48=27, 55=25, 54=25, 53=28, 52=27, 59=28, 58=25, 57=29, 56=34, 63=25, 62=27, 61=24, 60=29, 68=28, 69=25, 70=26, 71=26, 64=28, 65=30, 66=30, 67=25, 76=31, 77=26, 78=29, 79=29, 72=29, 73=21, 74=28, 75=27, 85=27, 84=22, 87=27, 86=26, 81=29, 80=26, 83=26, 82=32, 93=24, 92=28, 95=29, 94=26, 89=28, 88=28, 91=22, 90=30, 98=29, 99=28, 96=28, 97=29}
Avg distance between not played chunks: 2.5776174826288814
Min distance between not played chunks: 1.0
Max distance between not played chunks: 11.333333333333334

HELPING PEERS LOG

[HELPING] Active nodes: 28
[HELPING] Started playbacks: 28
[HELPING] Not started playbacks node-ids: []
[HELPING] Playbacks time-window: 344
[HELPING] Missing chunks distribution [missed-chunks/nodes]: {0=24, 1=2, 5=1, 6=1}
[HELPING] Rejected chunks for ttl expiration [chunk-id/nodes]: 6 {0=1, 1=3, 2=1, 3=1, 4=1, 5=1}
[HELPING] Rejected chunks for capacity limit [chunk-id/nodes]: 0 {}
[HELPING] bandwidthUtilUp: 0.014118772753228486
[HELPING] bandwidthUtilDown: 0.008277174477633873
[HELPING] Avg # of unsent chunk for max-retries: 0.0
[HELPING] Min # of unsent chunk for max-retries: 0.0
[HELPING] Max # of unsent chunk for max-retries: 0.0
[HELPING] Avg # of unsent chunk-reqs for max-retries: 0.0
[HELPING] Min # of unsent chunk-reqs for max-retries: 0.0
[HELPING] Max # of unsent chunk-reqs for max-retries: 0.0
[HELPING] Avg % of chunks received by Pastry: 7.392857142857143
[HELPING] Min % of chunks received by Pastry: 0.0
[HELPING] Max % of chunks received by Pastry: 15.0
[HELPING] StD of chunks received by Pastry: 4.637522372626761
[HELPING] Var of chunks received by Pastry: 21.506613756613742
[HELPING] Avg % of chunks received by StarStream: 91.75
[HELPING] Min % of chunks received by StarStream: 84.0
[HELPING] Max % of chunks received by StarStream: 100.0
[HELPING] StD of chunks received by StarStream: 4.85817371569324
[HELPING] Var of chunks received by StarStream: 23.601851851852658
[HELPING] Startup Delay: 157.64285714285714
[HELPING] Latency: 9.012976768985979
[HELPING] Min of perceived avg chunk delivery-time: 7.45
[HELPING] Max of perceived avg chunk delivery-time: 12.778947368421052
[HELPING] Variance of perceived avg chunk delivery-time: 1.1712676629399812
[HELPING] StD of perceived avg chunk delivery-time: 1.082251201403806
[HELPING] Avg messages sent per node: 6942.285714285715
[HELPING] Min messages sent per node: 4106.0
[HELPING] Max messages sent per node: 9921.0
[HELPING] Variance of messages sent per node: 2658160.9523809482
[HELPING] StD of messages sent per node: 1630.3867493269652
[HELPING] Nodes with incomplete playbacks: 20
[HELPING] Packet Loss: 21.714285714285715
[HELPING] Min % of not played chunks: 0.0
[HELPING] Max % of not played chunks: 89.0
[HELPING] Not played chunks [chunk-id/nodes]: {1=9, 2=8, 3=7, 4=9, 5=7, 6=4, 7=9, 8=6, 9=4, 10=5, 11=6, 12=1, 13=3, 14=3, 15=4, 17=6, 16=6, 19=5, 18=5, 21=5, 20=8, 23=6, 22=7, 25=6, 24=6, 27=4, 26=6, 29=8, 28=6, 31=7, 30=6, 34=7, 35=6, 32=4, 33=6, 38=5, 39=5, 36=9, 37=6, 42=9, 43=3, 40=6, 41=6, 46=5, 47=5, 44=5, 45=5, 51=6, 50=5, 49=8, 48=4, 55=6, 54=5, 53=5, 52=8, 59=9, 58=4, 57=9, 56=6, 63=5, 62=9, 61=5, 60=9, 68=4, 69=5, 70=8, 71=11, 64=7, 65=8, 66=6, 67=4, 76=5, 77=5, 78=5, 79=6, 72=7, 73=5, 74=7, 75=7, 85=9, 84=3, 87=5, 86=10, 81=5, 80=7, 83=6, 82=9, 93=3, 92=7, 95=5, 94=4, 89=6, 88=8, 91=7, 90=10, 98=5, 99=6, 96=8, 97=8}
[HELPING] Avg distance between not played chunks: 4.5338464954557445
[HELPING] Min distance between not played chunks: 1.0
[HELPING] Max distance between not played chunks: 12.0

