Total chunks: 100
Nodes x chunk: 7
Total nodes: 86
Active nodes: 48
Started playbacks: 48
Not started playbacks node-ids: []
Playbacks time-window: 166
Missing chunks distribution [missed-chunks/nodes]: {0=44, 1=3, 3=1}
Rejected chunks for ttl expiration [chunk-id/nodes]: 3 {0=1, 1=4, 2=1}
Rejected chunks for capacity limit [chunk-id/nodes]: 0 {}
bandwidthUtilUp: 0.014367528984659218
bandwidthUtilDown: 0.008872350825543242
Avg # of unsent chunk for max-retries: 0.0
Min # of unsent chunk for max-retries: 0.0
Max # of unsent chunk for max-retries: 0.0
Avg # of unsent chunk-reqs for max-retries: 0.0
Min # of unsent chunk-reqs for max-retries: 0.0
Max # of unsent chunk-reqs for max-retries: 0.0
Avg % of chunks received by Pastry: 9.145833333333334
Min % of chunks received by Pastry: 0.0
Max % of chunks received by Pastry: 17.0
StD of chunks received by Pastry: 3.578836036463043
Var of chunks received by Pastry: 12.808067375886505
Avg % of chunks received by StarStream: 89.91666666666667
Min % of chunks received by StarStream: 82.0
Max % of chunks received by StarStream: 100.0
StD of chunks received by StarStream: 3.7463930643896637
Var of chunks received by StarStream: 14.035460992906975
[NONMOJO] Startup Delay: 143.22916666666666
[MOJO] Startup Delay: 81.2
[MOJO] Latency: 9.144429570797392
Min of perceived avg chunk delivery-time: 7.22
Max of perceived avg chunk delivery-time: 11.42
Variance of perceived avg chunk delivery-time: 0.6320801288120056
StD of perceived avg chunk delivery-time: 0.7950346714527647
Avg messages sent per node: 6870.0
Min messages sent per node: 4067.0
Max messages sent per node: 10163.0
Variance of messages sent per node: 2817210.638297872
StD of messages sent per node: 1678.4548365380201
Nodes with incomplete playbacks: 47
[MOJO] Continuity Index: 51.208333333333336
[MOJO] Packet Loss: 48.791666666666664
Min % of not played chunks: 0.0
Max % of not played chunks: 99.0
Not played chunks [chunk-id/nodes]: {1=28, 2=24, 3=20, 4=25, 5=25, 6=19, 7=27, 8=21, 9=24, 10=20, 11=22, 12=28, 13=31, 14=24, 15=28, 17=24, 16=21, 19=24, 18=25, 21=24, 20=19, 23=24, 22=21, 25=26, 24=21, 27=19, 26=21, 29=24, 28=23, 31=23, 30=26, 34=23, 35=26, 32=22, 33=30, 38=22, 39=20, 36=26, 37=19, 42=24, 43=23, 40=17, 41=23, 46=25, 47=23, 44=23, 45=23, 51=23, 50=27, 49=23, 48=23, 55=21, 54=25, 53=21, 52=26, 59=33, 58=28, 57=18, 56=21, 63=22, 62=27, 61=21, 60=27, 68=27, 69=32, 70=27, 71=23, 64=27, 65=26, 66=21, 67=17, 76=25, 77=25, 78=19, 79=28, 72=17, 73=25, 74=24, 75=25, 85=23, 84=24, 87=21, 86=24, 81=16, 80=22, 83=28, 82=18, 93=30, 92=34, 95=16, 94=24, 89=18, 88=16, 91=21, 90=25, 98=27, 99=29, 96=20, 97=32}
Avg distance between not played chunks: 2.8649741208332755
Min distance between not played chunks: 1.0
Max distance between not played chunks: 23.0

HELPING PEERS LOG

[HELPING] Active nodes: 38
[HELPING] Started playbacks: 38
[HELPING] Not started playbacks node-ids: []
[HELPING] Playbacks time-window: 228
[HELPING] Missing chunks distribution [missed-chunks/nodes]: {0=34, 1=1, 3=1, 4=2}
[HELPING] Rejected chunks for ttl expiration [chunk-id/nodes]: 4 {0=4, 1=4, 2=2, 3=2}
[HELPING] Rejected chunks for capacity limit [chunk-id/nodes]: 0 {}
[HELPING] bandwidthUtilUp: 0.01421443157870354
[HELPING] bandwidthUtilDown: 0.008026174660774696
[HELPING] Avg # of unsent chunk for max-retries: 0.0
[HELPING] Min # of unsent chunk for max-retries: 0.0
[HELPING] Max # of unsent chunk for max-retries: 0.0
[HELPING] Avg # of unsent chunk-reqs for max-retries: 0.0
[HELPING] Min # of unsent chunk-reqs for max-retries: 0.0
[HELPING] Max # of unsent chunk-reqs for max-retries: 0.0
[HELPING] Avg % of chunks received by Pastry: 7.578947368421052
[HELPING] Min % of chunks received by Pastry: 0.0
[HELPING] Max % of chunks received by Pastry: 13.0
[HELPING] StD of chunks received by Pastry: 3.9567361580199014
[HELPING] Var of chunks received by Pastry: 15.65576102418209
[HELPING] Avg % of chunks received by StarStream: 91.5
[HELPING] Min % of chunks received by StarStream: 86.0
[HELPING] Max % of chunks received by StarStream: 100.0
[HELPING] StD of chunks received by StarStream: 4.1116183438405365
[HELPING] Var of chunks received by StarStream: 16.905405405405993
[HELPING] Startup Delay: 160.76315789473685
[HELPING] Latency: 9.654409213191188
[HELPING] Min of perceived avg chunk delivery-time: 8.3
[HELPING] Max of perceived avg chunk delivery-time: 11.791666666666666
[HELPING] Variance of perceived avg chunk delivery-time: 0.6876969897509106
[HELPING] StD of perceived avg chunk delivery-time: 0.829274978370209
[HELPING] Avg messages sent per node: 6726.973684210527
[HELPING] Min messages sent per node: 4122.0
[HELPING] Max messages sent per node: 10360.0
[HELPING] Variance of messages sent per node: 2272820.620910381
[HELPING] StD of messages sent per node: 1507.5876826607403
[HELPING] Nodes with incomplete playbacks: 26
[HELPING] Packet Loss: 36.76315789473684
[HELPING] Min % of not played chunks: 0.0
[HELPING] Max % of not played chunks: 99.0
[HELPING] Not played chunks [chunk-id/nodes]: {1=17, 2=15, 3=13, 4=11, 5=14, 6=16, 7=13, 8=12, 9=16, 10=15, 11=16, 12=16, 13=15, 14=14, 15=13, 17=10, 16=15, 19=15, 18=9, 21=14, 20=10, 23=12, 22=12, 25=13, 24=14, 27=15, 26=14, 29=12, 28=18, 31=16, 30=14, 34=12, 35=16, 32=12, 33=15, 38=13, 39=14, 36=10, 37=16, 42=14, 43=13, 40=17, 41=17, 46=14, 47=17, 44=14, 45=13, 51=12, 50=13, 49=15, 48=12, 55=17, 54=12, 53=12, 52=16, 59=13, 58=17, 57=17, 56=13, 63=16, 62=17, 61=17, 60=14, 68=13, 69=18, 70=17, 71=12, 64=13, 65=15, 66=15, 67=15, 76=14, 77=16, 78=15, 79=14, 72=15, 73=10, 74=16, 75=12, 85=17, 84=15, 87=12, 86=13, 81=14, 80=15, 83=14, 82=14, 93=13, 92=11, 95=16, 94=13, 89=12, 88=11, 91=15, 90=15, 98=17, 99=12, 96=13, 97=16}
[HELPING] Avg distance between not played chunks: 2.309454896844885
[HELPING] Min distance between not played chunks: 1.0
[HELPING] Max distance between not played chunks: 15.166666666666666

