Total chunks: 100
Nodes x chunk: 7
Total nodes: 91
Active nodes: 48
Started playbacks: 48
Not started playbacks node-ids: []
Playbacks time-window: 255
Missing chunks distribution [missed-chunks/nodes]: {0=46, 3=1, 4=1}
Rejected chunks for ttl expiration [chunk-id/nodes]: 3 {1=2, 2=2, 3=1}
Rejected chunks for capacity limit [chunk-id/nodes]: 0 {}
bandwidthUtilUp: 0.01433115689759624
bandwidthUtilDown: 0.00876866358736579
Avg # of unsent chunk for max-retries: 0.0
Min # of unsent chunk for max-retries: 0.0
Max # of unsent chunk for max-retries: 0.0
Avg # of unsent chunk-reqs for max-retries: 0.0
Min # of unsent chunk-reqs for max-retries: 0.0
Max # of unsent chunk-reqs for max-retries: 0.0
Avg % of chunks received by Pastry: 8.979166666666666
Min % of chunks received by Pastry: 0.0
Max % of chunks received by Pastry: 18.0
StD of chunks received by Pastry: 4.00260331950761
Var of chunks received by Pastry: 16.02083333333334
Avg % of chunks received by StarStream: 90.0625
Min % of chunks received by StarStream: 81.0
Max % of chunks received by StarStream: 100.0
StD of chunks received by StarStream: 4.101926117367393
Var of chunks received by StarStream: 16.825797872340733
[NONMOJO] Startup Delay: 155.1875
[MOJO] Startup Delay: 91.1
[MOJO] Latency: 9.131800479016976
Min of perceived avg chunk delivery-time: 7.65
Max of perceived avg chunk delivery-time: 12.05
Variance of perceived avg chunk delivery-time: 0.6696202164585845
StD of perceived avg chunk delivery-time: 0.8183032545814446
Avg messages sent per node: 6740.958333333333
Min messages sent per node: 4098.0
Max messages sent per node: 9192.0
Variance of messages sent per node: 1727618.8067375952
StD of messages sent per node: 1314.389138245442
Nodes with incomplete playbacks: 43
[MOJO] Continuity Index: 49.729166666666664
[MOJO] Packet Loss: 50.270833333333336
Min % of not played chunks: 0.0
Max % of not played chunks: 99.0
Not played chunks [chunk-id/nodes]: {1=31, 2=26, 3=25, 4=20, 5=24, 6=18, 7=21, 8=24, 9=26, 10=28, 11=24, 12=27, 13=24, 14=24, 15=26, 17=30, 16=23, 19=30, 18=20, 21=19, 20=18, 23=23, 22=25, 25=22, 24=19, 27=21, 26=23, 29=16, 28=25, 31=22, 30=21, 34=18, 35=29, 32=24, 33=16, 38=23, 39=25, 36=22, 37=22, 42=25, 43=27, 40=27, 41=30, 46=27, 47=23, 44=25, 45=24, 51=26, 50=19, 49=26, 48=25, 55=21, 54=26, 53=21, 52=26, 59=18, 58=21, 57=26, 56=24, 63=27, 62=26, 61=27, 60=26, 68=28, 69=28, 70=28, 71=23, 64=26, 65=26, 66=23, 67=24, 76=27, 77=26, 78=26, 79=23, 72=27, 73=25, 74=27, 75=23, 85=28, 84=25, 87=30, 86=24, 81=25, 80=25, 83=23, 82=23, 93=29, 92=23, 95=34, 94=27, 89=27, 88=18, 91=22, 90=24, 98=27, 99=23, 96=23, 97=26}
Avg distance between not played chunks: 2.4229043368741667
Min distance between not played chunks: 1.0
Max distance between not played chunks: 13.6

HELPING PEERS LOG

[HELPING] Active nodes: 43
[HELPING] Started playbacks: 43
[HELPING] Not started playbacks node-ids: []
[HELPING] Playbacks time-window: 269
[HELPING] Missing chunks distribution [missed-chunks/nodes]: {0=37, 3=2, 4=3, 5=1}
[HELPING] Rejected chunks for ttl expiration [chunk-id/nodes]: 5 {0=1, 1=6, 2=6, 3=4, 4=1}
[HELPING] Rejected chunks for capacity limit [chunk-id/nodes]: 0 {}
[HELPING] bandwidthUtilUp: 0.014057712246997577
[HELPING] bandwidthUtilDown: 0.007803739743918314
[HELPING] Avg # of unsent chunk for max-retries: 0.0
[HELPING] Min # of unsent chunk for max-retries: 0.0
[HELPING] Max # of unsent chunk for max-retries: 0.0
[HELPING] Avg # of unsent chunk-reqs for max-retries: 0.0
[HELPING] Min # of unsent chunk-reqs for max-retries: 0.0
[HELPING] Max # of unsent chunk-reqs for max-retries: 0.0
[HELPING] Avg % of chunks received by Pastry: 7.651162790697675
[HELPING] Min % of chunks received by Pastry: 0.0
[HELPING] Max % of chunks received by Pastry: 23.0
[HELPING] StD of chunks received by Pastry: 5.042125973238973
[HELPING] Var of chunks received by Pastry: 25.423034330011067
[HELPING] Avg % of chunks received by StarStream: 91.46511627906976
[HELPING] Min % of chunks received by StarStream: 76.0
[HELPING] Max % of chunks received by StarStream: 100.0
[HELPING] StD of chunks received by StarStream: 5.2251627325276475
[HELPING] Var of chunks received by StarStream: 27.302325581395788
[HELPING] Startup Delay: 181.90697674418604
[HELPING] Latency: 9.64717576272511
[HELPING] Min of perceived avg chunk delivery-time: 8.34
[HELPING] Max of perceived avg chunk delivery-time: 11.824742268041238
[HELPING] Variance of perceived avg chunk delivery-time: 0.7078940099570601
[HELPING] StD of perceived avg chunk delivery-time: 0.841364374071698
[HELPING] Avg messages sent per node: 6647.0
[HELPING] Min messages sent per node: 4074.0
[HELPING] Max messages sent per node: 9338.0
[HELPING] Variance of messages sent per node: 2765825.571428571
[HELPING] StD of messages sent per node: 1663.0771393499974
[HELPING] Nodes with incomplete playbacks: 33
[HELPING] Packet Loss: 33.604651162790695
[HELPING] Min % of not played chunks: 0.0
[HELPING] Max % of not played chunks: 99.0
[HELPING] Not played chunks [chunk-id/nodes]: {1=24, 2=20, 3=19, 4=15, 5=12, 6=15, 7=14, 8=15, 9=16, 10=16, 11=12, 12=14, 13=15, 14=16, 15=14, 17=9, 16=14, 19=15, 18=12, 21=12, 20=14, 23=13, 22=14, 25=15, 24=9, 27=15, 26=13, 29=11, 28=17, 31=13, 30=14, 34=13, 35=19, 32=15, 33=11, 38=14, 39=12, 36=13, 37=13, 42=15, 43=16, 40=15, 41=14, 46=14, 47=17, 44=17, 45=14, 51=16, 50=13, 49=13, 48=15, 55=11, 54=16, 53=16, 52=14, 59=14, 58=12, 57=11, 56=16, 63=13, 62=13, 61=16, 60=16, 68=16, 69=14, 70=12, 71=15, 64=13, 65=12, 66=19, 67=11, 76=19, 77=15, 78=18, 79=16, 72=16, 73=15, 74=13, 75=16, 85=15, 84=17, 87=16, 86=14, 81=13, 80=15, 83=13, 82=15, 93=16, 92=15, 95=13, 94=18, 89=18, 88=17, 91=15, 90=16, 98=14, 99=14, 96=11, 97=16}
[HELPING] Avg distance between not played chunks: 4.09903092438863
[HELPING] Min distance between not played chunks: 1.0
[HELPING] Max distance between not played chunks: 27.0

