Total chunks: 100
Nodes x chunk: 25
Total nodes: 50
Active nodes: 50
Started playbacks: 50
Not started playbacks node-ids: []
Playbacks time-window: 337
Missing chunks distribution [missed-chunks/nodes]: {0=48, 2=1, 5=1}
Rejected chunks for ttl expiration [chunk-id/nodes]: 5 {0=1, 1=3, 3=1, 4=1, 5=1}
Rejected chunks for capacity limit [chunk-id/nodes]: 0 {}
Avg # of unsent chunk for max-retries: 0.0
Min # of unsent chunk for max-retries: 0.0
Max # of unsent chunk for max-retries: 0.0
Avg # of unsent chunk-reqs for max-retries: 0.0
Min # of unsent chunk-reqs for max-retries: 0.0
Max # of unsent chunk-reqs for max-retries: 0.0
Avg % of chunks received by Pastry: 2.34
Min % of chunks received by Pastry: 0.0
Max % of chunks received by Pastry: 9.0
StD of chunks received by Pastry: 2.4294956224681363
Var of chunks received by Pastry: 5.902448979591838
Avg % of chunks received by StarStream: 96.8
Min % of chunks received by StarStream: 90.0
Max % of chunks received by StarStream: 100.0
StD of chunks received by StarStream: 2.555506259999687
Var of chunks received by StarStream: 6.530612244897588
[MOJO] avg playback start:83.14
Perceived avg chunk delivery-time: 3.7862943383004364
Min of perceived avg chunk delivery-time: 2.98
Max of perceived avg chunk delivery-time: 5.111111111111111
Variance of perceived avg chunk delivery-time: 0.1908991051083981
StD of perceived avg chunk delivery-time: 0.43692002140940867
Avg messages sent per node: 6103.74
Min messages sent per node: 4376.0
Max messages sent per node: 7526.0
Variance of messages sent per node: 480390.4412244884
StD of messages sent per node: 693.102042432778
Nodes with incomplete playbacks: 28
Avg % of not played chunks: 39.96
Min % of not played chunks: 0.0
Max % of not played chunks: 99.0
Not played chunks [chunk-id/nodes]: {1=22, 2=23, 3=23, 4=22, 5=22, 6=21, 7=20, 8=20, 9=20, 10=19, 11=19, 12=19, 13=20, 14=22, 15=19, 17=20, 16=20, 19=20, 18=20, 21=19, 20=22, 23=23, 22=20, 25=20, 24=20, 27=21, 26=20, 29=20, 28=21, 31=18, 30=20, 34=20, 35=19, 32=18, 33=20, 38=21, 39=19, 36=20, 37=20, 42=21, 43=20, 40=19, 41=18, 46=21, 47=18, 44=21, 45=20, 51=20, 50=21, 49=22, 48=19, 55=18, 54=21, 53=23, 52=20, 59=19, 58=21, 57=20, 56=19, 63=21, 62=19, 61=19, 60=19, 68=22, 69=20, 70=22, 71=19, 64=18, 65=19, 66=22, 67=20, 76=18, 77=21, 78=22, 79=21, 72=21, 73=21, 74=18, 75=19, 85=21, 84=20, 87=22, 86=17, 81=20, 80=20, 83=19, 82=21, 93=20, 92=21, 95=23, 94=21, 89=18, 88=19, 91=20, 90=18, 98=22, 99=22, 96=19, 97=21}
Avg distance between not played chunks: 1.4583070573334458
Min distance between not played chunks: 1.0
Max distance between not played chunks: 2.7941176470588234

