Total chunks: 100
Nodes x chunk: 7
Total nodes: 50
Active nodes: 50
Started playbacks: 50
Not started playbacks node-ids: []
Playbacks time-window: 133
Missing chunks distribution [missed-chunks/nodes]: {0=49, 1=1}
Rejected chunks for ttl expiration [chunk-id/nodes]: 1 {1=1}
Rejected chunks for capacity limit [chunk-id/nodes]: 0 {}
bandwidthUtilUp: 0.013209711974765042
bandwidthUtilDown: 0.008181966485737985
Avg # of unsent chunk for max-retries: 0.0
Min # of unsent chunk for max-retries: 0.0
Max # of unsent chunk for max-retries: 0.0
Avg # of unsent chunk-reqs for max-retries: 0.0
Min # of unsent chunk-reqs for max-retries: 0.0
Max # of unsent chunk-reqs for max-retries: 0.0
Avg % of chunks received by Pastry: 8.38
Min % of chunks received by Pastry: 0.0
Max % of chunks received by Pastry: 18.0
StD of chunks received by Pastry: 4.548558865740008
Var of chunks received by Pastry: 20.689387755102025
Avg % of chunks received by StarStream: 90.76
Min % of chunks received by StarStream: 81.0
Max % of chunks received by StarStream: 100.0
StD of chunks received by StarStream: 4.787568937000188
Var of chunks received by StarStream: 22.920816326529106
[NONMOJO] Startup Delay: 83.76
[MOJO] Startup Delay: 61.2
[MOJO] Latency: 8.028902824159966
Min of perceived avg chunk delivery-time: 6.37
Max of perceived avg chunk delivery-time: 9.494949494949495
Variance of perceived avg chunk delivery-time: 0.5679585260538159
StD of perceived avg chunk delivery-time: 0.7536302316479985
Avg messages sent per node: 4919.32
Min messages sent per node: 1922.0
Max messages sent per node: 8481.0
Variance of messages sent per node: 2993184.099591839
StD of messages sent per node: 1730.0821077601604
Nodes with incomplete playbacks: 26
[MOJO] Continuity Index: 71.04
[MOJO] Packet Loss: 28.96
Min % of not played chunks: 0.0
Max % of not played chunks: 99.0
Not played chunks [chunk-id/nodes]: {1=20, 2=17, 3=14, 4=14, 5=13, 6=15, 7=12, 8=12, 9=15, 10=12, 11=17, 12=15, 13=11, 14=11, 15=15, 17=14, 16=14, 19=15, 18=17, 21=17, 20=15, 23=13, 22=16, 25=14, 24=14, 27=17, 26=17, 29=15, 28=14, 31=15, 30=12, 34=15, 35=14, 32=18, 33=13, 38=15, 39=14, 36=14, 37=15, 42=15, 43=15, 40=13, 41=11, 46=12, 47=15, 44=15, 45=15, 51=13, 50=16, 49=15, 48=15, 55=14, 54=13, 53=12, 52=17, 59=14, 58=16, 57=15, 56=11, 63=14, 62=16, 61=16, 60=15, 68=15, 69=15, 70=14, 71=12, 64=15, 65=17, 66=14, 67=12, 76=13, 77=14, 78=17, 79=13, 72=15, 73=14, 74=18, 75=13, 85=16, 84=15, 87=15, 86=14, 81=16, 80=16, 83=16, 82=17, 93=14, 92=17, 95=17, 94=16, 89=16, 88=14, 91=15, 90=14, 98=16, 99=13, 96=13, 97=14}
Avg distance between not played chunks: 2.5558336290406634
Min distance between not played chunks: 1.0
Max distance between not played chunks: 10.5

HELPING PEERS LOG

[HELPING] Active nodes: 0
[HELPING] Started playbacks: 0
[HELPING] Not started playbacks node-ids: []
[HELPING] Playbacks time-window: -9223372036854775807
[HELPING] Missing chunks distribution [missed-chunks/nodes]: {}
[HELPING] Rejected chunks for ttl expiration [chunk-id/nodes]: 0 {}
[HELPING] Rejected chunks for capacity limit [chunk-id/nodes]: 0 {}
[HELPING] bandwidthUtilUp: NaN
[HELPING] bandwidthUtilDown: NaN
[HELPING] Avg # of unsent chunk for max-retries: NaN
[HELPING] Min # of unsent chunk for max-retries: Infinity
[HELPING] Max # of unsent chunk for max-retries: -Infinity
[HELPING] Avg # of unsent chunk-reqs for max-retries: NaN
[HELPING] Min # of unsent chunk-reqs for max-retries: Infinity
[HELPING] Max # of unsent chunk-reqs for max-retries: -Infinity
[HELPING] Avg % of chunks received by Pastry: NaN
[HELPING] Min % of chunks received by Pastry: Infinity
[HELPING] Max % of chunks received by Pastry: -Infinity
[HELPING] StD of chunks received by Pastry: 0.0
[HELPING] Var of chunks received by Pastry: 0.0
[HELPING] Avg % of chunks received by StarStream: NaN
[HELPING] Min % of chunks received by StarStream: Infinity
[HELPING] Max % of chunks received by StarStream: -Infinity
[HELPING] StD of chunks received by StarStream: 0.0
[HELPING] Var of chunks received by StarStream: 0.0
[HELPING] Latency: NaN
[HELPING] Min of perceived avg chunk delivery-time: Infinity
[HELPING] Max of perceived avg chunk delivery-time: -Infinity
[HELPING] Variance of perceived avg chunk delivery-time: 0.0
[HELPING] StD of perceived avg chunk delivery-time: 0.0
[HELPING] Avg messages sent per node: NaN
[HELPING] Min messages sent per node: Infinity
[HELPING] Max messages sent per node: -Infinity
[HELPING] Variance of messages sent per node: 0.0
[HELPING] StD of messages sent per node: 0.0
[HELPING] Nodes with incomplete playbacks: 0
[HELPING] Packet Loss: NaN
[HELPING] Min % of not played chunks: Infinity
[HELPING] Max % of not played chunks: -Infinity
[HELPING] Not played chunks [chunk-id/nodes]: {}
[HELPING] Avg distance between not played chunks: NaN
[HELPING] Min distance between not played chunks: Infinity
[HELPING] Max distance between not played chunks: -Infinity

