Total chunks: 100
Nodes x chunk: 7
Total nodes: 50
Active nodes: 50
Started playbacks: 50
Not started playbacks node-ids: []
Playbacks time-window: 167
Missing chunks distribution [missed-chunks/nodes]: {0=49, 2=1}
Rejected chunks for ttl expiration [chunk-id/nodes]: 2 {1=1, 2=1}
Rejected chunks for capacity limit [chunk-id/nodes]: 0 {}
bandwidthUtilUp: 0.01368071287128717
bandwidthUtilDown: 0.008072506930693247
Avg # of unsent chunk for max-retries: 0.0
Min # of unsent chunk for max-retries: 0.0
Max # of unsent chunk for max-retries: 0.0
Avg # of unsent chunk-reqs for max-retries: 0.0
Min # of unsent chunk-reqs for max-retries: 0.0
Max # of unsent chunk-reqs for max-retries: 0.0
Avg % of chunks received by Pastry: 4.44
Min % of chunks received by Pastry: 0.0
Max % of chunks received by Pastry: 12.0
StD of chunks received by Pastry: 3.0716611207645164
Var of chunks received by Pastry: 9.435102040816325
Avg % of chunks received by StarStream: 94.7
Min % of chunks received by StarStream: 87.0
Max % of chunks received by StarStream: 100.0
StD of chunks received by StarStream: 3.271709283028191
Var of chunks received by StarStream: 10.704081632652839
[MOJO] Startup Delay: 79.24
[MOJO] Latency: 6.244034051858794
Min of perceived avg chunk delivery-time: 5.1
Max of perceived avg chunk delivery-time: 7.309278350515464
Variance of perceived avg chunk delivery-time: 0.28051770615179833
StD of perceived avg chunk delivery-time: 0.5296392226334813
Avg messages sent per node: 16649.3
Min messages sent per node: 13663.0
Max messages sent per node: 20772.0
Variance of messages sent per node: 2690789.5612245314
StD of messages sent per node: 1640.362631013195
Nodes with incomplete playbacks: 24
[MOJO] Packet Loss: 28.2
Min % of not played chunks: 0.0
Max % of not played chunks: 99.0
Not played chunks [chunk-id/nodes]: {1=17, 2=17, 3=13, 4=12, 5=16, 6=13, 7=12, 8=18, 9=15, 10=12, 11=13, 12=14, 13=16, 14=19, 15=14, 17=19, 16=15, 19=14, 18=14, 21=15, 20=14, 23=13, 22=15, 25=11, 24=14, 27=17, 26=14, 29=16, 28=12, 31=12, 30=12, 34=15, 35=13, 32=11, 33=13, 38=14, 39=15, 36=13, 37=14, 42=12, 43=13, 40=14, 41=18, 46=15, 47=15, 44=16, 45=12, 51=13, 50=10, 49=14, 48=13, 55=12, 54=13, 53=13, 52=12, 59=17, 58=14, 57=15, 56=15, 63=13, 62=14, 61=12, 60=13, 68=15, 69=13, 70=14, 71=12, 64=13, 65=13, 66=16, 67=15, 76=11, 77=16, 78=15, 79=12, 72=16, 73=14, 74=11, 75=15, 85=12, 84=18, 87=17, 86=16, 81=18, 80=16, 83=15, 82=15, 93=15, 92=16, 95=14, 94=13, 89=16, 88=15, 91=15, 90=12, 98=16, 99=15, 96=13, 97=18}
Avg distance between not played chunks: 3.1543885231493367
Min distance between not played chunks: 1.0
Max distance between not played chunks: 20.0

