Total chunks: 100
Nodes x chunk: 7
Total nodes: 50
Active nodes: 50
Started playbacks: 50
Not started playbacks node-ids: []
Playbacks time-window: 119
Missing chunks distribution [missed-chunks/nodes]: {0=50}
Rejected chunks for ttl expiration [chunk-id/nodes]: 1 {0=3}
Rejected chunks for capacity limit [chunk-id/nodes]: 0 {}
bandwidthUtilUp: 0.013865436303630406
bandwidthUtilDown: 0.008178604356435823
Avg # of unsent chunk for max-retries: 0.0
Min # of unsent chunk for max-retries: 0.0
Max # of unsent chunk for max-retries: 0.0
Avg # of unsent chunk-reqs for max-retries: 0.0
Min # of unsent chunk-reqs for max-retries: 0.0
Max # of unsent chunk-reqs for max-retries: 0.0
Avg % of chunks received by Pastry: 4.22
Min % of chunks received by Pastry: 0.0
Max % of chunks received by Pastry: 15.0
StD of chunks received by Pastry: 3.2719587842322047
Var of chunks received by Pastry: 10.705714285714288
Avg % of chunks received by StarStream: 94.88
Min % of chunks received by StarStream: 84.0
Max % of chunks received by StarStream: 100.0
StD of chunks received by StarStream: 3.408512752458898
Var of chunks received by StarStream: 11.61795918367493
[MOJO] Startup Delay: 75.74
[MOJO] Latency: 6.199531189445473
Min of perceived avg chunk delivery-time: 5.03
Max of perceived avg chunk delivery-time: 7.17
Variance of perceived avg chunk delivery-time: 0.22571084255496032
StD of perceived avg chunk delivery-time: 0.4750903519910295
Avg messages sent per node: 16871.94
Min messages sent per node: 13297.0
Max messages sent per node: 19436.0
Variance of messages sent per node: 1950864.6289796245
StD of messages sent per node: 1396.7335569032573
Nodes with incomplete playbacks: 26
[MOJO] Packet Loss: 28.36
Min % of not played chunks: 0.0
Max % of not played chunks: 99.0
Not played chunks [chunk-id/nodes]: {1=18, 2=17, 3=15, 4=14, 5=14, 6=12, 7=15, 8=18, 9=16, 10=18, 11=14, 12=18, 13=14, 14=12, 15=16, 17=13, 16=17, 19=13, 18=17, 21=17, 20=13, 23=17, 22=16, 25=15, 24=12, 27=13, 26=15, 29=12, 28=11, 31=15, 30=14, 34=16, 35=13, 32=13, 33=15, 38=17, 39=14, 36=13, 37=13, 42=11, 43=17, 40=15, 41=13, 46=13, 47=10, 44=13, 45=13, 51=17, 50=15, 49=16, 48=14, 55=13, 54=15, 53=14, 52=14, 59=13, 58=13, 57=15, 56=16, 63=11, 62=13, 61=14, 60=14, 68=14, 69=14, 70=12, 71=15, 64=15, 65=14, 66=13, 67=15, 76=14, 77=14, 78=11, 79=14, 72=13, 73=15, 74=17, 75=16, 85=15, 84=12, 87=13, 86=14, 81=16, 80=15, 83=11, 82=13, 93=18, 92=16, 95=13, 94=16, 89=13, 88=12, 91=17, 90=14, 98=15, 99=15, 96=14, 97=13}
Avg distance between not played chunks: 6.086555096133054
Min distance between not played chunks: 1.0
Max distance between not played chunks: 82.0

