Total chunks: 100
Nodes x chunk: 7
Total nodes: 90
Active nodes: 50
Started playbacks: 50
Not started playbacks node-ids: []
Playbacks time-window: 310
Missing chunks distribution [missed-chunks/nodes]: {0=48, 2=1, 5=1}
Rejected chunks for ttl expiration [chunk-id/nodes]: 5 {1=2, 2=2, 3=1, 4=1, 5=1}
Rejected chunks for capacity limit [chunk-id/nodes]: 0 {}
bandwidthUtilUp: 0.012978576470768373
bandwidthUtilDown: 0.006777907287052453
Avg # of unsent chunk for max-retries: 0.0
Min # of unsent chunk for max-retries: 0.0
Max # of unsent chunk for max-retries: 0.0
Avg # of unsent chunk-reqs for max-retries: 0.0
Min # of unsent chunk-reqs for max-retries: 0.0
Max # of unsent chunk-reqs for max-retries: 0.0
Avg % of chunks received by Pastry: 11.0
Min % of chunks received by Pastry: 0.0
Max % of chunks received by Pastry: 20.0
StD of chunks received by Pastry: 4.417035666782946
Var of chunks received by Pastry: 19.510204081632658
Avg % of chunks received by StarStream: 88.04
Min % of chunks received by StarStream: 80.0
Max % of chunks received by StarStream: 100.0
StD of chunks received by StarStream: 4.430690737138127
Var of chunks received by StarStream: 19.631020408161596
[NONMOJO] Startup Delay: 153.08
[MOJO] Startup Delay: 63.3
[MOJO] Latency: 18.775823302484522
Min of perceived avg chunk delivery-time: 8.62
Max of perceived avg chunk delivery-time: 138.0
Variance of perceived avg chunk delivery-time: 572.3662363253801
StD of perceived avg chunk delivery-time: 23.924176816044895
Avg messages sent per node: 6828.54
Min messages sent per node: 3613.0
Max messages sent per node: 11182.0
Variance of messages sent per node: 3429105.06979592
StD of messages sent per node: 1851.7842935385104
Nodes with incomplete playbacks: 45
[MOJO] Continuity Index: 53.56
[MOJO] Packet Loss: 46.44
Min % of not played chunks: 0.0
Max % of not played chunks: 99.0
Not played chunks [chunk-id/nodes]: {1=25, 2=25, 3=27, 4=24, 5=28, 6=26, 7=21, 8=23, 9=25, 10=27, 11=16, 12=22, 13=20, 14=22, 15=25, 17=20, 16=20, 19=24, 18=19, 21=19, 20=20, 23=20, 22=21, 25=22, 24=23, 27=27, 26=21, 29=17, 28=18, 31=24, 30=21, 34=23, 35=23, 32=25, 33=21, 38=29, 39=24, 36=20, 37=24, 42=20, 43=25, 40=23, 41=22, 46=20, 47=29, 44=17, 45=27, 51=22, 50=24, 49=29, 48=26, 55=23, 54=26, 53=23, 52=29, 59=16, 58=28, 57=22, 56=30, 63=25, 62=20, 61=28, 60=22, 68=19, 69=22, 70=23, 71=28, 64=21, 65=25, 66=24, 67=26, 76=29, 77=25, 78=32, 79=18, 72=22, 73=24, 74=26, 75=26, 85=23, 84=24, 87=27, 86=17, 81=26, 80=23, 83=23, 82=25, 93=19, 92=21, 95=21, 94=23, 89=20, 88=27, 91=23, 90=23, 98=28, 99=28, 96=24, 97=30}
Avg distance between not played chunks: 3.6964518254844956
Min distance between not played chunks: 1.0
Max distance between not played chunks: 32.0

HELPING PEERS LOG

[HELPING] Active nodes: 40
[HELPING] Started playbacks: 40
[HELPING] Not started playbacks node-ids: []
[HELPING] Playbacks time-window: 702
[HELPING] Missing chunks distribution [missed-chunks/nodes]: {0=37, 4=1, 97=1, 89=1}
[HELPING] Rejected chunks for ttl expiration [chunk-id/nodes]: 99 {1=2, 2=2, 3=3, 4=3, 5=1, 6=2, 7=2, 8=2, 9=2, 10=2, 11=2, 12=2, 13=2, 14=1, 15=2, 17=2, 16=2, 19=2, 18=1, 21=2, 20=2, 23=2, 22=2, 25=2, 24=2, 27=2, 26=2, 29=2, 28=2, 31=2, 30=1, 34=2, 35=2, 32=2, 33=1, 38=2, 39=2, 36=2, 37=2, 42=2, 43=2, 40=2, 41=2, 46=2, 47=2, 44=2, 45=1, 51=2, 50=2, 49=2, 48=2, 55=2, 54=2, 53=2, 52=2, 59=2, 58=1, 57=2, 56=2, 63=1, 62=2, 61=2, 60=2, 68=2, 69=2, 70=2, 71=2, 64=2, 65=2, 66=2, 67=2, 76=2, 77=2, 78=1, 79=2, 72=1, 73=2, 74=2, 75=1, 85=2, 84=2, 87=2, 86=2, 81=2, 80=2, 83=2, 82=2, 93=2, 92=2, 95=2, 94=2, 89=2, 88=2, 91=2, 90=2, 98=2, 99=2, 96=2, 97=2}
[HELPING] Rejected chunks for capacity limit [chunk-id/nodes]: 0 {}
[HELPING] bandwidthUtilUp: NaN
[HELPING] bandwidthUtilDown: NaN
[HELPING] Avg # of unsent chunk for max-retries: 0.0
[HELPING] Min # of unsent chunk for max-retries: 0.0
[HELPING] Max # of unsent chunk for max-retries: 0.0
[HELPING] Avg # of unsent chunk-reqs for max-retries: 0.0
[HELPING] Min # of unsent chunk-reqs for max-retries: 0.0
[HELPING] Max # of unsent chunk-reqs for max-retries: 0.0
[HELPING] Avg % of chunks received by Pastry: 10.0
[HELPING] Min % of chunks received by Pastry: 0.0
[HELPING] Max % of chunks received by Pastry: 50.0
[HELPING] StD of chunks received by Pastry: 8.073381396879945
[HELPING] Var of chunks received by Pastry: 65.17948717948718
[HELPING] Avg % of chunks received by StarStream: 89.2
[HELPING] Min % of chunks received by StarStream: 50.0
[HELPING] Max % of chunks received by StarStream: 100.0
[HELPING] StD of chunks received by StarStream: 8.140434058861132
[HELPING] Var of chunks received by StarStream: 66.26666666666632
[HELPING] Latency: 9.6970778217188
[HELPING] Min of perceived avg chunk delivery-time: 0.6666666666666666
[HELPING] Max of perceived avg chunk delivery-time: 12.16326530612245
[HELPING] Variance of perceived avg chunk delivery-time: 4.264321863509784
[HELPING] StD of perceived avg chunk delivery-time: 2.0650234535011425
[HELPING] Avg messages sent per node: 3196.575
[HELPING] Min messages sent per node: 0.0
[HELPING] Max messages sent per node: 6761.0
[HELPING] Variance of messages sent per node: 3116183.6352564124
[HELPING] StD of messages sent per node: 1765.2715471723925
[HELPING] Nodes with incomplete playbacks: 28
[HELPING] Packet Loss: 33.0
[HELPING] Min % of not played chunks: 0.0
[HELPING] Max % of not played chunks: 99.0
[HELPING] Not played chunks [chunk-id/nodes]: {1=18, 2=14, 3=18, 4=15, 5=11, 6=13, 7=12, 8=14, 9=14, 10=15, 11=9, 12=12, 13=13, 14=10, 15=14, 17=12, 16=14, 19=15, 18=14, 21=15, 20=10, 23=11, 22=14, 25=13, 24=13, 27=15, 26=14, 29=12, 28=11, 31=16, 30=11, 34=13, 35=12, 32=12, 33=12, 38=16, 39=13, 36=13, 37=11, 42=13, 43=12, 40=14, 41=14, 46=15, 47=18, 44=14, 45=12, 51=11, 50=10, 49=14, 48=15, 55=14, 54=9, 53=12, 52=17, 59=14, 58=13, 57=10, 56=15, 63=11, 62=14, 61=16, 60=15, 68=13, 69=13, 70=12, 71=15, 64=11, 65=16, 66=9, 67=14, 76=14, 77=13, 78=15, 79=15, 72=13, 73=15, 74=14, 75=14, 85=13, 84=14, 87=14, 86=12, 81=13, 80=13, 83=12, 82=15, 93=13, 92=17, 95=16, 94=13, 89=11, 88=13, 91=10, 90=12, 98=16, 99=13, 96=13, 97=15}
[HELPING] Avg distance between not played chunks: 3.073885388493013
[HELPING] Min distance between not played chunks: 1.0
[HELPING] Max distance between not played chunks: 13.571428571428571

