Total chunks: 100
Nodes x chunk: 7
Total nodes: 50
Active nodes: 50
Started playbacks: 50
Not started playbacks node-ids: []
Playbacks time-window: 312
Missing chunks distribution [missed-chunks/nodes]: {0=44, 1=2, 2=2, 4=1, 5=1}
Rejected chunks for ttl expiration [chunk-id/nodes]: 5 {1=5, 2=3, 3=2, 4=2, 5=1}
Rejected chunks for capacity limit [chunk-id/nodes]: 0 {}
bandwidthUtilUp: 0.013776126732673309
bandwidthUtilDown: 0.008123814653465525
Avg # of unsent chunk for max-retries: 0.0
Min # of unsent chunk for max-retries: 0.0
Max # of unsent chunk for max-retries: 0.0
Avg # of unsent chunk-reqs for max-retries: 0.0
Min # of unsent chunk-reqs for max-retries: 0.0
Max # of unsent chunk-reqs for max-retries: 0.0
Avg % of chunks received by Pastry: 4.08
Min % of chunks received by Pastry: 0.0
Max % of chunks received by Pastry: 12.0
StD of chunks received by Pastry: 3.3614865516218706
Var of chunks received by Pastry: 11.299591836734693
Avg % of chunks received by StarStream: 95.04
Min % of chunks received by StarStream: 87.0
Max % of chunks received by StarStream: 100.0
StD of chunks received by StarStream: 3.499037768604535
Var of chunks received by StarStream: 12.243265306121003
[MOJO] Startup Delay: 91.4
[MOJO] Latency: 6.265946216023237
Min of perceived avg chunk delivery-time: 5.326530612244898
Max of perceived avg chunk delivery-time: 7.22680412371134
Variance of perceived avg chunk delivery-time: 0.20614549034335297
StD of perceived avg chunk delivery-time: 0.45403247719007167
Avg messages sent per node: 16759.92
Min messages sent per node: 12480.0
Max messages sent per node: 21105.0
Variance of messages sent per node: 2349267.8710204605
StD of messages sent per node: 1532.7321589307312
Nodes with incomplete playbacks: 31
[MOJO] Packet Loss: 29.1
Min % of not played chunks: 0.0
Max % of not played chunks: 99.0
Not played chunks [chunk-id/nodes]: {1=20, 2=16, 3=14, 4=16, 5=15, 6=11, 7=15, 8=17, 9=16, 10=17, 11=14, 12=16, 13=13, 14=15, 15=15, 17=18, 16=15, 19=15, 18=15, 21=14, 20=17, 23=16, 22=17, 25=13, 24=15, 27=15, 26=16, 29=16, 28=14, 31=12, 30=14, 34=16, 35=14, 32=12, 33=14, 38=13, 39=13, 36=12, 37=13, 42=13, 43=15, 40=12, 41=13, 46=15, 47=12, 44=16, 45=16, 51=16, 50=18, 49=15, 48=13, 55=16, 54=15, 53=15, 52=14, 59=12, 58=15, 57=15, 56=11, 63=15, 62=15, 61=14, 60=14, 68=15, 69=19, 70=15, 71=15, 64=15, 65=16, 66=14, 67=12, 76=14, 77=13, 78=16, 79=13, 72=17, 73=15, 74=14, 75=15, 85=14, 84=13, 87=16, 86=16, 81=16, 80=15, 83=17, 82=14, 93=15, 92=15, 95=12, 94=14, 89=15, 88=12, 91=13, 90=15, 98=16, 99=16, 96=15, 97=14}
Avg distance between not played chunks: 3.5955910452206745
Min distance between not played chunks: 1.0
Max distance between not played chunks: 24.0

