Total chunks: 100
Nodes x chunk: 7
Total nodes: 50
Active nodes: 50
Started playbacks: 50
Not started playbacks node-ids: []
Playbacks time-window: 113
Missing chunks distribution [missed-chunks/nodes]: {0=50}
Rejected chunks for ttl expiration [chunk-id/nodes]: 0 {}
Rejected chunks for capacity limit [chunk-id/nodes]: 0 {}
bandwidthUtilUp: 0.0136456660066007
bandwidthUtilDown: 0.008050068910891266
Avg # of unsent chunk for max-retries: 0.0
Min # of unsent chunk for max-retries: 0.0
Max # of unsent chunk for max-retries: 0.0
Avg # of unsent chunk-reqs for max-retries: 0.0
Min # of unsent chunk-reqs for max-retries: 0.0
Max # of unsent chunk-reqs for max-retries: 0.0
Avg % of chunks received by Pastry: 4.18
Min % of chunks received by Pastry: 0.0
Max % of chunks received by Pastry: 10.0
StD of chunks received by Pastry: 2.78985040927331
Var of chunks received by Pastry: 7.783265306122454
Avg % of chunks received by StarStream: 94.92
Min % of chunks received by StarStream: 89.0
Max % of chunks received by StarStream: 100.0
StD of chunks received by StarStream: 2.940498361204456
Var of chunks received by StarStream: 8.646530612246092
[MOJO] Startup Delay: 77.72
[MOJO] Latency: 6.300787961245103
Min of perceived avg chunk delivery-time: 5.54
Max of perceived avg chunk delivery-time: 7.4646464646464645
Variance of perceived avg chunk delivery-time: 0.19997850326438094
StD of perceived avg chunk delivery-time: 0.44718956077303607
Avg messages sent per node: 16603.24
Min messages sent per node: 14039.0
Max messages sent per node: 20493.0
Variance of messages sent per node: 2429590.186122364
StD of messages sent per node: 1558.7142734068884
Nodes with incomplete playbacks: 27
[MOJO] Packet Loss: 28.2
Min % of not played chunks: 0.0
Max % of not played chunks: 99.0
Not played chunks [chunk-id/nodes]: {1=16, 2=14, 3=13, 4=13, 5=13, 6=13, 7=14, 8=14, 9=13, 10=14, 11=13, 12=14, 13=15, 14=17, 15=16, 17=14, 16=14, 19=13, 18=18, 21=13, 20=14, 23=17, 22=16, 25=13, 24=16, 27=15, 26=11, 29=13, 28=14, 31=14, 30=17, 34=15, 35=16, 32=15, 33=15, 38=13, 39=13, 36=18, 37=13, 42=14, 43=12, 40=17, 41=14, 46=16, 47=15, 44=13, 45=16, 51=18, 50=16, 49=12, 48=17, 55=13, 54=13, 53=10, 52=16, 59=14, 58=15, 57=16, 56=14, 63=16, 62=18, 61=11, 60=14, 68=13, 69=13, 70=12, 71=14, 64=14, 65=13, 66=13, 67=14, 76=13, 77=13, 78=16, 79=14, 72=14, 73=13, 74=13, 75=18, 85=11, 84=14, 87=17, 86=12, 81=15, 80=16, 83=18, 82=14, 93=14, 92=14, 95=13, 94=12, 89=15, 88=13, 91=14, 90=15, 98=11, 99=12, 96=13, 97=15}
Avg distance between not played chunks: 5.095087393900667
Min distance between not played chunks: 1.0
Max distance between not played chunks: 64.0

