Total chunks: 100
Nodes x chunk: 7
Total nodes: 50
Active nodes: 50
Started playbacks: 50
Not started playbacks node-ids: []
Playbacks time-window: 274
Missing chunks distribution [missed-chunks/nodes]: {0=49, 4=1}
Rejected chunks for ttl expiration [chunk-id/nodes]: 5 {0=1, 1=1, 2=1, 3=1, 4=1}
Rejected chunks for capacity limit [chunk-id/nodes]: 0 {}
bandwidthUtilUp: 0.01371776633663371
bandwidthUtilDown: 0.00809207762376255
Avg # of unsent chunk for max-retries: 0.0
Min # of unsent chunk for max-retries: 0.0
Max # of unsent chunk for max-retries: 0.0
Avg # of unsent chunk-reqs for max-retries: 0.0
Min # of unsent chunk-reqs for max-retries: 0.0
Max # of unsent chunk-reqs for max-retries: 0.0
Avg % of chunks received by Pastry: 4.44
Min % of chunks received by Pastry: 0.0
Max % of chunks received by Pastry: 12.0
StD of chunks received by Pastry: 3.239803470985893
Var of chunks received by Pastry: 10.496326530612242
Avg % of chunks received by StarStream: 94.72
Min % of chunks received by StarStream: 87.0
Max % of chunks received by StarStream: 100.0
StD of chunks received by StarStream: 3.4525353003263977
Var of chunks received by StarStream: 11.919999999999888
[MOJO] Startup Delay: 80.08
[MOJO] Latency: 6.275933370222092
Min of perceived avg chunk delivery-time: 5.326530612244898
Max of perceived avg chunk delivery-time: 7.27
Variance of perceived avg chunk delivery-time: 0.18008995264409722
StD of perceived avg chunk delivery-time: 0.4243700656786447
Avg messages sent per node: 16691.48
Min messages sent per node: 14011.0
Max messages sent per node: 19798.0
Variance of messages sent per node: 1891849.4791836764
StD of messages sent per node: 1375.4451930861064
Nodes with incomplete playbacks: 26
[MOJO] Packet Loss: 28.98
Min % of not played chunks: 0.0
Max % of not played chunks: 99.0
Not played chunks [chunk-id/nodes]: {1=16, 2=17, 3=17, 4=15, 5=16, 6=17, 7=15, 8=11, 9=15, 10=15, 11=13, 12=14, 13=16, 14=14, 15=14, 17=15, 16=12, 19=14, 18=15, 21=16, 20=11, 23=15, 22=15, 25=15, 24=14, 27=13, 26=14, 29=16, 28=15, 31=15, 30=12, 34=15, 35=19, 32=12, 33=15, 38=16, 39=15, 36=17, 37=14, 42=16, 43=15, 40=17, 41=14, 46=13, 47=12, 44=16, 45=12, 51=18, 50=14, 49=14, 48=14, 55=16, 54=16, 53=12, 52=16, 59=15, 58=16, 57=17, 56=14, 63=15, 62=13, 61=13, 60=12, 68=14, 69=15, 70=15, 71=14, 64=13, 65=12, 66=14, 67=16, 76=12, 77=15, 78=18, 79=17, 72=14, 73=16, 74=13, 75=13, 85=14, 84=14, 87=15, 86=14, 81=14, 80=14, 83=17, 82=16, 93=14, 92=12, 95=16, 94=12, 89=15, 88=15, 91=15, 90=16, 98=13, 99=16, 96=14, 97=17}
Avg distance between not played chunks: 2.495408176808647
Min distance between not played chunks: 1.0
Max distance between not played chunks: 8.4

