Total chunks: 100
Nodes x chunk: 7
Total nodes: 50
Active nodes: 50
Started playbacks: 50
Not started playbacks node-ids: []
Playbacks time-window: 171
Missing chunks distribution [missed-chunks/nodes]: {0=47, 1=1, 2=1, 3=1}
Rejected chunks for ttl expiration [chunk-id/nodes]: 2 {0=5, 2=1}
Rejected chunks for capacity limit [chunk-id/nodes]: 0 {}
bandwidthUtilUp: 0.011910189046075501
bandwidthUtilDown: 0.007166923250848215
Avg # of unsent chunk for max-retries: 0.0
Min # of unsent chunk for max-retries: 0.0
Max # of unsent chunk for max-retries: 0.0
Avg # of unsent chunk-reqs for max-retries: 0.0
Min # of unsent chunk-reqs for max-retries: 0.0
Max # of unsent chunk-reqs for max-retries: 0.0
Avg % of chunks received by Pastry: 9.7
Min % of chunks received by Pastry: 0.0
Max % of chunks received by Pastry: 20.0
StD of chunks received by Pastry: 5.273151092940502
Var of chunks received by Pastry: 27.806122448979607
Avg % of chunks received by StarStream: 89.4
Min % of chunks received by StarStream: 80.0
Max % of chunks received by StarStream: 100.0
StD of chunks received by StarStream: 5.375682206350481
Var of chunks received by StarStream: 28.897959183673173
[NONMOJO] Startup Delay: 85.64
[MOJO] Startup Delay: 52.6
[MOJO] Latency: 8.54806646902435
Min of perceived avg chunk delivery-time: 7.37
Max of perceived avg chunk delivery-time: 11.704081632653061
Variance of perceived avg chunk delivery-time: 0.7996968118279032
StD of perceived avg chunk delivery-time: 0.8942576875978776
Avg messages sent per node: 3539.46
Min messages sent per node: 1902.0
Max messages sent per node: 6418.0
Variance of messages sent per node: 1578037.0697959175
StD of messages sent per node: 1256.1994546233163
Nodes with incomplete playbacks: 31
[MOJO] Continuity Index: 74.82
[MOJO] Packet Loss: 25.18
Min % of not played chunks: 0.0
Max % of not played chunks: 99.0
Not played chunks [chunk-id/nodes]: {1=18, 2=13, 3=11, 4=14, 5=12, 6=12, 7=17, 8=15, 9=12, 10=14, 11=13, 12=13, 13=16, 14=16, 15=11, 17=12, 16=16, 19=12, 18=12, 21=10, 20=13, 23=10, 22=13, 25=9, 24=11, 27=12, 26=16, 29=8, 28=11, 31=12, 30=13, 34=11, 35=10, 32=13, 33=12, 38=10, 39=9, 36=12, 37=12, 42=13, 43=10, 40=15, 41=17, 46=10, 47=12, 44=14, 45=14, 51=11, 50=12, 49=14, 48=15, 55=11, 54=18, 53=12, 52=11, 59=14, 58=13, 57=12, 56=12, 63=13, 62=13, 61=14, 60=14, 68=15, 69=14, 70=11, 71=12, 64=14, 65=13, 66=15, 67=10, 76=11, 77=12, 78=12, 79=14, 72=14, 73=13, 74=15, 75=12, 85=12, 84=13, 87=12, 86=12, 81=16, 80=12, 83=15, 82=10, 93=13, 92=11, 95=19, 94=12, 89=11, 88=13, 91=12, 90=13, 98=11, 99=11, 96=14, 97=10}
Avg distance between not played chunks: 8.153453722084732
Min distance between not played chunks: 1.0
Max distance between not played chunks: 44.0

HELPING PEERS LOG

[HELPING] Active nodes: 0
[HELPING] Started playbacks: 0
[HELPING] Not started playbacks node-ids: []
[HELPING] Playbacks time-window: -9223372036854775807
[HELPING] Missing chunks distribution [missed-chunks/nodes]: {}
[HELPING] Rejected chunks for ttl expiration [chunk-id/nodes]: 0 {}
[HELPING] Rejected chunks for capacity limit [chunk-id/nodes]: 0 {}
[HELPING] bandwidthUtilUp: NaN
[HELPING] bandwidthUtilDown: NaN
[HELPING] Avg # of unsent chunk for max-retries: NaN
[HELPING] Min # of unsent chunk for max-retries: Infinity
[HELPING] Max # of unsent chunk for max-retries: -Infinity
[HELPING] Avg # of unsent chunk-reqs for max-retries: NaN
[HELPING] Min # of unsent chunk-reqs for max-retries: Infinity
[HELPING] Max # of unsent chunk-reqs for max-retries: -Infinity
[HELPING] Avg % of chunks received by Pastry: NaN
[HELPING] Min % of chunks received by Pastry: Infinity
[HELPING] Max % of chunks received by Pastry: -Infinity
[HELPING] StD of chunks received by Pastry: 0.0
[HELPING] Var of chunks received by Pastry: 0.0
[HELPING] Avg % of chunks received by StarStream: NaN
[HELPING] Min % of chunks received by StarStream: Infinity
[HELPING] Max % of chunks received by StarStream: -Infinity
[HELPING] StD of chunks received by StarStream: 0.0
[HELPING] Var of chunks received by StarStream: 0.0
[HELPING] Latency: NaN
[HELPING] Min of perceived avg chunk delivery-time: Infinity
[HELPING] Max of perceived avg chunk delivery-time: -Infinity
[HELPING] Variance of perceived avg chunk delivery-time: 0.0
[HELPING] StD of perceived avg chunk delivery-time: 0.0
[HELPING] Avg messages sent per node: NaN
[HELPING] Min messages sent per node: Infinity
[HELPING] Max messages sent per node: -Infinity
[HELPING] Variance of messages sent per node: 0.0
[HELPING] StD of messages sent per node: 0.0
[HELPING] Nodes with incomplete playbacks: 0
[HELPING] Packet Loss: NaN
[HELPING] Min % of not played chunks: Infinity
[HELPING] Max % of not played chunks: -Infinity
[HELPING] Not played chunks [chunk-id/nodes]: {}
[HELPING] Avg distance between not played chunks: NaN
[HELPING] Min distance between not played chunks: Infinity
[HELPING] Max distance between not played chunks: -Infinity

