Total chunks: 100
Nodes x chunk: 7
Total nodes: 80
Active nodes: 50
Started playbacks: 50
Not started playbacks node-ids: []
Playbacks time-window: 112
Missing chunks distribution [missed-chunks/nodes]: {0=49, 1=1}
Rejected chunks for ttl expiration [chunk-id/nodes]: 1 {1=1}
Rejected chunks for capacity limit [chunk-id/nodes]: 0 {}
bandwidthUtilUp: 0.013611037085675287
bandwidthUtilDown: 0.007027620414537163
Avg # of unsent chunk for max-retries: 0.0
Min # of unsent chunk for max-retries: 0.0
Max # of unsent chunk for max-retries: 0.0
Avg # of unsent chunk-reqs for max-retries: 0.0
Min # of unsent chunk-reqs for max-retries: 0.0
Max # of unsent chunk-reqs for max-retries: 0.0
Avg % of chunks received by Pastry: 9.72
Min % of chunks received by Pastry: 0.0
Max % of chunks received by Pastry: 20.0
StD of chunks received by Pastry: 4.155350620045221
Var of chunks received by Pastry: 17.2669387755102
Avg % of chunks received by StarStream: 89.38
Min % of chunks received by StarStream: 80.0
Max % of chunks received by StarStream: 100.0
StD of chunks received by StarStream: 4.251722340080937
Var of chunks received by StarStream: 18.077142857143315
[NONMOJO] Startup Delay: 126.34
[MOJO] Startup Delay: 86.2
[MOJO] Latency: 21.941432144575007
Min of perceived avg chunk delivery-time: 7.98
Max of perceived avg chunk delivery-time: 329.0
Variance of perceived avg chunk delivery-time: 2129.9404452053654
StD of perceived avg chunk delivery-time: 46.15127782852134
Avg messages sent per node: 7733.08
Min messages sent per node: 4424.0
Max messages sent per node: 11940.0
Variance of messages sent per node: 3373420.0342857186
StD of messages sent per node: 1836.6872445481072
Nodes with incomplete playbacks: 45
[MOJO] Continuity Index: 48.36
[MOJO] Packet Loss: 51.64
Min % of not played chunks: 0.0
Max % of not played chunks: 99.0
Not played chunks [chunk-id/nodes]: {1=27, 2=30, 3=31, 4=24, 5=26, 6=22, 7=21, 8=26, 9=29, 10=29, 11=24, 12=33, 13=26, 14=26, 15=20, 17=26, 16=28, 19=23, 18=22, 21=31, 20=26, 23=26, 22=30, 25=30, 24=22, 27=29, 26=20, 29=28, 28=30, 31=32, 30=32, 34=25, 35=22, 32=32, 33=19, 38=25, 39=27, 36=27, 37=24, 42=25, 43=21, 40=27, 41=26, 46=25, 47=33, 44=28, 45=23, 51=25, 50=32, 49=22, 48=22, 55=21, 54=26, 53=28, 52=25, 59=25, 58=26, 57=29, 56=30, 63=25, 62=25, 61=21, 60=28, 68=30, 69=21, 70=23, 71=27, 64=25, 65=27, 66=26, 67=26, 76=26, 77=24, 78=20, 79=28, 72=30, 73=30, 74=27, 75=27, 85=24, 84=24, 87=26, 86=31, 81=28, 80=24, 83=27, 82=20, 93=25, 92=27, 95=24, 94=26, 89=25, 88=29, 91=22, 90=24, 98=28, 99=27, 96=27, 97=29}
Avg distance between not played chunks: 2.292519230350493
Min distance between not played chunks: 1.0
Max distance between not played chunks: 11.4

HELPING PEERS LOG

[HELPING] Active nodes: 30
[HELPING] Started playbacks: 29
[HELPING] Not started playbacks node-ids: [300572989405827214757423449572972392459 (e22040881f66da73ce3fc0de18c3700b)]
[HELPING] Playbacks time-window: 339
[HELPING] Missing chunks distribution [missed-chunks/nodes]: {0=28, 3=1, 90=1}
[HELPING] Rejected chunks for ttl expiration [chunk-id/nodes]: 89 {1=2, 2=2, 3=2, 5=1, 6=1, 7=1, 8=1, 9=1, 10=1, 12=1, 13=1, 15=1, 17=1, 16=1, 19=1, 18=1, 21=1, 20=1, 23=1, 22=1, 25=1, 24=1, 27=1, 26=1, 29=1, 28=1, 31=1, 30=1, 35=1, 32=1, 33=1, 38=1, 36=1, 42=1, 43=1, 40=1, 41=1, 46=1, 47=1, 44=1, 45=1, 51=1, 50=1, 49=1, 48=1, 55=1, 54=1, 53=1, 52=1, 59=1, 57=1, 56=1, 63=1, 62=1, 61=1, 60=1, 68=1, 69=1, 70=1, 71=1, 65=1, 66=1, 67=1, 76=1, 77=1, 78=1, 79=1, 72=1, 73=1, 74=1, 75=1, 85=1, 87=1, 86=1, 81=1, 80=1, 83=1, 82=1, 93=1, 92=1, 95=1, 94=1, 88=1, 91=1, 90=1, 98=1, 99=1, 96=1, 97=1}
[HELPING] Rejected chunks for capacity limit [chunk-id/nodes]: 0 {}
[HELPING] bandwidthUtilUp: NaN
[HELPING] bandwidthUtilDown: NaN
[HELPING] Avg # of unsent chunk for max-retries: 0.0
[HELPING] Min # of unsent chunk for max-retries: 0.0
[HELPING] Max # of unsent chunk for max-retries: 0.0
[HELPING] Avg # of unsent chunk-reqs for max-retries: 0.0
[HELPING] Min # of unsent chunk-reqs for max-retries: 0.0
[HELPING] Max # of unsent chunk-reqs for max-retries: 0.0
[HELPING] Avg % of chunks received by Pastry: 6.866666666666666
[HELPING] Min % of chunks received by Pastry: 0.0
[HELPING] Max % of chunks received by Pastry: 14.0
[HELPING] StD of chunks received by Pastry: 4.216006717698415
[HELPING] Var of chunks received by Pastry: 17.77471264367816
[HELPING] Avg % of chunks received by StarStream: 88.96666666666667
[HELPING] Min % of chunks received by StarStream: 0.0
[HELPING] Max % of chunks received by StarStream: 100.0
[HELPING] StD of chunks received by StarStream: 17.33539996521636
[HELPING] Var of chunks received by StarStream: 300.5160919540234
[HELPING] Latency: NaN
[HELPING] Min of perceived avg chunk delivery-time: 0.0
[HELPING] Max of perceived avg chunk delivery-time: 10.583333333333334
[HELPING] Variance of perceived avg chunk delivery-time: 0.0
[HELPING] StD of perceived avg chunk delivery-time: 0.0
[HELPING] Avg messages sent per node: 3124.366666666667
[HELPING] Min messages sent per node: 0.0
[HELPING] Max messages sent per node: 6816.0
[HELPING] Variance of messages sent per node: 2898521.9643678144
[HELPING] StD of messages sent per node: 1702.5046150797402
[HELPING] Nodes with incomplete playbacks: 21
[HELPING] Packet Loss: 35.63333333333333
[HELPING] Min % of not played chunks: 0.0
[HELPING] Max % of not played chunks: 99.0
[HELPING] Not played chunks [chunk-id/nodes]: {1=16, 2=8, 3=15, 4=10, 5=12, 6=10, 7=11, 8=8, 9=12, 10=10, 11=10, 12=10, 13=8, 14=5, 15=9, 17=13, 16=11, 19=11, 18=10, 21=13, 20=10, 23=11, 22=11, 25=10, 24=12, 27=10, 26=9, 29=10, 28=11, 31=12, 30=10, 34=10, 35=12, 32=15, 33=11, 38=12, 39=9, 36=10, 37=11, 42=11, 43=13, 40=12, 41=11, 46=11, 47=13, 44=13, 45=12, 51=8, 50=13, 49=8, 48=11, 55=10, 54=9, 53=9, 52=9, 59=7, 58=11, 57=11, 56=12, 63=10, 62=9, 61=8, 60=12, 68=13, 69=12, 70=14, 71=13, 64=9, 65=12, 66=14, 67=11, 76=10, 77=13, 78=10, 79=10, 72=12, 73=11, 74=10, 75=13, 85=13, 84=8, 87=13, 86=11, 81=10, 80=11, 83=10, 82=9, 93=14, 92=9, 95=10, 94=11, 89=9, 88=11, 91=11, 90=10, 98=11, 99=12, 96=9, 97=9}
[HELPING] Avg distance between not played chunks: 2.9509336395617543
[HELPING] Min distance between not played chunks: 1.0
[HELPING] Max distance between not played chunks: 11.0

