Total chunks: 100
Nodes x chunk: 7
Total nodes: 50
Active nodes: 50
Started playbacks: 50
Not started playbacks node-ids: []
Playbacks time-window: 236
Missing chunks distribution [missed-chunks/nodes]: {0=47, 2=1, 3=2}
Rejected chunks for ttl expiration [chunk-id/nodes]: 4 {0=3, 1=2, 2=1, 3=1}
Rejected chunks for capacity limit [chunk-id/nodes]: 0 {}
bandwidthUtilUp: 0.014310047814809056
bandwidthUtilDown: 0.008240244917133027
Avg # of unsent chunk for max-retries: 0.0
Min # of unsent chunk for max-retries: 0.0
Max # of unsent chunk for max-retries: 0.0
Avg # of unsent chunk-reqs for max-retries: 0.0
Min # of unsent chunk-reqs for max-retries: 0.0
Max # of unsent chunk-reqs for max-retries: 0.0
Avg % of chunks received by Pastry: 7.22
Min % of chunks received by Pastry: 0.0
Max % of chunks received by Pastry: 18.0
StD of chunks received by Pastry: 4.301352421397395
Var of chunks received by Pastry: 18.501632653061233
Avg % of chunks received by StarStream: 91.84
Min % of chunks received by StarStream: 81.0
Max % of chunks received by StarStream: 100.0
StD of chunks received by StarStream: 4.39089968001994
Var of chunks received by StarStream: 19.27999999999921
[NONMOJO] Startup Delay: 83.32
[MOJO] Startup Delay: 58.2
[MOJO] Latency: 7.5701209996025876
Min of perceived avg chunk delivery-time: 6.01
Max of perceived avg chunk delivery-time: 11.68041237113402
Variance of perceived avg chunk delivery-time: 0.893336366438117
StD of perceived avg chunk delivery-time: 0.9451647297895309
Avg messages sent per node: 6785.54
Min messages sent per node: 4032.0
Max messages sent per node: 9990.0
Variance of messages sent per node: 2088156.702448975
StD of messages sent per node: 1445.0455710630633
Nodes with incomplete playbacks: 29
[MOJO] Continuity Index: 72.92
[MOJO] Packet Loss: 27.08
Min % of not played chunks: 0.0
Max % of not played chunks: 99.0
Not played chunks [chunk-id/nodes]: {1=15, 2=18, 3=9, 4=13, 5=14, 6=14, 7=15, 8=14, 9=12, 10=17, 11=12, 12=10, 13=12, 14=13, 15=16, 17=10, 16=11, 19=13, 18=12, 21=13, 20=16, 23=17, 22=14, 25=14, 24=15, 27=13, 26=13, 29=12, 28=12, 31=15, 30=14, 34=16, 35=16, 32=16, 33=13, 38=15, 39=13, 36=9, 37=15, 42=13, 43=13, 40=14, 41=14, 46=14, 47=15, 44=17, 45=19, 51=16, 50=13, 49=12, 48=12, 55=15, 54=12, 53=14, 52=12, 59=14, 58=15, 57=9, 56=13, 63=13, 62=12, 61=13, 60=14, 68=15, 69=12, 70=11, 71=14, 64=13, 65=14, 66=14, 67=15, 76=16, 77=14, 78=14, 79=15, 72=14, 73=14, 74=12, 75=12, 85=16, 84=14, 87=17, 86=14, 81=12, 80=19, 83=14, 82=12, 93=14, 92=16, 95=12, 94=13, 89=12, 88=13, 91=12, 90=12, 98=16, 99=15, 96=13, 97=10}
Avg distance between not played chunks: 3.2408062646222926
Min distance between not played chunks: 1.0
Max distance between not played chunks: 16.666666666666668

HELPING PEERS LOG

[HELPING] Active nodes: 0
[HELPING] Started playbacks: 0
[HELPING] Not started playbacks node-ids: []
[HELPING] Playbacks time-window: -9223372036854775807
[HELPING] Missing chunks distribution [missed-chunks/nodes]: {}
[HELPING] Rejected chunks for ttl expiration [chunk-id/nodes]: 0 {}
[HELPING] Rejected chunks for capacity limit [chunk-id/nodes]: 0 {}
[HELPING] bandwidthUtilUp: NaN
[HELPING] bandwidthUtilDown: NaN
[HELPING] Avg # of unsent chunk for max-retries: NaN
[HELPING] Min # of unsent chunk for max-retries: Infinity
[HELPING] Max # of unsent chunk for max-retries: -Infinity
[HELPING] Avg # of unsent chunk-reqs for max-retries: NaN
[HELPING] Min # of unsent chunk-reqs for max-retries: Infinity
[HELPING] Max # of unsent chunk-reqs for max-retries: -Infinity
[HELPING] Avg % of chunks received by Pastry: NaN
[HELPING] Min % of chunks received by Pastry: Infinity
[HELPING] Max % of chunks received by Pastry: -Infinity
[HELPING] StD of chunks received by Pastry: 0.0
[HELPING] Var of chunks received by Pastry: 0.0
[HELPING] Avg % of chunks received by StarStream: NaN
[HELPING] Min % of chunks received by StarStream: Infinity
[HELPING] Max % of chunks received by StarStream: -Infinity
[HELPING] StD of chunks received by StarStream: 0.0
[HELPING] Var of chunks received by StarStream: 0.0
[HELPING] Latency: NaN
[HELPING] Min of perceived avg chunk delivery-time: Infinity
[HELPING] Max of perceived avg chunk delivery-time: -Infinity
[HELPING] Variance of perceived avg chunk delivery-time: 0.0
[HELPING] StD of perceived avg chunk delivery-time: 0.0
[HELPING] Avg messages sent per node: NaN
[HELPING] Min messages sent per node: Infinity
[HELPING] Max messages sent per node: -Infinity
[HELPING] Variance of messages sent per node: 0.0
[HELPING] StD of messages sent per node: 0.0
[HELPING] Nodes with incomplete playbacks: 0
[HELPING] Packet Loss: NaN
[HELPING] Min % of not played chunks: Infinity
[HELPING] Max % of not played chunks: -Infinity
[HELPING] Not played chunks [chunk-id/nodes]: {}
[HELPING] Avg distance between not played chunks: NaN
[HELPING] Min distance between not played chunks: Infinity
[HELPING] Max distance between not played chunks: -Infinity

