Total chunks: 100
Nodes x chunk: 7
Total nodes: 55
Active nodes: 50
Started playbacks: 50
Not started playbacks node-ids: []
Playbacks time-window: 256
Missing chunks distribution [missed-chunks/nodes]: {0=45, 1=1, 3=3, 5=1}
Rejected chunks for ttl expiration [chunk-id/nodes]: 5 {0=4, 1=5, 2=4, 3=1, 4=1}
Rejected chunks for capacity limit [chunk-id/nodes]: 0 {}
bandwidthUtilUp: 0.01387438001617898
bandwidthUtilDown: 0.008025571114183016
Avg # of unsent chunk for max-retries: 0.0
Min # of unsent chunk for max-retries: 0.0
Max # of unsent chunk for max-retries: 0.0
Avg # of unsent chunk-reqs for max-retries: 0.0
Min # of unsent chunk-reqs for max-retries: 0.0
Max # of unsent chunk-reqs for max-retries: 0.0
Avg % of chunks received by Pastry: 6.84
Min % of chunks received by Pastry: 0.0
Max % of chunks received by Pastry: 15.0
StD of chunks received by Pastry: 4.409451814695616
Var of chunks received by Pastry: 19.44326530612246
Avg % of chunks received by StarStream: 92.28
Min % of chunks received by StarStream: 84.0
Max % of chunks received by StarStream: 100.0
StD of chunks received by StarStream: 4.598313799200452
Var of chunks received by StarStream: 21.14448979591729
[NONMOJO] Startup Delay: 102.68
[MOJO] Startup Delay: 68.1
[MOJO] Latency: 7.7277270230067066
Min of perceived avg chunk delivery-time: 6.34
Max of perceived avg chunk delivery-time: 9.42
Variance of perceived avg chunk delivery-time: 0.5290141027806928
StD of perceived avg chunk delivery-time: 0.7273335567541848
Avg messages sent per node: 6536.88
Min messages sent per node: 3944.0
Max messages sent per node: 9235.0
Variance of messages sent per node: 2014205.6179591815
StD of messages sent per node: 1419.2271199350657
Nodes with incomplete playbacks: 36
[MOJO] Continuity Index: 65.46
[MOJO] Packet Loss: 34.54
Min % of not played chunks: 0.0
Max % of not played chunks: 99.0
Not played chunks [chunk-id/nodes]: {1=26, 2=19, 3=19, 4=15, 5=16, 6=18, 7=13, 8=19, 9=19, 10=17, 11=23, 12=17, 13=17, 14=18, 15=17, 17=17, 16=17, 19=14, 18=16, 21=16, 20=17, 23=17, 22=19, 25=19, 24=15, 27=18, 26=17, 29=15, 28=15, 31=18, 30=16, 34=18, 35=19, 32=15, 33=19, 38=13, 39=16, 36=21, 37=15, 42=17, 43=17, 40=14, 41=18, 46=13, 47=18, 44=19, 45=18, 51=20, 50=19, 49=17, 48=16, 55=14, 54=23, 53=19, 52=18, 59=13, 58=18, 57=19, 56=18, 63=17, 62=16, 61=20, 60=18, 68=16, 69=17, 70=21, 71=15, 64=17, 65=19, 66=14, 67=22, 76=18, 77=16, 78=19, 79=20, 72=20, 73=15, 74=17, 75=18, 85=15, 84=19, 87=16, 86=18, 81=16, 80=17, 83=17, 82=19, 93=20, 92=17, 95=16, 94=18, 89=19, 88=16, 91=18, 90=18, 98=19, 99=18, 96=17, 97=16}
Avg distance between not played chunks: 2.9134338357055505
Min distance between not played chunks: 1.0
Max distance between not played chunks: 19.0

HELPING PEERS LOG

[HELPING] Active nodes: 5
[HELPING] Started playbacks: 5
[HELPING] Not started playbacks node-ids: []
[HELPING] Playbacks time-window: 180
[HELPING] Missing chunks distribution [missed-chunks/nodes]: {0=4, 3=1}
[HELPING] Rejected chunks for ttl expiration [chunk-id/nodes]: 2 {1=1, 2=1}
[HELPING] Rejected chunks for capacity limit [chunk-id/nodes]: 0 {}
[HELPING] bandwidthUtilUp: 0.013876671295503356
[HELPING] bandwidthUtilDown: 0.007947118692798596
[HELPING] Avg # of unsent chunk for max-retries: 0.0
[HELPING] Min # of unsent chunk for max-retries: 0.0
[HELPING] Max # of unsent chunk for max-retries: 0.0
[HELPING] Avg # of unsent chunk-reqs for max-retries: 0.0
[HELPING] Min # of unsent chunk-reqs for max-retries: 0.0
[HELPING] Max # of unsent chunk-reqs for max-retries: 0.0
[HELPING] Avg % of chunks received by Pastry: 8.6
[HELPING] Min % of chunks received by Pastry: 3.0
[HELPING] Max % of chunks received by Pastry: 18.0
[HELPING] StD of chunks received by Pastry: 5.85662018573853
[HELPING] Var of chunks received by Pastry: 34.30000000000001
[HELPING] Avg % of chunks received by StarStream: 90.4
[HELPING] Min % of chunks received by StarStream: 81.0
[HELPING] Max % of chunks received by StarStream: 96.0
[HELPING] StD of chunks received by StarStream: 5.856620185738486
[HELPING] Var of chunks received by StarStream: 34.2999999999995
[HELPING] Startup Delay: 108.4
[HELPING] Latency: 7.556185567010308
[HELPING] Min of perceived avg chunk delivery-time: 6.81
[HELPING] Max of perceived avg chunk delivery-time: 8.1
[HELPING] Variance of perceived avg chunk delivery-time: 0.298750069082816
[HELPING] StD of perceived avg chunk delivery-time: 0.5465803409223716
[HELPING] Avg messages sent per node: 6140.8
[HELPING] Min messages sent per node: 4396.0
[HELPING] Max messages sent per node: 7766.0
[HELPING] Variance of messages sent per node: 2077092.6999999955
[HELPING] StD of messages sent per node: 1441.212232809587
[HELPING] Nodes with incomplete playbacks: 3
[HELPING] Packet Loss: 20.6
[HELPING] Min % of not played chunks: 0.0
[HELPING] Max % of not played chunks: 99.0
[HELPING] Not played chunks [chunk-id/nodes]: {1=2, 2=2, 3=1, 4=1, 5=1, 6=1, 7=1, 8=1, 9=1, 10=1, 11=1, 12=1, 13=1, 14=1, 15=1, 17=1, 16=1, 19=1, 18=1, 21=1, 20=1, 23=1, 22=1, 25=1, 24=1, 27=1, 26=1, 29=1, 28=1, 31=1, 30=1, 34=1, 35=1, 32=1, 33=1, 38=1, 39=1, 36=1, 37=1, 42=1, 43=1, 40=1, 41=1, 46=1, 47=1, 44=1, 45=1, 51=1, 50=1, 49=1, 48=1, 55=1, 54=1, 53=1, 52=1, 59=1, 58=1, 57=1, 56=1, 63=1, 62=1, 61=1, 60=1, 68=1, 69=1, 70=1, 71=1, 64=1, 65=2, 66=1, 67=1, 76=1, 77=1, 78=1, 79=1, 72=1, 73=1, 74=2, 75=1, 85=1, 84=1, 87=1, 86=1, 81=1, 80=1, 83=1, 82=1, 93=1, 92=1, 95=1, 94=1, 89=1, 88=1, 91=1, 90=1, 98=1, 99=1, 96=1, 97=1}
[HELPING] Avg distance between not played chunks: 3.6666666666666665
[HELPING] Min distance between not played chunks: 1.0
[HELPING] Max distance between not played chunks: 9.0

