Total chunks: 100
Nodes x chunk: 7
Total nodes: 60
Active nodes: 50
Started playbacks: 50
Not started playbacks node-ids: []
Playbacks time-window: 256
Missing chunks distribution [missed-chunks/nodes]: {0=46, 2=2, 3=1, 4=1}
Rejected chunks for ttl expiration [chunk-id/nodes]: 4 {0=1, 1=4, 2=4, 3=2}
Rejected chunks for capacity limit [chunk-id/nodes]: 0 {}
bandwidthUtilUp: 0.0032067857952286162
bandwidthUtilDown: 0.0016637245622873125
Avg # of unsent chunk for max-retries: 0.0
Min # of unsent chunk for max-retries: 0.0
Max # of unsent chunk for max-retries: 0.0
Avg # of unsent chunk-reqs for max-retries: 0.0
Min # of unsent chunk-reqs for max-retries: 0.0
Max # of unsent chunk-reqs for max-retries: 0.0
Avg % of chunks received by Pastry: 5.02
Min % of chunks received by Pastry: 0.0
Max % of chunks received by Pastry: 12.0
StD of chunks received by Pastry: 3.3288473214907177
Var of chunks received by Pastry: 11.081224489795927
Avg % of chunks received by StarStream: 94.1
Min % of chunks received by StarStream: 87.0
Max % of chunks received by StarStream: 100.0
StD of chunks received by StarStream: 3.5007287870979877
Var of chunks received by StarStream: 12.25510204081655
[MOJO] Startup Delay: 57.3
[MOJO] Latency: 15.25038930045031
Min of perceived avg chunk delivery-time: 5.89
Max of perceived avg chunk delivery-time: 112.0
Variance of perceived avg chunk delivery-time: 452.77145711583717
StD of perceived avg chunk delivery-time: 21.278427035752365
Avg messages sent per node: 16926.82
Min messages sent per node: 13282.0
Max messages sent per node: 21179.0
Variance of messages sent per node: 3277310.0689796163
StD of messages sent per node: 1810.3342423374795
Nodes with incomplete playbacks: 36
[MOJO] Packet Loss: 41.36
Min % of not played chunks: 0.0
Max % of not played chunks: 99.0
Not played chunks [chunk-id/nodes]: {1=26, 2=23, 3=23, 4=19, 5=20, 6=19, 7=19, 8=22, 9=21, 10=18, 11=21, 12=19, 13=19, 14=22, 15=20, 17=23, 16=19, 19=20, 18=18, 21=23, 20=20, 23=19, 22=21, 25=20, 24=22, 27=19, 26=22, 29=17, 28=20, 31=22, 30=20, 34=18, 35=19, 32=18, 33=20, 38=20, 39=23, 36=16, 37=20, 42=23, 43=24, 40=27, 41=21, 46=21, 47=24, 44=23, 45=23, 51=20, 50=24, 49=23, 48=21, 55=18, 54=22, 53=18, 52=20, 59=19, 58=20, 57=20, 56=19, 63=21, 62=18, 61=23, 60=23, 68=20, 69=20, 70=22, 71=25, 64=17, 65=19, 66=25, 67=17, 76=22, 77=20, 78=21, 79=17, 72=24, 73=22, 74=21, 75=22, 85=20, 84=22, 87=22, 86=20, 81=21, 80=19, 83=24, 82=21, 93=17, 92=23, 95=22, 94=22, 89=21, 88=25, 91=26, 90=19, 98=19, 99=23, 96=22, 97=21}
Avg distance between not played chunks: 1.9210324876842204
Min distance between not played chunks: 1.0
Max distance between not played chunks: 9.333333333333334

HELPING PEERS LOG

[HELPING] Active nodes: 10
[HELPING] Started playbacks: 10
[HELPING] Not started playbacks node-ids: []
[HELPING] Playbacks time-window: 158
[HELPING] Missing chunks distribution [missed-chunks/nodes]: {0=9, 2=1}
[HELPING] Rejected chunks for ttl expiration [chunk-id/nodes]: 2 {1=1, 2=1}
[HELPING] Rejected chunks for capacity limit [chunk-id/nodes]: 0 {}
[HELPING] bandwidthUtilUp: 0.0033476926769090824
[HELPING] bandwidthUtilDown: 0.0015698948103318427
[HELPING] Avg # of unsent chunk for max-retries: 0.0
[HELPING] Min # of unsent chunk for max-retries: 0.0
[HELPING] Max # of unsent chunk for max-retries: 0.0
[HELPING] Avg # of unsent chunk-reqs for max-retries: 0.0
[HELPING] Min # of unsent chunk-reqs for max-retries: 0.0
[HELPING] Max # of unsent chunk-reqs for max-retries: 0.0
[HELPING] Avg % of chunks received by Pastry: 3.1
[HELPING] Min % of chunks received by Pastry: 0.0
[HELPING] Max % of chunks received by Pastry: 7.0
[HELPING] StD of chunks received by Pastry: 2.5144029554194813
[HELPING] Var of chunks received by Pastry: 6.322222222222222
[HELPING] Avg % of chunks received by StarStream: 96.1
[HELPING] Min % of chunks received by StarStream: 92.0
[HELPING] Max % of chunks received by StarStream: 99.0
[HELPING] StD of chunks received by StarStream: 2.7264140062239077
[HELPING] Var of chunks received by StarStream: 7.433333333333899
[HELPING] Startup Delay: 108.3
[HELPING] Latency: 7.1175262938665
[HELPING] Min of perceived avg chunk delivery-time: 6.53
[HELPING] Max of perceived avg chunk delivery-time: 8.414141414141413
[HELPING] Variance of perceived avg chunk delivery-time: 0.28376731407971556
[HELPING] StD of perceived avg chunk delivery-time: 0.5326981453691345
[HELPING] Avg messages sent per node: 17739.5
[HELPING] Min messages sent per node: 15325.0
[HELPING] Max messages sent per node: 21701.0
[HELPING] Variance of messages sent per node: 3845803.1666666935
[HELPING] StD of messages sent per node: 1961.07194326641
[HELPING] Nodes with incomplete playbacks: 5
[HELPING] Packet Loss: 31.4
[HELPING] Min % of not played chunks: 0.0
[HELPING] Max % of not played chunks: 89.0
[HELPING] Not played chunks [chunk-id/nodes]: {1=4, 2=4, 3=2, 4=3, 5=3, 6=3, 7=2, 8=3, 9=2, 10=3, 11=1, 12=2, 13=3, 14=4, 15=4, 17=4, 16=4, 19=4, 18=3, 21=3, 20=4, 23=3, 22=4, 25=3, 24=4, 27=3, 26=3, 29=3, 28=3, 31=3, 30=3, 34=4, 35=3, 32=4, 33=4, 38=3, 39=2, 36=3, 37=4, 42=3, 43=4, 40=2, 41=3, 46=3, 47=4, 44=2, 45=3, 51=2, 50=2, 49=4, 48=3, 55=4, 54=4, 53=3, 52=3, 59=4, 58=3, 57=4, 56=4, 63=4, 62=1, 61=3, 60=4, 68=3, 69=3, 70=4, 71=3, 64=2, 65=4, 66=2, 67=4, 76=2, 77=2, 78=3, 79=3, 72=4, 73=3, 74=3, 75=4, 85=4, 84=3, 87=3, 86=3, 81=3, 80=4, 83=2, 82=4, 93=2, 92=2, 95=3, 94=4, 89=3, 88=4, 91=4, 90=3, 98=4, 99=3, 96=4, 97=3}
[HELPING] Avg distance between not played chunks: 1.2471268237934905
[HELPING] Min distance between not played chunks: 1.0
[HELPING] Max distance between not played chunks: 1.7454545454545454

