Total chunks: 100
Nodes x chunk: 7
Total nodes: 65
Active nodes: 50
Started playbacks: 50
Not started playbacks node-ids: []
Playbacks time-window: 118
Missing chunks distribution [missed-chunks/nodes]: {0=49, 1=1}
Rejected chunks for ttl expiration [chunk-id/nodes]: 1 {1=1}
Rejected chunks for capacity limit [chunk-id/nodes]: 0 {}
bandwidthUtilUp: 0.014270724645578261
bandwidthUtilDown: 0.00818476433897126
Avg # of unsent chunk for max-retries: 0.0
Min # of unsent chunk for max-retries: 0.0
Max # of unsent chunk for max-retries: 0.0
Avg # of unsent chunk-reqs for max-retries: 0.0
Min # of unsent chunk-reqs for max-retries: 0.0
Max # of unsent chunk-reqs for max-retries: 0.0
Avg % of chunks received by Pastry: 8.32
Min % of chunks received by Pastry: 1.0
Max % of chunks received by Pastry: 17.0
StD of chunks received by Pastry: 3.622154055254965
Var of chunks received by Pastry: 13.11999999999999
Avg % of chunks received by StarStream: 90.7
Min % of chunks received by StarStream: 82.0
Max % of chunks received by StarStream: 98.0
StD of chunks received by StarStream: 3.660322278662701
Var of chunks received by StarStream: 13.397959183674509
[NONMOJO] Startup Delay: 96.48
[MOJO] Startup Delay: 53.2
[MOJO] Latency: 8.303679365079365
Min of perceived avg chunk delivery-time: 6.05
Max of perceived avg chunk delivery-time: 9.724489795918368
Variance of perceived avg chunk delivery-time: 0.373065859985499
StD of perceived avg chunk delivery-time: 0.6107911754319139
Avg messages sent per node: 6775.98
Min messages sent per node: 3796.0
Max messages sent per node: 9783.0
Variance of messages sent per node: 2330438.224081642
StD of messages sent per node: 1526.5772905692138
Nodes with incomplete playbacks: 44
[MOJO] Continuity Index: 48.88
[MOJO] Packet Loss: 51.12
Min % of not played chunks: 0.0
Max % of not played chunks: 99.0
Not played chunks [chunk-id/nodes]: {1=25, 2=29, 3=23, 4=28, 5=26, 6=26, 7=27, 8=24, 9=25, 10=26, 11=26, 12=22, 13=24, 14=29, 15=27, 17=29, 16=24, 19=26, 18=22, 21=19, 20=24, 23=29, 22=22, 25=23, 24=30, 27=28, 26=24, 29=29, 28=23, 31=26, 30=22, 34=26, 35=23, 32=23, 33=27, 38=24, 39=23, 36=26, 37=24, 42=24, 43=26, 40=27, 41=27, 46=27, 47=27, 44=29, 45=27, 51=25, 50=26, 49=26, 48=26, 55=27, 54=27, 53=26, 52=28, 59=25, 58=29, 57=21, 56=26, 63=24, 62=25, 61=22, 60=28, 68=23, 69=24, 70=27, 71=28, 64=25, 65=32, 66=30, 67=23, 76=27, 77=29, 78=24, 79=26, 72=20, 73=22, 74=30, 75=30, 85=25, 84=24, 87=24, 86=24, 81=29, 80=26, 83=30, 82=29, 93=28, 92=25, 95=24, 94=26, 89=30, 88=23, 91=24, 90=29, 98=28, 99=24, 96=27, 97=29}
Avg distance between not played chunks: 3.002097128271244
Min distance between not played chunks: 1.0
Max distance between not played chunks: 21.0

HELPING PEERS LOG

[HELPING] Active nodes: 15
[HELPING] Started playbacks: 15
[HELPING] Not started playbacks node-ids: []
[HELPING] Playbacks time-window: 120
[HELPING] Missing chunks distribution [missed-chunks/nodes]: {0=14, 1=1}
[HELPING] Rejected chunks for ttl expiration [chunk-id/nodes]: 2 {0=3, 1=1}
[HELPING] Rejected chunks for capacity limit [chunk-id/nodes]: 0 {}
[HELPING] bandwidthUtilUp: 0.013968453225219548
[HELPING] bandwidthUtilDown: 0.00832138935448212
[HELPING] Avg # of unsent chunk for max-retries: 0.0
[HELPING] Min # of unsent chunk for max-retries: 0.0
[HELPING] Max # of unsent chunk for max-retries: 0.0
[HELPING] Avg # of unsent chunk-reqs for max-retries: 0.0
[HELPING] Min # of unsent chunk-reqs for max-retries: 0.0
[HELPING] Max # of unsent chunk-reqs for max-retries: 0.0
[HELPING] Avg % of chunks received by Pastry: 4.466666666666667
[HELPING] Min % of chunks received by Pastry: 0.0
[HELPING] Max % of chunks received by Pastry: 12.0
[HELPING] StD of chunks received by Pastry: 3.6226798814978847
[HELPING] Var of chunks received by Pastry: 13.123809523809527
[HELPING] Avg % of chunks received by StarStream: 94.66666666666667
[HELPING] Min % of chunks received by StarStream: 87.0
[HELPING] Max % of chunks received by StarStream: 100.0
[HELPING] StD of chunks received by StarStream: 3.792222617536007
[HELPING] Var of chunks received by StarStream: 14.380952380951644
[HELPING] Startup Delay: 128.73333333333332
[HELPING] Latency: 8.57192675049818
[HELPING] Min of perceived avg chunk delivery-time: 7.626262626262626
[HELPING] Max of perceived avg chunk delivery-time: 9.816326530612244
[HELPING] Variance of perceived avg chunk delivery-time: 0.3666888662601104
[HELPING] StD of perceived avg chunk delivery-time: 0.6055484012530381
[HELPING] Avg messages sent per node: 6764.666666666667
[HELPING] Min messages sent per node: 4431.0
[HELPING] Max messages sent per node: 9590.0
[HELPING] Variance of messages sent per node: 3091241.0952380965
[HELPING] StD of messages sent per node: 1758.1925648910294
[HELPING] Nodes with incomplete playbacks: 9
[HELPING] Packet Loss: 9.0
[HELPING] Min % of not played chunks: 0.0
[HELPING] Max % of not played chunks: 35.0
[HELPING] Not played chunks [chunk-id/nodes]: {1=5, 3=1, 4=1, 5=2, 6=2, 8=3, 9=2, 10=1, 11=3, 12=1, 14=1, 15=2, 17=3, 19=1, 18=1, 21=1, 20=1, 23=2, 22=2, 25=1, 24=1, 27=1, 26=2, 29=1, 28=3, 34=3, 39=2, 36=2, 37=1, 42=1, 43=1, 41=3, 46=3, 47=2, 44=2, 45=3, 51=2, 50=1, 49=1, 55=1, 54=1, 53=2, 52=1, 58=1, 56=3, 63=1, 62=2, 69=3, 70=3, 71=3, 65=2, 66=3, 67=1, 76=3, 77=1, 78=1, 72=1, 73=1, 74=1, 75=3, 85=1, 84=1, 87=3, 81=2, 80=1, 93=3, 92=1, 95=2, 94=1, 88=1, 91=2, 90=2, 98=2, 96=1, 97=3}
[HELPING] Avg distance between not played chunks: 3.9968780239368478
[HELPING] Min distance between not played chunks: 2.764705882352941
[HELPING] Max distance between not played chunks: 6.266666666666667

