Total chunks: 100
Nodes x chunk: 7
Total nodes: 70
Active nodes: 50
Started playbacks: 50
Not started playbacks node-ids: []
Playbacks time-window: 158
Missing chunks distribution [missed-chunks/nodes]: {0=48, 1=1, 2=1}
Rejected chunks for ttl expiration [chunk-id/nodes]: 3 {0=1, 1=2, 2=1}
Rejected chunks for capacity limit [chunk-id/nodes]: 0 {}
bandwidthUtilUp: 0.013940271947194757
bandwidthUtilDown: 0.00828411881188137
Avg # of unsent chunk for max-retries: 0.0
Min # of unsent chunk for max-retries: 0.0
Max # of unsent chunk for max-retries: 0.0
Avg # of unsent chunk-reqs for max-retries: 0.0
Min # of unsent chunk-reqs for max-retries: 0.0
Max # of unsent chunk-reqs for max-retries: 0.0
Avg % of chunks received by Pastry: 4.92
Min % of chunks received by Pastry: 0.0
Max % of chunks received by Pastry: 16.0
StD of chunks received by Pastry: 3.3187162504529386
Var of chunks received by Pastry: 11.01387755102041
Avg % of chunks received by StarStream: 94.1
Min % of chunks received by StarStream: 83.0
Max % of chunks received by StarStream: 100.0
StD of chunks received by StarStream: 3.351819487614338
Var of chunks received by StarStream: 11.234693877551244
[MOJO] Startup Delay: 109.08
[MOJO] Latency: 7.008450929662712
Min of perceived avg chunk delivery-time: 6.04
Max of perceived avg chunk delivery-time: 8.806122448979592
Variance of perceived avg chunk delivery-time: 0.2895170328698077
StD of perceived avg chunk delivery-time: 0.5380678701333204
Avg messages sent per node: 16953.38
Min messages sent per node: 12990.0
Max messages sent per node: 20474.0
Variance of messages sent per node: 2784068.5261223996
StD of messages sent per node: 1668.5528238933282
Nodes with incomplete playbacks: 42
[MOJO] Packet Loss: 43.04
Min % of not played chunks: 0.0
Max % of not played chunks: 99.0
Not played chunks [chunk-id/nodes]: {1=23, 2=23, 3=20, 4=22, 5=20, 6=19, 7=26, 8=23, 9=21, 10=22, 11=19, 12=28, 13=23, 14=24, 15=18, 17=23, 16=21, 19=21, 18=20, 21=18, 20=20, 23=22, 22=24, 25=22, 24=20, 27=21, 26=18, 29=22, 28=22, 31=22, 30=25, 34=21, 35=24, 32=20, 33=20, 38=20, 39=24, 36=20, 37=23, 42=20, 43=17, 40=19, 41=23, 46=28, 47=25, 44=27, 45=20, 51=16, 50=23, 49=20, 48=17, 55=23, 54=22, 53=22, 52=20, 59=14, 58=19, 57=20, 56=18, 63=25, 62=22, 61=18, 60=25, 68=22, 69=18, 70=25, 71=25, 64=22, 65=22, 66=21, 67=20, 76=22, 77=22, 78=15, 79=25, 72=25, 73=22, 74=24, 75=24, 85=21, 84=22, 87=26, 86=24, 81=24, 80=22, 83=16, 82=16, 93=19, 92=25, 95=19, 94=23, 89=25, 88=26, 91=22, 90=24, 98=27, 99=23, 96=24, 97=23}
Avg distance between not played chunks: 5.695882351684266
Min distance between not played chunks: 1.0
Max distance between not played chunks: 59.0

