Total chunks: 100
Nodes x chunk: 7
Total nodes: 75
Active nodes: 50
Started playbacks: 50
Not started playbacks node-ids: []
Playbacks time-window: 28
Missing chunks distribution [missed-chunks/nodes]: {0=50}
Rejected chunks for ttl expiration [chunk-id/nodes]: 0 {}
Rejected chunks for capacity limit [chunk-id/nodes]: 0 {}
Avg # of unsent chunk for max-retries: 0.0
Min # of unsent chunk for max-retries: 0.0
Max # of unsent chunk for max-retries: 0.0
Avg # of unsent chunk-reqs for max-retries: 0.0
Min # of unsent chunk-reqs for max-retries: 0.0
Max # of unsent chunk-reqs for max-retries: 0.0
Avg % of chunks received by Pastry: 15.9
Min % of chunks received by Pastry: 8.0
Max % of chunks received by Pastry: 24.0
StD of chunks received by Pastry: 3.9705548884820834
Var of chunks received by Pastry: 15.765306122448969
Avg % of chunks received by StarStream: 83.12
Min % of chunks received by StarStream: 75.0
Max % of chunks received by StarStream: 91.0
StD of chunks received by StarStream: 3.9519563742116666
Var of chunks received by StarStream: 15.617959183672221
[MOJO] Startup Delay: 337.02
[MOJO] Latency: 10.519400000000001
Min of perceived avg chunk delivery-time: 8.47
Max of perceived avg chunk delivery-time: 13.21
Variance of perceived avg chunk delivery-time: 0.9276955510203806
StD of perceived avg chunk delivery-time: 0.9631695338933747
Avg messages sent per node: 2853.94
Min messages sent per node: 1894.0
Max messages sent per node: 3710.0
Variance of messages sent per node: 139566.95551020378
StD of messages sent per node: 373.58661045359185
Nodes with incomplete playbacks: 50
[MOJO] Packet Loss: 44.8
Min % of not played chunks: 1.0
Max % of not played chunks: 99.0
Not played chunks [chunk-id/nodes]: {1=27, 2=23, 3=24, 4=22, 5=20, 6=16, 7=27, 8=22, 9=21, 10=24, 11=25, 12=23, 13=20, 14=22, 15=26, 17=28, 16=25, 19=22, 18=19, 21=23, 20=25, 23=21, 22=20, 25=32, 24=22, 27=21, 26=18, 29=19, 28=23, 31=28, 30=26, 34=26, 35=28, 32=23, 33=20, 38=15, 39=21, 36=25, 37=20, 42=21, 43=24, 40=24, 41=20, 46=23, 47=23, 44=20, 45=19, 51=22, 50=23, 49=23, 48=25, 55=19, 54=18, 53=21, 52=26, 59=28, 58=16, 57=18, 56=21, 63=20, 62=25, 61=24, 60=24, 68=22, 69=22, 70=24, 71=22, 64=23, 65=21, 66=32, 67=30, 76=19, 77=22, 78=22, 79=28, 72=28, 73=22, 74=24, 75=24, 85=25, 84=21, 87=17, 86=23, 81=14, 80=21, 83=22, 82=28, 93=24, 92=20, 95=23, 94=18, 89=27, 88=23, 91=22, 90=20, 98=23, 99=23, 96=21, 97=21}
Avg distance between not played chunks: 5.147423936516547
Min distance between not played chunks: 1.0
Max distance between not played chunks: 27.666666666666668

