Total chunks: 100
Nodes x chunk: 7
Total nodes: 80
Active nodes: 50
Started playbacks: 50
Not started playbacks node-ids: []
Playbacks time-window: 312
Missing chunks distribution [missed-chunks/nodes]: {0=48, 1=1, 6=1}
Rejected chunks for ttl expiration [chunk-id/nodes]: 5 {1=2, 2=1, 3=1, 4=1, 5=1}
Rejected chunks for capacity limit [chunk-id/nodes]: 0 {}
bandwidthUtilUp: 0.014377615253833855
bandwidthUtilDown: 0.008374209351379218
Avg # of unsent chunk for max-retries: 0.0
Min # of unsent chunk for max-retries: 0.0
Max # of unsent chunk for max-retries: 0.0
Avg # of unsent chunk-reqs for max-retries: 0.0
Min # of unsent chunk-reqs for max-retries: 0.0
Max # of unsent chunk-reqs for max-retries: 0.0
Avg % of chunks received by Pastry: 9.26
Min % of chunks received by Pastry: 0.0
Max % of chunks received by Pastry: 21.0
StD of chunks received by Pastry: 4.134523638133627
Var of chunks received by Pastry: 17.094285714285725
Avg % of chunks received by StarStream: 89.78
Min % of chunks received by StarStream: 78.0
Max % of chunks received by StarStream: 100.0
StD of chunks received by StarStream: 4.224756966805404
Var of chunks received by StarStream: 17.848571428570796
[NONMOJO] Startup Delay: 131.66
[MOJO] Startup Delay: 81.7
[MOJO] Latency: 8.950066040342639
Min of perceived avg chunk delivery-time: 7.45
Max of perceived avg chunk delivery-time: 10.58
Variance of perceived avg chunk delivery-time: 0.5198373306405832
StD of perceived avg chunk delivery-time: 0.7209974553634592
Avg messages sent per node: 6797.1
Min messages sent per node: 4104.0
Max messages sent per node: 10300.0
Variance of messages sent per node: 2509302.989795918
StD of messages sent per node: 1584.0779620321464
Nodes with incomplete playbacks: 46
[MOJO] Continuity Index: 49.44
[MOJO] Packet Loss: 50.56
Min % of not played chunks: 0.0
Max % of not played chunks: 99.0
Not played chunks [chunk-id/nodes]: {1=29, 2=30, 3=23, 4=27, 5=25, 6=25, 7=24, 8=21, 9=24, 10=27, 11=26, 12=28, 13=24, 14=24, 15=26, 17=25, 16=26, 19=24, 18=29, 21=23, 20=23, 23=21, 22=28, 25=24, 24=25, 27=25, 26=24, 29=27, 28=26, 31=28, 30=23, 34=26, 35=27, 32=31, 33=27, 38=22, 39=27, 36=26, 37=24, 42=27, 43=23, 40=29, 41=30, 46=27, 47=27, 44=28, 45=26, 51=25, 50=23, 49=26, 48=26, 55=30, 54=23, 53=28, 52=31, 59=21, 58=22, 57=26, 56=23, 63=26, 62=26, 61=26, 60=26, 68=26, 69=24, 70=27, 71=28, 64=22, 65=29, 66=26, 67=16, 76=27, 77=26, 78=24, 79=23, 72=25, 73=23, 74=20, 75=26, 85=29, 84=25, 87=29, 86=24, 81=23, 80=28, 83=28, 82=28, 93=26, 92=23, 95=29, 94=25, 89=28, 88=25, 91=25, 90=25, 98=25, 99=24, 96=27, 97=21}
Avg distance between not played chunks: 3.010076815804213
Min distance between not played chunks: 1.0
Max distance between not played chunks: 21.0

HELPING PEERS LOG

[HELPING] Active nodes: 30
[HELPING] Started playbacks: 30
[HELPING] Not started playbacks node-ids: []
[HELPING] Playbacks time-window: 115
[HELPING] Missing chunks distribution [missed-chunks/nodes]: {0=30}
[HELPING] Rejected chunks for ttl expiration [chunk-id/nodes]: 0 {}
[HELPING] Rejected chunks for capacity limit [chunk-id/nodes]: 0 {}
[HELPING] bandwidthUtilUp: 0.014763765666067899
[HELPING] bandwidthUtilDown: 0.008759490497184599
[HELPING] Avg # of unsent chunk for max-retries: 0.0
[HELPING] Min # of unsent chunk for max-retries: 0.0
[HELPING] Max # of unsent chunk for max-retries: 0.0
[HELPING] Avg # of unsent chunk-reqs for max-retries: 0.0
[HELPING] Min # of unsent chunk-reqs for max-retries: 0.0
[HELPING] Max # of unsent chunk-reqs for max-retries: 0.0
[HELPING] Avg % of chunks received by Pastry: 7.7
[HELPING] Min % of chunks received by Pastry: 0.0
[HELPING] Max % of chunks received by Pastry: 15.0
[HELPING] StD of chunks received by Pastry: 4.103404809969734
[HELPING] Var of chunks received by Pastry: 16.83793103448275
[HELPING] Avg % of chunks received by StarStream: 91.33333333333333
[HELPING] Min % of chunks received by StarStream: 84.0
[HELPING] Max % of chunks received by StarStream: 99.0
[HELPING] StD of chunks received by StarStream: 4.1633319989322555
[HELPING] Var of chunks received by StarStream: 17.33333333333325
[HELPING] Startup Delay: 135.26666666666668
[HELPING] Latency: 9.234003092145949
[HELPING] Min of perceived avg chunk delivery-time: 8.12
[HELPING] Max of perceived avg chunk delivery-time: 10.24
[HELPING] Variance of perceived avg chunk delivery-time: 0.3530521040540166
[HELPING] StD of perceived avg chunk delivery-time: 0.5941818779246104
[HELPING] Avg messages sent per node: 6926.9
[HELPING] Min messages sent per node: 4569.0
[HELPING] Max messages sent per node: 10027.0
[HELPING] Variance of messages sent per node: 2310641.058620695
[HELPING] StD of messages sent per node: 1520.079293530668
[HELPING] Nodes with incomplete playbacks: 22
[HELPING] Packet Loss: 36.96666666666667
[HELPING] Min % of not played chunks: 0.0
[HELPING] Max % of not played chunks: 99.0
[HELPING] Not played chunks [chunk-id/nodes]: {1=12, 2=12, 3=10, 4=11, 5=15, 6=14, 7=9, 8=8, 9=10, 10=11, 11=8, 12=10, 13=8, 14=6, 15=10, 17=14, 16=14, 19=10, 18=14, 21=9, 20=12, 23=10, 22=11, 25=8, 24=17, 27=13, 26=10, 29=12, 28=12, 31=9, 30=10, 34=14, 35=9, 32=11, 33=9, 38=13, 39=9, 36=9, 37=7, 42=10, 43=7, 40=10, 41=8, 46=9, 47=12, 44=12, 45=13, 51=8, 50=13, 49=13, 48=10, 55=13, 54=12, 53=12, 52=13, 59=12, 58=8, 57=10, 56=9, 63=11, 62=10, 61=11, 60=13, 68=10, 69=12, 70=5, 71=10, 64=12, 65=11, 66=12, 67=10, 76=14, 77=14, 78=14, 79=12, 72=15, 73=11, 74=15, 75=10, 85=13, 84=13, 87=15, 86=13, 81=10, 80=10, 83=15, 82=13, 93=11, 92=13, 95=12, 94=8, 89=13, 88=13, 91=13, 90=13, 98=14, 99=10, 96=10, 97=11}
[HELPING] Avg distance between not played chunks: 2.8563468104759147
[HELPING] Min distance between not played chunks: 1.0
[HELPING] Max distance between not played chunks: 13.666666666666666

