Total chunks: 100
Nodes x chunk: 7
Total nodes: 90
Active nodes: 50
Started playbacks: 50
Not started playbacks node-ids: []
Playbacks time-window: 218
Missing chunks distribution [missed-chunks/nodes]: {0=49, 3=1}
Rejected chunks for ttl expiration [chunk-id/nodes]: 3 {1=1, 2=1, 3=1}
Rejected chunks for capacity limit [chunk-id/nodes]: 0 {}
bandwidthUtilUp: 0.003440425671598355
bandwidthUtilDown: 0.001819598046224323
Avg # of unsent chunk for max-retries: 0.0
Min # of unsent chunk for max-retries: 0.0
Max # of unsent chunk for max-retries: 0.0
Avg # of unsent chunk-reqs for max-retries: 0.0
Min # of unsent chunk-reqs for max-retries: 0.0
Max # of unsent chunk-reqs for max-retries: 0.0
Avg % of chunks received by Pastry: 4.8
Min % of chunks received by Pastry: 0.0
Max % of chunks received by Pastry: 12.0
StD of chunks received by Pastry: 2.864276807966203
Var of chunks received by Pastry: 8.204081632653061
Avg % of chunks received by StarStream: 94.26
Min % of chunks received by StarStream: 87.0
Max % of chunks received by StarStream: 100.0
StD of chunks received by StarStream: 2.947222836667995
Var of chunks received by StarStream: 8.686122448977343
[MOJO] Startup Delay: 114.3
[MOJO] Latency: 25.58601957070707
Min of perceived avg chunk delivery-time: 6.53
Max of perceived avg chunk delivery-time: 344.0
Variance of perceived avg chunk delivery-time: 3288.109277456856
StD of perceived avg chunk delivery-time: 57.34203761165848
Avg messages sent per node: 18223.24
Min messages sent per node: 14713.0
Max messages sent per node: 22219.0
Variance of messages sent per node: 3278831.247346924
StD of messages sent per node: 1810.7543310308342
Nodes with incomplete playbacks: 46
[MOJO] Packet Loss: 53.52
Min % of not played chunks: 0.0
Max % of not played chunks: 99.0
Not played chunks [chunk-id/nodes]: {1=25, 2=25, 3=28, 4=28, 5=27, 6=23, 7=26, 8=25, 9=25, 10=26, 11=26, 12=25, 13=25, 14=25, 15=24, 17=26, 16=26, 19=28, 18=27, 21=34, 20=30, 23=24, 22=29, 25=26, 24=25, 27=29, 26=26, 29=28, 28=22, 31=25, 30=25, 34=28, 35=27, 32=29, 33=29, 38=29, 39=28, 36=30, 37=21, 42=25, 43=27, 40=28, 41=29, 46=24, 47=35, 44=28, 45=31, 51=23, 50=29, 49=24, 48=29, 55=31, 54=27, 53=23, 52=29, 59=25, 58=29, 57=25, 56=24, 63=26, 62=26, 61=25, 60=30, 68=23, 69=30, 70=27, 71=31, 64=30, 65=27, 66=29, 67=26, 76=30, 77=35, 78=28, 79=24, 72=25, 73=24, 74=27, 75=23, 85=28, 84=26, 87=34, 86=29, 81=22, 80=31, 83=26, 82=30, 93=24, 92=25, 95=28, 94=27, 89=30, 88=23, 91=30, 90=27, 98=28, 99=23, 96=30, 97=30}
Avg distance between not played chunks: 2.644502228830061
Min distance between not played chunks: 1.0
Max distance between not played chunks: 19.0

HELPING PEERS LOG

[HELPING] Active nodes: 40
[HELPING] Started playbacks: 40
[HELPING] Not started playbacks node-ids: []
[HELPING] Playbacks time-window: 147
[HELPING] Missing chunks distribution [missed-chunks/nodes]: {0=39, 1=1}
[HELPING] Rejected chunks for ttl expiration [chunk-id/nodes]: 1 {1=1}
[HELPING] Rejected chunks for capacity limit [chunk-id/nodes]: 0 {}
[HELPING] bandwidthUtilUp: 0.0034131081302319665
[HELPING] bandwidthUtilDown: 0.0018158191330921048
[HELPING] Avg # of unsent chunk for max-retries: 0.0
[HELPING] Min # of unsent chunk for max-retries: 0.0
[HELPING] Max # of unsent chunk for max-retries: 0.0
[HELPING] Avg # of unsent chunk-reqs for max-retries: 0.0
[HELPING] Min # of unsent chunk-reqs for max-retries: 0.0
[HELPING] Max # of unsent chunk-reqs for max-retries: 0.0
[HELPING] Avg % of chunks received by Pastry: 3.025
[HELPING] Min % of chunks received by Pastry: 0.0
[HELPING] Max % of chunks received by Pastry: 10.0
[HELPING] StD of chunks received by Pastry: 2.189573193394267
[HELPING] Var of chunks received by Pastry: 4.794230769230769
[HELPING] Avg % of chunks received by StarStream: 96.15
[HELPING] Min % of chunks received by StarStream: 89.0
[HELPING] Max % of chunks received by StarStream: 100.0
[HELPING] StD of chunks received by StarStream: 2.4447746474721304
[HELPING] Var of chunks received by StarStream: 5.976923076922479
[HELPING] Startup Delay: 155.05
[HELPING] Latency: 7.935588486909914
[HELPING] Min of perceived avg chunk delivery-time: 6.93
[HELPING] Max of perceived avg chunk delivery-time: 9.01
[HELPING] Variance of perceived avg chunk delivery-time: 0.2372120289456566
[HELPING] StD of perceived avg chunk delivery-time: 0.4870441755587029
[HELPING] Avg messages sent per node: 18073.95
[HELPING] Min messages sent per node: 14332.0
[HELPING] Max messages sent per node: 23535.0
[HELPING] Variance of messages sent per node: 3741844.6641025175
[HELPING] StD of messages sent per node: 1934.3848283375564
[HELPING] Nodes with incomplete playbacks: 29
[HELPING] Packet Loss: 31.575
[HELPING] Min % of not played chunks: 0.0
[HELPING] Max % of not played chunks: 99.0
[HELPING] Not played chunks [chunk-id/nodes]: {1=17, 2=14, 3=13, 4=12, 5=13, 6=14, 7=15, 8=9, 9=13, 10=14, 11=12, 12=10, 13=13, 14=10, 15=11, 17=10, 16=10, 19=13, 18=15, 21=15, 20=14, 23=10, 22=12, 25=14, 24=14, 27=9, 26=11, 29=14, 28=10, 31=13, 30=11, 34=16, 35=13, 32=16, 33=13, 38=14, 39=10, 36=14, 37=7, 42=15, 43=11, 40=13, 41=14, 46=11, 47=11, 44=13, 45=11, 51=15, 50=13, 49=17, 48=13, 55=13, 54=11, 53=9, 52=15, 59=11, 58=13, 57=11, 56=10, 63=12, 62=10, 61=16, 60=12, 68=15, 69=11, 70=13, 71=15, 64=13, 65=16, 66=11, 67=13, 76=13, 77=17, 78=15, 79=9, 72=14, 73=13, 74=8, 75=14, 85=14, 84=18, 87=15, 86=14, 81=14, 80=14, 83=13, 82=16, 93=10, 92=11, 95=11, 94=11, 89=15, 88=13, 91=11, 90=13, 98=11, 99=12, 96=14, 97=15}
[HELPING] Avg distance between not played chunks: 6.382857109279591
[HELPING] Min distance between not played chunks: 1.0
[HELPING] Max distance between not played chunks: 39.0

