Total chunks: 100
Nodes x chunk: 7
Total nodes: 95
Active nodes: 50
Started playbacks: 50
Not started playbacks node-ids: []
Playbacks time-window: 67
Missing chunks distribution [missed-chunks/nodes]: {0=50}
Rejected chunks for ttl expiration [chunk-id/nodes]: 0 {}
Rejected chunks for capacity limit [chunk-id/nodes]: 0 {}
bandwidthUtilUp: 0.0033870647279781955
bandwidthUtilDown: 0.0017788707718548941
Avg # of unsent chunk for max-retries: 0.0
Min # of unsent chunk for max-retries: 0.0
Max # of unsent chunk for max-retries: 0.0
Avg # of unsent chunk-reqs for max-retries: 0.0
Min # of unsent chunk-reqs for max-retries: 0.0
Max # of unsent chunk-reqs for max-retries: 0.0
Avg % of chunks received by Pastry: 5.64
Min % of chunks received by Pastry: 0.0
Max % of chunks received by Pastry: 13.0
StD of chunks received by Pastry: 3.6183207290066464
Var of chunks received by Pastry: 13.092244897959189
Avg % of chunks received by StarStream: 93.38
Min % of chunks received by StarStream: 86.0
Max % of chunks received by StarStream: 100.0
StD of chunks received by StarStream: 3.6527317147022944
Var of chunks received by StarStream: 13.342448979591962
[MOJO] Startup Delay: 89.5
[MOJO] Latency: 21.565917508417513
Min of perceived avg chunk delivery-time: 6.53
Max of perceived avg chunk delivery-time: 154.0
Variance of perceived avg chunk delivery-time: 1239.1349831235796
StD of perceived avg chunk delivery-time: 35.20134916624048
Avg messages sent per node: 17981.26
Min messages sent per node: 13857.0
Max messages sent per node: 22389.0
Variance of messages sent per node: 3646551.2575510815
StD of messages sent per node: 1909.5945270007142
Nodes with incomplete playbacks: 45
[MOJO] Packet Loss: 48.04
Min % of not played chunks: 0.0
Max % of not played chunks: 99.0
Not played chunks [chunk-id/nodes]: {1=25, 2=22, 3=21, 4=23, 5=25, 6=23, 7=18, 8=21, 9=25, 10=27, 11=26, 12=21, 13=24, 14=23, 15=29, 17=28, 16=25, 19=20, 18=23, 21=22, 20=25, 23=20, 22=23, 25=28, 24=24, 27=24, 26=22, 29=22, 28=20, 31=25, 30=26, 34=24, 35=19, 32=22, 33=21, 38=25, 39=21, 36=24, 37=20, 42=24, 43=26, 40=25, 41=26, 46=24, 47=22, 44=24, 45=28, 51=19, 50=22, 49=24, 48=28, 55=22, 54=26, 53=20, 52=27, 59=20, 58=21, 57=23, 56=28, 63=24, 62=24, 61=22, 60=26, 68=28, 69=28, 70=22, 71=25, 64=28, 65=26, 66=29, 67=25, 76=23, 77=29, 78=23, 79=26, 72=27, 73=27, 74=24, 75=25, 85=25, 84=23, 87=25, 86=25, 81=23, 80=27, 83=25, 82=25, 93=26, 92=24, 95=24, 94=30, 89=20, 88=25, 91=27, 90=25, 98=28, 99=27, 96=25, 97=27}
Avg distance between not played chunks: 4.075195058762167
Min distance between not played chunks: 1.0
Max distance between not played chunks: 41.5

HELPING PEERS LOG

[HELPING] Active nodes: 45
[HELPING] Started playbacks: 45
[HELPING] Not started playbacks node-ids: []
[HELPING] Playbacks time-window: 112
[HELPING] Missing chunks distribution [missed-chunks/nodes]: {0=45}
[HELPING] Rejected chunks for ttl expiration [chunk-id/nodes]: 0 {}
[HELPING] Rejected chunks for capacity limit [chunk-id/nodes]: 0 {}
[HELPING] bandwidthUtilUp: 0.0034006125442995073
[HELPING] bandwidthUtilDown: 0.001783316292255634
[HELPING] Avg # of unsent chunk for max-retries: 0.0
[HELPING] Min # of unsent chunk for max-retries: 0.0
[HELPING] Max # of unsent chunk for max-retries: 0.0
[HELPING] Avg # of unsent chunk-reqs for max-retries: 0.0
[HELPING] Min # of unsent chunk-reqs for max-retries: 0.0
[HELPING] Max # of unsent chunk-reqs for max-retries: 0.0
[HELPING] Avg % of chunks received by Pastry: 3.7555555555555555
[HELPING] Min % of chunks received by Pastry: 0.0
[HELPING] Max % of chunks received by Pastry: 12.0
[HELPING] StD of chunks received by Pastry: 2.5950613546395074
[HELPING] Var of chunks received by Pastry: 6.734343434343435
[HELPING] Avg % of chunks received by StarStream: 95.35555555555555
[HELPING] Min % of chunks received by StarStream: 87.0
[HELPING] Max % of chunks received by StarStream: 100.0
[HELPING] StD of chunks received by StarStream: 2.7564433239194277
[HELPING] Var of chunks received by StarStream: 7.597979797979984
[HELPING] Startup Delay: 166.84444444444443
[HELPING] Latency: 8.079625277720513
[HELPING] Min of perceived avg chunk delivery-time: 6.84
[HELPING] Max of perceived avg chunk delivery-time: 10.131313131313131
[HELPING] Variance of perceived avg chunk delivery-time: 0.3496201941238798
[HELPING] StD of perceived avg chunk delivery-time: 0.5912868966279228
[HELPING] Avg messages sent per node: 18075.244444444445
[HELPING] Min messages sent per node: 14860.0
[HELPING] Max messages sent per node: 22593.0
[HELPING] Variance of messages sent per node: 3559991.325252523
[HELPING] StD of messages sent per node: 1886.7939276064367
[HELPING] Nodes with incomplete playbacks: 29
[HELPING] Packet Loss: 28.022222222222222
[HELPING] Min % of not played chunks: 0.0
[HELPING] Max % of not played chunks: 99.0
[HELPING] Not played chunks [chunk-id/nodes]: {1=16, 2=14, 3=12, 4=12, 5=12, 6=13, 7=11, 8=11, 9=16, 10=13, 11=10, 12=12, 13=11, 14=9, 15=12, 17=11, 16=13, 19=11, 18=17, 21=15, 20=14, 23=10, 22=8, 25=9, 24=14, 27=14, 26=10, 29=13, 28=13, 31=16, 30=14, 34=11, 35=15, 32=12, 33=10, 38=15, 39=11, 36=14, 37=11, 42=10, 43=11, 40=13, 41=11, 46=14, 47=13, 44=13, 45=14, 51=9, 50=12, 49=11, 48=16, 55=12, 54=12, 53=14, 52=13, 59=16, 58=13, 57=12, 56=15, 63=12, 62=14, 61=11, 60=12, 68=13, 69=10, 70=14, 71=13, 64=16, 65=10, 66=14, 67=11, 76=16, 77=14, 78=13, 79=14, 72=14, 73=12, 74=14, 75=13, 85=12, 84=12, 87=12, 86=15, 81=12, 80=12, 83=11, 82=11, 93=11, 92=12, 95=15, 94=15, 89=13, 88=14, 91=9, 90=12, 98=15, 99=17, 96=16, 97=16}
[HELPING] Avg distance between not played chunks: 4.873390011546949
[HELPING] Min distance between not played chunks: 1.0
[HELPING] Max distance between not played chunks: 28.0

