Total chunks: 100
Nodes x chunk: 9
Total nodes: 120
Active nodes: 60
Started playbacks: 60
Not started playbacks node-ids: []
Playbacks time-window: 158
Missing chunks distribution [missed-chunks/nodes]: {0=58, 2=2}
Rejected chunks for ttl expiration [chunk-id/nodes]: 2 {1=2, 2=2}
Rejected chunks for capacity limit [chunk-id/nodes]: 0 {}
bandwidthUtilUp: 0.012187346227864538
bandwidthUtilDown: 0.006017089264529326
Avg # of unsent chunk for max-retries: 0.0
Min # of unsent chunk for max-retries: 0.0
Max # of unsent chunk for max-retries: 0.0
Avg # of unsent chunk-reqs for max-retries: 0.0
Min # of unsent chunk-reqs for max-retries: 0.0
Max # of unsent chunk-reqs for max-retries: 0.0
Avg % of chunks received by Pastry: 11.516666666666667
Min % of chunks received by Pastry: 0.0
Max % of chunks received by Pastry: 20.0
StD of chunks received by Pastry: 4.545408063450059
Var of chunks received by Pastry: 20.660734463276814
Avg % of chunks received by StarStream: 87.53333333333333
Min % of chunks received by StarStream: 79.0
Max % of chunks received by StarStream: 100.0
StD of chunks received by StarStream: 4.677630381796068
Var of chunks received by StarStream: 21.88022598870163
[NONMOJO] Startup Delay: 200.83333333333334
[MOJO] Startup Delay: 176.1
[MOJO] Latency: 34.40236620237419
Min of perceived avg chunk delivery-time: 9.04
Max of perceived avg chunk delivery-time: 514.0
Variance of perceived avg chunk delivery-time: 5946.260052299173
StD of perceived avg chunk delivery-time: 77.11199681177484
Avg messages sent per node: 5707.366666666667
Min messages sent per node: 3624.0
Max messages sent per node: 9191.0
Variance of messages sent per node: 1629932.134463277
StD of messages sent per node: 1276.6879550083008
Nodes with incomplete playbacks: 57
[MOJO] Continuity Index: 56.35
[MOJO] Packet Loss: 43.65
Min % of not played chunks: 0.0
Max % of not played chunks: 99.0
Not played chunks [chunk-id/nodes]: {1=31, 2=29, 3=24, 4=20, 5=24, 6=22, 7=31, 8=33, 9=17, 10=27, 11=24, 12=25, 13=26, 14=30, 15=30, 17=25, 16=24, 19=31, 18=34, 21=15, 20=23, 23=29, 22=27, 25=36, 24=22, 27=20, 26=26, 29=28, 28=33, 31=25, 30=20, 34=21, 35=28, 32=22, 33=26, 38=24, 39=24, 36=26, 37=35, 42=25, 43=16, 40=29, 41=19, 46=24, 47=30, 44=23, 45=32, 51=25, 50=29, 49=32, 48=26, 55=28, 54=31, 53=26, 52=27, 59=27, 58=25, 57=20, 56=27, 63=23, 62=29, 61=32, 60=27, 68=24, 69=30, 70=24, 71=29, 64=29, 65=31, 66=28, 67=27, 76=25, 77=26, 78=24, 79=30, 72=25, 73=25, 74=29, 75=25, 85=35, 84=28, 87=27, 86=31, 81=25, 80=30, 83=24, 82=21, 93=25, 92=27, 95=25, 94=27, 89=22, 88=25, 91=23, 90=24, 98=27, 99=29, 96=36, 97=28}
Avg distance between not played chunks: 3.7684612660079133
Min distance between not played chunks: 1.0
Max distance between not played chunks: 24.0

HELPING PEERS LOG

[HELPING] Active nodes: 60
[HELPING] Started playbacks: 60
[HELPING] Not started playbacks node-ids: []
[HELPING] Playbacks time-window: 367
[HELPING] Missing chunks distribution [missed-chunks/nodes]: {0=55, 2=2, 3=2, 6=1}
[HELPING] Rejected chunks for ttl expiration [chunk-id/nodes]: 6 {1=5, 2=5, 3=3, 4=1, 5=1, 6=1}
[HELPING] Rejected chunks for capacity limit [chunk-id/nodes]: 0 {}
[HELPING] bandwidthUtilUp: 0.014910783874623693
[HELPING] bandwidthUtilDown: 0.011721802776784706
[HELPING] Avg # of unsent chunk for max-retries: 0.0
[HELPING] Min # of unsent chunk for max-retries: 0.0
[HELPING] Max # of unsent chunk for max-retries: 0.0
[HELPING] Avg # of unsent chunk-reqs for max-retries: 0.0
[HELPING] Min # of unsent chunk-reqs for max-retries: 0.0
[HELPING] Max # of unsent chunk-reqs for max-retries: 0.0
[HELPING] Avg % of chunks received by Pastry: 10.2
[HELPING] Min % of chunks received by Pastry: 0.0
[HELPING] Max % of chunks received by Pastry: 17.0
[HELPING] StD of chunks received by Pastry: 4.609496461341375
[HELPING] Var of chunks received by Pastry: 21.247457627118656
[HELPING] Avg % of chunks received by StarStream: 88.88333333333334
[HELPING] Min % of chunks received by StarStream: 82.0
[HELPING] Max % of chunks received by StarStream: 100.0
[HELPING] StD of chunks received by StarStream: 4.801453405195001
[HELPING] Var of chunks received by StarStream: 23.05395480225867
[HELPING] Latency: 10.698400939614523
[HELPING] Min of perceived avg chunk delivery-time: 8.66
[HELPING] Max of perceived avg chunk delivery-time: 12.8659793814433
[HELPING] Variance of perceived avg chunk delivery-time: 0.602794125755785
[HELPING] StD of perceived avg chunk delivery-time: 0.7763981747504208
[HELPING] Avg messages sent per node: 3063.7833333333333
[HELPING] Min messages sent per node: 685.0
[HELPING] Max messages sent per node: 5705.0
[HELPING] Variance of messages sent per node: 2155864.070903955
[HELPING] StD of messages sent per node: 1468.2860998129604
[HELPING] Nodes with incomplete playbacks: 55
[HELPING] Packet Loss: 43.28333333333333
[HELPING] Min % of not played chunks: 0.0
[HELPING] Max % of not played chunks: 99.0
[HELPING] Not played chunks [chunk-id/nodes]: {1=34, 2=34, 3=27, 4=21, 5=24, 6=23, 7=26, 8=29, 9=22, 10=27, 11=26, 12=22, 13=30, 14=24, 15=26, 17=23, 16=26, 19=23, 18=28, 21=26, 20=24, 23=31, 22=22, 25=30, 24=25, 27=22, 26=24, 29=19, 28=26, 31=28, 30=24, 34=30, 35=28, 32=26, 33=28, 38=25, 39=27, 36=26, 37=28, 42=21, 43=24, 40=28, 41=24, 46=23, 47=28, 44=24, 45=28, 51=25, 50=28, 49=31, 48=27, 55=23, 54=28, 53=27, 52=24, 59=26, 58=28, 57=27, 56=29, 63=26, 62=31, 61=23, 60=31, 68=22, 69=29, 70=25, 71=24, 64=23, 65=26, 66=28, 67=22, 76=27, 77=24, 78=27, 79=27, 72=27, 73=29, 74=27, 75=27, 85=33, 84=27, 87=27, 86=27, 81=26, 80=25, 83=28, 82=21, 93=21, 92=30, 95=27, 94=26, 89=21, 88=30, 91=26, 90=27, 98=28, 99=28, 96=31, 97=26}
[HELPING] Avg distance between not played chunks: 4.0266467947534474
[HELPING] Min distance between not played chunks: 1.0
[HELPING] Max distance between not played chunks: 43.5

