Total chunks: 100
Nodes x chunk: 9
Total nodes: 60
Active nodes: 60
Started playbacks: 60
Not started playbacks node-ids: []
Playbacks time-window: 217
Missing chunks distribution [missed-chunks/nodes]: {0=56, 2=3, 3=1}
Rejected chunks for ttl expiration [chunk-id/nodes]: 3 {1=4, 2=4, 3=1}
Rejected chunks for capacity limit [chunk-id/nodes]: 0 {}
bandwidthUtilUp: 0.012064701361440446
bandwidthUtilDown: 0.007121297760210837
Avg # of unsent chunk for max-retries: 0.0
Min # of unsent chunk for max-retries: 0.0
Max # of unsent chunk for max-retries: 0.0
Avg # of unsent chunk-reqs for max-retries: 0.0
Min # of unsent chunk-reqs for max-retries: 0.0
Max # of unsent chunk-reqs for max-retries: 0.0
Avg % of chunks received by Pastry: 3.316666666666667
Min % of chunks received by Pastry: 0.0
Max % of chunks received by Pastry: 11.0
StD of chunks received by Pastry: 2.819374054022838
Var of chunks received by Pastry: 7.9488700564971735
Avg % of chunks received by StarStream: 95.86666666666666
Min % of chunks received by StarStream: 88.0
Max % of chunks received by StarStream: 100.0
StD of chunks received by StarStream: 3.0223274602261068
Var of chunks received by StarStream: 9.13446327683679
[MOJO] Startup Delay: 98.03333333333333
[MOJO] Latency: 6.135543969748683
Min of perceived avg chunk delivery-time: 5.21
Max of perceived avg chunk delivery-time: 7.329896907216495
Variance of perceived avg chunk delivery-time: 0.24398793894515744
StD of perceived avg chunk delivery-time: 0.49395135281235686
Avg messages sent per node: 17671.35
Min messages sent per node: 14384.0
Max messages sent per node: 20193.0
Variance of messages sent per node: 2232023.1466102195
StD of messages sent per node: 1493.9956983238671
Nodes with incomplete playbacks: 34
[MOJO] Packet Loss: 28.65
Min % of not played chunks: 0.0
Max % of not played chunks: 99.0
Not played chunks [chunk-id/nodes]: {1=26, 2=21, 3=17, 4=17, 5=16, 6=17, 7=18, 8=17, 9=17, 10=14, 11=20, 12=18, 13=14, 14=15, 15=17, 17=14, 16=19, 19=20, 18=15, 21=17, 20=19, 23=18, 22=19, 25=14, 24=22, 27=15, 26=16, 29=20, 28=18, 31=16, 30=19, 34=17, 35=17, 32=17, 33=17, 38=12, 39=15, 36=18, 37=16, 42=20, 43=15, 40=18, 41=18, 46=19, 47=23, 44=21, 45=15, 51=16, 50=15, 49=22, 48=16, 55=20, 54=17, 53=18, 52=17, 59=16, 58=18, 57=20, 56=19, 63=14, 62=18, 61=17, 60=14, 68=16, 69=19, 70=20, 71=18, 64=20, 65=16, 66=15, 67=22, 76=15, 77=16, 78=16, 79=17, 72=19, 73=19, 74=17, 75=17, 85=18, 84=13, 87=15, 86=15, 81=17, 80=18, 83=16, 82=17, 93=16, 92=17, 95=21, 94=16, 89=16, 88=18, 91=18, 90=16, 98=18, 99=15, 96=20, 97=17}
Avg distance between not played chunks: 2.272072971017872
Min distance between not played chunks: 1.0
Max distance between not played chunks: 8.0

