Total chunks: 100
Nodes x chunk: 9
Total nodes: 60
Active nodes: 60
Started playbacks: 60
Not started playbacks node-ids: []
Playbacks time-window: 303
Missing chunks distribution [missed-chunks/nodes]: {0=57, 3=1, 4=1, 5=1}
Rejected chunks for ttl expiration [chunk-id/nodes]: 4 {0=3, 1=2, 2=2, 3=1}
Rejected chunks for capacity limit [chunk-id/nodes]: 0 {}
bandwidthUtilUp: 0.011969553284668373
bandwidthUtilDown: 0.007239308311009353
Avg # of unsent chunk for max-retries: 0.0
Min # of unsent chunk for max-retries: 0.0
Max # of unsent chunk for max-retries: 0.0
Avg # of unsent chunk-reqs for max-retries: 0.0
Min # of unsent chunk-reqs for max-retries: 0.0
Max # of unsent chunk-reqs for max-retries: 0.0
Avg % of chunks received by Pastry: 10.466666666666667
Min % of chunks received by Pastry: 0.0
Max % of chunks received by Pastry: 20.0
StD of chunks received by Pastry: 3.993497539609866
Var of chunks received by Pastry: 15.948022598870056
Avg % of chunks received by StarStream: 88.61666666666666
Min % of chunks received by StarStream: 80.0
Max % of chunks received by StarStream: 100.0
StD of chunks received by StarStream: 4.137843811990772
Var of chunks received by StarStream: 17.12175141243032
[NONMOJO] Startup Delay: 95.63333333333334
[MOJO] Startup Delay: 63.6
[MOJO] Latency: 8.542671560140963
Min of perceived avg chunk delivery-time: 6.89
Max of perceived avg chunk delivery-time: 12.052631578947368
Variance of perceived avg chunk delivery-time: 0.9073982944829787
StD of perceived avg chunk delivery-time: 0.9525745611147606
Avg messages sent per node: 3545.4
Min messages sent per node: 1773.0
Max messages sent per node: 7452.0
Variance of messages sent per node: 1900408.5491525412
StD of messages sent per node: 1378.5530635969517
Nodes with incomplete playbacks: 34
[MOJO] Continuity Index: 68.76666666666667
[MOJO] Packet Loss: 31.233333333333334
Min % of not played chunks: 0.0
Max % of not played chunks: 99.0
Not played chunks [chunk-id/nodes]: {1=25, 2=21, 3=21, 4=21, 5=17, 6=18, 7=19, 8=19, 9=16, 10=22, 11=17, 12=21, 13=20, 14=17, 15=20, 17=22, 16=19, 19=14, 18=18, 21=20, 20=16, 23=18, 22=18, 25=20, 24=20, 27=20, 26=15, 29=17, 28=17, 31=16, 30=15, 34=20, 35=17, 32=16, 33=21, 38=18, 39=17, 36=20, 37=12, 42=19, 43=18, 40=21, 41=20, 46=18, 47=15, 44=21, 45=18, 51=18, 50=19, 49=15, 48=19, 55=19, 54=19, 53=19, 52=20, 59=19, 58=18, 57=17, 56=18, 63=17, 62=19, 61=20, 60=17, 68=23, 69=20, 70=21, 71=18, 64=21, 65=21, 66=18, 67=22, 76=23, 77=20, 78=18, 79=19, 72=21, 73=23, 74=21, 75=18, 85=21, 84=19, 87=18, 86=18, 81=19, 80=21, 83=20, 82=18, 93=19, 92=22, 95=17, 94=16, 89=20, 88=19, 91=14, 90=20, 98=21, 99=20, 96=21, 97=21}
Avg distance between not played chunks: 2.8522636905232224
Min distance between not played chunks: 1.0
Max distance between not played chunks: 24.0

HELPING PEERS LOG

[HELPING] Active nodes: 0
[HELPING] Started playbacks: 0
[HELPING] Not started playbacks node-ids: []
[HELPING] Playbacks time-window: -9223372036854775807
[HELPING] Missing chunks distribution [missed-chunks/nodes]: {}
[HELPING] Rejected chunks for ttl expiration [chunk-id/nodes]: 0 {}
[HELPING] Rejected chunks for capacity limit [chunk-id/nodes]: 0 {}
[HELPING] bandwidthUtilUp: NaN
[HELPING] bandwidthUtilDown: NaN
[HELPING] Avg # of unsent chunk for max-retries: NaN
[HELPING] Min # of unsent chunk for max-retries: Infinity
[HELPING] Max # of unsent chunk for max-retries: -Infinity
[HELPING] Avg # of unsent chunk-reqs for max-retries: NaN
[HELPING] Min # of unsent chunk-reqs for max-retries: Infinity
[HELPING] Max # of unsent chunk-reqs for max-retries: -Infinity
[HELPING] Avg % of chunks received by Pastry: NaN
[HELPING] Min % of chunks received by Pastry: Infinity
[HELPING] Max % of chunks received by Pastry: -Infinity
[HELPING] StD of chunks received by Pastry: 0.0
[HELPING] Var of chunks received by Pastry: 0.0
[HELPING] Avg % of chunks received by StarStream: NaN
[HELPING] Min % of chunks received by StarStream: Infinity
[HELPING] Max % of chunks received by StarStream: -Infinity
[HELPING] StD of chunks received by StarStream: 0.0
[HELPING] Var of chunks received by StarStream: 0.0
[HELPING] Latency: NaN
[HELPING] Min of perceived avg chunk delivery-time: Infinity
[HELPING] Max of perceived avg chunk delivery-time: -Infinity
[HELPING] Variance of perceived avg chunk delivery-time: 0.0
[HELPING] StD of perceived avg chunk delivery-time: 0.0
[HELPING] Avg messages sent per node: NaN
[HELPING] Min messages sent per node: Infinity
[HELPING] Max messages sent per node: -Infinity
[HELPING] Variance of messages sent per node: 0.0
[HELPING] StD of messages sent per node: 0.0
[HELPING] Nodes with incomplete playbacks: 0
[HELPING] Packet Loss: NaN
[HELPING] Min % of not played chunks: Infinity
[HELPING] Max % of not played chunks: -Infinity
[HELPING] Not played chunks [chunk-id/nodes]: {}
[HELPING] Avg distance between not played chunks: NaN
[HELPING] Min distance between not played chunks: Infinity
[HELPING] Max distance between not played chunks: -Infinity

