Total chunks: 100
Nodes x chunk: 9
Total nodes: 60
Active nodes: 60
Started playbacks: 60
Not started playbacks node-ids: []
Playbacks time-window: 170
Missing chunks distribution [missed-chunks/nodes]: {0=57, 3=3}
Rejected chunks for ttl expiration [chunk-id/nodes]: 3 {0=7, 1=2, 2=3}
Rejected chunks for capacity limit [chunk-id/nodes]: 0 {}
bandwidthUtilUp: 0.012514771254118175
bandwidthUtilDown: 0.007750609232069275
Avg # of unsent chunk for max-retries: 0.0
Min # of unsent chunk for max-retries: 0.0
Max # of unsent chunk for max-retries: 0.0
Avg # of unsent chunk-reqs for max-retries: 0.0
Min # of unsent chunk-reqs for max-retries: 0.0
Max # of unsent chunk-reqs for max-retries: 0.0
Avg % of chunks received by Pastry: 8.633333333333333
Min % of chunks received by Pastry: 0.0
Max % of chunks received by Pastry: 20.0
StD of chunks received by Pastry: 4.3645982076388545
Var of chunks received by Pastry: 19.049717514124303
Avg % of chunks received by StarStream: 90.43333333333334
Min % of chunks received by StarStream: 79.0
Max % of chunks received by StarStream: 100.0
StD of chunks received by StarStream: 4.488654876337642
Var of chunks received by StarStream: 20.14802259886969
[NONMOJO] Startup Delay: 90.36666666666666
[MOJO] Startup Delay: 73.5
[MOJO] Latency: 8.130842170566028
Min of perceived avg chunk delivery-time: 6.4
Max of perceived avg chunk delivery-time: 10.97938144329897
Variance of perceived avg chunk delivery-time: 0.7720475009018165
StD of perceived avg chunk delivery-time: 0.8786623361120109
Avg messages sent per node: 4320.0
Min messages sent per node: 2069.0
Max messages sent per node: 8174.0
Variance of messages sent per node: 2558592.61016949
StD of messages sent per node: 1599.560130213769
Nodes with incomplete playbacks: 44
[MOJO] Continuity Index: 63.13333333333333
[MOJO] Packet Loss: 36.86666666666667
Min % of not played chunks: 0.0
Max % of not played chunks: 99.0
Not played chunks [chunk-id/nodes]: {1=26, 2=26, 3=19, 4=21, 5=23, 6=23, 7=24, 8=25, 9=19, 10=17, 11=21, 12=20, 13=21, 14=22, 15=22, 17=20, 16=21, 19=26, 18=21, 21=25, 20=23, 23=21, 22=26, 25=25, 24=21, 27=24, 26=21, 29=24, 28=25, 31=24, 30=22, 34=23, 35=23, 32=19, 33=24, 38=21, 39=21, 36=27, 37=20, 42=21, 43=22, 40=20, 41=24, 46=24, 47=23, 44=19, 45=24, 51=20, 50=17, 49=24, 48=23, 55=22, 54=24, 53=19, 52=21, 59=21, 58=23, 57=24, 56=21, 63=21, 62=23, 61=22, 60=23, 68=25, 69=24, 70=20, 71=24, 64=23, 65=25, 66=21, 67=22, 76=23, 77=23, 78=23, 79=25, 72=21, 73=22, 74=20, 75=27, 85=23, 84=24, 87=22, 86=21, 81=25, 80=22, 83=24, 82=25, 93=22, 92=23, 95=19, 94=18, 89=22, 88=19, 91=23, 90=21, 98=23, 99=20, 96=25, 97=22}
Avg distance between not played chunks: 3.085570298207431
Min distance between not played chunks: 1.0
Max distance between not played chunks: 20.666666666666668

HELPING PEERS LOG

[HELPING] Active nodes: 0
[HELPING] Started playbacks: 0
[HELPING] Not started playbacks node-ids: []
[HELPING] Playbacks time-window: -9223372036854775807
[HELPING] Missing chunks distribution [missed-chunks/nodes]: {}
[HELPING] Rejected chunks for ttl expiration [chunk-id/nodes]: 0 {}
[HELPING] Rejected chunks for capacity limit [chunk-id/nodes]: 0 {}
[HELPING] bandwidthUtilUp: NaN
[HELPING] bandwidthUtilDown: NaN
[HELPING] Avg # of unsent chunk for max-retries: NaN
[HELPING] Min # of unsent chunk for max-retries: Infinity
[HELPING] Max # of unsent chunk for max-retries: -Infinity
[HELPING] Avg # of unsent chunk-reqs for max-retries: NaN
[HELPING] Min # of unsent chunk-reqs for max-retries: Infinity
[HELPING] Max # of unsent chunk-reqs for max-retries: -Infinity
[HELPING] Avg % of chunks received by Pastry: NaN
[HELPING] Min % of chunks received by Pastry: Infinity
[HELPING] Max % of chunks received by Pastry: -Infinity
[HELPING] StD of chunks received by Pastry: 0.0
[HELPING] Var of chunks received by Pastry: 0.0
[HELPING] Avg % of chunks received by StarStream: NaN
[HELPING] Min % of chunks received by StarStream: Infinity
[HELPING] Max % of chunks received by StarStream: -Infinity
[HELPING] StD of chunks received by StarStream: 0.0
[HELPING] Var of chunks received by StarStream: 0.0
[HELPING] Latency: NaN
[HELPING] Min of perceived avg chunk delivery-time: Infinity
[HELPING] Max of perceived avg chunk delivery-time: -Infinity
[HELPING] Variance of perceived avg chunk delivery-time: 0.0
[HELPING] StD of perceived avg chunk delivery-time: 0.0
[HELPING] Avg messages sent per node: NaN
[HELPING] Min messages sent per node: Infinity
[HELPING] Max messages sent per node: -Infinity
[HELPING] Variance of messages sent per node: 0.0
[HELPING] StD of messages sent per node: 0.0
[HELPING] Nodes with incomplete playbacks: 0
[HELPING] Packet Loss: NaN
[HELPING] Min % of not played chunks: Infinity
[HELPING] Max % of not played chunks: -Infinity
[HELPING] Not played chunks [chunk-id/nodes]: {}
[HELPING] Avg distance between not played chunks: NaN
[HELPING] Min distance between not played chunks: Infinity
[HELPING] Max distance between not played chunks: -Infinity

