Total chunks: 100
Nodes x chunk: 9
Total nodes: 60
Active nodes: 60
Started playbacks: 60
Not started playbacks node-ids: []
Playbacks time-window: 208
Missing chunks distribution [missed-chunks/nodes]: {0=59, 4=1}
Rejected chunks for ttl expiration [chunk-id/nodes]: 3 {1=1, 2=1, 3=1}
Rejected chunks for capacity limit [chunk-id/nodes]: 0 {}
bandwidthUtilUp: 0.01127726864042351
bandwidthUtilDown: 0.006650064281338612
Avg # of unsent chunk for max-retries: 0.0
Min # of unsent chunk for max-retries: 0.0
Max # of unsent chunk for max-retries: 0.0
Avg # of unsent chunk-reqs for max-retries: 0.0
Min # of unsent chunk-reqs for max-retries: 0.0
Max # of unsent chunk-reqs for max-retries: 0.0
Avg % of chunks received by Pastry: 10.966666666666667
Min % of chunks received by Pastry: 0.0
Max % of chunks received by Pastry: 20.0
StD of chunks received by Pastry: 4.576900981982248
Var of chunks received by Pastry: 20.94802259887006
Avg % of chunks received by StarStream: 88.16666666666667
Min % of chunks received by StarStream: 80.0
Max % of chunks received by StarStream: 100.0
StD of chunks received by StarStream: 4.709048868183152
Var of chunks received by StarStream: 22.17514124293703
[NONMOJO] Startup Delay: 94.08333333333333
[MOJO] Startup Delay: 113.7
[MOJO] Latency: 9.112986076753936
Min of perceived avg chunk delivery-time: 7.06
Max of perceived avg chunk delivery-time: 11.63
Variance of perceived avg chunk delivery-time: 1.1016941145820025
StD of perceived avg chunk delivery-time: 1.0496161748858497
Avg messages sent per node: 2815.6666666666665
Min messages sent per node: 1374.0
Max messages sent per node: 6549.0
Variance of messages sent per node: 962898.3954802272
StD of messages sent per node: 981.2738636487916
Nodes with incomplete playbacks: 33
[MOJO] Continuity Index: 74.53333333333333
[MOJO] Packet Loss: 25.466666666666665
Min % of not played chunks: 0.0
Max % of not played chunks: 99.0
Not played chunks [chunk-id/nodes]: {1=16, 2=20, 3=22, 4=13, 5=14, 6=15, 7=14, 8=14, 9=17, 10=14, 11=15, 12=16, 13=18, 14=13, 15=13, 17=18, 16=15, 19=15, 18=16, 21=14, 20=14, 23=18, 22=17, 25=18, 24=13, 27=13, 26=19, 29=17, 28=16, 31=19, 30=18, 34=12, 35=14, 32=13, 33=15, 38=15, 39=15, 36=17, 37=11, 42=18, 43=18, 40=16, 41=15, 46=15, 47=15, 44=18, 45=13, 51=13, 50=15, 49=15, 48=17, 55=13, 54=15, 53=15, 52=14, 59=23, 58=14, 57=15, 56=15, 63=17, 62=12, 61=16, 60=16, 68=13, 69=14, 70=18, 71=15, 64=14, 65=15, 66=15, 67=16, 76=14, 77=18, 78=15, 79=17, 72=16, 73=13, 74=14, 75=15, 85=15, 84=14, 87=19, 86=13, 81=16, 80=13, 83=17, 82=17, 93=14, 92=15, 95=16, 94=11, 89=17, 88=13, 91=14, 90=16, 98=16, 99=17, 96=18, 97=16}
Avg distance between not played chunks: 5.20885000858705
Min distance between not played chunks: 1.0
Max distance between not played chunks: 50.0

HELPING PEERS LOG

[HELPING] Active nodes: 0
[HELPING] Started playbacks: 0
[HELPING] Not started playbacks node-ids: []
[HELPING] Playbacks time-window: -9223372036854775807
[HELPING] Missing chunks distribution [missed-chunks/nodes]: {}
[HELPING] Rejected chunks for ttl expiration [chunk-id/nodes]: 0 {}
[HELPING] Rejected chunks for capacity limit [chunk-id/nodes]: 0 {}
[HELPING] bandwidthUtilUp: NaN
[HELPING] bandwidthUtilDown: NaN
[HELPING] Avg # of unsent chunk for max-retries: NaN
[HELPING] Min # of unsent chunk for max-retries: Infinity
[HELPING] Max # of unsent chunk for max-retries: -Infinity
[HELPING] Avg # of unsent chunk-reqs for max-retries: NaN
[HELPING] Min # of unsent chunk-reqs for max-retries: Infinity
[HELPING] Max # of unsent chunk-reqs for max-retries: -Infinity
[HELPING] Avg % of chunks received by Pastry: NaN
[HELPING] Min % of chunks received by Pastry: Infinity
[HELPING] Max % of chunks received by Pastry: -Infinity
[HELPING] StD of chunks received by Pastry: 0.0
[HELPING] Var of chunks received by Pastry: 0.0
[HELPING] Avg % of chunks received by StarStream: NaN
[HELPING] Min % of chunks received by StarStream: Infinity
[HELPING] Max % of chunks received by StarStream: -Infinity
[HELPING] StD of chunks received by StarStream: 0.0
[HELPING] Var of chunks received by StarStream: 0.0
[HELPING] Latency: NaN
[HELPING] Min of perceived avg chunk delivery-time: Infinity
[HELPING] Max of perceived avg chunk delivery-time: -Infinity
[HELPING] Variance of perceived avg chunk delivery-time: 0.0
[HELPING] StD of perceived avg chunk delivery-time: 0.0
[HELPING] Avg messages sent per node: NaN
[HELPING] Min messages sent per node: Infinity
[HELPING] Max messages sent per node: -Infinity
[HELPING] Variance of messages sent per node: 0.0
[HELPING] StD of messages sent per node: 0.0
[HELPING] Nodes with incomplete playbacks: 0
[HELPING] Packet Loss: NaN
[HELPING] Min % of not played chunks: Infinity
[HELPING] Max % of not played chunks: -Infinity
[HELPING] Not played chunks [chunk-id/nodes]: {}
[HELPING] Avg distance between not played chunks: NaN
[HELPING] Min distance between not played chunks: Infinity
[HELPING] Max distance between not played chunks: -Infinity

