Total chunks: 100
Nodes x chunk: 9
Total nodes: 96
Active nodes: 60
Started playbacks: 60
Not started playbacks node-ids: []
Playbacks time-window: 142
Missing chunks distribution [missed-chunks/nodes]: {0=60}
Rejected chunks for ttl expiration [chunk-id/nodes]: 0 {}
Rejected chunks for capacity limit [chunk-id/nodes]: 0 {}
bandwidthUtilUp: 0.013600106598644383
bandwidthUtilDown: 0.007154554134877292
Avg # of unsent chunk for max-retries: 0.0
Min # of unsent chunk for max-retries: 0.0
Max # of unsent chunk for max-retries: 0.0
Avg # of unsent chunk-reqs for max-retries: 0.0
Min # of unsent chunk-reqs for max-retries: 0.0
Max # of unsent chunk-reqs for max-retries: 0.0
Avg % of chunks received by Pastry: 8.7
Min % of chunks received by Pastry: 0.0
Max % of chunks received by Pastry: 14.0
StD of chunks received by Pastry: 3.0437488036401805
Var of chunks received by Pastry: 9.26440677966103
Avg % of chunks received by StarStream: 90.33333333333333
Min % of chunks received by StarStream: 85.0
Max % of chunks received by StarStream: 100.0
StD of chunks received by StarStream: 3.0899874755200507
Var of chunks received by StarStream: 9.548022598870775
[NONMOJO] Startup Delay: 143.5
[MOJO] Startup Delay: 101.1
[MOJO] Latency: 22.265196719380388
Min of perceived avg chunk delivery-time: 7.5
Max of perceived avg chunk delivery-time: 257.0
Variance of perceived avg chunk delivery-time: 1557.3801615443688
StD of perceived avg chunk delivery-time: 39.463656211055365
Avg messages sent per node: 7766.066666666667
Min messages sent per node: 3988.0
Max messages sent per node: 13077.0
Variance of messages sent per node: 4197010.741242935
StD of messages sent per node: 2048.660718919298
Nodes with incomplete playbacks: 56
[MOJO] Continuity Index: 41.833333333333336
[MOJO] Packet Loss: 58.166666666666664
Min % of not played chunks: 0.0
Max % of not played chunks: 99.0
Not played chunks [chunk-id/nodes]: {1=35, 2=35, 3=35, 4=35, 5=33, 6=38, 7=34, 8=37, 9=38, 10=34, 11=35, 12=30, 13=30, 14=33, 15=38, 17=34, 16=33, 19=37, 18=38, 21=25, 20=38, 23=34, 22=36, 25=34, 24=38, 27=33, 26=25, 29=42, 28=35, 31=31, 30=29, 34=36, 35=29, 32=39, 33=42, 38=31, 39=32, 36=33, 37=36, 42=35, 43=29, 40=39, 41=42, 46=36, 47=27, 44=32, 45=38, 51=35, 50=33, 49=35, 48=34, 55=37, 54=36, 53=38, 52=36, 59=30, 58=42, 57=36, 56=41, 63=39, 62=33, 61=34, 60=31, 68=33, 69=33, 70=42, 71=34, 64=34, 65=41, 66=38, 67=40, 76=33, 77=37, 78=41, 79=34, 72=31, 73=37, 74=36, 75=38, 85=35, 84=28, 87=32, 86=37, 81=43, 80=36, 83=33, 82=41, 93=34, 92=36, 95=36, 94=35, 89=33, 88=44, 91=38, 90=41, 98=24, 99=41, 96=37, 97=36}
Avg distance between not played chunks: 2.2616994263654107
Min distance between not played chunks: 1.0
Max distance between not played chunks: 19.0

HELPING PEERS LOG

[HELPING] Active nodes: 36
[HELPING] Started playbacks: 36
[HELPING] Not started playbacks node-ids: []
[HELPING] Playbacks time-window: 200
[HELPING] Missing chunks distribution [missed-chunks/nodes]: {0=34, 2=1, 3=1}
[HELPING] Rejected chunks for ttl expiration [chunk-id/nodes]: 2 {2=2, 3=1}
[HELPING] Rejected chunks for capacity limit [chunk-id/nodes]: 0 {}
[HELPING] bandwidthUtilUp: 0.018805035794852504
[HELPING] bandwidthUtilDown: 0.014577146567596226
[HELPING] Avg # of unsent chunk for max-retries: 0.0
[HELPING] Min # of unsent chunk for max-retries: 0.0
[HELPING] Max # of unsent chunk for max-retries: 0.0
[HELPING] Avg # of unsent chunk-reqs for max-retries: 0.0
[HELPING] Min # of unsent chunk-reqs for max-retries: 0.0
[HELPING] Max # of unsent chunk-reqs for max-retries: 0.0
[HELPING] Avg % of chunks received by Pastry: 7.277777777777778
[HELPING] Min % of chunks received by Pastry: 0.0
[HELPING] Max % of chunks received by Pastry: 13.0
[HELPING] StD of chunks received by Pastry: 3.534411336002573
[HELPING] Var of chunks received by Pastry: 12.492063492063492
[HELPING] Avg % of chunks received by StarStream: 91.80555555555556
[HELPING] Min % of chunks received by StarStream: 86.0
[HELPING] Max % of chunks received by StarStream: 100.0
[HELPING] StD of chunks received by StarStream: 3.701887120641135
[HELPING] Var of chunks received by StarStream: 13.703968253968714
[HELPING] Latency: 9.546006988276412
[HELPING] Min of perceived avg chunk delivery-time: 8.444444444444445
[HELPING] Max of perceived avg chunk delivery-time: 12.177083333333334
[HELPING] Variance of perceived avg chunk delivery-time: 0.6947827327230454
[HELPING] StD of perceived avg chunk delivery-time: 0.8335362815876975
[HELPING] Avg messages sent per node: 3181.5833333333335
[HELPING] Min messages sent per node: 881.0
[HELPING] Max messages sent per node: 6983.0
[HELPING] Variance of messages sent per node: 2986288.478571427
[HELPING] StD of messages sent per node: 1728.0880991926965
[HELPING] Nodes with incomplete playbacks: 23
[HELPING] Packet Loss: 32.083333333333336
[HELPING] Min % of not played chunks: 0.0
[HELPING] Max % of not played chunks: 99.0
[HELPING] Not played chunks [chunk-id/nodes]: {1=15, 2=13, 3=12, 4=12, 5=13, 6=12, 7=13, 8=12, 9=10, 10=10, 11=9, 12=13, 13=9, 14=12, 15=13, 17=11, 16=10, 19=12, 18=11, 21=13, 20=12, 23=10, 22=10, 25=10, 24=14, 27=9, 26=7, 29=13, 28=10, 31=12, 30=14, 34=9, 35=10, 32=13, 33=14, 38=12, 39=11, 36=11, 37=10, 42=12, 43=8, 40=12, 41=14, 46=12, 47=12, 44=9, 45=13, 51=10, 50=11, 49=11, 48=12, 55=12, 54=14, 53=12, 52=13, 59=12, 58=12, 57=13, 56=12, 63=13, 62=15, 61=13, 60=9, 68=11, 69=11, 70=13, 71=9, 64=15, 65=13, 66=13, 67=13, 76=12, 77=9, 78=14, 79=10, 72=10, 73=11, 74=14, 75=12, 85=11, 84=10, 87=10, 86=15, 81=10, 80=11, 83=12, 82=13, 93=13, 92=10, 95=13, 94=11, 89=11, 88=10, 91=16, 90=9, 98=10, 99=13, 96=10, 97=15}
[HELPING] Avg distance between not played chunks: 2.6481865644970117
[HELPING] Min distance between not played chunks: 1.0
[HELPING] Max distance between not played chunks: 12.25

