Total chunks: 100
Nodes x chunk: 9
Total nodes: 60
Active nodes: 60
Started playbacks: 60
Not started playbacks node-ids: []
Playbacks time-window: 276
Missing chunks distribution [missed-chunks/nodes]: {0=58, 2=1, 4=1}
Rejected chunks for ttl expiration [chunk-id/nodes]: 4 {1=2, 2=2, 3=1, 4=1}
Rejected chunks for capacity limit [chunk-id/nodes]: 0 {}
bandwidthUtilUp: 0.011817109500805105
bandwidthUtilDown: 0.006975355731225327
Avg # of unsent chunk for max-retries: 0.0
Min # of unsent chunk for max-retries: 0.0
Max # of unsent chunk for max-retries: 0.0
Avg # of unsent chunk-reqs for max-retries: 0.0
Min # of unsent chunk-reqs for max-retries: 0.0
Max # of unsent chunk-reqs for max-retries: 0.0
Avg % of chunks received by Pastry: 3.566666666666667
Min % of chunks received by Pastry: 0.0
Max % of chunks received by Pastry: 12.0
StD of chunks received by Pastry: 2.751681560869531
Var of chunks received by Pastry: 7.5717514124293785
Avg % of chunks received by StarStream: 95.6
Min % of chunks received by StarStream: 87.0
Max % of chunks received by StarStream: 100.0
StD of chunks received by StarStream: 2.9641930905336378
Var of chunks received by StarStream: 8.78644067796736
[MOJO] Startup Delay: 95.1
[MOJO] Latency: 6.233625642892134
Min of perceived avg chunk delivery-time: 5.48
Max of perceived avg chunk delivery-time: 7.454545454545454
Variance of perceived avg chunk delivery-time: 0.2064445705917561
StD of perceived avg chunk delivery-time: 0.45436171778854356
Avg messages sent per node: 17306.616666666665
Min messages sent per node: 13452.0
Max messages sent per node: 20231.0
Variance of messages sent per node: 2163243.867514214
StD of messages sent per node: 1470.7970177812485
Nodes with incomplete playbacks: 33
[MOJO] Packet Loss: 30.016666666666666
Min % of not played chunks: 0.0
Max % of not played chunks: 99.0
Not played chunks [chunk-id/nodes]: {1=23, 2=18, 3=19, 4=23, 5=21, 6=20, 7=16, 8=18, 9=21, 10=19, 11=17, 12=18, 13=18, 14=18, 15=16, 17=18, 16=14, 19=18, 18=17, 21=18, 20=17, 23=18, 22=18, 25=18, 24=18, 27=19, 26=20, 29=15, 28=21, 31=17, 30=19, 34=19, 35=19, 32=17, 33=18, 38=18, 39=15, 36=18, 37=16, 42=20, 43=17, 40=18, 41=19, 46=21, 47=19, 44=17, 45=19, 51=16, 50=17, 49=17, 48=17, 55=18, 54=18, 53=17, 52=16, 59=21, 58=19, 57=21, 56=19, 63=15, 62=20, 61=21, 60=16, 68=17, 69=21, 70=19, 71=15, 64=21, 65=18, 66=20, 67=20, 76=20, 77=18, 78=18, 79=17, 72=18, 73=14, 74=20, 75=15, 85=11, 84=19, 87=19, 86=20, 81=18, 80=20, 83=23, 82=17, 93=19, 92=14, 95=17, 94=16, 89=21, 88=18, 91=16, 90=17, 98=17, 99=20, 96=21, 97=19}
Avg distance between not played chunks: 2.022542389950179
Min distance between not played chunks: 1.0
Max distance between not played chunks: 6.769230769230769

