Total chunks: 100
Nodes x chunk: 9
Total nodes: 60
Active nodes: 60
Started playbacks: 60
Not started playbacks node-ids: []
Playbacks time-window: 128
Missing chunks distribution [missed-chunks/nodes]: {0=60}
Rejected chunks for ttl expiration [chunk-id/nodes]: 0 {}
Rejected chunks for capacity limit [chunk-id/nodes]: 0 {}
bandwidthUtilUp: 0.011990404040403998
bandwidthUtilDown: 0.007075917874396164
Avg # of unsent chunk for max-retries: 0.0
Min # of unsent chunk for max-retries: 0.0
Max # of unsent chunk for max-retries: 0.0
Avg # of unsent chunk-reqs for max-retries: 0.0
Min # of unsent chunk-reqs for max-retries: 0.0
Max # of unsent chunk-reqs for max-retries: 0.0
Avg % of chunks received by Pastry: 3.533333333333333
Min % of chunks received by Pastry: 0.0
Max % of chunks received by Pastry: 11.0
StD of chunks received by Pastry: 3.050238482850134
Var of chunks received by Pastry: 9.303954802259886
Avg % of chunks received by StarStream: 95.56666666666666
Min % of chunks received by StarStream: 88.0
Max % of chunks received by StarStream: 100.0
StD of chunks received by StarStream: 3.164242307177658
Var of chunks received by StarStream: 10.012429378532989
[MOJO] Startup Delay: 89.0
[MOJO] Latency: 6.1324382601525445
Min of perceived avg chunk delivery-time: 4.81
Max of perceived avg chunk delivery-time: 7.575757575757576
Variance of perceived avg chunk delivery-time: 0.33369826630252253
StD of perceived avg chunk delivery-time: 0.5776662239585438
Avg messages sent per node: 17561.533333333333
Min messages sent per node: 14575.0
Max messages sent per node: 21688.0
Variance of messages sent per node: 2433618.8632768695
StD of messages sent per node: 1560.006045910358
Nodes with incomplete playbacks: 32
[MOJO] Packet Loss: 29.183333333333334
Min % of not played chunks: 0.0
Max % of not played chunks: 99.0
Not played chunks [chunk-id/nodes]: {1=22, 2=19, 3=19, 4=17, 5=19, 6=15, 7=19, 8=15, 9=19, 10=21, 11=17, 12=16, 13=14, 14=18, 15=19, 17=13, 16=15, 19=16, 18=16, 21=20, 20=18, 23=18, 22=17, 25=17, 24=15, 27=13, 26=19, 29=18, 28=21, 31=17, 30=22, 34=16, 35=14, 32=19, 33=20, 38=14, 39=19, 36=15, 37=22, 42=18, 43=21, 40=21, 41=18, 46=19, 47=17, 44=18, 45=20, 51=15, 50=17, 49=16, 48=20, 55=14, 54=19, 53=16, 52=18, 59=15, 58=19, 57=22, 56=16, 63=15, 62=18, 61=22, 60=18, 68=15, 69=17, 70=17, 71=18, 64=19, 65=18, 66=23, 67=16, 76=19, 77=19, 78=18, 79=17, 72=19, 73=17, 74=19, 75=21, 85=16, 84=13, 87=17, 86=19, 81=16, 80=18, 83=20, 82=20, 93=20, 92=20, 95=16, 94=17, 89=16, 88=17, 91=17, 90=15, 98=16, 99=15, 96=20, 97=16}
Avg distance between not played chunks: 2.487804589909192
Min distance between not played chunks: 1.0
Max distance between not played chunks: 11.428571428571429

