Total chunks: 100
Nodes x chunk: 9
Total nodes: 60
Active nodes: 60
Started playbacks: 60
Not started playbacks node-ids: []
Playbacks time-window: 359
Missing chunks distribution [missed-chunks/nodes]: {0=56, 1=1, 2=1, 3=1, 6=1}
Rejected chunks for ttl expiration [chunk-id/nodes]: 6 {1=3, 2=4, 3=1, 4=1, 5=1, 6=1}
Rejected chunks for capacity limit [chunk-id/nodes]: 0 {}
bandwidthUtilUp: 0.010137777445199028
bandwidthUtilDown: 0.004983614828804324
Avg # of unsent chunk for max-retries: 0.0
Min # of unsent chunk for max-retries: 0.0
Max # of unsent chunk for max-retries: 0.0
Avg # of unsent chunk-reqs for max-retries: 0.0
Min # of unsent chunk-reqs for max-retries: 0.0
Max # of unsent chunk-reqs for max-retries: 0.0
Avg % of chunks received by Pastry: 14.816666666666666
Min % of chunks received by Pastry: 0.0
Max % of chunks received by Pastry: 28.0
StD of chunks received by Pastry: 6.578062325244589
Var of chunks received by Pastry: 43.27090395480225
Avg % of chunks received by StarStream: 84.3
Min % of chunks received by StarStream: 71.0
Max % of chunks received by StarStream: 100.0
StD of chunks received by StarStream: 6.646778243401041
Var of chunks received by StarStream: 44.17966101694943
[MOJO] Startup Delay: 89.4
[MOJO] Latency: 21.43315642877546
Min of perceived avg chunk delivery-time: 7.75
Max of perceived avg chunk delivery-time: 190.0
Variance of perceived avg chunk delivery-time: 1309.4350626191506
StD of perceived avg chunk delivery-time: 36.18611698730814
Avg messages sent per node: 1903.7
Min messages sent per node: 1375.0
Max messages sent per node: 2522.0
Variance of messages sent per node: 66106.34915254236
StD of messages sent per node: 257.1115500177741
Nodes with incomplete playbacks: 43
[MOJO] Packet Loss: 28.133333333333333
Min % of not played chunks: 0.0
Max % of not played chunks: 99.0
Not played chunks [chunk-id/nodes]: {1=25, 2=25, 3=19, 4=15, 5=20, 6=15, 7=17, 8=17, 9=13, 10=18, 11=15, 12=16, 13=19, 14=17, 15=16, 17=16, 16=20, 19=13, 18=13, 21=15, 20=13, 23=13, 22=13, 25=15, 24=16, 27=18, 26=13, 29=16, 28=16, 31=22, 30=16, 34=15, 35=14, 32=15, 33=18, 38=17, 39=15, 36=17, 37=17, 42=20, 43=22, 40=12, 41=16, 46=21, 47=16, 44=16, 45=14, 51=21, 50=17, 49=14, 48=15, 55=19, 54=18, 53=25, 52=19, 59=12, 58=16, 57=15, 56=22, 63=20, 62=21, 61=18, 60=14, 68=20, 69=16, 70=20, 71=18, 64=19, 65=16, 66=17, 67=21, 76=17, 77=16, 78=14, 79=19, 72=13, 73=17, 74=16, 75=19, 85=19, 84=23, 87=18, 86=17, 81=17, 80=18, 83=19, 82=16, 93=12, 92=16, 95=14, 94=22, 89=18, 88=17, 91=14, 90=18, 98=18, 99=14, 96=16, 97=18}
Avg distance between not played chunks: 5.074497867255377
Min distance between not played chunks: 1.0
Max distance between not played chunks: 33.0

HELPING PEERS LOG

[HELPING] Active nodes: 0
[HELPING] Started playbacks: 0
[HELPING] Not started playbacks node-ids: []
[HELPING] Playbacks time-window: -9223372036854775807
[HELPING] Missing chunks distribution [missed-chunks/nodes]: {}
[HELPING] Rejected chunks for ttl expiration [chunk-id/nodes]: 0 {}
[HELPING] Rejected chunks for capacity limit [chunk-id/nodes]: 0 {}
[HELPING] bandwidthUtilUp: NaN
[HELPING] bandwidthUtilDown: NaN
[HELPING] Avg # of unsent chunk for max-retries: NaN
[HELPING] Min # of unsent chunk for max-retries: Infinity
[HELPING] Max # of unsent chunk for max-retries: -Infinity
[HELPING] Avg # of unsent chunk-reqs for max-retries: NaN
[HELPING] Min # of unsent chunk-reqs for max-retries: Infinity
[HELPING] Max # of unsent chunk-reqs for max-retries: -Infinity
[HELPING] Avg % of chunks received by Pastry: NaN
[HELPING] Min % of chunks received by Pastry: Infinity
[HELPING] Max % of chunks received by Pastry: -Infinity
[HELPING] StD of chunks received by Pastry: 0.0
[HELPING] Var of chunks received by Pastry: 0.0
[HELPING] Avg % of chunks received by StarStream: NaN
[HELPING] Min % of chunks received by StarStream: Infinity
[HELPING] Max % of chunks received by StarStream: -Infinity
[HELPING] StD of chunks received by StarStream: 0.0
[HELPING] Var of chunks received by StarStream: 0.0
[HELPING] Latency: NaN
[HELPING] Min of perceived avg chunk delivery-time: Infinity
[HELPING] Max of perceived avg chunk delivery-time: -Infinity
[HELPING] Variance of perceived avg chunk delivery-time: 0.0
[HELPING] StD of perceived avg chunk delivery-time: 0.0
[HELPING] Avg messages sent per node: NaN
[HELPING] Min messages sent per node: Infinity
[HELPING] Max messages sent per node: -Infinity
[HELPING] Variance of messages sent per node: 0.0
[HELPING] StD of messages sent per node: 0.0
[HELPING] Nodes with incomplete playbacks: 0
[HELPING] Packet Loss: NaN
[HELPING] Min % of not played chunks: Infinity
[HELPING] Max % of not played chunks: -Infinity
[HELPING] Not played chunks [chunk-id/nodes]: {}
[HELPING] Avg distance between not played chunks: NaN
[HELPING] Min distance between not played chunks: Infinity
[HELPING] Max distance between not played chunks: -Infinity

