Total chunks: 100
Nodes x chunk: 9
Total nodes: 66
Active nodes: 60
Started playbacks: 60
Not started playbacks node-ids: []
Playbacks time-window: 166
Missing chunks distribution [missed-chunks/nodes]: {0=59, 2=1}
Rejected chunks for ttl expiration [chunk-id/nodes]: 2 {1=1, 2=1}
Rejected chunks for capacity limit [chunk-id/nodes]: 0 {}
bandwidthUtilUp: 0.01199282681891373
bandwidthUtilDown: 0.007139525691699631
Avg # of unsent chunk for max-retries: 0.0
Min # of unsent chunk for max-retries: 0.0
Max # of unsent chunk for max-retries: 0.0
Avg # of unsent chunk-reqs for max-retries: 0.0
Min # of unsent chunk-reqs for max-retries: 0.0
Max # of unsent chunk-reqs for max-retries: 0.0
Avg % of chunks received by Pastry: 3.85
Min % of chunks received by Pastry: 0.0
Max % of chunks received by Pastry: 11.0
StD of chunks received by Pastry: 2.8153634199585453
Var of chunks received by Pastry: 7.926271186440676
Avg % of chunks received by StarStream: 95.25
Min % of chunks received by StarStream: 88.0
Max % of chunks received by StarStream: 100.0
StD of chunks received by StarStream: 2.9379169375941605
Var of chunks received by StarStream: 8.63135593220265
[MOJO] Startup Delay: 101.93333333333334
[MOJO] Latency: 6.377973654066436
Min of perceived avg chunk delivery-time: 5.31
Max of perceived avg chunk delivery-time: 7.391752577319588
Variance of perceived avg chunk delivery-time: 0.23839115528454516
StD of perceived avg chunk delivery-time: 0.48825316720380335
Avg messages sent per node: 17561.1
Min messages sent per node: 12896.0
Max messages sent per node: 21012.0
Variance of messages sent per node: 2073533.650847451
StD of messages sent per node: 1439.97696191552
Nodes with incomplete playbacks: 36
[MOJO] Packet Loss: 25.716666666666665
Min % of not played chunks: 0.0
Max % of not played chunks: 99.0
Not played chunks [chunk-id/nodes]: {1=21, 2=17, 3=17, 4=14, 5=16, 6=12, 7=17, 8=18, 9=15, 10=19, 11=13, 12=15, 13=18, 14=18, 15=14, 17=13, 16=19, 19=16, 18=15, 21=18, 20=13, 23=14, 22=13, 25=19, 24=15, 27=15, 26=18, 29=20, 28=17, 31=13, 30=14, 34=16, 35=12, 32=19, 33=14, 38=17, 39=20, 36=14, 37=14, 42=13, 43=14, 40=17, 41=17, 46=16, 47=16, 44=18, 45=14, 51=17, 50=14, 49=17, 48=15, 55=18, 54=16, 53=18, 52=13, 59=21, 58=17, 57=13, 56=16, 63=18, 62=13, 61=17, 60=12, 68=16, 69=14, 70=17, 71=13, 64=16, 65=15, 66=15, 67=14, 76=12, 77=17, 78=18, 79=14, 72=16, 73=16, 74=14, 75=16, 85=15, 84=13, 87=15, 86=19, 81=12, 80=17, 83=18, 82=15, 93=13, 92=13, 95=16, 94=16, 89=13, 88=12, 91=16, 90=15, 98=16, 99=13, 96=17, 97=14}
Avg distance between not played chunks: 2.8315685436931006
Min distance between not played chunks: 1.0
Max distance between not played chunks: 11.285714285714286

