Total chunks: 100
Nodes x chunk: 9
Total nodes: 120
Active nodes: 60
Started playbacks: 60
Not started playbacks node-ids: []
Playbacks time-window: 222
Missing chunks distribution [missed-chunks/nodes]: {0=58, 1=1, 3=1}
Rejected chunks for ttl expiration [chunk-id/nodes]: 3 {1=2, 2=1, 3=1}
Rejected chunks for capacity limit [chunk-id/nodes]: 0 {}
bandwidthUtilUp: 0.014119414835823125
bandwidthUtilDown: 0.00858415171498558
Avg # of unsent chunk for max-retries: 0.0
Min # of unsent chunk for max-retries: 0.0
Max # of unsent chunk for max-retries: 0.0
Avg # of unsent chunk-reqs for max-retries: 0.0
Min # of unsent chunk-reqs for max-retries: 0.0
Max # of unsent chunk-reqs for max-retries: 0.0
Avg % of chunks received by Pastry: 9.35
Min % of chunks received by Pastry: 0.0
Max % of chunks received by Pastry: 15.0
StD of chunks received by Pastry: 3.9179076048319463
Var of chunks received by Pastry: 15.35
Avg % of chunks received by StarStream: 89.71666666666667
Min % of chunks received by StarStream: 84.0
Max % of chunks received by StarStream: 100.0
StD of chunks received by StarStream: 4.034141021990943
Var of chunks received by StarStream: 16.274293785310135
[MOJO] Startup Delay: 66.9
[MOJO] Latency: 18.008861335659805
Min of perceived avg chunk delivery-time: 7.84
Max of perceived avg chunk delivery-time: 169.0
Variance of perceived avg chunk delivery-time: 609.3850488641867
StD of perceived avg chunk delivery-time: 24.685725609432403
Avg messages sent per node: 6743.083333333333
Min messages sent per node: 3874.0
Max messages sent per node: 9713.0
Variance of messages sent per node: 2317819.7387005663
StD of messages sent per node: 1522.438747109573
Nodes with incomplete playbacks: 57
[MOJO] Continuity Index: 53.38333333333333
[MOJO] Packet Loss: 46.61666666666667
Min % of not played chunks: 0.0
Max % of not played chunks: 99.0
Not played chunks [chunk-id/nodes]: {1=29, 2=36, 3=30, 4=32, 5=30, 6=30, 7=25, 8=26, 9=26, 10=33, 11=29, 12=29, 13=27, 14=35, 15=33, 17=27, 16=35, 19=23, 18=26, 21=27, 20=31, 23=27, 22=21, 25=25, 24=29, 27=24, 26=31, 29=28, 28=26, 31=34, 30=32, 34=22, 35=25, 32=29, 33=23, 38=21, 39=32, 36=30, 37=27, 42=28, 43=29, 40=25, 41=24, 46=28, 47=27, 44=27, 45=28, 51=36, 50=29, 49=31, 48=29, 55=28, 54=32, 53=25, 52=31, 59=28, 58=31, 57=33, 56=24, 63=30, 62=23, 61=28, 60=31, 68=26, 69=26, 70=20, 71=25, 64=27, 65=28, 66=28, 67=28, 76=29, 77=30, 78=33, 79=30, 72=28, 73=27, 74=24, 75=30, 85=26, 84=31, 87=35, 86=29, 81=28, 80=26, 83=21, 82=26, 93=29, 92=27, 95=33, 94=31, 89=30, 88=25, 91=28, 90=24, 98=30, 99=32, 96=29, 97=28}
Avg distance between not played chunks: 3.38648881343088
Min distance between not played chunks: 1.0
Max distance between not played chunks: 25.333333333333332

HELPING PEERS LOG

[HELPING] Active nodes: 60
[HELPING] Started playbacks: 60
[HELPING] Not started playbacks node-ids: []
[HELPING] Playbacks time-window: 763
[HELPING] Missing chunks distribution [missed-chunks/nodes]: {0=58, 1=1, 14=1}
[HELPING] Rejected chunks for ttl expiration [chunk-id/nodes]: 14 {1=3, 2=1, 3=1, 4=1, 5=1, 6=1, 7=1, 8=1, 9=1, 10=1, 11=1, 12=1, 13=1, 14=1}
[HELPING] Rejected chunks for capacity limit [chunk-id/nodes]: 0 {}
[HELPING] bandwidthUtilUp: 0.01439559419601361
[HELPING] bandwidthUtilDown: 0.0080063982971035
[HELPING] Avg # of unsent chunk for max-retries: 0.0
[HELPING] Min # of unsent chunk for max-retries: 0.0
[HELPING] Max # of unsent chunk for max-retries: 0.0
[HELPING] Avg # of unsent chunk-reqs for max-retries: 0.0
[HELPING] Min # of unsent chunk-reqs for max-retries: 0.0
[HELPING] Max # of unsent chunk-reqs for max-retries: 0.0
[HELPING] Avg % of chunks received by Pastry: 7.416666666666667
[HELPING] Min % of chunks received by Pastry: 0.0
[HELPING] Max % of chunks received by Pastry: 13.0
[HELPING] StD of chunks received by Pastry: 3.7835131493642806
[HELPING] Var of chunks received by Pastry: 14.314971751412418
[HELPING] Avg % of chunks received by StarStream: 91.68333333333334
[HELPING] Min % of chunks received by StarStream: 86.0
[HELPING] Max % of chunks received by StarStream: 100.0
[HELPING] StD of chunks received by StarStream: 3.985106453575408
[HELPING] Var of chunks received by StarStream: 15.881073446328365
[HELPING] Startup Delay: 214.68333333333334
[HELPING] Latency: 9.78279193293479
[HELPING] Min of perceived avg chunk delivery-time: 8.3
[HELPING] Max of perceived avg chunk delivery-time: 12.36734693877551
[HELPING] Variance of perceived avg chunk delivery-time: 0.6035742672694908
[HELPING] StD of perceived avg chunk delivery-time: 0.7769004230076663
[HELPING] Avg messages sent per node: 6683.933333333333
[HELPING] Min messages sent per node: 3908.0
[HELPING] Max messages sent per node: 9557.0
[HELPING] Variance of messages sent per node: 2006692.0293785303
[HELPING] StD of messages sent per node: 1416.5775761950104
[HELPING] Nodes with incomplete playbacks: 55
[HELPING] Packet Loss: 44.88333333333333
[HELPING] Min % of not played chunks: 0.0
[HELPING] Max % of not played chunks: 99.0
[HELPING] Not played chunks [chunk-id/nodes]: {1=28, 2=29, 3=26, 4=24, 5=29, 6=32, 7=30, 8=26, 9=31, 10=27, 11=28, 12=23, 13=28, 14=37, 15=27, 17=27, 16=32, 19=26, 18=19, 21=24, 20=25, 23=21, 22=24, 25=30, 24=26, 27=23, 26=26, 29=26, 28=27, 31=26, 30=29, 34=26, 35=21, 32=25, 33=25, 38=21, 39=26, 36=28, 37=22, 42=24, 43=21, 40=28, 41=31, 46=25, 47=29, 44=27, 45=29, 51=25, 50=27, 49=28, 48=29, 55=24, 54=29, 53=25, 52=36, 59=36, 58=34, 57=22, 56=30, 63=23, 62=23, 61=31, 60=28, 68=36, 69=21, 70=32, 71=24, 64=31, 65=29, 66=27, 67=31, 76=26, 77=25, 78=27, 79=30, 72=29, 73=25, 74=32, 75=27, 85=27, 84=28, 87=26, 86=21, 81=26, 80=26, 83=28, 82=26, 93=33, 92=27, 95=25, 94=34, 89=29, 88=25, 91=24, 90=25, 98=30, 99=30, 96=31, 97=26}
[HELPING] Avg distance between not played chunks: 4.659929207982555
[HELPING] Min distance between not played chunks: 1.0
[HELPING] Max distance between not played chunks: 94.0

