Total chunks: 100
Nodes x chunk: 9
Total nodes: 72
Active nodes: 60
Started playbacks: 60
Not started playbacks node-ids: []
Playbacks time-window: 205
Missing chunks distribution [missed-chunks/nodes]: {0=57, 2=1, 3=1, 4=1}
Rejected chunks for ttl expiration [chunk-id/nodes]: 3 {1=2, 2=3, 3=1}
Rejected chunks for capacity limit [chunk-id/nodes]: 0 {}
bandwidthUtilUp: 0.014694730565529395
bandwidthUtilDown: 0.008615538238686082
Avg # of unsent chunk for max-retries: 0.0
Min # of unsent chunk for max-retries: 0.0
Max # of unsent chunk for max-retries: 0.0
Avg # of unsent chunk-reqs for max-retries: 0.0
Min # of unsent chunk-reqs for max-retries: 0.0
Max # of unsent chunk-reqs for max-retries: 0.0
Avg % of chunks received by Pastry: 6.766666666666667
Min % of chunks received by Pastry: 0.0
Max % of chunks received by Pastry: 15.0
StD of chunks received by Pastry: 3.5955088118122043
Var of chunks received by Pastry: 12.927683615819209
Avg % of chunks received by StarStream: 92.33333333333333
Min % of chunks received by StarStream: 84.0
Max % of chunks received by StarStream: 100.0
StD of chunks received by StarStream: 3.785192678823595
Var of chunks received by StarStream: 14.327683615819742
[NONMOJO] Startup Delay: 114.01666666666667
[MOJO] Startup Delay: 115.9
[MOJO] Latency: 7.726884983372186
Min of perceived avg chunk delivery-time: 6.23
Max of perceived avg chunk delivery-time: 9.122448979591837
Variance of perceived avg chunk delivery-time: 0.41101934918353944
StD of perceived avg chunk delivery-time: 0.641107907597106
Avg messages sent per node: 6993.416666666667
Min messages sent per node: 4424.0
Max messages sent per node: 9965.0
Variance of messages sent per node: 2278723.908192091
StD of messages sent per node: 1509.5442716899995
Nodes with incomplete playbacks: 50
[MOJO] Continuity Index: 52.983333333333334
[MOJO] Packet Loss: 47.016666666666666
Min % of not played chunks: 0.0
Max % of not played chunks: 99.0
Not played chunks [chunk-id/nodes]: {1=38, 2=30, 3=32, 4=23, 5=25, 6=31, 7=31, 8=25, 9=30, 10=26, 11=30, 12=27, 13=29, 14=29, 15=27, 17=33, 16=27, 19=25, 18=27, 21=27, 20=30, 23=29, 22=26, 25=30, 24=29, 27=31, 26=26, 29=22, 28=24, 31=28, 30=29, 34=25, 35=26, 32=27, 33=26, 38=30, 39=27, 36=31, 37=30, 42=28, 43=27, 40=26, 41=31, 46=29, 47=33, 44=35, 45=28, 51=32, 50=32, 49=34, 48=30, 55=33, 54=32, 53=22, 52=27, 59=29, 58=27, 57=26, 56=28, 63=27, 62=25, 61=28, 60=32, 68=27, 69=28, 70=27, 71=27, 64=28, 65=26, 66=27, 67=31, 76=28, 77=30, 78=25, 79=30, 72=28, 73=29, 74=30, 75=24, 85=27, 84=24, 87=31, 86=30, 81=27, 80=29, 83=33, 82=29, 93=30, 92=26, 95=32, 94=31, 89=29, 88=26, 91=29, 90=28, 98=30, 99=27, 96=26, 97=33}
Avg distance between not played chunks: 2.032761510553992
Min distance between not played chunks: 1.0
Max distance between not played chunks: 15.0

HELPING PEERS LOG

[HELPING] Active nodes: 12
[HELPING] Started playbacks: 12
[HELPING] Not started playbacks node-ids: []
[HELPING] Playbacks time-window: 141
[HELPING] Missing chunks distribution [missed-chunks/nodes]: {0=12}
[HELPING] Rejected chunks for ttl expiration [chunk-id/nodes]: 0 {}
[HELPING] Rejected chunks for capacity limit [chunk-id/nodes]: 0 {}
[HELPING] bandwidthUtilUp: 0.014848187056339565
[HELPING] bandwidthUtilDown: 0.008421556487561354
[HELPING] Avg # of unsent chunk for max-retries: 0.0
[HELPING] Min # of unsent chunk for max-retries: 0.0
[HELPING] Max # of unsent chunk for max-retries: 0.0
[HELPING] Avg # of unsent chunk-reqs for max-retries: 0.0
[HELPING] Min # of unsent chunk-reqs for max-retries: 0.0
[HELPING] Max # of unsent chunk-reqs for max-retries: 0.0
[HELPING] Avg % of chunks received by Pastry: 4.583333333333333
[HELPING] Min % of chunks received by Pastry: 0.0
[HELPING] Max % of chunks received by Pastry: 9.0
[HELPING] StD of chunks received by Pastry: 3.0883456393154556
[HELPING] Var of chunks received by Pastry: 9.537878787878789
[HELPING] Avg % of chunks received by StarStream: 94.66666666666667
[HELPING] Min % of chunks received by StarStream: 90.0
[HELPING] Max % of chunks received by StarStream: 100.0
[HELPING] StD of chunks received by StarStream: 3.4465617474209966
[HELPING] Var of chunks received by StarStream: 11.878787878785673
[HELPING] Startup Delay: 133.66666666666666
[HELPING] Latency: 8.020051020408163
[HELPING] Min of perceived avg chunk delivery-time: 7.0
[HELPING] Max of perceived avg chunk delivery-time: 9.061224489795919
[HELPING] Variance of perceived avg chunk delivery-time: 0.34601027696792963
[HELPING] StD of perceived avg chunk delivery-time: 0.588226382414058
[HELPING] Avg messages sent per node: 7138.666666666667
[HELPING] Min messages sent per node: 4947.0
[HELPING] Max messages sent per node: 9450.0
[HELPING] Variance of messages sent per node: 1944561.5151515086
[HELPING] StD of messages sent per node: 1394.4753548024821
[HELPING] Nodes with incomplete playbacks: 6
[HELPING] Packet Loss: 10.75
[HELPING] Min % of not played chunks: 0.0
[HELPING] Max % of not played chunks: 84.0
[HELPING] Not played chunks [chunk-id/nodes]: {1=5, 2=1, 3=1, 4=2, 5=2, 6=1, 7=1, 8=2, 9=1, 10=1, 11=2, 12=2, 14=2, 17=1, 16=1, 19=2, 18=1, 21=1, 20=2, 23=2, 22=2, 27=2, 26=2, 28=1, 31=1, 30=2, 35=1, 32=1, 38=1, 39=2, 37=2, 42=1, 43=3, 40=1, 41=2, 46=1, 47=3, 44=1, 45=2, 51=1, 50=1, 49=1, 48=3, 55=1, 54=1, 52=2, 59=3, 57=1, 56=3, 63=2, 61=1, 60=2, 68=1, 69=1, 70=1, 71=1, 64=1, 65=2, 66=1, 67=1, 76=1, 77=1, 78=1, 79=2, 72=2, 74=1, 75=1, 85=1, 87=2, 86=1, 81=1, 80=2, 83=1, 82=1, 93=1, 92=1, 95=1, 94=2, 88=1, 91=1, 90=3, 98=2, 99=1, 96=2, 97=1}
[HELPING] Avg distance between not played chunks: 3.976670213618005
[HELPING] Min distance between not played chunks: 1.180722891566265
[HELPING] Max distance between not played chunks: 7.230769230769231

