Total chunks: 100
Nodes x chunk: 9
Total nodes: 78
Active nodes: 60
Started playbacks: 60
Not started playbacks node-ids: []
Playbacks time-window: 388
Missing chunks distribution [missed-chunks/nodes]: {0=58, 2=1, 6=1}
Rejected chunks for ttl expiration [chunk-id/nodes]: 6 {1=2, 2=2, 3=1, 4=1, 5=1, 6=1}
Rejected chunks for capacity limit [chunk-id/nodes]: 0 {}
bandwidthUtilUp: 0.002725728867251377
bandwidthUtilDown: 0.001426962489372606
Avg # of unsent chunk for max-retries: 0.0
Min # of unsent chunk for max-retries: 0.0
Max # of unsent chunk for max-retries: 0.0
Avg # of unsent chunk-reqs for max-retries: 0.0
Min # of unsent chunk-reqs for max-retries: 0.0
Max # of unsent chunk-reqs for max-retries: 0.0
Avg % of chunks received by Pastry: 4.483333333333333
Min % of chunks received by Pastry: 0.0
Max % of chunks received by Pastry: 12.0
StD of chunks received by Pastry: 3.170262602963896
Var of chunks received by Pastry: 10.050564971751415
Avg % of chunks received by StarStream: 94.6
Min % of chunks received by StarStream: 87.0
Max % of chunks received by StarStream: 100.0
StD of chunks received by StarStream: 3.2894283672170315
Var of chunks received by StarStream: 10.820338983052105
[MOJO] Startup Delay: 66.0
[MOJO] Latency: 15.310783942756919
Min of perceived avg chunk delivery-time: 6.11
Max of perceived avg chunk delivery-time: 171.0
Variance of perceived avg chunk delivery-time: 666.0564014773073
StD of perceived avg chunk delivery-time: 25.80806853441976
Avg messages sent per node: 17345.3
Min messages sent per node: 13418.0
Max messages sent per node: 21648.0
Variance of messages sent per node: 3703872.5864406764
StD of messages sent per node: 1924.5447738207279
Nodes with incomplete playbacks: 51
[MOJO] Packet Loss: 46.78333333333333
Min % of not played chunks: 0.0
Max % of not played chunks: 99.0
Not played chunks [chunk-id/nodes]: {1=33, 2=30, 3=27, 4=31, 5=24, 6=27, 7=28, 8=29, 9=26, 10=27, 11=29, 12=27, 13=26, 14=29, 15=28, 17=27, 16=27, 19=28, 18=27, 21=28, 20=30, 23=30, 22=25, 25=24, 24=24, 27=31, 26=30, 29=31, 28=34, 31=28, 30=30, 34=26, 35=27, 32=26, 33=23, 38=32, 39=26, 36=23, 37=29, 42=30, 43=29, 40=25, 41=27, 46=26, 47=25, 44=30, 45=29, 51=30, 50=25, 49=26, 48=30, 55=29, 54=30, 53=33, 52=27, 59=28, 58=25, 57=31, 56=28, 63=26, 62=31, 61=25, 60=27, 68=25, 69=30, 70=27, 71=24, 64=26, 65=29, 66=31, 67=34, 76=30, 77=34, 78=31, 79=28, 72=30, 73=24, 74=29, 75=34, 85=27, 84=32, 87=30, 86=29, 81=30, 80=27, 83=26, 82=31, 93=35, 92=30, 95=27, 94=25, 89=31, 88=30, 91=24, 90=29, 98=32, 99=27, 96=29, 97=31}
Avg distance between not played chunks: 1.9888422160072203
Min distance between not played chunks: 1.0
Max distance between not played chunks: 10.0

HELPING PEERS LOG

[HELPING] Active nodes: 18
[HELPING] Started playbacks: 18
[HELPING] Not started playbacks node-ids: []
[HELPING] Playbacks time-window: 171
[HELPING] Missing chunks distribution [missed-chunks/nodes]: {0=16, 2=2}
[HELPING] Rejected chunks for ttl expiration [chunk-id/nodes]: 3 {0=2, 1=2, 2=2}
[HELPING] Rejected chunks for capacity limit [chunk-id/nodes]: 0 {}
[HELPING] bandwidthUtilUp: 0.002732121543940297
[HELPING] bandwidthUtilDown: 0.0014409954203567113
[HELPING] Avg # of unsent chunk for max-retries: 0.0
[HELPING] Min # of unsent chunk for max-retries: 0.0
[HELPING] Max # of unsent chunk for max-retries: 0.0
[HELPING] Avg # of unsent chunk-reqs for max-retries: 0.0
[HELPING] Min # of unsent chunk-reqs for max-retries: 0.0
[HELPING] Max # of unsent chunk-reqs for max-retries: 0.0
[HELPING] Avg % of chunks received by Pastry: 2.7777777777777777
[HELPING] Min % of chunks received by Pastry: 0.0
[HELPING] Max % of chunks received by Pastry: 8.0
[HELPING] StD of chunks received by Pastry: 2.365326878431407
[HELPING] Var of chunks received by Pastry: 5.594771241830066
[HELPING] Avg % of chunks received by StarStream: 96.33333333333333
[HELPING] Min % of chunks received by StarStream: 91.0
[HELPING] Max % of chunks received by StarStream: 100.0
[HELPING] StD of chunks received by StarStream: 2.5205041512507997
[HELPING] Var of chunks received by StarStream: 6.352941176472514
[HELPING] Startup Delay: 150.33333333333334
[HELPING] Latency: 7.025886134175286
[HELPING] Min of perceived avg chunk delivery-time: 6.42
[HELPING] Max of perceived avg chunk delivery-time: 7.94
[HELPING] Variance of perceived avg chunk delivery-time: 0.1570797087634717
[HELPING] StD of perceived avg chunk delivery-time: 0.3963328257455742
[HELPING] Avg messages sent per node: 17419.61111111111
[HELPING] Min messages sent per node: 14374.0
[HELPING] Max messages sent per node: 20514.0
[HELPING] Variance of messages sent per node: 2885488.3692811024
[HELPING] StD of messages sent per node: 1698.6725315024971
[HELPING] Nodes with incomplete playbacks: 12
[HELPING] Packet Loss: 18.38888888888889
[HELPING] Min % of not played chunks: 0.0
[HELPING] Max % of not played chunks: 99.0
[HELPING] Not played chunks [chunk-id/nodes]: {1=8, 2=7, 3=3, 4=3, 5=2, 6=3, 7=2, 8=2, 9=3, 10=4, 11=3, 12=3, 13=4, 14=4, 15=3, 17=3, 16=4, 19=3, 18=3, 21=4, 20=4, 23=4, 22=1, 25=3, 24=2, 27=4, 26=3, 29=5, 28=3, 31=4, 30=4, 34=2, 35=3, 32=2, 33=3, 38=3, 39=3, 36=4, 37=3, 42=3, 43=5, 40=4, 41=2, 46=3, 47=1, 44=3, 45=3, 51=3, 50=3, 49=3, 48=4, 55=5, 54=4, 53=4, 52=2, 59=4, 58=3, 57=5, 56=3, 63=5, 62=4, 61=3, 60=3, 68=2, 69=3, 70=4, 71=4, 64=3, 65=2, 66=3, 67=5, 76=2, 77=4, 78=3, 79=3, 72=3, 73=3, 74=4, 75=4, 85=3, 84=5, 87=5, 86=2, 81=4, 80=3, 83=3, 82=4, 93=5, 92=3, 95=3, 94=3, 89=3, 88=4, 91=3, 90=4, 98=2, 99=2, 96=2, 97=3}
[HELPING] Avg distance between not played chunks: 4.081272281092925
[HELPING] Min distance between not played chunks: 1.0
[HELPING] Max distance between not played chunks: 13.333333333333334

