Total chunks: 100
Nodes x chunk: 9
Total nodes: 84
Active nodes: 60
Started playbacks: 60
Not started playbacks node-ids: []
Playbacks time-window: 311
Missing chunks distribution [missed-chunks/nodes]: {0=59, 5=1}
Rejected chunks for ttl expiration [chunk-id/nodes]: 5 {1=1, 2=1, 3=1, 4=1, 5=1}
Rejected chunks for capacity limit [chunk-id/nodes]: 0 {}
bandwidthUtilUp: 0.012046801346801299
bandwidthUtilDown: 0.007142428634167788
Avg # of unsent chunk for max-retries: 0.0
Min # of unsent chunk for max-retries: 0.0
Max # of unsent chunk for max-retries: 0.0
Avg # of unsent chunk-reqs for max-retries: 0.0
Min # of unsent chunk-reqs for max-retries: 0.0
Max # of unsent chunk-reqs for max-retries: 0.0
Avg % of chunks received by Pastry: 4.016666666666667
Min % of chunks received by Pastry: 0.0
Max % of chunks received by Pastry: 11.0
StD of chunks received by Pastry: 3.0999817750512206
Var of chunks received by Pastry: 9.609887005649716
Avg % of chunks received by StarStream: 95.06666666666666
Min % of chunks received by StarStream: 88.0
Max % of chunks received by StarStream: 100.0
StD of chunks received by StarStream: 3.214726003384594
Var of chunks received by StarStream: 10.334463276837086
[MOJO] Startup Delay: 126.36666666666666
[MOJO] Latency: 6.84163366988747
Min of perceived avg chunk delivery-time: 5.48
Max of perceived avg chunk delivery-time: 7.97
Variance of perceived avg chunk delivery-time: 0.22986216121813013
StD of perceived avg chunk delivery-time: 0.4794394239297913
Avg messages sent per node: 17631.466666666667
Min messages sent per node: 14376.0
Max messages sent per node: 22057.0
Variance of messages sent per node: 3318969.812429315
StD of messages sent per node: 1821.8039994547478
Nodes with incomplete playbacks: 51
[MOJO] Packet Loss: 48.81666666666667
Min % of not played chunks: 0.0
Max % of not played chunks: 99.0
Not played chunks [chunk-id/nodes]: {1=32, 2=32, 3=31, 4=33, 5=35, 6=26, 7=28, 8=29, 9=28, 10=27, 11=30, 12=25, 13=26, 14=26, 15=29, 17=28, 16=25, 19=24, 18=32, 21=28, 20=26, 23=28, 22=31, 25=25, 24=31, 27=34, 26=26, 29=28, 28=26, 31=25, 30=31, 34=26, 35=25, 32=28, 33=37, 38=31, 39=35, 36=31, 37=32, 42=29, 43=32, 40=32, 41=26, 46=25, 47=31, 44=31, 45=30, 51=24, 50=27, 49=28, 48=26, 55=30, 54=30, 53=29, 52=29, 59=35, 58=26, 57=37, 56=30, 63=32, 62=36, 61=23, 60=37, 68=33, 69=28, 70=31, 71=31, 64=31, 65=28, 66=32, 67=28, 76=31, 77=28, 78=29, 79=28, 72=29, 73=33, 74=29, 75=34, 85=24, 84=24, 87=31, 86=35, 81=31, 80=28, 83=33, 82=26, 93=28, 92=32, 95=27, 94=30, 89=30, 88=32, 91=35, 90=29, 98=30, 99=33, 96=31, 97=32}
Avg distance between not played chunks: 3.940251698224492
Min distance between not played chunks: 1.0
Max distance between not played chunks: 75.0

