Total chunks: 100
Nodes x chunk: 9
Total nodes: 102
Active nodes: 60
Started playbacks: 60
Not started playbacks node-ids: []
Playbacks time-window: 286
Missing chunks distribution [missed-chunks/nodes]: {0=58, 4=1, 5=1}
Rejected chunks for ttl expiration [chunk-id/nodes]: 5 {0=2, 1=1, 2=2, 3=2, 4=1}
Rejected chunks for capacity limit [chunk-id/nodes]: 0 {}
bandwidthUtilUp: 0.01455676919913247
bandwidthUtilDown: 0.008478830965069458
Avg # of unsent chunk for max-retries: 0.0
Min # of unsent chunk for max-retries: 0.0
Max # of unsent chunk for max-retries: 0.0
Avg # of unsent chunk-reqs for max-retries: 0.0
Min # of unsent chunk-reqs for max-retries: 0.0
Max # of unsent chunk-reqs for max-retries: 0.0
Avg % of chunks received by Pastry: 7.966666666666667
Min % of chunks received by Pastry: 0.0
Max % of chunks received by Pastry: 13.0
StD of chunks received by Pastry: 3.531776653142667
Var of chunks received by Pastry: 12.473446327683618
Avg % of chunks received by StarStream: 91.05
Min % of chunks received by StarStream: 86.0
Max % of chunks received by StarStream: 100.0
StD of chunks received by StarStream: 3.57213794407859
Var of chunks received by StarStream: 12.760169491526016
[NONMOJO] Startup Delay: 163.83333333333334
[MOJO] Startup Delay: 108.5
[MOJO] Latency: 8.970429835637075
Min of perceived avg chunk delivery-time: 7.47
Max of perceived avg chunk delivery-time: 10.53125
Variance of perceived avg chunk delivery-time: 0.4727814398990864
StD of perceived avg chunk delivery-time: 0.6875910411713393
Avg messages sent per node: 6854.15
Min messages sent per node: 4233.0
Max messages sent per node: 10310.0
Variance of messages sent per node: 2534755.180508479
StD of messages sent per node: 1592.0914485382048
Nodes with incomplete playbacks: 57
[MOJO] Continuity Index: 50.53333333333333
[MOJO] Packet Loss: 49.46666666666667
Min % of not played chunks: 0.0
Max % of not played chunks: 99.0
Not played chunks [chunk-id/nodes]: {1=26, 2=33, 3=32, 4=26, 5=31, 6=28, 7=25, 8=30, 9=32, 10=24, 11=31, 12=29, 13=31, 14=30, 15=33, 17=31, 16=26, 19=31, 18=33, 21=24, 20=31, 23=31, 22=27, 25=31, 24=30, 27=28, 26=31, 29=30, 28=29, 31=28, 30=21, 34=31, 35=25, 32=26, 33=31, 38=27, 39=31, 36=29, 37=22, 42=26, 43=32, 40=35, 41=29, 46=33, 47=24, 44=30, 45=30, 51=28, 50=34, 49=32, 48=30, 55=29, 54=29, 53=24, 52=29, 59=26, 58=33, 57=30, 56=23, 63=28, 62=35, 61=35, 60=36, 68=37, 69=32, 70=24, 71=28, 64=33, 65=40, 66=28, 67=34, 76=28, 77=29, 78=26, 79=32, 72=26, 73=32, 74=33, 75=29, 85=36, 84=27, 87=30, 86=34, 81=33, 80=31, 83=30, 82=33, 93=25, 92=33, 95=38, 94=30, 89=29, 88=29, 91=31, 90=33, 98=35, 99=26, 96=34, 97=35}
Avg distance between not played chunks: 3.362839513919428
Min distance between not played chunks: 1.0
Max distance between not played chunks: 25.666666666666668

HELPING PEERS LOG

[HELPING] Active nodes: 42
[HELPING] Started playbacks: 42
[HELPING] Not started playbacks node-ids: []
[HELPING] Playbacks time-window: 185
[HELPING] Missing chunks distribution [missed-chunks/nodes]: {0=40, 2=1, 3=1}
[HELPING] Rejected chunks for ttl expiration [chunk-id/nodes]: 3 {0=4, 1=2, 2=1}
[HELPING] Rejected chunks for capacity limit [chunk-id/nodes]: 0 {}
[HELPING] bandwidthUtilUp: 0.014693323396116403
[HELPING] bandwidthUtilDown: 0.009005339659655805
[HELPING] Avg # of unsent chunk for max-retries: 0.0
[HELPING] Min # of unsent chunk for max-retries: 0.0
[HELPING] Max # of unsent chunk for max-retries: 0.0
[HELPING] Avg # of unsent chunk-reqs for max-retries: 0.0
[HELPING] Min # of unsent chunk-reqs for max-retries: 0.0
[HELPING] Max # of unsent chunk-reqs for max-retries: 0.0
[HELPING] Avg % of chunks received by Pastry: 6.261904761904762
[HELPING] Min % of chunks received by Pastry: 0.0
[HELPING] Max % of chunks received by Pastry: 13.0
[HELPING] StD of chunks received by Pastry: 3.139516226594464
[HELPING] Var of chunks received by Pastry: 9.856562137049943
[HELPING] Avg % of chunks received by StarStream: 92.80952380952381
[HELPING] Min % of chunks received by StarStream: 86.0
[HELPING] Max % of chunks received by StarStream: 100.0
[HELPING] StD of chunks received by StarStream: 3.2925495735890338
[HELPING] Var of chunks received by StarStream: 10.840882694541328
[HELPING] Startup Delay: 177.92857142857142
[HELPING] Latency: 9.157369945434327
[HELPING] Min of perceived avg chunk delivery-time: 7.95
[HELPING] Max of perceived avg chunk delivery-time: 10.757575757575758
[HELPING] Variance of perceived avg chunk delivery-time: 0.43286282853072516
[HELPING] StD of perceived avg chunk delivery-time: 0.6579231174922532
[HELPING] Avg messages sent per node: 6972.142857142857
[HELPING] Min messages sent per node: 4743.0
[HELPING] Max messages sent per node: 9244.0
[HELPING] Variance of messages sent per node: 1790272.5644599297
[HELPING] StD of messages sent per node: 1338.0106742698017
[HELPING] Nodes with incomplete playbacks: 31
[HELPING] Packet Loss: 34.95238095238095
[HELPING] Min % of not played chunks: 0.0
[HELPING] Max % of not played chunks: 99.0
[HELPING] Not played chunks [chunk-id/nodes]: {1=22, 2=16, 3=17, 4=16, 5=12, 6=14, 7=13, 8=13, 9=14, 10=16, 11=15, 12=12, 13=14, 14=16, 15=13, 17=18, 16=14, 19=13, 18=12, 21=11, 20=13, 23=15, 22=14, 25=16, 24=16, 27=16, 26=14, 29=13, 28=19, 31=16, 30=14, 34=15, 35=10, 32=14, 33=18, 38=13, 39=16, 36=16, 37=16, 42=16, 43=13, 40=16, 41=16, 46=14, 47=13, 44=15, 45=13, 51=16, 50=13, 49=16, 48=11, 55=15, 54=16, 53=15, 52=17, 59=11, 58=15, 57=13, 56=11, 63=17, 62=14, 61=18, 60=10, 68=15, 69=13, 70=15, 71=12, 64=14, 65=17, 66=15, 67=15, 76=17, 77=15, 78=14, 79=16, 72=13, 73=16, 74=14, 75=14, 85=13, 84=17, 87=15, 86=21, 81=17, 80=16, 83=14, 82=16, 93=15, 92=16, 95=14, 94=14, 89=13, 88=15, 91=16, 90=14, 98=15, 99=17, 96=21, 97=15}
[HELPING] Avg distance between not played chunks: 4.996956998938708
[HELPING] Min distance between not played chunks: 1.0
[HELPING] Max distance between not played chunks: 64.0

