Total chunks: 100
Nodes x chunk: 9
Total nodes: 108
Active nodes: 60
Started playbacks: 60
Not started playbacks node-ids: []
Playbacks time-window: 196
Missing chunks distribution [missed-chunks/nodes]: {0=60}
Rejected chunks for ttl expiration [chunk-id/nodes]: 0 {}
Rejected chunks for capacity limit [chunk-id/nodes]: 0 {}
bandwidthUtilUp: 0.0027676106426835602
bandwidthUtilDown: 0.001480398818535858
Avg # of unsent chunk for max-retries: 0.0
Min # of unsent chunk for max-retries: 0.0
Max # of unsent chunk for max-retries: 0.0
Avg # of unsent chunk-reqs for max-retries: 0.0
Min # of unsent chunk-reqs for max-retries: 0.0
Max # of unsent chunk-reqs for max-retries: 0.0
Avg % of chunks received by Pastry: 5.3
Min % of chunks received by Pastry: 0.0
Max % of chunks received by Pastry: 12.0
StD of chunks received by Pastry: 2.824229308402679
Var of chunks received by Pastry: 7.976271186440674
Avg % of chunks received by StarStream: 93.75
Min % of chunks received by StarStream: 87.0
Max % of chunks received by StarStream: 100.0
StD of chunks received by StarStream: 2.9263559800602086
Var of chunks received by StarStream: 8.563559322034145
[MOJO] Startup Delay: 113.6
[MOJO] Latency: 22.777943428453636
Min of perceived avg chunk delivery-time: 6.39
Max of perceived avg chunk delivery-time: 281.0
Variance of perceived avg chunk delivery-time: 2448.7203996022736
StD of perceived avg chunk delivery-time: 49.484547078883864
Avg messages sent per node: 17817.6
Min messages sent per node: 13244.0
Max messages sent per node: 22585.0
Variance of messages sent per node: 4643965.1932204375
StD of messages sent per node: 2154.986123672363
Nodes with incomplete playbacks: 57
[MOJO] Packet Loss: 49.4
Min % of not played chunks: 0.0
Max % of not played chunks: 99.0
Not played chunks [chunk-id/nodes]: {1=37, 2=30, 3=36, 4=32, 5=27, 6=27, 7=28, 8=28, 9=28, 10=26, 11=27, 12=32, 13=33, 14=30, 15=32, 17=27, 16=30, 19=26, 18=26, 21=21, 20=36, 23=30, 22=28, 25=31, 24=31, 27=28, 26=26, 29=30, 28=27, 31=31, 30=25, 34=32, 35=27, 32=28, 33=34, 38=24, 39=30, 36=29, 37=35, 42=29, 43=24, 40=28, 41=34, 46=33, 47=23, 44=29, 45=29, 51=37, 50=32, 49=28, 48=31, 55=33, 54=30, 53=27, 52=31, 59=25, 58=29, 57=33, 56=23, 63=28, 62=25, 61=35, 60=24, 68=35, 69=35, 70=29, 71=32, 64=29, 65=31, 66=28, 67=31, 76=29, 77=28, 78=30, 79=42, 72=34, 73=29, 74=27, 75=33, 85=31, 84=27, 87=30, 86=37, 81=29, 80=32, 83=24, 82=33, 93=33, 92=26, 95=28, 94=33, 89=33, 88=28, 91=27, 90=33, 98=36, 99=33, 96=30, 97=34}
Avg distance between not played chunks: 3.024983619401002
Min distance between not played chunks: 1.0
Max distance between not played chunks: 19.2

HELPING PEERS LOG

[HELPING] Active nodes: 48
[HELPING] Started playbacks: 48
[HELPING] Not started playbacks node-ids: []
[HELPING] Playbacks time-window: 247
[HELPING] Missing chunks distribution [missed-chunks/nodes]: {0=47, 2=1}
[HELPING] Rejected chunks for ttl expiration [chunk-id/nodes]: 2 {2=1, 3=1}
[HELPING] Rejected chunks for capacity limit [chunk-id/nodes]: 0 {}
[HELPING] bandwidthUtilUp: 0.002787777712597189
[HELPING] bandwidthUtilDown: 0.001489045550933108
[HELPING] Avg # of unsent chunk for max-retries: 0.0
[HELPING] Min # of unsent chunk for max-retries: 0.0
[HELPING] Max # of unsent chunk for max-retries: 0.0
[HELPING] Avg # of unsent chunk-reqs for max-retries: 0.0
[HELPING] Min # of unsent chunk-reqs for max-retries: 0.0
[HELPING] Max # of unsent chunk-reqs for max-retries: 0.0
[HELPING] Avg % of chunks received by Pastry: 3.6875
[HELPING] Min % of chunks received by Pastry: 0.0
[HELPING] Max % of chunks received by Pastry: 10.0
[HELPING] StD of chunks received by Pastry: 2.5361744520170193
[HELPING] Var of chunks received by Pastry: 6.432180851063828
[HELPING] Avg % of chunks received by StarStream: 95.375
[HELPING] Min % of chunks received by StarStream: 89.0
[HELPING] Max % of chunks received by StarStream: 100.0
[HELPING] StD of chunks received by StarStream: 2.6306297280227082
[HELPING] Var of chunks received by StarStream: 6.920212765956827
[HELPING] Startup Delay: 176.85416666666666
[HELPING] Latency: 7.76581886574074
[HELPING] Min of perceived avg chunk delivery-time: 7.04
[HELPING] Max of perceived avg chunk delivery-time: 8.636363636363637
[HELPING] Variance of perceived avg chunk delivery-time: 0.1566443482956445
[HELPING] StD of perceived avg chunk delivery-time: 0.39578320870856115
[HELPING] Avg messages sent per node: 17972.895833333332
[HELPING] Min messages sent per node: 14299.0
[HELPING] Max messages sent per node: 21514.0
[HELPING] Variance of messages sent per node: 3324854.5633865315
[HELPING] StD of messages sent per node: 1823.4183731076453
[HELPING] Nodes with incomplete playbacks: 40
[HELPING] Packet Loss: 44.354166666666664
[HELPING] Min % of not played chunks: 0.0
[HELPING] Max % of not played chunks: 99.0
[HELPING] Not played chunks [chunk-id/nodes]: {1=24, 2=24, 3=24, 4=24, 5=22, 6=20, 7=22, 8=23, 9=17, 10=21, 11=21, 12=18, 13=22, 14=22, 15=20, 17=20, 16=20, 19=20, 18=16, 21=14, 20=20, 23=24, 22=21, 25=22, 24=21, 27=22, 26=17, 29=24, 28=19, 31=22, 30=22, 34=23, 35=25, 32=20, 33=23, 38=19, 39=21, 36=19, 37=20, 42=26, 43=21, 40=19, 41=19, 46=23, 47=17, 44=17, 45=22, 51=21, 50=19, 49=25, 48=24, 55=22, 54=24, 53=22, 52=21, 59=21, 58=23, 57=21, 56=22, 63=23, 62=19, 61=22, 60=20, 68=22, 69=22, 70=23, 71=19, 64=19, 65=23, 66=18, 67=19, 76=21, 77=22, 78=24, 79=26, 72=26, 73=27, 74=22, 75=28, 85=19, 84=21, 87=25, 86=18, 81=24, 80=23, 83=17, 82=22, 93=24, 92=20, 95=23, 94=23, 89=22, 88=25, 91=23, 90=21, 98=21, 99=22, 96=24, 97=20}
[HELPING] Avg distance between not played chunks: 3.4124515756336993
[HELPING] Min distance between not played chunks: 1.0
[HELPING] Max distance between not played chunks: 18.0

