Total chunks: 100
Nodes x chunk: 9
Total nodes: 114
Active nodes: 60
Started playbacks: 60
Not started playbacks node-ids: []
Playbacks time-window: 63
Missing chunks distribution [missed-chunks/nodes]: {0=60}
Rejected chunks for ttl expiration [chunk-id/nodes]: 0 {}
Rejected chunks for capacity limit [chunk-id/nodes]: 0 {}
bandwidthUtilUp: 0.012164137754355094
bandwidthUtilDown: 0.007231864295125195
Avg # of unsent chunk for max-retries: 0.0
Min # of unsent chunk for max-retries: 0.0
Max # of unsent chunk for max-retries: 0.0
Avg # of unsent chunk-reqs for max-retries: 0.0
Min # of unsent chunk-reqs for max-retries: 0.0
Max # of unsent chunk-reqs for max-retries: 0.0
Avg % of chunks received by Pastry: 4.466666666666667
Min % of chunks received by Pastry: 0.0
Max % of chunks received by Pastry: 16.0
StD of chunks received by Pastry: 3.2493371770863484
Var of chunks received by Pastry: 10.55819209039548
Avg % of chunks received by StarStream: 94.56666666666666
Min % of chunks received by StarStream: 83.0
Max % of chunks received by StarStream: 99.0
StD of chunks received by StarStream: 3.290287024040022
Var of chunks received by StarStream: 10.825988700566146
[MOJO] Startup Delay: 178.25
[MOJO] Latency: 7.611010101010098
Min of perceived avg chunk delivery-time: 6.52
Max of perceived avg chunk delivery-time: 8.45
Variance of perceived avg chunk delivery-time: 0.17772744220154402
StD of perceived avg chunk delivery-time: 0.42157732647943014
Avg messages sent per node: 17795.283333333333
Min messages sent per node: 14711.0
Max messages sent per node: 20735.0
Variance of messages sent per node: 2873688.4437853196
StD of messages sent per node: 1695.1956948344694
Nodes with incomplete playbacks: 55
[MOJO] Packet Loss: 49.483333333333334
Min % of not played chunks: 0.0
Max % of not played chunks: 99.0
Not played chunks [chunk-id/nodes]: {1=32, 2=29, 3=27, 4=28, 5=33, 6=28, 7=34, 8=28, 9=31, 10=24, 11=29, 12=31, 13=34, 14=29, 15=31, 17=29, 16=30, 19=27, 18=28, 21=36, 20=23, 23=27, 22=28, 25=26, 24=25, 27=27, 26=30, 29=31, 28=30, 31=27, 30=32, 34=30, 35=26, 32=37, 33=33, 38=32, 39=34, 36=26, 37=25, 42=29, 43=31, 40=31, 41=31, 46=33, 47=33, 44=28, 45=41, 51=38, 50=37, 49=29, 48=30, 55=30, 54=30, 53=37, 52=34, 59=29, 58=30, 57=26, 56=31, 63=27, 62=27, 61=33, 60=27, 68=30, 69=32, 70=30, 71=33, 64=27, 65=32, 66=31, 67=30, 76=34, 77=25, 78=31, 79=28, 72=32, 73=29, 74=28, 75=26, 85=27, 84=28, 87=31, 86=32, 81=29, 80=34, 83=25, 82=31, 93=29, 92=26, 95=30, 94=29, 89=40, 88=28, 91=32, 90=30, 98=29, 99=28, 96=25, 97=29}
Avg distance between not played chunks: 4.1878609465302326
Min distance between not played chunks: 1.0
Max distance between not played chunks: 42.0

