Total chunks: 100
Nodes x chunk: 10
Total nodes: 140
Active nodes: 70
Started playbacks: 70
Not started playbacks node-ids: []
Playbacks time-window: 66
Missing chunks distribution [missed-chunks/nodes]: {0=70}
Rejected chunks for ttl expiration [chunk-id/nodes]: 0 {}
Rejected chunks for capacity limit [chunk-id/nodes]: 0 {}
bandwidthUtilUp: 0.013289543363969179
bandwidthUtilDown: 0.006105974723303398
Avg # of unsent chunk for max-retries: 0.0
Min # of unsent chunk for max-retries: 0.0
Max # of unsent chunk for max-retries: 0.0
Avg # of unsent chunk-reqs for max-retries: 0.0
Min # of unsent chunk-reqs for max-retries: 0.0
Max # of unsent chunk-reqs for max-retries: 0.0
Avg % of chunks received by Pastry: 11.228571428571428
Min % of chunks received by Pastry: 3.0
Max % of chunks received by Pastry: 18.0
StD of chunks received by Pastry: 2.7984023836148273
Var of chunks received by Pastry: 7.8310559006211475
Avg % of chunks received by StarStream: 87.77142857142857
Min % of chunks received by StarStream: 81.0
Max % of chunks received by StarStream: 96.0
StD of chunks received by StarStream: 2.798402383614781
Var of chunks received by StarStream: 7.831055900620888
[NONMOJO] Startup Delay: 223.24285714285713
[MOJO] Startup Delay: 69.5
[MOJO] Latency: 18.055396464646456
Min of perceived avg chunk delivery-time: 9.46
Max of perceived avg chunk delivery-time: 128.0
Variance of perceived avg chunk delivery-time: 538.4843334799926
StD of perceived avg chunk delivery-time: 23.205265210292094
Avg messages sent per node: 5966.942857142857
Min messages sent per node: 3727.0
Max messages sent per node: 9469.0
Variance of messages sent per node: 2003159.822774334
StD of messages sent per node: 1415.3302875210204
Nodes with incomplete playbacks: 65
[MOJO] Continuity Index: 56.84285714285714
[MOJO] Packet Loss: 43.15714285714286
Min % of not played chunks: 0.0
Max % of not played chunks: 99.0
Not played chunks [chunk-id/nodes]: {1=39, 2=39, 3=35, 4=31, 5=21, 6=31, 7=38, 8=28, 9=32, 10=26, 11=26, 12=30, 13=27, 14=35, 15=30, 17=35, 16=31, 19=21, 18=32, 21=27, 20=24, 23=34, 22=34, 25=23, 24=28, 27=27, 26=24, 29=26, 28=32, 31=27, 30=33, 34=31, 35=32, 32=35, 33=29, 38=26, 39=31, 36=35, 37=28, 42=40, 43=37, 40=30, 41=28, 46=32, 47=21, 44=25, 45=28, 51=29, 50=29, 49=35, 48=26, 55=30, 54=31, 53=38, 52=27, 59=26, 58=26, 57=33, 56=32, 63=32, 62=24, 61=27, 60=31, 68=34, 69=38, 70=32, 71=36, 64=29, 65=33, 66=33, 67=39, 76=24, 77=35, 78=39, 79=26, 72=36, 73=36, 74=28, 75=26, 85=34, 84=24, 87=31, 86=36, 81=35, 80=32, 83=28, 82=25, 93=35, 92=35, 95=36, 94=32, 89=28, 88=27, 91=28, 90=26, 98=31, 99=21, 96=31, 97=32}
Avg distance between not played chunks: 6.187270203766196
Min distance between not played chunks: 1.0
Max distance between not played chunks: 74.0

HELPING PEERS LOG

[HELPING] Active nodes: 70
[HELPING] Started playbacks: 70
[HELPING] Not started playbacks node-ids: []
[HELPING] Playbacks time-window: 938
[HELPING] Missing chunks distribution [missed-chunks/nodes]: {0=64, 16=1, 2=1, 21=1, 22=1, 95=2}
[HELPING] Rejected chunks for ttl expiration [chunk-id/nodes]: 98 {1=3, 2=4, 3=3, 4=3, 5=3, 6=4, 7=3, 8=4, 9=4, 10=4, 11=3, 12=3, 14=3, 15=3, 17=2, 16=3, 19=3, 18=2, 21=2, 20=2, 23=2, 22=3, 25=2, 24=2, 27=2, 26=1, 29=2, 28=3, 31=2, 30=2, 34=3, 35=2, 32=3, 33=3, 38=3, 39=4, 36=2, 37=2, 42=2, 43=3, 40=3, 41=3, 46=2, 47=2, 44=3, 45=2, 51=3, 50=3, 49=3, 48=2, 55=2, 54=2, 53=2, 52=1, 59=3, 58=3, 57=3, 56=3, 63=3, 62=2, 61=1, 60=3, 68=3, 69=2, 70=3, 71=2, 64=2, 65=2, 66=3, 67=2, 76=2, 77=2, 78=2, 79=1, 72=2, 73=2, 74=3, 75=2, 85=2, 84=3, 87=2, 86=2, 81=2, 80=2, 83=2, 82=1, 93=2, 92=2, 95=3, 94=2, 89=2, 88=1, 91=4, 90=2, 98=3, 99=2, 96=2, 97=2}
[HELPING] Rejected chunks for capacity limit [chunk-id/nodes]: 0 {}
[HELPING] bandwidthUtilUp: 0.014736826741694938
[HELPING] bandwidthUtilDown: NaN
[HELPING] Avg # of unsent chunk for max-retries: 0.0
[HELPING] Min # of unsent chunk for max-retries: 0.0
[HELPING] Max # of unsent chunk for max-retries: 0.0
[HELPING] Avg # of unsent chunk-reqs for max-retries: 0.0
[HELPING] Min # of unsent chunk-reqs for max-retries: 0.0
[HELPING] Max # of unsent chunk-reqs for max-retries: 0.0
[HELPING] Avg % of chunks received by Pastry: 11.957142857142857
[HELPING] Min % of chunks received by Pastry: 0.0
[HELPING] Max % of chunks received by Pastry: 50.0
[HELPING] StD of chunks received by Pastry: 9.400024227976354
[HELPING] Var of chunks received by Pastry: 88.36045548654246
[HELPING] Avg % of chunks received by StarStream: 87.1
[HELPING] Min % of chunks received by StarStream: 50.0
[HELPING] Max % of chunks received by StarStream: 100.0
[HELPING] StD of chunks received by StarStream: 9.322172415844152
[HELPING] Var of chunks received by StarStream: 86.90289855072558
[HELPING] Latency: 11.168624995046946
[HELPING] Min of perceived avg chunk delivery-time: 2.0
[HELPING] Max of perceived avg chunk delivery-time: 31.181818181818183
[HELPING] Variance of perceived avg chunk delivery-time: 11.782515884686118
[HELPING] StD of perceived avg chunk delivery-time: 3.432566952688049
[HELPING] Avg messages sent per node: 3521.657142857143
[HELPING] Min messages sent per node: 104.0
[HELPING] Max messages sent per node: 6662.0
[HELPING] Variance of messages sent per node: 2237137.79378882
[HELPING] StD of messages sent per node: 1495.7064530812254
[HELPING] Nodes with incomplete playbacks: 62
[HELPING] Packet Loss: 42.75714285714286
[HELPING] Min % of not played chunks: 0.0
[HELPING] Max % of not played chunks: 99.0
[HELPING] Not played chunks [chunk-id/nodes]: {1=36, 2=39, 3=35, 4=29, 5=28, 6=26, 7=32, 8=27, 9=33, 10=26, 11=30, 12=31, 13=24, 14=36, 15=29, 17=28, 16=29, 19=33, 18=28, 21=25, 20=29, 23=25, 22=30, 25=26, 24=28, 27=32, 26=26, 29=23, 28=32, 31=31, 30=27, 34=28, 35=31, 32=33, 33=29, 38=31, 39=33, 36=34, 37=25, 42=40, 43=35, 40=31, 41=35, 46=29, 47=23, 44=27, 45=24, 51=24, 50=29, 49=39, 48=29, 55=30, 54=25, 53=30, 52=26, 59=34, 58=34, 57=28, 56=34, 63=33, 62=30, 61=29, 60=32, 68=35, 69=33, 70=31, 71=28, 64=26, 65=32, 66=32, 67=28, 76=28, 77=33, 78=29, 79=22, 72=27, 73=41, 74=32, 75=31, 85=33, 84=25, 87=34, 86=31, 81=33, 80=35, 83=23, 82=30, 93=39, 92=30, 95=34, 94=28, 89=33, 88=29, 91=26, 90=34, 98=29, 99=24, 96=41, 97=27}
[HELPING] Avg distance between not played chunks: 3.169393450990697
[HELPING] Min distance between not played chunks: 1.0
[HELPING] Max distance between not played chunks: 17.8

