Total chunks: 100
Nodes x chunk: 10
Total nodes: 70
Active nodes: 70
Started playbacks: 70
Not started playbacks node-ids: []
Playbacks time-window: 250
Missing chunks distribution [missed-chunks/nodes]: {0=66, 2=2, 4=2}
Rejected chunks for ttl expiration [chunk-id/nodes]: 4 {0=2, 1=4, 2=2, 3=2}
Rejected chunks for capacity limit [chunk-id/nodes]: 0 {}
bandwidthUtilUp: 0.01274754140145783
bandwidthUtilDown: 0.007747884659332937
Avg # of unsent chunk for max-retries: 0.0
Min # of unsent chunk for max-retries: 0.0
Max # of unsent chunk for max-retries: 0.0
Avg # of unsent chunk-reqs for max-retries: 0.0
Min # of unsent chunk-reqs for max-retries: 0.0
Max # of unsent chunk-reqs for max-retries: 0.0
Avg % of chunks received by Pastry: 9.028571428571428
Min % of chunks received by Pastry: 0.0
Max % of chunks received by Pastry: 17.0
StD of chunks received by Pastry: 4.337138001672146
Var of chunks received by Pastry: 18.810766045548657
Avg % of chunks received by StarStream: 90.0
Min % of chunks received by StarStream: 82.0
Max % of chunks received by StarStream: 100.0
StD of chunks received by StarStream: 4.396968652757649
Var of chunks received by StarStream: 19.333333333333414
[NONMOJO] Startup Delay: 105.75714285714285
[MOJO] Startup Delay: 137.9
[MOJO] Latency: 8.308202920332235
Min of perceived avg chunk delivery-time: 6.56
Max of perceived avg chunk delivery-time: 9.818181818181818
Variance of perceived avg chunk delivery-time: 0.35441001445518117
StD of perceived avg chunk delivery-time: 0.5953234536411119
Avg messages sent per node: 4372.3
Min messages sent per node: 1901.0
Max messages sent per node: 7755.0
Variance of messages sent per node: 2598377.9521739106
StD of messages sent per node: 1611.9484955090566
Nodes with incomplete playbacks: 47
[MOJO] Continuity Index: 69.6
[MOJO] Packet Loss: 30.4
Min % of not played chunks: 0.0
Max % of not played chunks: 99.0
Not played chunks [chunk-id/nodes]: {1=27, 2=31, 3=26, 4=23, 5=23, 6=20, 7=23, 8=16, 9=20, 10=25, 11=21, 12=22, 13=21, 14=20, 15=19, 17=22, 16=20, 19=20, 18=19, 21=24, 20=15, 23=19, 22=18, 25=27, 24=20, 27=18, 26=23, 29=24, 28=21, 31=19, 30=18, 34=25, 35=23, 32=22, 33=23, 38=23, 39=20, 36=21, 37=19, 42=19, 43=19, 40=18, 41=20, 46=25, 47=20, 44=22, 45=20, 51=25, 50=22, 49=24, 48=19, 55=25, 54=23, 53=21, 52=26, 59=19, 58=15, 57=21, 56=23, 63=18, 62=21, 61=24, 60=17, 68=21, 69=18, 70=21, 71=24, 64=17, 65=18, 66=25, 67=18, 76=25, 77=19, 78=20, 79=24, 72=25, 73=22, 74=24, 75=23, 85=21, 84=20, 87=26, 86=21, 81=21, 80=21, 83=20, 82=24, 93=21, 92=24, 95=25, 94=24, 89=23, 88=21, 91=22, 90=22, 98=20, 99=20, 96=23, 97=19}
Avg distance between not played chunks: 4.52325846618013
Min distance between not played chunks: 1.0
Max distance between not played chunks: 68.0

HELPING PEERS LOG

[HELPING] Active nodes: 0
[HELPING] Started playbacks: 0
[HELPING] Not started playbacks node-ids: []
[HELPING] Playbacks time-window: -9223372036854775807
[HELPING] Missing chunks distribution [missed-chunks/nodes]: {}
[HELPING] Rejected chunks for ttl expiration [chunk-id/nodes]: 0 {}
[HELPING] Rejected chunks for capacity limit [chunk-id/nodes]: 0 {}
[HELPING] bandwidthUtilUp: NaN
[HELPING] bandwidthUtilDown: NaN
[HELPING] Avg # of unsent chunk for max-retries: NaN
[HELPING] Min # of unsent chunk for max-retries: Infinity
[HELPING] Max # of unsent chunk for max-retries: -Infinity
[HELPING] Avg # of unsent chunk-reqs for max-retries: NaN
[HELPING] Min # of unsent chunk-reqs for max-retries: Infinity
[HELPING] Max # of unsent chunk-reqs for max-retries: -Infinity
[HELPING] Avg % of chunks received by Pastry: NaN
[HELPING] Min % of chunks received by Pastry: Infinity
[HELPING] Max % of chunks received by Pastry: -Infinity
[HELPING] StD of chunks received by Pastry: 0.0
[HELPING] Var of chunks received by Pastry: 0.0
[HELPING] Avg % of chunks received by StarStream: NaN
[HELPING] Min % of chunks received by StarStream: Infinity
[HELPING] Max % of chunks received by StarStream: -Infinity
[HELPING] StD of chunks received by StarStream: 0.0
[HELPING] Var of chunks received by StarStream: 0.0
[HELPING] Latency: NaN
[HELPING] Min of perceived avg chunk delivery-time: Infinity
[HELPING] Max of perceived avg chunk delivery-time: -Infinity
[HELPING] Variance of perceived avg chunk delivery-time: 0.0
[HELPING] StD of perceived avg chunk delivery-time: 0.0
[HELPING] Avg messages sent per node: NaN
[HELPING] Min messages sent per node: Infinity
[HELPING] Max messages sent per node: -Infinity
[HELPING] Variance of messages sent per node: 0.0
[HELPING] StD of messages sent per node: 0.0
[HELPING] Nodes with incomplete playbacks: 0
[HELPING] Packet Loss: NaN
[HELPING] Min % of not played chunks: Infinity
[HELPING] Max % of not played chunks: -Infinity
[HELPING] Not played chunks [chunk-id/nodes]: {}
[HELPING] Avg distance between not played chunks: NaN
[HELPING] Min distance between not played chunks: Infinity
[HELPING] Max distance between not played chunks: -Infinity

