Total chunks: 100
Nodes x chunk: 10
Total nodes: 70
Active nodes: 70
Started playbacks: 70
Not started playbacks node-ids: []
Playbacks time-window: 265
Missing chunks distribution [missed-chunks/nodes]: {0=67, 2=1, 3=1, 5=1}
Rejected chunks for ttl expiration [chunk-id/nodes]: 5 {0=5, 1=2, 2=3, 3=2, 4=1}
Rejected chunks for capacity limit [chunk-id/nodes]: 0 {}
bandwidthUtilUp: 0.013752958458965844
bandwidthUtilDown: 0.007984723016690426
Avg # of unsent chunk for max-retries: 0.0
Min # of unsent chunk for max-retries: 0.0
Max # of unsent chunk for max-retries: 0.0
Avg # of unsent chunk-reqs for max-retries: 0.0
Min # of unsent chunk-reqs for max-retries: 0.0
Max # of unsent chunk-reqs for max-retries: 0.0
Avg % of chunks received by Pastry: 7.057142857142857
Min % of chunks received by Pastry: 0.0
Max % of chunks received by Pastry: 18.0
StD of chunks received by Pastry: 3.881900454508894
Var of chunks received by Pastry: 15.069151138716359
Avg % of chunks received by StarStream: 91.98571428571428
Min % of chunks received by StarStream: 81.0
Max % of chunks received by StarStream: 100.0
StD of chunks received by StarStream: 3.921301385365183
Var of chunks received by StarStream: 15.376604554866905
[NONMOJO] Startup Delay: 99.72857142857143
[MOJO] Startup Delay: 51.5
[MOJO] Latency: 7.647266597856172
Min of perceived avg chunk delivery-time: 6.21
Max of perceived avg chunk delivery-time: 9.2
Variance of perceived avg chunk delivery-time: 0.3254016409127365
StD of perceived avg chunk delivery-time: 0.5704398661670979
Avg messages sent per node: 6125.628571428571
Min messages sent per node: 2559.0
Max messages sent per node: 9707.0
Variance of messages sent per node: 2661555.7730848915
StD of messages sent per node: 1631.427526151527
Nodes with incomplete playbacks: 49
[MOJO] Continuity Index: 63.628571428571426
[MOJO] Packet Loss: 36.371428571428574
Min % of not played chunks: 0.0
Max % of not played chunks: 99.0
Not played chunks [chunk-id/nodes]: {1=33, 2=29, 3=31, 4=22, 5=29, 6=24, 7=24, 8=23, 9=30, 10=25, 11=26, 12=23, 13=24, 14=25, 15=21, 17=25, 16=23, 19=21, 18=21, 21=23, 20=20, 23=27, 22=26, 25=25, 24=27, 27=23, 26=25, 29=22, 28=25, 31=27, 30=26, 34=27, 35=26, 32=23, 33=25, 38=24, 39=27, 36=23, 37=21, 42=28, 43=23, 40=32, 41=29, 46=25, 47=22, 44=24, 45=30, 51=23, 50=29, 49=28, 48=27, 55=25, 54=29, 53=28, 52=29, 59=28, 58=26, 57=25, 56=25, 63=27, 62=24, 61=26, 60=28, 68=28, 69=27, 70=23, 71=25, 64=28, 65=26, 66=28, 67=26, 76=25, 77=29, 78=20, 79=24, 72=26, 73=27, 74=25, 75=25, 85=28, 84=29, 87=29, 86=27, 81=24, 80=27, 83=23, 82=31, 93=23, 92=24, 95=27, 94=27, 89=23, 88=27, 91=28, 90=27, 98=27, 99=23, 96=21, 97=28}
Avg distance between not played chunks: 2.074140506680476
Min distance between not played chunks: 1.0
Max distance between not played chunks: 9.0

HELPING PEERS LOG

[HELPING] Active nodes: 0
[HELPING] Started playbacks: 0
[HELPING] Not started playbacks node-ids: []
[HELPING] Playbacks time-window: -9223372036854775807
[HELPING] Missing chunks distribution [missed-chunks/nodes]: {}
[HELPING] Rejected chunks for ttl expiration [chunk-id/nodes]: 0 {}
[HELPING] Rejected chunks for capacity limit [chunk-id/nodes]: 0 {}
[HELPING] bandwidthUtilUp: NaN
[HELPING] bandwidthUtilDown: NaN
[HELPING] Avg # of unsent chunk for max-retries: NaN
[HELPING] Min # of unsent chunk for max-retries: Infinity
[HELPING] Max # of unsent chunk for max-retries: -Infinity
[HELPING] Avg # of unsent chunk-reqs for max-retries: NaN
[HELPING] Min # of unsent chunk-reqs for max-retries: Infinity
[HELPING] Max # of unsent chunk-reqs for max-retries: -Infinity
[HELPING] Avg % of chunks received by Pastry: NaN
[HELPING] Min % of chunks received by Pastry: Infinity
[HELPING] Max % of chunks received by Pastry: -Infinity
[HELPING] StD of chunks received by Pastry: 0.0
[HELPING] Var of chunks received by Pastry: 0.0
[HELPING] Avg % of chunks received by StarStream: NaN
[HELPING] Min % of chunks received by StarStream: Infinity
[HELPING] Max % of chunks received by StarStream: -Infinity
[HELPING] StD of chunks received by StarStream: 0.0
[HELPING] Var of chunks received by StarStream: 0.0
[HELPING] Latency: NaN
[HELPING] Min of perceived avg chunk delivery-time: Infinity
[HELPING] Max of perceived avg chunk delivery-time: -Infinity
[HELPING] Variance of perceived avg chunk delivery-time: 0.0
[HELPING] StD of perceived avg chunk delivery-time: 0.0
[HELPING] Avg messages sent per node: NaN
[HELPING] Min messages sent per node: Infinity
[HELPING] Max messages sent per node: -Infinity
[HELPING] Variance of messages sent per node: 0.0
[HELPING] StD of messages sent per node: 0.0
[HELPING] Nodes with incomplete playbacks: 0
[HELPING] Packet Loss: NaN
[HELPING] Min % of not played chunks: Infinity
[HELPING] Max % of not played chunks: -Infinity
[HELPING] Not played chunks [chunk-id/nodes]: {}
[HELPING] Avg distance between not played chunks: NaN
[HELPING] Min distance between not played chunks: Infinity
[HELPING] Max distance between not played chunks: -Infinity

