Total chunks: 100
Nodes x chunk: 10
Total nodes: 70
Active nodes: 70
Started playbacks: 70
Not started playbacks node-ids: []
Playbacks time-window: 185
Missing chunks distribution [missed-chunks/nodes]: {0=65, 2=3, 3=2}
Rejected chunks for ttl expiration [chunk-id/nodes]: 3 {0=3, 1=4, 2=4}
Rejected chunks for capacity limit [chunk-id/nodes]: 0 {}
bandwidthUtilUp: 0.011826566912599567
bandwidthUtilDown: 0.007150894970455562
Avg # of unsent chunk for max-retries: 0.0
Min # of unsent chunk for max-retries: 0.0
Max # of unsent chunk for max-retries: 0.0
Avg # of unsent chunk-reqs for max-retries: 0.0
Min # of unsent chunk-reqs for max-retries: 0.0
Max # of unsent chunk-reqs for max-retries: 0.0
Avg % of chunks received by Pastry: 10.428571428571429
Min % of chunks received by Pastry: 0.0
Max % of chunks received by Pastry: 22.0
StD of chunks received by Pastry: 5.159966937798327
Var of chunks received by Pastry: 26.625258799171846
Avg % of chunks received by StarStream: 88.67142857142858
Min % of chunks received by StarStream: 77.0
Max % of chunks received by StarStream: 100.0
StD of chunks received by StarStream: 5.328951357188999
Var of chunks received by StarStream: 28.39772256728648
[NONMOJO] Startup Delay: 108.1
[MOJO] Startup Delay: 113.3
[MOJO] Latency: 8.796661874068143
Min of perceived avg chunk delivery-time: 6.8
Max of perceived avg chunk delivery-time: 12.237113402061855
Variance of perceived avg chunk delivery-time: 0.8956259521516938
StD of perceived avg chunk delivery-time: 0.9463751645894422
Avg messages sent per node: 3508.6428571428573
Min messages sent per node: 1634.0
Max messages sent per node: 7601.0
Variance of messages sent per node: 1948018.6966873691
StD of messages sent per node: 1395.7144036970346
Nodes with incomplete playbacks: 51
[MOJO] Continuity Index: 69.78571428571429
[MOJO] Packet Loss: 30.214285714285715
Min % of not played chunks: 0.0
Max % of not played chunks: 99.0
Not played chunks [chunk-id/nodes]: {1=29, 2=26, 3=19, 4=20, 5=17, 6=25, 7=22, 8=18, 9=18, 10=25, 11=19, 12=19, 13=21, 14=21, 15=20, 17=24, 16=19, 19=20, 18=23, 21=18, 20=24, 23=17, 22=15, 25=20, 24=22, 27=29, 26=20, 29=17, 28=23, 31=18, 30=21, 34=20, 35=20, 32=20, 33=18, 38=15, 39=22, 36=21, 37=20, 42=20, 43=16, 40=21, 41=19, 46=20, 47=21, 44=22, 45=27, 51=30, 50=23, 49=21, 48=23, 55=20, 54=18, 53=21, 52=22, 59=20, 58=18, 57=29, 56=24, 63=21, 62=25, 61=18, 60=26, 68=18, 69=23, 70=23, 71=19, 64=23, 65=27, 66=21, 67=16, 76=28, 77=18, 78=19, 79=20, 72=21, 73=30, 74=21, 75=22, 85=21, 84=20, 87=19, 86=21, 81=25, 80=25, 83=22, 82=23, 93=20, 92=24, 95=22, 94=21, 89=17, 88=21, 91=21, 90=25, 98=22, 99=23, 96=22, 97=22}
Avg distance between not played chunks: 3.982079442289529
Min distance between not played chunks: 1.0
Max distance between not played chunks: 44.0

HELPING PEERS LOG

[HELPING] Active nodes: 0
[HELPING] Started playbacks: 0
[HELPING] Not started playbacks node-ids: []
[HELPING] Playbacks time-window: -9223372036854775807
[HELPING] Missing chunks distribution [missed-chunks/nodes]: {}
[HELPING] Rejected chunks for ttl expiration [chunk-id/nodes]: 0 {}
[HELPING] Rejected chunks for capacity limit [chunk-id/nodes]: 0 {}
[HELPING] bandwidthUtilUp: NaN
[HELPING] bandwidthUtilDown: NaN
[HELPING] Avg # of unsent chunk for max-retries: NaN
[HELPING] Min # of unsent chunk for max-retries: Infinity
[HELPING] Max # of unsent chunk for max-retries: -Infinity
[HELPING] Avg # of unsent chunk-reqs for max-retries: NaN
[HELPING] Min # of unsent chunk-reqs for max-retries: Infinity
[HELPING] Max # of unsent chunk-reqs for max-retries: -Infinity
[HELPING] Avg % of chunks received by Pastry: NaN
[HELPING] Min % of chunks received by Pastry: Infinity
[HELPING] Max % of chunks received by Pastry: -Infinity
[HELPING] StD of chunks received by Pastry: 0.0
[HELPING] Var of chunks received by Pastry: 0.0
[HELPING] Avg % of chunks received by StarStream: NaN
[HELPING] Min % of chunks received by StarStream: Infinity
[HELPING] Max % of chunks received by StarStream: -Infinity
[HELPING] StD of chunks received by StarStream: 0.0
[HELPING] Var of chunks received by StarStream: 0.0
[HELPING] Latency: NaN
[HELPING] Min of perceived avg chunk delivery-time: Infinity
[HELPING] Max of perceived avg chunk delivery-time: -Infinity
[HELPING] Variance of perceived avg chunk delivery-time: 0.0
[HELPING] StD of perceived avg chunk delivery-time: 0.0
[HELPING] Avg messages sent per node: NaN
[HELPING] Min messages sent per node: Infinity
[HELPING] Max messages sent per node: -Infinity
[HELPING] Variance of messages sent per node: 0.0
[HELPING] StD of messages sent per node: 0.0
[HELPING] Nodes with incomplete playbacks: 0
[HELPING] Packet Loss: NaN
[HELPING] Min % of not played chunks: Infinity
[HELPING] Max % of not played chunks: -Infinity
[HELPING] Not played chunks [chunk-id/nodes]: {}
[HELPING] Avg distance between not played chunks: NaN
[HELPING] Min distance between not played chunks: Infinity
[HELPING] Max distance between not played chunks: -Infinity

