Total chunks: 100
Nodes x chunk: 10
Total nodes: 70
Active nodes: 70
Started playbacks: 70
Not started playbacks node-ids: []
Playbacks time-window: 195
Missing chunks distribution [missed-chunks/nodes]: {0=69, 1=1}
Rejected chunks for ttl expiration [chunk-id/nodes]: 1 {2=1}
Rejected chunks for capacity limit [chunk-id/nodes]: 0 {}
bandwidthUtilUp: 0.010356304257403103
bandwidthUtilDown: 0.006114639938815872
Avg # of unsent chunk for max-retries: 0.0
Min # of unsent chunk for max-retries: 0.0
Max # of unsent chunk for max-retries: 0.0
Avg # of unsent chunk-reqs for max-retries: 0.0
Min # of unsent chunk-reqs for max-retries: 0.0
Max # of unsent chunk-reqs for max-retries: 0.0
Avg % of chunks received by Pastry: 3.5
Min % of chunks received by Pastry: 0.0
Max % of chunks received by Pastry: 11.0
StD of chunks received by Pastry: 2.6743548592218422
Var of chunks received by Pastry: 7.152173913043479
Avg % of chunks received by StarStream: 95.6
Min % of chunks received by StarStream: 88.0
Max % of chunks received by StarStream: 100.0
StD of chunks received by StarStream: 2.8047578623952694
Var of chunks received by StarStream: 7.86666666666808
[MOJO] Startup Delay: 98.75714285714285
[MOJO] Latency: 6.29238365318904
Min of perceived avg chunk delivery-time: 5.44
Max of perceived avg chunk delivery-time: 7.459183673469388
Variance of perceived avg chunk delivery-time: 0.2886862246562316
StD of perceived avg chunk delivery-time: 0.5372952862776963
Avg messages sent per node: 17744.27142857143
Min messages sent per node: 14873.0
Max messages sent per node: 22935.0
Variance of messages sent per node: 2968825.794824025
StD of messages sent per node: 1723.0280888087766
Nodes with incomplete playbacks: 35
[MOJO] Packet Loss: 29.02857142857143
Min % of not played chunks: 0.0
Max % of not played chunks: 99.0
Not played chunks [chunk-id/nodes]: {1=24, 2=21, 3=23, 4=22, 5=24, 6=19, 7=18, 8=22, 9=20, 10=24, 11=20, 12=20, 13=24, 14=22, 15=20, 17=20, 16=22, 19=23, 18=19, 21=19, 20=20, 23=22, 22=19, 25=23, 24=22, 27=20, 26=21, 29=21, 28=26, 31=22, 30=24, 34=23, 35=24, 32=17, 33=23, 38=18, 39=24, 36=18, 37=20, 42=23, 43=21, 40=19, 41=21, 46=18, 47=20, 44=24, 45=17, 51=17, 50=19, 49=18, 48=18, 55=22, 54=20, 53=19, 52=19, 59=18, 58=20, 57=20, 56=21, 63=20, 62=22, 61=21, 60=21, 68=20, 69=23, 70=19, 71=21, 64=20, 65=21, 66=21, 67=20, 76=19, 77=20, 78=22, 79=18, 72=21, 73=20, 74=16, 75=22, 85=18, 84=19, 87=21, 86=16, 81=21, 80=21, 83=19, 82=22, 93=19, 92=23, 95=17, 94=21, 89=16, 88=21, 91=21, 90=22, 98=22, 99=21, 96=19, 97=19}
Avg distance between not played chunks: 2.16490108043151
Min distance between not played chunks: 1.0
Max distance between not played chunks: 17.4

