Total chunks: 100
Nodes x chunk: 10
Total nodes: 70
Active nodes: 70
Started playbacks: 70
Not started playbacks node-ids: []
Playbacks time-window: 123
Missing chunks distribution [missed-chunks/nodes]: {0=70}
Rejected chunks for ttl expiration [chunk-id/nodes]: 1 {0=1}
Rejected chunks for capacity limit [chunk-id/nodes]: 0 {}
bandwidthUtilUp: 0.010385331884232935
bandwidthUtilDown: 0.006130945537978613
Avg # of unsent chunk for max-retries: 0.0
Min # of unsent chunk for max-retries: 0.0
Max # of unsent chunk for max-retries: 0.0
Avg # of unsent chunk-reqs for max-retries: 0.0
Min # of unsent chunk-reqs for max-retries: 0.0
Max # of unsent chunk-reqs for max-retries: 0.0
Avg % of chunks received by Pastry: 3.1
Min % of chunks received by Pastry: 0.0
Max % of chunks received by Pastry: 10.0
StD of chunks received by Pastry: 2.649309453368961
Var of chunks received by Pastry: 7.018840579710144
Avg % of chunks received by StarStream: 95.95714285714286
Min % of chunks received by StarStream: 89.0
Max % of chunks received by StarStream: 100.0
StD of chunks received by StarStream: 2.726338066832175
Var of chunks received by StarStream: 7.432919254658202
[MOJO] Startup Delay: 93.92857142857143
[MOJO] Latency: 6.312615278145889
Min of perceived avg chunk delivery-time: 5.03
Max of perceived avg chunk delivery-time: 7.1938775510204085
Variance of perceived avg chunk delivery-time: 0.2582607659137038
StD of perceived avg chunk delivery-time: 0.5081936303356269
Avg messages sent per node: 17792.8
Min messages sent per node: 12766.0
Max messages sent per node: 21711.0
Variance of messages sent per node: 3322275.553623196
StD of messages sent per node: 1822.7110450159664
Nodes with incomplete playbacks: 36
[MOJO] Packet Loss: 30.057142857142857
Min % of not played chunks: 0.0
Max % of not played chunks: 99.0
Not played chunks [chunk-id/nodes]: {1=26, 2=22, 3=20, 4=21, 5=17, 6=21, 7=25, 8=26, 9=21, 10=23, 11=15, 12=26, 13=21, 14=17, 15=25, 17=25, 16=20, 19=22, 18=23, 21=24, 20=21, 23=19, 22=21, 25=22, 24=19, 27=23, 26=25, 29=23, 28=21, 31=20, 30=20, 34=21, 35=25, 32=22, 33=24, 38=24, 39=22, 36=20, 37=20, 42=21, 43=23, 40=23, 41=19, 46=24, 47=21, 44=22, 45=20, 51=19, 50=19, 49=20, 48=19, 55=18, 54=19, 53=25, 52=17, 59=23, 58=23, 57=20, 56=18, 63=22, 62=23, 61=23, 60=19, 68=20, 69=23, 70=22, 71=22, 64=16, 65=17, 66=18, 67=22, 76=21, 77=22, 78=22, 79=20, 72=20, 73=20, 74=21, 75=22, 85=22, 84=20, 87=24, 86=18, 81=20, 80=22, 83=20, 82=21, 93=22, 92=21, 95=22, 94=21, 89=23, 88=25, 91=20, 90=18, 98=21, 99=19, 96=24, 97=21}
Avg distance between not played chunks: 2.9263374752011044
Min distance between not played chunks: 1.0
Max distance between not played chunks: 41.5

