Total chunks: 100
Nodes x chunk: 10
Total nodes: 140
Active nodes: 70
Started playbacks: 70
Not started playbacks node-ids: []
Playbacks time-window: 218
Missing chunks distribution [missed-chunks/nodes]: {0=68, 1=1, 2=1}
Rejected chunks for ttl expiration [chunk-id/nodes]: 2 {0=2, 1=1}
Rejected chunks for capacity limit [chunk-id/nodes]: 0 {}
bandwidthUtilUp: 0.014668825340266986
bandwidthUtilDown: 0.00856602131895611
Avg # of unsent chunk for max-retries: 0.0
Min # of unsent chunk for max-retries: 0.0
Max # of unsent chunk for max-retries: 0.0
Avg # of unsent chunk-reqs for max-retries: 0.0
Min # of unsent chunk-reqs for max-retries: 0.0
Max # of unsent chunk-reqs for max-retries: 0.0
Avg % of chunks received by Pastry: 8.157142857142857
Min % of chunks received by Pastry: 0.0
Max % of chunks received by Pastry: 15.0
StD of chunks received by Pastry: 3.219666533663343
Var of chunks received by Pastry: 10.366252587991728
Avg % of chunks received by StarStream: 90.85714285714286
Min % of chunks received by StarStream: 84.0
Max % of chunks received by StarStream: 99.0
StD of chunks received by StarStream: 3.2494624495720994
Var of chunks received by StarStream: 10.559006211179108
[NONMOJO] Startup Delay: 224.62857142857143
[MOJO] Startup Delay: 78.8
[MOJO] Latency: 9.720501457725947
Min of perceived avg chunk delivery-time: 7.95
Max of perceived avg chunk delivery-time: 14.561224489795919
Variance of perceived avg chunk delivery-time: 0.874251951403975
StD of perceived avg chunk delivery-time: 0.9350144124044159
Avg messages sent per node: 6875.657142857143
Min messages sent per node: 4109.0
Max messages sent per node: 10700.0
Variance of messages sent per node: 2173491.3300206987
StD of messages sent per node: 1474.2765446213607
Nodes with incomplete playbacks: 69
[MOJO] Continuity Index: 43.58571428571429
[MOJO] Packet Loss: 56.41428571428571
Min % of not played chunks: 0.0
Max % of not played chunks: 99.0
Not played chunks [chunk-id/nodes]: {1=48, 2=40, 3=39, 4=39, 5=38, 6=38, 7=43, 8=41, 9=36, 10=40, 11=40, 12=37, 13=41, 14=41, 15=42, 17=40, 16=42, 19=45, 18=37, 21=39, 20=41, 23=41, 22=33, 25=40, 24=30, 27=38, 26=37, 29=40, 28=44, 31=34, 30=27, 34=40, 35=32, 32=41, 33=37, 38=46, 39=32, 36=32, 37=42, 42=41, 43=39, 40=41, 41=46, 46=38, 47=38, 44=41, 45=39, 51=39, 50=40, 49=35, 48=37, 55=52, 54=34, 53=32, 52=40, 59=35, 58=43, 57=39, 56=34, 63=40, 62=46, 61=42, 60=42, 68=36, 69=41, 70=36, 71=43, 64=42, 65=44, 66=42, 67=44, 76=43, 77=40, 78=42, 79=42, 72=46, 73=38, 74=41, 75=40, 85=46, 84=37, 87=37, 86=44, 81=40, 80=37, 83=46, 82=41, 93=38, 92=42, 95=45, 94=40, 89=42, 88=40, 91=45, 90=37, 98=37, 99=44, 96=43, 97=42}
Avg distance between not played chunks: 2.2431785148475036
Min distance between not played chunks: 1.0
Max distance between not played chunks: 7.833333333333333

HELPING PEERS LOG

[HELPING] Active nodes: 70
[HELPING] Started playbacks: 70
[HELPING] Not started playbacks node-ids: []
[HELPING] Playbacks time-window: 216
[HELPING] Missing chunks distribution [missed-chunks/nodes]: {0=68, 1=1, 2=1}
[HELPING] Rejected chunks for ttl expiration [chunk-id/nodes]: 2 {0=2, 1=1}
[HELPING] Rejected chunks for capacity limit [chunk-id/nodes]: 0 {}
[HELPING] bandwidthUtilUp: 0.014724183556453939
[HELPING] bandwidthUtilDown: 0.008938484546106162
[HELPING] Avg # of unsent chunk for max-retries: 0.0
[HELPING] Min # of unsent chunk for max-retries: 0.0
[HELPING] Max # of unsent chunk for max-retries: 0.0
[HELPING] Avg # of unsent chunk-reqs for max-retries: 0.0
[HELPING] Min # of unsent chunk-reqs for max-retries: 0.0
[HELPING] Max # of unsent chunk-reqs for max-retries: 0.0
[HELPING] Avg % of chunks received by Pastry: 7.585714285714285
[HELPING] Min % of chunks received by Pastry: 0.0
[HELPING] Max % of chunks received by Pastry: 13.0
[HELPING] StD of chunks received by Pastry: 3.047892391986027
[HELPING] Var of chunks received by Pastry: 9.289648033126303
[HELPING] Avg % of chunks received by StarStream: 91.44285714285714
[HELPING] Min % of chunks received by StarStream: 86.0
[HELPING] Max % of chunks received by StarStream: 100.0
[HELPING] StD of chunks received by StarStream: 3.123708842997015
[HELPING] Var of chunks received by StarStream: 9.75755693581775
[HELPING] Startup Delay: 227.95714285714286
[HELPING] Latency: 9.94613051800807
[HELPING] Min of perceived avg chunk delivery-time: 8.78
[HELPING] Max of perceived avg chunk delivery-time: 12.464646464646465
[HELPING] Variance of perceived avg chunk delivery-time: 0.48346067202826165
[HELPING] StD of perceived avg chunk delivery-time: 0.6953133624692263
[HELPING] Avg messages sent per node: 7056.642857142857
[HELPING] Min messages sent per node: 4484.0
[HELPING] Max messages sent per node: 10195.0
[HELPING] Variance of messages sent per node: 1927929.6821946208
[HELPING] StD of messages sent per node: 1388.4990753308484
[HELPING] Nodes with incomplete playbacks: 66
[HELPING] Packet Loss: 47.15714285714286
[HELPING] Min % of not played chunks: 0.0
[HELPING] Max % of not played chunks: 99.0
[HELPING] Not played chunks [chunk-id/nodes]: {1=38, 2=32, 3=36, 4=35, 5=29, 6=32, 7=34, 8=35, 9=34, 10=31, 11=32, 12=31, 13=33, 14=35, 15=32, 17=35, 16=28, 19=35, 18=25, 21=35, 20=34, 23=34, 22=33, 25=39, 24=23, 27=40, 26=26, 29=26, 28=28, 31=28, 30=28, 34=39, 35=28, 32=28, 33=28, 38=29, 39=32, 36=38, 37=35, 42=35, 43=37, 40=35, 41=31, 46=33, 47=30, 44=30, 45=34, 51=33, 50=29, 49=27, 48=34, 55=40, 54=29, 53=27, 52=31, 59=28, 58=34, 57=35, 56=30, 63=31, 62=36, 61=33, 60=32, 68=34, 69=28, 70=35, 71=35, 64=36, 65=39, 66=40, 67=28, 76=33, 77=38, 78=31, 79=44, 72=36, 73=27, 74=35, 75=31, 85=37, 84=43, 87=36, 86=34, 81=32, 80=42, 83=41, 82=34, 93=31, 92=33, 95=40, 94=35, 89=42, 88=44, 91=35, 90=35, 98=34, 99=30, 96=34, 97=32}
[HELPING] Avg distance between not played chunks: 3.5750029525291374
[HELPING] Min distance between not played chunks: 1.0
[HELPING] Max distance between not played chunks: 41.0

