Total chunks: 100
Nodes x chunk: 10
Total nodes: 91
Active nodes: 70
Started playbacks: 70
Not started playbacks node-ids: []
Playbacks time-window: 136
Missing chunks distribution [missed-chunks/nodes]: {0=70}
Rejected chunks for ttl expiration [chunk-id/nodes]: 1 {0=1}
Rejected chunks for capacity limit [chunk-id/nodes]: 0 {}
bandwidthUtilUp: 0.01438311797092198
bandwidthUtilDown: 0.008404006245136722
Avg # of unsent chunk for max-retries: 0.0
Min # of unsent chunk for max-retries: 0.0
Max # of unsent chunk for max-retries: 0.0
Avg # of unsent chunk-reqs for max-retries: 0.0
Min # of unsent chunk-reqs for max-retries: 0.0
Max # of unsent chunk-reqs for max-retries: 0.0
Avg % of chunks received by Pastry: 6.8428571428571425
Min % of chunks received by Pastry: 0.0
Max % of chunks received by Pastry: 14.0
StD of chunks received by Pastry: 3.330298825803947
Var of chunks received by Pastry: 11.09089026915115
Avg % of chunks received by StarStream: 92.18571428571428
Min % of chunks received by StarStream: 85.0
Max % of chunks received by StarStream: 100.0
StD of chunks received by StarStream: 3.384931901110544
Var of chunks received by StarStream: 11.457763975155842
[NONMOJO] Startup Delay: 123.8
[MOJO] Startup Delay: 50.5
[MOJO] Latency: 8.107737609329446
Min of perceived avg chunk delivery-time: 6.92
Max of perceived avg chunk delivery-time: 9.72
Variance of perceived avg chunk delivery-time: 0.3741320316327844
StD of perceived avg chunk delivery-time: 0.6116633319341486
Avg messages sent per node: 6822.071428571428
Min messages sent per node: 4133.0
Max messages sent per node: 10931.0
Variance of messages sent per node: 2726172.704968946
StD of messages sent per node: 1651.1125658079602
Nodes with incomplete playbacks: 67
[MOJO] Continuity Index: 44.52857142857143
[MOJO] Packet Loss: 55.47142857142857
Min % of not played chunks: 0.0
Max % of not played chunks: 99.0
Not played chunks [chunk-id/nodes]: {1=37, 2=42, 3=39, 4=36, 5=33, 6=41, 7=36, 8=43, 9=37, 10=31, 11=43, 12=42, 13=36, 14=39, 15=39, 17=33, 16=36, 19=36, 18=40, 21=37, 20=29, 23=40, 22=42, 25=41, 24=40, 27=34, 26=39, 29=38, 28=37, 31=45, 30=34, 34=38, 35=36, 32=41, 33=35, 38=38, 39=41, 36=46, 37=42, 42=43, 43=42, 40=39, 41=39, 46=37, 47=46, 44=42, 45=41, 51=39, 50=42, 49=37, 48=44, 55=38, 54=45, 53=34, 52=44, 59=37, 58=41, 57=38, 56=38, 63=44, 62=38, 61=47, 60=39, 68=39, 69=40, 70=43, 71=31, 64=33, 65=34, 66=40, 67=43, 76=36, 77=43, 78=39, 79=43, 72=40, 73=38, 74=37, 75=37, 85=42, 84=41, 87=41, 86=40, 81=42, 80=41, 83=45, 82=38, 93=41, 92=41, 95=38, 94=37, 89=40, 88=41, 91=39, 90=39, 98=37, 99=37, 96=38, 97=43}
Avg distance between not played chunks: 2.614984674482938
Min distance between not played chunks: 1.0
Max distance between not played chunks: 24.0

HELPING PEERS LOG

[HELPING] Active nodes: 21
[HELPING] Started playbacks: 21
[HELPING] Not started playbacks node-ids: []
[HELPING] Playbacks time-window: 107
[HELPING] Missing chunks distribution [missed-chunks/nodes]: {0=21}
[HELPING] Rejected chunks for ttl expiration [chunk-id/nodes]: 1 {0=1}
[HELPING] Rejected chunks for capacity limit [chunk-id/nodes]: 0 {}
[HELPING] bandwidthUtilUp: 0.01406733582564974
[HELPING] bandwidthUtilDown: 0.00893044587044368
[HELPING] Avg # of unsent chunk for max-retries: 0.0
[HELPING] Min # of unsent chunk for max-retries: 0.0
[HELPING] Max # of unsent chunk for max-retries: 0.0
[HELPING] Avg # of unsent chunk-reqs for max-retries: 0.0
[HELPING] Min # of unsent chunk-reqs for max-retries: 0.0
[HELPING] Max # of unsent chunk-reqs for max-retries: 0.0
[HELPING] Avg % of chunks received by Pastry: 5.476190476190476
[HELPING] Min % of chunks received by Pastry: 0.0
[HELPING] Max % of chunks received by Pastry: 13.0
[HELPING] StD of chunks received by Pastry: 3.60026454054487
[HELPING] Var of chunks received by Pastry: 12.961904761904762
[HELPING] Avg % of chunks received by StarStream: 93.66666666666667
[HELPING] Min % of chunks received by StarStream: 86.0
[HELPING] Max % of chunks received by StarStream: 100.0
[HELPING] StD of chunks received by StarStream: 3.8253540141184836
[HELPING] Var of chunks received by StarStream: 14.633333333332395
[HELPING] Startup Delay: 151.33333333333334
[HELPING] Latency: 8.503440233236152
[HELPING] Min of perceived avg chunk delivery-time: 7.292929292929293
[HELPING] Max of perceived avg chunk delivery-time: 9.46
[HELPING] Variance of perceived avg chunk delivery-time: 0.3068242163957791
[HELPING] StD of perceived avg chunk delivery-time: 0.5539171566180083
[HELPING] Avg messages sent per node: 6982.0952380952385
[HELPING] Min messages sent per node: 4552.0
[HELPING] Max messages sent per node: 9430.0
[HELPING] Variance of messages sent per node: 2221251.490476186
[HELPING] StD of messages sent per node: 1490.3863561091084
[HELPING] Nodes with incomplete playbacks: 11
[HELPING] Packet Loss: 20.238095238095237
[HELPING] Min % of not played chunks: 0.0
[HELPING] Max % of not played chunks: 90.0
[HELPING] Not played chunks [chunk-id/nodes]: {1=6, 2=3, 3=3, 4=4, 5=5, 6=5, 7=5, 8=3, 9=4, 10=6, 11=5, 12=3, 13=4, 14=3, 15=7, 17=3, 16=3, 19=3, 18=4, 21=3, 20=6, 23=3, 22=4, 25=2, 24=4, 27=5, 26=3, 29=3, 28=4, 31=6, 30=4, 34=5, 35=5, 32=6, 33=2, 38=1, 39=4, 36=5, 37=5, 42=5, 43=4, 40=3, 41=5, 46=4, 47=6, 44=4, 45=3, 51=4, 50=5, 49=6, 48=4, 55=4, 54=5, 53=5, 52=5, 59=5, 58=6, 57=5, 56=5, 63=5, 62=3, 61=4, 60=3, 68=6, 69=5, 70=4, 71=5, 64=4, 65=5, 66=5, 67=3, 76=2, 77=6, 78=3, 79=3, 72=6, 73=3, 74=5, 75=4, 85=8, 84=4, 87=6, 86=4, 81=2, 80=4, 83=4, 82=4, 93=5, 92=4, 95=5, 94=4, 89=5, 88=4, 91=4, 90=3, 98=5, 99=5, 96=4, 97=5}
[HELPING] Avg distance between not played chunks: 6.307180626605252
[HELPING] Min distance between not played chunks: 1.101123595505618
[HELPING] Max distance between not played chunks: 23.25

