Total chunks: 100
Nodes x chunk: 10
Total nodes: 98
Active nodes: 70
Started playbacks: 70
Not started playbacks node-ids: []
Playbacks time-window: 160
Missing chunks distribution [missed-chunks/nodes]: {0=69, 1=1}
Rejected chunks for ttl expiration [chunk-id/nodes]: 1 {1=1}
Rejected chunks for capacity limit [chunk-id/nodes]: 0 {}
bandwidthUtilUp: 0.0023969467801235223
bandwidthUtilDown: 0.0012748698234488402
Avg # of unsent chunk for max-retries: 0.0
Min # of unsent chunk for max-retries: 0.0
Max # of unsent chunk for max-retries: 0.0
Avg # of unsent chunk-reqs for max-retries: 0.0
Min # of unsent chunk-reqs for max-retries: 0.0
Max # of unsent chunk-reqs for max-retries: 0.0
Avg % of chunks received by Pastry: 4.214285714285714
Min % of chunks received by Pastry: 0.0
Max % of chunks received by Pastry: 12.0
StD of chunks received by Pastry: 2.898739641876649
Var of chunks received by Pastry: 8.402691511387165
Avg % of chunks received by StarStream: 94.82857142857142
Min % of chunks received by StarStream: 87.0
Max % of chunks received by StarStream: 100.0
StD of chunks received by StarStream: 2.968293456777823
Var of chunks received by StarStream: 8.810766045550038
[MOJO] Startup Delay: 66.8
[MOJO] Latency: 14.646625953411668
Min of perceived avg chunk delivery-time: 6.21
Max of perceived avg chunk delivery-time: 185.0
Variance of perceived avg chunk delivery-time: 666.0556892918311
StD of perceived avg chunk delivery-time: 25.808054736686977
Avg messages sent per node: 17822.928571428572
Min messages sent per node: 14185.0
Max messages sent per node: 22702.0
Variance of messages sent per node: 3971891.806418162
StD of messages sent per node: 1992.960563186879
Nodes with incomplete playbacks: 63
[MOJO] Packet Loss: 53.8
Min % of not played chunks: 0.0
Max % of not played chunks: 99.0
Not played chunks [chunk-id/nodes]: {1=39, 2=39, 3=34, 4=41, 5=40, 6=34, 7=37, 8=35, 9=34, 10=39, 11=37, 12=29, 13=35, 14=40, 15=36, 17=34, 16=35, 19=37, 18=36, 21=40, 20=43, 23=38, 22=40, 25=37, 24=34, 27=35, 26=38, 29=34, 28=36, 31=37, 30=37, 34=38, 35=38, 32=35, 33=35, 38=37, 39=31, 36=32, 37=31, 42=42, 43=39, 40=38, 41=37, 46=39, 47=36, 44=38, 45=36, 51=32, 50=42, 49=38, 48=40, 55=43, 54=39, 53=40, 52=43, 59=38, 58=36, 57=38, 56=40, 63=39, 62=40, 61=39, 60=42, 68=36, 69=37, 70=38, 71=38, 64=40, 65=40, 66=41, 67=36, 76=45, 77=44, 78=41, 79=39, 72=36, 73=39, 74=33, 75=41, 85=39, 84=34, 87=37, 86=44, 81=38, 80=46, 83=42, 82=34, 93=38, 92=41, 95=41, 94=41, 89=37, 88=39, 91=35, 90=41, 98=44, 99=41, 96=43, 97=36}
Avg distance between not played chunks: 2.204597819311461
Min distance between not played chunks: 1.0
Max distance between not played chunks: 12.5

HELPING PEERS LOG

[HELPING] Active nodes: 28
[HELPING] Started playbacks: 28
[HELPING] Not started playbacks node-ids: []
[HELPING] Playbacks time-window: 178
[HELPING] Missing chunks distribution [missed-chunks/nodes]: {0=27, 1=1}
[HELPING] Rejected chunks for ttl expiration [chunk-id/nodes]: 1 {1=1}
[HELPING] Rejected chunks for capacity limit [chunk-id/nodes]: 0 {}
[HELPING] bandwidthUtilUp: 0.002404806146901209
[HELPING] bandwidthUtilDown: 0.0012252925346751787
[HELPING] Avg # of unsent chunk for max-retries: 0.0
[HELPING] Min # of unsent chunk for max-retries: 0.0
[HELPING] Max # of unsent chunk for max-retries: 0.0
[HELPING] Avg # of unsent chunk-reqs for max-retries: 0.0
[HELPING] Min # of unsent chunk-reqs for max-retries: 0.0
[HELPING] Max # of unsent chunk-reqs for max-retries: 0.0
[HELPING] Avg % of chunks received by Pastry: 2.9642857142857144
[HELPING] Min % of chunks received by Pastry: 0.0
[HELPING] Max % of chunks received by Pastry: 9.0
[HELPING] StD of chunks received by Pastry: 2.202391677365563
[HELPING] Var of chunks received by Pastry: 4.850529100529099
[HELPING] Avg % of chunks received by StarStream: 96.25
[HELPING] Min % of chunks received by StarStream: 90.0
[HELPING] Max % of chunks received by StarStream: 100.0
[HELPING] StD of chunks received by StarStream: 2.5037009642764425
[HELPING] Var of chunks received by StarStream: 6.268518518518787
[HELPING] Startup Delay: 164.82142857142858
[HELPING] Latency: 7.500561813469978
[HELPING] Min of perceived avg chunk delivery-time: 6.46
[HELPING] Max of perceived avg chunk delivery-time: 9.173469387755102
[HELPING] Variance of perceived avg chunk delivery-time: 0.31670477993974877
[HELPING] StD of perceived avg chunk delivery-time: 0.5627652973840416
[HELPING] Avg messages sent per node: 17908.5
[HELPING] Min messages sent per node: 14966.0
[HELPING] Max messages sent per node: 21732.0
[HELPING] Variance of messages sent per node: 3315396.703703677
[HELPING] StD of messages sent per node: 1820.8230841308216
[HELPING] Nodes with incomplete playbacks: 15
[HELPING] Packet Loss: 22.678571428571427
[HELPING] Min % of not played chunks: 0.0
[HELPING] Max % of not played chunks: 99.0
[HELPING] Not played chunks [chunk-id/nodes]: {1=9, 2=7, 3=6, 4=5, 5=7, 6=7, 7=6, 8=6, 9=6, 10=5, 11=5, 12=4, 13=7, 14=4, 15=7, 17=5, 16=7, 19=6, 18=8, 21=7, 20=6, 23=7, 22=7, 25=5, 24=6, 27=6, 26=6, 29=6, 28=5, 31=7, 30=4, 34=6, 35=7, 32=5, 33=4, 38=4, 39=5, 36=4, 37=6, 42=5, 43=9, 40=7, 41=4, 46=8, 47=7, 44=8, 45=7, 51=6, 50=6, 49=6, 48=6, 55=8, 54=8, 53=4, 52=6, 59=6, 58=8, 57=8, 56=7, 63=10, 62=7, 61=6, 60=6, 68=5, 69=9, 70=5, 71=5, 64=7, 65=8, 66=6, 67=6, 76=8, 77=6, 78=6, 79=5, 72=6, 73=6, 74=6, 75=7, 85=8, 84=5, 87=8, 86=7, 81=6, 80=6, 83=7, 82=7, 93=5, 92=6, 95=7, 94=7, 89=7, 88=9, 91=8, 90=8, 98=7, 99=5, 96=9, 97=9}
[HELPING] Avg distance between not played chunks: 3.3860534649956286
[HELPING] Min distance between not played chunks: 1.0
[HELPING] Max distance between not played chunks: 10.11111111111111

