Total chunks: 100
Nodes x chunk: 10
Total nodes: 105
Active nodes: 70
Started playbacks: 70
Not started playbacks node-ids: []
Playbacks time-window: 258
Missing chunks distribution [missed-chunks/nodes]: {0=68, 1=1, 4=1}
Rejected chunks for ttl expiration [chunk-id/nodes]: 4 {1=2, 2=1, 3=1, 4=1}
Rejected chunks for capacity limit [chunk-id/nodes]: 0 {}
bandwidthUtilUp: 0.002501945774223642
bandwidthUtilDown: 0.0013179054018828086
Avg # of unsent chunk for max-retries: 0.0
Min # of unsent chunk for max-retries: 0.0
Max # of unsent chunk for max-retries: 0.0
Avg # of unsent chunk-reqs for max-retries: 0.0
Min # of unsent chunk-reqs for max-retries: 0.0
Max # of unsent chunk-reqs for max-retries: 0.0
Avg % of chunks received by Pastry: 3.4857142857142858
Min % of chunks received by Pastry: 0.0
Max % of chunks received by Pastry: 10.0
StD of chunks received by Pastry: 2.506471954025159
Var of chunks received by Pastry: 6.282401656314699
Avg % of chunks received by StarStream: 95.52857142857142
Min % of chunks received by StarStream: 89.0
Max % of chunks received by StarStream: 100.0
StD of chunks received by StarStream: 2.529371970922303
Var of chunks received by StarStream: 6.397722567287375
[MOJO] Startup Delay: 82.6
[MOJO] Latency: 16.724208243823846
Min of perceived avg chunk delivery-time: 6.1
Max of perceived avg chunk delivery-time: 202.0
Variance of perceived avg chunk delivery-time: 1106.7925660665921
StD of perceived avg chunk delivery-time: 33.26849209186663
Avg messages sent per node: 18393.557142857142
Min messages sent per node: 14301.0
Max messages sent per node: 23456.0
Variance of messages sent per node: 4008970.1923395935
StD of messages sent per node: 2002.2412922371752
Nodes with incomplete playbacks: 62
[MOJO] Packet Loss: 46.957142857142856
Min % of not played chunks: 0.0
Max % of not played chunks: 99.0
Not played chunks [chunk-id/nodes]: {1=41, 2=36, 3=34, 4=34, 5=33, 6=27, 7=34, 8=34, 9=36, 10=32, 11=29, 12=32, 13=34, 14=32, 15=28, 17=28, 16=34, 19=35, 18=32, 21=32, 20=31, 23=25, 22=35, 25=34, 24=40, 27=27, 26=32, 29=32, 28=38, 31=31, 30=38, 34=29, 35=32, 32=34, 33=39, 38=32, 39=28, 36=29, 37=36, 42=34, 43=34, 40=33, 41=37, 46=35, 47=31, 44=36, 45=32, 51=31, 50=41, 49=36, 48=38, 55=34, 54=27, 53=41, 52=32, 59=32, 58=33, 57=35, 56=36, 63=35, 62=32, 61=35, 60=26, 68=29, 69=23, 70=29, 71=35, 64=36, 65=31, 66=31, 67=31, 76=31, 77=31, 78=30, 79=44, 72=31, 73=36, 74=35, 75=36, 85=37, 84=24, 87=33, 86=32, 81=34, 80=35, 83=41, 82=34, 93=32, 92=32, 95=29, 94=32, 89=33, 88=29, 91=35, 90=35, 98=38, 99=35, 96=36, 97=37}
Avg distance between not played chunks: 2.640691672580051
Min distance between not played chunks: 1.0
Max distance between not played chunks: 18.75

HELPING PEERS LOG

[HELPING] Active nodes: 35
[HELPING] Started playbacks: 35
[HELPING] Not started playbacks node-ids: []
[HELPING] Playbacks time-window: 212
[HELPING] Missing chunks distribution [missed-chunks/nodes]: {0=34, 3=1}
[HELPING] Rejected chunks for ttl expiration [chunk-id/nodes]: 2 {1=1, 2=1}
[HELPING] Rejected chunks for capacity limit [chunk-id/nodes]: 0 {}
[HELPING] bandwidthUtilUp: 0.002527522804496859
[HELPING] bandwidthUtilDown: 0.0013076783091429183
[HELPING] Avg # of unsent chunk for max-retries: 0.0
[HELPING] Min # of unsent chunk for max-retries: 0.0
[HELPING] Max # of unsent chunk for max-retries: 0.0
[HELPING] Avg # of unsent chunk-reqs for max-retries: 0.0
[HELPING] Min # of unsent chunk-reqs for max-retries: 0.0
[HELPING] Max # of unsent chunk-reqs for max-retries: 0.0
[HELPING] Avg % of chunks received by Pastry: 2.2
[HELPING] Min % of chunks received by Pastry: 0.0
[HELPING] Max % of chunks received by Pastry: 6.0
[HELPING] StD of chunks received by Pastry: 1.5680636241593529
[HELPING] Var of chunks received by Pastry: 2.458823529411764
[HELPING] Avg % of chunks received by StarStream: 96.88571428571429
[HELPING] Min % of chunks received by StarStream: 93.0
[HELPING] Max % of chunks received by StarStream: 100.0
[HELPING] StD of chunks received by StarStream: 1.711061393532329
[HELPING] Var of chunks received by StarStream: 2.9277310924367956
[HELPING] Startup Delay: 161.85714285714286
[HELPING] Latency: 7.506775753158406
[HELPING] Min of perceived avg chunk delivery-time: 6.16
[HELPING] Max of perceived avg chunk delivery-time: 8.260416666666666
[HELPING] Variance of perceived avg chunk delivery-time: 0.2285946141742692
[HELPING] StD of perceived avg chunk delivery-time: 0.47811569120273517
[HELPING] Avg messages sent per node: 18644.85714285714
[HELPING] Min messages sent per node: 15690.0
[HELPING] Max messages sent per node: 22500.0
[HELPING] Variance of messages sent per node: 2783411.1260504844
[HELPING] StD of messages sent per node: 1668.355815181667
[HELPING] Nodes with incomplete playbacks: 30
[HELPING] Packet Loss: 41.714285714285715
[HELPING] Min % of not played chunks: 0.0
[HELPING] Max % of not played chunks: 99.0
[HELPING] Not played chunks [chunk-id/nodes]: {1=16, 2=17, 3=18, 4=13, 5=12, 6=15, 7=13, 8=14, 9=13, 10=17, 11=17, 12=16, 13=20, 14=16, 15=15, 17=12, 16=13, 19=18, 18=13, 21=14, 20=14, 23=10, 22=15, 25=14, 24=15, 27=19, 26=15, 29=15, 28=16, 31=18, 30=15, 34=17, 35=17, 32=18, 33=10, 38=15, 39=14, 36=14, 37=16, 42=17, 43=18, 40=16, 41=17, 46=16, 47=12, 44=13, 45=14, 51=16, 50=14, 49=12, 48=12, 55=15, 54=14, 53=16, 52=16, 59=17, 58=15, 57=11, 56=11, 63=15, 62=15, 61=16, 60=15, 68=12, 69=12, 70=13, 71=16, 64=17, 65=14, 66=12, 67=16, 76=15, 77=11, 78=14, 79=12, 72=14, 73=18, 74=16, 75=13, 85=17, 84=11, 87=14, 86=17, 81=13, 80=16, 83=14, 82=13, 93=13, 92=18, 95=16, 94=18, 89=11, 88=15, 91=14, 90=15, 98=15, 99=14, 96=12, 97=17}
[HELPING] Avg distance between not played chunks: 4.455958777487192
[HELPING] Min distance between not played chunks: 1.0
[HELPING] Max distance between not played chunks: 30.5

