Total chunks: 100
Nodes x chunk: 10
Total nodes: 112
Active nodes: 70
Started playbacks: 70
Not started playbacks node-ids: []
Playbacks time-window: 256
Missing chunks distribution [missed-chunks/nodes]: {0=68, 1=1, 4=1}
Rejected chunks for ttl expiration [chunk-id/nodes]: 4 {1=2, 2=1, 3=1, 4=1}
Rejected chunks for capacity limit [chunk-id/nodes]: 0 {}
bandwidthUtilUp: 0.010551168001717395
bandwidthUtilDown: 0.006353182787908173
Avg # of unsent chunk for max-retries: 0.0
Min # of unsent chunk for max-retries: 0.0
Max # of unsent chunk for max-retries: 0.0
Avg # of unsent chunk-reqs for max-retries: 0.0
Min # of unsent chunk-reqs for max-retries: 0.0
Max # of unsent chunk-reqs for max-retries: 0.0
Avg % of chunks received by Pastry: 4.371428571428571
Min % of chunks received by Pastry: 0.0
Max % of chunks received by Pastry: 12.0
StD of chunks received by Pastry: 2.714274817456606
Var of chunks received by Pastry: 7.367287784679092
Avg % of chunks received by StarStream: 94.65714285714286
Min % of chunks received by StarStream: 87.0
Max % of chunks received by StarStream: 100.0
StD of chunks received by StarStream: 2.765657477643092
Var of chunks received by StarStream: 7.64886128364315
[MOJO] Startup Delay: 172.92857142857142
[MOJO] Latency: 7.435295914492479
Min of perceived avg chunk delivery-time: 6.16
Max of perceived avg chunk delivery-time: 8.56
Variance of perceived avg chunk delivery-time: 0.31232897242198643
StD of perceived avg chunk delivery-time: 0.5588640017231262
Avg messages sent per node: 18048.571428571428
Min messages sent per node: 15107.0
Max messages sent per node: 23905.0
Variance of messages sent per node: 3019879.6977226115
StD of messages sent per node: 1737.7801062627607
Nodes with incomplete playbacks: 61
[MOJO] Packet Loss: 50.885714285714286
Min % of not played chunks: 0.0
Max % of not played chunks: 99.0
Not played chunks [chunk-id/nodes]: {1=35, 2=39, 3=34, 4=39, 5=36, 6=37, 7=36, 8=34, 9=34, 10=34, 11=33, 12=30, 13=36, 14=32, 15=41, 17=36, 16=34, 19=35, 18=37, 21=40, 20=38, 23=39, 22=35, 25=33, 24=34, 27=36, 26=38, 29=38, 28=36, 31=33, 30=36, 34=33, 35=33, 32=38, 33=40, 38=32, 39=42, 36=37, 37=37, 42=36, 43=31, 40=35, 41=35, 46=33, 47=36, 44=35, 45=34, 51=35, 50=36, 49=39, 48=37, 55=36, 54=35, 53=35, 52=40, 59=36, 58=35, 57=33, 56=41, 63=40, 62=44, 61=37, 60=40, 68=36, 69=40, 70=31, 71=33, 64=35, 65=31, 66=35, 67=29, 76=36, 77=33, 78=39, 79=33, 72=35, 73=35, 74=34, 75=30, 85=39, 84=37, 87=36, 86=29, 81=38, 80=44, 83=38, 82=36, 93=39, 92=41, 95=41, 94=35, 89=36, 88=30, 91=32, 90=43, 98=41, 99=37, 96=37, 97=34}
Avg distance between not played chunks: 3.431868765322432
Min distance between not played chunks: 1.0
Max distance between not played chunks: 77.0

