Total chunks: 100
Nodes x chunk: 10
Total nodes: 133
Active nodes: 70
Started playbacks: 70
Not started playbacks node-ids: []
Playbacks time-window: 240
Missing chunks distribution [missed-chunks/nodes]: {0=69, 2=1}
Rejected chunks for ttl expiration [chunk-id/nodes]: 2 {2=1, 3=1}
Rejected chunks for capacity limit [chunk-id/nodes]: 0 {}
bandwidthUtilUp: 0.010771149485435135
bandwidthUtilDown: 0.006419340659340769
Avg # of unsent chunk for max-retries: 0.0
Min # of unsent chunk for max-retries: 0.0
Max # of unsent chunk for max-retries: 0.0
Avg # of unsent chunk-reqs for max-retries: 0.0
Min # of unsent chunk-reqs for max-retries: 0.0
Max # of unsent chunk-reqs for max-retries: 0.0
Avg % of chunks received by Pastry: 4.071428571428571
Min % of chunks received by Pastry: 0.0
Max % of chunks received by Pastry: 10.0
StD of chunks received by Pastry: 2.589395478504468
Var of chunks received by Pastry: 6.704968944099384
Avg % of chunks received by StarStream: 94.95714285714286
Min % of chunks received by StarStream: 89.0
Max % of chunks received by StarStream: 100.0
StD of chunks received by StarStream: 2.639914987024655
Var of chunks received by StarStream: 6.969151138717385
[MOJO] Startup Delay: 211.42857142857142
[MOJO] Latency: 7.953661365845039
Min of perceived avg chunk delivery-time: 7.01
Max of perceived avg chunk delivery-time: 9.66326530612245
Variance of perceived avg chunk delivery-time: 0.23334026162360505
StD of perceived avg chunk delivery-time: 0.48305306294816625
Avg messages sent per node: 18442.871428571427
Min messages sent per node: 14761.0
Max messages sent per node: 21964.0
Variance of messages sent per node: 2630589.504969034
StD of messages sent per node: 1621.9092160071827
Nodes with incomplete playbacks: 66
[MOJO] Packet Loss: 54.02857142857143
Min % of not played chunks: 0.0
Max % of not played chunks: 99.0
Not played chunks [chunk-id/nodes]: {1=38, 2=50, 3=45, 4=34, 5=33, 6=34, 7=43, 8=28, 9=38, 10=38, 11=45, 12=36, 13=36, 14=42, 15=38, 17=42, 16=39, 19=32, 18=37, 21=44, 20=37, 23=38, 22=36, 25=46, 24=39, 27=36, 26=40, 29=39, 28=42, 31=37, 30=35, 34=42, 35=33, 32=39, 33=34, 38=40, 39=40, 36=42, 37=36, 42=32, 43=39, 40=32, 41=34, 46=34, 47=39, 44=36, 45=36, 51=39, 50=34, 49=35, 48=36, 55=37, 54=39, 53=36, 52=49, 59=41, 58=35, 57=43, 56=37, 63=40, 62=36, 61=32, 60=42, 68=33, 69=43, 70=37, 71=34, 64=43, 65=45, 66=40, 67=38, 76=38, 77=37, 78=39, 79=37, 72=30, 73=37, 74=40, 75=40, 85=39, 84=36, 87=36, 86=45, 81=28, 80=43, 83=36, 82=47, 93=32, 92=34, 95=42, 94=35, 89=37, 88=36, 91=39, 90=43, 98=42, 99=42, 96=43, 97=40}
Avg distance between not played chunks: 3.2051797806727342
Min distance between not played chunks: 1.0
Max distance between not played chunks: 27.5

