Total chunks: 100
Nodes x chunk: 11
Total nodes: 90
Active nodes: 75
Started playbacks: 75
Not started playbacks node-ids: []
Playbacks time-window: 23
Missing chunks distribution [missed-chunks/nodes]: {0=75}
Rejected chunks for ttl expiration [chunk-id/nodes]: 0 {}
Rejected chunks for capacity limit [chunk-id/nodes]: 0 {}
Avg # of unsent chunk for max-retries: 0.0
Min # of unsent chunk for max-retries: 0.0
Max # of unsent chunk for max-retries: 0.0
Avg # of unsent chunk-reqs for max-retries: 0.0
Min # of unsent chunk-reqs for max-retries: 0.0
Max # of unsent chunk-reqs for max-retries: 0.0
Avg % of chunks received by Pastry: 10.826666666666666
Min % of chunks received by Pastry: 5.0
Max % of chunks received by Pastry: 20.0
StD of chunks received by Pastry: 2.7527545581939683
Var of chunks received by Pastry: 7.577657657657669
Avg % of chunks received by StarStream: 88.18666666666667
Min % of chunks received by StarStream: 80.0
Max % of chunks received by StarStream: 94.0
StD of chunks received by StarStream: 2.7098086764682967
Var of chunks received by StarStream: 7.343063063062862
[MOJO] Startup Delay: 384.88
[MOJO] Latency: 10.338799999999999
Min of perceived avg chunk delivery-time: 8.38
Max of perceived avg chunk delivery-time: 12.82
Variance of perceived avg chunk delivery-time: 0.8648647567568111
StD of perceived avg chunk delivery-time: 0.9299810518267623
Avg messages sent per node: 2735.786666666667
Min messages sent per node: 2057.0
Max messages sent per node: 3349.0
Variance of messages sent per node: 87564.7646846835
StD of messages sent per node: 295.9134412031388
Nodes with incomplete playbacks: 75
[MOJO] Packet Loss: 53.85333333333333
Min % of not played chunks: 2.0
Max % of not played chunks: 99.0
Not played chunks [chunk-id/nodes]: {1=49, 2=39, 3=41, 4=45, 5=49, 6=44, 7=42, 8=46, 9=53, 10=46, 11=46, 12=43, 13=38, 14=40, 15=44, 17=35, 16=43, 19=42, 18=48, 21=45, 20=47, 23=48, 22=45, 25=37, 24=40, 27=47, 26=41, 29=40, 28=44, 31=35, 30=40, 34=42, 35=38, 32=39, 33=37, 38=42, 39=43, 36=39, 37=38, 42=44, 43=39, 40=48, 41=44, 46=38, 47=40, 44=44, 45=41, 51=35, 50=47, 49=41, 48=35, 55=37, 54=42, 53=35, 52=43, 59=36, 58=39, 57=38, 56=36, 63=43, 62=37, 61=42, 60=43, 68=39, 69=39, 70=40, 71=40, 64=33, 65=41, 66=39, 67=37, 76=35, 77=45, 78=37, 79=39, 72=40, 73=45, 74=37, 75=42, 85=35, 84=36, 87=39, 86=43, 81=38, 80=44, 83=36, 82=38, 93=35, 92=42, 95=46, 94=29, 89=34, 88=42, 91=43, 90=47, 98=37, 99=47, 96=39, 97=34}
Avg distance between not played chunks: 3.6780371063623547
Min distance between not played chunks: 1.0
Max distance between not played chunks: 46.0

