Total chunks: 100
Nodes x chunk: 12
Total nodes: 80
Active nodes: 80
Started playbacks: 80
Not started playbacks node-ids: []
Playbacks time-window: 211
Missing chunks distribution [missed-chunks/nodes]: {0=76, 2=3, 4=1}
Rejected chunks for ttl expiration [chunk-id/nodes]: 4 {0=7, 1=1, 2=2, 3=1}
Rejected chunks for capacity limit [chunk-id/nodes]: 0 {}
bandwidthUtilUp: 0.013483713258121583
bandwidthUtilDown: 0.008408050445649792
Avg # of unsent chunk for max-retries: 0.0
Min # of unsent chunk for max-retries: 0.0
Max # of unsent chunk for max-retries: 0.0
Avg # of unsent chunk-reqs for max-retries: 0.0
Min # of unsent chunk-reqs for max-retries: 0.0
Max # of unsent chunk-reqs for max-retries: 0.0
Avg % of chunks received by Pastry: 6.425
Min % of chunks received by Pastry: 0.0
Max % of chunks received by Pastry: 13.0
StD of chunks received by Pastry: 3.45596164418472
Var of chunks received by Pastry: 11.943670886075953
Avg % of chunks received by StarStream: 92.625
Min % of chunks received by StarStream: 86.0
Max % of chunks received by StarStream: 100.0
StD of chunks received by StarStream: 3.5449197023630585
Var of chunks received by StarStream: 12.566455696201796
[NONMOJO] Startup Delay: 115.2625
[MOJO] Startup Delay: 83.4
[MOJO] Latency: 7.920943035180332
Min of perceived avg chunk delivery-time: 6.31
Max of perceived avg chunk delivery-time: 12.13265306122449
Variance of perceived avg chunk delivery-time: 0.8422967366397537
StD of perceived avg chunk delivery-time: 0.9177672562473308
Avg messages sent per node: 5354.925
Min messages sent per node: 2084.0
Max messages sent per node: 9333.0
Variance of messages sent per node: 3341974.905696202
StD of messages sent per node: 1828.1069185625336
Nodes with incomplete playbacks: 56
[MOJO] Continuity Index: 68.05
[MOJO] Packet Loss: 31.95
Min % of not played chunks: 0.0
Max % of not played chunks: 99.0
Not played chunks [chunk-id/nodes]: {1=26, 2=27, 3=29, 4=28, 5=21, 6=24, 7=24, 8=26, 9=23, 10=25, 11=28, 12=23, 13=30, 14=28, 15=26, 17=26, 16=28, 19=24, 18=19, 21=28, 20=27, 23=24, 22=23, 25=23, 24=20, 27=24, 26=30, 29=23, 28=22, 31=24, 30=27, 34=25, 35=28, 32=22, 33=25, 38=23, 39=27, 36=21, 37=26, 42=27, 43=24, 40=26, 41=27, 46=25, 47=25, 44=32, 45=25, 51=27, 50=24, 49=20, 48=26, 55=28, 54=26, 53=23, 52=31, 59=25, 58=30, 57=25, 56=27, 63=24, 62=23, 61=24, 60=27, 68=24, 69=28, 70=30, 71=22, 64=27, 65=26, 66=29, 67=28, 76=28, 77=28, 78=28, 79=26, 72=21, 73=29, 74=31, 75=25, 85=25, 84=27, 87=20, 86=29, 81=30, 80=25, 83=21, 82=28, 93=24, 92=26, 95=29, 94=21, 89=25, 88=32, 91=31, 90=26, 98=27, 99=31, 96=22, 97=29}
Avg distance between not played chunks: 4.475698576878436
Min distance between not played chunks: 1.0
Max distance between not played chunks: 50.0

HELPING PEERS LOG

[HELPING] Active nodes: 0
[HELPING] Started playbacks: 0
[HELPING] Not started playbacks node-ids: []
[HELPING] Playbacks time-window: -9223372036854775807
[HELPING] Missing chunks distribution [missed-chunks/nodes]: {}
[HELPING] Rejected chunks for ttl expiration [chunk-id/nodes]: 0 {}
[HELPING] Rejected chunks for capacity limit [chunk-id/nodes]: 0 {}
[HELPING] bandwidthUtilUp: NaN
[HELPING] bandwidthUtilDown: NaN
[HELPING] Avg # of unsent chunk for max-retries: NaN
[HELPING] Min # of unsent chunk for max-retries: Infinity
[HELPING] Max # of unsent chunk for max-retries: -Infinity
[HELPING] Avg # of unsent chunk-reqs for max-retries: NaN
[HELPING] Min # of unsent chunk-reqs for max-retries: Infinity
[HELPING] Max # of unsent chunk-reqs for max-retries: -Infinity
[HELPING] Avg % of chunks received by Pastry: NaN
[HELPING] Min % of chunks received by Pastry: Infinity
[HELPING] Max % of chunks received by Pastry: -Infinity
[HELPING] StD of chunks received by Pastry: 0.0
[HELPING] Var of chunks received by Pastry: 0.0
[HELPING] Avg % of chunks received by StarStream: NaN
[HELPING] Min % of chunks received by StarStream: Infinity
[HELPING] Max % of chunks received by StarStream: -Infinity
[HELPING] StD of chunks received by StarStream: 0.0
[HELPING] Var of chunks received by StarStream: 0.0
[HELPING] Latency: NaN
[HELPING] Min of perceived avg chunk delivery-time: Infinity
[HELPING] Max of perceived avg chunk delivery-time: -Infinity
[HELPING] Variance of perceived avg chunk delivery-time: 0.0
[HELPING] StD of perceived avg chunk delivery-time: 0.0
[HELPING] Avg messages sent per node: NaN
[HELPING] Min messages sent per node: Infinity
[HELPING] Max messages sent per node: -Infinity
[HELPING] Variance of messages sent per node: 0.0
[HELPING] StD of messages sent per node: 0.0
[HELPING] Nodes with incomplete playbacks: 0
[HELPING] Packet Loss: NaN
[HELPING] Min % of not played chunks: Infinity
[HELPING] Max % of not played chunks: -Infinity
[HELPING] Not played chunks [chunk-id/nodes]: {}
[HELPING] Avg distance between not played chunks: NaN
[HELPING] Min distance between not played chunks: Infinity
[HELPING] Max distance between not played chunks: -Infinity

