Total chunks: 100
Nodes x chunk: 12
Total nodes: 80
Active nodes: 80
Started playbacks: 80
Not started playbacks node-ids: []
Playbacks time-window: 204
Missing chunks distribution [missed-chunks/nodes]: {0=78, 1=1, 3=1}
Rejected chunks for ttl expiration [chunk-id/nodes]: 3 {1=1, 2=2, 3=1}
Rejected chunks for capacity limit [chunk-id/nodes]: 0 {}
bandwidthUtilUp: 0.009341004347112856
bandwidthUtilDown: 0.0055150971948817575
Avg # of unsent chunk for max-retries: 0.0
Min # of unsent chunk for max-retries: 0.0
Max # of unsent chunk for max-retries: 0.0
Avg # of unsent chunk-reqs for max-retries: 0.0
Min # of unsent chunk-reqs for max-retries: 0.0
Max # of unsent chunk-reqs for max-retries: 0.0
Avg % of chunks received by Pastry: 3.3125
Min % of chunks received by Pastry: 0.0
Max % of chunks received by Pastry: 11.0
StD of chunks received by Pastry: 2.6366153504690653
Var of chunks received by Pastry: 6.951740506329113
Avg % of chunks received by StarStream: 95.7625
Min % of chunks received by StarStream: 88.0
Max % of chunks received by StarStream: 100.0
StD of chunks received by StarStream: 2.733957811754614
Var of chunks received by StarStream: 7.474525316454076
[MOJO] Startup Delay: 106.5625
[MOJO] Latency: 6.215902583854535
Min of perceived avg chunk delivery-time: 5.2
Max of perceived avg chunk delivery-time: 7.242424242424242
Variance of perceived avg chunk delivery-time: 0.22988725552323427
StD of perceived avg chunk delivery-time: 0.4794655936803331
Avg messages sent per node: 18332.2625
Min messages sent per node: 13688.0
Max messages sent per node: 21797.0
Variance of messages sent per node: 3500644.1960442825
StD of messages sent per node: 1871.0008541003615
Nodes with incomplete playbacks: 54
[MOJO] Packet Loss: 35.4
Min % of not played chunks: 0.0
Max % of not played chunks: 99.0
Not played chunks [chunk-id/nodes]: {1=33, 2=30, 3=29, 4=31, 5=23, 6=25, 7=33, 8=27, 9=28, 10=31, 11=34, 12=28, 13=34, 14=25, 15=30, 17=31, 16=27, 19=29, 18=27, 21=26, 20=27, 23=24, 22=26, 25=37, 24=25, 27=28, 26=27, 29=28, 28=25, 31=28, 30=31, 34=28, 35=29, 32=28, 33=32, 38=28, 39=28, 36=29, 37=26, 42=25, 43=29, 40=26, 41=30, 46=25, 47=32, 44=28, 45=31, 51=33, 50=28, 49=27, 48=34, 55=28, 54=26, 53=29, 52=27, 59=30, 58=32, 57=28, 56=28, 63=28, 62=30, 61=26, 60=25, 68=29, 69=31, 70=29, 71=27, 64=29, 65=23, 66=34, 67=34, 76=29, 77=29, 78=24, 79=27, 72=27, 73=33, 74=28, 75=31, 85=25, 84=28, 87=27, 86=29, 81=29, 80=29, 83=32, 82=32, 93=26, 92=32, 95=30, 94=27, 89=25, 88=29, 91=32, 90=24, 98=33, 99=28, 96=26, 97=25}
Avg distance between not played chunks: 2.4992885815223302
Min distance between not played chunks: 1.0
Max distance between not played chunks: 18.666666666666668

