Total chunks: 100
Nodes x chunk: 12
Total nodes: 80
Active nodes: 80
Started playbacks: 80
Not started playbacks node-ids: []
Playbacks time-window: 386
Missing chunks distribution [missed-chunks/nodes]: {0=77, 2=1, 3=1, 6=1}
Rejected chunks for ttl expiration [chunk-id/nodes]: 6 {0=4, 2=2, 3=1, 4=1, 5=1, 6=1}
Rejected chunks for capacity limit [chunk-id/nodes]: 0 {}
bandwidthUtilUp: 0.014140470151842426
bandwidthUtilDown: 0.008453031990615267
Avg # of unsent chunk for max-retries: 0.0
Min # of unsent chunk for max-retries: 0.0
Max # of unsent chunk for max-retries: 0.0
Avg # of unsent chunk-reqs for max-retries: 0.0
Min # of unsent chunk-reqs for max-retries: 0.0
Max # of unsent chunk-reqs for max-retries: 0.0
Avg % of chunks received by Pastry: 5.6875
Min % of chunks received by Pastry: 0.0
Max % of chunks received by Pastry: 14.0
StD of chunks received by Pastry: 3.6754186879382287
Var of chunks received by Pastry: 13.50870253164557
Avg % of chunks received by StarStream: 93.3875
Min % of chunks received by StarStream: 85.0
Max % of chunks received by StarStream: 100.0
StD of chunks received by StarStream: 3.793711485530037
Var of chunks received by StarStream: 14.392246835442522
[NONMOJO] Startup Delay: 116.5
[MOJO] Startup Delay: 89.9
[MOJO] Latency: 7.441361247260138
Min of perceived avg chunk delivery-time: 6.29
Max of perceived avg chunk delivery-time: 10.206185567010309
Variance of perceived avg chunk delivery-time: 0.43213793539545026
StD of perceived avg chunk delivery-time: 0.6573719916420613
Avg messages sent per node: 6341.775
Min messages sent per node: 2458.0
Max messages sent per node: 9555.0
Variance of messages sent per node: 3002383.3158227843
StD of messages sent per node: 1732.7386749948141
Nodes with incomplete playbacks: 56
[MOJO] Continuity Index: 64.325
[MOJO] Packet Loss: 35.675
Min % of not played chunks: 0.0
Max % of not played chunks: 99.0
Not played chunks [chunk-id/nodes]: {1=42, 2=32, 3=30, 4=35, 5=27, 6=32, 7=24, 8=27, 9=34, 10=25, 11=28, 12=25, 13=27, 14=28, 15=30, 17=30, 16=25, 19=25, 18=29, 21=28, 20=25, 23=27, 22=29, 25=27, 24=27, 27=29, 26=28, 29=28, 28=25, 31=32, 30=30, 34=25, 35=33, 32=29, 33=24, 38=26, 39=28, 36=24, 37=27, 42=29, 43=30, 40=23, 41=33, 46=23, 47=30, 44=31, 45=28, 51=34, 50=32, 49=27, 48=32, 55=29, 54=29, 53=37, 52=31, 59=29, 58=29, 57=33, 56=26, 63=31, 62=29, 61=24, 60=30, 68=27, 69=32, 70=26, 71=31, 64=33, 65=29, 66=29, 67=31, 76=27, 77=33, 78=27, 79=34, 72=30, 73=27, 74=27, 75=27, 85=28, 84=32, 87=30, 86=30, 81=24, 80=25, 83=27, 82=32, 93=32, 92=29, 95=28, 94=27, 89=29, 88=32, 91=23, 90=28, 98=24, 99=33, 96=28, 97=28}
Avg distance between not played chunks: 2.3371572253209436
Min distance between not played chunks: 1.0
Max distance between not played chunks: 15.333333333333334

HELPING PEERS LOG

[HELPING] Active nodes: 0
[HELPING] Started playbacks: 0
[HELPING] Not started playbacks node-ids: []
[HELPING] Playbacks time-window: -9223372036854775807
[HELPING] Missing chunks distribution [missed-chunks/nodes]: {}
[HELPING] Rejected chunks for ttl expiration [chunk-id/nodes]: 0 {}
[HELPING] Rejected chunks for capacity limit [chunk-id/nodes]: 0 {}
[HELPING] bandwidthUtilUp: NaN
[HELPING] bandwidthUtilDown: NaN
[HELPING] Avg # of unsent chunk for max-retries: NaN
[HELPING] Min # of unsent chunk for max-retries: Infinity
[HELPING] Max # of unsent chunk for max-retries: -Infinity
[HELPING] Avg # of unsent chunk-reqs for max-retries: NaN
[HELPING] Min # of unsent chunk-reqs for max-retries: Infinity
[HELPING] Max # of unsent chunk-reqs for max-retries: -Infinity
[HELPING] Avg % of chunks received by Pastry: NaN
[HELPING] Min % of chunks received by Pastry: Infinity
[HELPING] Max % of chunks received by Pastry: -Infinity
[HELPING] StD of chunks received by Pastry: 0.0
[HELPING] Var of chunks received by Pastry: 0.0
[HELPING] Avg % of chunks received by StarStream: NaN
[HELPING] Min % of chunks received by StarStream: Infinity
[HELPING] Max % of chunks received by StarStream: -Infinity
[HELPING] StD of chunks received by StarStream: 0.0
[HELPING] Var of chunks received by StarStream: 0.0
[HELPING] Latency: NaN
[HELPING] Min of perceived avg chunk delivery-time: Infinity
[HELPING] Max of perceived avg chunk delivery-time: -Infinity
[HELPING] Variance of perceived avg chunk delivery-time: 0.0
[HELPING] StD of perceived avg chunk delivery-time: 0.0
[HELPING] Avg messages sent per node: NaN
[HELPING] Min messages sent per node: Infinity
[HELPING] Max messages sent per node: -Infinity
[HELPING] Variance of messages sent per node: 0.0
[HELPING] StD of messages sent per node: 0.0
[HELPING] Nodes with incomplete playbacks: 0
[HELPING] Packet Loss: NaN
[HELPING] Min % of not played chunks: Infinity
[HELPING] Max % of not played chunks: -Infinity
[HELPING] Not played chunks [chunk-id/nodes]: {}
[HELPING] Avg distance between not played chunks: NaN
[HELPING] Min distance between not played chunks: Infinity
[HELPING] Max distance between not played chunks: -Infinity

