Total chunks: 100
Nodes x chunk: 12
Total nodes: 80
Active nodes: 80
Started playbacks: 80
Not started playbacks node-ids: []
Playbacks time-window: 255
Missing chunks distribution [missed-chunks/nodes]: {0=78, 4=1, 5=1}
Rejected chunks for ttl expiration [chunk-id/nodes]: 5 {0=7, 1=2, 2=2, 3=2, 4=1}
Rejected chunks for capacity limit [chunk-id/nodes]: 0 {}
bandwidthUtilUp: 0.011714393949121068
bandwidthUtilDown: 0.007217364771052381
Avg # of unsent chunk for max-retries: 0.0
Min # of unsent chunk for max-retries: 0.0
Max # of unsent chunk for max-retries: 0.0
Avg # of unsent chunk-reqs for max-retries: 0.0
Min # of unsent chunk-reqs for max-retries: 0.0
Max # of unsent chunk-reqs for max-retries: 0.0
Avg % of chunks received by Pastry: 9.4375
Min % of chunks received by Pastry: 0.0
Max % of chunks received by Pastry: 18.0
StD of chunks received by Pastry: 4.483002356298988
Var of chunks received by Pastry: 20.097310126582276
Avg % of chunks received by StarStream: 89.6
Min % of chunks received by StarStream: 81.0
Max % of chunks received by StarStream: 100.0
StD of chunks received by StarStream: 4.563476356430221
Var of chunks received by StarStream: 20.825316455697642
[NONMOJO] Startup Delay: 115.1
[MOJO] Startup Delay: 240.4
[MOJO] Latency: 8.860033047987931
Min of perceived avg chunk delivery-time: 6.6
Max of perceived avg chunk delivery-time: 12.5
Variance of perceived avg chunk delivery-time: 1.182324068811441
StD of perceived avg chunk delivery-time: 1.0873472622908658
Avg messages sent per node: 3211.5625
Min messages sent per node: 1668.0
Max messages sent per node: 7914.0
Variance of messages sent per node: 1362641.1352848103
StD of messages sent per node: 1167.3222071411176
Nodes with incomplete playbacks: 58
[MOJO] Continuity Index: 66.7625
[MOJO] Packet Loss: 33.2375
Min % of not played chunks: 0.0
Max % of not played chunks: 99.0
Not played chunks [chunk-id/nodes]: {1=33, 2=30, 3=28, 4=29, 5=20, 6=31, 7=28, 8=29, 9=29, 10=23, 11=27, 12=27, 13=26, 14=24, 15=21, 17=25, 16=26, 19=28, 18=24, 21=21, 20=28, 23=27, 22=27, 25=22, 24=25, 27=26, 26=26, 29=29, 28=30, 31=25, 30=29, 34=30, 35=32, 32=23, 33=24, 38=23, 39=27, 36=25, 37=28, 42=25, 43=25, 40=26, 41=30, 46=23, 47=27, 44=27, 45=31, 51=27, 50=34, 49=26, 48=28, 55=24, 54=29, 53=27, 52=28, 59=32, 58=29, 57=28, 56=26, 63=30, 62=27, 61=27, 60=33, 68=27, 69=23, 70=26, 71=32, 64=27, 65=24, 66=30, 67=30, 76=21, 77=27, 78=21, 79=23, 72=23, 73=28, 74=30, 75=32, 85=30, 84=28, 87=26, 86=26, 81=23, 80=27, 83=24, 82=26, 93=23, 92=26, 95=30, 94=31, 89=25, 88=22, 91=25, 90=26, 98=29, 99=29, 96=25, 97=30}
Avg distance between not played chunks: 4.055647309602255
Min distance between not played chunks: 1.0
Max distance between not played chunks: 22.5

HELPING PEERS LOG

[HELPING] Active nodes: 0
[HELPING] Started playbacks: 0
[HELPING] Not started playbacks node-ids: []
[HELPING] Playbacks time-window: -9223372036854775807
[HELPING] Missing chunks distribution [missed-chunks/nodes]: {}
[HELPING] Rejected chunks for ttl expiration [chunk-id/nodes]: 0 {}
[HELPING] Rejected chunks for capacity limit [chunk-id/nodes]: 0 {}
[HELPING] bandwidthUtilUp: NaN
[HELPING] bandwidthUtilDown: NaN
[HELPING] Avg # of unsent chunk for max-retries: NaN
[HELPING] Min # of unsent chunk for max-retries: Infinity
[HELPING] Max # of unsent chunk for max-retries: -Infinity
[HELPING] Avg # of unsent chunk-reqs for max-retries: NaN
[HELPING] Min # of unsent chunk-reqs for max-retries: Infinity
[HELPING] Max # of unsent chunk-reqs for max-retries: -Infinity
[HELPING] Avg % of chunks received by Pastry: NaN
[HELPING] Min % of chunks received by Pastry: Infinity
[HELPING] Max % of chunks received by Pastry: -Infinity
[HELPING] StD of chunks received by Pastry: 0.0
[HELPING] Var of chunks received by Pastry: 0.0
[HELPING] Avg % of chunks received by StarStream: NaN
[HELPING] Min % of chunks received by StarStream: Infinity
[HELPING] Max % of chunks received by StarStream: -Infinity
[HELPING] StD of chunks received by StarStream: 0.0
[HELPING] Var of chunks received by StarStream: 0.0
[HELPING] Latency: NaN
[HELPING] Min of perceived avg chunk delivery-time: Infinity
[HELPING] Max of perceived avg chunk delivery-time: -Infinity
[HELPING] Variance of perceived avg chunk delivery-time: 0.0
[HELPING] StD of perceived avg chunk delivery-time: 0.0
[HELPING] Avg messages sent per node: NaN
[HELPING] Min messages sent per node: Infinity
[HELPING] Max messages sent per node: -Infinity
[HELPING] Variance of messages sent per node: 0.0
[HELPING] StD of messages sent per node: 0.0
[HELPING] Nodes with incomplete playbacks: 0
[HELPING] Packet Loss: NaN
[HELPING] Min % of not played chunks: Infinity
[HELPING] Max % of not played chunks: -Infinity
[HELPING] Not played chunks [chunk-id/nodes]: {}
[HELPING] Avg distance between not played chunks: NaN
[HELPING] Min distance between not played chunks: Infinity
[HELPING] Max distance between not played chunks: -Infinity

