Total chunks: 100
Nodes x chunk: 12
Total nodes: 80
Active nodes: 80
Started playbacks: 80
Not started playbacks node-ids: []
Playbacks time-window: 274
Missing chunks distribution [missed-chunks/nodes]: {0=74, 1=3, 4=2, 5=1}
Rejected chunks for ttl expiration [chunk-id/nodes]: 5 {0=1, 1=2, 2=6, 3=3, 4=2}
Rejected chunks for capacity limit [chunk-id/nodes]: 0 {}
bandwidthUtilUp: 0.013048161641723847
bandwidthUtilDown: 0.008045948575327333
Avg # of unsent chunk for max-retries: 0.0
Min # of unsent chunk for max-retries: 0.0
Max # of unsent chunk for max-retries: 0.0
Avg # of unsent chunk-reqs for max-retries: 0.0
Min # of unsent chunk-reqs for max-retries: 0.0
Max # of unsent chunk-reqs for max-retries: 0.0
Avg % of chunks received by Pastry: 6.825
Min % of chunks received by Pastry: 0.0
Max % of chunks received by Pastry: 15.0
StD of chunks received by Pastry: 3.999287911299754
Var of chunks received by Pastry: 15.994303797468351
Avg % of chunks received by StarStream: 92.225
Min % of chunks received by StarStream: 84.0
Max % of chunks received by StarStream: 100.0
StD of chunks received by StarStream: 4.059603397726966
Var of chunks received by StarStream: 16.480379746836327
[NONMOJO] Startup Delay: 119.5125
[MOJO] Startup Delay: 83.9
[MOJO] Latency: 7.995257290379674
Min of perceived avg chunk delivery-time: 6.5
Max of perceived avg chunk delivery-time: 9.88
Variance of perceived avg chunk delivery-time: 0.4633037614877223
StD of perceived avg chunk delivery-time: 0.6806642061161453
Avg messages sent per node: 4821.8625
Min messages sent per node: 1839.0
Max messages sent per node: 9343.0
Variance of messages sent per node: 3292845.740348097
StD of messages sent per node: 1814.6199988835394
Nodes with incomplete playbacks: 60
[MOJO] Continuity Index: 60.6125
[MOJO] Packet Loss: 39.3875
Min % of not played chunks: 0.0
Max % of not played chunks: 99.0
Not played chunks [chunk-id/nodes]: {1=41, 2=40, 3=38, 4=29, 5=26, 6=33, 7=32, 8=27, 9=30, 10=28, 11=31, 12=28, 13=31, 14=33, 15=34, 17=27, 16=31, 19=29, 18=28, 21=31, 20=31, 23=34, 22=31, 25=34, 24=34, 27=31, 26=33, 29=35, 28=31, 31=32, 30=28, 34=27, 35=32, 32=30, 33=29, 38=33, 39=33, 36=31, 37=32, 42=32, 43=28, 40=32, 41=36, 46=32, 47=37, 44=34, 45=29, 51=29, 50=29, 49=31, 48=33, 55=35, 54=34, 53=34, 52=33, 59=33, 58=31, 57=31, 56=30, 63=33, 62=33, 61=33, 60=30, 68=34, 69=36, 70=30, 71=32, 64=39, 65=26, 66=28, 67=33, 76=26, 77=31, 78=32, 79=38, 72=33, 73=32, 74=30, 75=29, 85=31, 84=29, 87=32, 86=37, 81=29, 80=26, 83=31, 82=32, 93=32, 92=30, 95=35, 94=28, 89=35, 88=35, 91=34, 90=35, 98=33, 99=28, 96=36, 97=34}
Avg distance between not played chunks: 2.3878426526284686
Min distance between not played chunks: 1.0
Max distance between not played chunks: 16.5

HELPING PEERS LOG

[HELPING] Active nodes: 0
[HELPING] Started playbacks: 0
[HELPING] Not started playbacks node-ids: []
[HELPING] Playbacks time-window: -9223372036854775807
[HELPING] Missing chunks distribution [missed-chunks/nodes]: {}
[HELPING] Rejected chunks for ttl expiration [chunk-id/nodes]: 0 {}
[HELPING] Rejected chunks for capacity limit [chunk-id/nodes]: 0 {}
[HELPING] bandwidthUtilUp: NaN
[HELPING] bandwidthUtilDown: NaN
[HELPING] Avg # of unsent chunk for max-retries: NaN
[HELPING] Min # of unsent chunk for max-retries: Infinity
[HELPING] Max # of unsent chunk for max-retries: -Infinity
[HELPING] Avg # of unsent chunk-reqs for max-retries: NaN
[HELPING] Min # of unsent chunk-reqs for max-retries: Infinity
[HELPING] Max # of unsent chunk-reqs for max-retries: -Infinity
[HELPING] Avg % of chunks received by Pastry: NaN
[HELPING] Min % of chunks received by Pastry: Infinity
[HELPING] Max % of chunks received by Pastry: -Infinity
[HELPING] StD of chunks received by Pastry: 0.0
[HELPING] Var of chunks received by Pastry: 0.0
[HELPING] Avg % of chunks received by StarStream: NaN
[HELPING] Min % of chunks received by StarStream: Infinity
[HELPING] Max % of chunks received by StarStream: -Infinity
[HELPING] StD of chunks received by StarStream: 0.0
[HELPING] Var of chunks received by StarStream: 0.0
[HELPING] Latency: NaN
[HELPING] Min of perceived avg chunk delivery-time: Infinity
[HELPING] Max of perceived avg chunk delivery-time: -Infinity
[HELPING] Variance of perceived avg chunk delivery-time: 0.0
[HELPING] StD of perceived avg chunk delivery-time: 0.0
[HELPING] Avg messages sent per node: NaN
[HELPING] Min messages sent per node: Infinity
[HELPING] Max messages sent per node: -Infinity
[HELPING] Variance of messages sent per node: 0.0
[HELPING] StD of messages sent per node: 0.0
[HELPING] Nodes with incomplete playbacks: 0
[HELPING] Packet Loss: NaN
[HELPING] Min % of not played chunks: Infinity
[HELPING] Max % of not played chunks: -Infinity
[HELPING] Not played chunks [chunk-id/nodes]: {}
[HELPING] Avg distance between not played chunks: NaN
[HELPING] Min distance between not played chunks: Infinity
[HELPING] Max distance between not played chunks: -Infinity

