Total chunks: 100
Nodes x chunk: 12
Total nodes: 80
Active nodes: 80
Started playbacks: 80
Not started playbacks node-ids: []
Playbacks time-window: 274
Missing chunks distribution [missed-chunks/nodes]: {0=78, 1=1, 3=1}
Rejected chunks for ttl expiration [chunk-id/nodes]: 3 {2=2, 3=1, 4=1}
Rejected chunks for capacity limit [chunk-id/nodes]: 0 {}
bandwidthUtilUp: 0.009341627706692902
bandwidthUtilDown: 0.005517162893700663
Avg # of unsent chunk for max-retries: 0.0
Min # of unsent chunk for max-retries: 0.0
Max # of unsent chunk for max-retries: 0.0
Avg # of unsent chunk-reqs for max-retries: 0.0
Min # of unsent chunk-reqs for max-retries: 0.0
Max # of unsent chunk-reqs for max-retries: 0.0
Avg % of chunks received by Pastry: 3.2625
Min % of chunks received by Pastry: 0.0
Max % of chunks received by Pastry: 12.0
StD of chunks received by Pastry: 2.7083730928597305
Var of chunks received by Pastry: 7.3352848101265815
Avg % of chunks received by StarStream: 95.825
Min % of chunks received by StarStream: 87.0
Max % of chunks received by StarStream: 100.0
StD of chunks received by StarStream: 2.8094551028060635
Var of chunks received by StarStream: 7.893037974683029
[MOJO] Startup Delay: 106.5
[MOJO] Latency: 6.18552552549983
Min of perceived avg chunk delivery-time: 5.1
Max of perceived avg chunk delivery-time: 8.126315789473685
Variance of perceived avg chunk delivery-time: 0.23701277317528205
StD of perceived avg chunk delivery-time: 0.4868395764266521
Avg messages sent per node: 18334.7875
Min messages sent per node: 13966.0
Max messages sent per node: 23098.0
Variance of messages sent per node: 4101452.650474778
StD of messages sent per node: 2025.2043478312942
Nodes with incomplete playbacks: 56
[MOJO] Packet Loss: 35.0
Min % of not played chunks: 0.0
Max % of not played chunks: 99.0
Not played chunks [chunk-id/nodes]: {1=31, 2=30, 3=29, 4=30, 5=27, 6=29, 7=25, 8=29, 9=28, 10=28, 11=28, 12=22, 13=27, 14=27, 15=25, 17=28, 16=30, 19=29, 18=31, 21=31, 20=23, 23=26, 22=27, 25=31, 24=29, 27=27, 26=28, 29=25, 28=30, 31=26, 30=20, 34=30, 35=28, 32=28, 33=26, 38=29, 39=29, 36=32, 37=28, 42=27, 43=25, 40=24, 41=29, 46=28, 47=29, 44=27, 45=31, 51=29, 50=27, 49=27, 48=30, 55=31, 54=33, 53=26, 52=28, 59=24, 58=25, 57=30, 56=22, 63=25, 62=29, 61=28, 60=27, 68=26, 69=30, 70=35, 71=31, 64=29, 65=29, 66=32, 67=28, 76=30, 77=25, 78=32, 79=30, 72=20, 73=32, 74=34, 75=29, 85=29, 84=27, 87=28, 86=28, 81=26, 80=29, 83=33, 82=31, 93=29, 92=28, 95=27, 94=23, 89=29, 88=30, 91=31, 90=26, 98=32, 99=30, 96=31, 97=34}
Avg distance between not played chunks: 3.3888093878645034
Min distance between not played chunks: 1.0
Max distance between not played chunks: 20.25

