Total chunks: 100
Nodes x chunk: 12
Total nodes: 80
Active nodes: 80
Started playbacks: 80
Not started playbacks node-ids: []
Playbacks time-window: 216
Missing chunks distribution [missed-chunks/nodes]: {0=77, 1=1, 3=2}
Rejected chunks for ttl expiration [chunk-id/nodes]: 3 {1=2, 2=3, 3=2}
Rejected chunks for capacity limit [chunk-id/nodes]: 0 {}
bandwidthUtilUp: 0.009348224245406815
bandwidthUtilDown: 0.0055205118110234885
Avg # of unsent chunk for max-retries: 0.0
Min # of unsent chunk for max-retries: 0.0
Max # of unsent chunk for max-retries: 0.0
Avg # of unsent chunk-reqs for max-retries: 0.0
Min # of unsent chunk-reqs for max-retries: 0.0
Max # of unsent chunk-reqs for max-retries: 0.0
Avg % of chunks received by Pastry: 3.15
Min % of chunks received by Pastry: 0.0
Max % of chunks received by Pastry: 9.0
StD of chunks received by Pastry: 2.662919307922478
Var of chunks received by Pastry: 7.0911392405063305
Avg % of chunks received by StarStream: 95.925
Min % of chunks received by StarStream: 90.0
Max % of chunks received by StarStream: 100.0
StD of chunks received by StarStream: 2.764032094191564
Var of chunks received by StarStream: 7.639873417721004
[MOJO] Startup Delay: 103.5125
[MOJO] Latency: 6.2132149377147785
Min of perceived avg chunk delivery-time: 5.04
Max of perceived avg chunk delivery-time: 7.26
Variance of perceived avg chunk delivery-time: 0.23077584164925496
StD of perceived avg chunk delivery-time: 0.48039134218806956
Avg messages sent per node: 18347.65
Min messages sent per node: 14378.0
Max messages sent per node: 25229.0
Variance of messages sent per node: 4003596.1797467973
StD of messages sent per node: 2000.898842957034
Nodes with incomplete playbacks: 51
[MOJO] Packet Loss: 35.2875
Min % of not played chunks: 0.0
Max % of not played chunks: 99.0
Not played chunks [chunk-id/nodes]: {1=34, 2=28, 3=30, 4=27, 5=28, 6=30, 7=29, 8=24, 9=30, 10=25, 11=27, 12=28, 13=32, 14=24, 15=23, 17=28, 16=30, 19=30, 18=27, 21=25, 20=26, 23=34, 22=29, 25=31, 24=32, 27=33, 26=29, 29=37, 28=26, 31=26, 30=27, 34=24, 35=29, 32=22, 33=31, 38=30, 39=35, 36=29, 37=29, 42=27, 43=22, 40=28, 41=28, 46=29, 47=26, 44=31, 45=28, 51=27, 50=27, 49=23, 48=30, 55=27, 54=32, 53=25, 52=27, 59=27, 58=29, 57=28, 56=29, 63=28, 62=28, 61=33, 60=30, 68=31, 69=34, 70=25, 71=27, 64=26, 65=30, 66=34, 67=31, 76=30, 77=27, 78=32, 79=27, 72=32, 73=25, 74=21, 75=31, 85=28, 84=28, 87=32, 86=34, 81=28, 80=30, 83=26, 82=25, 93=25, 92=34, 95=28, 94=31, 89=31, 88=30, 91=30, 90=29, 98=30, 99=26, 96=27, 97=21}
Avg distance between not played chunks: 2.93371595156186
Min distance between not played chunks: 1.0
Max distance between not played chunks: 17.5

