Total chunks: 100
Nodes x chunk: 12
Total nodes: 80
Active nodes: 80
Started playbacks: 80
Not started playbacks node-ids: []
Playbacks time-window: 177
Missing chunks distribution [missed-chunks/nodes]: {0=77, 1=3}
Rejected chunks for ttl expiration [chunk-id/nodes]: 2 {0=2, 2=3}
Rejected chunks for capacity limit [chunk-id/nodes]: 0 {}
bandwidthUtilUp: 0.012313799726605838
bandwidthUtilDown: 0.0076333382351904165
Avg # of unsent chunk for max-retries: 0.0
Min # of unsent chunk for max-retries: 0.0
Max # of unsent chunk for max-retries: 0.0
Avg # of unsent chunk-reqs for max-retries: 0.0
Min # of unsent chunk-reqs for max-retries: 0.0
Max # of unsent chunk-reqs for max-retries: 0.0
Avg % of chunks received by Pastry: 8.6875
Min % of chunks received by Pastry: 0.0
Max % of chunks received by Pastry: 18.0
StD of chunks received by Pastry: 3.8830816093420086
Var of chunks received by Pastry: 15.078322784810124
Avg % of chunks received by StarStream: 90.375
Min % of chunks received by StarStream: 81.0
Max % of chunks received by StarStream: 100.0
StD of chunks received by StarStream: 4.026415939325609
Var of chunks received by StarStream: 16.21202531645533
[NONMOJO] Startup Delay: 111.3875
[MOJO] Startup Delay: 102.2
[MOJO] Latency: 8.277522809092398
Min of perceived avg chunk delivery-time: 6.98
Max of perceived avg chunk delivery-time: 10.958762886597938
Variance of perceived avg chunk delivery-time: 0.7365830782292575
StD of perceived avg chunk delivery-time: 0.8582441833355222
Avg messages sent per node: 3988.025
Min messages sent per node: 1575.0
Max messages sent per node: 8855.0
Variance of messages sent per node: 2627802.9107594904
StD of messages sent per node: 1621.0499408591613
Nodes with incomplete playbacks: 54
[MOJO] Continuity Index: 64.425
[MOJO] Packet Loss: 35.575
Min % of not played chunks: 0.0
Max % of not played chunks: 99.0
Not played chunks [chunk-id/nodes]: {1=39, 2=31, 3=27, 4=24, 5=28, 6=31, 7=24, 8=24, 9=22, 10=29, 11=31, 12=34, 13=28, 14=24, 15=30, 17=32, 16=32, 19=26, 18=28, 21=31, 20=29, 23=28, 22=31, 25=27, 24=28, 27=29, 26=31, 29=28, 28=28, 31=25, 30=30, 34=30, 35=32, 32=27, 33=25, 38=30, 39=34, 36=30, 37=27, 42=31, 43=30, 40=27, 41=33, 46=24, 47=32, 44=28, 45=26, 51=26, 50=30, 49=27, 48=30, 55=29, 54=27, 53=24, 52=31, 59=33, 58=30, 57=33, 56=30, 63=26, 62=29, 61=29, 60=26, 68=28, 69=30, 70=32, 71=26, 64=34, 65=31, 66=30, 67=27, 76=26, 77=32, 78=29, 79=29, 72=30, 73=27, 74=28, 75=32, 85=30, 84=32, 87=33, 86=27, 81=23, 80=30, 83=33, 82=27, 93=24, 92=26, 95=30, 94=28, 89=28, 88=33, 91=28, 90=24, 98=24, 99=28, 96=25, 97=27}
Avg distance between not played chunks: 3.965274222482478
Min distance between not played chunks: 1.0
Max distance between not played chunks: 42.5

HELPING PEERS LOG

[HELPING] Active nodes: 0
[HELPING] Started playbacks: 0
[HELPING] Not started playbacks node-ids: []
[HELPING] Playbacks time-window: -9223372036854775807
[HELPING] Missing chunks distribution [missed-chunks/nodes]: {}
[HELPING] Rejected chunks for ttl expiration [chunk-id/nodes]: 0 {}
[HELPING] Rejected chunks for capacity limit [chunk-id/nodes]: 0 {}
[HELPING] bandwidthUtilUp: NaN
[HELPING] bandwidthUtilDown: NaN
[HELPING] Avg # of unsent chunk for max-retries: NaN
[HELPING] Min # of unsent chunk for max-retries: Infinity
[HELPING] Max # of unsent chunk for max-retries: -Infinity
[HELPING] Avg # of unsent chunk-reqs for max-retries: NaN
[HELPING] Min # of unsent chunk-reqs for max-retries: Infinity
[HELPING] Max # of unsent chunk-reqs for max-retries: -Infinity
[HELPING] Avg % of chunks received by Pastry: NaN
[HELPING] Min % of chunks received by Pastry: Infinity
[HELPING] Max % of chunks received by Pastry: -Infinity
[HELPING] StD of chunks received by Pastry: 0.0
[HELPING] Var of chunks received by Pastry: 0.0
[HELPING] Avg % of chunks received by StarStream: NaN
[HELPING] Min % of chunks received by StarStream: Infinity
[HELPING] Max % of chunks received by StarStream: -Infinity
[HELPING] StD of chunks received by StarStream: 0.0
[HELPING] Var of chunks received by StarStream: 0.0
[HELPING] Latency: NaN
[HELPING] Min of perceived avg chunk delivery-time: Infinity
[HELPING] Max of perceived avg chunk delivery-time: -Infinity
[HELPING] Variance of perceived avg chunk delivery-time: 0.0
[HELPING] StD of perceived avg chunk delivery-time: 0.0
[HELPING] Avg messages sent per node: NaN
[HELPING] Min messages sent per node: Infinity
[HELPING] Max messages sent per node: -Infinity
[HELPING] Variance of messages sent per node: 0.0
[HELPING] StD of messages sent per node: 0.0
[HELPING] Nodes with incomplete playbacks: 0
[HELPING] Packet Loss: NaN
[HELPING] Min % of not played chunks: Infinity
[HELPING] Max % of not played chunks: -Infinity
[HELPING] Not played chunks [chunk-id/nodes]: {}
[HELPING] Avg distance between not played chunks: NaN
[HELPING] Min distance between not played chunks: Infinity
[HELPING] Max distance between not played chunks: -Infinity

