Total chunks: 100
Nodes x chunk: 12
Total nodes: 80
Active nodes: 80
Started playbacks: 80
Not started playbacks node-ids: []
Playbacks time-window: 344
Missing chunks distribution [missed-chunks/nodes]: {0=74, 1=2, 3=1, 4=2, 5=1}
Rejected chunks for ttl expiration [chunk-id/nodes]: 6 {1=2, 2=4, 3=4, 4=4, 5=2, 77=1}
Rejected chunks for capacity limit [chunk-id/nodes]: 0 {}
bandwidthUtilUp: 0.010304482462986183
bandwidthUtilDown: 0.00546339996603479
Avg # of unsent chunk for max-retries: 0.0
Min # of unsent chunk for max-retries: 0.0
Max # of unsent chunk for max-retries: 0.0
Avg # of unsent chunk-reqs for max-retries: 0.0
Min # of unsent chunk-reqs for max-retries: 0.0
Max # of unsent chunk-reqs for max-retries: 0.0
Avg % of chunks received by Pastry: 14.4375
Min % of chunks received by Pastry: 0.0
Max % of chunks received by Pastry: 28.0
StD of chunks received by Pastry: 6.2009467427425236
Var of chunks received by Pastry: 38.45174050632911
Avg % of chunks received by StarStream: 84.675
Min % of chunks received by StarStream: 71.0
Max % of chunks received by StarStream: 100.0
StD of chunks received by StarStream: 6.385852638767309
Var of chunks received by StarStream: 40.77911392405141
[MOJO] Startup Delay: 151.7
[MOJO] Latency: 25.878199711589524
Min of perceived avg chunk delivery-time: 8.23
Max of perceived avg chunk delivery-time: 552.0
Variance of perceived avg chunk delivery-time: 4342.239941629162
StD of perceived avg chunk delivery-time: 65.89567468073426
Avg messages sent per node: 1994.575
Min messages sent per node: 1262.0
Max messages sent per node: 2724.0
Variance of messages sent per node: 99757.7158227846
StD of messages sent per node: 315.844448776268
Nodes with incomplete playbacks: 63
[MOJO] Packet Loss: 37.1375
Min % of not played chunks: 0.0
Max % of not played chunks: 99.0
Not played chunks [chunk-id/nodes]: {1=38, 2=32, 3=35, 4=36, 5=33, 6=31, 7=28, 8=29, 9=32, 10=30, 11=30, 12=28, 13=30, 14=35, 15=27, 17=31, 16=26, 19=30, 18=30, 21=29, 20=27, 23=27, 22=33, 25=29, 24=34, 27=32, 26=33, 29=26, 28=30, 31=24, 30=30, 34=32, 35=28, 32=24, 33=30, 38=31, 39=26, 36=31, 37=26, 42=31, 43=27, 40=28, 41=25, 46=26, 47=29, 44=25, 45=32, 51=31, 50=29, 49=33, 48=25, 55=28, 54=28, 53=32, 52=31, 59=35, 58=26, 57=31, 56=28, 63=30, 62=27, 61=31, 60=33, 68=26, 69=30, 70=25, 71=33, 64=34, 65=31, 66=35, 67=31, 76=25, 77=35, 78=33, 79=35, 72=26, 73=31, 74=30, 75=27, 85=28, 84=29, 87=24, 86=34, 81=30, 80=34, 83=28, 82=28, 93=35, 92=32, 95=36, 94=29, 89=28, 88=32, 91=28, 90=33, 98=29, 99=28, 96=32, 97=33}
Avg distance between not played chunks: 3.3226371278029894
Min distance between not played chunks: 1.0
Max distance between not played chunks: 25.5

HELPING PEERS LOG

[HELPING] Active nodes: 0
[HELPING] Started playbacks: 0
[HELPING] Not started playbacks node-ids: []
[HELPING] Playbacks time-window: -9223372036854775807
[HELPING] Missing chunks distribution [missed-chunks/nodes]: {}
[HELPING] Rejected chunks for ttl expiration [chunk-id/nodes]: 0 {}
[HELPING] Rejected chunks for capacity limit [chunk-id/nodes]: 0 {}
[HELPING] bandwidthUtilUp: NaN
[HELPING] bandwidthUtilDown: NaN
[HELPING] Avg # of unsent chunk for max-retries: NaN
[HELPING] Min # of unsent chunk for max-retries: Infinity
[HELPING] Max # of unsent chunk for max-retries: -Infinity
[HELPING] Avg # of unsent chunk-reqs for max-retries: NaN
[HELPING] Min # of unsent chunk-reqs for max-retries: Infinity
[HELPING] Max # of unsent chunk-reqs for max-retries: -Infinity
[HELPING] Avg % of chunks received by Pastry: NaN
[HELPING] Min % of chunks received by Pastry: Infinity
[HELPING] Max % of chunks received by Pastry: -Infinity
[HELPING] StD of chunks received by Pastry: 0.0
[HELPING] Var of chunks received by Pastry: 0.0
[HELPING] Avg % of chunks received by StarStream: NaN
[HELPING] Min % of chunks received by StarStream: Infinity
[HELPING] Max % of chunks received by StarStream: -Infinity
[HELPING] StD of chunks received by StarStream: 0.0
[HELPING] Var of chunks received by StarStream: 0.0
[HELPING] Latency: NaN
[HELPING] Min of perceived avg chunk delivery-time: Infinity
[HELPING] Max of perceived avg chunk delivery-time: -Infinity
[HELPING] Variance of perceived avg chunk delivery-time: 0.0
[HELPING] StD of perceived avg chunk delivery-time: 0.0
[HELPING] Avg messages sent per node: NaN
[HELPING] Min messages sent per node: Infinity
[HELPING] Max messages sent per node: -Infinity
[HELPING] Variance of messages sent per node: 0.0
[HELPING] StD of messages sent per node: 0.0
[HELPING] Nodes with incomplete playbacks: 0
[HELPING] Packet Loss: NaN
[HELPING] Min % of not played chunks: Infinity
[HELPING] Max % of not played chunks: -Infinity
[HELPING] Not played chunks [chunk-id/nodes]: {}
[HELPING] Avg distance between not played chunks: NaN
[HELPING] Min distance between not played chunks: Infinity
[HELPING] Max distance between not played chunks: -Infinity

