Total chunks: 100
Nodes x chunk: 12
Total nodes: 160
Active nodes: 80
Started playbacks: 80
Not started playbacks node-ids: []
Playbacks time-window: 206
Missing chunks distribution [missed-chunks/nodes]: {0=79, 1=1}
Rejected chunks for ttl expiration [chunk-id/nodes]: 1 {1=1}
Rejected chunks for capacity limit [chunk-id/nodes]: 0 {}
bandwidthUtilUp: 0.009509311433727023
bandwidthUtilDown: 0.005695845226377811
Avg # of unsent chunk for max-retries: 0.0
Min # of unsent chunk for max-retries: 0.0
Max # of unsent chunk for max-retries: 0.0
Avg # of unsent chunk-reqs for max-retries: 0.0
Min # of unsent chunk-reqs for max-retries: 0.0
Max # of unsent chunk-reqs for max-retries: 0.0
Avg % of chunks received by Pastry: 4.7
Min % of chunks received by Pastry: 0.0
Max % of chunks received by Pastry: 10.0
StD of chunks received by Pastry: 2.601849390945708
Var of chunks received by Pastry: 6.769620253164552
Avg % of chunks received by StarStream: 94.3
Min % of chunks received by StarStream: 89.0
Max % of chunks received by StarStream: 99.0
StD of chunks received by StarStream: 2.6018493909456097
Var of chunks received by StarStream: 6.7696202531640415
[MOJO] Startup Delay: 250.6625
[MOJO] Latency: 7.894354591836735
Min of perceived avg chunk delivery-time: 6.8
Max of perceived avg chunk delivery-time: 10.418367346938776
Variance of perceived avg chunk delivery-time: 0.33140410687923566
StD of perceived avg chunk delivery-time: 0.5756770855950718
Avg messages sent per node: 18647.7125
Min messages sent per node: 15275.0
Max messages sent per node: 22718.0
Variance of messages sent per node: 2970309.7770568994
StD of messages sent per node: 1723.4586670578726
Nodes with incomplete playbacks: 80
[MOJO] Packet Loss: 48.6875
Min % of not played chunks: 1.0
Max % of not played chunks: 99.0
Not played chunks [chunk-id/nodes]: {1=46, 2=42, 3=40, 4=45, 5=36, 6=41, 7=36, 8=49, 9=36, 10=33, 11=38, 12=44, 13=39, 14=34, 15=39, 17=35, 16=36, 19=37, 18=35, 21=40, 20=43, 23=42, 22=40, 25=38, 24=38, 27=42, 26=43, 29=38, 28=34, 31=36, 30=37, 34=38, 35=40, 32=41, 33=39, 38=38, 39=38, 36=41, 37=37, 42=39, 43=30, 40=36, 41=37, 46=39, 47=43, 44=38, 45=37, 51=45, 50=40, 49=41, 48=40, 55=44, 54=42, 53=39, 52=43, 59=40, 58=34, 57=44, 56=39, 63=37, 62=45, 61=36, 60=47, 68=38, 69=37, 70=41, 71=40, 64=41, 65=40, 66=41, 67=44, 76=39, 77=39, 78=33, 79=37, 72=37, 73=38, 74=40, 75=36, 85=47, 84=41, 87=34, 86=35, 81=34, 80=38, 83=36, 82=42, 93=43, 92=40, 95=35, 94=43, 89=44, 88=44, 91=42, 90=40, 98=40, 99=47, 96=33, 97=37}
Avg distance between not played chunks: 3.2403278608861323
Min distance between not played chunks: 1.0
Max distance between not played chunks: 16.25

