Total chunks: 100
Nodes x chunk: 12
Total nodes: 96
Active nodes: 80
Started playbacks: 80
Not started playbacks node-ids: []
Playbacks time-window: 204
Missing chunks distribution [missed-chunks/nodes]: {0=79, 2=1}
Rejected chunks for ttl expiration [chunk-id/nodes]: 1 {0=1}
Rejected chunks for capacity limit [chunk-id/nodes]: 0 {}
bandwidthUtilUp: 0.0021183673124850508
bandwidthUtilDown: 0.001111355112790841
Avg # of unsent chunk for max-retries: 0.0
Min # of unsent chunk for max-retries: 0.0
Max # of unsent chunk for max-retries: 0.0
Avg # of unsent chunk-reqs for max-retries: 0.0
Min # of unsent chunk-reqs for max-retries: 0.0
Max # of unsent chunk-reqs for max-retries: 0.0
Avg % of chunks received by Pastry: 3.5
Min % of chunks received by Pastry: 0.0
Max % of chunks received by Pastry: 13.0
StD of chunks received by Pastry: 2.8816310430647483
Var of chunks received by Pastry: 8.30379746835443
Avg % of chunks received by StarStream: 95.5625
Min % of chunks received by StarStream: 86.0
Max % of chunks received by StarStream: 100.0
StD of chunks received by StarStream: 2.9675193151985866
Var of chunks received by StarStream: 8.806170886076687
[MOJO] Startup Delay: 69.3
[MOJO] Latency: 13.767374821218702
Min of perceived avg chunk delivery-time: 5.79
Max of perceived avg chunk delivery-time: 162.0
Variance of perceived avg chunk delivery-time: 583.6352146441759
StD of perceived avg chunk delivery-time: 24.158543305509458
Avg messages sent per node: 17683.5625
Min messages sent per node: 13746.0
Max messages sent per node: 24038.0
Variance of messages sent per node: 3398541.439082291
StD of messages sent per node: 1843.5133411728516
Nodes with incomplete playbacks: 63
[MOJO] Packet Loss: 41.95
Min % of not played chunks: 0.0
Max % of not played chunks: 99.0
Not played chunks [chunk-id/nodes]: {1=34, 2=34, 3=39, 4=30, 5=26, 6=30, 7=27, 8=39, 9=38, 10=37, 11=37, 12=36, 13=35, 14=40, 15=28, 17=26, 16=33, 19=34, 18=31, 21=35, 20=33, 23=35, 22=39, 25=40, 24=34, 27=29, 26=34, 29=34, 28=33, 31=30, 30=34, 34=34, 35=36, 32=33, 33=33, 38=30, 39=36, 36=35, 37=26, 42=45, 43=44, 40=36, 41=33, 46=32, 47=38, 44=32, 45=35, 51=33, 50=34, 49=31, 48=33, 55=33, 54=33, 53=35, 52=33, 59=36, 58=31, 57=35, 56=36, 63=37, 62=36, 61=39, 60=32, 68=31, 69=28, 70=32, 71=34, 64=34, 65=37, 66=33, 67=32, 76=35, 77=33, 78=40, 79=34, 72=33, 73=35, 74=35, 75=33, 85=26, 84=40, 87=34, 86=27, 81=35, 80=33, 83=35, 82=32, 93=38, 92=37, 95=34, 94=38, 89=33, 88=36, 91=34, 90=37, 98=26, 99=29, 96=34, 97=30}
Avg distance between not played chunks: 2.8759271457374798
Min distance between not played chunks: 1.0
Max distance between not played chunks: 33.5

HELPING PEERS LOG

[HELPING] Active nodes: 16
[HELPING] Started playbacks: 16
[HELPING] Not started playbacks node-ids: []
[HELPING] Playbacks time-window: 104
[HELPING] Missing chunks distribution [missed-chunks/nodes]: {0=16}
[HELPING] Rejected chunks for ttl expiration [chunk-id/nodes]: 0 {}
[HELPING] Rejected chunks for capacity limit [chunk-id/nodes]: 0 {}
[HELPING] bandwidthUtilUp: 0.0021313156483302232
[HELPING] bandwidthUtilDown: 0.0010934831399204916
[HELPING] Avg # of unsent chunk for max-retries: 0.0
[HELPING] Min # of unsent chunk for max-retries: 0.0
[HELPING] Max # of unsent chunk for max-retries: 0.0
[HELPING] Avg # of unsent chunk-reqs for max-retries: 0.0
[HELPING] Min # of unsent chunk-reqs for max-retries: 0.0
[HELPING] Max # of unsent chunk-reqs for max-retries: 0.0
[HELPING] Avg % of chunks received by Pastry: 1.6875
[HELPING] Min % of chunks received by Pastry: 0.0
[HELPING] Max % of chunks received by Pastry: 5.0
[HELPING] StD of chunks received by Pastry: 1.4476993242152645
[HELPING] Var of chunks received by Pastry: 2.095833333333333
[HELPING] Avg % of chunks received by StarStream: 97.4375
[HELPING] Min % of chunks received by StarStream: 94.0
[HELPING] Max % of chunks received by StarStream: 100.0
[HELPING] StD of chunks received by StarStream: 1.5903353943953669
[HELPING] Var of chunks received by StarStream: 2.529166666666667
[HELPING] Startup Delay: 140.8125
[HELPING] Latency: 6.9839962121212125
[HELPING] Min of perceived avg chunk delivery-time: 5.97
[HELPING] Max of perceived avg chunk delivery-time: 8.444444444444445
[HELPING] Variance of perceived avg chunk delivery-time: 0.4625574981719486
[HELPING] StD of perceived avg chunk delivery-time: 0.6801157976197498
[HELPING] Avg messages sent per node: 17815.625
[HELPING] Min messages sent per node: 14078.0
[HELPING] Max messages sent per node: 21364.0
[HELPING] Variance of messages sent per node: 3658282.5166666666
[HELPING] StD of messages sent per node: 1912.6637228396073
[HELPING] Nodes with incomplete playbacks: 6
[HELPING] Packet Loss: 25.625
[HELPING] Min % of not played chunks: 0.0
[HELPING] Max % of not played chunks: 99.0
[HELPING] Not played chunks [chunk-id/nodes]: {1=4, 2=5, 3=5, 4=4, 5=4, 6=4, 7=4, 8=5, 9=3, 10=5, 11=5, 12=4, 13=4, 14=4, 15=4, 17=5, 16=4, 19=4, 18=3, 21=5, 20=5, 23=5, 22=4, 25=5, 24=4, 27=5, 26=4, 29=5, 28=4, 31=4, 30=4, 34=4, 35=4, 32=4, 33=3, 38=3, 39=4, 36=3, 37=4, 42=5, 43=4, 40=2, 41=4, 46=3, 47=5, 44=5, 45=4, 51=4, 50=4, 49=4, 48=3, 55=5, 54=5, 53=4, 52=4, 59=4, 58=4, 57=3, 56=4, 63=5, 62=4, 61=6, 60=4, 68=5, 69=5, 70=5, 71=4, 64=4, 65=4, 66=3, 67=5, 76=5, 77=5, 78=4, 79=4, 72=4, 73=5, 74=4, 75=5, 85=5, 84=4, 87=4, 86=4, 81=3, 80=4, 83=4, 82=4, 93=3, 92=4, 95=3, 94=4, 89=5, 88=3, 91=4, 90=4, 98=4, 99=4, 96=2, 97=5}
[HELPING] Avg distance between not played chunks: 2.4686616204812406
[HELPING] Min distance between not played chunks: 1.0
[HELPING] Max distance between not played chunks: 7.75

