Total chunks: 100
Nodes x chunk: 12
Total nodes: 104
Active nodes: 80
Started playbacks: 80
Not started playbacks node-ids: []
Playbacks time-window: 234
Missing chunks distribution [missed-chunks/nodes]: {0=78, 1=1, 2=1}
Rejected chunks for ttl expiration [chunk-id/nodes]: 3 {0=1, 2=1, 3=1}
Rejected chunks for capacity limit [chunk-id/nodes]: 0 {}
bandwidthUtilUp: 0.009219963910761143
bandwidthUtilDown: 0.005461614173228215
Avg # of unsent chunk for max-retries: 0.0
Min # of unsent chunk for max-retries: 0.0
Max # of unsent chunk for max-retries: 0.0
Avg # of unsent chunk-reqs for max-retries: 0.0
Min # of unsent chunk-reqs for max-retries: 0.0
Max # of unsent chunk-reqs for max-retries: 0.0
Avg % of chunks received by Pastry: 3.1625
Min % of chunks received by Pastry: 0.0
Max % of chunks received by Pastry: 9.0
StD of chunks received by Pastry: 2.3623832098920245
Var of chunks received by Pastry: 5.580854430379746
Avg % of chunks received by StarStream: 95.9
Min % of chunks received by StarStream: 90.0
Max % of chunks received by StarStream: 100.0
StD of chunks received by StarStream: 2.4577441545271204
Var of chunks received by StarStream: 6.04050632911223
[MOJO] Startup Delay: 150.5375
[MOJO] Latency: 6.8682908807462395
Min of perceived avg chunk delivery-time: 5.93
Max of perceived avg chunk delivery-time: 7.95
Variance of perceived avg chunk delivery-time: 0.24056873602483284
StD of perceived avg chunk delivery-time: 0.4904780688520465
Avg messages sent per node: 18088.475
Min messages sent per node: 14339.0
Max messages sent per node: 22657.0
Variance of messages sent per node: 3557875.8981013
StD of messages sent per node: 1886.2332565463107
Nodes with incomplete playbacks: 67
[MOJO] Packet Loss: 50.0625
Min % of not played chunks: 0.0
Max % of not played chunks: 99.0
Not played chunks [chunk-id/nodes]: {1=48, 2=43, 3=45, 4=37, 5=43, 6=36, 7=41, 8=43, 9=44, 10=41, 11=35, 12=42, 13=41, 14=42, 15=40, 17=43, 16=40, 19=37, 18=40, 21=42, 20=36, 23=36, 22=47, 25=36, 24=42, 27=40, 26=42, 29=40, 28=38, 31=39, 30=38, 34=34, 35=46, 32=46, 33=39, 38=41, 39=38, 36=45, 37=40, 42=41, 43=39, 40=41, 41=40, 46=37, 47=39, 44=41, 45=39, 51=39, 50=38, 49=38, 48=38, 55=35, 54=35, 53=41, 52=41, 59=41, 58=40, 57=44, 56=40, 63=40, 62=38, 61=47, 60=41, 68=46, 69=41, 70=40, 71=46, 64=45, 65=36, 66=36, 67=40, 76=36, 77=40, 78=38, 79=40, 72=37, 73=43, 74=41, 75=41, 85=43, 84=41, 87=41, 86=41, 81=40, 80=43, 83=37, 82=42, 93=40, 92=39, 95=41, 94=47, 89=43, 88=40, 91=43, 90=37, 98=37, 99=43, 96=44, 97=38}
Avg distance between not played chunks: 2.3491077961694122
Min distance between not played chunks: 1.0
Max distance between not played chunks: 25.0

