Total chunks: 100
Nodes x chunk: 12
Total nodes: 112
Active nodes: 80
Started playbacks: 80
Not started playbacks node-ids: []
Playbacks time-window: 124
Missing chunks distribution [missed-chunks/nodes]: {0=80}
Rejected chunks for ttl expiration [chunk-id/nodes]: 0 {}
Rejected chunks for capacity limit [chunk-id/nodes]: 0 {}
bandwidthUtilUp: 0.009339786335301827
bandwidthUtilDown: 0.005597694389763643
Avg # of unsent chunk for max-retries: 0.0
Min # of unsent chunk for max-retries: 0.0
Max # of unsent chunk for max-retries: 0.0
Avg # of unsent chunk-reqs for max-retries: 0.0
Min # of unsent chunk-reqs for max-retries: 0.0
Max # of unsent chunk-reqs for max-retries: 0.0
Avg % of chunks received by Pastry: 3.625
Min % of chunks received by Pastry: 0.0
Max % of chunks received by Pastry: 14.0
StD of chunks received by Pastry: 3.0246874511617214
Var of chunks received by Pastry: 9.148734177215191
Avg % of chunks received by StarStream: 95.4
Min % of chunks received by StarStream: 85.0
Max % of chunks received by StarStream: 100.0
StD of chunks received by StarStream: 3.0589151713171767
Var of chunks received by StarStream: 9.356962025314393
[MOJO] Startup Delay: 154.0625
[MOJO] Latency: 6.952132653061223
Min of perceived avg chunk delivery-time: 5.88
Max of perceived avg chunk delivery-time: 8.2
Variance of perceived avg chunk delivery-time: 0.2538662592063748
StD of perceived avg chunk delivery-time: 0.50385142572625
Avg messages sent per node: 18310.4875
Min messages sent per node: 12427.0
Max messages sent per node: 22152.0
Variance of messages sent per node: 4796947.265664596
StD of messages sent per node: 2190.193431107078
Nodes with incomplete playbacks: 73
[MOJO] Packet Loss: 53.925
Min % of not played chunks: 0.0
Max % of not played chunks: 99.0
Not played chunks [chunk-id/nodes]: {1=45, 2=44, 3=43, 4=41, 5=46, 6=46, 7=42, 8=43, 9=42, 10=43, 11=41, 12=46, 13=47, 14=40, 15=46, 17=43, 16=42, 19=38, 18=46, 21=47, 20=40, 23=47, 22=45, 25=44, 24=43, 27=44, 26=38, 29=42, 28=43, 31=39, 30=46, 34=45, 35=47, 32=40, 33=41, 38=44, 39=46, 36=47, 37=40, 42=40, 43=48, 40=44, 41=46, 46=46, 47=42, 44=48, 45=46, 51=45, 50=42, 49=46, 48=48, 55=44, 54=43, 53=44, 52=44, 59=40, 58=44, 57=42, 56=43, 63=42, 62=41, 61=42, 60=46, 68=52, 69=45, 70=44, 71=37, 64=39, 65=43, 66=41, 67=50, 76=42, 77=39, 78=43, 79=45, 72=39, 73=44, 74=46, 75=40, 85=41, 84=39, 87=44, 86=42, 81=41, 80=47, 83=48, 82=41, 93=39, 92=45, 95=50, 94=52, 89=40, 88=48, 91=45, 90=38, 98=39, 99=50, 96=41, 97=47}
Avg distance between not played chunks: 3.0353795005433524
Min distance between not played chunks: 1.0
Max distance between not played chunks: 25.0

