Total chunks: 100
Nodes x chunk: 12
Total nodes: 120
Active nodes: 80
Started playbacks: 80
Not started playbacks node-ids: []
Playbacks time-window: 178
Missing chunks distribution [missed-chunks/nodes]: {0=80}
Rejected chunks for ttl expiration [chunk-id/nodes]: 0 {}
Rejected chunks for capacity limit [chunk-id/nodes]: 0 {}
bandwidthUtilUp: 0.009445513451443554
bandwidthUtilDown: 0.005603122539369947
Avg # of unsent chunk for max-retries: 0.0
Min # of unsent chunk for max-retries: 0.0
Max # of unsent chunk for max-retries: 0.0
Avg # of unsent chunk-reqs for max-retries: 0.0
Min # of unsent chunk-reqs for max-retries: 0.0
Max # of unsent chunk-reqs for max-retries: 0.0
Avg % of chunks received by Pastry: 3.0125
Min % of chunks received by Pastry: 0.0
Max % of chunks received by Pastry: 9.0
StD of chunks received by Pastry: 2.5482371667935166
Var of chunks received by Pastry: 6.493512658227848
Avg % of chunks received by StarStream: 96.075
Min % of chunks received by StarStream: 90.0
Max % of chunks received by StarStream: 100.0
StD of chunks received by StarStream: 2.666126000041873
Var of chunks received by StarStream: 7.108227848099277
[MOJO] Startup Delay: 175.0
[MOJO] Latency: 7.163410714285715
Min of perceived avg chunk delivery-time: 6.31
Max of perceived avg chunk delivery-time: 8.653061224489797
Variance of perceived avg chunk delivery-time: 0.22620711221984754
StD of perceived avg chunk delivery-time: 0.4756123549907504
Avg messages sent per node: 18528.4
Min messages sent per node: 13616.0
Max messages sent per node: 22185.0
Variance of messages sent per node: 3070224.0658227103
StD of messages sent per node: 1752.205486186683
Nodes with incomplete playbacks: 73
[MOJO] Packet Loss: 47.0125
Min % of not played chunks: 0.0
Max % of not played chunks: 99.0
Not played chunks [chunk-id/nodes]: {1=43, 2=38, 3=34, 4=34, 5=37, 6=35, 7=37, 8=39, 9=37, 10=36, 11=34, 12=37, 13=39, 14=37, 15=40, 17=32, 16=37, 19=40, 18=37, 21=42, 20=38, 23=40, 22=32, 25=40, 24=37, 27=43, 26=41, 29=38, 28=28, 31=38, 30=34, 34=42, 35=38, 32=33, 33=35, 38=39, 39=35, 36=44, 37=33, 42=40, 43=47, 40=40, 41=43, 46=39, 47=40, 44=38, 45=43, 51=38, 50=42, 49=44, 48=41, 55=38, 54=33, 53=32, 52=36, 59=40, 58=32, 57=36, 56=36, 63=38, 62=39, 61=39, 60=40, 68=33, 69=36, 70=42, 71=42, 64=35, 65=41, 66=39, 67=36, 76=44, 77=37, 78=42, 79=45, 72=38, 73=35, 74=42, 75=32, 85=34, 84=30, 87=43, 86=35, 81=39, 80=39, 83=41, 82=38, 93=42, 92=39, 95=37, 94=39, 89=33, 88=36, 91=41, 90=42, 98=42, 99=36, 96=36, 97=33}
Avg distance between not played chunks: 2.569723686277988
Min distance between not played chunks: 1.0
Max distance between not played chunks: 8.6

