Total chunks: 100
Nodes x chunk: 12
Total nodes: 128
Active nodes: 80
Started playbacks: 80
Not started playbacks node-ids: []
Playbacks time-window: 263
Missing chunks distribution [missed-chunks/nodes]: {0=79, 4=1}
Rejected chunks for ttl expiration [chunk-id/nodes]: 4 {1=1, 2=1, 3=1, 4=1}
Rejected chunks for capacity limit [chunk-id/nodes]: 0 {}
bandwidthUtilUp: 0.0021845529623403734
bandwidthUtilDown: 0.0011630754380881803
Avg # of unsent chunk for max-retries: 0.0
Min # of unsent chunk for max-retries: 0.0
Max # of unsent chunk for max-retries: 0.0
Avg # of unsent chunk-reqs for max-retries: 0.0
Min # of unsent chunk-reqs for max-retries: 0.0
Max # of unsent chunk-reqs for max-retries: 0.0
Avg % of chunks received by Pastry: 3.65
Min % of chunks received by Pastry: 0.0
Max % of chunks received by Pastry: 13.0
StD of chunks received by Pastry: 2.7973767096507047
Var of chunks received by Pastry: 7.825316455696204
Avg % of chunks received by StarStream: 95.4
Min % of chunks received by StarStream: 86.0
Max % of chunks received by StarStream: 100.0
StD of chunks received by StarStream: 2.871069134430781
Var of chunks received by StarStream: 8.243037974681114
[MOJO] Startup Delay: 55.5
[MOJO] Latency: 12.749902770393994
Min of perceived avg chunk delivery-time: 6.23
Max of perceived avg chunk delivery-time: 162.0
Variance of perceived avg chunk delivery-time: 384.5033912576969
StD of perceived avg chunk delivery-time: 19.608758024354753
Avg messages sent per node: 18520.1625
Min messages sent per node: 14480.0
Max messages sent per node: 22963.0
Variance of messages sent per node: 3043487.707436779
StD of messages sent per node: 1744.5594594156942
Nodes with incomplete playbacks: 75
[MOJO] Packet Loss: 53.15
Min % of not played chunks: 0.0
Max % of not played chunks: 99.0
Not played chunks [chunk-id/nodes]: {1=41, 2=44, 3=43, 4=46, 5=32, 6=41, 7=47, 8=46, 9=40, 10=39, 11=41, 12=46, 13=41, 14=38, 15=45, 17=43, 16=43, 19=42, 18=39, 21=39, 20=46, 23=45, 22=46, 25=40, 24=44, 27=38, 26=40, 29=42, 28=43, 31=46, 30=42, 34=40, 35=49, 32=39, 33=40, 38=45, 39=41, 36=49, 37=48, 42=42, 43=44, 40=44, 41=45, 46=42, 47=42, 44=48, 45=41, 51=42, 50=50, 49=48, 48=32, 55=45, 54=44, 53=40, 52=41, 59=45, 58=46, 57=49, 56=44, 63=52, 62=41, 61=41, 60=39, 68=40, 69=44, 70=37, 71=43, 64=43, 65=37, 66=45, 67=46, 76=45, 77=46, 78=46, 79=39, 72=46, 73=50, 74=42, 75=45, 85=43, 84=40, 87=43, 86=41, 81=42, 80=46, 83=45, 82=44, 93=48, 92=46, 95=47, 94=42, 89=40, 88=39, 91=36, 90=45, 98=42, 99=43, 96=44, 97=36}
Avg distance between not played chunks: 2.2854910102448853
Min distance between not played chunks: 1.0
Max distance between not played chunks: 10.0

HELPING PEERS LOG

[HELPING] Active nodes: 48
[HELPING] Started playbacks: 48
[HELPING] Not started playbacks node-ids: []
[HELPING] Playbacks time-window: 149
[HELPING] Missing chunks distribution [missed-chunks/nodes]: {0=48}
[HELPING] Rejected chunks for ttl expiration [chunk-id/nodes]: 0 {}
[HELPING] Rejected chunks for capacity limit [chunk-id/nodes]: 0 {}
[HELPING] bandwidthUtilUp: 0.002158842775169836
[HELPING] bandwidthUtilDown: 0.0011628195110524584
[HELPING] Avg # of unsent chunk for max-retries: 0.0
[HELPING] Min # of unsent chunk for max-retries: 0.0
[HELPING] Max # of unsent chunk for max-retries: 0.0
[HELPING] Avg # of unsent chunk-reqs for max-retries: 0.0
[HELPING] Min # of unsent chunk-reqs for max-retries: 0.0
[HELPING] Max # of unsent chunk-reqs for max-retries: 0.0
[HELPING] Avg % of chunks received by Pastry: 2.4791666666666665
[HELPING] Min % of chunks received by Pastry: 0.0
[HELPING] Max % of chunks received by Pastry: 7.0
[HELPING] StD of chunks received by Pastry: 1.856438861968514
[HELPING] Var of chunks received by Pastry: 3.446365248226951
[HELPING] Avg % of chunks received by StarStream: 96.625
[HELPING] Min % of chunks received by StarStream: 92.0
[HELPING] Max % of chunks received by StarStream: 100.0
[HELPING] StD of chunks received by StarStream: 1.9960066515898363
[HELPING] Var of chunks received by StarStream: 3.9840425531908696
[HELPING] Startup Delay: 207.52083333333334
[HELPING] Latency: 7.4702139163746315
[HELPING] Min of perceived avg chunk delivery-time: 6.52
[HELPING] Max of perceived avg chunk delivery-time: 8.39795918367347
[HELPING] Variance of perceived avg chunk delivery-time: 0.22486213693227522
[HELPING] StD of perceived avg chunk delivery-time: 0.4741963063250021
[HELPING] Avg messages sent per node: 18291.875
[HELPING] Min messages sent per node: 13878.0
[HELPING] Max messages sent per node: 23005.0
[HELPING] Variance of messages sent per node: 4260985.515957447
[HELPING] StD of messages sent per node: 2064.2154722696578
[HELPING] Nodes with incomplete playbacks: 38
[HELPING] Packet Loss: 34.0625
[HELPING] Min % of not played chunks: 0.0
[HELPING] Max % of not played chunks: 99.0
[HELPING] Not played chunks [chunk-id/nodes]: {1=24, 2=16, 3=19, 4=16, 5=17, 6=15, 7=15, 8=15, 9=15, 10=12, 11=18, 12=16, 13=16, 14=13, 15=16, 17=15, 16=19, 19=18, 18=18, 21=18, 20=15, 23=16, 22=14, 25=15, 24=16, 27=15, 26=14, 29=16, 28=21, 31=17, 30=12, 34=16, 35=17, 32=19, 33=13, 38=16, 39=15, 36=16, 37=20, 42=15, 43=23, 40=17, 41=13, 46=17, 47=15, 44=21, 45=17, 51=13, 50=19, 49=18, 48=15, 55=19, 54=17, 53=15, 52=15, 59=18, 58=16, 57=15, 56=19, 63=17, 62=13, 61=15, 60=16, 68=19, 69=17, 70=16, 71=17, 64=15, 65=19, 66=17, 67=20, 76=17, 77=12, 78=15, 79=21, 72=17, 73=19, 74=20, 75=17, 85=16, 84=18, 87=15, 86=18, 81=15, 80=16, 83=15, 82=17, 93=14, 92=12, 95=20, 94=15, 89=18, 88=17, 91=15, 90=13, 98=21, 99=16, 96=18, 97=16}
[HELPING] Avg distance between not played chunks: 3.3992035934061895
[HELPING] Min distance between not played chunks: 1.0
[HELPING] Max distance between not played chunks: 22.333333333333332

