Total chunks: 100
Nodes x chunk: 12
Total nodes: 136
Active nodes: 80
Started playbacks: 80
Not started playbacks node-ids: []
Playbacks time-window: 138
Missing chunks distribution [missed-chunks/nodes]: {0=80}
Rejected chunks for ttl expiration [chunk-id/nodes]: 0 {}
Rejected chunks for capacity limit [chunk-id/nodes]: 0 {}
bandwidthUtilUp: 0.002228064290792655
bandwidthUtilDown: 0.0011801537146404356
Avg # of unsent chunk for max-retries: 0.0
Min # of unsent chunk for max-retries: 0.0
Max # of unsent chunk for max-retries: 0.0
Avg # of unsent chunk-reqs for max-retries: 0.0
Min # of unsent chunk-reqs for max-retries: 0.0
Max # of unsent chunk-reqs for max-retries: 0.0
Avg % of chunks received by Pastry: 3.6875
Min % of chunks received by Pastry: 0.0
Max % of chunks received by Pastry: 12.0
StD of chunks received by Pastry: 2.6318100331583416
Var of chunks received by Pastry: 6.926424050632912
Avg % of chunks received by StarStream: 95.3625
Min % of chunks received by StarStream: 87.0
Max % of chunks received by StarStream: 100.0
StD of chunks received by StarStream: 2.7013533879489438
Var of chunks received by StarStream: 7.297310126583237
[MOJO] Startup Delay: 72.2
[MOJO] Latency: 14.80510430839002
Min of perceived avg chunk delivery-time: 6.44
Max of perceived avg chunk delivery-time: 212.0
Variance of perceived avg chunk delivery-time: 750.5492197188389
StD of perceived avg chunk delivery-time: 27.39615337449473
Avg messages sent per node: 18551.475
Min messages sent per node: 13346.0
Max messages sent per node: 24977.0
Variance of messages sent per node: 4296815.012025351
StD of messages sent per node: 2072.8760242777066
Nodes with incomplete playbacks: 76
[MOJO] Packet Loss: 52.8
Min % of not played chunks: 0.0
Max % of not played chunks: 99.0
Not played chunks [chunk-id/nodes]: {1=48, 2=41, 3=41, 4=46, 5=39, 6=38, 7=47, 8=39, 9=46, 10=41, 11=38, 12=41, 13=44, 14=43, 15=44, 17=46, 16=37, 19=42, 18=41, 21=39, 20=44, 23=47, 22=49, 25=37, 24=41, 27=41, 26=42, 29=43, 28=33, 31=42, 30=39, 34=39, 35=40, 32=46, 33=48, 38=50, 39=45, 36=40, 37=41, 42=40, 43=42, 40=46, 41=41, 46=48, 47=45, 44=44, 45=38, 51=41, 50=47, 49=48, 48=46, 55=46, 54=37, 53=47, 52=40, 59=42, 58=43, 57=45, 56=45, 63=42, 62=40, 61=46, 60=41, 68=42, 69=38, 70=41, 71=45, 64=41, 65=39, 66=40, 67=39, 76=45, 77=37, 78=37, 79=40, 72=43, 73=46, 74=45, 75=44, 85=45, 84=45, 87=42, 86=49, 81=41, 80=48, 83=40, 82=44, 93=42, 92=34, 95=48, 94=39, 89=47, 88=45, 91=46, 90=48, 98=36, 99=53, 96=44, 97=38}
Avg distance between not played chunks: 2.9551682334357507
Min distance between not played chunks: 1.0
Max distance between not played chunks: 24.0

HELPING PEERS LOG

[HELPING] Active nodes: 56
[HELPING] Started playbacks: 56
[HELPING] Not started playbacks node-ids: []
[HELPING] Playbacks time-window: 311
[HELPING] Missing chunks distribution [missed-chunks/nodes]: {0=55, 5=1}
[HELPING] Rejected chunks for ttl expiration [chunk-id/nodes]: 5 {1=1, 2=1, 3=1, 4=1, 5=1}
[HELPING] Rejected chunks for capacity limit [chunk-id/nodes]: 0 {}
[HELPING] bandwidthUtilUp: 0.0021986642977115996
[HELPING] bandwidthUtilDown: 0.0011669065785866542
[HELPING] Avg # of unsent chunk for max-retries: 0.0
[HELPING] Min # of unsent chunk for max-retries: 0.0
[HELPING] Max # of unsent chunk for max-retries: 0.0
[HELPING] Avg # of unsent chunk-reqs for max-retries: 0.0
[HELPING] Min # of unsent chunk-reqs for max-retries: 0.0
[HELPING] Max # of unsent chunk-reqs for max-retries: 0.0
[HELPING] Avg % of chunks received by Pastry: 2.2142857142857144
[HELPING] Min % of chunks received by Pastry: 0.0
[HELPING] Max % of chunks received by Pastry: 9.0
[HELPING] StD of chunks received by Pastry: 1.9791116989404907
[HELPING] Var of chunks received by Pastry: 3.9168831168831155
[HELPING] Avg % of chunks received by StarStream: 96.85714285714286
[HELPING] Min % of chunks received by StarStream: 90.0
[HELPING] Max % of chunks received by StarStream: 100.0
[HELPING] StD of chunks received by StarStream: 2.0752092681200676
[HELPING] Var of chunks received by StarStream: 4.306493506491427
[HELPING] Startup Delay: 213.91071428571428
[HELPING] Latency: 7.709895945529358
[HELPING] Min of perceived avg chunk delivery-time: 6.97
[HELPING] Max of perceived avg chunk delivery-time: 8.73
[HELPING] Variance of perceived avg chunk delivery-time: 0.22269577452676786
[HELPING] StD of perceived avg chunk delivery-time: 0.47190653155764634
[HELPING] Avg messages sent per node: 18309.5
[HELPING] Min messages sent per node: 13211.0
[HELPING] Max messages sent per node: 22580.0
[HELPING] Variance of messages sent per node: 3151879.527272744
[HELPING] StD of messages sent per node: 1775.3533527928305
[HELPING] Nodes with incomplete playbacks: 47
[HELPING] Packet Loss: 42.964285714285715
[HELPING] Min % of not played chunks: 0.0
[HELPING] Max % of not played chunks: 99.0
[HELPING] Not played chunks [chunk-id/nodes]: {1=24, 2=24, 3=26, 4=30, 5=28, 6=27, 7=22, 8=24, 9=27, 10=30, 11=26, 12=20, 13=20, 14=24, 15=29, 17=18, 16=24, 19=21, 18=20, 21=28, 20=24, 23=21, 22=23, 25=28, 24=20, 27=26, 26=22, 29=23, 28=18, 31=19, 30=20, 34=24, 35=29, 32=20, 33=28, 38=25, 39=26, 36=27, 37=27, 42=26, 43=22, 40=27, 41=25, 46=26, 47=25, 44=27, 45=23, 51=25, 50=20, 49=25, 48=24, 55=23, 54=22, 53=29, 52=23, 59=27, 58=21, 57=26, 56=25, 63=21, 62=26, 61=25, 60=19, 68=27, 69=25, 70=24, 71=24, 64=26, 65=26, 66=25, 67=29, 76=27, 77=20, 78=23, 79=26, 72=28, 73=18, 74=24, 75=23, 85=22, 84=26, 87=23, 86=22, 81=28, 80=25, 83=24, 82=23, 93=25, 92=22, 95=28, 94=29, 89=27, 88=26, 91=24, 90=25, 98=24, 99=23, 96=23, 97=18}
[HELPING] Avg distance between not played chunks: 2.9889403522387936
[HELPING] Min distance between not played chunks: 1.0
[HELPING] Max distance between not played chunks: 18.2

