Total chunks: 100
Nodes x chunk: 12
Total nodes: 144
Active nodes: 80
Started playbacks: 80
Not started playbacks node-ids: []
Playbacks time-window: 164
Missing chunks distribution [missed-chunks/nodes]: {0=80}
Rejected chunks for ttl expiration [chunk-id/nodes]: 0 {}
Rejected chunks for capacity limit [chunk-id/nodes]: 0 {}
bandwidthUtilUp: 0.014757827504449303
bandwidthUtilDown: 0.00882394197789321
Avg # of unsent chunk for max-retries: 0.0
Min # of unsent chunk for max-retries: 0.0
Max # of unsent chunk for max-retries: 0.0
Avg # of unsent chunk-reqs for max-retries: 0.0
Min # of unsent chunk-reqs for max-retries: 0.0
Max # of unsent chunk-reqs for max-retries: 0.0
Avg % of chunks received by Pastry: 7.2375
Min % of chunks received by Pastry: 0.0
Max % of chunks received by Pastry: 15.0
StD of chunks received by Pastry: 3.2069692700015358
Var of chunks received by Pastry: 10.284651898734182
Avg % of chunks received by StarStream: 91.775
Min % of chunks received by StarStream: 84.0
Max % of chunks received by StarStream: 100.0
StD of chunks received by StarStream: 3.2373414628109933
Var of chunks received by StarStream: 10.480379746835222
[MOJO] Startup Delay: 111.5
[MOJO] Latency: 20.501160745779792
Min of perceived avg chunk delivery-time: 7.79
Max of perceived avg chunk delivery-time: 270.0
Variance of perceived avg chunk delivery-time: 1669.5760515313298
StD of perceived avg chunk delivery-time: 40.86044605154635
Avg messages sent per node: 6799.35
Min messages sent per node: 3967.0
Max messages sent per node: 10478.0
Variance of messages sent per node: 2112550.4835442957
StD of messages sent per node: 1453.4615521383066
Nodes with incomplete playbacks: 76
[MOJO] Continuity Index: 49.65
[MOJO] Packet Loss: 50.35
Min % of not played chunks: 0.0
Max % of not played chunks: 99.0
Not played chunks [chunk-id/nodes]: {1=41, 2=44, 3=36, 4=46, 5=39, 6=38, 7=36, 8=43, 9=34, 10=34, 11=32, 12=28, 13=40, 14=34, 15=39, 17=37, 16=43, 19=37, 18=47, 21=34, 20=36, 23=42, 22=34, 25=37, 24=35, 27=44, 26=37, 29=40, 28=39, 31=46, 30=43, 34=35, 35=39, 32=40, 33=36, 38=37, 39=35, 36=42, 37=43, 42=44, 43=40, 40=33, 41=36, 46=43, 47=41, 44=46, 45=41, 51=47, 50=49, 49=51, 48=41, 55=39, 54=44, 53=40, 52=44, 59=42, 58=43, 57=44, 56=47, 63=40, 62=32, 61=42, 60=43, 68=45, 69=45, 70=50, 71=36, 64=40, 65=34, 66=44, 67=41, 76=47, 77=41, 78=41, 79=43, 72=36, 73=47, 74=46, 75=42, 85=49, 84=39, 87=38, 86=43, 81=41, 80=41, 83=39, 82=43, 93=43, 92=41, 95=35, 94=45, 89=43, 88=42, 91=43, 90=42, 98=48, 99=38, 96=46, 97=37}
Avg distance between not played chunks: 4.55483331840793
Min distance between not played chunks: 1.0
Max distance between not played chunks: 91.0

HELPING PEERS LOG

[HELPING] Active nodes: 64
[HELPING] Started playbacks: 64
[HELPING] Not started playbacks node-ids: []
[HELPING] Playbacks time-window: 145
[HELPING] Missing chunks distribution [missed-chunks/nodes]: {0=64}
[HELPING] Rejected chunks for ttl expiration [chunk-id/nodes]: 0 {}
[HELPING] Rejected chunks for capacity limit [chunk-id/nodes]: 0 {}
[HELPING] bandwidthUtilUp: 0.01455509909009769
[HELPING] bandwidthUtilDown: 0.008484665134226474
[HELPING] Avg # of unsent chunk for max-retries: 0.0
[HELPING] Min # of unsent chunk for max-retries: 0.0
[HELPING] Max # of unsent chunk for max-retries: 0.0
[HELPING] Avg # of unsent chunk-reqs for max-retries: 0.0
[HELPING] Min # of unsent chunk-reqs for max-retries: 0.0
[HELPING] Max # of unsent chunk-reqs for max-retries: 0.0
[HELPING] Avg % of chunks received by Pastry: 5.609375
[HELPING] Min % of chunks received by Pastry: 0.0
[HELPING] Max % of chunks received by Pastry: 14.0
[HELPING] StD of chunks received by Pastry: 2.8486543049668818
[HELPING] Var of chunks received by Pastry: 8.114831349206348
[HELPING] Avg % of chunks received by StarStream: 93.453125
[HELPING] Min % of chunks received by StarStream: 85.0
[HELPING] Max % of chunks received by StarStream: 100.0
[HELPING] StD of chunks received by StarStream: 2.91645407388482
[HELPING] Var of chunks received by StarStream: 8.505704365079364
[HELPING] Startup Delay: 225.25
[HELPING] Latency: 9.234687210111314
[HELPING] Min of perceived avg chunk delivery-time: 7.85
[HELPING] Max of perceived avg chunk delivery-time: 11.571428571428571
[HELPING] Variance of perceived avg chunk delivery-time: 0.4541351176281635
[HELPING] StD of perceived avg chunk delivery-time: 0.6738954797505051
[HELPING] Avg messages sent per node: 7233.203125
[HELPING] Min messages sent per node: 4429.0
[HELPING] Max messages sent per node: 10558.0
[HELPING] Variance of messages sent per node: 1922805.8787202379
[HELPING] StD of messages sent per node: 1386.652760686769
[HELPING] Nodes with incomplete playbacks: 60
[HELPING] Packet Loss: 43.609375
[HELPING] Min % of not played chunks: 0.0
[HELPING] Max % of not played chunks: 99.0
[HELPING] Not played chunks [chunk-id/nodes]: {1=30, 2=28, 3=35, 4=28, 5=29, 6=22, 7=20, 8=26, 9=30, 10=27, 11=26, 12=16, 13=22, 14=21, 15=28, 17=34, 16=28, 19=30, 18=29, 21=21, 20=29, 23=32, 22=22, 25=30, 24=25, 27=33, 26=34, 29=29, 28=32, 31=28, 30=21, 34=28, 35=31, 32=32, 33=25, 38=28, 39=26, 36=33, 37=33, 42=32, 43=28, 40=25, 41=27, 46=30, 47=26, 44=28, 45=25, 51=29, 50=32, 49=26, 48=32, 55=26, 54=27, 53=31, 52=29, 59=26, 58=29, 57=22, 56=34, 63=32, 62=29, 61=26, 60=25, 68=29, 69=32, 70=29, 71=28, 64=32, 65=27, 66=31, 67=31, 76=33, 77=24, 78=31, 79=32, 72=28, 73=27, 74=25, 75=30, 85=33, 84=27, 87=23, 86=27, 81=28, 80=24, 83=25, 82=30, 93=22, 92=26, 95=32, 94=28, 89=26, 88=28, 91=28, 90=30, 98=30, 99=37, 96=32, 97=29}
[HELPING] Avg distance between not played chunks: 3.4458709450328597
[HELPING] Min distance between not played chunks: 1.0
[HELPING] Max distance between not played chunks: 18.8

