Total chunks: 100
Nodes x chunk: 12
Total nodes: 152
Active nodes: 80
Started playbacks: 80
Not started playbacks node-ids: []
Playbacks time-window: 68
Missing chunks distribution [missed-chunks/nodes]: {0=80}
Rejected chunks for ttl expiration [chunk-id/nodes]: 0 {}
Rejected chunks for capacity limit [chunk-id/nodes]: 0 {}
bandwidthUtilUp: 0.009475941190944874
bandwidthUtilDown: 0.005708451033464425
Avg # of unsent chunk for max-retries: 0.0
Min # of unsent chunk for max-retries: 0.0
Max # of unsent chunk for max-retries: 0.0
Avg # of unsent chunk-reqs for max-retries: 0.0
Min # of unsent chunk-reqs for max-retries: 0.0
Max # of unsent chunk-reqs for max-retries: 0.0
Avg % of chunks received by Pastry: 4.1375
Min % of chunks received by Pastry: 0.0
Max % of chunks received by Pastry: 12.0
StD of chunks received by Pastry: 3.0010283047775386
Var of chunks received by Pastry: 9.006170886075948
Avg % of chunks received by StarStream: 94.8625
Min % of chunks received by StarStream: 87.0
Max % of chunks received by StarStream: 99.0
StD of chunks received by StarStream: 3.0010283047776984
Var of chunks received by StarStream: 9.006170886076907
[MOJO] Startup Delay: 233.425
[MOJO] Latency: 7.750183080808078
Min of perceived avg chunk delivery-time: 6.62
Max of perceived avg chunk delivery-time: 8.89
Variance of perceived avg chunk delivery-time: 0.31402932769556696
StD of perceived avg chunk delivery-time: 0.5603831971923917
Avg messages sent per node: 18563.2375
Min messages sent per node: 14841.0
Max messages sent per node: 23628.0
Variance of messages sent per node: 3020250.2846519253
StD of messages sent per node: 1737.8867295229356
Nodes with incomplete playbacks: 76
[MOJO] Packet Loss: 49.5
Min % of not played chunks: 0.0
Max % of not played chunks: 99.0
Not played chunks [chunk-id/nodes]: {1=46, 2=40, 3=48, 4=40, 5=33, 6=45, 7=44, 8=35, 9=42, 10=36, 11=38, 12=41, 13=38, 14=45, 15=42, 17=42, 16=32, 19=45, 18=44, 21=47, 20=39, 23=47, 22=42, 25=36, 24=39, 27=40, 26=42, 29=36, 28=45, 31=28, 30=38, 34=33, 35=37, 32=41, 33=41, 38=35, 39=52, 36=40, 37=40, 42=48, 43=41, 40=37, 41=40, 46=48, 47=40, 44=39, 45=35, 51=45, 50=45, 49=38, 48=40, 55=37, 54=49, 53=38, 52=43, 59=40, 58=36, 57=41, 56=40, 63=35, 62=47, 61=45, 60=28, 68=39, 69=37, 70=40, 71=40, 64=36, 65=43, 66=41, 67=38, 76=44, 77=47, 78=36, 79=32, 72=33, 73=39, 74=40, 75=42, 85=35, 84=32, 87=43, 86=41, 81=37, 80=45, 83=42, 82=42, 93=37, 92=32, 95=44, 94=34, 89=46, 88=35, 91=40, 90=41, 98=35, 99=37, 96=44, 97=42}
Avg distance between not played chunks: 3.6696990249852566
Min distance between not played chunks: 1.0
Max distance between not played chunks: 48.0

