Total chunks: 100
Nodes x chunk: 13
Total nodes: 90
Active nodes: 90
Started playbacks: 90
Not started playbacks node-ids: []
Playbacks time-window: 237
Missing chunks distribution [missed-chunks/nodes]: {0=89, 3=1}
Rejected chunks for ttl expiration [chunk-id/nodes]: 3 {0=5, 2=1, 3=1}
Rejected chunks for capacity limit [chunk-id/nodes]: 0 {}
bandwidthUtilUp: 0.012268504189815573
bandwidthUtilDown: 0.007678347263833292
Avg # of unsent chunk for max-retries: 0.0
Min # of unsent chunk for max-retries: 0.0
Max # of unsent chunk for max-retries: 0.0
Avg # of unsent chunk-reqs for max-retries: 0.0
Min # of unsent chunk-reqs for max-retries: 0.0
Max # of unsent chunk-reqs for max-retries: 0.0
Avg % of chunks received by Pastry: 8.233333333333333
Min % of chunks received by Pastry: 0.0
Max % of chunks received by Pastry: 17.0
StD of chunks received by Pastry: 4.08078533970657
Var of chunks received by Pastry: 16.652808988764065
Avg % of chunks received by StarStream: 90.85555555555555
Min % of chunks received by StarStream: 82.0
Max % of chunks received by StarStream: 100.0
StD of chunks received by StarStream: 4.241478200856391
Var of chunks received by StarStream: 17.990137328339966
[NONMOJO] Startup Delay: 118.75555555555556
[MOJO] Startup Delay: 55.7
[MOJO] Latency: 8.63309914622415
Min of perceived avg chunk delivery-time: 6.7
Max of perceived avg chunk delivery-time: 10.885416666666666
Variance of perceived avg chunk delivery-time: 0.5169315462951669
StD of perceived avg chunk delivery-time: 0.7189795172987662
Avg messages sent per node: 3672.911111111111
Min messages sent per node: 1906.0
Max messages sent per node: 7677.0
Variance of messages sent per node: 2023939.452684147
StD of messages sent per node: 1422.652259930074
Nodes with incomplete playbacks: 62
[MOJO] Continuity Index: 64.2
[MOJO] Packet Loss: 35.8
Min % of not played chunks: 0.0
Max % of not played chunks: 99.0
Not played chunks [chunk-id/nodes]: {1=40, 2=37, 3=40, 4=35, 5=30, 6=31, 7=32, 8=25, 9=30, 10=26, 11=33, 12=29, 13=29, 14=33, 15=30, 17=33, 16=33, 19=29, 18=30, 21=39, 20=30, 23=30, 22=31, 25=34, 24=28, 27=34, 26=27, 29=36, 28=26, 31=36, 30=37, 34=33, 35=32, 32=30, 33=33, 38=30, 39=30, 36=27, 37=33, 42=30, 43=39, 40=33, 41=27, 46=34, 47=35, 44=33, 45=36, 51=31, 50=34, 49=34, 48=32, 55=33, 54=34, 53=33, 52=32, 59=34, 58=29, 57=28, 56=35, 63=33, 62=30, 61=33, 60=37, 68=33, 69=36, 70=33, 71=34, 64=35, 65=28, 66=32, 67=31, 76=35, 77=35, 78=29, 79=32, 72=36, 73=30, 74=34, 75=34, 85=32, 84=35, 87=39, 86=38, 81=32, 80=36, 83=37, 82=32, 93=31, 92=29, 95=29, 94=39, 89=34, 88=26, 91=29, 90=35, 98=33, 99=33, 96=31, 97=35}
Avg distance between not played chunks: 4.239113972197657
Min distance between not played chunks: 1.0
Max distance between not played chunks: 63.0

HELPING PEERS LOG

[HELPING] Active nodes: 0
[HELPING] Started playbacks: 0
[HELPING] Not started playbacks node-ids: []
[HELPING] Playbacks time-window: -9223372036854775807
[HELPING] Missing chunks distribution [missed-chunks/nodes]: {}
[HELPING] Rejected chunks for ttl expiration [chunk-id/nodes]: 0 {}
[HELPING] Rejected chunks for capacity limit [chunk-id/nodes]: 0 {}
[HELPING] bandwidthUtilUp: NaN
[HELPING] bandwidthUtilDown: NaN
[HELPING] Avg # of unsent chunk for max-retries: NaN
[HELPING] Min # of unsent chunk for max-retries: Infinity
[HELPING] Max # of unsent chunk for max-retries: -Infinity
[HELPING] Avg # of unsent chunk-reqs for max-retries: NaN
[HELPING] Min # of unsent chunk-reqs for max-retries: Infinity
[HELPING] Max # of unsent chunk-reqs for max-retries: -Infinity
[HELPING] Avg % of chunks received by Pastry: NaN
[HELPING] Min % of chunks received by Pastry: Infinity
[HELPING] Max % of chunks received by Pastry: -Infinity
[HELPING] StD of chunks received by Pastry: 0.0
[HELPING] Var of chunks received by Pastry: 0.0
[HELPING] Avg % of chunks received by StarStream: NaN
[HELPING] Min % of chunks received by StarStream: Infinity
[HELPING] Max % of chunks received by StarStream: -Infinity
[HELPING] StD of chunks received by StarStream: 0.0
[HELPING] Var of chunks received by StarStream: 0.0
[HELPING] Latency: NaN
[HELPING] Min of perceived avg chunk delivery-time: Infinity
[HELPING] Max of perceived avg chunk delivery-time: -Infinity
[HELPING] Variance of perceived avg chunk delivery-time: 0.0
[HELPING] StD of perceived avg chunk delivery-time: 0.0
[HELPING] Avg messages sent per node: NaN
[HELPING] Min messages sent per node: Infinity
[HELPING] Max messages sent per node: -Infinity
[HELPING] Variance of messages sent per node: 0.0
[HELPING] StD of messages sent per node: 0.0
[HELPING] Nodes with incomplete playbacks: 0
[HELPING] Packet Loss: NaN
[HELPING] Min % of not played chunks: Infinity
[HELPING] Max % of not played chunks: -Infinity
[HELPING] Not played chunks [chunk-id/nodes]: {}
[HELPING] Avg distance between not played chunks: NaN
[HELPING] Min distance between not played chunks: Infinity
[HELPING] Max distance between not played chunks: -Infinity

