Total chunks: 100
Nodes x chunk: 13
Total nodes: 90
Active nodes: 90
Started playbacks: 90
Not started playbacks node-ids: []
Playbacks time-window: 306
Missing chunks distribution [missed-chunks/nodes]: {0=85, 1=2, 4=2, 6=1}
Rejected chunks for ttl expiration [chunk-id/nodes]: 6 {0=11, 1=1, 2=3, 3=1, 4=1, 5=1}
Rejected chunks for capacity limit [chunk-id/nodes]: 0 {}
bandwidthUtilUp: 0.012295853021644942
bandwidthUtilDown: 0.007796584937212482
Avg # of unsent chunk for max-retries: 0.0
Min # of unsent chunk for max-retries: 0.0
Max # of unsent chunk for max-retries: 0.0
Avg # of unsent chunk-reqs for max-retries: 0.0
Min # of unsent chunk-reqs for max-retries: 0.0
Max # of unsent chunk-reqs for max-retries: 0.0
Avg % of chunks received by Pastry: 8.4
Min % of chunks received by Pastry: 0.0
Max % of chunks received by Pastry: 18.0
StD of chunks received by Pastry: 3.5908748269010875
Var of chunks received by Pastry: 12.894382022471914
Avg % of chunks received by StarStream: 90.68888888888888
Min % of chunks received by StarStream: 81.0
Max % of chunks received by StarStream: 100.0
StD of chunks received by StarStream: 3.6555159012608662
Var of chunks received by StarStream: 13.362796504371044
[NONMOJO] Startup Delay: 125.74444444444444
[MOJO] Startup Delay: 57.9
[MOJO] Latency: 8.460363483241585
Min of perceived avg chunk delivery-time: 6.26
Max of perceived avg chunk delivery-time: 11.489583333333334
Variance of perceived avg chunk delivery-time: 0.6752510926613242
StD of perceived avg chunk delivery-time: 0.8217366321768333
Avg messages sent per node: 3977.288888888889
Min messages sent per node: 1827.0
Max messages sent per node: 7992.0
Variance of messages sent per node: 2128888.432459425
StD of messages sent per node: 1459.0710854716522
Nodes with incomplete playbacks: 64
[MOJO] Continuity Index: 59.96666666666667
[MOJO] Packet Loss: 40.03333333333333
Min % of not played chunks: 0.0
Max % of not played chunks: 99.0
Not played chunks [chunk-id/nodes]: {1=46, 2=38, 3=43, 4=41, 5=32, 6=39, 7=35, 8=38, 9=35, 10=34, 11=38, 12=37, 13=34, 14=39, 15=32, 17=36, 16=41, 19=35, 18=33, 21=33, 20=39, 23=40, 22=37, 25=35, 24=30, 27=33, 26=37, 29=31, 28=39, 31=37, 30=39, 34=34, 35=40, 32=37, 33=32, 38=31, 39=34, 36=34, 37=41, 42=37, 43=37, 40=38, 41=39, 46=33, 47=36, 44=36, 45=43, 51=32, 50=39, 49=34, 48=35, 55=35, 54=39, 53=38, 52=37, 59=38, 58=33, 57=41, 56=30, 63=37, 62=31, 61=36, 60=42, 68=36, 69=47, 70=36, 71=37, 64=34, 65=30, 66=35, 67=35, 76=38, 77=36, 78=35, 79=36, 72=43, 73=34, 74=36, 75=35, 85=35, 84=43, 87=35, 86=38, 81=38, 80=35, 83=37, 82=37, 93=35, 92=28, 95=36, 94=34, 89=33, 88=37, 91=39, 90=39, 98=37, 99=39, 96=35, 97=35}
Avg distance between not played chunks: 2.166470333752918
Min distance between not played chunks: 1.0
Max distance between not played chunks: 12.8

HELPING PEERS LOG

[HELPING] Active nodes: 0
[HELPING] Started playbacks: 0
[HELPING] Not started playbacks node-ids: []
[HELPING] Playbacks time-window: -9223372036854775807
[HELPING] Missing chunks distribution [missed-chunks/nodes]: {}
[HELPING] Rejected chunks for ttl expiration [chunk-id/nodes]: 0 {}
[HELPING] Rejected chunks for capacity limit [chunk-id/nodes]: 0 {}
[HELPING] bandwidthUtilUp: NaN
[HELPING] bandwidthUtilDown: NaN
[HELPING] Avg # of unsent chunk for max-retries: NaN
[HELPING] Min # of unsent chunk for max-retries: Infinity
[HELPING] Max # of unsent chunk for max-retries: -Infinity
[HELPING] Avg # of unsent chunk-reqs for max-retries: NaN
[HELPING] Min # of unsent chunk-reqs for max-retries: Infinity
[HELPING] Max # of unsent chunk-reqs for max-retries: -Infinity
[HELPING] Avg % of chunks received by Pastry: NaN
[HELPING] Min % of chunks received by Pastry: Infinity
[HELPING] Max % of chunks received by Pastry: -Infinity
[HELPING] StD of chunks received by Pastry: 0.0
[HELPING] Var of chunks received by Pastry: 0.0
[HELPING] Avg % of chunks received by StarStream: NaN
[HELPING] Min % of chunks received by StarStream: Infinity
[HELPING] Max % of chunks received by StarStream: -Infinity
[HELPING] StD of chunks received by StarStream: 0.0
[HELPING] Var of chunks received by StarStream: 0.0
[HELPING] Latency: NaN
[HELPING] Min of perceived avg chunk delivery-time: Infinity
[HELPING] Max of perceived avg chunk delivery-time: -Infinity
[HELPING] Variance of perceived avg chunk delivery-time: 0.0
[HELPING] StD of perceived avg chunk delivery-time: 0.0
[HELPING] Avg messages sent per node: NaN
[HELPING] Min messages sent per node: Infinity
[HELPING] Max messages sent per node: -Infinity
[HELPING] Variance of messages sent per node: 0.0
[HELPING] StD of messages sent per node: 0.0
[HELPING] Nodes with incomplete playbacks: 0
[HELPING] Packet Loss: NaN
[HELPING] Min % of not played chunks: Infinity
[HELPING] Max % of not played chunks: -Infinity
[HELPING] Not played chunks [chunk-id/nodes]: {}
[HELPING] Avg distance between not played chunks: NaN
[HELPING] Min distance between not played chunks: Infinity
[HELPING] Max distance between not played chunks: -Infinity

