Total chunks: 100
Nodes x chunk: 13
Total nodes: 90
Active nodes: 90
Started playbacks: 90
Not started playbacks node-ids: []
Playbacks time-window: 469
Missing chunks distribution [missed-chunks/nodes]: {0=85, 1=2, 3=2, 8=1}
Rejected chunks for ttl expiration [chunk-id/nodes]: 9 {0=3, 1=1, 2=4, 3=3, 4=1, 5=1, 6=1, 7=1, 8=1}
Rejected chunks for capacity limit [chunk-id/nodes]: 0 {}
bandwidthUtilUp: 0.011458013903614422
bandwidthUtilDown: 0.006858855985278835
Avg # of unsent chunk for max-retries: 0.0
Min # of unsent chunk for max-retries: 0.0
Max # of unsent chunk for max-retries: 0.0
Avg # of unsent chunk-reqs for max-retries: 0.0
Min # of unsent chunk-reqs for max-retries: 0.0
Max # of unsent chunk-reqs for max-retries: 0.0
Avg % of chunks received by Pastry: 10.677777777777777
Min % of chunks received by Pastry: 0.0
Max % of chunks received by Pastry: 20.0
StD of chunks received by Pastry: 4.982729223212936
Var of chunks received by Pastry: 24.82759051186019
Avg % of chunks received by StarStream: 88.42222222222222
Min % of chunks received by StarStream: 79.0
Max % of chunks received by StarStream: 100.0
StD of chunks received by StarStream: 5.15594514004382
Var of chunks received by StarStream: 26.58377028714149
[NONMOJO] Startup Delay: 129.33333333333334
[MOJO] Startup Delay: 57.5
[MOJO] Latency: 9.306799906821935
Min of perceived avg chunk delivery-time: 6.96
Max of perceived avg chunk delivery-time: 13.520408163265307
Variance of perceived avg chunk delivery-time: 1.2125395618213834
StD of perceived avg chunk delivery-time: 1.101153741228437
Avg messages sent per node: 2914.822222222222
Min messages sent per node: 1506.0
Max messages sent per node: 7676.0
Variance of messages sent per node: 1246952.6871410755
StD of messages sent per node: 1116.670357420253
Nodes with incomplete playbacks: 66
[MOJO] Continuity Index: 65.31111111111112
[MOJO] Packet Loss: 34.68888888888889
Min % of not played chunks: 0.0
Max % of not played chunks: 99.0
Not played chunks [chunk-id/nodes]: {1=36, 2=30, 3=31, 4=36, 5=31, 6=31, 7=29, 8=32, 9=29, 10=32, 11=33, 12=27, 13=27, 14=30, 15=32, 17=33, 16=33, 19=28, 18=29, 21=32, 20=29, 23=31, 22=27, 25=25, 24=28, 27=31, 26=31, 29=31, 28=28, 31=32, 30=33, 34=33, 35=32, 32=34, 33=32, 38=34, 39=33, 36=30, 37=28, 42=37, 43=29, 40=33, 41=33, 46=28, 47=26, 44=35, 45=28, 51=26, 50=33, 49=28, 48=34, 55=27, 54=30, 53=32, 52=30, 59=28, 58=30, 57=31, 56=36, 63=37, 62=28, 61=31, 60=29, 68=31, 69=31, 70=31, 71=30, 64=30, 65=37, 66=29, 67=42, 76=31, 77=31, 78=35, 79=34, 72=28, 73=34, 74=32, 75=29, 85=39, 84=31, 87=33, 86=35, 81=31, 80=36, 83=36, 82=37, 93=30, 92=32, 95=36, 94=31, 89=35, 88=27, 91=27, 90=34, 98=35, 99=32, 96=33, 97=35}
Avg distance between not played chunks: 3.1293394488858106
Min distance between not played chunks: 1.0
Max distance between not played chunks: 26.0

HELPING PEERS LOG

[HELPING] Active nodes: 0
[HELPING] Started playbacks: 0
[HELPING] Not started playbacks node-ids: []
[HELPING] Playbacks time-window: -9223372036854775807
[HELPING] Missing chunks distribution [missed-chunks/nodes]: {}
[HELPING] Rejected chunks for ttl expiration [chunk-id/nodes]: 0 {}
[HELPING] Rejected chunks for capacity limit [chunk-id/nodes]: 0 {}
[HELPING] bandwidthUtilUp: NaN
[HELPING] bandwidthUtilDown: NaN
[HELPING] Avg # of unsent chunk for max-retries: NaN
[HELPING] Min # of unsent chunk for max-retries: Infinity
[HELPING] Max # of unsent chunk for max-retries: -Infinity
[HELPING] Avg # of unsent chunk-reqs for max-retries: NaN
[HELPING] Min # of unsent chunk-reqs for max-retries: Infinity
[HELPING] Max # of unsent chunk-reqs for max-retries: -Infinity
[HELPING] Avg % of chunks received by Pastry: NaN
[HELPING] Min % of chunks received by Pastry: Infinity
[HELPING] Max % of chunks received by Pastry: -Infinity
[HELPING] StD of chunks received by Pastry: 0.0
[HELPING] Var of chunks received by Pastry: 0.0
[HELPING] Avg % of chunks received by StarStream: NaN
[HELPING] Min % of chunks received by StarStream: Infinity
[HELPING] Max % of chunks received by StarStream: -Infinity
[HELPING] StD of chunks received by StarStream: 0.0
[HELPING] Var of chunks received by StarStream: 0.0
[HELPING] Latency: NaN
[HELPING] Min of perceived avg chunk delivery-time: Infinity
[HELPING] Max of perceived avg chunk delivery-time: -Infinity
[HELPING] Variance of perceived avg chunk delivery-time: 0.0
[HELPING] StD of perceived avg chunk delivery-time: 0.0
[HELPING] Avg messages sent per node: NaN
[HELPING] Min messages sent per node: Infinity
[HELPING] Max messages sent per node: -Infinity
[HELPING] Variance of messages sent per node: 0.0
[HELPING] StD of messages sent per node: 0.0
[HELPING] Nodes with incomplete playbacks: 0
[HELPING] Packet Loss: NaN
[HELPING] Min % of not played chunks: Infinity
[HELPING] Max % of not played chunks: -Infinity
[HELPING] Not played chunks [chunk-id/nodes]: {}
[HELPING] Avg distance between not played chunks: NaN
[HELPING] Min distance between not played chunks: Infinity
[HELPING] Max distance between not played chunks: -Infinity

