Total chunks: 100
Nodes x chunk: 13
Total nodes: 90
Active nodes: 90
Started playbacks: 90
Not started playbacks node-ids: []
Playbacks time-window: 267
Missing chunks distribution [missed-chunks/nodes]: {0=85, 1=1, 2=1, 3=3}
Rejected chunks for ttl expiration [chunk-id/nodes]: 4 {1=1, 2=5, 3=4, 4=2}
Rejected chunks for capacity limit [chunk-id/nodes]: 0 {}
bandwidthUtilUp: 0.008245144598866435
bandwidthUtilDown: 0.004868797205850204
Avg # of unsent chunk for max-retries: 0.0
Min # of unsent chunk for max-retries: 0.0
Max # of unsent chunk for max-retries: 0.0
Avg # of unsent chunk-reqs for max-retries: 0.0
Min # of unsent chunk-reqs for max-retries: 0.0
Max # of unsent chunk-reqs for max-retries: 0.0
Avg % of chunks received by Pastry: 2.7777777777777777
Min % of chunks received by Pastry: 0.0
Max % of chunks received by Pastry: 9.0
StD of chunks received by Pastry: 2.383358869458022
Var of chunks received by Pastry: 5.680399500624221
Avg % of chunks received by StarStream: 96.3
Min % of chunks received by StarStream: 90.0
Max % of chunks received by StarStream: 100.0
StD of chunks received by StarStream: 2.478899719679237
Var of chunks received by StarStream: 6.144943820225798
[MOJO] Startup Delay: 126.5111111111111
[MOJO] Latency: 6.393105709768571
Min of perceived avg chunk delivery-time: 5.19
Max of perceived avg chunk delivery-time: 8.04040404040404
Variance of perceived avg chunk delivery-time: 0.357274672827141
StD of perceived avg chunk delivery-time: 0.5977245794068878
Avg messages sent per node: 18243.088888888888
Min messages sent per node: 13265.0
Max messages sent per node: 23357.0
Variance of messages sent per node: 3440375.003246009
StD of messages sent per node: 1854.8247904441025
Nodes with incomplete playbacks: 53
[MOJO] Packet Loss: 33.0
Min % of not played chunks: 0.0
Max % of not played chunks: 99.0
Not played chunks [chunk-id/nodes]: {1=32, 2=38, 3=37, 4=31, 5=33, 6=29, 7=33, 8=30, 9=31, 10=26, 11=28, 12=32, 13=28, 14=27, 15=28, 17=35, 16=30, 19=28, 18=33, 21=25, 20=31, 23=30, 22=28, 25=33, 24=28, 27=30, 26=25, 29=33, 28=27, 31=33, 30=27, 34=27, 35=29, 32=31, 33=33, 38=30, 39=27, 36=31, 37=34, 42=29, 43=28, 40=26, 41=29, 46=32, 47=29, 44=25, 45=31, 51=35, 50=27, 49=27, 48=26, 55=26, 54=31, 53=32, 52=27, 59=30, 58=31, 57=33, 56=30, 63=33, 62=32, 61=26, 60=32, 68=31, 69=28, 70=27, 71=33, 64=36, 65=33, 66=30, 67=34, 76=28, 77=26, 78=29, 79=30, 72=34, 73=27, 74=31, 75=29, 85=29, 84=32, 87=27, 86=24, 81=27, 80=30, 83=28, 82=30, 93=34, 92=26, 95=30, 94=33, 89=35, 88=32, 91=26, 90=31, 98=29, 99=29, 96=31, 97=33}
Avg distance between not played chunks: 2.810211818298656
Min distance between not played chunks: 1.0
Max distance between not played chunks: 31.666666666666668

