Total chunks: 100
Nodes x chunk: 13
Total nodes: 90
Active nodes: 90
Started playbacks: 90
Not started playbacks node-ids: []
Playbacks time-window: 221
Missing chunks distribution [missed-chunks/nodes]: {0=87, 1=2, 3=1}
Rejected chunks for ttl expiration [chunk-id/nodes]: 3 {0=5, 2=3, 3=1}
Rejected chunks for capacity limit [chunk-id/nodes]: 0 {}
bandwidthUtilUp: 0.013685759118589715
bandwidthUtilDown: 0.008594768122274126
Avg # of unsent chunk for max-retries: 0.0
Min # of unsent chunk for max-retries: 0.0
Max # of unsent chunk for max-retries: 0.0
Avg # of unsent chunk-reqs for max-retries: 0.0
Min # of unsent chunk-reqs for max-retries: 0.0
Max # of unsent chunk-reqs for max-retries: 0.0
Avg % of chunks received by Pastry: 6.6
Min % of chunks received by Pastry: 0.0
Max % of chunks received by Pastry: 23.0
StD of chunks received by Pastry: 3.773949738564822
Var of chunks received by Pastry: 14.242696629213489
Avg % of chunks received by StarStream: 92.44444444444444
Min % of chunks received by StarStream: 76.0
Max % of chunks received by StarStream: 100.0
StD of chunks received by StarStream: 3.8485692981868738
Var of chunks received by StarStream: 14.811485642946607
[NONMOJO] Startup Delay: 122.32222222222222
[MOJO] Startup Delay: 82.3
[MOJO] Latency: 7.76871957081628
Min of perceived avg chunk delivery-time: 6.85
Max of perceived avg chunk delivery-time: 9.78
Variance of perceived avg chunk delivery-time: 0.3521056886844105
StD of perceived avg chunk delivery-time: 0.5933849414034792
Avg messages sent per node: 5833.011111111111
Min messages sent per node: 2148.0
Max messages sent per node: 10090.0
Variance of messages sent per node: 3315675.1347066145
StD of messages sent per node: 1820.8995399819878
Nodes with incomplete playbacks: 60
[MOJO] Continuity Index: 65.81111111111112
[MOJO] Packet Loss: 34.18888888888889
Min % of not played chunks: 0.0
Max % of not played chunks: 99.0
Not played chunks [chunk-id/nodes]: {1=41, 2=33, 3=34, 4=35, 5=31, 6=27, 7=28, 8=27, 9=28, 10=33, 11=29, 12=32, 13=31, 14=22, 15=32, 17=25, 16=30, 19=33, 18=29, 21=27, 20=28, 23=32, 22=28, 25=27, 24=29, 27=32, 26=36, 29=33, 28=26, 31=30, 30=32, 34=34, 35=30, 32=31, 33=37, 38=33, 39=34, 36=28, 37=35, 42=34, 43=33, 40=28, 41=33, 46=31, 47=29, 44=30, 45=30, 51=30, 50=30, 49=30, 48=36, 55=34, 54=32, 53=26, 52=33, 59=35, 58=34, 57=27, 56=32, 63=33, 62=36, 61=30, 60=36, 68=28, 69=34, 70=29, 71=27, 64=31, 65=32, 66=33, 67=32, 76=23, 77=27, 78=34, 79=28, 72=32, 73=34, 74=29, 75=31, 85=25, 84=30, 87=31, 86=36, 81=29, 80=33, 83=32, 82=30, 93=28, 92=28, 95=28, 94=30, 89=33, 88=35, 91=35, 90=39, 98=30, 99=33, 96=32, 97=32}
Avg distance between not played chunks: 3.1735272506086805
Min distance between not played chunks: 1.0
Max distance between not played chunks: 33.0

HELPING PEERS LOG

[HELPING] Active nodes: 0
[HELPING] Started playbacks: 0
[HELPING] Not started playbacks node-ids: []
[HELPING] Playbacks time-window: -9223372036854775807
[HELPING] Missing chunks distribution [missed-chunks/nodes]: {}
[HELPING] Rejected chunks for ttl expiration [chunk-id/nodes]: 0 {}
[HELPING] Rejected chunks for capacity limit [chunk-id/nodes]: 0 {}
[HELPING] bandwidthUtilUp: NaN
[HELPING] bandwidthUtilDown: NaN
[HELPING] Avg # of unsent chunk for max-retries: NaN
[HELPING] Min # of unsent chunk for max-retries: Infinity
[HELPING] Max # of unsent chunk for max-retries: -Infinity
[HELPING] Avg # of unsent chunk-reqs for max-retries: NaN
[HELPING] Min # of unsent chunk-reqs for max-retries: Infinity
[HELPING] Max # of unsent chunk-reqs for max-retries: -Infinity
[HELPING] Avg % of chunks received by Pastry: NaN
[HELPING] Min % of chunks received by Pastry: Infinity
[HELPING] Max % of chunks received by Pastry: -Infinity
[HELPING] StD of chunks received by Pastry: 0.0
[HELPING] Var of chunks received by Pastry: 0.0
[HELPING] Avg % of chunks received by StarStream: NaN
[HELPING] Min % of chunks received by StarStream: Infinity
[HELPING] Max % of chunks received by StarStream: -Infinity
[HELPING] StD of chunks received by StarStream: 0.0
[HELPING] Var of chunks received by StarStream: 0.0
[HELPING] Latency: NaN
[HELPING] Min of perceived avg chunk delivery-time: Infinity
[HELPING] Max of perceived avg chunk delivery-time: -Infinity
[HELPING] Variance of perceived avg chunk delivery-time: 0.0
[HELPING] StD of perceived avg chunk delivery-time: 0.0
[HELPING] Avg messages sent per node: NaN
[HELPING] Min messages sent per node: Infinity
[HELPING] Max messages sent per node: -Infinity
[HELPING] Variance of messages sent per node: 0.0
[HELPING] StD of messages sent per node: 0.0
[HELPING] Nodes with incomplete playbacks: 0
[HELPING] Packet Loss: NaN
[HELPING] Min % of not played chunks: Infinity
[HELPING] Max % of not played chunks: -Infinity
[HELPING] Not played chunks [chunk-id/nodes]: {}
[HELPING] Avg distance between not played chunks: NaN
[HELPING] Min distance between not played chunks: Infinity
[HELPING] Max distance between not played chunks: -Infinity

