Total chunks: 100
Nodes x chunk: 13
Total nodes: 90
Active nodes: 90
Started playbacks: 90
Not started playbacks node-ids: []
Playbacks time-window: 273
Missing chunks distribution [missed-chunks/nodes]: {0=87, 1=1, 4=2}
Rejected chunks for ttl expiration [chunk-id/nodes]: 4 {0=1, 2=2, 3=1, 80=1}
Rejected chunks for capacity limit [chunk-id/nodes]: 0 {}
bandwidthUtilUp: 0.011030149052999665
bandwidthUtilDown: 0.006511180424706608
Avg # of unsent chunk for max-retries: 0.0
Min # of unsent chunk for max-retries: 0.0
Max # of unsent chunk for max-retries: 0.0
Avg # of unsent chunk-reqs for max-retries: 0.0
Min # of unsent chunk-reqs for max-retries: 0.0
Max # of unsent chunk-reqs for max-retries: 0.0
Avg % of chunks received by Pastry: 11.477777777777778
Min % of chunks received by Pastry: 0.0
Max % of chunks received by Pastry: 23.0
StD of chunks received by Pastry: 5.165198534917956
Var of chunks received by Pastry: 26.679275905118605
Avg % of chunks received by StarStream: 87.58888888888889
Min % of chunks received by StarStream: 76.0
Max % of chunks received by StarStream: 100.0
StD of chunks received by StarStream: 5.225035765577174
Var of chunks received by StarStream: 27.300998751560645
[NONMOJO] Startup Delay: 126.96666666666667
[MOJO] Startup Delay: 82.8
[MOJO] Latency: 9.78459291882732
Min of perceived avg chunk delivery-time: 7.67
Max of perceived avg chunk delivery-time: 13.833333333333334
Variance of perceived avg chunk delivery-time: 1.731363924472798
StD of perceived avg chunk delivery-time: 1.3158130279309435
Avg messages sent per node: 2522.633333333333
Min messages sent per node: 1280.0
Max messages sent per node: 3974.0
Variance of messages sent per node: 407740.0550561801
StD of messages sent per node: 638.5452646885576
Nodes with incomplete playbacks: 67
[MOJO] Continuity Index: 61.08888888888889
[MOJO] Packet Loss: 38.91111111111111
Min % of not played chunks: 0.0
Max % of not played chunks: 99.0
Not played chunks [chunk-id/nodes]: {1=44, 2=45, 3=38, 4=38, 5=31, 6=39, 7=31, 8=31, 9=36, 10=36, 11=37, 12=36, 13=32, 14=39, 15=34, 17=31, 16=37, 19=33, 18=36, 21=37, 20=33, 23=28, 22=27, 25=35, 24=34, 27=31, 26=34, 29=36, 28=29, 31=35, 30=37, 34=37, 35=36, 32=32, 33=34, 38=38, 39=35, 36=32, 37=35, 42=34, 43=37, 40=34, 41=34, 46=40, 47=43, 44=39, 45=34, 51=36, 50=32, 49=31, 48=40, 55=35, 54=39, 53=33, 52=33, 59=32, 58=37, 57=34, 56=38, 63=40, 62=36, 61=34, 60=39, 68=35, 69=37, 70=34, 71=33, 64=35, 65=40, 66=38, 67=28, 76=33, 77=38, 78=35, 79=30, 72=32, 73=37, 74=36, 75=36, 85=34, 84=41, 87=35, 86=37, 81=44, 80=34, 83=35, 82=30, 93=35, 92=36, 95=36, 94=39, 89=36, 88=31, 91=38, 90=38, 98=36, 99=36, 96=34, 97=37}
Avg distance between not played chunks: 3.715091611719121
Min distance between not played chunks: 1.0
Max distance between not played chunks: 32.333333333333336

HELPING PEERS LOG

[HELPING] Active nodes: 0
[HELPING] Started playbacks: 0
[HELPING] Not started playbacks node-ids: []
[HELPING] Playbacks time-window: -9223372036854775807
[HELPING] Missing chunks distribution [missed-chunks/nodes]: {}
[HELPING] Rejected chunks for ttl expiration [chunk-id/nodes]: 0 {}
[HELPING] Rejected chunks for capacity limit [chunk-id/nodes]: 0 {}
[HELPING] bandwidthUtilUp: NaN
[HELPING] bandwidthUtilDown: NaN
[HELPING] Avg # of unsent chunk for max-retries: NaN
[HELPING] Min # of unsent chunk for max-retries: Infinity
[HELPING] Max # of unsent chunk for max-retries: -Infinity
[HELPING] Avg # of unsent chunk-reqs for max-retries: NaN
[HELPING] Min # of unsent chunk-reqs for max-retries: Infinity
[HELPING] Max # of unsent chunk-reqs for max-retries: -Infinity
[HELPING] Avg % of chunks received by Pastry: NaN
[HELPING] Min % of chunks received by Pastry: Infinity
[HELPING] Max % of chunks received by Pastry: -Infinity
[HELPING] StD of chunks received by Pastry: 0.0
[HELPING] Var of chunks received by Pastry: 0.0
[HELPING] Avg % of chunks received by StarStream: NaN
[HELPING] Min % of chunks received by StarStream: Infinity
[HELPING] Max % of chunks received by StarStream: -Infinity
[HELPING] StD of chunks received by StarStream: 0.0
[HELPING] Var of chunks received by StarStream: 0.0
[HELPING] Latency: NaN
[HELPING] Min of perceived avg chunk delivery-time: Infinity
[HELPING] Max of perceived avg chunk delivery-time: -Infinity
[HELPING] Variance of perceived avg chunk delivery-time: 0.0
[HELPING] StD of perceived avg chunk delivery-time: 0.0
[HELPING] Avg messages sent per node: NaN
[HELPING] Min messages sent per node: Infinity
[HELPING] Max messages sent per node: -Infinity
[HELPING] Variance of messages sent per node: 0.0
[HELPING] StD of messages sent per node: 0.0
[HELPING] Nodes with incomplete playbacks: 0
[HELPING] Packet Loss: NaN
[HELPING] Min % of not played chunks: Infinity
[HELPING] Max % of not played chunks: -Infinity
[HELPING] Not played chunks [chunk-id/nodes]: {}
[HELPING] Avg distance between not played chunks: NaN
[HELPING] Min distance between not played chunks: Infinity
[HELPING] Max distance between not played chunks: -Infinity

