Total chunks: 100
Nodes x chunk: 13
Total nodes: 90
Active nodes: 90
Started playbacks: 90
Not started playbacks node-ids: []
Playbacks time-window: 264
Missing chunks distribution [missed-chunks/nodes]: {0=88, 2=1, 3=1}
Rejected chunks for ttl expiration [chunk-id/nodes]: 3 {2=2, 3=2, 4=1}
Rejected chunks for capacity limit [chunk-id/nodes]: 0 {}
bandwidthUtilUp: 0.00827744225342997
bandwidthUtilDown: 0.004888204904314875
Avg # of unsent chunk for max-retries: 0.0
Min # of unsent chunk for max-retries: 0.0
Max # of unsent chunk for max-retries: 0.0
Avg # of unsent chunk-reqs for max-retries: 0.0
Min # of unsent chunk-reqs for max-retries: 0.0
Max # of unsent chunk-reqs for max-retries: 0.0
Avg % of chunks received by Pastry: 2.9555555555555557
Min % of chunks received by Pastry: 0.0
Max % of chunks received by Pastry: 11.0
StD of chunks received by Pastry: 2.613324161109028
Var of chunks received by Pastry: 6.8294631710362035
Avg % of chunks received by StarStream: 96.16666666666667
Min % of chunks received by StarStream: 88.0
Max % of chunks received by StarStream: 100.0
StD of chunks received by StarStream: 2.744760074244639
Var of chunks received by StarStream: 7.533707865167436
[MOJO] Startup Delay: 124.07777777777778
[MOJO] Latency: 6.394486542685478
Min of perceived avg chunk delivery-time: 5.29
Max of perceived avg chunk delivery-time: 8.747474747474747
Variance of perceived avg chunk delivery-time: 0.40068509364114824
StD of perceived avg chunk delivery-time: 0.6329969144009694
Avg messages sent per node: 18315.533333333333
Min messages sent per node: 13733.0
Max messages sent per node: 22276.0
Variance of messages sent per node: 3279877.3528090087
StD of messages sent per node: 1811.043167019773
Nodes with incomplete playbacks: 50
[MOJO] Packet Loss: 33.01111111111111
Min % of not played chunks: 0.0
Max % of not played chunks: 99.0
Not played chunks [chunk-id/nodes]: {1=33, 2=33, 3=32, 4=33, 5=28, 6=31, 7=26, 8=28, 9=31, 10=31, 11=33, 12=26, 13=24, 14=30, 15=28, 17=35, 16=30, 19=31, 18=30, 21=32, 20=29, 23=26, 22=31, 25=28, 24=30, 27=33, 26=34, 29=29, 28=30, 31=29, 30=26, 34=32, 35=36, 32=33, 33=32, 38=31, 39=32, 36=30, 37=29, 42=28, 43=28, 40=34, 41=30, 46=31, 47=34, 44=26, 45=29, 51=35, 50=29, 49=30, 48=33, 55=28, 54=28, 53=35, 52=24, 59=30, 58=31, 57=29, 56=33, 63=36, 62=28, 61=29, 60=29, 68=28, 69=28, 70=23, 71=29, 64=33, 65=30, 66=31, 67=30, 76=30, 77=31, 78=20, 79=31, 72=30, 73=32, 74=29, 75=30, 85=33, 84=22, 87=29, 86=28, 81=35, 80=29, 83=31, 82=26, 93=29, 92=31, 95=32, 94=28, 89=31, 88=29, 91=29, 90=32, 98=32, 99=31, 96=29, 97=28}
Avg distance between not played chunks: 3.1109902256216597
Min distance between not played chunks: 1.0
Max distance between not played chunks: 35.5

