Total chunks: 100
Nodes x chunk: 13
Total nodes: 99
Active nodes: 90
Started playbacks: 90
Not started playbacks node-ids: []
Playbacks time-window: 207
Missing chunks distribution [missed-chunks/nodes]: {0=89, 2=1}
Rejected chunks for ttl expiration [chunk-id/nodes]: 1 {2=1}
Rejected chunks for capacity limit [chunk-id/nodes]: 0 {}
bandwidthUtilUp: 0.014370022484956555
bandwidthUtilDown: 0.008558262020827937
Avg # of unsent chunk for max-retries: 0.0
Min # of unsent chunk for max-retries: 0.0
Max # of unsent chunk for max-retries: 0.0
Avg # of unsent chunk-reqs for max-retries: 0.0
Min # of unsent chunk-reqs for max-retries: 0.0
Max # of unsent chunk-reqs for max-retries: 0.0
Avg % of chunks received by Pastry: 5.555555555555555
Min % of chunks received by Pastry: 0.0
Max % of chunks received by Pastry: 13.0
StD of chunks received by Pastry: 2.9721974283446717
Var of chunks received by Pastry: 8.83395755305868
Avg % of chunks received by StarStream: 93.47777777777777
Min % of chunks received by StarStream: 86.0
Max % of chunks received by StarStream: 100.0
StD of chunks received by StarStream: 3.0399134293476804
Var of chunks received by StarStream: 9.241073657928375
[NONMOJO] Startup Delay: 134.11111111111111
[MOJO] Startup Delay: 78.4
[MOJO] Latency: 7.771389737900784
Min of perceived avg chunk delivery-time: 6.5
Max of perceived avg chunk delivery-time: 10.316326530612244
Variance of perceived avg chunk delivery-time: 0.45113125881707444
StD of perceived avg chunk delivery-time: 0.671663054527398
Avg messages sent per node: 6889.077777777778
Min messages sent per node: 3748.0
Max messages sent per node: 10584.0
Variance of messages sent per node: 2488656.4770287178
StD of messages sent per node: 1577.5476148214093
Nodes with incomplete playbacks: 64
[MOJO] Continuity Index: 58.2
[MOJO] Packet Loss: 41.8
Min % of not played chunks: 0.0
Max % of not played chunks: 99.0
Not played chunks [chunk-id/nodes]: {1=37, 2=42, 3=41, 4=39, 5=35, 6=44, 7=31, 8=36, 9=40, 10=42, 11=35, 12=39, 13=40, 14=41, 15=42, 17=39, 16=37, 19=33, 18=34, 21=33, 20=45, 23=35, 22=37, 25=37, 24=29, 27=33, 26=42, 29=36, 28=36, 31=35, 30=38, 34=41, 35=34, 32=35, 33=38, 38=43, 39=28, 36=38, 37=40, 42=38, 43=34, 40=43, 41=37, 46=41, 47=39, 44=35, 45=36, 51=35, 50=37, 49=37, 48=33, 55=34, 54=37, 53=36, 52=39, 59=42, 58=35, 57=40, 56=32, 63=33, 62=40, 61=33, 60=38, 68=40, 69=44, 70=39, 71=36, 64=39, 65=32, 66=38, 67=43, 76=38, 77=34, 78=34, 79=39, 72=43, 73=38, 74=37, 75=42, 85=39, 84=41, 87=34, 86=43, 81=39, 80=40, 83=44, 82=45, 93=40, 92=39, 95=39, 94=34, 89=36, 88=45, 91=40, 90=44, 98=37, 99=41, 96=44, 97=38}
Avg distance between not played chunks: 2.0120536526772392
Min distance between not played chunks: 1.0
Max distance between not played chunks: 8.8

HELPING PEERS LOG

[HELPING] Active nodes: 9
[HELPING] Started playbacks: 9
[HELPING] Not started playbacks node-ids: []
[HELPING] Playbacks time-window: 164
[HELPING] Missing chunks distribution [missed-chunks/nodes]: {0=9}
[HELPING] Rejected chunks for ttl expiration [chunk-id/nodes]: 0 {}
[HELPING] Rejected chunks for capacity limit [chunk-id/nodes]: 0 {}
[HELPING] bandwidthUtilUp: 0.014186485525120458
[HELPING] bandwidthUtilDown: 0.008682064673058727
[HELPING] Avg # of unsent chunk for max-retries: 0.0
[HELPING] Min # of unsent chunk for max-retries: 0.0
[HELPING] Max # of unsent chunk for max-retries: 0.0
[HELPING] Avg # of unsent chunk-reqs for max-retries: 0.0
[HELPING] Min # of unsent chunk-reqs for max-retries: 0.0
[HELPING] Max # of unsent chunk-reqs for max-retries: 0.0
[HELPING] Avg % of chunks received by Pastry: 3.5555555555555554
[HELPING] Min % of chunks received by Pastry: 1.0
[HELPING] Max % of chunks received by Pastry: 9.0
[HELPING] StD of chunks received by Pastry: 2.7436796055257213
[HELPING] Var of chunks received by Pastry: 7.527777777777777
[HELPING] Avg % of chunks received by StarStream: 95.55555555555556
[HELPING] Min % of chunks received by StarStream: 90.0
[HELPING] Max % of chunks received by StarStream: 98.0
[HELPING] StD of chunks received by StarStream: 2.8333333333334223
[HELPING] Var of chunks received by StarStream: 8.027777777778283
[HELPING] Startup Delay: 171.66666666666666
[HELPING] Latency: 8.164807256235829
[HELPING] Min of perceived avg chunk delivery-time: 7.49
[HELPING] Max of perceived avg chunk delivery-time: 9.693877551020408
[HELPING] Variance of perceived avg chunk delivery-time: 0.4665366421398449
[HELPING] StD of perceived avg chunk delivery-time: 0.6830348762251053
[HELPING] Avg messages sent per node: 6553.222222222223
[HELPING] Min messages sent per node: 4511.0
[HELPING] Max messages sent per node: 8989.0
[HELPING] Variance of messages sent per node: 2826971.1944444384
[HELPING] StD of messages sent per node: 1681.3599241222678
[HELPING] Nodes with incomplete playbacks: 5
[HELPING] Packet Loss: 6.222222222222222
[HELPING] Min % of not played chunks: 0.0
[HELPING] Max % of not played chunks: 46.0
[HELPING] Not played chunks [chunk-id/nodes]: {1=3, 2=1, 3=2, 6=1, 7=1, 8=1, 12=1, 14=1, 15=2, 17=1, 21=1, 20=1, 25=1, 27=1, 31=1, 30=1, 34=1, 38=1, 42=1, 47=1, 44=1, 45=1, 49=1, 53=1, 59=1, 57=1, 63=1, 62=1, 61=1, 68=1, 71=1, 64=1, 65=1, 66=1, 67=1, 77=1, 78=1, 79=1, 72=1, 84=1, 87=1, 86=1, 81=1, 80=1, 93=1, 92=1, 89=2, 88=1, 90=1, 96=1, 97=1}
[HELPING] Avg distance between not played chunks: 8.294444444444444
[HELPING] Min distance between not played chunks: 2.088888888888889
[HELPING] Max distance between not played chunks: 14.5

