Total chunks: 100
Nodes x chunk: 13
Total nodes: 180
Active nodes: 90
Started playbacks: 90
Not started playbacks node-ids: []
Playbacks time-window: 265
Missing chunks distribution [missed-chunks/nodes]: {0=90}
Rejected chunks for ttl expiration [chunk-id/nodes]: 0 {}
Rejected chunks for capacity limit [chunk-id/nodes]: 0 {}
bandwidthUtilUp: 0.01462430894812829
bandwidthUtilDown: 0.008661792566023454
Avg # of unsent chunk for max-retries: 0.011111111111111112
Min # of unsent chunk for max-retries: 0.0
Max # of unsent chunk for max-retries: 1.0
Avg # of unsent chunk-reqs for max-retries: 0.0
Min # of unsent chunk-reqs for max-retries: 0.0
Max # of unsent chunk-reqs for max-retries: 0.0
Avg % of chunks received by Pastry: 6.655555555555556
Min % of chunks received by Pastry: 0.0
Max % of chunks received by Pastry: 19.0
StD of chunks received by Pastry: 3.123528367595055
Var of chunks received by Pastry: 9.75642946317103
Avg % of chunks received by StarStream: 92.35555555555555
Min % of chunks received by StarStream: 80.0
Max % of chunks received by StarStream: 100.0
StD of chunks received by StarStream: 3.1491433153279242
Var of chunks received by StarStream: 9.91710362047455
[MOJO] Startup Delay: 127.2
[MOJO] Latency: 21.66646837765409
Min of perceived avg chunk delivery-time: 8.51
Max of perceived avg chunk delivery-time: 264.0
Variance of perceived avg chunk delivery-time: 1928.565753301452
StD of perceived avg chunk delivery-time: 43.91543866684531
Avg messages sent per node: 6736.211111111111
Min messages sent per node: 4050.0
Max messages sent per node: 10088.0
Variance of messages sent per node: 2276341.9436953813
StD of messages sent per node: 1508.7550973220873
Nodes with incomplete playbacks: 87
[MOJO] Continuity Index: 47.53333333333333
[MOJO] Packet Loss: 52.46666666666667
Min % of not played chunks: 0.0
Max % of not played chunks: 99.0
Not played chunks [chunk-id/nodes]: {1=43, 2=47, 3=50, 4=44, 5=40, 6=49, 7=53, 8=51, 9=41, 10=50, 11=48, 12=52, 13=45, 14=41, 15=45, 17=44, 16=48, 19=46, 18=48, 21=46, 20=49, 23=54, 22=49, 25=48, 24=52, 27=52, 26=45, 29=45, 28=50, 31=49, 30=48, 34=50, 35=54, 32=52, 33=36, 38=40, 39=43, 36=50, 37=47, 42=50, 43=47, 40=52, 41=44, 46=48, 47=44, 44=50, 45=50, 51=51, 50=55, 49=45, 48=41, 55=54, 54=50, 53=44, 52=55, 59=48, 58=41, 57=53, 56=44, 63=53, 62=51, 61=58, 60=47, 68=50, 69=46, 70=46, 71=54, 64=60, 65=42, 66=40, 67=45, 76=48, 77=52, 78=43, 79=47, 72=43, 73=52, 74=46, 75=47, 85=43, 84=51, 87=44, 86=46, 81=53, 80=54, 83=53, 82=44, 93=60, 92=43, 95=44, 94=45, 89=43, 88=49, 91=36, 90=46, 98=42, 99=45, 96=50, 97=51}
Avg distance between not played chunks: 3.0795090035547097
Min distance between not played chunks: 1.0
Max distance between not played chunks: 22.0

HELPING PEERS LOG

[HELPING] Active nodes: 90
[HELPING] Started playbacks: 90
[HELPING] Not started playbacks node-ids: []
[HELPING] Playbacks time-window: 158
[HELPING] Missing chunks distribution [missed-chunks/nodes]: {0=90}
[HELPING] Rejected chunks for ttl expiration [chunk-id/nodes]: 0 {}
[HELPING] Rejected chunks for capacity limit [chunk-id/nodes]: 0 {}
[HELPING] bandwidthUtilUp: 0.014881032355883905
[HELPING] bandwidthUtilDown: 0.009029509942882616
[HELPING] Avg # of unsent chunk for max-retries: 0.0
[HELPING] Min # of unsent chunk for max-retries: 0.0
[HELPING] Max # of unsent chunk for max-retries: 0.0
[HELPING] Avg # of unsent chunk-reqs for max-retries: 0.0
[HELPING] Min # of unsent chunk-reqs for max-retries: 0.0
[HELPING] Max # of unsent chunk-reqs for max-retries: 0.0
[HELPING] Avg % of chunks received by Pastry: 5.177777777777778
[HELPING] Min % of chunks received by Pastry: 0.0
[HELPING] Max % of chunks received by Pastry: 13.0
[HELPING] StD of chunks received by Pastry: 2.8227716786985133
[HELPING] Var of chunks received by Pastry: 7.968039950062422
[HELPING] Avg % of chunks received by StarStream: 93.85555555555555
[HELPING] Min % of chunks received by StarStream: 86.0
[HELPING] Max % of chunks received by StarStream: 100.0
[HELPING] StD of chunks received by StarStream: 2.8895826498195563
[HELPING] Var of chunks received by StarStream: 8.349687890138208
[HELPING] Startup Delay: 288.9111111111111
[HELPING] Latency: 9.964519114042925
[HELPING] Min of perceived avg chunk delivery-time: 8.57
[HELPING] Max of perceived avg chunk delivery-time: 11.775510204081632
[HELPING] Variance of perceived avg chunk delivery-time: 0.4200229375639341
[HELPING] StD of perceived avg chunk delivery-time: 0.6480917663139488
[HELPING] Avg messages sent per node: 7300.966666666666
[HELPING] Min messages sent per node: 4528.0
[HELPING] Max messages sent per node: 10599.0
[HELPING] Variance of messages sent per node: 2081507.6505618016
[HELPING] StD of messages sent per node: 1442.743099294466
[HELPING] Nodes with incomplete playbacks: 84
[HELPING] Packet Loss: 44.455555555555556
[HELPING] Min % of not played chunks: 0.0
[HELPING] Max % of not played chunks: 99.0
[HELPING] Not played chunks [chunk-id/nodes]: {1=41, 2=43, 3=46, 4=38, 5=38, 6=42, 7=37, 8=44, 9=39, 10=49, 11=40, 12=39, 13=39, 14=36, 15=38, 17=32, 16=37, 19=34, 18=40, 21=46, 20=37, 23=39, 22=39, 25=36, 24=47, 27=40, 26=41, 29=41, 28=43, 31=40, 30=42, 34=39, 35=40, 32=44, 33=38, 38=40, 39=33, 36=38, 37=51, 42=45, 43=43, 40=40, 41=32, 46=42, 47=43, 44=39, 45=40, 51=35, 50=42, 49=39, 48=45, 55=40, 54=38, 53=37, 52=46, 59=41, 58=38, 57=39, 56=41, 63=44, 62=37, 61=38, 60=41, 68=43, 69=38, 70=43, 71=41, 64=38, 65=39, 66=44, 67=40, 76=39, 77=44, 78=39, 79=39, 72=36, 73=47, 74=43, 75=39, 85=38, 84=40, 87=42, 86=38, 81=46, 80=43, 83=38, 82=42, 93=49, 92=37, 95=45, 94=47, 89=37, 88=36, 91=35, 90=36, 98=42, 99=43, 96=43, 97=41}
[HELPING] Avg distance between not played chunks: 3.4404972800115114
[HELPING] Min distance between not played chunks: 1.0
[HELPING] Max distance between not played chunks: 15.75

