Total chunks: 100
Nodes x chunk: 13
Total nodes: 108
Active nodes: 90
Started playbacks: 90
Not started playbacks node-ids: []
Playbacks time-window: 314
Missing chunks distribution [missed-chunks/nodes]: {0=87, 1=1, 2=1, 4=1}
Rejected chunks for ttl expiration [chunk-id/nodes]: 4 {2=3, 3=2, 4=1, 5=1}
Rejected chunks for capacity limit [chunk-id/nodes]: 0 {}
bandwidthUtilUp: 0.008303588897782243
bandwidthUtilDown: 0.004925285599941741
Avg # of unsent chunk for max-retries: 0.0
Min # of unsent chunk for max-retries: 0.0
Max # of unsent chunk for max-retries: 0.0
Avg # of unsent chunk-reqs for max-retries: 0.0
Min # of unsent chunk-reqs for max-retries: 0.0
Max # of unsent chunk-reqs for max-retries: 0.0
Avg % of chunks received by Pastry: 3.088888888888889
Min % of chunks received by Pastry: 0.0
Max % of chunks received by Pastry: 15.0
StD of chunks received by Pastry: 2.8860160497129947
Var of chunks received by Pastry: 8.329088639201
Avg % of chunks received by StarStream: 95.96666666666667
Min % of chunks received by StarStream: 84.0
Max % of chunks received by StarStream: 100.0
StD of chunks received by StarStream: 2.9545242397290177
Var of chunks received by StarStream: 8.72921348314633
[MOJO] Startup Delay: 151.2111111111111
[MOJO] Latency: 6.763146840536263
Min of perceived avg chunk delivery-time: 5.74
Max of perceived avg chunk delivery-time: 8.063829787234043
Variance of perceived avg chunk delivery-time: 0.26180777238769937
StD of perceived avg chunk delivery-time: 0.5116715473696963
Avg messages sent per node: 18378.17777777778
Min messages sent per node: 15188.0
Max messages sent per node: 22396.0
Variance of messages sent per node: 3025782.821972464
StD of messages sent per node: 1739.4777440290704
Nodes with incomplete playbacks: 70
[MOJO] Packet Loss: 43.53333333333333
Min % of not played chunks: 0.0
Max % of not played chunks: 99.0
Not played chunks [chunk-id/nodes]: {1=42, 2=40, 3=44, 4=46, 5=33, 6=36, 7=45, 8=44, 9=43, 10=41, 11=38, 12=36, 13=43, 14=36, 15=37, 17=36, 16=43, 19=32, 18=42, 21=39, 20=41, 23=33, 22=38, 25=36, 24=31, 27=38, 26=44, 29=43, 28=44, 31=39, 30=40, 34=44, 35=42, 32=43, 33=41, 38=43, 39=35, 36=41, 37=45, 42=36, 43=42, 40=34, 41=40, 46=40, 47=41, 44=43, 45=37, 51=38, 50=38, 49=36, 48=35, 55=40, 54=38, 53=36, 52=38, 59=37, 58=39, 57=31, 56=38, 63=38, 62=36, 61=35, 60=37, 68=43, 69=44, 70=41, 71=46, 64=40, 65=42, 66=38, 67=42, 76=42, 77=34, 78=41, 79=42, 72=38, 73=44, 74=33, 75=44, 85=41, 84=43, 87=32, 86=41, 81=48, 80=41, 83=39, 82=40, 93=40, 92=42, 95=32, 94=46, 89=38, 88=44, 91=46, 90=32, 98=41, 99=41, 96=36, 97=41}
Avg distance between not played chunks: 2.192442525671751
Min distance between not played chunks: 1.0
Max distance between not played chunks: 11.875

