Total chunks: 100
Nodes x chunk: 13
Total nodes: 135
Active nodes: 90
Started playbacks: 90
Not started playbacks node-ids: []
Playbacks time-window: 216
Missing chunks distribution [missed-chunks/nodes]: {0=90}
Rejected chunks for ttl expiration [chunk-id/nodes]: 0 {}
Rejected chunks for capacity limit [chunk-id/nodes]: 0 {}
bandwidthUtilUp: 0.00850643802501469
bandwidthUtilDown: 0.005071434184675783
Avg # of unsent chunk for max-retries: 0.0
Min # of unsent chunk for max-retries: 0.0
Max # of unsent chunk for max-retries: 0.0
Avg # of unsent chunk-reqs for max-retries: 0.0
Min # of unsent chunk-reqs for max-retries: 0.0
Max # of unsent chunk-reqs for max-retries: 0.0
Avg % of chunks received by Pastry: 3.433333333333333
Min % of chunks received by Pastry: 0.0
Max % of chunks received by Pastry: 10.0
StD of chunks received by Pastry: 2.760271929284415
Var of chunks received by Pastry: 7.619101123595508
Avg % of chunks received by StarStream: 95.6
Min % of chunks received by StarStream: 89.0
Max % of chunks received by StarStream: 100.0
StD of chunks received by StarStream: 2.8036893831707714
Var of chunks received by StarStream: 7.8606741573045
[MOJO] Startup Delay: 195.98888888888888
[MOJO] Latency: 7.36426379440665
Min of perceived avg chunk delivery-time: 6.39
Max of perceived avg chunk delivery-time: 9.438775510204081
Variance of perceived avg chunk delivery-time: 0.2563520545338429
StD of perceived avg chunk delivery-time: 0.5063122105320421
Avg messages sent per node: 18817.944444444445
Min messages sent per node: 15273.0
Max messages sent per node: 23183.0
Variance of messages sent per node: 3139686.142946274
StD of messages sent per node: 1771.9159525627265
Nodes with incomplete playbacks: 83
[MOJO] Packet Loss: 46.522222222222226
Min % of not played chunks: 0.0
Max % of not played chunks: 99.0
Not played chunks [chunk-id/nodes]: {1=38, 2=46, 3=44, 4=42, 5=42, 6=51, 7=36, 8=36, 9=46, 10=40, 11=44, 12=45, 13=46, 14=41, 15=38, 17=40, 16=48, 19=43, 18=47, 21=33, 20=41, 23=41, 22=37, 25=41, 24=42, 27=47, 26=40, 29=37, 28=40, 31=51, 30=46, 34=37, 35=41, 32=44, 33=39, 38=40, 39=45, 36=37, 37=44, 42=43, 43=39, 40=47, 41=37, 46=38, 47=32, 44=47, 45=41, 51=48, 50=41, 49=47, 48=44, 55=43, 54=43, 53=40, 52=45, 59=39, 58=45, 57=37, 56=39, 63=39, 62=44, 61=45, 60=42, 68=44, 69=41, 70=40, 71=48, 64=44, 65=49, 66=38, 67=42, 76=44, 77=41, 78=42, 79=46, 72=50, 73=40, 74=37, 75=46, 85=42, 84=40, 87=38, 86=41, 81=39, 80=43, 83=39, 82=35, 93=42, 92=45, 95=42, 94=44, 89=45, 88=47, 91=48, 90=52, 98=39, 99=45, 96=47, 97=41}
Avg distance between not played chunks: 3.0888242447240346
Min distance between not played chunks: 1.0
Max distance between not played chunks: 12.857142857142858

