Total chunks: 100
Nodes x chunk: 13
Total nodes: 144
Active nodes: 90
Started playbacks: 90
Not started playbacks node-ids: []
Playbacks time-window: 264
Missing chunks distribution [missed-chunks/nodes]: {0=89, 3=1}
Rejected chunks for ttl expiration [chunk-id/nodes]: 1 {0=2}
Rejected chunks for capacity limit [chunk-id/nodes]: 0 {}
bandwidthUtilUp: 0.01463303866478454
bandwidthUtilDown: 0.008808278969595006
Avg # of unsent chunk for max-retries: 0.0
Min # of unsent chunk for max-retries: 0.0
Max # of unsent chunk for max-retries: 0.0
Avg # of unsent chunk-reqs for max-retries: 0.0
Min # of unsent chunk-reqs for max-retries: 0.0
Max # of unsent chunk-reqs for max-retries: 0.0
Avg % of chunks received by Pastry: 6.311111111111111
Min % of chunks received by Pastry: 0.0
Max % of chunks received by Pastry: 14.0
StD of chunks received by Pastry: 3.390815236052195
Var of chunks received by Pastry: 11.497627965043703
Avg % of chunks received by StarStream: 92.72222222222223
Min % of chunks received by StarStream: 85.0
Max % of chunks received by StarStream: 100.0
StD of chunks received by StarStream: 3.457698714390854
Var of chunks received by StarStream: 11.955680399500165
[NONMOJO] Startup Delay: 216.87777777777777
[MOJO] Startup Delay: 70.4
[MOJO] Latency: 9.127201107788734
Min of perceived avg chunk delivery-time: 6.71
Max of perceived avg chunk delivery-time: 13.721649484536082
Variance of perceived avg chunk delivery-time: 1.0712793001834207
StD of perceived avg chunk delivery-time: 1.035026231640252
Avg messages sent per node: 6987.388888888889
Min messages sent per node: 4058.0
Max messages sent per node: 10466.0
Variance of messages sent per node: 2421566.8920099963
StD of messages sent per node: 1556.1384552828185
Nodes with incomplete playbacks: 86
[MOJO] Continuity Index: 53.81111111111111
[MOJO] Packet Loss: 46.18888888888889
Min % of not played chunks: 0.0
Max % of not played chunks: 99.0
Not played chunks [chunk-id/nodes]: {1=41, 2=45, 3=47, 4=39, 5=31, 6=43, 7=51, 8=40, 9=41, 10=45, 11=42, 12=33, 13=38, 14=44, 15=42, 17=50, 16=41, 19=34, 18=42, 21=39, 20=44, 23=33, 22=33, 25=37, 24=40, 27=47, 26=47, 29=42, 28=41, 31=42, 30=40, 34=45, 35=41, 32=39, 33=43, 38=42, 39=44, 36=32, 37=41, 42=43, 43=44, 40=43, 41=38, 46=41, 47=36, 44=44, 45=36, 51=39, 50=36, 49=39, 48=39, 55=40, 54=39, 53=42, 52=52, 59=38, 58=49, 57=40, 56=43, 63=47, 62=44, 61=42, 60=46, 68=39, 69=42, 70=40, 71=45, 64=53, 65=48, 66=40, 67=41, 76=49, 77=43, 78=39, 79=39, 72=43, 73=47, 74=49, 75=46, 85=42, 84=39, 87=41, 86=50, 81=37, 80=43, 83=44, 82=35, 93=44, 92=47, 95=48, 94=48, 89=41, 88=41, 91=38, 90=42, 98=44, 99=40, 96=46, 97=43}
Avg distance between not played chunks: 3.300848851937709
Min distance between not played chunks: 1.0
Max distance between not played chunks: 32.0

HELPING PEERS LOG

[HELPING] Active nodes: 54
[HELPING] Started playbacks: 54
[HELPING] Not started playbacks node-ids: []
[HELPING] Playbacks time-window: 114
[HELPING] Missing chunks distribution [missed-chunks/nodes]: {0=54}
[HELPING] Rejected chunks for ttl expiration [chunk-id/nodes]: 1 {0=1}
[HELPING] Rejected chunks for capacity limit [chunk-id/nodes]: 0 {}
[HELPING] bandwidthUtilUp: 0.014566359801259754
[HELPING] bandwidthUtilDown: 0.008617201741131092
[HELPING] Avg # of unsent chunk for max-retries: 0.0
[HELPING] Min # of unsent chunk for max-retries: 0.0
[HELPING] Max # of unsent chunk for max-retries: 0.0
[HELPING] Avg # of unsent chunk-reqs for max-retries: 0.0
[HELPING] Min # of unsent chunk-reqs for max-retries: 0.0
[HELPING] Max # of unsent chunk-reqs for max-retries: 0.0
[HELPING] Avg % of chunks received by Pastry: 5.018518518518518
[HELPING] Min % of chunks received by Pastry: 0.0
[HELPING] Max % of chunks received by Pastry: 10.0
[HELPING] StD of chunks received by Pastry: 2.9746776628340434
[HELPING] Var of chunks received by Pastry: 8.848707197763806
[HELPING] Avg % of chunks received by StarStream: 94.0
[HELPING] Min % of chunks received by StarStream: 89.0
[HELPING] Max % of chunks received by StarStream: 100.0
[HELPING] StD of chunks received by StarStream: 3.009419175453081
[HELPING] Var of chunks received by StarStream: 9.0566037735847
[HELPING] Startup Delay: 212.59259259259258
[HELPING] Latency: 9.113359788359785
[HELPING] Min of perceived avg chunk delivery-time: 7.51
[HELPING] Max of perceived avg chunk delivery-time: 10.28
[HELPING] Variance of perceived avg chunk delivery-time: 0.391838191182925
[HELPING] StD of perceived avg chunk delivery-time: 0.6259698005358765
[HELPING] Avg messages sent per node: 6899.555555555556
[HELPING] Min messages sent per node: 4142.0
[HELPING] Max messages sent per node: 11235.0
[HELPING] Variance of messages sent per node: 2237602.8930817596
[HELPING] StD of messages sent per node: 1495.8619231338698
[HELPING] Nodes with incomplete playbacks: 49
[HELPING] Packet Loss: 45.7962962962963
[HELPING] Min % of not played chunks: 0.0
[HELPING] Max % of not played chunks: 99.0
[HELPING] Not played chunks [chunk-id/nodes]: {1=30, 2=31, 3=25, 4=26, 5=22, 6=27, 7=30, 8=25, 9=21, 10=20, 11=22, 12=22, 13=24, 14=27, 15=25, 17=22, 16=27, 19=25, 18=20, 21=20, 20=23, 23=20, 22=26, 25=19, 24=19, 27=26, 26=23, 29=24, 28=28, 31=21, 30=23, 34=26, 35=22, 32=25, 33=25, 38=27, 39=27, 36=22, 37=25, 42=26, 43=25, 40=26, 41=26, 46=23, 47=21, 44=29, 45=27, 51=31, 50=23, 49=24, 48=27, 55=26, 54=27, 53=32, 52=29, 59=29, 58=27, 57=29, 56=24, 63=31, 62=21, 61=23, 60=27, 68=17, 69=22, 70=22, 71=20, 64=27, 65=28, 66=25, 67=23, 76=27, 77=25, 78=24, 79=25, 72=28, 73=24, 74=29, 75=24, 85=24, 84=31, 87=24, 86=28, 81=19, 80=29, 83=19, 82=27, 93=25, 92=26, 95=30, 94=30, 89=24, 88=19, 91=24, 90=25, 98=28, 99=27, 96=26, 97=23}
[HELPING] Avg distance between not played chunks: 3.2216134120816227
[HELPING] Min distance between not played chunks: 1.0
[HELPING] Max distance between not played chunks: 27.0

