Total chunks: 100
Nodes x chunk: 13
Total nodes: 153
Active nodes: 90
Started playbacks: 90
Not started playbacks node-ids: []
Playbacks time-window: 56
Missing chunks distribution [missed-chunks/nodes]: {0=90}
Rejected chunks for ttl expiration [chunk-id/nodes]: 0 {}
Rejected chunks for capacity limit [chunk-id/nodes]: 0 {}
bandwidthUtilUp: 0.008419549346333837
bandwidthUtilDown: 0.005042616604816945
Avg # of unsent chunk for max-retries: 0.0
Min # of unsent chunk for max-retries: 0.0
Max # of unsent chunk for max-retries: 0.0
Avg # of unsent chunk-reqs for max-retries: 0.0
Min # of unsent chunk-reqs for max-retries: 0.0
Max # of unsent chunk-reqs for max-retries: 0.0
Avg % of chunks received by Pastry: 3.9555555555555557
Min % of chunks received by Pastry: 0.0
Max % of chunks received by Pastry: 13.0
StD of chunks received by Pastry: 2.9638689834085925
Var of chunks received by Pastry: 8.784519350811482
Avg % of chunks received by StarStream: 95.04444444444445
Min % of chunks received by StarStream: 86.0
Max % of chunks received by StarStream: 99.0
StD of chunks received by StarStream: 2.9638689834084806
Var of chunks received by StarStream: 8.78451935081082
[MOJO] Startup Delay: 224.7111111111111
[MOJO] Latency: 7.6004511784511815
Min of perceived avg chunk delivery-time: 6.22
Max of perceived avg chunk delivery-time: 8.77
Variance of perceived avg chunk delivery-time: 0.22860156879194976
StD of perceived avg chunk delivery-time: 0.47812296409182203
Avg messages sent per node: 18617.333333333332
Min messages sent per node: 14980.0
Max messages sent per node: 22083.0
Variance of messages sent per node: 2487923.505617983
StD of messages sent per node: 1577.3152841515177
Nodes with incomplete playbacks: 84
[MOJO] Packet Loss: 49.05555555555556
Min % of not played chunks: 0.0
Max % of not played chunks: 99.0
Not played chunks [chunk-id/nodes]: {1=50, 2=47, 3=42, 4=48, 5=50, 6=40, 7=52, 8=53, 9=37, 10=42, 11=38, 12=44, 13=42, 14=42, 15=45, 17=46, 16=46, 19=45, 18=45, 21=36, 20=49, 23=44, 22=45, 25=40, 24=48, 27=42, 26=45, 29=39, 28=46, 31=45, 30=44, 34=48, 35=43, 32=43, 33=44, 38=37, 39=38, 36=39, 37=47, 42=38, 43=49, 40=47, 41=46, 46=45, 47=44, 44=43, 45=45, 51=51, 50=49, 49=37, 48=46, 55=41, 54=44, 53=42, 52=43, 59=40, 58=43, 57=49, 56=40, 63=49, 62=47, 61=46, 60=44, 68=44, 69=44, 70=47, 71=47, 64=43, 65=46, 66=47, 67=42, 76=44, 77=47, 78=44, 79=48, 72=48, 73=44, 74=46, 75=45, 85=48, 84=43, 87=45, 86=45, 81=40, 80=47, 83=46, 82=53, 93=41, 92=53, 95=45, 94=41, 89=44, 88=48, 91=41, 90=46, 98=45, 99=43, 96=43, 97=48}
Avg distance between not played chunks: 4.139721764958118
Min distance between not played chunks: 1.0
Max distance between not played chunks: 36.0

