Total chunks: 100
Nodes x chunk: 1
Total nodes: 10
Active nodes: 10
Started playbacks: 10
Not started playbacks node-ids: []
Playbacks time-window: 130
Missing chunks distribution [missed-chunks/nodes]: {51=1, 49=1, 52=1, 43=2, 41=1, 47=1, 31=1, 45=2}
Rejected chunks for ttl expiration [chunk-id/nodes]: 99 {1=1, 2=5, 3=4, 4=4, 5=6, 6=3, 7=4, 8=5, 9=5, 10=4, 11=2, 12=3, 13=5, 14=5, 15=5, 17=4, 16=4, 19=4, 18=6, 21=6, 20=2, 23=5, 22=3, 25=1, 24=3, 27=4, 26=1, 29=5, 28=3, 31=7, 30=6, 34=6, 35=5, 32=6, 33=5, 38=5, 39=8, 36=6, 37=4, 42=3, 43=3, 40=5, 41=4, 46=6, 47=4, 44=5, 45=5, 51=4, 50=4, 49=1, 48=5, 55=1, 54=5, 53=5, 52=4, 59=4, 58=6, 57=3, 56=5, 63=3, 62=3, 61=5, 60=2, 68=7, 69=5, 70=6, 71=4, 64=4, 65=3, 66=4, 67=4, 76=5, 77=4, 78=5, 79=5, 72=1, 73=3, 74=6, 75=3, 85=3, 84=6, 87=3, 86=3, 81=3, 80=8, 83=5, 82=5, 93=5, 92=4, 95=4, 94=5, 89=4, 88=7, 91=4, 90=4, 98=4, 99=6, 96=6, 97=6}
Rejected chunks for capacity limit [chunk-id/nodes]: 0 {}
Avg # of unsent chunk for max-retries: 0.0
Min # of unsent chunk for max-retries: 0.0
Max # of unsent chunk for max-retries: 0.0
Avg # of unsent chunk-reqs for max-retries: 0.3
Min # of unsent chunk-reqs for max-retries: 0.0
Max # of unsent chunk-reqs for max-retries: 2.0
Avg % of chunks received by Pastry: 12.0
Min % of chunks received by Pastry: 7.0
Max % of chunks received by Pastry: 22.0
StD of chunks received by Pastry: 4.807401700618654
Var of chunks received by Pastry: 23.111111111111125
Avg % of chunks received by StarStream: 87.1
Min % of chunks received by StarStream: 77.0
Max % of chunks received by StarStream: 92.0
StD of chunks received by StarStream: 4.863697724525705
Var of chunks received by StarStream: 23.65555555555653
[MOJO] Startup Delay: 65.3
[MOJO] Latency: 6.225967309638176
Min of perceived avg chunk delivery-time: 5.468085106382978
Max of perceived avg chunk delivery-time: 8.458333333333334
Variance of perceived avg chunk delivery-time: 0.7995353117743302
StD of perceived avg chunk delivery-time: 0.8941673846514031
Avg messages sent per node: 1104.2
Min messages sent per node: 958.0
Max messages sent per node: 1393.0
Variance of messages sent per node: 24052.84444444425
StD of messages sent per node: 155.0897947785226
Nodes with incomplete playbacks: 10
[MOJO] Packet Loss: 51.6
Min % of not played chunks: 41.0
Max % of not played chunks: 99.0
Not played chunks [chunk-id/nodes]: {1=2, 2=6, 3=5, 4=4, 5=6, 6=4, 7=5, 8=6, 9=5, 10=4, 11=4, 12=4, 13=7, 14=5, 15=7, 17=4, 16=5, 19=5, 18=6, 21=6, 20=2, 23=7, 22=3, 25=5, 24=5, 27=5, 26=7, 29=5, 28=3, 31=8, 30=8, 34=6, 35=6, 32=7, 33=5, 38=5, 39=8, 36=6, 37=5, 42=3, 43=4, 40=7, 41=5, 46=6, 47=6, 44=6, 45=5, 51=4, 50=5, 49=2, 48=6, 55=7, 54=6, 53=5, 52=5, 59=4, 58=6, 57=4, 56=7, 63=4, 62=3, 61=6, 60=3, 68=8, 69=6, 70=8, 71=6, 64=5, 65=3, 66=4, 67=5, 76=6, 77=4, 78=6, 79=6, 72=2, 73=3, 74=6, 75=4, 85=3, 84=7, 87=4, 86=4, 81=4, 80=8, 83=7, 82=7, 93=6, 92=4, 95=5, 94=5, 89=5, 88=7, 91=4, 90=5, 98=4, 99=6, 96=7, 97=7}
Avg distance between not played chunks: 2.0061675791528732
Min distance between not played chunks: 1.0
Max distance between not played chunks: 2.425

