Total chunks: 100
Nodes x chunk: 1
Total nodes: 10
Active nodes: 10
Started playbacks: 10
Not started playbacks node-ids: []
Playbacks time-window: 130
Missing chunks distribution [missed-chunks/nodes]: {35=1, 50=1, 32=1, 48=1, 38=1, 39=1, 43=1, 40=1, 45=1, 30=1}
Rejected chunks for ttl expiration [chunk-id/nodes]: 98 {1=1, 2=4, 3=2, 4=3, 5=2, 6=4, 7=4, 8=5, 9=4, 10=5, 11=1, 12=4, 13=4, 14=3, 15=4, 17=3, 16=4, 19=4, 18=7, 21=4, 20=4, 23=8, 22=3, 25=5, 24=5, 27=4, 26=5, 29=6, 28=3, 31=5, 30=4, 34=6, 35=4, 32=4, 33=2, 38=1, 39=5, 36=4, 37=5, 42=3, 43=4, 40=5, 41=5, 46=2, 47=5, 44=6, 45=2, 51=6, 49=1, 48=2, 55=5, 54=3, 53=2, 52=5, 59=4, 58=3, 57=1, 56=5, 63=5, 62=3, 61=1, 60=5, 68=5, 69=4, 70=2, 71=2, 64=8, 65=6, 66=4, 67=4, 76=4, 77=4, 78=7, 79=4, 72=4, 73=3, 74=1, 75=3, 85=6, 84=4, 87=3, 86=3, 81=6, 80=3, 83=5, 82=2, 93=6, 92=5, 95=5, 94=3, 89=3, 88=4, 91=5, 90=3, 98=5, 99=4, 96=3, 97=4}
Rejected chunks for capacity limit [chunk-id/nodes]: 0 {}
Avg # of unsent chunk for max-retries: 0.0
Min # of unsent chunk for max-retries: 0.0
Max # of unsent chunk for max-retries: 0.0
Avg # of unsent chunk-reqs for max-retries: 0.0
Min # of unsent chunk-reqs for max-retries: 0.0
Max # of unsent chunk-reqs for max-retries: 0.0
Avg % of chunks received by Pastry: 11.6
Min % of chunks received by Pastry: 4.0
Max % of chunks received by Pastry: 19.0
StD of chunks received by Pastry: 5.146735750831676
Var of chunks received by Pastry: 26.488888888888894
Avg % of chunks received by StarStream: 87.4
Min % of chunks received by StarStream: 80.0
Max % of chunks received by StarStream: 95.0
StD of chunks received by StarStream: 5.146735750831593
Var of chunks received by StarStream: 26.48888888888804
[MOJO] Startup Delay: 65.3
[MOJO] Latency: 6.164786269734804
Min of perceived avg chunk delivery-time: 5.390625
Max of perceived avg chunk delivery-time: 8.244897959183673
Variance of perceived avg chunk delivery-time: 0.6240164900100827
StD of perceived avg chunk delivery-time: 0.7899471438077884
Avg messages sent per node: 1159.4
Min messages sent per node: 986.0
Max messages sent per node: 1449.0
Variance of messages sent per node: 22613.82222222216
StD of messages sent per node: 150.37892878399606
Nodes with incomplete playbacks: 10
[MOJO] Packet Loss: 47.3
Min % of not played chunks: 32.0
Max % of not played chunks: 98.0
Not played chunks [chunk-id/nodes]: {1=2, 2=6, 3=2, 4=4, 5=3, 6=5, 7=6, 8=6, 9=4, 10=5, 11=6, 12=6, 13=5, 14=4, 15=5, 17=4, 16=6, 19=5, 18=7, 21=5, 20=4, 23=9, 22=3, 25=5, 24=5, 27=5, 26=5, 29=6, 28=4, 31=6, 30=5, 34=7, 35=6, 32=4, 33=3, 38=2, 39=6, 36=5, 37=6, 42=4, 43=6, 40=5, 41=6, 46=3, 47=5, 44=7, 45=3, 51=6, 50=4, 49=2, 48=3, 55=6, 54=3, 53=4, 52=6, 59=5, 58=4, 57=3, 56=6, 63=5, 62=5, 61=1, 60=6, 68=6, 69=5, 70=3, 71=2, 64=8, 65=6, 66=5, 67=5, 76=4, 77=5, 78=7, 79=4, 72=5, 73=3, 74=6, 75=3, 85=6, 84=4, 87=4, 86=4, 81=6, 80=4, 83=6, 82=2, 93=7, 92=5, 95=7, 94=5, 89=4, 88=4, 91=6, 90=4, 98=5, 99=4, 96=4, 97=5}
Avg distance between not played chunks: 2.2333417808533174
Min distance between not played chunks: 1.0103092783505154
Max distance between not played chunks: 2.870967741935484

