Total chunks: 100
Nodes x chunk: 1
Total nodes: 10
Active nodes: 10
Started playbacks: 10
Not started playbacks node-ids: []
Playbacks time-window: 130
Missing chunks distribution [missed-chunks/nodes]: {48=2, 39=1, 42=2, 41=1, 46=1, 29=1, 47=1, 45=1}
Rejected chunks for ttl expiration [chunk-id/nodes]: 97 {1=1, 2=5, 3=4, 4=4, 5=6, 6=3, 7=4, 8=5, 9=5, 10=4, 11=2, 12=3, 13=5, 14=5, 15=5, 17=4, 16=4, 19=4, 18=6, 21=6, 20=2, 23=3, 22=3, 25=6, 24=5, 27=4, 26=4, 29=2, 28=3, 31=2, 30=6, 34=6, 35=4, 32=4, 33=5, 38=4, 39=5, 36=7, 37=2, 42=1, 43=6, 40=6, 41=5, 46=5, 47=6, 44=4, 45=3, 51=2, 50=4, 49=6, 48=3, 55=5, 54=2, 53=5, 52=5, 59=4, 58=5, 56=7, 63=6, 62=4, 61=5, 60=4, 68=6, 69=3, 70=5, 64=6, 65=3, 66=5, 67=1, 76=2, 77=5, 78=4, 79=5, 72=4, 73=7, 74=6, 75=5, 85=5, 84=4, 87=3, 86=1, 81=4, 80=4, 83=2, 82=5, 93=5, 92=3, 95=2, 94=1, 89=5, 88=2, 91=5, 90=6, 98=3, 99=3, 96=7, 97=4}
Rejected chunks for capacity limit [chunk-id/nodes]: 0 {}
Avg # of unsent chunk for max-retries: 0.0
Min # of unsent chunk for max-retries: 0.0
Max # of unsent chunk for max-retries: 0.0
Avg # of unsent chunk-reqs for max-retries: 0.5
Min # of unsent chunk-reqs for max-retries: 0.0
Max # of unsent chunk-reqs for max-retries: 3.0
Avg % of chunks received by Pastry: 10.7
Min % of chunks received by Pastry: 5.0
Max % of chunks received by Pastry: 21.0
StD of chunks received by Pastry: 6.019413038937713
Var of chunks received by Pastry: 36.23333333333335
Avg % of chunks received by StarStream: 88.4
Min % of chunks received by StarStream: 78.0
Max % of chunks received by StarStream: 95.0
StD of chunks received by StarStream: 6.131883886702205
Var of chunks received by StarStream: 37.59999999999814
[MOJO] Startup Delay: 65.3
[MOJO] Latency: 6.153977182800029
Min of perceived avg chunk delivery-time: 4.8431372549019605
Max of perceived avg chunk delivery-time: 8.166666666666666
Variance of perceived avg chunk delivery-time: 0.8536373235301101
StD of perceived avg chunk delivery-time: 0.9239249555727511
Avg messages sent per node: 1129.2
Min messages sent per node: 963.0
Max messages sent per node: 1416.0
Variance of messages sent per node: 24117.733333333294
StD of messages sent per node: 155.29885168066534
Nodes with incomplete playbacks: 10
[MOJO] Packet Loss: 49.9
Min % of not played chunks: 41.0
Max % of not played chunks: 98.0
Not played chunks [chunk-id/nodes]: {1=2, 2=6, 3=5, 4=4, 5=6, 6=4, 7=5, 8=6, 9=5, 10=4, 11=4, 12=4, 13=7, 14=5, 15=7, 17=4, 16=5, 19=5, 18=6, 21=6, 20=2, 23=4, 22=3, 25=7, 24=6, 27=4, 26=5, 29=3, 28=5, 31=7, 30=7, 34=7, 35=4, 32=6, 33=6, 38=5, 39=6, 36=7, 37=2, 42=7, 43=6, 40=6, 41=5, 46=6, 47=6, 44=5, 45=5, 51=2, 50=4, 49=7, 48=4, 55=6, 54=3, 53=6, 52=5, 59=5, 58=6, 57=5, 56=8, 63=6, 62=5, 61=6, 60=4, 68=6, 69=3, 70=5, 71=1, 64=7, 65=5, 66=5, 67=1, 76=3, 77=6, 78=5, 79=6, 72=5, 73=8, 74=7, 75=5, 85=6, 84=6, 87=5, 86=3, 81=5, 80=5, 83=3, 82=5, 93=5, 92=3, 95=5, 94=1, 89=6, 88=4, 91=7, 90=6, 98=4, 99=4, 96=9, 97=5}
Avg distance between not played chunks: 2.0732874948818423
Min distance between not played chunks: 1.0103092783505154
Max distance between not played chunks: 2.3658536585365852

