Total chunks: 100
Nodes x chunk: 1
Total nodes: 10
Active nodes: 10
Started playbacks: 10
Not started playbacks node-ids: []
Playbacks time-window: 130
Missing chunks distribution [missed-chunks/nodes]: {35=1, 48=1, 38=1, 42=2, 43=1, 46=1, 47=1, 44=1, 31=1}
Rejected chunks for ttl expiration [chunk-id/nodes]: 99 {1=1, 2=4, 3=2, 4=7, 5=5, 6=3, 7=3, 8=5, 9=5, 10=2, 11=2, 12=5, 13=7, 14=9, 15=2, 17=5, 16=5, 19=2, 18=6, 21=5, 20=6, 23=5, 22=3, 25=7, 24=4, 27=4, 26=5, 29=2, 28=3, 31=4, 30=2, 34=5, 35=4, 32=5, 33=4, 38=6, 39=4, 36=4, 37=3, 42=4, 43=6, 40=4, 41=2, 46=2, 47=3, 44=6, 45=6, 51=3, 50=3, 49=5, 48=3, 55=5, 54=4, 53=1, 52=3, 59=1, 58=5, 57=1, 56=1, 63=6, 62=2, 61=4, 60=7, 68=5, 69=4, 70=6, 71=6, 64=6, 65=6, 66=6, 67=5, 76=1, 77=4, 78=5, 79=6, 72=6, 73=1, 74=6, 75=3, 85=2, 84=5, 87=2, 86=2, 81=2, 80=7, 83=4, 82=7, 93=4, 92=3, 95=5, 94=4, 89=6, 88=3, 91=3, 90=4, 98=5, 99=6, 96=5, 97=4}
Rejected chunks for capacity limit [chunk-id/nodes]: 0 {}
Avg # of unsent chunk for max-retries: 0.0
Min # of unsent chunk for max-retries: 0.0
Max # of unsent chunk for max-retries: 0.0
Avg # of unsent chunk-reqs for max-retries: 0.2
Min # of unsent chunk-reqs for max-retries: 0.0
Max # of unsent chunk-reqs for max-retries: 1.0
Avg % of chunks received by Pastry: 11.6
Min % of chunks received by Pastry: 3.0
Max % of chunks received by Pastry: 24.0
StD of chunks received by Pastry: 6.501281924871945
Var of chunks received by Pastry: 42.26666666666666
Avg % of chunks received by StarStream: 87.4
Min % of chunks received by StarStream: 75.0
Max % of chunks received by StarStream: 96.0
StD of chunks received by StarStream: 6.501281924871864
Var of chunks received by StarStream: 42.266666666665614
[MOJO] Startup Delay: 65.3
[MOJO] Latency: 6.081874031900919
Min of perceived avg chunk delivery-time: 4.753623188405797
Max of perceived avg chunk delivery-time: 7.734375
Variance of perceived avg chunk delivery-time: 0.6945891782482821
StD of perceived avg chunk delivery-time: 0.8334201690913666
Avg messages sent per node: 1121.4
Min messages sent per node: 984.0
Max messages sent per node: 1317.0
Variance of messages sent per node: 15252.711111110792
StD of messages sent per node: 123.50186683249282
Nodes with incomplete playbacks: 10
[MOJO] Packet Loss: 48.8
Min % of not played chunks: 35.0
Max % of not played chunks: 99.0
Not played chunks [chunk-id/nodes]: {1=2, 2=6, 3=2, 4=8, 5=5, 6=4, 7=4, 8=6, 9=6, 10=4, 11=3, 12=7, 13=8, 14=9, 15=3, 17=7, 16=6, 19=2, 18=6, 21=6, 20=7, 23=6, 22=4, 25=8, 24=4, 27=5, 26=5, 29=3, 28=4, 31=5, 30=3, 34=6, 35=4, 32=5, 33=5, 38=6, 39=5, 36=4, 37=4, 42=4, 43=7, 40=5, 41=3, 46=4, 47=4, 44=6, 45=6, 51=4, 50=4, 49=5, 48=3, 55=5, 54=4, 53=2, 52=4, 59=2, 58=5, 57=2, 56=2, 63=8, 62=2, 61=4, 60=7, 68=5, 69=5, 70=7, 71=7, 64=6, 65=6, 66=7, 67=5, 76=2, 77=5, 78=5, 79=6, 72=7, 73=3, 74=6, 75=4, 85=3, 84=6, 87=3, 86=3, 81=4, 80=8, 83=5, 82=8, 93=6, 92=4, 95=5, 94=5, 89=6, 88=4, 91=4, 90=5, 98=6, 99=7, 96=6, 97=5}
Avg distance between not played chunks: 2.1646720601481357
Min distance between not played chunks: 1.0
Max distance between not played chunks: 2.8529411764705883

