Total chunks: 100
Nodes x chunk: 1
Total nodes: 10
Active nodes: 10
Started playbacks: 10
Not started playbacks node-ids: []
Playbacks time-window: 130
Missing chunks distribution [missed-chunks/nodes]: {51=1, 34=1, 23=1, 37=1, 42=3, 40=1, 46=2}
Rejected chunks for ttl expiration [chunk-id/nodes]: 98 {1=1, 2=5, 3=4, 4=4, 5=6, 6=3, 7=4, 8=5, 9=5, 10=4, 11=2, 12=3, 13=5, 14=5, 15=5, 17=4, 16=4, 19=4, 18=6, 21=6, 20=2, 23=6, 22=3, 25=3, 24=3, 27=2, 26=6, 29=4, 28=3, 31=5, 30=5, 34=3, 35=4, 32=6, 33=3, 38=5, 39=4, 36=5, 37=7, 42=5, 43=4, 40=3, 41=3, 46=6, 47=5, 44=5, 45=1, 51=3, 50=4, 49=2, 48=4, 55=3, 54=8, 53=2, 52=7, 59=1, 58=5, 57=5, 56=2, 63=2, 62=4, 61=3, 60=2, 68=2, 69=4, 70=6, 71=4, 64=4, 65=5, 66=3, 67=3, 76=5, 77=4, 78=3, 79=4, 72=1, 73=3, 74=4, 75=3, 85=5, 84=5, 87=4, 86=3, 80=7, 83=5, 82=5, 93=8, 92=5, 95=4, 94=4, 89=6, 88=1, 91=2, 90=4, 98=3, 99=5, 96=3, 97=2}
Rejected chunks for capacity limit [chunk-id/nodes]: 0 {}
Avg # of unsent chunk for max-retries: 0.0
Min # of unsent chunk for max-retries: 0.0
Max # of unsent chunk for max-retries: 0.0
Avg # of unsent chunk-reqs for max-retries: 0.6
Min # of unsent chunk-reqs for max-retries: 0.0
Max # of unsent chunk-reqs for max-retries: 3.0
Avg % of chunks received by Pastry: 11.4
Min % of chunks received by Pastry: 5.0
Max % of chunks received by Pastry: 20.0
StD of chunks received by Pastry: 4.247875285886395
Var of chunks received by Pastry: 18.044444444444423
Avg % of chunks received by StarStream: 87.6
Min % of chunks received by StarStream: 79.0
Max % of chunks received by StarStream: 94.0
StD of chunks received by StarStream: 4.247875285886488
Var of chunks received by StarStream: 18.04444444444521
[MOJO] Startup Delay: 65.3
[MOJO] Latency: 6.240575113884207
Min of perceived avg chunk delivery-time: 4.719298245614035
Max of perceived avg chunk delivery-time: 8.645833333333334
Variance of perceived avg chunk delivery-time: 1.4443607379009333
StD of perceived avg chunk delivery-time: 1.2018156006230463
Avg messages sent per node: 1157.9
Min messages sent per node: 998.0
Max messages sent per node: 1476.0
Variance of messages sent per node: 20517.211111110842
StD of messages sent per node: 143.23830182989062
Nodes with incomplete playbacks: 10
[MOJO] Packet Loss: 48.5
Min % of not played chunks: 37.0
Max % of not played chunks: 99.0
Not played chunks [chunk-id/nodes]: {1=2, 2=6, 3=5, 4=4, 5=6, 6=4, 7=5, 8=6, 9=5, 10=4, 11=4, 12=4, 13=7, 14=5, 15=7, 17=4, 16=5, 19=5, 18=6, 21=6, 20=2, 23=6, 22=3, 25=4, 24=4, 27=4, 26=6, 29=5, 28=4, 31=6, 30=6, 34=4, 35=5, 32=6, 33=4, 38=7, 39=4, 36=5, 37=8, 42=5, 43=5, 40=4, 41=4, 46=7, 47=6, 44=6, 45=2, 51=4, 50=5, 49=3, 48=5, 55=4, 54=9, 53=3, 52=7, 59=2, 58=6, 57=5, 56=3, 63=4, 62=6, 61=4, 60=3, 68=3, 69=5, 70=6, 71=4, 64=4, 65=6, 66=4, 67=4, 76=6, 77=6, 78=4, 79=5, 72=2, 73=4, 74=5, 75=4, 85=6, 84=6, 87=5, 86=4, 81=7, 80=8, 83=6, 82=7, 93=8, 92=6, 95=5, 94=5, 89=7, 88=3, 91=4, 90=5, 98=3, 99=6, 96=4, 97=3}
Avg distance between not played chunks: 2.1655874504898898
Min distance between not played chunks: 1.0
Max distance between not played chunks: 2.6944444444444446

