Total chunks: 100
Nodes x chunk: 1
Total nodes: 10
Active nodes: 10
Started playbacks: 10
Not started playbacks node-ids: []
Playbacks time-window: 130
Missing chunks distribution [missed-chunks/nodes]: {35=1, 38=2, 55=1, 37=1, 42=1, 41=1, 47=2, 44=1}
Rejected chunks for ttl expiration [chunk-id/nodes]: 99 {1=1, 2=5, 3=4, 4=4, 5=6, 6=3, 7=4, 8=5, 9=5, 10=4, 11=2, 12=3, 13=5, 14=5, 15=5, 17=4, 16=4, 19=4, 18=6, 21=6, 20=2, 23=6, 22=3, 25=3, 24=3, 27=2, 26=6, 29=4, 28=3, 31=5, 30=5, 34=3, 35=4, 32=6, 33=3, 38=2, 39=5, 36=5, 37=4, 42=5, 43=6, 40=5, 41=7, 46=7, 47=7, 44=1, 45=2, 51=3, 50=3, 49=5, 48=2, 55=5, 54=4, 53=3, 52=1, 59=6, 58=4, 57=3, 56=5, 63=3, 62=3, 61=2, 60=3, 68=3, 69=4, 70=6, 71=5, 64=3, 65=3, 66=5, 67=5, 76=4, 77=3, 78=5, 79=2, 72=6, 73=6, 74=3, 75=4, 85=5, 84=3, 87=4, 86=6, 81=4, 80=3, 83=6, 82=6, 93=3, 92=5, 95=6, 94=6, 89=8, 88=4, 91=5, 90=5, 98=5, 99=3, 96=5, 97=6}
Rejected chunks for capacity limit [chunk-id/nodes]: 0 {}
Avg # of unsent chunk for max-retries: 0.0
Min # of unsent chunk for max-retries: 0.0
Max # of unsent chunk for max-retries: 0.0
Avg # of unsent chunk-reqs for max-retries: 0.5
Min # of unsent chunk-reqs for max-retries: 0.0
Max # of unsent chunk-reqs for max-retries: 5.0
Avg % of chunks received by Pastry: 11.3
Min % of chunks received by Pastry: 5.0
Max % of chunks received by Pastry: 25.0
StD of chunks received by Pastry: 6.019413038937712
Var of chunks received by Pastry: 36.233333333333334
Avg % of chunks received by StarStream: 87.7
Min % of chunks received by StarStream: 74.0
Max % of chunks received by StarStream: 94.0
StD of chunks received by StarStream: 6.019413038937597
Var of chunks received by StarStream: 36.23333333333196
[MOJO] Startup Delay: 65.3
[MOJO] Latency: 6.163518057567475
Min of perceived avg chunk delivery-time: 4.909090909090909
Max of perceived avg chunk delivery-time: 7.310344827586207
Variance of perceived avg chunk delivery-time: 0.5229493912007005
StD of perceived avg chunk delivery-time: 0.7231523983232722
Avg messages sent per node: 1136.0
Min messages sent per node: 901.0
Max messages sent per node: 1358.0
Variance of messages sent per node: 22267.111111111008
StD of messages sent per node: 149.2216844534031
Nodes with incomplete playbacks: 10
[MOJO] Packet Loss: 49.9
Min % of not played chunks: 38.0
Max % of not played chunks: 99.0
Not played chunks [chunk-id/nodes]: {1=2, 2=6, 3=5, 4=4, 5=6, 6=4, 7=5, 8=6, 9=5, 10=4, 11=4, 12=4, 13=7, 14=5, 15=7, 17=4, 16=5, 19=5, 18=6, 21=6, 20=2, 23=6, 22=3, 25=4, 24=4, 27=4, 26=6, 29=5, 28=4, 31=6, 30=6, 34=4, 35=5, 32=6, 33=4, 38=3, 39=6, 36=5, 37=4, 42=6, 43=7, 40=6, 41=7, 46=8, 47=8, 44=2, 45=3, 51=4, 50=3, 49=5, 48=4, 55=6, 54=5, 53=4, 52=3, 59=7, 58=5, 57=4, 56=6, 63=4, 62=4, 61=2, 60=4, 68=4, 69=6, 70=7, 71=6, 64=4, 65=4, 66=5, 67=6, 76=5, 77=4, 78=6, 79=3, 72=8, 73=6, 74=4, 75=5, 85=6, 84=4, 87=5, 86=6, 81=5, 80=5, 83=6, 82=7, 93=4, 92=5, 95=6, 94=7, 89=8, 88=5, 91=5, 90=6, 98=6, 99=3, 96=6, 97=7}
Avg distance between not played chunks: 2.098635512555986
Min distance between not played chunks: 1.0
Max distance between not played chunks: 2.5945945945945947

