Total chunks: 100
Nodes x chunk: 1
Total nodes: 10
Active nodes: 10
Started playbacks: 10
Not started playbacks node-ids: []
Playbacks time-window: 130
Missing chunks distribution [missed-chunks/nodes]: {49=1, 48=2, 39=2, 37=1, 42=2, 47=1, 44=1}
Rejected chunks for ttl expiration [chunk-id/nodes]: 99 {1=1, 2=5, 3=4, 4=4, 5=6, 6=3, 7=4, 8=5, 9=5, 10=4, 11=2, 12=3, 13=5, 14=5, 15=5, 17=4, 16=4, 19=4, 18=6, 21=6, 20=2, 23=6, 22=3, 25=3, 24=3, 27=2, 26=6, 29=4, 28=3, 31=5, 30=5, 34=3, 35=4, 32=6, 33=3, 38=2, 39=5, 36=5, 37=4, 42=5, 43=6, 40=5, 41=7, 46=5, 47=4, 44=1, 45=2, 51=6, 50=4, 49=3, 48=4, 55=5, 54=5, 53=3, 52=4, 59=6, 58=3, 57=4, 56=8, 63=3, 62=5, 61=4, 60=2, 68=5, 69=2, 70=6, 71=4, 64=2, 65=5, 66=6, 67=2, 76=3, 77=5, 78=4, 79=4, 72=5, 73=4, 74=2, 75=7, 85=5, 84=6, 87=2, 86=5, 81=7, 80=8, 83=5, 82=5, 93=4, 92=7, 95=3, 94=5, 89=4, 88=6, 91=7, 90=5, 98=5, 99=3, 96=3, 97=4}
Rejected chunks for capacity limit [chunk-id/nodes]: 0 {}
Avg # of unsent chunk for max-retries: 0.0
Min # of unsent chunk for max-retries: 0.0
Max # of unsent chunk for max-retries: 0.0
Avg # of unsent chunk-reqs for max-retries: 0.5
Min # of unsent chunk-reqs for max-retries: 0.0
Max # of unsent chunk-reqs for max-retries: 4.0
Avg % of chunks received by Pastry: 11.6
Min % of chunks received by Pastry: 5.0
Max % of chunks received by Pastry: 25.0
StD of chunks received by Pastry: 6.501281924871945
Var of chunks received by Pastry: 42.26666666666666
Avg % of chunks received by StarStream: 87.6
Min % of chunks received by StarStream: 75.0
Max % of chunks received by StarStream: 95.0
StD of chunks received by StarStream: 6.397916327472133
Var of chunks received by StarStream: 40.93333333333451
[MOJO] Startup Delay: 65.3
[MOJO] Latency: 6.091541579693436
Min of perceived avg chunk delivery-time: 4.833333333333333
Max of perceived avg chunk delivery-time: 8.333333333333334
Variance of perceived avg chunk delivery-time: 0.9220715248636207
StD of perceived avg chunk delivery-time: 0.9602455544617848
Avg messages sent per node: 1100.7
Min messages sent per node: 957.0
Max messages sent per node: 1345.0
Variance of messages sent per node: 14934.455555555567
StD of messages sent per node: 122.20661011400148
Nodes with incomplete playbacks: 10
[MOJO] Packet Loss: 51.0
Min % of not played chunks: 39.0
Max % of not played chunks: 99.0
Not played chunks [chunk-id/nodes]: {1=2, 2=6, 3=5, 4=4, 5=6, 6=4, 7=5, 8=6, 9=5, 10=4, 11=4, 12=4, 13=7, 14=5, 15=7, 17=4, 16=5, 19=5, 18=6, 21=6, 20=2, 23=6, 22=3, 25=4, 24=4, 27=4, 26=6, 29=5, 28=4, 31=6, 30=6, 34=4, 35=5, 32=6, 33=4, 38=3, 39=6, 36=5, 37=4, 42=6, 43=7, 40=6, 41=7, 46=5, 47=6, 44=2, 45=3, 51=8, 50=5, 49=5, 48=4, 55=5, 54=6, 53=5, 52=4, 59=6, 58=4, 57=5, 56=8, 63=4, 62=7, 61=4, 60=4, 68=6, 69=3, 70=6, 71=6, 64=2, 65=6, 66=6, 67=3, 76=3, 77=6, 78=5, 79=6, 72=6, 73=4, 74=5, 75=7, 85=5, 84=8, 87=3, 86=6, 81=7, 80=9, 83=5, 82=5, 93=5, 92=7, 95=5, 94=6, 89=5, 88=7, 91=9, 90=6, 98=6, 99=4, 96=4, 97=5}
Avg distance between not played chunks: 2.033098363802246
Min distance between not played chunks: 1.0
Max distance between not played chunks: 2.5

