Total chunks: 100
Nodes x chunk: 1
Total nodes: 10
Active nodes: 10
Started playbacks: 10
Not started playbacks node-ids: []
Playbacks time-window: 130
Missing chunks distribution [missed-chunks/nodes]: {34=1, 48=2, 33=1, 37=1, 41=2, 46=2, 44=1}
Rejected chunks for ttl expiration [chunk-id/nodes]: 99 {1=1, 2=5, 3=4, 4=4, 5=6, 6=3, 7=4, 8=5, 9=5, 10=4, 11=2, 12=3, 13=5, 14=5, 15=5, 17=4, 16=4, 19=4, 18=6, 21=6, 20=2, 23=6, 22=3, 25=3, 24=3, 27=2, 26=6, 29=4, 28=3, 31=5, 30=5, 34=3, 35=4, 32=6, 33=3, 38=2, 39=5, 36=5, 37=4, 42=5, 43=6, 40=5, 41=7, 46=5, 47=4, 44=1, 45=2, 51=6, 50=4, 49=3, 48=4, 55=2, 54=3, 53=5, 52=4, 59=7, 58=6, 57=5, 56=2, 63=4, 62=4, 61=4, 60=5, 68=2, 69=3, 70=4, 71=5, 64=3, 65=5, 66=2, 67=5, 76=4, 77=3, 78=7, 79=5, 72=2, 73=2, 74=4, 75=6, 85=5, 84=2, 87=3, 86=5, 81=3, 80=5, 83=4, 82=6, 93=4, 92=3, 95=2, 94=5, 89=6, 88=3, 91=3, 90=3, 98=6, 99=6, 96=6, 97=6}
Rejected chunks for capacity limit [chunk-id/nodes]: 0 {}
Avg # of unsent chunk for max-retries: 0.0
Min # of unsent chunk for max-retries: 0.0
Max # of unsent chunk for max-retries: 0.0
Avg # of unsent chunk-reqs for max-retries: 0.5
Min # of unsent chunk-reqs for max-retries: 0.0
Max # of unsent chunk-reqs for max-retries: 5.0
Avg % of chunks received by Pastry: 11.4
Min % of chunks received by Pastry: 3.0
Max % of chunks received by Pastry: 25.0
StD of chunks received by Pastry: 6.518350166176167
Var of chunks received by Pastry: 42.488888888888866
Avg % of chunks received by StarStream: 87.6
Min % of chunks received by StarStream: 74.0
Max % of chunks received by StarStream: 96.0
StD of chunks received by StarStream: 6.518350166176228
Var of chunks received by StarStream: 42.48888888888966
[MOJO] Startup Delay: 65.3
[MOJO] Latency: 6.1773253410815325
Min of perceived avg chunk delivery-time: 4.472727272727273
Max of perceived avg chunk delivery-time: 7.901960784313726
Variance of perceived avg chunk delivery-time: 0.843685554881159
StD of perceived avg chunk delivery-time: 0.9185235733943681
Avg messages sent per node: 1141.6
Min messages sent per node: 1000.0
Max messages sent per node: 1350.0
Variance of messages sent per node: 19473.60000000025
StD of messages sent per node: 139.54784125883228
Nodes with incomplete playbacks: 10
[MOJO] Packet Loss: 49.7
Min % of not played chunks: 37.0
Max % of not played chunks: 99.0
Not played chunks [chunk-id/nodes]: {1=2, 2=6, 3=5, 4=4, 5=6, 6=4, 7=5, 8=6, 9=5, 10=4, 11=4, 12=4, 13=7, 14=5, 15=7, 17=4, 16=5, 19=5, 18=6, 21=6, 20=2, 23=6, 22=3, 25=4, 24=4, 27=4, 26=6, 29=5, 28=4, 31=6, 30=6, 34=4, 35=5, 32=6, 33=4, 38=3, 39=6, 36=5, 37=4, 42=6, 43=7, 40=6, 41=7, 46=5, 47=6, 44=2, 45=3, 51=8, 50=5, 49=5, 48=4, 55=4, 54=5, 53=5, 52=4, 59=9, 58=6, 57=8, 56=3, 63=4, 62=5, 61=4, 60=6, 68=3, 69=4, 70=5, 71=6, 64=4, 65=6, 66=3, 67=6, 76=5, 77=4, 78=7, 79=6, 72=3, 73=3, 74=5, 75=6, 85=6, 84=4, 87=5, 86=6, 81=4, 80=6, 83=6, 82=6, 93=4, 92=5, 95=3, 94=6, 89=6, 88=4, 91=5, 90=4, 98=7, 99=7, 96=6, 97=7}
Avg distance between not played chunks: 2.1208659916289587
Min distance between not played chunks: 1.0
Max distance between not played chunks: 2.6666666666666665

