Total chunks: 100
Nodes x chunk: 1
Total nodes: 10
Active nodes: 10
Started playbacks: 10
Not started playbacks node-ids: []
Playbacks time-window: 130
Missing chunks distribution [missed-chunks/nodes]: {51=1, 50=1, 32=1, 33=1, 42=1, 40=1, 41=2, 45=2}
Rejected chunks for ttl expiration [chunk-id/nodes]: 97 {1=1, 2=5, 3=4, 4=4, 5=6, 6=3, 7=4, 8=5, 9=5, 10=4, 11=2, 12=3, 13=4, 14=5, 15=6, 17=4, 16=8, 19=1, 18=3, 21=3, 20=3, 23=2, 22=3, 25=6, 24=4, 27=4, 26=6, 29=2, 28=6, 31=7, 30=6, 34=5, 35=2, 32=2, 33=4, 38=4, 39=2, 36=3, 37=2, 42=4, 43=3, 40=5, 41=3, 46=3, 47=4, 44=6, 45=3, 51=3, 50=2, 49=6, 48=6, 55=1, 54=6, 53=5, 52=5, 59=5, 58=4, 57=6, 56=7, 63=4, 62=1, 61=2, 60=3, 68=4, 69=6, 70=6, 64=5, 65=3, 66=6, 67=6, 76=5, 77=6, 78=4, 79=7, 72=5, 74=5, 75=4, 85=4, 84=7, 87=6, 86=4, 81=2, 80=3, 83=7, 82=7, 93=6, 92=2, 95=4, 94=5, 89=5, 88=5, 91=4, 90=4, 98=4, 99=5, 96=2, 97=6}
Rejected chunks for capacity limit [chunk-id/nodes]: 0 {}
Avg # of unsent chunk for max-retries: 0.0
Min # of unsent chunk for max-retries: 0.0
Max # of unsent chunk for max-retries: 0.0
Avg # of unsent chunk-reqs for max-retries: 0.2
Min # of unsent chunk-reqs for max-retries: 0.0
Max # of unsent chunk-reqs for max-retries: 1.0
Avg % of chunks received by Pastry: 11.6
Min % of chunks received by Pastry: 4.0
Max % of chunks received by Pastry: 21.0
StD of chunks received by Pastry: 6.484168755086842
Var of chunks received by Pastry: 42.04444444444445
Avg % of chunks received by StarStream: 87.6
Min % of chunks received by StarStream: 78.0
Max % of chunks received by StarStream: 96.0
StD of chunks received by StarStream: 6.6533199732665675
Var of chunks received by StarStream: 44.26666666666784
[MOJO] Startup Delay: 65.3
[MOJO] Latency: 6.144354031435262
Min of perceived avg chunk delivery-time: 5.132352941176471
Max of perceived avg chunk delivery-time: 8.055555555555555
Variance of perceived avg chunk delivery-time: 0.8326835366403016
StD of perceived avg chunk delivery-time: 0.9125149514612358
Avg messages sent per node: 1156.3
Min messages sent per node: 916.0
Max messages sent per node: 1352.0
Variance of messages sent per node: 20764.900000000165
StD of messages sent per node: 144.1003122827989
Nodes with incomplete playbacks: 10
[MOJO] Packet Loss: 49.7
Min % of not played chunks: 40.0
Max % of not played chunks: 99.0
Not played chunks [chunk-id/nodes]: {1=2, 2=6, 3=5, 4=4, 5=6, 6=4, 7=5, 8=6, 9=5, 10=4, 11=4, 12=4, 13=7, 14=5, 15=7, 17=5, 16=8, 19=2, 18=3, 21=4, 20=4, 23=4, 22=5, 25=7, 24=5, 27=5, 26=6, 29=3, 28=6, 31=7, 30=6, 34=6, 35=3, 32=3, 33=5, 38=6, 39=4, 36=4, 37=3, 42=4, 43=4, 40=6, 41=4, 46=4, 47=4, 44=6, 45=4, 51=4, 50=3, 49=7, 48=7, 55=2, 54=6, 53=5, 52=5, 59=6, 58=5, 57=7, 56=7, 63=6, 62=2, 61=3, 60=4, 68=4, 69=8, 70=7, 71=1, 64=6, 65=4, 66=7, 67=7, 76=7, 77=6, 78=5, 79=8, 72=5, 73=1, 74=5, 75=5, 85=5, 84=7, 87=7, 86=6, 81=3, 80=4, 83=8, 82=7, 93=6, 92=3, 95=5, 94=6, 89=5, 88=7, 91=4, 90=5, 98=4, 99=6, 96=3, 97=7}
Avg distance between not played chunks: 2.1129250151706596
Min distance between not played chunks: 1.0
Max distance between not played chunks: 2.4358974358974357

