Total chunks: 100
Nodes x chunk: 3
Total nodes: 20
Active nodes: 20
Started playbacks: 20
Not started playbacks node-ids: []
Playbacks time-window: 216
Missing chunks distribution [missed-chunks/nodes]: {0=17, 1=1, 2=1, 4=1}
Rejected chunks for ttl expiration [chunk-id/nodes]: 4 {0=10, 1=3, 2=1, 3=1}
Rejected chunks for capacity limit [chunk-id/nodes]: 0 {}
Avg # of unsent chunk for max-retries: 0.0
Min # of unsent chunk for max-retries: 0.0
Max # of unsent chunk for max-retries: 0.0
Avg # of unsent chunk-reqs for max-retries: 0.0
Min # of unsent chunk-reqs for max-retries: 0.0
Max # of unsent chunk-reqs for max-retries: 0.0
Avg % of chunks received by Pastry: 5.85
Min % of chunks received by Pastry: 1.0
Max % of chunks received by Pastry: 13.0
StD of chunks received by Pastry: 3.0655127501043986
Var of chunks received by Pastry: 9.397368421052633
Avg % of chunks received by StarStream: 93.25
Min % of chunks received by StarStream: 86.0
Max % of chunks received by StarStream: 99.0
StD of chunks received by StarStream: 3.1933318682925256
Var of chunks received by StarStream: 10.197368421052632
[MOJO] Startup Delay: 80.7
[MOJO] Latency: 6.820189226448155
Min of perceived avg chunk delivery-time: 5.65
Max of perceived avg chunk delivery-time: 7.86
Variance of perceived avg chunk delivery-time: 0.2651509928320344
StD of perceived avg chunk delivery-time: 0.5149281433676299
Avg messages sent per node: 6941.25
Min messages sent per node: 6337.0
Max messages sent per node: 7499.0
Variance of messages sent per node: 101874.09210526629
StD of messages sent per node: 319.1772111308486
Nodes with incomplete playbacks: 7
[MOJO] Packet Loss: 14.45
Min % of not played chunks: 0.0
Max % of not played chunks: 99.0
Not played chunks [chunk-id/nodes]: {1=6, 2=4, 3=3, 4=3, 5=3, 6=3, 7=2, 8=3, 9=3, 10=3, 11=3, 12=3, 13=3, 14=3, 15=2, 17=2, 16=3, 19=3, 18=3, 21=3, 20=2, 23=3, 22=3, 25=3, 24=3, 27=3, 26=3, 29=3, 28=2, 31=3, 30=2, 34=3, 35=2, 32=3, 33=3, 38=3, 39=3, 36=2, 37=3, 42=3, 43=3, 40=3, 41=3, 46=2, 47=3, 44=3, 45=3, 51=3, 50=3, 49=3, 48=3, 55=3, 54=3, 53=3, 52=3, 59=3, 58=3, 57=3, 56=3, 63=3, 62=3, 61=3, 60=3, 68=3, 69=3, 70=3, 71=3, 64=3, 65=4, 66=3, 67=3, 76=2, 77=3, 78=3, 79=3, 72=3, 73=3, 74=3, 75=3, 85=3, 84=3, 87=2, 86=3, 81=3, 80=3, 83=3, 82=3, 93=3, 92=3, 95=3, 94=3, 89=3, 88=3, 91=3, 90=2, 98=3, 99=3, 96=3, 97=2}
Avg distance between not played chunks: 1.0416666666666667
Min distance between not played chunks: 1.0
Max distance between not played chunks: 1.1666666666666667

