Total chunks: 100
Nodes x chunk: 3
Total nodes: 20
Active nodes: 20
Started playbacks: 20
Not started playbacks node-ids: []
Playbacks time-window: 608
Missing chunks distribution [missed-chunks/nodes]: {0=18, 2=1, 12=1}
Rejected chunks for ttl expiration [chunk-id/nodes]: 11 {0=10, 1=2, 2=1, 4=1, 5=1, 6=1, 7=1, 8=1, 9=1, 10=1, 11=1}
Rejected chunks for capacity limit [chunk-id/nodes]: 0 {}
Avg # of unsent chunk for max-retries: 0.0
Min # of unsent chunk for max-retries: 0.0
Max # of unsent chunk for max-retries: 0.0
Avg # of unsent chunk-reqs for max-retries: 0.0
Min # of unsent chunk-reqs for max-retries: 0.0
Max # of unsent chunk-reqs for max-retries: 0.0
Avg % of chunks received by Pastry: 6.05
Min % of chunks received by Pastry: 1.0
Max % of chunks received by Pastry: 13.0
StD of chunks received by Pastry: 3.1199696354797735
Var of chunks received by Pastry: 9.734210526315792
Avg % of chunks received by StarStream: 92.95
Min % of chunks received by StarStream: 86.0
Max % of chunks received by StarStream: 98.0
StD of chunks received by StarStream: 3.1199696354796873
Var of chunks received by StarStream: 9.734210526315254
[MOJO] Startup Delay: 98.5
[MOJO] Latency: 6.853028190063904
Min of perceived avg chunk delivery-time: 5.85
Max of perceived avg chunk delivery-time: 7.76
Variance of perceived avg chunk delivery-time: 0.2746771181215922
StD of perceived avg chunk delivery-time: 0.5240964778755837
Avg messages sent per node: 6699.5
Min messages sent per node: 6048.0
Max messages sent per node: 7288.0
Variance of messages sent per node: 104120.15789473527
StD of messages sent per node: 322.676553060081
Nodes with incomplete playbacks: 5
[MOJO] Packet Loss: 14.3
Min % of not played chunks: 0.0
Max % of not played chunks: 99.0
Not played chunks [chunk-id/nodes]: {1=5, 2=4, 3=4, 4=4, 5=4, 6=3, 7=3, 8=3, 9=4, 10=4, 11=4, 12=3, 13=2, 14=2, 15=3, 17=2, 16=3, 19=3, 18=3, 21=2, 20=3, 23=3, 22=2, 25=3, 24=3, 27=3, 26=3, 29=3, 28=3, 31=3, 30=2, 34=3, 35=3, 32=3, 33=3, 38=3, 39=3, 36=3, 37=2, 42=3, 43=3, 40=3, 41=3, 46=3, 47=2, 44=3, 45=2, 51=3, 50=3, 49=3, 48=3, 55=3, 54=3, 53=3, 52=3, 59=2, 58=3, 57=3, 56=2, 63=3, 62=3, 61=2, 60=3, 68=3, 69=3, 70=3, 71=2, 64=3, 65=3, 66=3, 67=3, 76=3, 77=3, 78=3, 79=2, 72=3, 73=3, 74=2, 75=3, 85=3, 84=2, 87=3, 86=3, 81=3, 80=3, 83=2, 82=3, 93=3, 92=2, 95=3, 94=3, 89=2, 88=3, 91=2, 90=3, 98=3, 99=3, 96=3, 97=3}
Avg distance between not played chunks: 1.0766666666666667
Min distance between not played chunks: 1.0
Max distance between not played chunks: 1.3066666666666666

