Total chunks: 100
Nodes x chunk: 3
Total nodes: 20
Active nodes: 20
Started playbacks: 20
Not started playbacks node-ids: []
Playbacks time-window: 365
Missing chunks distribution [missed-chunks/nodes]: {0=18, 2=1, 7=1}
Rejected chunks for ttl expiration [chunk-id/nodes]: 7 {0=10, 1=2, 2=1, 3=1, 4=1, 5=1, 6=1}
Rejected chunks for capacity limit [chunk-id/nodes]: 0 {}
Avg # of unsent chunk for max-retries: 0.0
Min # of unsent chunk for max-retries: 0.0
Max # of unsent chunk for max-retries: 0.0
Avg # of unsent chunk-reqs for max-retries: 0.0
Min # of unsent chunk-reqs for max-retries: 0.0
Max # of unsent chunk-reqs for max-retries: 0.0
Avg % of chunks received by Pastry: 5.45
Min % of chunks received by Pastry: 1.0
Max % of chunks received by Pastry: 11.0
StD of chunks received by Pastry: 2.892367451359562
Var of chunks received by Pastry: 8.365789473684208
Avg % of chunks received by StarStream: 93.65
Min % of chunks received by StarStream: 88.0
Max % of chunks received by StarStream: 99.0
StD of chunks received by StarStream: 3.065512750104361
Var of chunks received by StarStream: 9.397368421052402
[MOJO] Startup Delay: 86.35
[MOJO] Latency: 6.957519148030668
Min of perceived avg chunk delivery-time: 5.98
Max of perceived avg chunk delivery-time: 7.797979797979798
Variance of perceived avg chunk delivery-time: 0.2809473288480702
StD of perceived avg chunk delivery-time: 0.5300446479760645
Avg messages sent per node: 6914.5
Min messages sent per node: 6337.0
Max messages sent per node: 7545.0
Variance of messages sent per node: 145831.84210526315
StD of messages sent per node: 381.87935543213536
Nodes with incomplete playbacks: 6
[MOJO] Packet Loss: 14.0
Min % of not played chunks: 0.0
Max % of not played chunks: 99.0
Not played chunks [chunk-id/nodes]: {1=5, 2=4, 3=4, 4=3, 5=4, 6=4, 7=3, 8=2, 9=2, 10=3, 11=3, 12=2, 13=2, 14=3, 15=3, 17=3, 16=3, 19=3, 18=3, 21=3, 20=3, 23=3, 22=3, 25=2, 24=3, 27=2, 26=2, 29=3, 28=2, 31=3, 30=3, 34=2, 35=3, 32=3, 33=3, 38=3, 39=3, 36=3, 37=3, 42=3, 43=3, 40=3, 41=3, 46=2, 47=3, 44=3, 45=3, 51=3, 50=3, 49=3, 48=3, 55=3, 54=3, 53=2, 52=3, 59=2, 58=3, 57=3, 56=3, 63=3, 62=2, 61=3, 60=2, 68=2, 69=3, 70=4, 71=2, 64=3, 65=3, 66=3, 67=3, 76=3, 77=3, 78=2, 79=3, 72=2, 73=2, 74=3, 75=3, 85=3, 84=2, 87=3, 86=2, 81=3, 80=3, 83=3, 82=2, 93=3, 92=3, 95=3, 94=3, 89=3, 88=3, 91=2, 90=3, 98=2, 99=3, 96=3, 97=3}
Avg distance between not played chunks: 3.8705550063550347
Min distance between not played chunks: 1.0
Max distance between not played chunks: 15.0

