Total chunks: 100
Nodes x chunk: 3
Total nodes: 20
Active nodes: 20
Started playbacks: 20
Not started playbacks node-ids: []
Playbacks time-window: 659
Missing chunks distribution [missed-chunks/nodes]: {0=18, 2=1, 13=1}
Rejected chunks for ttl expiration [chunk-id/nodes]: 12 {0=10, 1=2, 2=1, 3=1, 4=1, 5=1, 6=1, 8=1, 9=1, 10=1, 11=1, 12=1}
Rejected chunks for capacity limit [chunk-id/nodes]: 0 {}
Avg # of unsent chunk for max-retries: 0.0
Min # of unsent chunk for max-retries: 0.0
Max # of unsent chunk for max-retries: 0.0
Avg # of unsent chunk-reqs for max-retries: 0.0
Min # of unsent chunk-reqs for max-retries: 0.0
Max # of unsent chunk-reqs for max-retries: 0.0
Avg % of chunks received by Pastry: 5.9
Min % of chunks received by Pastry: 1.0
Max % of chunks received by Pastry: 13.0
StD of chunks received by Pastry: 3.307089672999987
Var of chunks received by Pastry: 10.936842105263159
Avg % of chunks received by StarStream: 93.1
Min % of chunks received by StarStream: 86.0
Max % of chunks received by StarStream: 98.0
StD of chunks received by StarStream: 3.307089673000183
Var of chunks received by StarStream: 10.936842105264459
[MOJO] Startup Delay: 101.05
[MOJO] Latency: 6.832252173387642
Min of perceived avg chunk delivery-time: 6.18
Max of perceived avg chunk delivery-time: 7.78
Variance of perceived avg chunk delivery-time: 0.2093944966155298
StD of perceived avg chunk delivery-time: 0.4575964342251039
Avg messages sent per node: 6715.4
Min messages sent per node: 5921.0
Max messages sent per node: 7249.0
Variance of messages sent per node: 102899.72631579166
StD of messages sent per node: 320.7798720552642
Nodes with incomplete playbacks: 5
[MOJO] Packet Loss: 14.6
Min % of not played chunks: 0.0
Max % of not played chunks: 99.0
Not played chunks [chunk-id/nodes]: {1=5, 2=4, 3=4, 4=4, 5=4, 6=4, 7=4, 8=4, 9=4, 10=3, 11=4, 12=4, 13=3, 14=3, 15=3, 17=3, 16=3, 19=3, 18=3, 21=2, 20=3, 23=2, 22=3, 25=3, 24=3, 27=3, 26=3, 29=3, 28=3, 31=3, 30=3, 34=3, 35=3, 32=2, 33=3, 38=3, 39=3, 36=3, 37=3, 42=3, 43=3, 40=3, 41=3, 46=3, 47=2, 44=3, 45=2, 51=3, 50=3, 49=3, 48=3, 55=3, 54=3, 53=3, 52=3, 59=2, 58=3, 57=3, 56=3, 63=3, 62=3, 61=3, 60=3, 68=3, 69=3, 70=3, 71=2, 64=3, 65=3, 66=3, 67=2, 76=3, 77=3, 78=3, 79=3, 72=2, 73=3, 74=2, 75=3, 85=3, 84=2, 87=3, 86=3, 81=3, 80=2, 83=3, 82=3, 93=2, 92=3, 95=3, 94=3, 89=3, 88=3, 91=3, 90=2, 98=2, 99=2, 96=2, 97=3}
Avg distance between not played chunks: 1.05
Min distance between not played chunks: 1.0
Max distance between not played chunks: 1.2

