Total chunks: 100
Nodes x chunk: 3
Total nodes: 20
Active nodes: 20
Started playbacks: 20
Not started playbacks node-ids: []
Playbacks time-window: 309
Missing chunks distribution [missed-chunks/nodes]: {0=18, 2=1, 6=1}
Rejected chunks for ttl expiration [chunk-id/nodes]: 6 {0=10, 1=2, 2=1, 3=1, 4=1, 5=1}
Rejected chunks for capacity limit [chunk-id/nodes]: 0 {}
Avg # of unsent chunk for max-retries: 0.0
Min # of unsent chunk for max-retries: 0.0
Max # of unsent chunk for max-retries: 0.0
Avg # of unsent chunk-reqs for max-retries: 0.0
Min # of unsent chunk-reqs for max-retries: 0.0
Max # of unsent chunk-reqs for max-retries: 0.0
Avg % of chunks received by Pastry: 5.95
Min % of chunks received by Pastry: 1.0
Max % of chunks received by Pastry: 12.0
StD of chunks received by Pastry: 3.3320611607453077
Var of chunks received by Pastry: 11.102631578947367
Avg % of chunks received by StarStream: 93.1
Min % of chunks received by StarStream: 87.0
Max % of chunks received by StarStream: 98.0
StD of chunks received by StarStream: 3.2751054623438036
Var of chunks received by StarStream: 10.726315789474219
[MOJO] Startup Delay: 83.55
[MOJO] Latency: 6.821315506344382
Min of perceived avg chunk delivery-time: 5.59
Max of perceived avg chunk delivery-time: 7.494949494949495
Variance of perceived avg chunk delivery-time: 0.20131388898043293
StD of perceived avg chunk delivery-time: 0.4486801633462671
Avg messages sent per node: 6994.4
Min messages sent per node: 6439.0
Max messages sent per node: 7405.0
Variance of messages sent per node: 66821.93684211686
StD of messages sent per node: 258.49939427804634
Nodes with incomplete playbacks: 6
[MOJO] Packet Loss: 13.9
Min % of not played chunks: 0.0
Max % of not played chunks: 99.0
Not played chunks [chunk-id/nodes]: {1=5, 2=4, 3=4, 4=4, 5=4, 6=3, 7=2, 8=3, 9=3, 10=3, 11=2, 12=2, 13=3, 14=3, 15=3, 17=3, 16=3, 19=3, 18=3, 21=3, 20=3, 23=3, 22=4, 25=3, 24=3, 27=3, 26=3, 29=3, 28=3, 31=3, 30=3, 34=2, 35=3, 32=2, 33=3, 38=3, 39=3, 36=3, 37=3, 42=3, 43=3, 40=3, 41=3, 46=3, 47=2, 44=2, 45=3, 51=3, 50=3, 49=4, 48=2, 55=2, 54=2, 53=2, 52=3, 59=3, 58=3, 57=3, 56=3, 63=2, 62=2, 61=3, 60=3, 68=3, 69=2, 70=3, 71=3, 64=3, 65=3, 66=3, 67=3, 76=2, 77=3, 78=3, 79=2, 72=2, 73=2, 74=3, 75=2, 85=2, 84=3, 87=3, 86=3, 81=3, 80=2, 83=3, 82=3, 93=2, 92=3, 95=3, 94=2, 89=3, 88=3, 91=2, 90=2, 98=2, 99=3, 96=2, 97=3}
Avg distance between not played chunks: 6.276056338028169
Min distance between not played chunks: 1.0
Max distance between not played chunks: 27.0

