Total chunks: 100
Nodes x chunk: 3
Total nodes: 20
Active nodes: 20
Started playbacks: 20
Not started playbacks node-ids: []
Playbacks time-window: 912
Missing chunks distribution [missed-chunks/nodes]: {0=17, 1=1, 2=1, 18=1}
Rejected chunks for ttl expiration [chunk-id/nodes]: 17 {0=10, 1=3, 2=1, 3=1, 5=1, 6=1, 7=1, 8=1, 9=1, 10=1, 11=1, 12=1, 13=1, 14=1, 15=1, 17=1, 16=1}
Rejected chunks for capacity limit [chunk-id/nodes]: 0 {}
Avg # of unsent chunk for max-retries: 0.0
Min # of unsent chunk for max-retries: 0.0
Max # of unsent chunk for max-retries: 0.0
Avg # of unsent chunk-reqs for max-retries: 0.0
Min # of unsent chunk-reqs for max-retries: 0.0
Max # of unsent chunk-reqs for max-retries: 0.0
Avg % of chunks received by Pastry: 5.85
Min % of chunks received by Pastry: 1.0
Max % of chunks received by Pastry: 14.0
StD of chunks received by Pastry: 3.74552364408784
Var of chunks received by Pastry: 14.028947368421052
Avg % of chunks received by StarStream: 93.2
Min % of chunks received by StarStream: 85.0
Max % of chunks received by StarStream: 99.0
StD of chunks received by StarStream: 3.8196169551685597
Var of chunks received by StarStream: 14.589473684211137
[MOJO] Startup Delay: 115.5
[MOJO] Latency: 6.787433219703256
Min of perceived avg chunk delivery-time: 5.94
Max of perceived avg chunk delivery-time: 7.6
Variance of perceived avg chunk delivery-time: 0.19127519491869285
StD of perceived avg chunk delivery-time: 0.4373501971174734
Avg messages sent per node: 6666.6
Min messages sent per node: 5685.0
Max messages sent per node: 7150.0
Variance of messages sent per node: 133723.30526315852
StD of messages sent per node: 365.6819728441074
Nodes with incomplete playbacks: 6
[MOJO] Packet Loss: 14.85
Min % of not played chunks: 0.0
Max % of not played chunks: 99.0
Not played chunks [chunk-id/nodes]: {1=6, 2=4, 3=4, 4=4, 5=4, 6=3, 7=4, 8=3, 9=4, 10=4, 11=4, 12=4, 13=4, 14=4, 15=4, 17=4, 16=4, 19=2, 18=3, 21=2, 20=2, 23=2, 22=3, 25=2, 24=3, 27=3, 26=3, 29=3, 28=3, 31=3, 30=3, 34=3, 35=3, 32=3, 33=3, 38=3, 39=3, 36=3, 37=3, 42=2, 43=3, 40=2, 41=3, 46=3, 47=3, 44=3, 45=3, 51=3, 50=3, 49=2, 48=3, 55=3, 54=3, 53=3, 52=3, 59=3, 58=3, 57=3, 56=3, 63=2, 62=3, 61=3, 60=3, 68=3, 69=3, 70=3, 71=3, 64=3, 65=2, 66=3, 67=3, 76=3, 77=2, 78=3, 79=3, 72=3, 73=3, 74=3, 75=2, 85=3, 84=3, 87=2, 86=3, 81=3, 80=3, 83=3, 82=3, 93=3, 92=3, 95=3, 94=2, 89=2, 88=3, 91=3, 90=3, 98=3, 99=2, 96=3, 97=2}
Avg distance between not played chunks: 1.0569620253164558
Min distance between not played chunks: 1.0
Max distance between not played chunks: 1.2278481012658229

