Total chunks: 100
Nodes x chunk: 3
Total nodes: 20
Active nodes: 20
Started playbacks: 20
Not started playbacks node-ids: []
Playbacks time-window: 359
Missing chunks distribution [missed-chunks/nodes]: {0=18, 2=1, 5=1}
Rejected chunks for ttl expiration [chunk-id/nodes]: 6 {0=9, 1=2, 2=1, 3=1, 4=1, 5=1}
Rejected chunks for capacity limit [chunk-id/nodes]: 0 {}
Avg # of unsent chunk for max-retries: 0.0
Min # of unsent chunk for max-retries: 0.0
Max # of unsent chunk for max-retries: 0.0
Avg # of unsent chunk-reqs for max-retries: 0.0
Min # of unsent chunk-reqs for max-retries: 0.0
Max # of unsent chunk-reqs for max-retries: 0.0
Avg % of chunks received by Pastry: 5.7
Min % of chunks received by Pastry: 2.0
Max % of chunks received by Pastry: 14.0
StD of chunks received by Pastry: 3.555573830362392
Var of chunks received by Pastry: 12.642105263157893
Avg % of chunks received by StarStream: 93.3
Min % of chunks received by StarStream: 85.0
Max % of chunks received by StarStream: 97.0
StD of chunks received by StarStream: 3.5555738303624245
Var of chunks received by StarStream: 12.642105263158124
[MOJO] Startup Delay: 86.05
[MOJO] Latency: 7.029425400334216
Min of perceived avg chunk delivery-time: 6.11
Max of perceived avg chunk delivery-time: 8.02
Variance of perceived avg chunk delivery-time: 0.3376032457781563
StD of perceived avg chunk delivery-time: 0.581036354953936
Avg messages sent per node: 6943.15
Min messages sent per node: 6282.0
Max messages sent per node: 7679.0
Variance of messages sent per node: 137694.2394736958
StD of messages sent per node: 371.0717443752566
Nodes with incomplete playbacks: 5
[MOJO] Packet Loss: 14.05
Min % of not played chunks: 0.0
Max % of not played chunks: 99.0
Not played chunks [chunk-id/nodes]: {1=5, 2=4, 3=4, 4=3, 5=3, 6=3, 7=3, 8=3, 9=3, 10=3, 11=2, 12=3, 13=3, 14=3, 15=3, 17=3, 16=3, 19=3, 18=2, 21=2, 20=3, 23=3, 22=3, 25=3, 24=3, 27=3, 26=3, 29=3, 28=2, 31=3, 30=2, 34=2, 35=3, 32=3, 33=3, 38=3, 39=2, 36=3, 37=3, 42=3, 43=3, 40=3, 41=3, 46=2, 47=3, 44=3, 45=3, 51=3, 50=3, 49=2, 48=3, 55=3, 54=3, 53=2, 52=3, 59=3, 58=3, 57=3, 56=2, 63=3, 62=2, 61=3, 60=3, 68=3, 69=2, 70=3, 71=3, 64=3, 65=2, 66=3, 67=3, 76=3, 77=3, 78=3, 79=3, 72=2, 73=2, 74=3, 75=3, 85=3, 84=3, 87=3, 86=2, 81=3, 80=3, 83=3, 82=3, 93=3, 92=2, 95=2, 94=3, 89=3, 88=3, 91=3, 90=3, 98=3, 99=2, 96=3, 97=3}
Avg distance between not played chunks: 1.069078947368421
Min distance between not played chunks: 1.0
Max distance between not played chunks: 1.2763157894736843

