Total chunks: 100
Nodes x chunk: 3
Total nodes: 20
Active nodes: 20
Started playbacks: 20
Not started playbacks node-ids: []
Playbacks time-window: 360
Missing chunks distribution [missed-chunks/nodes]: {0=17, 1=1, 2=1, 7=1}
Rejected chunks for ttl expiration [chunk-id/nodes]: 7 {0=10, 1=3, 2=1, 3=1, 4=1, 5=1, 6=1}
Rejected chunks for capacity limit [chunk-id/nodes]: 0 {}
Avg # of unsent chunk for max-retries: 0.0
Min # of unsent chunk for max-retries: 0.0
Max # of unsent chunk for max-retries: 0.0
Avg # of unsent chunk-reqs for max-retries: 0.0
Min # of unsent chunk-reqs for max-retries: 0.0
Max # of unsent chunk-reqs for max-retries: 0.0
Avg % of chunks received by Pastry: 5.25
Min % of chunks received by Pastry: 1.0
Max % of chunks received by Pastry: 9.0
StD of chunks received by Pastry: 2.6925824035672523
Var of chunks received by Pastry: 7.250000000000003
Avg % of chunks received by StarStream: 93.75
Min % of chunks received by StarStream: 90.0
Max % of chunks received by StarStream: 98.0
StD of chunks received by StarStream: 2.692582403567394
Var of chunks received by StarStream: 7.250000000000766
[MOJO] Startup Delay: 87.95
[MOJO] Latency: 6.749826666932657
Min of perceived avg chunk delivery-time: 5.89
Max of perceived avg chunk delivery-time: 7.8
Variance of perceived avg chunk delivery-time: 0.215410280214419
StD of perceived avg chunk delivery-time: 0.46412313044537973
Avg messages sent per node: 6959.85
Min messages sent per node: 6514.0
Max messages sent per node: 7731.0
Variance of messages sent per node: 107413.92368420174
StD of messages sent per node: 327.74063477726065
Nodes with incomplete playbacks: 7
[MOJO] Packet Loss: 13.95
Min % of not played chunks: 0.0
Max % of not played chunks: 99.0
Not played chunks [chunk-id/nodes]: {1=6, 2=4, 3=4, 4=4, 5=3, 6=4, 7=3, 8=3, 9=2, 10=3, 11=3, 12=2, 13=3, 14=3, 15=2, 17=2, 16=3, 19=3, 18=3, 21=3, 20=3, 23=3, 22=3, 25=3, 24=3, 27=3, 26=3, 29=3, 28=3, 31=3, 30=2, 34=3, 35=2, 32=3, 33=3, 38=3, 39=2, 36=3, 37=3, 42=3, 43=2, 40=2, 41=2, 46=2, 47=3, 44=3, 45=2, 51=3, 50=2, 49=3, 48=3, 55=2, 54=3, 53=3, 52=2, 59=3, 58=3, 57=3, 56=3, 63=3, 62=3, 61=3, 60=3, 68=2, 69=2, 70=3, 71=3, 64=2, 65=2, 66=3, 67=2, 76=3, 77=3, 78=3, 79=2, 72=3, 73=4, 74=3, 75=2, 85=3, 84=2, 87=3, 86=3, 81=3, 80=2, 83=3, 82=3, 93=2, 92=3, 95=3, 94=3, 89=3, 88=3, 91=3, 90=3, 98=3, 99=2, 96=3, 97=3}
Avg distance between not played chunks: 1.091549295774648
Min distance between not played chunks: 1.0
Max distance between not played chunks: 1.3661971830985915

