Total chunks: 100
Nodes x chunk: 3
Total nodes: 20
Active nodes: 20
Started playbacks: 20
Not started playbacks node-ids: []
Playbacks time-window: 214
Missing chunks distribution [missed-chunks/nodes]: {0=18, 2=1, 4=1}
Rejected chunks for ttl expiration [chunk-id/nodes]: 4 {0=10, 1=2, 2=1, 3=1}
Rejected chunks for capacity limit [chunk-id/nodes]: 0 {}
Avg # of unsent chunk for max-retries: 0.0
Min # of unsent chunk for max-retries: 0.0
Max # of unsent chunk for max-retries: 0.0
Avg # of unsent chunk-reqs for max-retries: 0.0
Min # of unsent chunk-reqs for max-retries: 0.0
Max # of unsent chunk-reqs for max-retries: 0.0
Avg % of chunks received by Pastry: 5.6
Min % of chunks received by Pastry: 1.0
Max % of chunks received by Pastry: 13.0
StD of chunks received by Pastry: 3.067658115858003
Var of chunks received by Pastry: 9.410526315789474
Avg % of chunks received by StarStream: 93.55
Min % of chunks received by StarStream: 86.0
Max % of chunks received by StarStream: 99.0
StD of chunks received by StarStream: 3.2682684937699684
Var of chunks received by StarStream: 10.681578947369417
[MOJO] Startup Delay: 78.8
[MOJO] Latency: 6.863616934652649
Min of perceived avg chunk delivery-time: 6.24
Max of perceived avg chunk delivery-time: 7.708333333333333
Variance of perceived avg chunk delivery-time: 0.22332044795502412
StD of perceived avg chunk delivery-time: 0.47256792946096554
Avg messages sent per node: 6945.05
Min messages sent per node: 6095.0
Max messages sent per node: 7716.0
Variance of messages sent per node: 236643.8394736773
StD of messages sent per node: 486.4605220094199
Nodes with incomplete playbacks: 6
[MOJO] Packet Loss: 14.0
Min % of not played chunks: 0.0
Max % of not played chunks: 99.0
Not played chunks [chunk-id/nodes]: {1=5, 2=4, 3=4, 4=3, 5=3, 6=3, 7=3, 8=3, 9=2, 10=3, 11=3, 12=3, 13=3, 14=3, 15=2, 17=2, 16=3, 19=3, 18=3, 21=3, 20=3, 23=2, 22=3, 25=2, 24=2, 27=2, 26=2, 29=2, 28=3, 31=3, 30=3, 34=3, 35=2, 32=3, 33=3, 38=2, 39=2, 36=2, 37=3, 42=3, 43=3, 40=3, 41=2, 46=3, 47=3, 44=3, 45=3, 51=3, 50=3, 49=2, 48=2, 55=3, 54=3, 53=3, 52=3, 59=2, 58=3, 57=2, 56=3, 63=3, 62=3, 61=3, 60=3, 68=3, 69=3, 70=3, 71=3, 64=3, 65=3, 66=3, 67=3, 76=3, 77=3, 78=3, 79=3, 72=3, 73=3, 74=3, 75=3, 85=2, 84=3, 87=3, 86=3, 81=3, 80=2, 83=3, 82=3, 93=3, 92=3, 95=3, 94=3, 89=2, 88=4, 91=2, 90=3, 98=3, 99=3, 96=3, 97=3}
Avg distance between not played chunks: 6.059956592512209
Min distance between not played chunks: 1.0
Max distance between not played chunks: 26.0

