Total chunks: 100
Nodes x chunk: 3
Total nodes: 20
Active nodes: 20
Started playbacks: 20
Not started playbacks node-ids: []
Playbacks time-window: 318
Missing chunks distribution [missed-chunks/nodes]: {0=18, 2=1, 6=1}
Rejected chunks for ttl expiration [chunk-id/nodes]: 5 {0=10, 1=2, 2=1, 3=1, 5=1}
Rejected chunks for capacity limit [chunk-id/nodes]: 0 {}
Avg # of unsent chunk for max-retries: 0.0
Min # of unsent chunk for max-retries: 0.0
Max # of unsent chunk for max-retries: 0.0
Avg # of unsent chunk-reqs for max-retries: 0.0
Min # of unsent chunk-reqs for max-retries: 0.0
Max # of unsent chunk-reqs for max-retries: 0.0
Avg % of chunks received by Pastry: 5.65
Min % of chunks received by Pastry: 1.0
Max % of chunks received by Pastry: 11.0
StD of chunks received by Pastry: 3.048295468480359
Var of chunks received by Pastry: 9.292105263157891
Avg % of chunks received by StarStream: 93.45
Min % of chunks received by StarStream: 88.0
Max % of chunks received by StarStream: 99.0
StD of chunks received by StarStream: 3.2195946132524287
Var of chunks received by StarStream: 10.365789473684057
[MOJO] Startup Delay: 84.0
[MOJO] Latency: 6.880685559459119
Min of perceived avg chunk delivery-time: 5.98
Max of perceived avg chunk delivery-time: 7.888888888888889
Variance of perceived avg chunk delivery-time: 0.30191488117237875
StD of perceived avg chunk delivery-time: 0.5494678163208276
Avg messages sent per node: 6832.65
Min messages sent per node: 6412.0
Max messages sent per node: 7600.0
Variance of messages sent per node: 100555.39736842638
StD of messages sent per node: 317.1047104166483
Nodes with incomplete playbacks: 6
[MOJO] Packet Loss: 14.1
Min % of not played chunks: 0.0
Max % of not played chunks: 99.0
Not played chunks [chunk-id/nodes]: {1=5, 2=4, 3=4, 4=3, 5=3, 6=3, 7=3, 8=3, 9=2, 10=3, 11=3, 12=3, 13=3, 14=3, 15=3, 17=3, 16=3, 19=3, 18=3, 21=3, 20=3, 23=2, 22=3, 25=3, 24=2, 27=3, 26=3, 29=3, 28=3, 31=3, 30=3, 34=2, 35=3, 32=3, 33=3, 38=3, 39=2, 36=3, 37=3, 42=2, 43=2, 40=3, 41=2, 46=3, 47=3, 44=3, 45=3, 51=3, 50=2, 49=2, 48=2, 55=3, 54=3, 53=3, 52=3, 59=3, 58=3, 57=3, 56=3, 63=3, 62=3, 61=3, 60=3, 68=2, 69=3, 70=3, 71=2, 64=3, 65=3, 66=3, 67=2, 76=3, 77=3, 78=2, 79=3, 72=4, 73=3, 74=3, 75=2, 85=3, 84=3, 87=2, 86=2, 81=3, 80=3, 83=3, 82=3, 93=3, 92=3, 95=3, 94=2, 89=3, 88=3, 91=3, 90=3, 98=3, 99=3, 96=2, 97=3}
Avg distance between not played chunks: 1.070759137769447
Min distance between not played chunks: 1.0
Max distance between not played chunks: 1.2727272727272727

