Total chunks: 100
Nodes x chunk: 3
Total nodes: 20
Active nodes: 20
Started playbacks: 20
Not started playbacks node-ids: []
Playbacks time-window: 340
Missing chunks distribution [missed-chunks/nodes]: {0=18, 2=1, 4=1}
Rejected chunks for ttl expiration [chunk-id/nodes]: 6 {0=9, 1=1, 2=1, 3=1, 5=1, 6=1}
Rejected chunks for capacity limit [chunk-id/nodes]: 0 {}
Avg # of unsent chunk for max-retries: 0.0
Min # of unsent chunk for max-retries: 0.0
Max # of unsent chunk for max-retries: 0.0
Avg # of unsent chunk-reqs for max-retries: 0.0
Min # of unsent chunk-reqs for max-retries: 0.0
Max # of unsent chunk-reqs for max-retries: 0.0
Avg % of chunks received by Pastry: 6.0
Min % of chunks received by Pastry: 2.0
Max % of chunks received by Pastry: 13.0
StD of chunks received by Pastry: 3.060787652326044
Var of chunks received by Pastry: 9.368421052631577
Avg % of chunks received by StarStream: 93.0
Min % of chunks received by StarStream: 86.0
Max % of chunks received by StarStream: 97.0
StD of chunks received by StarStream: 3.0607876523259816
Var of chunks received by StarStream: 9.368421052631195
[MOJO] Startup Delay: 85.1
[MOJO] Latency: 6.936950255924421
Min of perceived avg chunk delivery-time: 6.15
Max of perceived avg chunk delivery-time: 8.606382978723405
Variance of perceived avg chunk delivery-time: 0.3443877339787311
StD of perceived avg chunk delivery-time: 0.5868455793296318
Avg messages sent per node: 7033.15
Min messages sent per node: 6215.0
Max messages sent per node: 7694.0
Variance of messages sent per node: 162431.60789474845
StD of messages sent per node: 403.0280485211277
Nodes with incomplete playbacks: 5
[MOJO] Packet Loss: 14.1
Min % of not played chunks: 0.0
Max % of not played chunks: 99.0
Not played chunks [chunk-id/nodes]: {1=5, 2=4, 3=4, 4=3, 5=4, 6=4, 7=3, 8=3, 9=3, 10=3, 11=3, 12=3, 13=2, 14=2, 15=2, 17=3, 16=3, 19=2, 18=3, 21=2, 20=3, 23=3, 22=3, 25=3, 24=3, 27=3, 26=3, 29=2, 28=3, 31=3, 30=2, 34=2, 35=2, 32=3, 33=3, 38=3, 39=3, 36=3, 37=3, 42=3, 43=3, 40=3, 41=3, 46=3, 47=2, 44=3, 45=2, 51=3, 50=3, 49=3, 48=2, 55=3, 54=3, 53=3, 52=3, 59=3, 58=2, 57=3, 56=3, 63=2, 62=2, 61=3, 60=3, 68=3, 69=3, 70=2, 71=3, 64=3, 65=3, 66=2, 67=3, 76=3, 77=3, 78=3, 79=3, 72=2, 73=3, 74=3, 75=2, 85=2, 84=3, 87=3, 86=3, 81=3, 80=3, 83=3, 82=3, 93=3, 92=3, 95=3, 94=3, 89=3, 88=3, 91=3, 90=3, 98=2, 99=3, 96=3, 97=3}
Avg distance between not played chunks: 1.1306818181818181
Min distance between not played chunks: 1.0
Max distance between not played chunks: 1.2727272727272727

