Total chunks: 100
Nodes x chunk: 4
Total nodes: 30
Active nodes: 30
Started playbacks: 30
Not started playbacks node-ids: []
Playbacks time-window: 310
Missing chunks distribution [missed-chunks/nodes]: {0=25, 1=1, 3=1, 4=2, 6=1}
Rejected chunks for ttl expiration [chunk-id/nodes]: 5 {1=4, 2=4, 3=3, 4=1, 5=1}
Rejected chunks for capacity limit [chunk-id/nodes]: 0 {}
Avg # of unsent chunk for max-retries: 0.0
Min # of unsent chunk for max-retries: 0.0
Max # of unsent chunk for max-retries: 0.0
Avg # of unsent chunk-reqs for max-retries: 0.0
Min # of unsent chunk-reqs for max-retries: 0.0
Max # of unsent chunk-reqs for max-retries: 0.0
Avg % of chunks received by Pastry: 4.966666666666667
Min % of chunks received by Pastry: 1.0
Max % of chunks received by Pastry: 10.0
StD of chunks received by Pastry: 3.0680032069997774
Var of chunks received by Pastry: 9.412643678160919
Avg % of chunks received by StarStream: 94.1
Min % of chunks received by StarStream: 90.0
Max % of chunks received by StarStream: 99.0
StD of chunks received by StarStream: 3.066504243574794
Var of chunks received by StarStream: 9.40344827586222
[MOJO] Startup Delay: 86.3
[MOJO] Latency: 6.316569399683652
Min of perceived avg chunk delivery-time: 5.36
Max of perceived avg chunk delivery-time: 7.260416666666667
Variance of perceived avg chunk delivery-time: 0.19355548004206224
StD of perceived avg chunk delivery-time: 0.4399494062299235
Avg messages sent per node: 12557.033333333333
Min messages sent per node: 10374.0
Max messages sent per node: 14222.0
Variance of messages sent per node: 744026.79195402
StD of messages sent per node: 862.5698765630643
Nodes with incomplete playbacks: 17
[MOJO] Packet Loss: 27.533333333333335
Min % of not played chunks: 0.0
Max % of not played chunks: 99.0
Not played chunks [chunk-id/nodes]: {1=13, 2=11, 3=9, 4=9, 5=9, 6=10, 7=8, 8=9, 9=8, 10=9, 11=9, 12=7, 13=9, 14=9, 15=9, 17=7, 16=9, 19=8, 18=10, 21=9, 20=7, 23=7, 22=8, 25=7, 24=6, 27=8, 26=7, 29=8, 28=6, 31=10, 30=7, 34=9, 35=11, 32=7, 33=9, 38=9, 39=10, 36=7, 37=8, 42=7, 43=6, 40=7, 41=9, 46=7, 47=6, 44=9, 45=9, 51=8, 50=9, 49=8, 48=9, 55=9, 54=10, 53=10, 52=7, 59=9, 58=11, 57=9, 56=9, 63=10, 62=8, 61=9, 60=11, 68=9, 69=9, 70=7, 71=9, 64=9, 65=8, 66=11, 67=9, 76=10, 77=7, 78=8, 79=8, 72=8, 73=9, 74=9, 75=8, 85=7, 84=7, 87=9, 86=7, 81=9, 80=8, 83=6, 82=9, 93=9, 92=8, 95=8, 94=7, 89=7, 88=6, 91=6, 90=7, 98=7, 99=6, 96=8, 97=9}
Avg distance between not played chunks: 2.6211787310031918
Min distance between not played chunks: 1.0
Max distance between not played chunks: 17.8

