Total chunks: 100
Nodes x chunk: 4
Total nodes: 30
Active nodes: 30
Started playbacks: 30
Not started playbacks node-ids: []
Playbacks time-window: 166
Missing chunks distribution [missed-chunks/nodes]: {0=25, 1=3, 3=2}
Rejected chunks for ttl expiration [chunk-id/nodes]: 2 {1=4, 2=2}
Rejected chunks for capacity limit [chunk-id/nodes]: 0 {}
Avg # of unsent chunk for max-retries: 0.0
Min # of unsent chunk for max-retries: 0.0
Max # of unsent chunk for max-retries: 0.0
Avg # of unsent chunk-reqs for max-retries: 0.0
Min # of unsent chunk-reqs for max-retries: 0.0
Max # of unsent chunk-reqs for max-retries: 0.0
Avg % of chunks received by Pastry: 5.033333333333333
Min % of chunks received by Pastry: 0.0
Max % of chunks received by Pastry: 11.0
StD of chunks received by Pastry: 3.316451503446515
Var of chunks received by Pastry: 10.998850574712648
Avg % of chunks received by StarStream: 94.1
Min % of chunks received by StarStream: 88.0
Max % of chunks received by StarStream: 100.0
StD of chunks received by StarStream: 3.5071355833502187
Var of chunks received by StarStream: 12.30000000000128
[MOJO] Startup Delay: 76.36666666666666
[MOJO] Latency: 6.359765575666901
Min of perceived avg chunk delivery-time: 5.35
Max of perceived avg chunk delivery-time: 7.121212121212121
Variance of perceived avg chunk delivery-time: 0.24783521567207578
StD of perceived avg chunk delivery-time: 0.49783050898079334
Avg messages sent per node: 12772.566666666668
Min messages sent per node: 10871.0
Max messages sent per node: 14475.0
Variance of messages sent per node: 721819.4264367429
StD of messages sent per node: 849.5995682889339
Nodes with incomplete playbacks: 17
[MOJO] Packet Loss: 27.166666666666668
Min % of not played chunks: 0.0
Max % of not played chunks: 99.0
Not played chunks [chunk-id/nodes]: {1=13, 2=12, 3=9, 4=9, 5=9, 6=9, 7=9, 8=9, 9=9, 10=8, 11=9, 12=6, 13=7, 14=10, 15=9, 17=8, 16=9, 19=8, 18=6, 21=8, 20=8, 23=7, 22=9, 25=7, 24=9, 27=9, 26=9, 29=7, 28=6, 31=7, 30=6, 34=8, 35=7, 32=6, 33=6, 38=9, 39=5, 36=9, 37=8, 42=8, 43=8, 40=7, 41=6, 46=8, 47=9, 44=7, 45=9, 51=8, 50=10, 49=9, 48=9, 55=6, 54=7, 53=9, 52=8, 59=8, 58=7, 57=8, 56=8, 63=5, 62=9, 61=9, 60=10, 68=6, 69=8, 70=8, 71=9, 64=7, 65=9, 66=10, 67=7, 76=8, 77=9, 78=11, 79=8, 72=6, 73=7, 74=10, 75=10, 85=8, 84=9, 87=7, 86=10, 81=7, 80=8, 83=8, 82=8, 93=11, 92=9, 95=8, 94=9, 89=9, 88=8, 91=9, 90=9, 98=9, 99=10, 96=8, 97=8}
Avg distance between not played chunks: 2.115215041652621
Min distance between not played chunks: 1.0
Max distance between not played chunks: 8.0

