Total chunks: 100
Nodes x chunk: 4
Total nodes: 30
Active nodes: 30
Started playbacks: 30
Not started playbacks node-ids: []
Playbacks time-window: 175
Missing chunks distribution [missed-chunks/nodes]: {0=25, 1=2, 2=2, 3=1}
Rejected chunks for ttl expiration [chunk-id/nodes]: 2 {1=5, 2=3}
Rejected chunks for capacity limit [chunk-id/nodes]: 0 {}
Avg # of unsent chunk for max-retries: 0.0
Min # of unsent chunk for max-retries: 0.0
Max # of unsent chunk for max-retries: 0.0
Avg # of unsent chunk-reqs for max-retries: 0.0
Min # of unsent chunk-reqs for max-retries: 0.0
Max # of unsent chunk-reqs for max-retries: 0.0
Avg % of chunks received by Pastry: 4.833333333333333
Min % of chunks received by Pastry: 0.0
Max % of chunks received by Pastry: 12.0
StD of chunks received by Pastry: 3.2172309075731076
Var of chunks received by Pastry: 10.350574712643683
Avg % of chunks received by StarStream: 94.3
Min % of chunks received by StarStream: 87.0
Max % of chunks received by StarStream: 100.0
StD of chunks received by StarStream: 3.4053710112319493
Var of chunks received by StarStream: 11.59655172413891
[MOJO] Startup Delay: 79.5
[MOJO] Latency: 6.389385894147307
Min of perceived avg chunk delivery-time: 5.26
Max of perceived avg chunk delivery-time: 7.247422680412371
Variance of perceived avg chunk delivery-time: 0.2565342351079857
StD of perceived avg chunk delivery-time: 0.50649208790265
Avg messages sent per node: 11950.5
Min messages sent per node: 2634.0
Max messages sent per node: 13872.0
Variance of messages sent per node: 3599154.6724137873
StD of messages sent per node: 1897.1438196440952
Nodes with incomplete playbacks: 17
[MOJO] Packet Loss: 27.6
Min % of not played chunks: 0.0
Max % of not played chunks: 99.0
Not played chunks [chunk-id/nodes]: {1=13, 2=12, 3=8, 4=7, 5=8, 6=8, 7=9, 8=7, 9=9, 10=9, 11=8, 12=8, 13=10, 14=9, 15=7, 17=8, 16=11, 19=9, 18=7, 21=12, 20=9, 23=7, 22=8, 25=8, 24=9, 27=7, 26=10, 29=8, 28=8, 31=8, 30=8, 34=11, 35=9, 32=7, 33=7, 38=9, 39=8, 36=8, 37=8, 42=9, 43=6, 40=6, 41=9, 46=9, 47=10, 44=8, 45=6, 51=8, 50=7, 49=7, 48=9, 55=8, 54=6, 53=10, 52=8, 59=11, 58=9, 57=8, 56=7, 63=9, 62=10, 61=8, 60=7, 68=9, 69=9, 70=8, 71=10, 64=9, 65=8, 66=6, 67=6, 76=8, 77=10, 78=8, 79=9, 72=9, 73=9, 74=7, 75=7, 85=7, 84=8, 87=9, 86=9, 81=8, 80=7, 83=8, 82=10, 93=8, 92=9, 95=9, 94=7, 89=7, 88=9, 91=9, 90=7, 98=9, 99=10, 96=8, 97=7}
Avg distance between not played chunks: 2.1561752805121075
Min distance between not played chunks: 1.0
Max distance between not played chunks: 8.875

