Total chunks: 100
Nodes x chunk: 4
Total nodes: 30
Active nodes: 30
Started playbacks: 30
Not started playbacks node-ids: []
Playbacks time-window: 258
Missing chunks distribution [missed-chunks/nodes]: {0=25, 1=4, 5=1}
Rejected chunks for ttl expiration [chunk-id/nodes]: 3 {1=4, 3=1, 4=1}
Rejected chunks for capacity limit [chunk-id/nodes]: 0 {}
Avg # of unsent chunk for max-retries: 0.0
Min # of unsent chunk for max-retries: 0.0
Max # of unsent chunk for max-retries: 0.0
Avg # of unsent chunk-reqs for max-retries: 0.0
Min # of unsent chunk-reqs for max-retries: 0.0
Max # of unsent chunk-reqs for max-retries: 0.0
Avg % of chunks received by Pastry: 4.966666666666667
Min % of chunks received by Pastry: 0.0
Max % of chunks received by Pastry: 11.0
StD of chunks received by Pastry: 3.3884523304013436
Var of chunks received by Pastry: 11.481609195402298
Avg % of chunks received by StarStream: 94.23333333333333
Min % of chunks received by StarStream: 88.0
Max % of chunks received by StarStream: 100.0
StD of chunks received by StarStream: 3.626372114475274
Var of chunks received by StarStream: 13.150574712643872
[MOJO] Startup Delay: 76.96666666666667
[MOJO] Latency: 6.397392391512692
Min of perceived avg chunk delivery-time: 5.05
Max of perceived avg chunk delivery-time: 7.454545454545454
Variance of perceived avg chunk delivery-time: 0.2039978876309677
StD of perceived avg chunk delivery-time: 0.45166125318757167
Avg messages sent per node: 12662.466666666667
Min messages sent per node: 10417.0
Max messages sent per node: 14429.0
Variance of messages sent per node: 847750.6022988415
StD of messages sent per node: 920.7337304013802
Nodes with incomplete playbacks: 17
[MOJO] Packet Loss: 27.2
Min % of not played chunks: 0.0
Max % of not played chunks: 99.0
Not played chunks [chunk-id/nodes]: {1=13, 2=9, 3=7, 4=10, 5=9, 6=8, 7=8, 8=7, 9=9, 10=8, 11=7, 12=8, 13=6, 14=10, 15=9, 17=9, 16=11, 19=7, 18=9, 21=9, 20=7, 23=10, 22=7, 25=9, 24=8, 27=8, 26=8, 29=8, 28=9, 31=6, 30=8, 34=8, 35=7, 32=9, 33=9, 38=8, 39=9, 36=7, 37=9, 42=8, 43=7, 40=8, 41=8, 46=7, 47=7, 44=9, 45=10, 51=10, 50=7, 49=9, 48=7, 55=8, 54=9, 53=9, 52=9, 59=7, 58=9, 57=9, 56=8, 63=8, 62=8, 61=8, 60=6, 68=7, 69=6, 70=7, 71=8, 64=9, 65=10, 66=9, 67=9, 76=7, 77=10, 78=8, 79=11, 72=7, 73=8, 74=10, 75=9, 85=8, 84=8, 87=9, 86=8, 81=7, 80=8, 83=9, 82=9, 93=10, 92=6, 95=9, 94=10, 89=9, 88=7, 91=6, 90=7, 98=8, 99=7, 96=6, 97=8}
Avg distance between not played chunks: 2.3819095253613582
Min distance between not played chunks: 1.0
Max distance between not played chunks: 11.0

