Total chunks: 100
Nodes x chunk: 4
Total nodes: 30
Active nodes: 30
Started playbacks: 30
Not started playbacks node-ids: []
Playbacks time-window: 160
Missing chunks distribution [missed-chunks/nodes]: {0=25, 1=3, 3=2}
Rejected chunks for ttl expiration [chunk-id/nodes]: 2 {1=5, 2=2}
Rejected chunks for capacity limit [chunk-id/nodes]: 0 {}
Avg # of unsent chunk for max-retries: 0.0
Min # of unsent chunk for max-retries: 0.0
Max # of unsent chunk for max-retries: 0.0
Avg # of unsent chunk-reqs for max-retries: 0.0
Min # of unsent chunk-reqs for max-retries: 0.0
Max # of unsent chunk-reqs for max-retries: 0.0
Avg % of chunks received by Pastry: 4.9
Min % of chunks received by Pastry: 0.0
Max % of chunks received by Pastry: 16.0
StD of chunks received by Pastry: 3.9857504809698914
Var of chunks received by Pastry: 15.88620689655172
Avg % of chunks received by StarStream: 94.3
Min % of chunks received by StarStream: 83.0
Max % of chunks received by StarStream: 100.0
StD of chunks received by StarStream: 4.211232926189288
Var of chunks received by StarStream: 17.734482758620793
[MOJO] Startup Delay: 75.23333333333333
[MOJO] Latency: 6.394004414720174
Min of perceived avg chunk delivery-time: 5.52
Max of perceived avg chunk delivery-time: 7.111111111111111
Variance of perceived avg chunk delivery-time: 0.16851603141010832
StD of perceived avg chunk delivery-time: 0.4105070418520349
Avg messages sent per node: 12092.333333333334
Min messages sent per node: 2600.0
Max messages sent per node: 14070.0
Variance of messages sent per node: 3751520.9885057295
StD of messages sent per node: 1936.8843508340217
Nodes with incomplete playbacks: 17
[MOJO] Packet Loss: 27.6
Min % of not played chunks: 0.0
Max % of not played chunks: 99.0
Not played chunks [chunk-id/nodes]: {1=13, 2=11, 3=8, 4=9, 5=11, 6=5, 7=9, 8=9, 9=8, 10=6, 11=8, 12=6, 13=10, 14=8, 15=9, 17=9, 16=8, 19=7, 18=9, 21=8, 20=7, 23=8, 22=8, 25=8, 24=7, 27=10, 26=8, 29=8, 28=9, 31=8, 30=8, 34=8, 35=8, 32=9, 33=7, 38=9, 39=9, 36=9, 37=7, 42=9, 43=8, 40=8, 41=8, 46=9, 47=7, 44=11, 45=10, 51=8, 50=6, 49=7, 48=8, 55=7, 54=9, 53=5, 52=10, 59=9, 58=8, 57=8, 56=9, 63=9, 62=9, 61=8, 60=9, 68=8, 69=10, 70=10, 71=9, 64=7, 65=10, 66=10, 67=9, 76=9, 77=7, 78=9, 79=8, 72=6, 73=8, 74=8, 75=8, 85=9, 84=9, 87=10, 86=6, 81=11, 80=8, 83=6, 82=8, 93=6, 92=9, 95=7, 94=9, 89=10, 88=9, 91=8, 90=9, 98=8, 99=9, 96=8, 97=8}
Avg distance between not played chunks: 2.4931968771353574
Min distance between not played chunks: 1.0
Max distance between not played chunks: 12.666666666666666

