Total chunks: 100
Nodes x chunk: 4
Total nodes: 30
Active nodes: 30
Started playbacks: 30
Not started playbacks node-ids: []
Playbacks time-window: 156
Missing chunks distribution [missed-chunks/nodes]: {0=25, 1=3, 3=2}
Rejected chunks for ttl expiration [chunk-id/nodes]: 2 {1=5, 2=2}
Rejected chunks for capacity limit [chunk-id/nodes]: 0 {}
Avg # of unsent chunk for max-retries: 0.0
Min # of unsent chunk for max-retries: 0.0
Max # of unsent chunk for max-retries: 0.0
Avg # of unsent chunk-reqs for max-retries: 0.0
Min # of unsent chunk-reqs for max-retries: 0.0
Max # of unsent chunk-reqs for max-retries: 0.0
Avg % of chunks received by Pastry: 4.833333333333333
Min % of chunks received by Pastry: 0.0
Max % of chunks received by Pastry: 11.0
StD of chunks received by Pastry: 3.3639399450678353
Var of chunks received by Pastry: 11.31609195402299
Avg % of chunks received by StarStream: 94.33333333333333
Min % of chunks received by StarStream: 88.0
Max % of chunks received by StarStream: 100.0
StD of chunks received by StarStream: 3.594376194819516
Var of chunks received by StarStream: 12.919540229885225
[MOJO] Startup Delay: 75.76666666666667
[MOJO] Latency: 6.401549730420126
Min of perceived avg chunk delivery-time: 5.22
Max of perceived avg chunk delivery-time: 7.181818181818182
Variance of perceived avg chunk delivery-time: 0.16880627534153705
StD of perceived avg chunk delivery-time: 0.4108604085836661
Avg messages sent per node: 12700.733333333334
Min messages sent per node: 10992.0
Max messages sent per node: 13999.0
Variance of messages sent per node: 658995.5816092163
StD of messages sent per node: 811.7854283055444
Nodes with incomplete playbacks: 17
[MOJO] Packet Loss: 28.066666666666666
Min % of not played chunks: 0.0
Max % of not played chunks: 99.0
Not played chunks [chunk-id/nodes]: {1=13, 2=11, 3=9, 4=8, 5=9, 6=7, 7=9, 8=8, 9=9, 10=10, 11=9, 12=9, 13=8, 14=8, 15=7, 17=10, 16=8, 19=8, 18=7, 21=6, 20=10, 23=8, 22=9, 25=7, 24=8, 27=10, 26=10, 29=9, 28=9, 31=8, 30=8, 34=6, 35=10, 32=7, 33=8, 38=9, 39=6, 36=10, 37=9, 42=8, 43=8, 40=8, 41=8, 46=9, 47=8, 44=8, 45=9, 51=6, 50=10, 49=9, 48=7, 55=9, 54=10, 53=9, 52=10, 59=7, 58=8, 57=10, 56=7, 63=10, 62=11, 61=10, 60=8, 68=8, 69=8, 70=8, 71=10, 64=9, 65=7, 66=8, 67=9, 76=8, 77=9, 78=8, 79=8, 72=9, 73=10, 74=6, 75=6, 85=11, 84=9, 87=9, 86=9, 81=7, 80=8, 83=7, 82=7, 93=9, 92=8, 95=10, 94=9, 89=8, 88=7, 91=7, 90=9, 98=9, 99=10, 96=8, 97=9}
Avg distance between not played chunks: 2.767520363507576
Min distance between not played chunks: 1.0
Max distance between not played chunks: 19.0

