Total chunks: 100
Nodes x chunk: 4
Total nodes: 30
Active nodes: 30
Started playbacks: 30
Not started playbacks node-ids: []
Playbacks time-window: 161
Missing chunks distribution [missed-chunks/nodes]: {0=25, 1=3, 3=2}
Rejected chunks for ttl expiration [chunk-id/nodes]: 2 {1=5, 2=2}
Rejected chunks for capacity limit [chunk-id/nodes]: 0 {}
Avg # of unsent chunk for max-retries: 0.0
Min # of unsent chunk for max-retries: 0.0
Max # of unsent chunk for max-retries: 0.0
Avg # of unsent chunk-reqs for max-retries: 0.0
Min # of unsent chunk-reqs for max-retries: 0.0
Max # of unsent chunk-reqs for max-retries: 0.0
Avg % of chunks received by Pastry: 5.5
Min % of chunks received by Pastry: 0.0
Max % of chunks received by Pastry: 15.0
StD of chunks received by Pastry: 3.6929569499904487
Var of chunks received by Pastry: 13.637931034482756
Avg % of chunks received by StarStream: 93.56666666666666
Min % of chunks received by StarStream: 84.0
Max % of chunks received by StarStream: 100.0
StD of chunks received by StarStream: 3.7936728935148656
Var of chunks received by StarStream: 14.391954022989452
[MOJO] Startup Delay: 76.0
[MOJO] Latency: 6.539311491377764
Min of perceived avg chunk delivery-time: 5.87
Max of perceived avg chunk delivery-time: 7.818181818181818
Variance of perceived avg chunk delivery-time: 0.24388570064740012
StD of perceived avg chunk delivery-time: 0.4938478517189278
Avg messages sent per node: 12454.066666666668
Min messages sent per node: 8228.0
Max messages sent per node: 14156.0
Variance of messages sent per node: 1224885.167816045
StD of messages sent per node: 1106.7453039503014
Nodes with incomplete playbacks: 17
[MOJO] Packet Loss: 27.133333333333333
Min % of not played chunks: 0.0
Max % of not played chunks: 99.0
Not played chunks [chunk-id/nodes]: {1=13, 2=11, 3=7, 4=8, 5=8, 6=10, 7=8, 8=9, 9=8, 10=9, 11=8, 12=7, 13=6, 14=9, 15=7, 17=8, 16=7, 19=7, 18=9, 21=8, 20=9, 23=9, 22=8, 25=8, 24=7, 27=7, 26=8, 29=7, 28=7, 31=10, 30=9, 34=6, 35=9, 32=7, 33=7, 38=11, 39=10, 36=8, 37=7, 42=9, 43=9, 40=7, 41=8, 46=10, 47=7, 44=10, 45=8, 51=9, 50=8, 49=10, 48=9, 55=8, 54=8, 53=7, 52=8, 59=6, 58=7, 57=6, 56=7, 63=9, 62=8, 61=9, 60=10, 68=9, 69=7, 70=9, 71=10, 64=7, 65=8, 66=6, 67=8, 76=7, 77=8, 78=10, 79=9, 72=10, 73=8, 74=10, 75=7, 85=8, 84=11, 87=7, 86=10, 81=9, 80=9, 83=8, 82=8, 93=9, 92=7, 95=9, 94=9, 89=5, 88=7, 91=5, 90=7, 98=8, 99=9, 96=10, 97=8}
Avg distance between not played chunks: 2.2590598008994083
Min distance between not played chunks: 1.0
Max distance between not played chunks: 8.375

