Total chunks: 100
Nodes x chunk: 4
Total nodes: 30
Active nodes: 30
Started playbacks: 30
Not started playbacks node-ids: []
Playbacks time-window: 206
Missing chunks distribution [missed-chunks/nodes]: {0=25, 1=3, 2=1, 4=1}
Rejected chunks for ttl expiration [chunk-id/nodes]: 3 {1=4, 2=2, 3=1}
Rejected chunks for capacity limit [chunk-id/nodes]: 0 {}
Avg # of unsent chunk for max-retries: 0.0
Min # of unsent chunk for max-retries: 0.0
Max # of unsent chunk for max-retries: 0.0
Avg # of unsent chunk-reqs for max-retries: 0.0
Min # of unsent chunk-reqs for max-retries: 0.0
Max # of unsent chunk-reqs for max-retries: 0.0
Avg % of chunks received by Pastry: 4.633333333333334
Min % of chunks received by Pastry: 0.0
Max % of chunks received by Pastry: 11.0
StD of chunks received by Pastry: 2.8221211554594805
Var of chunks received by Pastry: 7.964367816091953
Avg % of chunks received by StarStream: 94.46666666666667
Min % of chunks received by StarStream: 88.0
Max % of chunks received by StarStream: 100.0
StD of chunks received by StarStream: 3.0026807945604213
Var of chunks received by StarStream: 9.016091954022002
[MOJO] Startup Delay: 79.33333333333333
[MOJO] Latency: 6.368988727392447
Min of perceived avg chunk delivery-time: 5.45
Max of perceived avg chunk delivery-time: 7.608247422680412
Variance of perceived avg chunk delivery-time: 0.22890886904413324
StD of perceived avg chunk delivery-time: 0.47844421727525693
Avg messages sent per node: 12678.066666666668
Min messages sent per node: 11067.0
Max messages sent per node: 14049.0
Variance of messages sent per node: 636698.0643677918
StD of messages sent per node: 797.9336215298813
Nodes with incomplete playbacks: 17
[MOJO] Packet Loss: 26.8
Min % of not played chunks: 0.0
Max % of not played chunks: 99.0
Not played chunks [chunk-id/nodes]: {1=13, 2=11, 3=9, 4=5, 5=7, 6=7, 7=8, 8=7, 9=9, 10=9, 11=7, 12=9, 13=8, 14=8, 15=8, 17=8, 16=7, 19=8, 18=9, 21=7, 20=9, 23=8, 22=5, 25=9, 24=9, 27=9, 26=8, 29=7, 28=9, 31=7, 30=8, 34=7, 35=7, 32=8, 33=10, 38=8, 39=7, 36=8, 37=8, 42=9, 43=7, 40=9, 41=7, 46=8, 47=8, 44=7, 45=8, 51=9, 50=8, 49=7, 48=6, 55=8, 54=9, 53=8, 52=7, 59=7, 58=8, 57=8, 56=8, 63=8, 62=9, 61=8, 60=9, 68=8, 69=9, 70=6, 71=6, 64=9, 65=10, 66=6, 67=9, 76=10, 77=7, 78=11, 79=9, 72=8, 73=7, 74=10, 75=9, 85=7, 84=9, 87=8, 86=7, 81=7, 80=7, 83=10, 82=9, 93=9, 92=8, 95=8, 94=9, 89=9, 88=7, 91=8, 90=10, 98=7, 99=7, 96=9, 97=10}
Avg distance between not played chunks: 3.1311303506289816
Min distance between not played chunks: 1.0
Max distance between not played chunks: 14.333333333333334

