Total chunks: 100
Nodes x chunk: 4
Total nodes: 30
Active nodes: 30
Started playbacks: 30
Not started playbacks node-ids: []
Playbacks time-window: 179
Missing chunks distribution [missed-chunks/nodes]: {0=25, 1=2, 2=1, 3=2}
Rejected chunks for ttl expiration [chunk-id/nodes]: 2 {1=4, 2=3}
Rejected chunks for capacity limit [chunk-id/nodes]: 0 {}
Avg # of unsent chunk for max-retries: 0.0
Min # of unsent chunk for max-retries: 0.0
Max # of unsent chunk for max-retries: 0.0
Avg # of unsent chunk-reqs for max-retries: 0.0
Min # of unsent chunk-reqs for max-retries: 0.0
Max # of unsent chunk-reqs for max-retries: 0.0
Avg % of chunks received by Pastry: 5.133333333333334
Min % of chunks received by Pastry: 0.0
Max % of chunks received by Pastry: 11.0
StD of chunks received by Pastry: 3.4614461133177112
Var of chunks received by Pastry: 11.98160919540229
Avg % of chunks received by StarStream: 93.9
Min % of chunks received by StarStream: 88.0
Max % of chunks received by StarStream: 100.0
StD of chunks received by StarStream: 3.5169540112489064
Var of chunks received by StarStream: 12.368965517239774
[MOJO] Startup Delay: 79.16666666666667
[MOJO] Latency: 6.296128531970948
Min of perceived avg chunk delivery-time: 5.42
Max of perceived avg chunk delivery-time: 7.222222222222222
Variance of perceived avg chunk delivery-time: 0.21008840555110894
StD of perceived avg chunk delivery-time: 0.45835401771022904
Avg messages sent per node: 12477.1
Min messages sent per node: 11037.0
Max messages sent per node: 14132.0
Variance of messages sent per node: 820827.3344827726
StD of messages sent per node: 905.9952176931027
Nodes with incomplete playbacks: 17
[MOJO] Packet Loss: 27.833333333333332
Min % of not played chunks: 0.0
Max % of not played chunks: 99.0
Not played chunks [chunk-id/nodes]: {1=13, 2=12, 3=8, 4=10, 5=7, 6=8, 7=6, 8=9, 9=11, 10=10, 11=9, 12=7, 13=9, 14=8, 15=8, 17=9, 16=9, 19=9, 18=8, 21=7, 20=9, 23=9, 22=8, 25=9, 24=9, 27=7, 26=9, 29=8, 28=9, 31=9, 30=8, 34=8, 35=8, 32=6, 33=8, 38=8, 39=9, 36=8, 37=10, 42=7, 43=9, 40=9, 41=8, 46=8, 47=9, 44=7, 45=8, 51=8, 50=7, 49=7, 48=10, 55=8, 54=10, 53=7, 52=8, 59=8, 58=8, 57=8, 56=9, 63=9, 62=9, 61=9, 60=7, 68=8, 69=7, 70=10, 71=8, 64=9, 65=10, 66=10, 67=9, 76=8, 77=7, 78=9, 79=8, 72=6, 73=8, 74=8, 75=11, 85=10, 84=7, 87=7, 86=7, 81=8, 80=6, 83=10, 82=10, 93=7, 92=8, 95=9, 94=11, 89=7, 88=7, 91=11, 90=7, 98=9, 99=6, 96=10, 97=9}
Avg distance between not played chunks: 2.44389767503798
Min distance between not played chunks: 1.0
Max distance between not played chunks: 14.833333333333334

