Total chunks: 100
Nodes x chunk: 4
Total nodes: 30
Active nodes: 30
Started playbacks: 30
Not started playbacks node-ids: []
Playbacks time-window: 213
Missing chunks distribution [missed-chunks/nodes]: {0=25, 1=2, 2=1, 3=1, 4=1}
Rejected chunks for ttl expiration [chunk-id/nodes]: 3 {1=4, 2=3, 3=1}
Rejected chunks for capacity limit [chunk-id/nodes]: 0 {}
Avg # of unsent chunk for max-retries: 0.0
Min # of unsent chunk for max-retries: 0.0
Max # of unsent chunk for max-retries: 0.0
Avg # of unsent chunk-reqs for max-retries: 0.0
Min # of unsent chunk-reqs for max-retries: 0.0
Max # of unsent chunk-reqs for max-retries: 0.0
Avg % of chunks received by Pastry: 4.866666666666666
Min % of chunks received by Pastry: 0.0
Max % of chunks received by Pastry: 12.0
StD of chunks received by Pastry: 3.2877340832705517
Var of chunks received by Pastry: 10.809195402298855
Avg % of chunks received by StarStream: 94.23333333333333
Min % of chunks received by StarStream: 87.0
Max % of chunks received by StarStream: 100.0
StD of chunks received by StarStream: 3.4309276249748635
Var of chunks received by StarStream: 11.771264367815657
[MOJO] Startup Delay: 79.56666666666666
[MOJO] Latency: 6.25839521450567
Min of perceived avg chunk delivery-time: 5.08
Max of perceived avg chunk delivery-time: 7.309278350515464
Variance of perceived avg chunk delivery-time: 0.20147924707131892
StD of perceived avg chunk delivery-time: 0.44886439719732607
Avg messages sent per node: 12420.033333333333
Min messages sent per node: 10885.0
Max messages sent per node: 13708.0
Variance of messages sent per node: 635823.3436781683
StD of messages sent per node: 797.3853169441786
Nodes with incomplete playbacks: 18
[MOJO] Packet Loss: 27.466666666666665
Min % of not played chunks: 0.0
Max % of not played chunks: 99.0
Not played chunks [chunk-id/nodes]: {1=13, 2=13, 3=10, 4=8, 5=10, 6=8, 7=10, 8=7, 9=6, 10=9, 11=9, 12=9, 13=9, 14=10, 15=10, 17=7, 16=10, 19=9, 18=5, 21=6, 20=6, 23=10, 22=8, 25=10, 24=9, 27=9, 26=8, 29=8, 28=8, 31=9, 30=9, 34=8, 35=9, 32=9, 33=9, 38=8, 39=8, 36=8, 37=9, 42=9, 43=10, 40=7, 41=9, 46=8, 47=9, 44=11, 45=7, 51=7, 50=6, 49=9, 48=8, 55=7, 54=8, 53=11, 52=7, 59=9, 58=7, 57=8, 56=9, 63=8, 62=7, 61=8, 60=9, 68=8, 69=5, 70=6, 71=9, 64=10, 65=8, 66=8, 67=9, 76=8, 77=7, 78=8, 79=9, 72=7, 73=8, 74=8, 75=7, 85=9, 84=8, 87=8, 86=9, 81=6, 80=9, 83=7, 82=10, 93=10, 92=7, 95=7, 94=8, 89=7, 88=8, 91=8, 90=8, 98=8, 99=8, 96=9, 97=7}
Avg distance between not played chunks: 3.293745510255387
Min distance between not played chunks: 1.0
Max distance between not played chunks: 25.0

