Total chunks: 100
Nodes x chunk: 6
Total nodes: 40
Active nodes: 40
Started playbacks: 40
Not started playbacks node-ids: []
Playbacks time-window: 172
Missing chunks distribution [missed-chunks/nodes]: {0=38, 2=2}
Rejected chunks for ttl expiration [chunk-id/nodes]: 2 {1=2, 2=2}
Rejected chunks for capacity limit [chunk-id/nodes]: 0 {}
Avg # of unsent chunk for max-retries: 0.0
Min # of unsent chunk for max-retries: 0.0
Max # of unsent chunk for max-retries: 0.0
Avg # of unsent chunk-reqs for max-retries: 0.0
Min # of unsent chunk-reqs for max-retries: 0.0
Max # of unsent chunk-reqs for max-retries: 0.0
Avg % of chunks received by Pastry: 4.45
Min % of chunks received by Pastry: 0.0
Max % of chunks received by Pastry: 9.0
StD of chunks received by Pastry: 2.8996020947178778
Var of chunks received by Pastry: 8.407692307692304
Avg % of chunks received by StarStream: 94.7
Min % of chunks received by StarStream: 90.0
Max % of chunks received by StarStream: 100.0
StD of chunks received by StarStream: 3.0900999900840467
Var of chunks received by StarStream: 9.548717948717426
[MOJO] Startup Delay: 74.35
[MOJO] Latency: 6.013344553785276
Min of perceived avg chunk delivery-time: 5.16
Max of perceived avg chunk delivery-time: 6.8
Variance of perceived avg chunk delivery-time: 0.14721008958447648
StD of perceived avg chunk delivery-time: 0.3836796705384278
Avg messages sent per node: 15482.825
Min messages sent per node: 13568.0
Max messages sent per node: 18225.0
Variance of messages sent per node: 1324309.5839743123
StD of messages sent per node: 1150.7865066876273
Nodes with incomplete playbacks: 16
[MOJO] Packet Loss: 24.7
Min % of not played chunks: 0.0
Max % of not played chunks: 99.0
Not played chunks [chunk-id/nodes]: {1=11, 2=12, 3=8, 4=10, 5=11, 6=11, 7=11, 8=11, 9=11, 10=12, 11=9, 12=8, 13=11, 14=7, 15=9, 17=11, 16=10, 19=11, 18=10, 21=9, 20=10, 23=12, 22=8, 25=8, 24=11, 27=12, 26=10, 29=10, 28=9, 31=11, 30=12, 34=11, 35=9, 32=10, 33=10, 38=10, 39=11, 36=10, 37=10, 42=7, 43=11, 40=9, 41=8, 46=10, 47=12, 44=9, 45=10, 51=10, 50=9, 49=11, 48=11, 55=12, 54=10, 53=10, 52=10, 59=11, 58=10, 57=10, 56=10, 63=10, 62=12, 61=11, 60=7, 68=9, 69=8, 70=9, 71=11, 64=10, 65=8, 66=8, 67=9, 76=9, 77=12, 78=9, 79=9, 72=10, 73=11, 74=12, 75=11, 85=11, 84=9, 87=7, 86=8, 81=10, 80=9, 83=9, 82=11, 93=11, 92=10, 95=8, 94=12, 89=10, 88=11, 91=11, 90=9, 98=11, 99=9, 96=9, 97=11}
Avg distance between not played chunks: 1.3990350908201825
Min distance between not played chunks: 1.0
Max distance between not played chunks: 3.206896551724138

