Total chunks: 100
Nodes x chunk: 6
Total nodes: 40
Active nodes: 40
Started playbacks: 40
Not started playbacks node-ids: []
Playbacks time-window: 157
Missing chunks distribution [missed-chunks/nodes]: {0=38, 1=1, 3=1}
Rejected chunks for ttl expiration [chunk-id/nodes]: 3 {0=1, 1=2, 2=1}
Rejected chunks for capacity limit [chunk-id/nodes]: 0 {}
Avg # of unsent chunk for max-retries: 0.0
Min # of unsent chunk for max-retries: 0.0
Max # of unsent chunk for max-retries: 0.0
Avg # of unsent chunk-reqs for max-retries: 0.0
Min # of unsent chunk-reqs for max-retries: 0.0
Max # of unsent chunk-reqs for max-retries: 0.0
Avg % of chunks received by Pastry: 4.375
Min % of chunks received by Pastry: 0.0
Max % of chunks received by Pastry: 11.0
StD of chunks received by Pastry: 2.7890582915826903
Var of chunks received by Pastry: 7.778846153846154
Avg % of chunks received by StarStream: 94.725
Min % of chunks received by StarStream: 88.0
Max % of chunks received by StarStream: 100.0
StD of chunks received by StarStream: 2.943811413970975
Var of chunks received by StarStream: 8.66602564102579
[MOJO] Startup Delay: 74.3
[MOJO] Latency: 6.081013397173926
Min of perceived avg chunk delivery-time: 5.25
Max of perceived avg chunk delivery-time: 7.282828282828283
Variance of perceived avg chunk delivery-time: 0.2353283416269173
StD of perceived avg chunk delivery-time: 0.48510652606094395
Avg messages sent per node: 15317.025
Min messages sent per node: 13123.0
Max messages sent per node: 18158.0
Variance of messages sent per node: 1379303.1532051624
StD of messages sent per node: 1174.4373773024947
Nodes with incomplete playbacks: 15
[MOJO] Packet Loss: 24.475
Min % of not played chunks: 0.0
Max % of not played chunks: 99.0
Not played chunks [chunk-id/nodes]: {1=12, 2=12, 3=12, 4=11, 5=9, 6=8, 7=9, 8=9, 9=10, 10=6, 11=9, 12=8, 13=10, 14=10, 15=8, 17=11, 16=13, 19=11, 18=11, 21=9, 20=9, 23=9, 22=10, 25=11, 24=8, 27=8, 26=10, 29=9, 28=11, 31=9, 30=10, 34=8, 35=11, 32=11, 33=10, 38=12, 39=9, 36=8, 37=9, 42=9, 43=11, 40=7, 41=10, 46=9, 47=10, 44=9, 45=10, 51=10, 50=9, 49=10, 48=11, 55=11, 54=9, 53=10, 52=7, 59=9, 58=10, 57=10, 56=10, 63=11, 62=12, 61=9, 60=11, 68=8, 69=11, 70=10, 71=10, 64=11, 65=12, 66=9, 67=11, 76=11, 77=9, 78=10, 79=10, 72=11, 73=10, 74=9, 75=10, 85=10, 84=9, 87=11, 86=9, 81=10, 80=9, 83=10, 82=8, 93=11, 92=10, 95=10, 94=10, 89=10, 88=11, 91=10, 90=11, 98=12, 99=12, 96=11, 97=9}
Avg distance between not played chunks: 1.428596545814623
Min distance between not played chunks: 1.0
Max distance between not played chunks: 2.6944444444444446

