Total chunks: 100
Nodes x chunk: 6
Total nodes: 40
Active nodes: 40
Started playbacks: 40
Not started playbacks node-ids: []
Playbacks time-window: 152
Missing chunks distribution [missed-chunks/nodes]: {0=37, 1=2, 3=1}
Rejected chunks for ttl expiration [chunk-id/nodes]: 3 {0=1, 1=3, 2=1}
Rejected chunks for capacity limit [chunk-id/nodes]: 0 {}
Avg # of unsent chunk for max-retries: 0.0
Min # of unsent chunk for max-retries: 0.0
Max # of unsent chunk for max-retries: 0.0
Avg # of unsent chunk-reqs for max-retries: 0.0
Min # of unsent chunk-reqs for max-retries: 0.0
Max # of unsent chunk-reqs for max-retries: 0.0
Avg % of chunks received by Pastry: 4.825
Min % of chunks received by Pastry: 0.0
Max % of chunks received by Pastry: 12.0
StD of chunks received by Pastry: 3.233538190708319
Var of chunks received by Pastry: 10.455769230769231
Avg % of chunks received by StarStream: 94.3
Min % of chunks received by StarStream: 87.0
Max % of chunks received by StarStream: 100.0
StD of chunks received by StarStream: 3.398340469805545
Var of chunks received by StarStream: 11.548717948718172
[MOJO] Startup Delay: 72.0
[MOJO] Latency: 6.041087328683427
Min of perceived avg chunk delivery-time: 4.69
Max of perceived avg chunk delivery-time: 6.797979797979798
Variance of perceived avg chunk delivery-time: 0.16684497715045718
StD of perceived avg chunk delivery-time: 0.408466616935163
Avg messages sent per node: 15236.975
Min messages sent per node: 12576.0
Max messages sent per node: 17966.0
Variance of messages sent per node: 1682635.2044871524
StD of messages sent per node: 1297.1642935600535
Nodes with incomplete playbacks: 17
[MOJO] Packet Loss: 24.2
Min % of not played chunks: 0.0
Max % of not played chunks: 99.0
Not played chunks [chunk-id/nodes]: {1=12, 2=12, 3=9, 4=11, 5=9, 6=12, 7=11, 8=9, 9=11, 10=10, 11=9, 12=7, 13=11, 14=9, 15=9, 17=11, 16=11, 19=11, 18=10, 21=9, 20=10, 23=9, 22=9, 25=9, 24=9, 27=8, 26=8, 29=10, 28=10, 31=11, 30=9, 34=10, 35=9, 32=11, 33=11, 38=9, 39=8, 36=9, 37=11, 42=11, 43=8, 40=9, 41=11, 46=9, 47=11, 44=12, 45=10, 51=10, 50=9, 49=8, 48=11, 55=11, 54=10, 53=10, 52=10, 59=9, 58=13, 57=11, 56=9, 63=11, 62=10, 61=10, 60=11, 68=8, 69=8, 70=8, 71=9, 64=8, 65=13, 66=10, 67=9, 76=8, 77=11, 78=10, 79=10, 72=9, 73=7, 74=8, 75=11, 85=8, 84=9, 87=8, 86=11, 81=9, 80=10, 83=10, 82=10, 93=10, 92=7, 95=8, 94=13, 89=10, 88=11, 91=12, 90=10, 98=10, 99=11, 96=8, 97=9}
Avg distance between not played chunks: 3.3110828397285483
Min distance between not played chunks: 1.0
Max distance between not played chunks: 29.333333333333332

