Total chunks: 100
Nodes x chunk: 6
Total nodes: 40
Active nodes: 40
Started playbacks: 40
Not started playbacks node-ids: []
Playbacks time-window: 189
Missing chunks distribution [missed-chunks/nodes]: {0=37, 1=2, 2=1}
Rejected chunks for ttl expiration [chunk-id/nodes]: 2 {1=3, 2=1}
Rejected chunks for capacity limit [chunk-id/nodes]: 0 {}
Avg # of unsent chunk for max-retries: 0.0
Min # of unsent chunk for max-retries: 0.0
Max # of unsent chunk for max-retries: 0.0
Avg # of unsent chunk-reqs for max-retries: 0.0
Min # of unsent chunk-reqs for max-retries: 0.0
Max # of unsent chunk-reqs for max-retries: 0.0
Avg % of chunks received by Pastry: 4.825
Min % of chunks received by Pastry: 0.0
Max % of chunks received by Pastry: 11.0
StD of chunks received by Pastry: 3.1936435265005665
Var of chunks received by Pastry: 10.199358974358974
Avg % of chunks received by StarStream: 94.25
Min % of chunks received by StarStream: 88.0
Max % of chunks received by StarStream: 100.0
StD of chunks received by StarStream: 3.318556992552601
Var of chunks received by StarStream: 11.012820512819765
[MOJO] Startup Delay: 74.2
[MOJO] Latency: 6.086272891443363
Min of perceived avg chunk delivery-time: 5.39
Max of perceived avg chunk delivery-time: 7.061855670103093
Variance of perceived avg chunk delivery-time: 0.146771854364858
StD of perceived avg chunk delivery-time: 0.38310814969778184
Avg messages sent per node: 15444.6
Min messages sent per node: 12674.0
Max messages sent per node: 17978.0
Variance of messages sent per node: 1303695.5794871768
StD of messages sent per node: 1141.7948937909894
Nodes with incomplete playbacks: 17
[MOJO] Packet Loss: 24.85
Min % of not played chunks: 0.0
Max % of not played chunks: 99.0
Not played chunks [chunk-id/nodes]: {1=14, 2=9, 3=10, 4=10, 5=8, 6=9, 7=11, 8=12, 9=10, 10=9, 11=10, 12=11, 13=12, 14=8, 15=11, 17=10, 16=11, 19=9, 18=10, 21=8, 20=9, 23=9, 22=9, 25=10, 24=11, 27=9, 26=11, 29=9, 28=8, 31=11, 30=11, 34=9, 35=12, 32=9, 33=10, 38=11, 39=10, 36=10, 37=10, 42=10, 43=10, 40=11, 41=10, 46=8, 47=12, 44=8, 45=8, 51=11, 50=11, 49=10, 48=9, 55=11, 54=10, 53=8, 52=9, 59=9, 58=11, 57=11, 56=10, 63=11, 62=11, 61=9, 60=11, 68=11, 69=7, 70=12, 71=9, 64=12, 65=11, 66=12, 67=10, 76=9, 77=12, 78=10, 79=8, 72=10, 73=9, 74=11, 75=11, 85=10, 84=10, 87=11, 86=10, 81=10, 80=12, 83=9, 82=10, 93=10, 92=9, 95=10, 94=10, 89=11, 88=11, 91=11, 90=9, 98=10, 99=10, 96=9, 97=9}
Avg distance between not played chunks: 1.3895453034734295
Min distance between not played chunks: 1.0
Max distance between not played chunks: 2.4054054054054053

