Total chunks: 100
Nodes x chunk: 6
Total nodes: 40
Active nodes: 40
Started playbacks: 40
Not started playbacks node-ids: []
Playbacks time-window: 109
Missing chunks distribution [missed-chunks/nodes]: {0=37, 1=3}
Rejected chunks for ttl expiration [chunk-id/nodes]: 1 {1=3}
Rejected chunks for capacity limit [chunk-id/nodes]: 0 {}
Avg # of unsent chunk for max-retries: 0.0
Min # of unsent chunk for max-retries: 0.0
Max # of unsent chunk for max-retries: 0.0
Avg # of unsent chunk-reqs for max-retries: 0.0
Min # of unsent chunk-reqs for max-retries: 0.0
Max # of unsent chunk-reqs for max-retries: 0.0
Avg % of chunks received by Pastry: 4.925
Min % of chunks received by Pastry: 0.0
Max % of chunks received by Pastry: 13.0
StD of chunks received by Pastry: 3.885459415795624
Var of chunks received by Pastry: 15.096794871794874
Avg % of chunks received by StarStream: 94.2
Min % of chunks received by StarStream: 86.0
Max % of chunks received by StarStream: 100.0
StD of chunks received by StarStream: 4.026833075182543
Var of chunks received by StarStream: 16.215384615384092
[MOJO] Startup Delay: 70.875
[MOJO] Latency: 6.022565605029891
Min of perceived avg chunk delivery-time: 4.98
Max of perceived avg chunk delivery-time: 6.777777777777778
Variance of perceived avg chunk delivery-time: 0.1966681472826683
StD of perceived avg chunk delivery-time: 0.443472825867232
Avg messages sent per node: 15267.875
Min messages sent per node: 12978.0
Max messages sent per node: 17582.0
Variance of messages sent per node: 1547373.2916666605
StD of messages sent per node: 1243.9346010408508
Nodes with incomplete playbacks: 17
[MOJO] Packet Loss: 24.375
Min % of not played chunks: 0.0
Max % of not played chunks: 99.0
Not played chunks [chunk-id/nodes]: {1=14, 2=10, 3=10, 4=9, 5=11, 6=11, 7=10, 8=9, 9=12, 10=8, 11=9, 12=9, 13=9, 14=9, 15=10, 17=11, 16=11, 19=11, 18=12, 21=9, 20=12, 23=10, 22=11, 25=8, 24=9, 27=10, 26=10, 29=8, 28=10, 31=7, 30=10, 34=10, 35=10, 32=11, 33=9, 38=10, 39=11, 36=9, 37=9, 42=9, 43=11, 40=10, 41=12, 46=9, 47=10, 44=10, 45=11, 51=11, 50=11, 49=11, 48=10, 55=10, 54=11, 53=7, 52=11, 59=10, 58=9, 57=10, 56=11, 63=9, 62=9, 61=10, 60=9, 68=11, 69=11, 70=7, 71=10, 64=10, 65=7, 66=10, 67=9, 76=10, 77=11, 78=9, 79=9, 72=13, 73=9, 74=10, 75=11, 85=9, 84=10, 87=11, 86=8, 81=9, 80=10, 83=9, 82=11, 93=9, 92=9, 95=9, 94=10, 89=10, 88=11, 91=10, 90=10, 98=8, 99=8, 96=8, 97=10}
Avg distance between not played chunks: 1.4648996121669942
Min distance between not played chunks: 1.0
Max distance between not played chunks: 2.5526315789473686

