Total chunks: 100
Nodes x chunk: 6
Total nodes: 40
Active nodes: 40
Started playbacks: 40
Not started playbacks node-ids: []
Playbacks time-window: 303
Missing chunks distribution [missed-chunks/nodes]: {0=37, 1=2, 4=1}
Rejected chunks for ttl expiration [chunk-id/nodes]: 4 {1=3, 2=1, 3=1, 4=1}
Rejected chunks for capacity limit [chunk-id/nodes]: 0 {}
Avg # of unsent chunk for max-retries: 0.0
Min # of unsent chunk for max-retries: 0.0
Max # of unsent chunk for max-retries: 0.0
Avg # of unsent chunk-reqs for max-retries: 0.0
Min # of unsent chunk-reqs for max-retries: 0.0
Max # of unsent chunk-reqs for max-retries: 0.0
Avg % of chunks received by Pastry: 4.4
Min % of chunks received by Pastry: 0.0
Max % of chunks received by Pastry: 14.0
StD of chunks received by Pastry: 3.455207886431949
Var of chunks received by Pastry: 11.938461538461535
Avg % of chunks received by StarStream: 94.7
Min % of chunks received by StarStream: 85.0
Max % of chunks received by StarStream: 100.0
StD of chunks received by StarStream: 3.582006313613846
Var of chunks received by StarStream: 12.830769230769453
[MOJO] Startup Delay: 76.475
[MOJO] Latency: 6.144671985700182
Min of perceived avg chunk delivery-time: 5.39
Max of perceived avg chunk delivery-time: 7.473684210526316
Variance of perceived avg chunk delivery-time: 0.19426612194243156
StD of perceived avg chunk delivery-time: 0.44075630675287175
Avg messages sent per node: 15177.85
Min messages sent per node: 12348.0
Max messages sent per node: 17356.0
Variance of messages sent per node: 1379679.4641025555
StD of messages sent per node: 1174.5975753859514
Nodes with incomplete playbacks: 17
[MOJO] Packet Loss: 24.9
Min % of not played chunks: 0.0
Max % of not played chunks: 99.0
Not played chunks [chunk-id/nodes]: {1=12, 2=11, 3=13, 4=7, 5=12, 6=11, 7=12, 8=10, 9=11, 10=8, 11=11, 12=9, 13=10, 14=11, 15=10, 17=10, 16=9, 19=8, 18=10, 21=11, 20=9, 23=10, 22=10, 25=8, 24=10, 27=11, 26=9, 29=11, 28=9, 31=9, 30=11, 34=12, 35=10, 32=9, 33=11, 38=9, 39=9, 36=12, 37=9, 42=9, 43=9, 40=11, 41=9, 46=12, 47=9, 44=10, 45=10, 51=11, 50=11, 49=12, 48=11, 55=11, 54=10, 53=8, 52=9, 59=9, 58=10, 57=10, 56=12, 63=11, 62=9, 61=9, 60=9, 68=10, 69=7, 70=9, 71=11, 64=9, 65=10, 66=10, 67=10, 76=10, 77=10, 78=10, 79=11, 72=10, 73=10, 74=9, 75=9, 85=11, 84=7, 87=10, 86=11, 81=11, 80=12, 83=10, 82=9, 93=9, 92=10, 95=11, 94=12, 89=11, 88=9, 91=9, 90=11, 98=13, 99=10, 96=9, 97=11}
Avg distance between not played chunks: 1.3868713399459658
Min distance between not played chunks: 1.0
Max distance between not played chunks: 2.5

