Total chunks: 100
Nodes x chunk: 6
Total nodes: 40
Active nodes: 40
Started playbacks: 40
Not started playbacks node-ids: []
Playbacks time-window: 305
Missing chunks distribution [missed-chunks/nodes]: {0=37, 1=2, 6=1}
Rejected chunks for ttl expiration [chunk-id/nodes]: 6 {0=1, 1=3, 2=1, 3=1, 4=1, 5=1}
Rejected chunks for capacity limit [chunk-id/nodes]: 0 {}
Avg # of unsent chunk for max-retries: 0.0
Min # of unsent chunk for max-retries: 0.0
Max # of unsent chunk for max-retries: 0.0
Avg # of unsent chunk-reqs for max-retries: 0.0
Min # of unsent chunk-reqs for max-retries: 0.0
Max # of unsent chunk-reqs for max-retries: 0.0
Avg % of chunks received by Pastry: 4.575
Min % of chunks received by Pastry: 0.0
Max % of chunks received by Pastry: 12.0
StD of chunks received by Pastry: 3.0288146111503664
Var of chunks received by Pastry: 9.173717948717945
Avg % of chunks received by StarStream: 94.55
Min % of chunks received by StarStream: 87.0
Max % of chunks received by StarStream: 100.0
StD of chunks received by StarStream: 3.1292663185335132
Var of chunks received by StarStream: 9.792307692308288
[MOJO] Startup Delay: 76.275
[MOJO] Latency: 6.100650382461174
Min of perceived avg chunk delivery-time: 5.1
Max of perceived avg chunk delivery-time: 7.081632653061225
Variance of perceived avg chunk delivery-time: 0.19071730245054266
StD of perceived avg chunk delivery-time: 0.4367119215805113
Avg messages sent per node: 15220.0
Min messages sent per node: 13624.0
Max messages sent per node: 17989.0
Variance of messages sent per node: 1230899.2307692308
StD of messages sent per node: 1109.4589811116186
Nodes with incomplete playbacks: 17
[MOJO] Packet Loss: 25.25
Min % of not played chunks: 0.0
Max % of not played chunks: 99.0
Not played chunks [chunk-id/nodes]: {1=15, 2=13, 3=11, 4=10, 5=10, 6=8, 7=8, 8=9, 9=10, 10=9, 11=11, 12=8, 13=12, 14=11, 15=9, 17=11, 16=10, 19=9, 18=10, 21=10, 20=12, 23=13, 22=11, 25=11, 24=10, 27=11, 26=10, 29=11, 28=11, 31=8, 30=10, 34=12, 35=12, 32=8, 33=10, 38=11, 39=9, 36=9, 37=11, 42=9, 43=9, 40=13, 41=9, 46=11, 47=10, 44=7, 45=12, 51=9, 50=9, 49=9, 48=9, 55=9, 54=10, 53=10, 52=10, 59=12, 58=10, 57=10, 56=11, 63=10, 62=12, 61=10, 60=11, 68=10, 69=8, 70=9, 71=11, 64=12, 65=9, 66=9, 67=10, 76=11, 77=9, 78=9, 79=8, 72=12, 73=11, 74=9, 75=10, 85=11, 84=9, 87=13, 86=12, 81=10, 80=11, 83=10, 82=12, 93=10, 92=11, 95=11, 94=9, 89=10, 88=10, 91=11, 90=9, 98=10, 99=10, 96=9, 97=10}
Avg distance between not played chunks: 2.7130114716605656
Min distance between not played chunks: 1.0
Max distance between not played chunks: 21.5

