Total chunks: 100
Nodes x chunk: 6
Total nodes: 40
Active nodes: 40
Started playbacks: 40
Not started playbacks node-ids: []
Playbacks time-window: 108
Missing chunks distribution [missed-chunks/nodes]: {0=38, 1=2}
Rejected chunks for ttl expiration [chunk-id/nodes]: 1 {1=2}
Rejected chunks for capacity limit [chunk-id/nodes]: 0 {}
Avg # of unsent chunk for max-retries: 0.0
Min # of unsent chunk for max-retries: 0.0
Max # of unsent chunk for max-retries: 0.0
Avg # of unsent chunk-reqs for max-retries: 0.0
Min # of unsent chunk-reqs for max-retries: 0.0
Max # of unsent chunk-reqs for max-retries: 0.0
Avg % of chunks received by Pastry: 4.775
Min % of chunks received by Pastry: 0.0
Max % of chunks received by Pastry: 12.0
StD of chunks received by Pastry: 3.117259644673136
Var of chunks received by Pastry: 9.717307692307687
Avg % of chunks received by StarStream: 94.375
Min % of chunks received by StarStream: 87.0
Max % of chunks received by StarStream: 100.0
StD of chunks received by StarStream: 3.3103373443403132
Var of chunks received by StarStream: 10.958333333334078
[MOJO] Startup Delay: 69.9
[MOJO] Latency: 6.046684961863534
Min of perceived avg chunk delivery-time: 5.36
Max of perceived avg chunk delivery-time: 7.020408163265306
Variance of perceived avg chunk delivery-time: 0.16973426268469308
StD of perceived avg chunk delivery-time: 0.41198818270029675
Avg messages sent per node: 15326.9
Min messages sent per node: 12321.0
Max messages sent per node: 18032.0
Variance of messages sent per node: 1385200.2974359193
StD of messages sent per node: 1176.945324743643
Nodes with incomplete playbacks: 15
[MOJO] Packet Loss: 24.75
Min % of not played chunks: 0.0
Max % of not played chunks: 99.0
Not played chunks [chunk-id/nodes]: {1=11, 2=10, 3=12, 4=11, 5=10, 6=11, 7=9, 8=13, 9=8, 10=11, 11=13, 12=11, 13=9, 14=13, 15=9, 17=10, 16=9, 19=9, 18=11, 21=11, 20=11, 23=8, 22=9, 25=10, 24=8, 27=10, 26=11, 29=11, 28=10, 31=12, 30=10, 34=10, 35=9, 32=8, 33=10, 38=10, 39=10, 36=10, 37=10, 42=9, 43=11, 40=10, 41=9, 46=12, 47=11, 44=11, 45=10, 51=10, 50=11, 49=10, 48=10, 55=11, 54=9, 53=9, 52=9, 59=10, 58=10, 57=8, 56=9, 63=10, 62=10, 61=10, 60=12, 68=9, 69=11, 70=11, 71=9, 64=10, 65=9, 66=11, 67=8, 76=12, 77=10, 78=12, 79=11, 72=11, 73=11, 74=10, 75=9, 85=10, 84=10, 87=9, 86=8, 81=12, 80=10, 83=10, 82=10, 93=9, 92=8, 95=9, 94=9, 89=7, 88=10, 91=11, 90=9, 98=10, 99=8, 96=8, 97=10}
Avg distance between not played chunks: 1.394216557194721
Min distance between not played chunks: 1.0
Max distance between not played chunks: 2.2045454545454546

