Total chunks: 100
Nodes x chunk: 6
Total nodes: 40
Active nodes: 40
Started playbacks: 40
Not started playbacks node-ids: []
Playbacks time-window: 162
Missing chunks distribution [missed-chunks/nodes]: {0=37, 1=1, 2=1, 3=1}
Rejected chunks for ttl expiration [chunk-id/nodes]: 3 {0=1, 1=3, 2=2}
Rejected chunks for capacity limit [chunk-id/nodes]: 0 {}
Avg # of unsent chunk for max-retries: 0.0
Min # of unsent chunk for max-retries: 0.0
Max # of unsent chunk for max-retries: 0.0
Avg # of unsent chunk-reqs for max-retries: 0.0
Min # of unsent chunk-reqs for max-retries: 0.0
Max # of unsent chunk-reqs for max-retries: 0.0
Avg % of chunks received by Pastry: 4.3
Min % of chunks received by Pastry: 0.0
Max % of chunks received by Pastry: 13.0
StD of chunks received by Pastry: 3.0483286719623415
Var of chunks received by Pastry: 9.292307692307693
Avg % of chunks received by StarStream: 94.85
Min % of chunks received by StarStream: 86.0
Max % of chunks received by StarStream: 100.0
StD of chunks received by StarStream: 3.23878736408312
Var of chunks received by StarStream: 10.489743589744485
[MOJO] Startup Delay: 74.45
[MOJO] Latency: 6.040266699182014
Min of perceived avg chunk delivery-time: 5.23
Max of perceived avg chunk delivery-time: 7.101010101010101
Variance of perceived avg chunk delivery-time: 0.2116337919017989
StD of perceived avg chunk delivery-time: 0.46003672886172786
Avg messages sent per node: 15283.9
Min messages sent per node: 12098.0
Max messages sent per node: 18384.0
Variance of messages sent per node: 1412251.4769231048
StD of messages sent per node: 1188.3818733568369
Nodes with incomplete playbacks: 17
[MOJO] Packet Loss: 24.325
Min % of not played chunks: 0.0
Max % of not played chunks: 99.0
Not played chunks [chunk-id/nodes]: {1=11, 2=12, 3=9, 4=11, 5=8, 6=7, 7=11, 8=9, 9=9, 10=8, 11=10, 12=10, 13=12, 14=8, 15=10, 17=13, 16=11, 19=9, 18=8, 21=8, 20=8, 23=9, 22=11, 25=9, 24=10, 27=10, 26=10, 29=10, 28=11, 31=11, 30=9, 34=10, 35=10, 32=10, 33=10, 38=9, 39=8, 36=11, 37=12, 42=10, 43=11, 40=10, 41=8, 46=8, 47=9, 44=10, 45=10, 51=9, 50=9, 49=12, 48=12, 55=10, 54=9, 53=9, 52=10, 59=9, 58=9, 57=10, 56=10, 63=10, 62=7, 61=10, 60=8, 68=11, 69=8, 70=10, 71=10, 64=11, 65=8, 66=13, 67=12, 76=9, 77=11, 78=11, 79=8, 72=10, 73=8, 74=12, 75=9, 85=11, 84=10, 87=11, 86=11, 81=10, 80=11, 83=10, 82=9, 93=11, 92=8, 95=10, 94=7, 89=10, 88=10, 91=9, 90=11, 98=11, 99=9, 96=12, 97=10}
Avg distance between not played chunks: 1.4181163899722158
Min distance between not played chunks: 1.0
Max distance between not played chunks: 3.1666666666666665

