Total chunks: 100
Nodes x chunk: 7
Total nodes: 50
Active nodes: 50
Started playbacks: 50
Not started playbacks node-ids: []
Playbacks time-window: 215
Missing chunks distribution [missed-chunks/nodes]: {0=46, 1=1, 2=2, 3=1}
Rejected chunks for ttl expiration [chunk-id/nodes]: 3 {1=4, 2=3, 3=1}
Rejected chunks for capacity limit [chunk-id/nodes]: 0 {}
Avg # of unsent chunk for max-retries: 0.0
Min # of unsent chunk for max-retries: 0.0
Max # of unsent chunk for max-retries: 0.0
Avg # of unsent chunk-reqs for max-retries: 0.0
Min # of unsent chunk-reqs for max-retries: 0.0
Max # of unsent chunk-reqs for max-retries: 0.0
Avg % of chunks received by Pastry: 4.48
Min % of chunks received by Pastry: 0.0
Max % of chunks received by Pastry: 11.0
StD of chunks received by Pastry: 2.793870842704487
Var of chunks received by Pastry: 7.805714285714282
Avg % of chunks received by StarStream: 94.6
Min % of chunks received by StarStream: 88.0
Max % of chunks received by StarStream: 99.0
StD of chunks received by StarStream: 2.878491668516162
Var of chunks received by StarStream: 8.285714285716958
[MOJO] Startup Delay: 82.08
[MOJO] Latency: 6.291934075767139
Min of perceived avg chunk delivery-time: 5.59
Max of perceived avg chunk delivery-time: 7.777777777777778
Variance of perceived avg chunk delivery-time: 0.1816020348029111
StD of perceived avg chunk delivery-time: 0.42614790249737367
Avg messages sent per node: 16382.92
Min messages sent per node: 13988.0
Max messages sent per node: 20166.0
Variance of messages sent per node: 1813466.0342857242
StD of messages sent per node: 1346.6499301175952
Nodes with incomplete playbacks: 28
[MOJO] Packet Loss: 29.04
Min % of not played chunks: 0.0
Max % of not played chunks: 99.0
Not played chunks [chunk-id/nodes]: {1=16, 2=17, 3=13, 4=18, 5=14, 6=16, 7=15, 8=15, 9=12, 10=13, 11=15, 12=11, 13=15, 14=18, 15=17, 17=14, 16=16, 19=12, 18=19, 21=16, 20=12, 23=13, 22=13, 25=18, 24=12, 27=15, 26=15, 29=12, 28=14, 31=17, 30=13, 34=13, 35=17, 32=13, 33=11, 38=15, 39=12, 36=18, 37=13, 42=13, 43=14, 40=13, 41=18, 46=18, 47=13, 44=12, 45=17, 51=14, 50=12, 49=15, 48=15, 55=15, 54=12, 53=17, 52=14, 59=14, 58=15, 57=14, 56=15, 63=13, 62=13, 61=15, 60=13, 68=14, 69=18, 70=16, 71=14, 64=15, 65=13, 66=17, 67=15, 76=17, 77=12, 78=14, 79=14, 72=15, 73=17, 74=14, 75=17, 85=14, 84=17, 87=15, 86=17, 81=18, 80=13, 83=13, 82=13, 93=11, 92=14, 95=15, 94=15, 89=18, 88=13, 91=17, 90=12, 98=15, 99=15, 96=13, 97=20}
Avg distance between not played chunks: 2.6174094330338513
Min distance between not played chunks: 1.0
Max distance between not played chunks: 12.0

