Total chunks: 100
Nodes x chunk: 7
Total nodes: 50
Active nodes: 50
Started playbacks: 50
Not started playbacks node-ids: []
Playbacks time-window: 224
Missing chunks distribution [missed-chunks/nodes]: {0=48, 3=2}
Rejected chunks for ttl expiration [chunk-id/nodes]: 3 {1=3, 2=2, 3=2}
Rejected chunks for capacity limit [chunk-id/nodes]: 0 {}
Avg # of unsent chunk for max-retries: 0.0
Min # of unsent chunk for max-retries: 0.0
Max # of unsent chunk for max-retries: 0.0
Avg # of unsent chunk-reqs for max-retries: 0.0
Min # of unsent chunk-reqs for max-retries: 0.0
Max # of unsent chunk-reqs for max-retries: 0.0
Avg % of chunks received by Pastry: 4.74
Min % of chunks received by Pastry: 0.0
Max % of chunks received by Pastry: 13.0
StD of chunks received by Pastry: 3.32467583198048
Var of chunks received by Pastry: 11.053469387755099
Avg % of chunks received by StarStream: 94.34
Min % of chunks received by StarStream: 86.0
Max % of chunks received by StarStream: 100.0
StD of chunks received by StarStream: 3.4499926057299732
Var of chunks received by StarStream: 11.90244897959149
[MOJO] Startup Delay: 81.0
[MOJO] Latency: 6.238105076272934
Min of perceived avg chunk delivery-time: 4.62
Max of perceived avg chunk delivery-time: 7.49
Variance of perceived avg chunk delivery-time: 0.25653359711763724
StD of perceived avg chunk delivery-time: 0.5064914580895093
Avg messages sent per node: 16601.24
Min messages sent per node: 13962.0
Max messages sent per node: 20009.0
Variance of messages sent per node: 2039496.18612242
StD of messages sent per node: 1428.1093046830904
Nodes with incomplete playbacks: 27
[MOJO] Packet Loss: 28.14
Min % of not played chunks: 0.0
Max % of not played chunks: 99.0
Not played chunks [chunk-id/nodes]: {1=17, 2=15, 3=16, 4=18, 5=13, 6=14, 7=15, 8=16, 9=20, 10=15, 11=12, 12=12, 13=14, 14=17, 15=13, 17=18, 16=13, 19=13, 18=16, 21=19, 20=12, 23=16, 22=17, 25=13, 24=14, 27=13, 26=13, 29=17, 28=14, 31=12, 30=14, 34=13, 35=15, 32=16, 33=12, 38=14, 39=16, 36=16, 37=12, 42=15, 43=12, 40=14, 41=16, 46=14, 47=11, 44=16, 45=14, 51=14, 50=13, 49=13, 48=16, 55=13, 54=14, 53=19, 52=14, 59=15, 58=14, 57=12, 56=12, 63=15, 62=16, 61=16, 60=14, 68=17, 69=14, 70=12, 71=12, 64=14, 65=14, 66=15, 67=15, 76=16, 77=12, 78=8, 79=11, 72=14, 73=13, 74=16, 75=12, 85=16, 84=15, 87=13, 86=11, 81=15, 80=13, 83=14, 82=12, 93=12, 92=16, 95=14, 94=14, 89=13, 88=13, 91=15, 90=14, 98=14, 99=18, 96=11, 97=12}
Avg distance between not played chunks: 3.0028981878033836
Min distance between not played chunks: 1.0
Max distance between not played chunks: 13.571428571428571

