Total chunks: 100
Nodes x chunk: 7
Total nodes: 50
Active nodes: 50
Started playbacks: 50
Not started playbacks node-ids: []
Playbacks time-window: 158
Missing chunks distribution [missed-chunks/nodes]: {0=49, 2=1}
Rejected chunks for ttl expiration [chunk-id/nodes]: 2 {1=1, 2=1}
Rejected chunks for capacity limit [chunk-id/nodes]: 0 {}
Avg # of unsent chunk for max-retries: 0.0
Min # of unsent chunk for max-retries: 0.0
Max # of unsent chunk for max-retries: 0.0
Avg # of unsent chunk-reqs for max-retries: 0.0
Min # of unsent chunk-reqs for max-retries: 0.0
Max # of unsent chunk-reqs for max-retries: 0.0
Avg % of chunks received by Pastry: 4.46
Min % of chunks received by Pastry: 0.0
Max % of chunks received by Pastry: 11.0
StD of chunks received by Pastry: 2.9980265618079707
Var of chunks received by Pastry: 8.988163265306122
Avg % of chunks received by StarStream: 94.64
Min % of chunks received by StarStream: 88.0
Max % of chunks received by StarStream: 100.0
StD of chunks received by StarStream: 3.1347948538158303
Var of chunks received by StarStream: 9.826938775510213
[MOJO] Startup Delay: 77.68
[MOJO] Latency: 6.265500693023225
Min of perceived avg chunk delivery-time: 5.21
Max of perceived avg chunk delivery-time: 7.103092783505154
Variance of perceived avg chunk delivery-time: 0.16364776095072067
StD of perceived avg chunk delivery-time: 0.404534004690237
Avg messages sent per node: 16458.32
Min messages sent per node: 13410.0
Max messages sent per node: 18921.0
Variance of messages sent per node: 1717861.9363265377
StD of messages sent per node: 1310.6723222554667
Nodes with incomplete playbacks: 26
[MOJO] Packet Loss: 28.1
Min % of not played chunks: 0.0
Max % of not played chunks: 99.0
Not played chunks [chunk-id/nodes]: {1=15, 2=19, 3=16, 4=14, 5=12, 6=15, 7=12, 8=19, 9=15, 10=15, 11=14, 12=11, 13=17, 14=16, 15=11, 17=12, 16=14, 19=13, 18=16, 21=14, 20=13, 23=14, 22=11, 25=16, 24=14, 27=12, 26=17, 29=13, 28=16, 31=13, 30=12, 34=13, 35=14, 32=11, 33=16, 38=15, 39=12, 36=14, 37=16, 42=13, 43=16, 40=13, 41=17, 46=14, 47=16, 44=12, 45=15, 51=13, 50=12, 49=11, 48=15, 55=14, 54=16, 53=15, 52=14, 59=15, 58=13, 57=14, 56=17, 63=17, 62=15, 61=11, 60=15, 68=17, 69=14, 70=16, 71=16, 64=16, 65=12, 66=15, 67=15, 76=12, 77=11, 78=15, 79=18, 72=16, 73=14, 74=15, 75=14, 85=16, 84=13, 87=13, 86=13, 81=13, 80=17, 83=13, 82=9, 93=14, 92=11, 95=14, 94=14, 89=16, 88=15, 91=13, 90=12, 98=14, 99=13, 96=15, 97=16}
Avg distance between not played chunks: 2.7343752837800053
Min distance between not played chunks: 1.0
Max distance between not played chunks: 11.75

