Total chunks: 100
Nodes x chunk: 7
Total nodes: 50
Active nodes: 50
Started playbacks: 50
Not started playbacks node-ids: []
Playbacks time-window: 170
Missing chunks distribution [missed-chunks/nodes]: {0=49, 2=1}
Rejected chunks for ttl expiration [chunk-id/nodes]: 2 {1=1, 2=1}
Rejected chunks for capacity limit [chunk-id/nodes]: 0 {}
Avg # of unsent chunk for max-retries: 0.0
Min # of unsent chunk for max-retries: 0.0
Max # of unsent chunk for max-retries: 0.0
Avg # of unsent chunk-reqs for max-retries: 0.0
Min # of unsent chunk-reqs for max-retries: 0.0
Max # of unsent chunk-reqs for max-retries: 0.0
Avg % of chunks received by Pastry: 4.5
Min % of chunks received by Pastry: 0.0
Max % of chunks received by Pastry: 12.0
StD of chunks received by Pastry: 3.092122974559052
Var of chunks received by Pastry: 9.56122448979592
Avg % of chunks received by StarStream: 94.54
Min % of chunks received by StarStream: 87.0
Max % of chunks received by StarStream: 100.0
StD of chunks received by StarStream: 3.1571751775978183
Var of chunks received by StarStream: 9.967755102039815
[MOJO] Startup Delay: 78.12
[MOJO] Latency: 6.263609844287606
Min of perceived avg chunk delivery-time: 5.23
Max of perceived avg chunk delivery-time: 7.1938775510204085
Variance of perceived avg chunk delivery-time: 0.157014328812366
StD of perceived avg chunk delivery-time: 0.39625033604069787
Avg messages sent per node: 16782.24
Min messages sent per node: 14285.0
Max messages sent per node: 20252.0
Variance of messages sent per node: 1604283.206530554
StD of messages sent per node: 1266.6030185225968
Nodes with incomplete playbacks: 27
[MOJO] Packet Loss: 28.9
Min % of not played chunks: 0.0
Max % of not played chunks: 99.0
Not played chunks [chunk-id/nodes]: {1=18, 2=14, 3=13, 4=16, 5=12, 6=14, 7=15, 8=15, 9=13, 10=12, 11=13, 12=17, 13=14, 14=17, 15=14, 17=14, 16=16, 19=13, 18=15, 21=14, 20=16, 23=14, 22=13, 25=13, 24=15, 27=14, 26=18, 29=15, 28=16, 31=16, 30=14, 34=14, 35=16, 32=14, 33=15, 38=13, 39=14, 36=13, 37=15, 42=17, 43=14, 40=14, 41=13, 46=16, 47=14, 44=15, 45=13, 51=16, 50=16, 49=15, 48=15, 55=14, 54=15, 53=14, 52=15, 59=15, 58=15, 57=13, 56=16, 63=15, 62=16, 61=16, 60=13, 68=16, 69=16, 70=16, 71=13, 64=13, 65=14, 66=16, 67=16, 76=17, 77=17, 78=14, 79=10, 72=17, 73=14, 74=17, 75=13, 85=15, 84=12, 87=13, 86=13, 81=15, 80=17, 83=17, 82=16, 93=16, 92=15, 95=14, 94=15, 89=11, 88=14, 91=10, 90=13, 98=16, 99=14, 96=13, 97=15}
Avg distance between not played chunks: 2.545368194808233
Min distance between not played chunks: 1.0
Max distance between not played chunks: 12.285714285714286

