Total chunks: 100
Nodes x chunk: 7
Total nodes: 50
Active nodes: 50
Started playbacks: 50
Not started playbacks node-ids: []
Playbacks time-window: 147
Missing chunks distribution [missed-chunks/nodes]: {0=49, 1=1}
Rejected chunks for ttl expiration [chunk-id/nodes]: 2 {0=2, 1=1}
Rejected chunks for capacity limit [chunk-id/nodes]: 0 {}
Avg # of unsent chunk for max-retries: 0.0
Min # of unsent chunk for max-retries: 0.0
Max # of unsent chunk for max-retries: 0.0
Avg # of unsent chunk-reqs for max-retries: 0.0
Min # of unsent chunk-reqs for max-retries: 0.0
Max # of unsent chunk-reqs for max-retries: 0.0
Avg % of chunks received by Pastry: 4.84
Min % of chunks received by Pastry: 0.0
Max % of chunks received by Pastry: 11.0
StD of chunks received by Pastry: 3.132189688524301
Var of chunks received by Pastry: 9.810612244897959
Avg % of chunks received by StarStream: 94.2
Min % of chunks received by StarStream: 88.0
Max % of chunks received by StarStream: 100.0
StD of chunks received by StarStream: 3.194382824999409
Var of chunks received by StarStream: 10.204081632651205
[MOJO] Startup Delay: 78.42
[MOJO] Latency: 6.310096062667492
Min of perceived avg chunk delivery-time: 5.49
Max of perceived avg chunk delivery-time: 7.683673469387755
Variance of perceived avg chunk delivery-time: 0.2642759401456577
StD of perceived avg chunk delivery-time: 0.5140777569061491
Avg messages sent per node: 16577.42
Min messages sent per node: 12500.0
Max messages sent per node: 19967.0
Variance of messages sent per node: 2449987.1057143626
StD of messages sent per node: 1565.2434653159753
Nodes with incomplete playbacks: 29
[MOJO] Packet Loss: 28.92
Min % of not played chunks: 0.0
Max % of not played chunks: 99.0
Not played chunks [chunk-id/nodes]: {1=19, 2=15, 3=16, 4=15, 5=12, 6=11, 7=15, 8=18, 9=14, 10=17, 11=15, 12=15, 13=14, 14=15, 15=16, 17=16, 16=17, 19=16, 18=12, 21=17, 20=13, 23=14, 22=16, 25=18, 24=13, 27=15, 26=16, 29=13, 28=13, 31=13, 30=17, 34=14, 35=19, 32=13, 33=15, 38=11, 39=15, 36=17, 37=14, 42=14, 43=14, 40=13, 41=15, 46=13, 47=17, 44=18, 45=13, 51=17, 50=12, 49=12, 48=13, 55=12, 54=16, 53=12, 52=14, 59=15, 58=14, 57=14, 56=14, 63=16, 62=17, 61=14, 60=10, 68=14, 69=13, 70=14, 71=14, 64=16, 65=14, 66=13, 67=14, 76=15, 77=15, 78=17, 79=15, 72=12, 73=16, 74=15, 75=11, 85=13, 84=15, 87=15, 86=13, 81=16, 80=14, 83=13, 82=11, 93=17, 92=13, 95=18, 94=16, 89=13, 88=14, 91=17, 90=14, 98=17, 99=15, 96=16, 97=15}
Avg distance between not played chunks: 3.964953066824123
Min distance between not played chunks: 1.0
Max distance between not played chunks: 21.0

