Total chunks: 100
Nodes x chunk: 7
Total nodes: 50
Active nodes: 50
Started playbacks: 50
Not started playbacks node-ids: []
Playbacks time-window: 183
Missing chunks distribution [missed-chunks/nodes]: {0=49, 2=1}
Rejected chunks for ttl expiration [chunk-id/nodes]: 2 {1=1, 2=1}
Rejected chunks for capacity limit [chunk-id/nodes]: 0 {}
Avg # of unsent chunk for max-retries: 0.0
Min # of unsent chunk for max-retries: 0.0
Max # of unsent chunk for max-retries: 0.0
Avg # of unsent chunk-reqs for max-retries: 0.0
Min # of unsent chunk-reqs for max-retries: 0.0
Max # of unsent chunk-reqs for max-retries: 0.0
Avg % of chunks received by Pastry: 4.72
Min % of chunks received by Pastry: 0.0
Max % of chunks received by Pastry: 11.0
StD of chunks received by Pastry: 3.1431168723847023
Var of chunks received by Pastry: 9.879183673469392
Avg % of chunks received by StarStream: 94.34
Min % of chunks received by StarStream: 88.0
Max % of chunks received by StarStream: 100.0
StD of chunks received by StarStream: 3.242636871058812
Var of chunks received by StarStream: 10.51469387755008
[MOJO] Startup Delay: 77.76
[MOJO] Latency: 6.29542334687077
Min of perceived avg chunk delivery-time: 5.31
Max of perceived avg chunk delivery-time: 7.78
Variance of perceived avg chunk delivery-time: 0.25946600798277025
StD of perceived avg chunk delivery-time: 0.5093780599738963
Avg messages sent per node: 16610.06
Min messages sent per node: 13347.0
Max messages sent per node: 20852.0
Variance of messages sent per node: 2604033.894285681
StD of messages sent per node: 1613.7019223777609
Nodes with incomplete playbacks: 27
[MOJO] Packet Loss: 28.46
Min % of not played chunks: 0.0
Max % of not played chunks: 99.0
Not played chunks [chunk-id/nodes]: {1=17, 2=17, 3=15, 4=12, 5=17, 6=14, 7=16, 8=14, 9=11, 10=14, 11=17, 12=15, 13=15, 14=14, 15=12, 17=18, 16=13, 19=10, 18=15, 21=15, 20=16, 23=14, 22=10, 25=13, 24=15, 27=13, 26=12, 29=18, 28=15, 31=16, 30=18, 34=13, 35=11, 32=15, 33=17, 38=16, 39=17, 36=15, 37=14, 42=16, 43=16, 40=12, 41=15, 46=14, 47=12, 44=13, 45=12, 51=12, 50=12, 49=12, 48=19, 55=14, 54=16, 53=12, 52=12, 59=14, 58=14, 57=12, 56=13, 63=14, 62=15, 61=13, 60=13, 68=17, 69=14, 70=15, 71=15, 64=16, 65=12, 66=16, 67=13, 76=17, 77=14, 78=17, 79=14, 72=14, 73=18, 74=15, 75=16, 85=12, 84=12, 87=17, 86=12, 81=15, 80=13, 83=16, 82=15, 93=14, 92=14, 95=14, 94=16, 89=15, 88=13, 91=15, 90=16, 98=15, 99=12, 96=14, 97=14}
Avg distance between not played chunks: 2.842087446504303
Min distance between not played chunks: 1.0
Max distance between not played chunks: 17.0

