Total chunks: 100
Nodes x chunk: 7
Total nodes: 50
Active nodes: 50
Started playbacks: 50
Not started playbacks node-ids: []
Playbacks time-window: 167
Missing chunks distribution [missed-chunks/nodes]: {0=47, 1=2, 2=1}
Rejected chunks for ttl expiration [chunk-id/nodes]: 2 {1=3, 2=1}
Rejected chunks for capacity limit [chunk-id/nodes]: 0 {}
Avg # of unsent chunk for max-retries: 0.0
Min # of unsent chunk for max-retries: 0.0
Max # of unsent chunk for max-retries: 0.0
Avg # of unsent chunk-reqs for max-retries: 0.0
Min # of unsent chunk-reqs for max-retries: 0.0
Max # of unsent chunk-reqs for max-retries: 0.0
Avg % of chunks received by Pastry: 4.28
Min % of chunks received by Pastry: 0.0
Max % of chunks received by Pastry: 11.0
StD of chunks received by Pastry: 3.0907366534896643
Var of chunks received by Pastry: 9.55265306122449
Avg % of chunks received by StarStream: 94.82
Min % of chunks received by StarStream: 88.0
Max % of chunks received by StarStream: 100.0
StD of chunks received by StarStream: 3.2368414939789556
Var of chunks received by StarStream: 10.477142857143917
[MOJO] Startup Delay: 81.04
[MOJO] Latency: 6.241358243491086
Min of perceived avg chunk delivery-time: 5.15
Max of perceived avg chunk delivery-time: 7.731958762886598
Variance of perceived avg chunk delivery-time: 0.268960949988706
StD of perceived avg chunk delivery-time: 0.5186144521595074
Avg messages sent per node: 16817.0
Min messages sent per node: 14029.0
Max messages sent per node: 20199.0
Variance of messages sent per node: 2609213.061224502
StD of messages sent per node: 1615.3058723426043
Nodes with incomplete playbacks: 28
[MOJO] Packet Loss: 27.68
Min % of not played chunks: 0.0
Max % of not played chunks: 99.0
Not played chunks [chunk-id/nodes]: {1=17, 2=16, 3=14, 4=13, 5=14, 6=13, 7=16, 8=14, 9=13, 10=16, 11=14, 12=12, 13=13, 14=12, 15=14, 17=17, 16=14, 19=16, 18=15, 21=11, 20=13, 23=14, 22=14, 25=17, 24=12, 27=14, 26=14, 29=18, 28=15, 31=11, 30=16, 34=10, 35=15, 32=16, 33=14, 38=13, 39=11, 36=16, 37=15, 42=13, 43=10, 40=13, 41=13, 46=14, 47=14, 44=16, 45=13, 51=11, 50=10, 49=15, 48=14, 55=17, 54=14, 53=19, 52=16, 59=15, 58=13, 57=16, 56=15, 63=15, 62=12, 61=12, 60=13, 68=13, 69=16, 70=14, 71=10, 64=13, 65=13, 66=13, 67=13, 76=15, 77=14, 78=15, 79=12, 72=15, 73=12, 74=13, 75=13, 85=13, 84=18, 87=17, 86=12, 81=14, 80=15, 83=14, 82=15, 93=13, 92=16, 95=12, 94=14, 89=13, 88=13, 91=13, 90=13, 98=14, 99=16, 96=15, 97=15}
Avg distance between not played chunks: 3.1700940300062945
Min distance between not played chunks: 1.0
Max distance between not played chunks: 17.333333333333332

