Total chunks: 100
Nodes x chunk: 7
Total nodes: 50
Active nodes: 50
Started playbacks: 50
Not started playbacks node-ids: []
Playbacks time-window: 204
Missing chunks distribution [missed-chunks/nodes]: {0=48, 1=1, 3=1}
Rejected chunks for ttl expiration [chunk-id/nodes]: 4 {0=4, 1=3, 2=1, 3=1}
Rejected chunks for capacity limit [chunk-id/nodes]: 0 {}
Avg # of unsent chunk for max-retries: 0.0
Min # of unsent chunk for max-retries: 0.0
Max # of unsent chunk for max-retries: 0.0
Avg # of unsent chunk-reqs for max-retries: 0.0
Min # of unsent chunk-reqs for max-retries: 0.0
Max # of unsent chunk-reqs for max-retries: 0.0
Avg % of chunks received by Pastry: 4.44
Min % of chunks received by Pastry: 0.0
Max % of chunks received by Pastry: 13.0
StD of chunks received by Pastry: 3.1761869065447206
Var of chunks received by Pastry: 10.088163265306122
Avg % of chunks received by StarStream: 94.66
Min % of chunks received by StarStream: 86.0
Max % of chunks received by StarStream: 100.0
StD of chunks received by StarStream: 3.323447926845002
Var of chunks received by StarStream: 11.04530612245034
[MOJO] Startup Delay: 80.52
[MOJO] Latency: 6.264364357864358
Min of perceived avg chunk delivery-time: 5.1
Max of perceived avg chunk delivery-time: 7.357142857142857
Variance of perceived avg chunk delivery-time: 0.22767666330967637
StD of perceived avg chunk delivery-time: 0.47715475823853665
Avg messages sent per node: 16787.52
Min messages sent per node: 13480.0
Max messages sent per node: 19878.0
Variance of messages sent per node: 2412943.72408165
StD of messages sent per node: 1553.365289969378
Nodes with incomplete playbacks: 27
[MOJO] Packet Loss: 28.32
Min % of not played chunks: 0.0
Max % of not played chunks: 99.0
Not played chunks [chunk-id/nodes]: {1=17, 2=19, 3=15, 4=12, 5=13, 6=15, 7=16, 8=15, 9=16, 10=16, 11=16, 12=15, 13=15, 14=13, 15=12, 17=13, 16=15, 19=14, 18=16, 21=15, 20=12, 23=15, 22=13, 25=12, 24=16, 27=18, 26=12, 29=13, 28=15, 31=13, 30=16, 34=13, 35=15, 32=17, 33=15, 38=15, 39=14, 36=14, 37=16, 42=16, 43=15, 40=15, 41=14, 46=12, 47=16, 44=14, 45=11, 51=13, 50=16, 49=15, 48=13, 55=18, 54=15, 53=15, 52=16, 59=15, 58=16, 57=14, 56=16, 63=15, 62=12, 61=14, 60=13, 68=15, 69=14, 70=14, 71=12, 64=13, 65=16, 66=13, 67=12, 76=14, 77=14, 78=13, 79=14, 72=13, 73=14, 74=15, 75=14, 85=16, 84=13, 87=13, 86=11, 81=13, 80=13, 83=14, 82=13, 93=16, 92=16, 95=15, 94=11, 89=12, 88=17, 91=12, 90=11, 98=14, 99=17, 96=14, 97=14}
Avg distance between not played chunks: 4.951208031322819
Min distance between not played chunks: 1.0
Max distance between not played chunks: 43.0

