Total chunks: 100
Nodes x chunk: 7
Total nodes: 50
Active nodes: 50
Started playbacks: 50
Not started playbacks node-ids: []
Playbacks time-window: 171
Missing chunks distribution [missed-chunks/nodes]: {0=47, 2=3}
Rejected chunks for ttl expiration [chunk-id/nodes]: 2 {1=3, 2=3}
Rejected chunks for capacity limit [chunk-id/nodes]: 0 {}
Avg # of unsent chunk for max-retries: 0.0
Min # of unsent chunk for max-retries: 0.0
Max # of unsent chunk for max-retries: 0.0
Avg # of unsent chunk-reqs for max-retries: 0.0
Min # of unsent chunk-reqs for max-retries: 0.0
Max # of unsent chunk-reqs for max-retries: 0.0
Avg % of chunks received by Pastry: 4.6
Min % of chunks received by Pastry: 0.0
Max % of chunks received by Pastry: 13.0
StD of chunks received by Pastry: 3.3258419219493764
Var of chunks received by Pastry: 11.061224489795922
Avg % of chunks received by StarStream: 94.48
Min % of chunks received by StarStream: 86.0
Max % of chunks received by StarStream: 100.0
StD of chunks received by StarStream: 3.4418789363143887
Var of chunks received by StarStream: 11.846530612244667
[MOJO] Startup Delay: 82.14
[MOJO] Latency: 6.193737626634533
Min of perceived avg chunk delivery-time: 5.39
Max of perceived avg chunk delivery-time: 7.11340206185567
Variance of perceived avg chunk delivery-time: 0.14459329072054186
StD of perceived avg chunk delivery-time: 0.3802542448422396
Avg messages sent per node: 16484.44
Min messages sent per node: 14154.0
Max messages sent per node: 20115.0
Variance of messages sent per node: 1641793.8024490464
StD of messages sent per node: 1281.3250182717288
Nodes with incomplete playbacks: 28
[MOJO] Packet Loss: 28.2
Min % of not played chunks: 0.0
Max % of not played chunks: 99.0
Not played chunks [chunk-id/nodes]: {1=21, 2=19, 3=16, 4=16, 5=16, 6=12, 7=12, 8=15, 9=13, 10=14, 11=15, 12=16, 13=16, 14=13, 15=14, 17=12, 16=16, 19=17, 18=19, 21=15, 20=14, 23=14, 22=17, 25=14, 24=13, 27=13, 26=16, 29=14, 28=16, 31=10, 30=9, 34=13, 35=16, 32=14, 33=15, 38=15, 39=19, 36=14, 37=15, 42=15, 43=14, 40=14, 41=15, 46=14, 47=10, 44=15, 45=14, 51=13, 50=15, 49=19, 48=14, 55=12, 54=13, 53=12, 52=15, 59=14, 58=16, 57=14, 56=14, 63=12, 62=12, 61=13, 60=13, 68=14, 69=14, 70=14, 71=15, 64=13, 65=15, 66=13, 67=14, 76=13, 77=12, 78=15, 79=13, 72=14, 73=16, 74=11, 75=15, 85=15, 84=15, 87=12, 86=12, 81=15, 80=14, 83=14, 82=14, 93=13, 92=15, 95=13, 94=12, 89=13, 88=12, 91=13, 90=16, 98=16, 99=15, 96=14, 97=16}
Avg distance between not played chunks: 2.5815805318181186
Min distance between not played chunks: 1.0
Max distance between not played chunks: 9.222222222222221

