Total chunks: 100
Nodes x chunk: 7
Total nodes: 50
Active nodes: 50
Started playbacks: 50
Not started playbacks node-ids: []
Playbacks time-window: 458
Missing chunks distribution [missed-chunks/nodes]: {0=49, 8=1}
Rejected chunks for ttl expiration [chunk-id/nodes]: 7 {1=4, 2=1, 3=1, 4=1, 5=1, 6=1, 8=1}
Rejected chunks for capacity limit [chunk-id/nodes]: 0 {}
Avg # of unsent chunk for max-retries: 0.0
Min # of unsent chunk for max-retries: 0.0
Max # of unsent chunk for max-retries: 0.0
Avg # of unsent chunk-reqs for max-retries: 0.0
Min # of unsent chunk-reqs for max-retries: 0.0
Max # of unsent chunk-reqs for max-retries: 0.0
Avg % of chunks received by Pastry: 4.32
Min % of chunks received by Pastry: 0.0
Max % of chunks received by Pastry: 10.0
StD of chunks received by Pastry: 2.7733424908273716
Var of chunks received by Pastry: 7.6914285714285695
Avg % of chunks received by StarStream: 94.8
Min % of chunks received by StarStream: 89.0
Max % of chunks received by StarStream: 100.0
StD of chunks received by StarStream: 2.927700218845853
Var of chunks received by StarStream: 8.571428571430056
[MOJO] Startup Delay: 87.44
[MOJO] Latency: 6.2485466755466765
Min of perceived avg chunk delivery-time: 5.071428571428571
Max of perceived avg chunk delivery-time: 7.224489795918367
Variance of perceived avg chunk delivery-time: 0.2467775076652131
StD of perceived avg chunk delivery-time: 0.4967670557366029
Avg messages sent per node: 16608.12
Min messages sent per node: 12760.0
Max messages sent per node: 21027.0
Variance of messages sent per node: 2476871.209795986
StD of messages sent per node: 1573.8078694033734
Nodes with incomplete playbacks: 31
[MOJO] Packet Loss: 28.76
Min % of not played chunks: 0.0
Max % of not played chunks: 99.0
Not played chunks [chunk-id/nodes]: {1=20, 2=15, 3=15, 4=13, 5=15, 6=14, 7=17, 8=13, 9=15, 10=13, 11=15, 12=10, 13=16, 14=15, 15=13, 17=16, 16=15, 19=16, 18=12, 21=14, 20=11, 23=15, 22=16, 25=16, 24=14, 27=16, 26=13, 29=16, 28=12, 31=17, 30=14, 34=15, 35=15, 32=11, 33=15, 38=12, 39=13, 36=13, 37=14, 42=16, 43=16, 40=16, 41=13, 46=16, 47=16, 44=15, 45=16, 51=15, 50=14, 49=14, 48=13, 55=15, 54=13, 53=13, 52=15, 59=14, 58=18, 57=16, 56=19, 63=15, 62=14, 61=15, 60=15, 68=15, 69=11, 70=14, 71=14, 64=16, 65=15, 66=16, 67=16, 76=14, 77=16, 78=12, 79=17, 72=15, 73=13, 74=13, 75=16, 85=17, 84=16, 87=14, 86=14, 81=12, 80=17, 83=11, 82=14, 93=15, 92=15, 95=15, 94=13, 89=14, 88=12, 91=15, 90=13, 98=11, 99=16, 96=14, 97=15}
Avg distance between not played chunks: 4.3911802981792745
Min distance between not played chunks: 1.0
Max distance between not played chunks: 51.0

